[2025-09-11T11:31:03.792+0000] {local_task_job_runner.py:123} INFO - ::group::Pre task execution logs
[2025-09-11T11:31:03.847+0000] {taskinstance.py:2614} INFO - Dependencies all met for dep_context=non-requeueable deps ti=<TaskInstance: celery.c manual__2025-09-11T11:15:22.029623+00:00 [queued]>
[2025-09-11T11:31:03.872+0000] {taskinstance.py:2614} INFO - Dependencies all met for dep_context=requeueable deps ti=<TaskInstance: celery.c manual__2025-09-11T11:15:22.029623+00:00 [queued]>
[2025-09-11T11:31:03.873+0000] {taskinstance.py:2867} INFO - Starting attempt 1 of 1
[2025-09-11T11:31:03.903+0000] {taskinstance.py:2890} INFO - Executing <Task(_PythonDecoratedOperator): c> on 2025-09-11 11:15:22.029623+00:00
[2025-09-11T11:31:03.914+0000] {warnings.py:112} WARNING - /home/***/.local/lib/python3.12/site-packages/***/task/task_runner/standard_task_runner.py:70: DeprecationWarning: This process (pid=93) is multi-threaded, use of fork() may lead to deadlocks in the child.
  pid = os.fork()

[2025-09-11T11:31:03.918+0000] {standard_task_runner.py:72} INFO - Started process 96 to run task
[2025-09-11T11:31:03.921+0000] {standard_task_runner.py:104} INFO - Running: ['***', 'tasks', 'run', 'celery', 'c', 'manual__2025-09-11T11:15:22.029623+00:00', '--job-id', '33', '--raw', '--subdir', 'DAGS_FOLDER/celery.py', '--cfg-path', '/tmp/tmp914oz9f5']
[2025-09-11T11:31:03.930+0000] {standard_task_runner.py:105} INFO - Job 33: Subtask c
[2025-09-11T11:31:04.006+0000] {task_command.py:467} INFO - Running <TaskInstance: celery.c manual__2025-09-11T11:15:22.029623+00:00 [running]> on host e9c14cc14dbf
[2025-09-11T11:31:04.237+0000] {taskinstance.py:3134} INFO - Exporting env vars: AIRFLOW_CTX_DAG_OWNER='***' AIRFLOW_CTX_DAG_ID='celery' AIRFLOW_CTX_TASK_ID='c' AIRFLOW_CTX_EXECUTION_DATE='2025-09-11T11:15:22.029623+00:00' AIRFLOW_CTX_TRY_NUMBER='1' AIRFLOW_CTX_DAG_RUN_ID='manual__2025-09-11T11:15:22.029623+00:00'
[2025-09-11T11:31:04.243+0000] {taskinstance.py:732} INFO - ::endgroup::
[2025-09-11T11:31:04.255+0000] {logging_mixin.py:190} INFO - Task C
[2025-09-11T11:31:19.261+0000] {python.py:240} INFO - Done. Returned value was: None
[2025-09-11T11:31:19.287+0000] {taskinstance.py:341} INFO - ::group::Post task execution logs
[2025-09-11T11:31:19.287+0000] {taskinstance.py:353} INFO - Marking task as SUCCESS. dag_id=celery, task_id=c, run_id=manual__2025-09-11T11:15:22.029623+00:00, execution_date=20250911T111522, start_date=20250911T113103, end_date=20250911T113119
[2025-09-11T11:31:19.337+0000] {local_task_job_runner.py:266} INFO - Task exited with return code 0
[2025-09-11T11:31:19.355+0000] {taskinstance.py:3901} INFO - 0 downstream tasks scheduled from follow-on schedule check
[2025-09-11T11:31:19.357+0000] {local_task_job_runner.py:245} INFO - ::endgroup::
