[2025-09-11T10:54:34.314+0000] {local_task_job_runner.py:123} INFO - ::group::Pre task execution logs
[2025-09-11T10:54:34.346+0000] {taskinstance.py:2614} INFO - Dependencies all met for dep_context=non-requeueable deps ti=<TaskInstance: celery.a manual__2025-09-11T10:54:31.312468+00:00 [queued]>
[2025-09-11T10:54:34.360+0000] {taskinstance.py:2614} INFO - Dependencies all met for dep_context=requeueable deps ti=<TaskInstance: celery.a manual__2025-09-11T10:54:31.312468+00:00 [queued]>
[2025-09-11T10:54:34.362+0000] {taskinstance.py:2867} INFO - Starting attempt 1 of 1
[2025-09-11T10:54:34.395+0000] {taskinstance.py:2890} INFO - Executing <Task(_PythonDecoratedOperator): a> on 2025-09-11 10:54:31.312468+00:00
[2025-09-11T10:54:34.405+0000] {warnings.py:112} WARNING - /home/***/.local/lib/python3.12/site-packages/***/task/task_runner/standard_task_runner.py:70: DeprecationWarning: This process (pid=103) is multi-threaded, use of fork() may lead to deadlocks in the child.
  pid = os.fork()

[2025-09-11T10:54:34.409+0000] {standard_task_runner.py:72} INFO - Started process 104 to run task
[2025-09-11T10:54:34.409+0000] {standard_task_runner.py:104} INFO - Running: ['***', 'tasks', 'run', 'celery', 'a', 'manual__2025-09-11T10:54:31.312468+00:00', '--job-id', '17', '--raw', '--subdir', 'DAGS_FOLDER/celery.py', '--cfg-path', '/tmp/tmptms2x2c9']
[2025-09-11T10:54:34.413+0000] {standard_task_runner.py:105} INFO - Job 17: Subtask a
[2025-09-11T10:54:34.507+0000] {task_command.py:467} INFO - Running <TaskInstance: celery.a manual__2025-09-11T10:54:31.312468+00:00 [running]> on host 08267a62014f
[2025-09-11T10:54:34.751+0000] {taskinstance.py:3134} INFO - Exporting env vars: AIRFLOW_CTX_DAG_OWNER='***' AIRFLOW_CTX_DAG_ID='celery' AIRFLOW_CTX_TASK_ID='a' AIRFLOW_CTX_EXECUTION_DATE='2025-09-11T10:54:31.312468+00:00' AIRFLOW_CTX_TRY_NUMBER='1' AIRFLOW_CTX_DAG_RUN_ID='manual__2025-09-11T10:54:31.312468+00:00'
[2025-09-11T10:54:34.753+0000] {taskinstance.py:732} INFO - ::endgroup::
[2025-09-11T10:54:34.760+0000] {logging_mixin.py:190} INFO - Task A
[2025-09-11T10:54:49.822+0000] {python.py:240} INFO - Done. Returned value was: None
[2025-09-11T10:54:49.834+0000] {taskinstance.py:341} INFO - ::group::Post task execution logs
[2025-09-11T10:54:49.834+0000] {taskinstance.py:353} INFO - Marking task as SUCCESS. dag_id=celery, task_id=a, run_id=manual__2025-09-11T10:54:31.312468+00:00, execution_date=20250911T105431, start_date=20250911T105434, end_date=20250911T105449
[2025-09-11T10:54:49.915+0000] {local_task_job_runner.py:266} INFO - Task exited with return code 0
[2025-09-11T10:54:49.951+0000] {taskinstance.py:3901} INFO - 3 downstream tasks scheduled from follow-on schedule check
[2025-09-11T10:54:49.953+0000] {local_task_job_runner.py:245} INFO - ::endgroup::
