[2025-09-11T09:49:48.516+0000] {processor.py:186} INFO - Started process (PID=120) to work on /home/airflow/.local/lib/python3.12/site-packages/airflow/example_dags/example_nested_branch_dag.py
[2025-09-11T09:49:48.518+0000] {processor.py:914} INFO - Processing file /home/airflow/.local/lib/python3.12/site-packages/airflow/example_dags/example_nested_branch_dag.py for tasks to queue
[2025-09-11T09:49:48.523+0000] {logging_mixin.py:190} INFO - [2025-09-11T09:49:48.522+0000] {dagbag.py:588} INFO - Filling up the DagBag from /home/airflow/.local/lib/python3.12/site-packages/airflow/example_dags/example_nested_branch_dag.py
[2025-09-11T09:49:48.552+0000] {processor.py:925} INFO - DAG(s) 'example_nested_branch_dag' retrieved from /home/airflow/.local/lib/python3.12/site-packages/airflow/example_dags/example_nested_branch_dag.py
[2025-09-11T09:49:48.770+0000] {logging_mixin.py:190} INFO - [2025-09-11T09:49:48.769+0000] {override.py:1912} INFO - Created Permission View: can read on DAG:example_nested_branch_dag
[2025-09-11T09:49:48.788+0000] {logging_mixin.py:190} INFO - [2025-09-11T09:49:48.787+0000] {override.py:1912} INFO - Created Permission View: can edit on DAG:example_nested_branch_dag
[2025-09-11T09:49:48.805+0000] {logging_mixin.py:190} INFO - [2025-09-11T09:49:48.803+0000] {override.py:1912} INFO - Created Permission View: can delete on DAG:example_nested_branch_dag
[2025-09-11T09:49:48.819+0000] {logging_mixin.py:190} INFO - [2025-09-11T09:49:48.818+0000] {override.py:1912} INFO - Created Permission View: can create on DAG Run:example_nested_branch_dag
[2025-09-11T09:49:48.831+0000] {logging_mixin.py:190} INFO - [2025-09-11T09:49:48.831+0000] {override.py:1912} INFO - Created Permission View: can read on DAG Run:example_nested_branch_dag
[2025-09-11T09:49:48.849+0000] {logging_mixin.py:190} INFO - [2025-09-11T09:49:48.848+0000] {override.py:1912} INFO - Created Permission View: can delete on DAG Run:example_nested_branch_dag
[2025-09-11T09:49:48.861+0000] {logging_mixin.py:190} INFO - [2025-09-11T09:49:48.861+0000] {override.py:1912} INFO - Created Permission View: menu access on DAG Run:example_nested_branch_dag
[2025-09-11T09:49:48.863+0000] {logging_mixin.py:190} INFO - [2025-09-11T09:49:48.862+0000] {dag.py:3239} INFO - Sync 1 DAGs
[2025-09-11T09:49:48.889+0000] {logging_mixin.py:190} INFO - [2025-09-11T09:49:48.889+0000] {dag.py:3262} INFO - Creating ORM DAG for example_nested_branch_dag
[2025-09-11T09:49:48.912+0000] {logging_mixin.py:190} INFO - [2025-09-11T09:49:48.911+0000] {dag.py:4180} INFO - Setting next_dagrun for example_nested_branch_dag to 2025-09-10 00:00:00+00:00, run_after=2025-09-11 00:00:00+00:00
[2025-09-11T09:49:48.946+0000] {processor.py:208} INFO - Processing /home/airflow/.local/lib/python3.12/site-packages/airflow/example_dags/example_nested_branch_dag.py took 0.441 seconds
[2025-09-11T09:50:19.661+0000] {processor.py:186} INFO - Started process (PID=184) to work on /home/airflow/.local/lib/python3.12/site-packages/airflow/example_dags/example_nested_branch_dag.py
[2025-09-11T09:50:19.664+0000] {processor.py:914} INFO - Processing file /home/airflow/.local/lib/python3.12/site-packages/airflow/example_dags/example_nested_branch_dag.py for tasks to queue
[2025-09-11T09:50:19.671+0000] {logging_mixin.py:190} INFO - [2025-09-11T09:50:19.669+0000] {dagbag.py:588} INFO - Filling up the DagBag from /home/airflow/.local/lib/python3.12/site-packages/airflow/example_dags/example_nested_branch_dag.py
[2025-09-11T09:50:19.712+0000] {processor.py:925} INFO - DAG(s) 'example_nested_branch_dag' retrieved from /home/airflow/.local/lib/python3.12/site-packages/airflow/example_dags/example_nested_branch_dag.py
[2025-09-11T09:50:19.758+0000] {logging_mixin.py:190} INFO - [2025-09-11T09:50:19.758+0000] {dag.py:3239} INFO - Sync 1 DAGs
[2025-09-11T09:50:19.838+0000] {logging_mixin.py:190} INFO - [2025-09-11T09:50:19.837+0000] {dag.py:4180} INFO - Setting next_dagrun for example_nested_branch_dag to 2025-09-10 00:00:00+00:00, run_after=2025-09-11 00:00:00+00:00
[2025-09-11T09:50:19.903+0000] {processor.py:208} INFO - Processing /home/airflow/.local/lib/python3.12/site-packages/airflow/example_dags/example_nested_branch_dag.py took 0.264 seconds
[2025-09-11T09:50:50.275+0000] {processor.py:186} INFO - Started process (PID=253) to work on /home/airflow/.local/lib/python3.12/site-packages/airflow/example_dags/example_nested_branch_dag.py
[2025-09-11T09:50:50.276+0000] {processor.py:914} INFO - Processing file /home/airflow/.local/lib/python3.12/site-packages/airflow/example_dags/example_nested_branch_dag.py for tasks to queue
[2025-09-11T09:50:50.280+0000] {logging_mixin.py:190} INFO - [2025-09-11T09:50:50.280+0000] {dagbag.py:588} INFO - Filling up the DagBag from /home/airflow/.local/lib/python3.12/site-packages/airflow/example_dags/example_nested_branch_dag.py
[2025-09-11T09:50:50.309+0000] {processor.py:925} INFO - DAG(s) 'example_nested_branch_dag' retrieved from /home/airflow/.local/lib/python3.12/site-packages/airflow/example_dags/example_nested_branch_dag.py
[2025-09-11T09:50:50.368+0000] {logging_mixin.py:190} INFO - [2025-09-11T09:50:50.368+0000] {dag.py:3239} INFO - Sync 1 DAGs
[2025-09-11T09:50:50.421+0000] {logging_mixin.py:190} INFO - [2025-09-11T09:50:50.421+0000] {dag.py:4180} INFO - Setting next_dagrun for example_nested_branch_dag to 2025-09-10 00:00:00+00:00, run_after=2025-09-11 00:00:00+00:00
[2025-09-11T09:50:50.461+0000] {processor.py:208} INFO - Processing /home/airflow/.local/lib/python3.12/site-packages/airflow/example_dags/example_nested_branch_dag.py took 0.204 seconds
[2025-09-11T09:51:21.677+0000] {processor.py:186} INFO - Started process (PID=319) to work on /home/airflow/.local/lib/python3.12/site-packages/airflow/example_dags/example_nested_branch_dag.py
[2025-09-11T09:51:21.684+0000] {processor.py:914} INFO - Processing file /home/airflow/.local/lib/python3.12/site-packages/airflow/example_dags/example_nested_branch_dag.py for tasks to queue
[2025-09-11T09:51:21.689+0000] {logging_mixin.py:190} INFO - [2025-09-11T09:51:21.688+0000] {dagbag.py:588} INFO - Filling up the DagBag from /home/airflow/.local/lib/python3.12/site-packages/airflow/example_dags/example_nested_branch_dag.py
[2025-09-11T09:51:21.714+0000] {processor.py:925} INFO - DAG(s) 'example_nested_branch_dag' retrieved from /home/airflow/.local/lib/python3.12/site-packages/airflow/example_dags/example_nested_branch_dag.py
[2025-09-11T09:51:21.755+0000] {logging_mixin.py:190} INFO - [2025-09-11T09:51:21.755+0000] {dag.py:3239} INFO - Sync 1 DAGs
[2025-09-11T09:51:21.827+0000] {logging_mixin.py:190} INFO - [2025-09-11T09:51:21.827+0000] {dag.py:4180} INFO - Setting next_dagrun for example_nested_branch_dag to 2025-09-10 00:00:00+00:00, run_after=2025-09-11 00:00:00+00:00
[2025-09-11T09:51:21.897+0000] {processor.py:208} INFO - Processing /home/airflow/.local/lib/python3.12/site-packages/airflow/example_dags/example_nested_branch_dag.py took 0.232 seconds
[2025-09-11T09:51:54.538+0000] {processor.py:186} INFO - Started process (PID=382) to work on /home/airflow/.local/lib/python3.12/site-packages/airflow/example_dags/example_nested_branch_dag.py
[2025-09-11T09:51:54.547+0000] {processor.py:914} INFO - Processing file /home/airflow/.local/lib/python3.12/site-packages/airflow/example_dags/example_nested_branch_dag.py for tasks to queue
[2025-09-11T09:51:54.560+0000] {logging_mixin.py:190} INFO - [2025-09-11T09:51:54.558+0000] {dagbag.py:588} INFO - Filling up the DagBag from /home/airflow/.local/lib/python3.12/site-packages/airflow/example_dags/example_nested_branch_dag.py
[2025-09-11T09:51:54.591+0000] {processor.py:925} INFO - DAG(s) 'example_nested_branch_dag' retrieved from /home/airflow/.local/lib/python3.12/site-packages/airflow/example_dags/example_nested_branch_dag.py
[2025-09-11T09:51:54.643+0000] {logging_mixin.py:190} INFO - [2025-09-11T09:51:54.643+0000] {dag.py:3239} INFO - Sync 1 DAGs
[2025-09-11T09:51:54.763+0000] {logging_mixin.py:190} INFO - [2025-09-11T09:51:54.763+0000] {dag.py:4180} INFO - Setting next_dagrun for example_nested_branch_dag to 2025-09-10 00:00:00+00:00, run_after=2025-09-11 00:00:00+00:00
[2025-09-11T09:51:54.848+0000] {processor.py:208} INFO - Processing /home/airflow/.local/lib/python3.12/site-packages/airflow/example_dags/example_nested_branch_dag.py took 0.330 seconds
[2025-09-11T09:52:25.760+0000] {processor.py:186} INFO - Started process (PID=445) to work on /home/airflow/.local/lib/python3.12/site-packages/airflow/example_dags/example_nested_branch_dag.py
[2025-09-11T09:52:25.763+0000] {processor.py:914} INFO - Processing file /home/airflow/.local/lib/python3.12/site-packages/airflow/example_dags/example_nested_branch_dag.py for tasks to queue
[2025-09-11T09:52:25.767+0000] {logging_mixin.py:190} INFO - [2025-09-11T09:52:25.767+0000] {dagbag.py:588} INFO - Filling up the DagBag from /home/airflow/.local/lib/python3.12/site-packages/airflow/example_dags/example_nested_branch_dag.py
[2025-09-11T09:52:25.782+0000] {processor.py:925} INFO - DAG(s) 'example_nested_branch_dag' retrieved from /home/airflow/.local/lib/python3.12/site-packages/airflow/example_dags/example_nested_branch_dag.py
[2025-09-11T09:52:25.814+0000] {logging_mixin.py:190} INFO - [2025-09-11T09:52:25.813+0000] {dag.py:3239} INFO - Sync 1 DAGs
[2025-09-11T09:52:25.862+0000] {logging_mixin.py:190} INFO - [2025-09-11T09:52:25.861+0000] {dag.py:4180} INFO - Setting next_dagrun for example_nested_branch_dag to 2025-09-10 00:00:00+00:00, run_after=2025-09-11 00:00:00+00:00
[2025-09-11T09:52:25.901+0000] {processor.py:208} INFO - Processing /home/airflow/.local/lib/python3.12/site-packages/airflow/example_dags/example_nested_branch_dag.py took 0.150 seconds
[2025-09-11T09:52:56.346+0000] {processor.py:186} INFO - Started process (PID=507) to work on /home/airflow/.local/lib/python3.12/site-packages/airflow/example_dags/example_nested_branch_dag.py
[2025-09-11T09:52:56.351+0000] {processor.py:914} INFO - Processing file /home/airflow/.local/lib/python3.12/site-packages/airflow/example_dags/example_nested_branch_dag.py for tasks to queue
[2025-09-11T09:52:56.360+0000] {logging_mixin.py:190} INFO - [2025-09-11T09:52:56.360+0000] {dagbag.py:588} INFO - Filling up the DagBag from /home/airflow/.local/lib/python3.12/site-packages/airflow/example_dags/example_nested_branch_dag.py
[2025-09-11T09:52:56.386+0000] {processor.py:925} INFO - DAG(s) 'example_nested_branch_dag' retrieved from /home/airflow/.local/lib/python3.12/site-packages/airflow/example_dags/example_nested_branch_dag.py
[2025-09-11T09:52:56.435+0000] {logging_mixin.py:190} INFO - [2025-09-11T09:52:56.435+0000] {dag.py:3239} INFO - Sync 1 DAGs
[2025-09-11T09:52:56.475+0000] {logging_mixin.py:190} INFO - [2025-09-11T09:52:56.474+0000] {dag.py:4180} INFO - Setting next_dagrun for example_nested_branch_dag to 2025-09-10 00:00:00+00:00, run_after=2025-09-11 00:00:00+00:00
[2025-09-11T09:52:56.503+0000] {processor.py:208} INFO - Processing /home/airflow/.local/lib/python3.12/site-packages/airflow/example_dags/example_nested_branch_dag.py took 0.166 seconds
[2025-09-11T09:53:26.779+0000] {processor.py:186} INFO - Started process (PID=569) to work on /home/airflow/.local/lib/python3.12/site-packages/airflow/example_dags/example_nested_branch_dag.py
[2025-09-11T09:53:26.780+0000] {processor.py:914} INFO - Processing file /home/airflow/.local/lib/python3.12/site-packages/airflow/example_dags/example_nested_branch_dag.py for tasks to queue
[2025-09-11T09:53:26.786+0000] {logging_mixin.py:190} INFO - [2025-09-11T09:53:26.785+0000] {dagbag.py:588} INFO - Filling up the DagBag from /home/airflow/.local/lib/python3.12/site-packages/airflow/example_dags/example_nested_branch_dag.py
[2025-09-11T09:53:26.808+0000] {processor.py:925} INFO - DAG(s) 'example_nested_branch_dag' retrieved from /home/airflow/.local/lib/python3.12/site-packages/airflow/example_dags/example_nested_branch_dag.py
[2025-09-11T09:53:26.846+0000] {logging_mixin.py:190} INFO - [2025-09-11T09:53:26.845+0000] {dag.py:3239} INFO - Sync 1 DAGs
[2025-09-11T09:53:26.902+0000] {logging_mixin.py:190} INFO - [2025-09-11T09:53:26.900+0000] {dag.py:4180} INFO - Setting next_dagrun for example_nested_branch_dag to 2025-09-10 00:00:00+00:00, run_after=2025-09-11 00:00:00+00:00
[2025-09-11T09:53:26.941+0000] {processor.py:208} INFO - Processing /home/airflow/.local/lib/python3.12/site-packages/airflow/example_dags/example_nested_branch_dag.py took 0.174 seconds
[2025-09-11T09:54:02.553+0000] {processor.py:186} INFO - Started process (PID=632) to work on /home/airflow/.local/lib/python3.12/site-packages/airflow/example_dags/example_nested_branch_dag.py
[2025-09-11T09:54:02.632+0000] {processor.py:914} INFO - Processing file /home/airflow/.local/lib/python3.12/site-packages/airflow/example_dags/example_nested_branch_dag.py for tasks to queue
[2025-09-11T09:54:02.709+0000] {logging_mixin.py:190} INFO - [2025-09-11T09:54:02.708+0000] {dagbag.py:588} INFO - Filling up the DagBag from /home/airflow/.local/lib/python3.12/site-packages/airflow/example_dags/example_nested_branch_dag.py
[2025-09-11T09:54:02.796+0000] {processor.py:925} INFO - DAG(s) 'example_nested_branch_dag' retrieved from /home/airflow/.local/lib/python3.12/site-packages/airflow/example_dags/example_nested_branch_dag.py
[2025-09-11T09:54:02.963+0000] {logging_mixin.py:190} INFO - [2025-09-11T09:54:02.963+0000] {dag.py:3239} INFO - Sync 1 DAGs
[2025-09-11T09:54:03.076+0000] {logging_mixin.py:190} INFO - [2025-09-11T09:54:03.075+0000] {dag.py:4180} INFO - Setting next_dagrun for example_nested_branch_dag to 2025-09-10 00:00:00+00:00, run_after=2025-09-11 00:00:00+00:00
[2025-09-11T09:54:03.126+0000] {processor.py:208} INFO - Processing /home/airflow/.local/lib/python3.12/site-packages/airflow/example_dags/example_nested_branch_dag.py took 0.601 seconds
[2025-09-11T09:54:33.368+0000] {processor.py:186} INFO - Started process (PID=695) to work on /home/airflow/.local/lib/python3.12/site-packages/airflow/example_dags/example_nested_branch_dag.py
[2025-09-11T09:54:33.370+0000] {processor.py:914} INFO - Processing file /home/airflow/.local/lib/python3.12/site-packages/airflow/example_dags/example_nested_branch_dag.py for tasks to queue
[2025-09-11T09:54:33.374+0000] {logging_mixin.py:190} INFO - [2025-09-11T09:54:33.374+0000] {dagbag.py:588} INFO - Filling up the DagBag from /home/airflow/.local/lib/python3.12/site-packages/airflow/example_dags/example_nested_branch_dag.py
[2025-09-11T09:54:33.402+0000] {processor.py:925} INFO - DAG(s) 'example_nested_branch_dag' retrieved from /home/airflow/.local/lib/python3.12/site-packages/airflow/example_dags/example_nested_branch_dag.py
[2025-09-11T09:54:33.447+0000] {logging_mixin.py:190} INFO - [2025-09-11T09:54:33.447+0000] {dag.py:3239} INFO - Sync 1 DAGs
[2025-09-11T09:54:33.511+0000] {logging_mixin.py:190} INFO - [2025-09-11T09:54:33.510+0000] {dag.py:4180} INFO - Setting next_dagrun for example_nested_branch_dag to 2025-09-10 00:00:00+00:00, run_after=2025-09-11 00:00:00+00:00
[2025-09-11T09:54:33.584+0000] {processor.py:208} INFO - Processing /home/airflow/.local/lib/python3.12/site-packages/airflow/example_dags/example_nested_branch_dag.py took 0.232 seconds
[2025-09-11T09:55:03.720+0000] {processor.py:186} INFO - Started process (PID=757) to work on /home/airflow/.local/lib/python3.12/site-packages/airflow/example_dags/example_nested_branch_dag.py
[2025-09-11T09:55:03.721+0000] {processor.py:914} INFO - Processing file /home/airflow/.local/lib/python3.12/site-packages/airflow/example_dags/example_nested_branch_dag.py for tasks to queue
[2025-09-11T09:55:03.724+0000] {logging_mixin.py:190} INFO - [2025-09-11T09:55:03.724+0000] {dagbag.py:588} INFO - Filling up the DagBag from /home/airflow/.local/lib/python3.12/site-packages/airflow/example_dags/example_nested_branch_dag.py
[2025-09-11T09:55:03.754+0000] {processor.py:925} INFO - DAG(s) 'example_nested_branch_dag' retrieved from /home/airflow/.local/lib/python3.12/site-packages/airflow/example_dags/example_nested_branch_dag.py
[2025-09-11T09:55:03.805+0000] {logging_mixin.py:190} INFO - [2025-09-11T09:55:03.805+0000] {dag.py:3239} INFO - Sync 1 DAGs
[2025-09-11T09:55:03.866+0000] {logging_mixin.py:190} INFO - [2025-09-11T09:55:03.866+0000] {dag.py:4180} INFO - Setting next_dagrun for example_nested_branch_dag to 2025-09-10 00:00:00+00:00, run_after=2025-09-11 00:00:00+00:00
[2025-09-11T09:55:03.911+0000] {processor.py:208} INFO - Processing /home/airflow/.local/lib/python3.12/site-packages/airflow/example_dags/example_nested_branch_dag.py took 0.202 seconds
[2025-09-11T09:55:34.173+0000] {processor.py:186} INFO - Started process (PID=819) to work on /home/airflow/.local/lib/python3.12/site-packages/airflow/example_dags/example_nested_branch_dag.py
[2025-09-11T09:55:34.178+0000] {processor.py:914} INFO - Processing file /home/airflow/.local/lib/python3.12/site-packages/airflow/example_dags/example_nested_branch_dag.py for tasks to queue
[2025-09-11T09:55:34.183+0000] {logging_mixin.py:190} INFO - [2025-09-11T09:55:34.183+0000] {dagbag.py:588} INFO - Filling up the DagBag from /home/airflow/.local/lib/python3.12/site-packages/airflow/example_dags/example_nested_branch_dag.py
[2025-09-11T09:55:34.216+0000] {processor.py:925} INFO - DAG(s) 'example_nested_branch_dag' retrieved from /home/airflow/.local/lib/python3.12/site-packages/airflow/example_dags/example_nested_branch_dag.py
[2025-09-11T09:55:34.281+0000] {logging_mixin.py:190} INFO - [2025-09-11T09:55:34.280+0000] {dag.py:3239} INFO - Sync 1 DAGs
[2025-09-11T09:55:34.344+0000] {logging_mixin.py:190} INFO - [2025-09-11T09:55:34.344+0000] {dag.py:4180} INFO - Setting next_dagrun for example_nested_branch_dag to 2025-09-10 00:00:00+00:00, run_after=2025-09-11 00:00:00+00:00
[2025-09-11T09:55:34.425+0000] {processor.py:208} INFO - Processing /home/airflow/.local/lib/python3.12/site-packages/airflow/example_dags/example_nested_branch_dag.py took 0.279 seconds
[2025-09-11T09:56:04.664+0000] {processor.py:186} INFO - Started process (PID=882) to work on /home/airflow/.local/lib/python3.12/site-packages/airflow/example_dags/example_nested_branch_dag.py
[2025-09-11T09:56:04.665+0000] {processor.py:914} INFO - Processing file /home/airflow/.local/lib/python3.12/site-packages/airflow/example_dags/example_nested_branch_dag.py for tasks to queue
[2025-09-11T09:56:04.669+0000] {logging_mixin.py:190} INFO - [2025-09-11T09:56:04.669+0000] {dagbag.py:588} INFO - Filling up the DagBag from /home/airflow/.local/lib/python3.12/site-packages/airflow/example_dags/example_nested_branch_dag.py
[2025-09-11T09:56:04.694+0000] {processor.py:925} INFO - DAG(s) 'example_nested_branch_dag' retrieved from /home/airflow/.local/lib/python3.12/site-packages/airflow/example_dags/example_nested_branch_dag.py
[2025-09-11T09:56:04.787+0000] {logging_mixin.py:190} INFO - [2025-09-11T09:56:04.786+0000] {dag.py:3239} INFO - Sync 1 DAGs
[2025-09-11T09:56:04.858+0000] {logging_mixin.py:190} INFO - [2025-09-11T09:56:04.857+0000] {dag.py:4180} INFO - Setting next_dagrun for example_nested_branch_dag to 2025-09-10 00:00:00+00:00, run_after=2025-09-11 00:00:00+00:00
[2025-09-11T09:56:04.902+0000] {processor.py:208} INFO - Processing /home/airflow/.local/lib/python3.12/site-packages/airflow/example_dags/example_nested_branch_dag.py took 0.252 seconds
[2025-09-11T09:56:35.318+0000] {processor.py:186} INFO - Started process (PID=945) to work on /home/airflow/.local/lib/python3.12/site-packages/airflow/example_dags/example_nested_branch_dag.py
[2025-09-11T09:56:35.320+0000] {processor.py:914} INFO - Processing file /home/airflow/.local/lib/python3.12/site-packages/airflow/example_dags/example_nested_branch_dag.py for tasks to queue
[2025-09-11T09:56:35.325+0000] {logging_mixin.py:190} INFO - [2025-09-11T09:56:35.324+0000] {dagbag.py:588} INFO - Filling up the DagBag from /home/airflow/.local/lib/python3.12/site-packages/airflow/example_dags/example_nested_branch_dag.py
[2025-09-11T09:56:35.377+0000] {processor.py:925} INFO - DAG(s) 'example_nested_branch_dag' retrieved from /home/airflow/.local/lib/python3.12/site-packages/airflow/example_dags/example_nested_branch_dag.py
[2025-09-11T09:56:35.441+0000] {logging_mixin.py:190} INFO - [2025-09-11T09:56:35.429+0000] {dag.py:3239} INFO - Sync 1 DAGs
[2025-09-11T09:56:35.535+0000] {logging_mixin.py:190} INFO - [2025-09-11T09:56:35.535+0000] {dag.py:4180} INFO - Setting next_dagrun for example_nested_branch_dag to 2025-09-10 00:00:00+00:00, run_after=2025-09-11 00:00:00+00:00
[2025-09-11T09:56:35.584+0000] {processor.py:208} INFO - Processing /home/airflow/.local/lib/python3.12/site-packages/airflow/example_dags/example_nested_branch_dag.py took 0.277 seconds
[2025-09-11T09:57:05.772+0000] {processor.py:186} INFO - Started process (PID=1008) to work on /home/airflow/.local/lib/python3.12/site-packages/airflow/example_dags/example_nested_branch_dag.py
[2025-09-11T09:57:05.775+0000] {processor.py:914} INFO - Processing file /home/airflow/.local/lib/python3.12/site-packages/airflow/example_dags/example_nested_branch_dag.py for tasks to queue
[2025-09-11T09:57:05.786+0000] {logging_mixin.py:190} INFO - [2025-09-11T09:57:05.785+0000] {dagbag.py:588} INFO - Filling up the DagBag from /home/airflow/.local/lib/python3.12/site-packages/airflow/example_dags/example_nested_branch_dag.py
[2025-09-11T09:57:05.825+0000] {processor.py:925} INFO - DAG(s) 'example_nested_branch_dag' retrieved from /home/airflow/.local/lib/python3.12/site-packages/airflow/example_dags/example_nested_branch_dag.py
[2025-09-11T09:57:05.880+0000] {logging_mixin.py:190} INFO - [2025-09-11T09:57:05.879+0000] {dag.py:3239} INFO - Sync 1 DAGs
[2025-09-11T09:57:05.945+0000] {logging_mixin.py:190} INFO - [2025-09-11T09:57:05.944+0000] {dag.py:4180} INFO - Setting next_dagrun for example_nested_branch_dag to 2025-09-10 00:00:00+00:00, run_after=2025-09-11 00:00:00+00:00
[2025-09-11T09:57:06.001+0000] {processor.py:208} INFO - Processing /home/airflow/.local/lib/python3.12/site-packages/airflow/example_dags/example_nested_branch_dag.py took 0.240 seconds
[2025-09-11T09:57:36.239+0000] {processor.py:186} INFO - Started process (PID=1070) to work on /home/airflow/.local/lib/python3.12/site-packages/airflow/example_dags/example_nested_branch_dag.py
[2025-09-11T09:57:36.251+0000] {processor.py:914} INFO - Processing file /home/airflow/.local/lib/python3.12/site-packages/airflow/example_dags/example_nested_branch_dag.py for tasks to queue
[2025-09-11T09:57:36.255+0000] {logging_mixin.py:190} INFO - [2025-09-11T09:57:36.255+0000] {dagbag.py:588} INFO - Filling up the DagBag from /home/airflow/.local/lib/python3.12/site-packages/airflow/example_dags/example_nested_branch_dag.py
[2025-09-11T09:57:36.283+0000] {processor.py:925} INFO - DAG(s) 'example_nested_branch_dag' retrieved from /home/airflow/.local/lib/python3.12/site-packages/airflow/example_dags/example_nested_branch_dag.py
[2025-09-11T09:57:36.326+0000] {logging_mixin.py:190} INFO - [2025-09-11T09:57:36.325+0000] {dag.py:3239} INFO - Sync 1 DAGs
[2025-09-11T09:57:36.366+0000] {logging_mixin.py:190} INFO - [2025-09-11T09:57:36.366+0000] {dag.py:4180} INFO - Setting next_dagrun for example_nested_branch_dag to 2025-09-10 00:00:00+00:00, run_after=2025-09-11 00:00:00+00:00
[2025-09-11T09:57:36.403+0000] {processor.py:208} INFO - Processing /home/airflow/.local/lib/python3.12/site-packages/airflow/example_dags/example_nested_branch_dag.py took 0.173 seconds
[2025-09-11T09:58:06.700+0000] {processor.py:186} INFO - Started process (PID=1133) to work on /home/airflow/.local/lib/python3.12/site-packages/airflow/example_dags/example_nested_branch_dag.py
[2025-09-11T09:58:06.703+0000] {processor.py:914} INFO - Processing file /home/airflow/.local/lib/python3.12/site-packages/airflow/example_dags/example_nested_branch_dag.py for tasks to queue
[2025-09-11T09:58:06.713+0000] {logging_mixin.py:190} INFO - [2025-09-11T09:58:06.712+0000] {dagbag.py:588} INFO - Filling up the DagBag from /home/airflow/.local/lib/python3.12/site-packages/airflow/example_dags/example_nested_branch_dag.py
[2025-09-11T09:58:06.743+0000] {processor.py:925} INFO - DAG(s) 'example_nested_branch_dag' retrieved from /home/airflow/.local/lib/python3.12/site-packages/airflow/example_dags/example_nested_branch_dag.py
[2025-09-11T09:58:06.792+0000] {logging_mixin.py:190} INFO - [2025-09-11T09:58:06.791+0000] {dag.py:3239} INFO - Sync 1 DAGs
[2025-09-11T09:58:06.847+0000] {logging_mixin.py:190} INFO - [2025-09-11T09:58:06.847+0000] {dag.py:4180} INFO - Setting next_dagrun for example_nested_branch_dag to 2025-09-10 00:00:00+00:00, run_after=2025-09-11 00:00:00+00:00
[2025-09-11T09:58:06.899+0000] {processor.py:208} INFO - Processing /home/airflow/.local/lib/python3.12/site-packages/airflow/example_dags/example_nested_branch_dag.py took 0.213 seconds
[2025-09-11T09:58:37.521+0000] {processor.py:186} INFO - Started process (PID=1196) to work on /home/airflow/.local/lib/python3.12/site-packages/airflow/example_dags/example_nested_branch_dag.py
[2025-09-11T09:58:37.523+0000] {processor.py:914} INFO - Processing file /home/airflow/.local/lib/python3.12/site-packages/airflow/example_dags/example_nested_branch_dag.py for tasks to queue
[2025-09-11T09:58:37.528+0000] {logging_mixin.py:190} INFO - [2025-09-11T09:58:37.527+0000] {dagbag.py:588} INFO - Filling up the DagBag from /home/airflow/.local/lib/python3.12/site-packages/airflow/example_dags/example_nested_branch_dag.py
[2025-09-11T09:58:37.562+0000] {processor.py:925} INFO - DAG(s) 'example_nested_branch_dag' retrieved from /home/airflow/.local/lib/python3.12/site-packages/airflow/example_dags/example_nested_branch_dag.py
[2025-09-11T09:58:37.621+0000] {logging_mixin.py:190} INFO - [2025-09-11T09:58:37.619+0000] {dag.py:3239} INFO - Sync 1 DAGs
[2025-09-11T09:58:37.699+0000] {logging_mixin.py:190} INFO - [2025-09-11T09:58:37.698+0000] {dag.py:4180} INFO - Setting next_dagrun for example_nested_branch_dag to 2025-09-10 00:00:00+00:00, run_after=2025-09-11 00:00:00+00:00
[2025-09-11T09:58:37.805+0000] {processor.py:208} INFO - Processing /home/airflow/.local/lib/python3.12/site-packages/airflow/example_dags/example_nested_branch_dag.py took 0.299 seconds
[2025-09-11T09:59:08.120+0000] {processor.py:186} INFO - Started process (PID=1259) to work on /home/airflow/.local/lib/python3.12/site-packages/airflow/example_dags/example_nested_branch_dag.py
[2025-09-11T09:59:08.126+0000] {processor.py:914} INFO - Processing file /home/airflow/.local/lib/python3.12/site-packages/airflow/example_dags/example_nested_branch_dag.py for tasks to queue
[2025-09-11T09:59:08.132+0000] {logging_mixin.py:190} INFO - [2025-09-11T09:59:08.131+0000] {dagbag.py:588} INFO - Filling up the DagBag from /home/airflow/.local/lib/python3.12/site-packages/airflow/example_dags/example_nested_branch_dag.py
[2025-09-11T09:59:08.174+0000] {processor.py:925} INFO - DAG(s) 'example_nested_branch_dag' retrieved from /home/airflow/.local/lib/python3.12/site-packages/airflow/example_dags/example_nested_branch_dag.py
[2025-09-11T09:59:08.287+0000] {logging_mixin.py:190} INFO - [2025-09-11T09:59:08.287+0000] {dag.py:3239} INFO - Sync 1 DAGs
[2025-09-11T09:59:08.434+0000] {logging_mixin.py:190} INFO - [2025-09-11T09:59:08.421+0000] {dag.py:4180} INFO - Setting next_dagrun for example_nested_branch_dag to 2025-09-10 00:00:00+00:00, run_after=2025-09-11 00:00:00+00:00
[2025-09-11T09:59:08.550+0000] {processor.py:208} INFO - Processing /home/airflow/.local/lib/python3.12/site-packages/airflow/example_dags/example_nested_branch_dag.py took 0.450 seconds
[2025-09-11T09:59:39.252+0000] {processor.py:186} INFO - Started process (PID=1322) to work on /home/airflow/.local/lib/python3.12/site-packages/airflow/example_dags/example_nested_branch_dag.py
[2025-09-11T09:59:39.254+0000] {processor.py:914} INFO - Processing file /home/airflow/.local/lib/python3.12/site-packages/airflow/example_dags/example_nested_branch_dag.py for tasks to queue
[2025-09-11T09:59:39.260+0000] {logging_mixin.py:190} INFO - [2025-09-11T09:59:39.259+0000] {dagbag.py:588} INFO - Filling up the DagBag from /home/airflow/.local/lib/python3.12/site-packages/airflow/example_dags/example_nested_branch_dag.py
[2025-09-11T09:59:39.297+0000] {processor.py:925} INFO - DAG(s) 'example_nested_branch_dag' retrieved from /home/airflow/.local/lib/python3.12/site-packages/airflow/example_dags/example_nested_branch_dag.py
[2025-09-11T09:59:39.401+0000] {logging_mixin.py:190} INFO - [2025-09-11T09:59:39.401+0000] {dag.py:3239} INFO - Sync 1 DAGs
[2025-09-11T09:59:39.543+0000] {logging_mixin.py:190} INFO - [2025-09-11T09:59:39.532+0000] {dag.py:4180} INFO - Setting next_dagrun for example_nested_branch_dag to 2025-09-10 00:00:00+00:00, run_after=2025-09-11 00:00:00+00:00
[2025-09-11T09:59:39.636+0000] {processor.py:208} INFO - Processing /home/airflow/.local/lib/python3.12/site-packages/airflow/example_dags/example_nested_branch_dag.py took 0.403 seconds
[2025-09-11T10:00:10.006+0000] {processor.py:186} INFO - Started process (PID=1385) to work on /home/airflow/.local/lib/python3.12/site-packages/airflow/example_dags/example_nested_branch_dag.py
[2025-09-11T10:00:10.010+0000] {processor.py:914} INFO - Processing file /home/airflow/.local/lib/python3.12/site-packages/airflow/example_dags/example_nested_branch_dag.py for tasks to queue
[2025-09-11T10:00:10.018+0000] {logging_mixin.py:190} INFO - [2025-09-11T10:00:10.017+0000] {dagbag.py:588} INFO - Filling up the DagBag from /home/airflow/.local/lib/python3.12/site-packages/airflow/example_dags/example_nested_branch_dag.py
[2025-09-11T10:00:10.057+0000] {processor.py:925} INFO - DAG(s) 'example_nested_branch_dag' retrieved from /home/airflow/.local/lib/python3.12/site-packages/airflow/example_dags/example_nested_branch_dag.py
[2025-09-11T10:00:10.130+0000] {logging_mixin.py:190} INFO - [2025-09-11T10:00:10.130+0000] {dag.py:3239} INFO - Sync 1 DAGs
[2025-09-11T10:00:10.238+0000] {logging_mixin.py:190} INFO - [2025-09-11T10:00:10.238+0000] {dag.py:4180} INFO - Setting next_dagrun for example_nested_branch_dag to 2025-09-10 00:00:00+00:00, run_after=2025-09-11 00:00:00+00:00
[2025-09-11T10:00:10.277+0000] {processor.py:208} INFO - Processing /home/airflow/.local/lib/python3.12/site-packages/airflow/example_dags/example_nested_branch_dag.py took 0.282 seconds
[2025-09-11T10:00:40.971+0000] {processor.py:186} INFO - Started process (PID=1448) to work on /home/airflow/.local/lib/python3.12/site-packages/airflow/example_dags/example_nested_branch_dag.py
[2025-09-11T10:00:40.973+0000] {processor.py:914} INFO - Processing file /home/airflow/.local/lib/python3.12/site-packages/airflow/example_dags/example_nested_branch_dag.py for tasks to queue
[2025-09-11T10:00:40.979+0000] {logging_mixin.py:190} INFO - [2025-09-11T10:00:40.978+0000] {dagbag.py:588} INFO - Filling up the DagBag from /home/airflow/.local/lib/python3.12/site-packages/airflow/example_dags/example_nested_branch_dag.py
[2025-09-11T10:00:41.005+0000] {processor.py:925} INFO - DAG(s) 'example_nested_branch_dag' retrieved from /home/airflow/.local/lib/python3.12/site-packages/airflow/example_dags/example_nested_branch_dag.py
[2025-09-11T10:00:41.058+0000] {logging_mixin.py:190} INFO - [2025-09-11T10:00:41.058+0000] {dag.py:3239} INFO - Sync 1 DAGs
[2025-09-11T10:00:41.165+0000] {logging_mixin.py:190} INFO - [2025-09-11T10:00:41.164+0000] {dag.py:4180} INFO - Setting next_dagrun for example_nested_branch_dag to 2025-09-10 00:00:00+00:00, run_after=2025-09-11 00:00:00+00:00
[2025-09-11T10:00:41.218+0000] {processor.py:208} INFO - Processing /home/airflow/.local/lib/python3.12/site-packages/airflow/example_dags/example_nested_branch_dag.py took 0.257 seconds
[2025-09-11T10:01:11.964+0000] {processor.py:186} INFO - Started process (PID=1511) to work on /home/airflow/.local/lib/python3.12/site-packages/airflow/example_dags/example_nested_branch_dag.py
[2025-09-11T10:01:11.966+0000] {processor.py:914} INFO - Processing file /home/airflow/.local/lib/python3.12/site-packages/airflow/example_dags/example_nested_branch_dag.py for tasks to queue
[2025-09-11T10:01:11.969+0000] {logging_mixin.py:190} INFO - [2025-09-11T10:01:11.969+0000] {dagbag.py:588} INFO - Filling up the DagBag from /home/airflow/.local/lib/python3.12/site-packages/airflow/example_dags/example_nested_branch_dag.py
[2025-09-11T10:01:11.993+0000] {processor.py:925} INFO - DAG(s) 'example_nested_branch_dag' retrieved from /home/airflow/.local/lib/python3.12/site-packages/airflow/example_dags/example_nested_branch_dag.py
[2025-09-11T10:01:12.026+0000] {logging_mixin.py:190} INFO - [2025-09-11T10:01:12.026+0000] {dag.py:3239} INFO - Sync 1 DAGs
[2025-09-11T10:01:12.057+0000] {logging_mixin.py:190} INFO - [2025-09-11T10:01:12.057+0000] {dag.py:4180} INFO - Setting next_dagrun for example_nested_branch_dag to 2025-09-10 00:00:00+00:00, run_after=2025-09-11 00:00:00+00:00
[2025-09-11T10:01:12.092+0000] {processor.py:208} INFO - Processing /home/airflow/.local/lib/python3.12/site-packages/airflow/example_dags/example_nested_branch_dag.py took 0.136 seconds
[2025-09-11T10:01:42.993+0000] {processor.py:186} INFO - Started process (PID=1574) to work on /home/airflow/.local/lib/python3.12/site-packages/airflow/example_dags/example_nested_branch_dag.py
[2025-09-11T10:01:42.997+0000] {processor.py:914} INFO - Processing file /home/airflow/.local/lib/python3.12/site-packages/airflow/example_dags/example_nested_branch_dag.py for tasks to queue
[2025-09-11T10:01:43.013+0000] {logging_mixin.py:190} INFO - [2025-09-11T10:01:43.012+0000] {dagbag.py:588} INFO - Filling up the DagBag from /home/airflow/.local/lib/python3.12/site-packages/airflow/example_dags/example_nested_branch_dag.py
[2025-09-11T10:01:43.046+0000] {processor.py:925} INFO - DAG(s) 'example_nested_branch_dag' retrieved from /home/airflow/.local/lib/python3.12/site-packages/airflow/example_dags/example_nested_branch_dag.py
[2025-09-11T10:01:43.117+0000] {logging_mixin.py:190} INFO - [2025-09-11T10:01:43.116+0000] {dag.py:3239} INFO - Sync 1 DAGs
[2025-09-11T10:01:43.221+0000] {logging_mixin.py:190} INFO - [2025-09-11T10:01:43.220+0000] {dag.py:4180} INFO - Setting next_dagrun for example_nested_branch_dag to 2025-09-10 00:00:00+00:00, run_after=2025-09-11 00:00:00+00:00
[2025-09-11T10:01:43.283+0000] {processor.py:208} INFO - Processing /home/airflow/.local/lib/python3.12/site-packages/airflow/example_dags/example_nested_branch_dag.py took 0.311 seconds
[2025-09-11T10:02:13.688+0000] {processor.py:186} INFO - Started process (PID=1637) to work on /home/airflow/.local/lib/python3.12/site-packages/airflow/example_dags/example_nested_branch_dag.py
[2025-09-11T10:02:13.692+0000] {processor.py:914} INFO - Processing file /home/airflow/.local/lib/python3.12/site-packages/airflow/example_dags/example_nested_branch_dag.py for tasks to queue
[2025-09-11T10:02:13.703+0000] {logging_mixin.py:190} INFO - [2025-09-11T10:02:13.702+0000] {dagbag.py:588} INFO - Filling up the DagBag from /home/airflow/.local/lib/python3.12/site-packages/airflow/example_dags/example_nested_branch_dag.py
[2025-09-11T10:02:13.760+0000] {processor.py:925} INFO - DAG(s) 'example_nested_branch_dag' retrieved from /home/airflow/.local/lib/python3.12/site-packages/airflow/example_dags/example_nested_branch_dag.py
[2025-09-11T10:02:13.877+0000] {logging_mixin.py:190} INFO - [2025-09-11T10:02:13.876+0000] {dag.py:3239} INFO - Sync 1 DAGs
[2025-09-11T10:02:13.977+0000] {logging_mixin.py:190} INFO - [2025-09-11T10:02:13.976+0000] {dag.py:4180} INFO - Setting next_dagrun for example_nested_branch_dag to 2025-09-10 00:00:00+00:00, run_after=2025-09-11 00:00:00+00:00
[2025-09-11T10:02:14.063+0000] {processor.py:208} INFO - Processing /home/airflow/.local/lib/python3.12/site-packages/airflow/example_dags/example_nested_branch_dag.py took 0.397 seconds
[2025-09-11T10:02:44.897+0000] {processor.py:186} INFO - Started process (PID=1699) to work on /home/airflow/.local/lib/python3.12/site-packages/airflow/example_dags/example_nested_branch_dag.py
[2025-09-11T10:02:44.900+0000] {processor.py:914} INFO - Processing file /home/airflow/.local/lib/python3.12/site-packages/airflow/example_dags/example_nested_branch_dag.py for tasks to queue
[2025-09-11T10:02:44.907+0000] {logging_mixin.py:190} INFO - [2025-09-11T10:02:44.906+0000] {dagbag.py:588} INFO - Filling up the DagBag from /home/airflow/.local/lib/python3.12/site-packages/airflow/example_dags/example_nested_branch_dag.py
[2025-09-11T10:02:44.943+0000] {processor.py:925} INFO - DAG(s) 'example_nested_branch_dag' retrieved from /home/airflow/.local/lib/python3.12/site-packages/airflow/example_dags/example_nested_branch_dag.py
[2025-09-11T10:02:45.001+0000] {logging_mixin.py:190} INFO - [2025-09-11T10:02:45.000+0000] {dag.py:3239} INFO - Sync 1 DAGs
[2025-09-11T10:02:45.111+0000] {logging_mixin.py:190} INFO - [2025-09-11T10:02:45.110+0000] {dag.py:4180} INFO - Setting next_dagrun for example_nested_branch_dag to 2025-09-10 00:00:00+00:00, run_after=2025-09-11 00:00:00+00:00
[2025-09-11T10:02:45.190+0000] {processor.py:208} INFO - Processing /home/airflow/.local/lib/python3.12/site-packages/airflow/example_dags/example_nested_branch_dag.py took 0.311 seconds
[2025-09-11T10:03:15.586+0000] {processor.py:186} INFO - Started process (PID=1762) to work on /home/airflow/.local/lib/python3.12/site-packages/airflow/example_dags/example_nested_branch_dag.py
[2025-09-11T10:03:15.588+0000] {processor.py:914} INFO - Processing file /home/airflow/.local/lib/python3.12/site-packages/airflow/example_dags/example_nested_branch_dag.py for tasks to queue
[2025-09-11T10:03:15.592+0000] {logging_mixin.py:190} INFO - [2025-09-11T10:03:15.592+0000] {dagbag.py:588} INFO - Filling up the DagBag from /home/airflow/.local/lib/python3.12/site-packages/airflow/example_dags/example_nested_branch_dag.py
[2025-09-11T10:03:15.615+0000] {processor.py:925} INFO - DAG(s) 'example_nested_branch_dag' retrieved from /home/airflow/.local/lib/python3.12/site-packages/airflow/example_dags/example_nested_branch_dag.py
[2025-09-11T10:03:15.652+0000] {logging_mixin.py:190} INFO - [2025-09-11T10:03:15.652+0000] {dag.py:3239} INFO - Sync 1 DAGs
[2025-09-11T10:03:15.717+0000] {logging_mixin.py:190} INFO - [2025-09-11T10:03:15.716+0000] {dag.py:4180} INFO - Setting next_dagrun for example_nested_branch_dag to 2025-09-10 00:00:00+00:00, run_after=2025-09-11 00:00:00+00:00
[2025-09-11T10:03:15.798+0000] {processor.py:208} INFO - Processing /home/airflow/.local/lib/python3.12/site-packages/airflow/example_dags/example_nested_branch_dag.py took 0.231 seconds
[2025-09-11T10:03:46.193+0000] {processor.py:186} INFO - Started process (PID=1826) to work on /home/airflow/.local/lib/python3.12/site-packages/airflow/example_dags/example_nested_branch_dag.py
[2025-09-11T10:03:46.197+0000] {processor.py:914} INFO - Processing file /home/airflow/.local/lib/python3.12/site-packages/airflow/example_dags/example_nested_branch_dag.py for tasks to queue
[2025-09-11T10:03:46.216+0000] {logging_mixin.py:190} INFO - [2025-09-11T10:03:46.203+0000] {dagbag.py:588} INFO - Filling up the DagBag from /home/airflow/.local/lib/python3.12/site-packages/airflow/example_dags/example_nested_branch_dag.py
[2025-09-11T10:03:46.253+0000] {processor.py:925} INFO - DAG(s) 'example_nested_branch_dag' retrieved from /home/airflow/.local/lib/python3.12/site-packages/airflow/example_dags/example_nested_branch_dag.py
[2025-09-11T10:03:46.315+0000] {logging_mixin.py:190} INFO - [2025-09-11T10:03:46.314+0000] {dag.py:3239} INFO - Sync 1 DAGs
[2025-09-11T10:03:46.361+0000] {logging_mixin.py:190} INFO - [2025-09-11T10:03:46.361+0000] {dag.py:4180} INFO - Setting next_dagrun for example_nested_branch_dag to 2025-09-10 00:00:00+00:00, run_after=2025-09-11 00:00:00+00:00
[2025-09-11T10:03:46.406+0000] {processor.py:208} INFO - Processing /home/airflow/.local/lib/python3.12/site-packages/airflow/example_dags/example_nested_branch_dag.py took 0.233 seconds
[2025-09-11T10:04:17.071+0000] {processor.py:186} INFO - Started process (PID=1889) to work on /home/airflow/.local/lib/python3.12/site-packages/airflow/example_dags/example_nested_branch_dag.py
[2025-09-11T10:04:17.072+0000] {processor.py:914} INFO - Processing file /home/airflow/.local/lib/python3.12/site-packages/airflow/example_dags/example_nested_branch_dag.py for tasks to queue
[2025-09-11T10:04:17.075+0000] {logging_mixin.py:190} INFO - [2025-09-11T10:04:17.075+0000] {dagbag.py:588} INFO - Filling up the DagBag from /home/airflow/.local/lib/python3.12/site-packages/airflow/example_dags/example_nested_branch_dag.py
[2025-09-11T10:04:17.096+0000] {processor.py:925} INFO - DAG(s) 'example_nested_branch_dag' retrieved from /home/airflow/.local/lib/python3.12/site-packages/airflow/example_dags/example_nested_branch_dag.py
[2025-09-11T10:04:17.169+0000] {logging_mixin.py:190} INFO - [2025-09-11T10:04:17.168+0000] {dag.py:3239} INFO - Sync 1 DAGs
[2025-09-11T10:04:17.302+0000] {logging_mixin.py:190} INFO - [2025-09-11T10:04:17.302+0000] {dag.py:4180} INFO - Setting next_dagrun for example_nested_branch_dag to 2025-09-10 00:00:00+00:00, run_after=2025-09-11 00:00:00+00:00
[2025-09-11T10:04:17.393+0000] {processor.py:208} INFO - Processing /home/airflow/.local/lib/python3.12/site-packages/airflow/example_dags/example_nested_branch_dag.py took 0.333 seconds
[2025-09-11T10:04:47.588+0000] {processor.py:186} INFO - Started process (PID=1952) to work on /home/airflow/.local/lib/python3.12/site-packages/airflow/example_dags/example_nested_branch_dag.py
[2025-09-11T10:04:47.591+0000] {processor.py:914} INFO - Processing file /home/airflow/.local/lib/python3.12/site-packages/airflow/example_dags/example_nested_branch_dag.py for tasks to queue
[2025-09-11T10:04:47.596+0000] {logging_mixin.py:190} INFO - [2025-09-11T10:04:47.595+0000] {dagbag.py:588} INFO - Filling up the DagBag from /home/airflow/.local/lib/python3.12/site-packages/airflow/example_dags/example_nested_branch_dag.py
[2025-09-11T10:04:47.624+0000] {processor.py:925} INFO - DAG(s) 'example_nested_branch_dag' retrieved from /home/airflow/.local/lib/python3.12/site-packages/airflow/example_dags/example_nested_branch_dag.py
[2025-09-11T10:04:47.671+0000] {logging_mixin.py:190} INFO - [2025-09-11T10:04:47.670+0000] {dag.py:3239} INFO - Sync 1 DAGs
[2025-09-11T10:04:47.724+0000] {logging_mixin.py:190} INFO - [2025-09-11T10:04:47.723+0000] {dag.py:4180} INFO - Setting next_dagrun for example_nested_branch_dag to 2025-09-10 00:00:00+00:00, run_after=2025-09-11 00:00:00+00:00
[2025-09-11T10:04:47.756+0000] {processor.py:208} INFO - Processing /home/airflow/.local/lib/python3.12/site-packages/airflow/example_dags/example_nested_branch_dag.py took 0.179 seconds
