[2025-09-11T09:49:42.361+0000] {processor.py:186} INFO - Started process (PID=109) to work on /home/airflow/.local/lib/python3.12/site-packages/airflow/example_dags/example_dataset_alias.py
[2025-09-11T09:49:42.377+0000] {processor.py:914} INFO - Processing file /home/airflow/.local/lib/python3.12/site-packages/airflow/example_dags/example_dataset_alias.py for tasks to queue
[2025-09-11T09:49:42.389+0000] {logging_mixin.py:190} INFO - [2025-09-11T09:49:42.388+0000] {dagbag.py:588} INFO - Filling up the DagBag from /home/airflow/.local/lib/python3.12/site-packages/airflow/example_dags/example_dataset_alias.py
[2025-09-11T09:49:44.269+0000] {processor.py:925} INFO - DAG(s) 'dataset_s3_bucket_consumer', 'dataset_alias_example_alias_consumer', 'dataset_s3_bucket_producer', 'dataset_alias_example_alias_producer' retrieved from /home/airflow/.local/lib/python3.12/site-packages/airflow/example_dags/example_dataset_alias.py
[2025-09-11T09:49:44.596+0000] {logging_mixin.py:190} INFO - [2025-09-11T09:49:44.594+0000] {override.py:1912} INFO - Created Permission View: can read on DAG:dataset_s3_bucket_consumer
[2025-09-11T09:49:44.634+0000] {logging_mixin.py:190} INFO - [2025-09-11T09:49:44.633+0000] {override.py:1912} INFO - Created Permission View: can edit on DAG:dataset_s3_bucket_consumer
[2025-09-11T09:49:44.658+0000] {logging_mixin.py:190} INFO - [2025-09-11T09:49:44.658+0000] {override.py:1912} INFO - Created Permission View: can delete on DAG:dataset_s3_bucket_consumer
[2025-09-11T09:49:44.679+0000] {logging_mixin.py:190} INFO - [2025-09-11T09:49:44.679+0000] {override.py:1912} INFO - Created Permission View: can create on DAG Run:dataset_s3_bucket_consumer
[2025-09-11T09:49:44.700+0000] {logging_mixin.py:190} INFO - [2025-09-11T09:49:44.699+0000] {override.py:1912} INFO - Created Permission View: can read on DAG Run:dataset_s3_bucket_consumer
[2025-09-11T09:49:44.714+0000] {logging_mixin.py:190} INFO - [2025-09-11T09:49:44.713+0000] {override.py:1912} INFO - Created Permission View: can delete on DAG Run:dataset_s3_bucket_consumer
[2025-09-11T09:49:44.729+0000] {logging_mixin.py:190} INFO - [2025-09-11T09:49:44.729+0000] {override.py:1912} INFO - Created Permission View: menu access on DAG Run:dataset_s3_bucket_consumer
[2025-09-11T09:49:44.763+0000] {logging_mixin.py:190} INFO - [2025-09-11T09:49:44.763+0000] {override.py:1912} INFO - Created Permission View: can read on DAG:dataset_alias_example_alias_consumer
[2025-09-11T09:49:44.779+0000] {logging_mixin.py:190} INFO - [2025-09-11T09:49:44.778+0000] {override.py:1912} INFO - Created Permission View: can edit on DAG:dataset_alias_example_alias_consumer
[2025-09-11T09:49:44.795+0000] {logging_mixin.py:190} INFO - [2025-09-11T09:49:44.794+0000] {override.py:1912} INFO - Created Permission View: can delete on DAG:dataset_alias_example_alias_consumer
[2025-09-11T09:49:44.810+0000] {logging_mixin.py:190} INFO - [2025-09-11T09:49:44.809+0000] {override.py:1912} INFO - Created Permission View: can create on DAG Run:dataset_alias_example_alias_consumer
[2025-09-11T09:49:44.823+0000] {logging_mixin.py:190} INFO - [2025-09-11T09:49:44.823+0000] {override.py:1912} INFO - Created Permission View: can read on DAG Run:dataset_alias_example_alias_consumer
[2025-09-11T09:49:44.839+0000] {logging_mixin.py:190} INFO - [2025-09-11T09:49:44.838+0000] {override.py:1912} INFO - Created Permission View: can delete on DAG Run:dataset_alias_example_alias_consumer
[2025-09-11T09:49:44.856+0000] {logging_mixin.py:190} INFO - [2025-09-11T09:49:44.855+0000] {override.py:1912} INFO - Created Permission View: menu access on DAG Run:dataset_alias_example_alias_consumer
[2025-09-11T09:49:44.913+0000] {logging_mixin.py:190} INFO - [2025-09-11T09:49:44.912+0000] {override.py:1912} INFO - Created Permission View: can read on DAG:dataset_s3_bucket_producer
[2025-09-11T09:49:44.943+0000] {logging_mixin.py:190} INFO - [2025-09-11T09:49:44.942+0000] {override.py:1912} INFO - Created Permission View: can edit on DAG:dataset_s3_bucket_producer
[2025-09-11T09:49:44.982+0000] {logging_mixin.py:190} INFO - [2025-09-11T09:49:44.981+0000] {override.py:1912} INFO - Created Permission View: can delete on DAG:dataset_s3_bucket_producer
[2025-09-11T09:49:45.011+0000] {logging_mixin.py:190} INFO - [2025-09-11T09:49:45.010+0000] {override.py:1912} INFO - Created Permission View: can create on DAG Run:dataset_s3_bucket_producer
[2025-09-11T09:49:45.032+0000] {logging_mixin.py:190} INFO - [2025-09-11T09:49:45.032+0000] {override.py:1912} INFO - Created Permission View: can read on DAG Run:dataset_s3_bucket_producer
[2025-09-11T09:49:45.060+0000] {logging_mixin.py:190} INFO - [2025-09-11T09:49:45.059+0000] {override.py:1912} INFO - Created Permission View: can delete on DAG Run:dataset_s3_bucket_producer
[2025-09-11T09:49:45.103+0000] {logging_mixin.py:190} INFO - [2025-09-11T09:49:45.100+0000] {override.py:1912} INFO - Created Permission View: menu access on DAG Run:dataset_s3_bucket_producer
[2025-09-11T09:49:45.140+0000] {logging_mixin.py:190} INFO - [2025-09-11T09:49:45.139+0000] {override.py:1912} INFO - Created Permission View: can read on DAG:dataset_alias_example_alias_producer
[2025-09-11T09:49:45.183+0000] {logging_mixin.py:190} INFO - [2025-09-11T09:49:45.182+0000] {override.py:1912} INFO - Created Permission View: can edit on DAG:dataset_alias_example_alias_producer
[2025-09-11T09:49:45.226+0000] {logging_mixin.py:190} INFO - [2025-09-11T09:49:45.226+0000] {override.py:1912} INFO - Created Permission View: can delete on DAG:dataset_alias_example_alias_producer
[2025-09-11T09:49:45.308+0000] {logging_mixin.py:190} INFO - [2025-09-11T09:49:45.307+0000] {override.py:1912} INFO - Created Permission View: can create on DAG Run:dataset_alias_example_alias_producer
[2025-09-11T09:49:45.387+0000] {logging_mixin.py:190} INFO - [2025-09-11T09:49:45.386+0000] {override.py:1912} INFO - Created Permission View: can read on DAG Run:dataset_alias_example_alias_producer
[2025-09-11T09:49:45.447+0000] {logging_mixin.py:190} INFO - [2025-09-11T09:49:45.446+0000] {override.py:1912} INFO - Created Permission View: can delete on DAG Run:dataset_alias_example_alias_producer
[2025-09-11T09:49:45.470+0000] {logging_mixin.py:190} INFO - [2025-09-11T09:49:45.470+0000] {override.py:1912} INFO - Created Permission View: menu access on DAG Run:dataset_alias_example_alias_producer
[2025-09-11T09:49:45.475+0000] {logging_mixin.py:190} INFO - [2025-09-11T09:49:45.474+0000] {dag.py:3239} INFO - Sync 4 DAGs
[2025-09-11T09:49:45.505+0000] {logging_mixin.py:190} INFO - [2025-09-11T09:49:45.504+0000] {dag.py:3262} INFO - Creating ORM DAG for dataset_s3_bucket_producer
[2025-09-11T09:49:45.517+0000] {logging_mixin.py:190} INFO - [2025-09-11T09:49:45.516+0000] {dag.py:3262} INFO - Creating ORM DAG for dataset_alias_example_alias_producer
[2025-09-11T09:49:45.529+0000] {logging_mixin.py:190} INFO - [2025-09-11T09:49:45.528+0000] {dag.py:3262} INFO - Creating ORM DAG for dataset_s3_bucket_consumer
[2025-09-11T09:49:45.532+0000] {logging_mixin.py:190} INFO - [2025-09-11T09:49:45.531+0000] {dag.py:3262} INFO - Creating ORM DAG for dataset_alias_example_alias_consumer
[2025-09-11T09:49:45.555+0000] {logging_mixin.py:190} INFO - [2025-09-11T09:49:45.555+0000] {dag.py:4180} INFO - Setting next_dagrun for dataset_alias_example_alias_consumer to None, run_after=None
[2025-09-11T09:49:45.560+0000] {logging_mixin.py:190} INFO - [2025-09-11T09:49:45.559+0000] {dag.py:4180} INFO - Setting next_dagrun for dataset_alias_example_alias_producer to None, run_after=None
[2025-09-11T09:49:45.574+0000] {logging_mixin.py:190} INFO - [2025-09-11T09:49:45.574+0000] {dag.py:4180} INFO - Setting next_dagrun for dataset_s3_bucket_consumer to None, run_after=None
[2025-09-11T09:49:45.582+0000] {logging_mixin.py:190} INFO - [2025-09-11T09:49:45.582+0000] {dag.py:4180} INFO - Setting next_dagrun for dataset_s3_bucket_producer to None, run_after=None
[2025-09-11T09:49:45.674+0000] {processor.py:208} INFO - Processing /home/airflow/.local/lib/python3.12/site-packages/airflow/example_dags/example_dataset_alias.py took 3.327 seconds
[2025-09-11T09:50:16.047+0000] {processor.py:186} INFO - Started process (PID=173) to work on /home/airflow/.local/lib/python3.12/site-packages/airflow/example_dags/example_dataset_alias.py
[2025-09-11T09:50:16.056+0000] {processor.py:914} INFO - Processing file /home/airflow/.local/lib/python3.12/site-packages/airflow/example_dags/example_dataset_alias.py for tasks to queue
[2025-09-11T09:50:16.070+0000] {logging_mixin.py:190} INFO - [2025-09-11T09:50:16.069+0000] {dagbag.py:588} INFO - Filling up the DagBag from /home/airflow/.local/lib/python3.12/site-packages/airflow/example_dags/example_dataset_alias.py
[2025-09-11T09:50:18.328+0000] {processor.py:925} INFO - DAG(s) 'dataset_s3_bucket_consumer', 'dataset_s3_bucket_producer', 'dataset_alias_example_alias_consumer', 'dataset_alias_example_alias_producer' retrieved from /home/airflow/.local/lib/python3.12/site-packages/airflow/example_dags/example_dataset_alias.py
[2025-09-11T09:50:18.423+0000] {logging_mixin.py:190} INFO - [2025-09-11T09:50:18.422+0000] {dag.py:3239} INFO - Sync 4 DAGs
[2025-09-11T09:50:18.502+0000] {logging_mixin.py:190} INFO - [2025-09-11T09:50:18.501+0000] {dag.py:4180} INFO - Setting next_dagrun for dataset_alias_example_alias_consumer to None, run_after=None
[2025-09-11T09:50:18.511+0000] {logging_mixin.py:190} INFO - [2025-09-11T09:50:18.510+0000] {dag.py:4180} INFO - Setting next_dagrun for dataset_alias_example_alias_producer to None, run_after=None
[2025-09-11T09:50:18.516+0000] {logging_mixin.py:190} INFO - [2025-09-11T09:50:18.516+0000] {dag.py:4180} INFO - Setting next_dagrun for dataset_s3_bucket_consumer to None, run_after=None
[2025-09-11T09:50:18.520+0000] {logging_mixin.py:190} INFO - [2025-09-11T09:50:18.520+0000] {dag.py:4180} INFO - Setting next_dagrun for dataset_s3_bucket_producer to None, run_after=None
[2025-09-11T09:50:18.597+0000] {processor.py:208} INFO - Processing /home/airflow/.local/lib/python3.12/site-packages/airflow/example_dags/example_dataset_alias.py took 2.559 seconds
[2025-09-11T09:50:48.737+0000] {processor.py:186} INFO - Started process (PID=245) to work on /home/airflow/.local/lib/python3.12/site-packages/airflow/example_dags/example_dataset_alias.py
[2025-09-11T09:50:48.739+0000] {processor.py:914} INFO - Processing file /home/airflow/.local/lib/python3.12/site-packages/airflow/example_dags/example_dataset_alias.py for tasks to queue
[2025-09-11T09:50:48.743+0000] {logging_mixin.py:190} INFO - [2025-09-11T09:50:48.742+0000] {dagbag.py:588} INFO - Filling up the DagBag from /home/airflow/.local/lib/python3.12/site-packages/airflow/example_dags/example_dataset_alias.py
[2025-09-11T09:50:49.905+0000] {processor.py:925} INFO - DAG(s) 'dataset_s3_bucket_consumer', 'dataset_s3_bucket_producer', 'dataset_alias_example_alias_producer', 'dataset_alias_example_alias_consumer' retrieved from /home/airflow/.local/lib/python3.12/site-packages/airflow/example_dags/example_dataset_alias.py
[2025-09-11T09:50:49.945+0000] {logging_mixin.py:190} INFO - [2025-09-11T09:50:49.944+0000] {dag.py:3239} INFO - Sync 4 DAGs
[2025-09-11T09:50:50.003+0000] {logging_mixin.py:190} INFO - [2025-09-11T09:50:50.003+0000] {dag.py:4180} INFO - Setting next_dagrun for dataset_alias_example_alias_consumer to None, run_after=None
[2025-09-11T09:50:50.010+0000] {logging_mixin.py:190} INFO - [2025-09-11T09:50:50.009+0000] {dag.py:4180} INFO - Setting next_dagrun for dataset_alias_example_alias_producer to None, run_after=None
[2025-09-11T09:50:50.014+0000] {logging_mixin.py:190} INFO - [2025-09-11T09:50:50.014+0000] {dag.py:4180} INFO - Setting next_dagrun for dataset_s3_bucket_consumer to None, run_after=None
[2025-09-11T09:50:50.016+0000] {logging_mixin.py:190} INFO - [2025-09-11T09:50:50.016+0000] {dag.py:4180} INFO - Setting next_dagrun for dataset_s3_bucket_producer to None, run_after=None
[2025-09-11T09:50:50.063+0000] {processor.py:208} INFO - Processing /home/airflow/.local/lib/python3.12/site-packages/airflow/example_dags/example_dataset_alias.py took 1.336 seconds
[2025-09-11T09:51:20.354+0000] {processor.py:186} INFO - Started process (PID=314) to work on /home/airflow/.local/lib/python3.12/site-packages/airflow/example_dags/example_dataset_alias.py
[2025-09-11T09:51:20.358+0000] {processor.py:914} INFO - Processing file /home/airflow/.local/lib/python3.12/site-packages/airflow/example_dags/example_dataset_alias.py for tasks to queue
[2025-09-11T09:51:20.366+0000] {logging_mixin.py:190} INFO - [2025-09-11T09:51:20.365+0000] {dagbag.py:588} INFO - Filling up the DagBag from /home/airflow/.local/lib/python3.12/site-packages/airflow/example_dags/example_dataset_alias.py
[2025-09-11T09:51:21.925+0000] {processor.py:925} INFO - DAG(s) 'dataset_s3_bucket_consumer', 'dataset_alias_example_alias_producer', 'dataset_alias_example_alias_consumer', 'dataset_s3_bucket_producer' retrieved from /home/airflow/.local/lib/python3.12/site-packages/airflow/example_dags/example_dataset_alias.py
[2025-09-11T09:51:22.020+0000] {logging_mixin.py:190} INFO - [2025-09-11T09:51:22.018+0000] {dag.py:3239} INFO - Sync 4 DAGs
[2025-09-11T09:51:22.093+0000] {logging_mixin.py:190} INFO - [2025-09-11T09:51:22.093+0000] {dag.py:4180} INFO - Setting next_dagrun for dataset_alias_example_alias_consumer to None, run_after=None
[2025-09-11T09:51:22.111+0000] {logging_mixin.py:190} INFO - [2025-09-11T09:51:22.110+0000] {dag.py:4180} INFO - Setting next_dagrun for dataset_alias_example_alias_producer to None, run_after=None
[2025-09-11T09:51:22.125+0000] {logging_mixin.py:190} INFO - [2025-09-11T09:51:22.125+0000] {dag.py:4180} INFO - Setting next_dagrun for dataset_s3_bucket_consumer to None, run_after=None
[2025-09-11T09:51:22.134+0000] {logging_mixin.py:190} INFO - [2025-09-11T09:51:22.134+0000] {dag.py:4180} INFO - Setting next_dagrun for dataset_s3_bucket_producer to None, run_after=None
[2025-09-11T09:51:22.222+0000] {processor.py:208} INFO - Processing /home/airflow/.local/lib/python3.12/site-packages/airflow/example_dags/example_dataset_alias.py took 1.881 seconds
[2025-09-11T09:51:53.341+0000] {processor.py:186} INFO - Started process (PID=380) to work on /home/airflow/.local/lib/python3.12/site-packages/airflow/example_dags/example_dataset_alias.py
[2025-09-11T09:51:53.348+0000] {processor.py:914} INFO - Processing file /home/airflow/.local/lib/python3.12/site-packages/airflow/example_dags/example_dataset_alias.py for tasks to queue
[2025-09-11T09:51:53.356+0000] {logging_mixin.py:190} INFO - [2025-09-11T09:51:53.355+0000] {dagbag.py:588} INFO - Filling up the DagBag from /home/airflow/.local/lib/python3.12/site-packages/airflow/example_dags/example_dataset_alias.py
[2025-09-11T09:51:55.145+0000] {processor.py:925} INFO - DAG(s) 'dataset_alias_example_alias_consumer', 'dataset_alias_example_alias_producer', 'dataset_s3_bucket_consumer', 'dataset_s3_bucket_producer' retrieved from /home/airflow/.local/lib/python3.12/site-packages/airflow/example_dags/example_dataset_alias.py
[2025-09-11T09:51:55.210+0000] {logging_mixin.py:190} INFO - [2025-09-11T09:51:55.209+0000] {dag.py:3239} INFO - Sync 4 DAGs
[2025-09-11T09:51:55.285+0000] {logging_mixin.py:190} INFO - [2025-09-11T09:51:55.285+0000] {dag.py:4180} INFO - Setting next_dagrun for dataset_alias_example_alias_consumer to None, run_after=None
[2025-09-11T09:51:55.292+0000] {logging_mixin.py:190} INFO - [2025-09-11T09:51:55.291+0000] {dag.py:4180} INFO - Setting next_dagrun for dataset_alias_example_alias_producer to None, run_after=None
[2025-09-11T09:51:55.303+0000] {logging_mixin.py:190} INFO - [2025-09-11T09:51:55.303+0000] {dag.py:4180} INFO - Setting next_dagrun for dataset_s3_bucket_consumer to None, run_after=None
[2025-09-11T09:51:55.307+0000] {logging_mixin.py:190} INFO - [2025-09-11T09:51:55.306+0000] {dag.py:4180} INFO - Setting next_dagrun for dataset_s3_bucket_producer to None, run_after=None
[2025-09-11T09:51:55.374+0000] {processor.py:208} INFO - Processing /home/airflow/.local/lib/python3.12/site-packages/airflow/example_dags/example_dataset_alias.py took 2.046 seconds
[2025-09-11T09:52:25.616+0000] {processor.py:186} INFO - Started process (PID=444) to work on /home/airflow/.local/lib/python3.12/site-packages/airflow/example_dags/example_dataset_alias.py
[2025-09-11T09:52:25.619+0000] {processor.py:914} INFO - Processing file /home/airflow/.local/lib/python3.12/site-packages/airflow/example_dags/example_dataset_alias.py for tasks to queue
[2025-09-11T09:52:25.628+0000] {logging_mixin.py:190} INFO - [2025-09-11T09:52:25.627+0000] {dagbag.py:588} INFO - Filling up the DagBag from /home/airflow/.local/lib/python3.12/site-packages/airflow/example_dags/example_dataset_alias.py
[2025-09-11T09:52:26.761+0000] {processor.py:925} INFO - DAG(s) 'dataset_alias_example_alias_producer', 'dataset_s3_bucket_producer', 'dataset_alias_example_alias_consumer', 'dataset_s3_bucket_consumer' retrieved from /home/airflow/.local/lib/python3.12/site-packages/airflow/example_dags/example_dataset_alias.py
[2025-09-11T09:52:26.805+0000] {logging_mixin.py:190} INFO - [2025-09-11T09:52:26.803+0000] {dag.py:3239} INFO - Sync 4 DAGs
[2025-09-11T09:52:26.845+0000] {logging_mixin.py:190} INFO - [2025-09-11T09:52:26.844+0000] {dag.py:4180} INFO - Setting next_dagrun for dataset_alias_example_alias_consumer to None, run_after=None
[2025-09-11T09:52:26.848+0000] {logging_mixin.py:190} INFO - [2025-09-11T09:52:26.848+0000] {dag.py:4180} INFO - Setting next_dagrun for dataset_alias_example_alias_producer to None, run_after=None
[2025-09-11T09:52:26.851+0000] {logging_mixin.py:190} INFO - [2025-09-11T09:52:26.851+0000] {dag.py:4180} INFO - Setting next_dagrun for dataset_s3_bucket_consumer to None, run_after=None
[2025-09-11T09:52:26.854+0000] {logging_mixin.py:190} INFO - [2025-09-11T09:52:26.853+0000] {dag.py:4180} INFO - Setting next_dagrun for dataset_s3_bucket_producer to None, run_after=None
[2025-09-11T09:52:26.897+0000] {processor.py:208} INFO - Processing /home/airflow/.local/lib/python3.12/site-packages/airflow/example_dags/example_dataset_alias.py took 1.297 seconds
[2025-09-11T09:52:57.389+0000] {processor.py:186} INFO - Started process (PID=511) to work on /home/airflow/.local/lib/python3.12/site-packages/airflow/example_dags/example_dataset_alias.py
[2025-09-11T09:52:57.392+0000] {processor.py:914} INFO - Processing file /home/airflow/.local/lib/python3.12/site-packages/airflow/example_dags/example_dataset_alias.py for tasks to queue
[2025-09-11T09:52:57.396+0000] {logging_mixin.py:190} INFO - [2025-09-11T09:52:57.396+0000] {dagbag.py:588} INFO - Filling up the DagBag from /home/airflow/.local/lib/python3.12/site-packages/airflow/example_dags/example_dataset_alias.py
[2025-09-11T09:52:59.053+0000] {processor.py:925} INFO - DAG(s) 'dataset_s3_bucket_producer', 'dataset_alias_example_alias_consumer', 'dataset_s3_bucket_consumer', 'dataset_alias_example_alias_producer' retrieved from /home/airflow/.local/lib/python3.12/site-packages/airflow/example_dags/example_dataset_alias.py
[2025-09-11T09:52:59.184+0000] {logging_mixin.py:190} INFO - [2025-09-11T09:52:59.183+0000] {dag.py:3239} INFO - Sync 4 DAGs
[2025-09-11T09:52:59.294+0000] {logging_mixin.py:190} INFO - [2025-09-11T09:52:59.293+0000] {dag.py:4180} INFO - Setting next_dagrun for dataset_alias_example_alias_consumer to None, run_after=None
[2025-09-11T09:52:59.312+0000] {logging_mixin.py:190} INFO - [2025-09-11T09:52:59.311+0000] {dag.py:4180} INFO - Setting next_dagrun for dataset_alias_example_alias_producer to None, run_after=None
[2025-09-11T09:52:59.316+0000] {logging_mixin.py:190} INFO - [2025-09-11T09:52:59.316+0000] {dag.py:4180} INFO - Setting next_dagrun for dataset_s3_bucket_consumer to None, run_after=None
[2025-09-11T09:52:59.320+0000] {logging_mixin.py:190} INFO - [2025-09-11T09:52:59.320+0000] {dag.py:4180} INFO - Setting next_dagrun for dataset_s3_bucket_producer to None, run_after=None
[2025-09-11T09:52:59.404+0000] {processor.py:208} INFO - Processing /home/airflow/.local/lib/python3.12/site-packages/airflow/example_dags/example_dataset_alias.py took 2.030 seconds
[2025-09-11T09:53:30.620+0000] {processor.py:186} INFO - Started process (PID=576) to work on /home/airflow/.local/lib/python3.12/site-packages/airflow/example_dags/example_dataset_alias.py
[2025-09-11T09:53:30.623+0000] {processor.py:914} INFO - Processing file /home/airflow/.local/lib/python3.12/site-packages/airflow/example_dags/example_dataset_alias.py for tasks to queue
[2025-09-11T09:53:30.633+0000] {logging_mixin.py:190} INFO - [2025-09-11T09:53:30.629+0000] {dagbag.py:588} INFO - Filling up the DagBag from /home/airflow/.local/lib/python3.12/site-packages/airflow/example_dags/example_dataset_alias.py
[2025-09-11T09:53:34.063+0000] {processor.py:925} INFO - DAG(s) 'dataset_alias_example_alias_consumer', 'dataset_s3_bucket_consumer', 'dataset_s3_bucket_producer', 'dataset_alias_example_alias_producer' retrieved from /home/airflow/.local/lib/python3.12/site-packages/airflow/example_dags/example_dataset_alias.py
[2025-09-11T09:53:34.205+0000] {logging_mixin.py:190} INFO - [2025-09-11T09:53:34.204+0000] {dag.py:3239} INFO - Sync 4 DAGs
[2025-09-11T09:53:34.321+0000] {logging_mixin.py:190} INFO - [2025-09-11T09:53:34.320+0000] {dag.py:4180} INFO - Setting next_dagrun for dataset_alias_example_alias_consumer to None, run_after=None
[2025-09-11T09:53:34.331+0000] {logging_mixin.py:190} INFO - [2025-09-11T09:53:34.330+0000] {dag.py:4180} INFO - Setting next_dagrun for dataset_alias_example_alias_producer to None, run_after=None
[2025-09-11T09:53:34.348+0000] {logging_mixin.py:190} INFO - [2025-09-11T09:53:34.348+0000] {dag.py:4180} INFO - Setting next_dagrun for dataset_s3_bucket_consumer to None, run_after=None
[2025-09-11T09:53:34.355+0000] {logging_mixin.py:190} INFO - [2025-09-11T09:53:34.354+0000] {dag.py:4180} INFO - Setting next_dagrun for dataset_s3_bucket_producer to None, run_after=None
[2025-09-11T09:53:34.452+0000] {processor.py:208} INFO - Processing /home/airflow/.local/lib/python3.12/site-packages/airflow/example_dags/example_dataset_alias.py took 3.854 seconds
[2025-09-11T09:54:04.933+0000] {processor.py:186} INFO - Started process (PID=639) to work on /home/airflow/.local/lib/python3.12/site-packages/airflow/example_dags/example_dataset_alias.py
[2025-09-11T09:54:04.935+0000] {processor.py:914} INFO - Processing file /home/airflow/.local/lib/python3.12/site-packages/airflow/example_dags/example_dataset_alias.py for tasks to queue
[2025-09-11T09:54:04.941+0000] {logging_mixin.py:190} INFO - [2025-09-11T09:54:04.940+0000] {dagbag.py:588} INFO - Filling up the DagBag from /home/airflow/.local/lib/python3.12/site-packages/airflow/example_dags/example_dataset_alias.py
[2025-09-11T09:54:07.164+0000] {processor.py:925} INFO - DAG(s) 'dataset_s3_bucket_producer', 'dataset_s3_bucket_consumer', 'dataset_alias_example_alias_consumer', 'dataset_alias_example_alias_producer' retrieved from /home/airflow/.local/lib/python3.12/site-packages/airflow/example_dags/example_dataset_alias.py
[2025-09-11T09:54:07.236+0000] {logging_mixin.py:190} INFO - [2025-09-11T09:54:07.235+0000] {dag.py:3239} INFO - Sync 4 DAGs
[2025-09-11T09:54:07.338+0000] {logging_mixin.py:190} INFO - [2025-09-11T09:54:07.338+0000] {dag.py:4180} INFO - Setting next_dagrun for dataset_alias_example_alias_consumer to None, run_after=None
[2025-09-11T09:54:07.354+0000] {logging_mixin.py:190} INFO - [2025-09-11T09:54:07.354+0000] {dag.py:4180} INFO - Setting next_dagrun for dataset_alias_example_alias_producer to None, run_after=None
[2025-09-11T09:54:07.359+0000] {logging_mixin.py:190} INFO - [2025-09-11T09:54:07.358+0000] {dag.py:4180} INFO - Setting next_dagrun for dataset_s3_bucket_consumer to None, run_after=None
[2025-09-11T09:54:07.363+0000] {logging_mixin.py:190} INFO - [2025-09-11T09:54:07.363+0000] {dag.py:4180} INFO - Setting next_dagrun for dataset_s3_bucket_producer to None, run_after=None
[2025-09-11T09:54:07.453+0000] {processor.py:208} INFO - Processing /home/airflow/.local/lib/python3.12/site-packages/airflow/example_dags/example_dataset_alias.py took 2.536 seconds
[2025-09-11T09:54:38.195+0000] {processor.py:186} INFO - Started process (PID=704) to work on /home/airflow/.local/lib/python3.12/site-packages/airflow/example_dags/example_dataset_alias.py
[2025-09-11T09:54:38.208+0000] {processor.py:914} INFO - Processing file /home/airflow/.local/lib/python3.12/site-packages/airflow/example_dags/example_dataset_alias.py for tasks to queue
[2025-09-11T09:54:38.225+0000] {logging_mixin.py:190} INFO - [2025-09-11T09:54:38.224+0000] {dagbag.py:588} INFO - Filling up the DagBag from /home/airflow/.local/lib/python3.12/site-packages/airflow/example_dags/example_dataset_alias.py
[2025-09-11T09:54:40.102+0000] {processor.py:925} INFO - DAG(s) 'dataset_s3_bucket_producer', 'dataset_s3_bucket_consumer', 'dataset_alias_example_alias_consumer', 'dataset_alias_example_alias_producer' retrieved from /home/airflow/.local/lib/python3.12/site-packages/airflow/example_dags/example_dataset_alias.py
[2025-09-11T09:54:40.176+0000] {logging_mixin.py:190} INFO - [2025-09-11T09:54:40.175+0000] {dag.py:3239} INFO - Sync 4 DAGs
[2025-09-11T09:54:40.228+0000] {logging_mixin.py:190} INFO - [2025-09-11T09:54:40.228+0000] {dag.py:4180} INFO - Setting next_dagrun for dataset_alias_example_alias_consumer to None, run_after=None
[2025-09-11T09:54:40.234+0000] {logging_mixin.py:190} INFO - [2025-09-11T09:54:40.233+0000] {dag.py:4180} INFO - Setting next_dagrun for dataset_alias_example_alias_producer to None, run_after=None
[2025-09-11T09:54:40.236+0000] {logging_mixin.py:190} INFO - [2025-09-11T09:54:40.236+0000] {dag.py:4180} INFO - Setting next_dagrun for dataset_s3_bucket_consumer to None, run_after=None
[2025-09-11T09:54:40.239+0000] {logging_mixin.py:190} INFO - [2025-09-11T09:54:40.239+0000] {dag.py:4180} INFO - Setting next_dagrun for dataset_s3_bucket_producer to None, run_after=None
[2025-09-11T09:54:40.330+0000] {processor.py:208} INFO - Processing /home/airflow/.local/lib/python3.12/site-packages/airflow/example_dags/example_dataset_alias.py took 2.175 seconds
[2025-09-11T09:55:10.788+0000] {processor.py:186} INFO - Started process (PID=772) to work on /home/airflow/.local/lib/python3.12/site-packages/airflow/example_dags/example_dataset_alias.py
[2025-09-11T09:55:10.798+0000] {processor.py:914} INFO - Processing file /home/airflow/.local/lib/python3.12/site-packages/airflow/example_dags/example_dataset_alias.py for tasks to queue
[2025-09-11T09:55:10.805+0000] {logging_mixin.py:190} INFO - [2025-09-11T09:55:10.805+0000] {dagbag.py:588} INFO - Filling up the DagBag from /home/airflow/.local/lib/python3.12/site-packages/airflow/example_dags/example_dataset_alias.py
[2025-09-11T09:55:13.070+0000] {processor.py:925} INFO - DAG(s) 'dataset_alias_example_alias_producer', 'dataset_alias_example_alias_consumer', 'dataset_s3_bucket_producer', 'dataset_s3_bucket_consumer' retrieved from /home/airflow/.local/lib/python3.12/site-packages/airflow/example_dags/example_dataset_alias.py
[2025-09-11T09:55:13.206+0000] {logging_mixin.py:190} INFO - [2025-09-11T09:55:13.205+0000] {dag.py:3239} INFO - Sync 4 DAGs
[2025-09-11T09:55:13.330+0000] {logging_mixin.py:190} INFO - [2025-09-11T09:55:13.329+0000] {dag.py:4180} INFO - Setting next_dagrun for dataset_alias_example_alias_consumer to None, run_after=None
[2025-09-11T09:55:13.344+0000] {logging_mixin.py:190} INFO - [2025-09-11T09:55:13.342+0000] {dag.py:4180} INFO - Setting next_dagrun for dataset_alias_example_alias_producer to None, run_after=None
[2025-09-11T09:55:13.371+0000] {logging_mixin.py:190} INFO - [2025-09-11T09:55:13.370+0000] {dag.py:4180} INFO - Setting next_dagrun for dataset_s3_bucket_consumer to None, run_after=None
[2025-09-11T09:55:13.378+0000] {logging_mixin.py:190} INFO - [2025-09-11T09:55:13.378+0000] {dag.py:4180} INFO - Setting next_dagrun for dataset_s3_bucket_producer to None, run_after=None
[2025-09-11T09:55:13.607+0000] {processor.py:208} INFO - Processing /home/airflow/.local/lib/python3.12/site-packages/airflow/example_dags/example_dataset_alias.py took 2.841 seconds
[2025-09-11T09:55:43.743+0000] {processor.py:186} INFO - Started process (PID=839) to work on /home/airflow/.local/lib/python3.12/site-packages/airflow/example_dags/example_dataset_alias.py
[2025-09-11T09:55:43.746+0000] {processor.py:914} INFO - Processing file /home/airflow/.local/lib/python3.12/site-packages/airflow/example_dags/example_dataset_alias.py for tasks to queue
[2025-09-11T09:55:43.750+0000] {logging_mixin.py:190} INFO - [2025-09-11T09:55:43.750+0000] {dagbag.py:588} INFO - Filling up the DagBag from /home/airflow/.local/lib/python3.12/site-packages/airflow/example_dags/example_dataset_alias.py
[2025-09-11T09:55:45.098+0000] {processor.py:925} INFO - DAG(s) 'dataset_alias_example_alias_consumer', 'dataset_alias_example_alias_producer', 'dataset_s3_bucket_consumer', 'dataset_s3_bucket_producer' retrieved from /home/airflow/.local/lib/python3.12/site-packages/airflow/example_dags/example_dataset_alias.py
[2025-09-11T09:55:45.130+0000] {logging_mixin.py:190} INFO - [2025-09-11T09:55:45.129+0000] {dag.py:3239} INFO - Sync 4 DAGs
[2025-09-11T09:55:45.162+0000] {logging_mixin.py:190} INFO - [2025-09-11T09:55:45.162+0000] {dag.py:4180} INFO - Setting next_dagrun for dataset_alias_example_alias_consumer to None, run_after=None
[2025-09-11T09:55:45.167+0000] {logging_mixin.py:190} INFO - [2025-09-11T09:55:45.167+0000] {dag.py:4180} INFO - Setting next_dagrun for dataset_alias_example_alias_producer to None, run_after=None
[2025-09-11T09:55:45.169+0000] {logging_mixin.py:190} INFO - [2025-09-11T09:55:45.169+0000] {dag.py:4180} INFO - Setting next_dagrun for dataset_s3_bucket_consumer to None, run_after=None
[2025-09-11T09:55:45.172+0000] {logging_mixin.py:190} INFO - [2025-09-11T09:55:45.171+0000] {dag.py:4180} INFO - Setting next_dagrun for dataset_s3_bucket_producer to None, run_after=None
[2025-09-11T09:55:45.219+0000] {processor.py:208} INFO - Processing /home/airflow/.local/lib/python3.12/site-packages/airflow/example_dags/example_dataset_alias.py took 1.488 seconds
[2025-09-11T09:56:15.335+0000] {processor.py:186} INFO - Started process (PID=903) to work on /home/airflow/.local/lib/python3.12/site-packages/airflow/example_dags/example_dataset_alias.py
[2025-09-11T09:56:15.337+0000] {processor.py:914} INFO - Processing file /home/airflow/.local/lib/python3.12/site-packages/airflow/example_dags/example_dataset_alias.py for tasks to queue
[2025-09-11T09:56:15.347+0000] {logging_mixin.py:190} INFO - [2025-09-11T09:56:15.346+0000] {dagbag.py:588} INFO - Filling up the DagBag from /home/airflow/.local/lib/python3.12/site-packages/airflow/example_dags/example_dataset_alias.py
[2025-09-11T09:56:16.338+0000] {processor.py:925} INFO - DAG(s) 'dataset_s3_bucket_producer', 'dataset_alias_example_alias_producer', 'dataset_alias_example_alias_consumer', 'dataset_s3_bucket_consumer' retrieved from /home/airflow/.local/lib/python3.12/site-packages/airflow/example_dags/example_dataset_alias.py
[2025-09-11T09:56:16.386+0000] {logging_mixin.py:190} INFO - [2025-09-11T09:56:16.386+0000] {dag.py:3239} INFO - Sync 4 DAGs
[2025-09-11T09:56:16.420+0000] {logging_mixin.py:190} INFO - [2025-09-11T09:56:16.420+0000] {dag.py:4180} INFO - Setting next_dagrun for dataset_alias_example_alias_consumer to None, run_after=None
[2025-09-11T09:56:16.424+0000] {logging_mixin.py:190} INFO - [2025-09-11T09:56:16.424+0000] {dag.py:4180} INFO - Setting next_dagrun for dataset_alias_example_alias_producer to None, run_after=None
[2025-09-11T09:56:16.427+0000] {logging_mixin.py:190} INFO - [2025-09-11T09:56:16.427+0000] {dag.py:4180} INFO - Setting next_dagrun for dataset_s3_bucket_consumer to None, run_after=None
[2025-09-11T09:56:16.429+0000] {logging_mixin.py:190} INFO - [2025-09-11T09:56:16.429+0000] {dag.py:4180} INFO - Setting next_dagrun for dataset_s3_bucket_producer to None, run_after=None
[2025-09-11T09:56:16.465+0000] {processor.py:208} INFO - Processing /home/airflow/.local/lib/python3.12/site-packages/airflow/example_dags/example_dataset_alias.py took 1.145 seconds
[2025-09-11T09:56:47.086+0000] {processor.py:186} INFO - Started process (PID=974) to work on /home/airflow/.local/lib/python3.12/site-packages/airflow/example_dags/example_dataset_alias.py
[2025-09-11T09:56:47.088+0000] {processor.py:914} INFO - Processing file /home/airflow/.local/lib/python3.12/site-packages/airflow/example_dags/example_dataset_alias.py for tasks to queue
[2025-09-11T09:56:47.094+0000] {logging_mixin.py:190} INFO - [2025-09-11T09:56:47.093+0000] {dagbag.py:588} INFO - Filling up the DagBag from /home/airflow/.local/lib/python3.12/site-packages/airflow/example_dags/example_dataset_alias.py
[2025-09-11T09:56:48.277+0000] {processor.py:925} INFO - DAG(s) 'dataset_alias_example_alias_producer', 'dataset_s3_bucket_producer', 'dataset_s3_bucket_consumer', 'dataset_alias_example_alias_consumer' retrieved from /home/airflow/.local/lib/python3.12/site-packages/airflow/example_dags/example_dataset_alias.py
[2025-09-11T09:56:48.324+0000] {logging_mixin.py:190} INFO - [2025-09-11T09:56:48.323+0000] {dag.py:3239} INFO - Sync 4 DAGs
[2025-09-11T09:56:48.368+0000] {logging_mixin.py:190} INFO - [2025-09-11T09:56:48.367+0000] {dag.py:4180} INFO - Setting next_dagrun for dataset_alias_example_alias_consumer to None, run_after=None
[2025-09-11T09:56:48.373+0000] {logging_mixin.py:190} INFO - [2025-09-11T09:56:48.372+0000] {dag.py:4180} INFO - Setting next_dagrun for dataset_alias_example_alias_producer to None, run_after=None
[2025-09-11T09:56:48.375+0000] {logging_mixin.py:190} INFO - [2025-09-11T09:56:48.375+0000] {dag.py:4180} INFO - Setting next_dagrun for dataset_s3_bucket_consumer to None, run_after=None
[2025-09-11T09:56:48.378+0000] {logging_mixin.py:190} INFO - [2025-09-11T09:56:48.378+0000] {dag.py:4180} INFO - Setting next_dagrun for dataset_s3_bucket_producer to None, run_after=None
[2025-09-11T09:56:48.429+0000] {processor.py:208} INFO - Processing /home/airflow/.local/lib/python3.12/site-packages/airflow/example_dags/example_dataset_alias.py took 1.355 seconds
[2025-09-11T09:57:19.230+0000] {processor.py:186} INFO - Started process (PID=1042) to work on /home/airflow/.local/lib/python3.12/site-packages/airflow/example_dags/example_dataset_alias.py
[2025-09-11T09:57:19.234+0000] {processor.py:914} INFO - Processing file /home/airflow/.local/lib/python3.12/site-packages/airflow/example_dags/example_dataset_alias.py for tasks to queue
[2025-09-11T09:57:19.249+0000] {logging_mixin.py:190} INFO - [2025-09-11T09:57:19.249+0000] {dagbag.py:588} INFO - Filling up the DagBag from /home/airflow/.local/lib/python3.12/site-packages/airflow/example_dags/example_dataset_alias.py
[2025-09-11T09:57:20.302+0000] {processor.py:925} INFO - DAG(s) 'dataset_alias_example_alias_consumer', 'dataset_alias_example_alias_producer', 'dataset_s3_bucket_producer', 'dataset_s3_bucket_consumer' retrieved from /home/airflow/.local/lib/python3.12/site-packages/airflow/example_dags/example_dataset_alias.py
[2025-09-11T09:57:20.342+0000] {logging_mixin.py:190} INFO - [2025-09-11T09:57:20.340+0000] {dag.py:3239} INFO - Sync 4 DAGs
[2025-09-11T09:57:20.377+0000] {logging_mixin.py:190} INFO - [2025-09-11T09:57:20.376+0000] {dag.py:4180} INFO - Setting next_dagrun for dataset_alias_example_alias_consumer to None, run_after=None
[2025-09-11T09:57:20.384+0000] {logging_mixin.py:190} INFO - [2025-09-11T09:57:20.384+0000] {dag.py:4180} INFO - Setting next_dagrun for dataset_alias_example_alias_producer to None, run_after=None
[2025-09-11T09:57:20.386+0000] {logging_mixin.py:190} INFO - [2025-09-11T09:57:20.386+0000] {dag.py:4180} INFO - Setting next_dagrun for dataset_s3_bucket_consumer to None, run_after=None
[2025-09-11T09:57:20.389+0000] {logging_mixin.py:190} INFO - [2025-09-11T09:57:20.389+0000] {dag.py:4180} INFO - Setting next_dagrun for dataset_s3_bucket_producer to None, run_after=None
[2025-09-11T09:57:20.430+0000] {processor.py:208} INFO - Processing /home/airflow/.local/lib/python3.12/site-packages/airflow/example_dags/example_dataset_alias.py took 1.221 seconds
[2025-09-11T09:57:51.340+0000] {processor.py:186} INFO - Started process (PID=1108) to work on /home/airflow/.local/lib/python3.12/site-packages/airflow/example_dags/example_dataset_alias.py
[2025-09-11T09:57:51.342+0000] {processor.py:914} INFO - Processing file /home/airflow/.local/lib/python3.12/site-packages/airflow/example_dags/example_dataset_alias.py for tasks to queue
[2025-09-11T09:57:51.352+0000] {logging_mixin.py:190} INFO - [2025-09-11T09:57:51.350+0000] {dagbag.py:588} INFO - Filling up the DagBag from /home/airflow/.local/lib/python3.12/site-packages/airflow/example_dags/example_dataset_alias.py
[2025-09-11T09:57:53.399+0000] {processor.py:925} INFO - DAG(s) 'dataset_s3_bucket_producer', 'dataset_s3_bucket_consumer', 'dataset_alias_example_alias_consumer', 'dataset_alias_example_alias_producer' retrieved from /home/airflow/.local/lib/python3.12/site-packages/airflow/example_dags/example_dataset_alias.py
[2025-09-11T09:57:53.512+0000] {logging_mixin.py:190} INFO - [2025-09-11T09:57:53.506+0000] {dag.py:3239} INFO - Sync 4 DAGs
[2025-09-11T09:57:53.604+0000] {logging_mixin.py:190} INFO - [2025-09-11T09:57:53.604+0000] {dag.py:4180} INFO - Setting next_dagrun for dataset_alias_example_alias_consumer to None, run_after=None
[2025-09-11T09:57:53.610+0000] {logging_mixin.py:190} INFO - [2025-09-11T09:57:53.610+0000] {dag.py:4180} INFO - Setting next_dagrun for dataset_alias_example_alias_producer to None, run_after=None
[2025-09-11T09:57:53.620+0000] {logging_mixin.py:190} INFO - [2025-09-11T09:57:53.617+0000] {dag.py:4180} INFO - Setting next_dagrun for dataset_s3_bucket_consumer to None, run_after=None
[2025-09-11T09:57:53.623+0000] {logging_mixin.py:190} INFO - [2025-09-11T09:57:53.623+0000] {dag.py:4180} INFO - Setting next_dagrun for dataset_s3_bucket_producer to None, run_after=None
[2025-09-11T09:57:53.694+0000] {processor.py:208} INFO - Processing /home/airflow/.local/lib/python3.12/site-packages/airflow/example_dags/example_dataset_alias.py took 2.375 seconds
[2025-09-11T09:58:24.172+0000] {processor.py:186} INFO - Started process (PID=1171) to work on /home/airflow/.local/lib/python3.12/site-packages/airflow/example_dags/example_dataset_alias.py
[2025-09-11T09:58:24.177+0000] {processor.py:914} INFO - Processing file /home/airflow/.local/lib/python3.12/site-packages/airflow/example_dags/example_dataset_alias.py for tasks to queue
[2025-09-11T09:58:24.195+0000] {logging_mixin.py:190} INFO - [2025-09-11T09:58:24.193+0000] {dagbag.py:588} INFO - Filling up the DagBag from /home/airflow/.local/lib/python3.12/site-packages/airflow/example_dags/example_dataset_alias.py
[2025-09-11T09:58:25.989+0000] {processor.py:925} INFO - DAG(s) 'dataset_s3_bucket_consumer', 'dataset_alias_example_alias_producer', 'dataset_s3_bucket_producer', 'dataset_alias_example_alias_consumer' retrieved from /home/airflow/.local/lib/python3.12/site-packages/airflow/example_dags/example_dataset_alias.py
[2025-09-11T09:58:26.154+0000] {logging_mixin.py:190} INFO - [2025-09-11T09:58:26.153+0000] {dag.py:3239} INFO - Sync 4 DAGs
[2025-09-11T09:58:26.288+0000] {logging_mixin.py:190} INFO - [2025-09-11T09:58:26.288+0000] {dag.py:4180} INFO - Setting next_dagrun for dataset_alias_example_alias_consumer to None, run_after=None
[2025-09-11T09:58:26.302+0000] {logging_mixin.py:190} INFO - [2025-09-11T09:58:26.301+0000] {dag.py:4180} INFO - Setting next_dagrun for dataset_alias_example_alias_producer to None, run_after=None
[2025-09-11T09:58:26.306+0000] {logging_mixin.py:190} INFO - [2025-09-11T09:58:26.306+0000] {dag.py:4180} INFO - Setting next_dagrun for dataset_s3_bucket_consumer to None, run_after=None
[2025-09-11T09:58:26.313+0000] {logging_mixin.py:190} INFO - [2025-09-11T09:58:26.313+0000] {dag.py:4180} INFO - Setting next_dagrun for dataset_s3_bucket_producer to None, run_after=None
[2025-09-11T09:58:26.389+0000] {processor.py:208} INFO - Processing /home/airflow/.local/lib/python3.12/site-packages/airflow/example_dags/example_dataset_alias.py took 2.264 seconds
[2025-09-11T09:58:56.900+0000] {processor.py:186} INFO - Started process (PID=1238) to work on /home/airflow/.local/lib/python3.12/site-packages/airflow/example_dags/example_dataset_alias.py
[2025-09-11T09:58:56.901+0000] {processor.py:914} INFO - Processing file /home/airflow/.local/lib/python3.12/site-packages/airflow/example_dags/example_dataset_alias.py for tasks to queue
[2025-09-11T09:58:56.905+0000] {logging_mixin.py:190} INFO - [2025-09-11T09:58:56.905+0000] {dagbag.py:588} INFO - Filling up the DagBag from /home/airflow/.local/lib/python3.12/site-packages/airflow/example_dags/example_dataset_alias.py
[2025-09-11T09:58:58.479+0000] {processor.py:925} INFO - DAG(s) 'dataset_s3_bucket_producer', 'dataset_alias_example_alias_producer', 'dataset_s3_bucket_consumer', 'dataset_alias_example_alias_consumer' retrieved from /home/airflow/.local/lib/python3.12/site-packages/airflow/example_dags/example_dataset_alias.py
[2025-09-11T09:58:58.554+0000] {logging_mixin.py:190} INFO - [2025-09-11T09:58:58.553+0000] {dag.py:3239} INFO - Sync 4 DAGs
[2025-09-11T09:58:58.631+0000] {logging_mixin.py:190} INFO - [2025-09-11T09:58:58.630+0000] {dag.py:4180} INFO - Setting next_dagrun for dataset_alias_example_alias_consumer to None, run_after=None
[2025-09-11T09:58:58.639+0000] {logging_mixin.py:190} INFO - [2025-09-11T09:58:58.638+0000] {dag.py:4180} INFO - Setting next_dagrun for dataset_alias_example_alias_producer to None, run_after=None
[2025-09-11T09:58:58.642+0000] {logging_mixin.py:190} INFO - [2025-09-11T09:58:58.642+0000] {dag.py:4180} INFO - Setting next_dagrun for dataset_s3_bucket_consumer to None, run_after=None
[2025-09-11T09:58:58.646+0000] {logging_mixin.py:190} INFO - [2025-09-11T09:58:58.645+0000] {dag.py:4180} INFO - Setting next_dagrun for dataset_s3_bucket_producer to None, run_after=None
[2025-09-11T09:58:58.689+0000] {processor.py:208} INFO - Processing /home/airflow/.local/lib/python3.12/site-packages/airflow/example_dags/example_dataset_alias.py took 1.800 seconds
[2025-09-11T09:59:29.352+0000] {processor.py:186} INFO - Started process (PID=1306) to work on /home/airflow/.local/lib/python3.12/site-packages/airflow/example_dags/example_dataset_alias.py
[2025-09-11T09:59:29.354+0000] {processor.py:914} INFO - Processing file /home/airflow/.local/lib/python3.12/site-packages/airflow/example_dags/example_dataset_alias.py for tasks to queue
[2025-09-11T09:59:29.361+0000] {logging_mixin.py:190} INFO - [2025-09-11T09:59:29.361+0000] {dagbag.py:588} INFO - Filling up the DagBag from /home/airflow/.local/lib/python3.12/site-packages/airflow/example_dags/example_dataset_alias.py
[2025-09-11T09:59:31.037+0000] {processor.py:925} INFO - DAG(s) 'dataset_s3_bucket_producer', 'dataset_alias_example_alias_consumer', 'dataset_alias_example_alias_producer', 'dataset_s3_bucket_consumer' retrieved from /home/airflow/.local/lib/python3.12/site-packages/airflow/example_dags/example_dataset_alias.py
[2025-09-11T09:59:31.078+0000] {logging_mixin.py:190} INFO - [2025-09-11T09:59:31.077+0000] {dag.py:3239} INFO - Sync 4 DAGs
[2025-09-11T09:59:31.146+0000] {logging_mixin.py:190} INFO - [2025-09-11T09:59:31.145+0000] {dag.py:4180} INFO - Setting next_dagrun for dataset_alias_example_alias_consumer to None, run_after=None
[2025-09-11T09:59:31.153+0000] {logging_mixin.py:190} INFO - [2025-09-11T09:59:31.152+0000] {dag.py:4180} INFO - Setting next_dagrun for dataset_alias_example_alias_producer to None, run_after=None
[2025-09-11T09:59:31.157+0000] {logging_mixin.py:190} INFO - [2025-09-11T09:59:31.156+0000] {dag.py:4180} INFO - Setting next_dagrun for dataset_s3_bucket_consumer to None, run_after=None
[2025-09-11T09:59:31.161+0000] {logging_mixin.py:190} INFO - [2025-09-11T09:59:31.160+0000] {dag.py:4180} INFO - Setting next_dagrun for dataset_s3_bucket_producer to None, run_after=None
[2025-09-11T09:59:31.206+0000] {processor.py:208} INFO - Processing /home/airflow/.local/lib/python3.12/site-packages/airflow/example_dags/example_dataset_alias.py took 1.868 seconds
[2025-09-11T10:00:02.931+0000] {processor.py:186} INFO - Started process (PID=1374) to work on /home/airflow/.local/lib/python3.12/site-packages/airflow/example_dags/example_dataset_alias.py
[2025-09-11T10:00:02.934+0000] {processor.py:914} INFO - Processing file /home/airflow/.local/lib/python3.12/site-packages/airflow/example_dags/example_dataset_alias.py for tasks to queue
[2025-09-11T10:00:02.949+0000] {logging_mixin.py:190} INFO - [2025-09-11T10:00:02.947+0000] {dagbag.py:588} INFO - Filling up the DagBag from /home/airflow/.local/lib/python3.12/site-packages/airflow/example_dags/example_dataset_alias.py
[2025-09-11T10:00:04.762+0000] {processor.py:925} INFO - DAG(s) 'dataset_s3_bucket_consumer', 'dataset_s3_bucket_producer', 'dataset_alias_example_alias_producer', 'dataset_alias_example_alias_consumer' retrieved from /home/airflow/.local/lib/python3.12/site-packages/airflow/example_dags/example_dataset_alias.py
[2025-09-11T10:00:04.822+0000] {logging_mixin.py:190} INFO - [2025-09-11T10:00:04.821+0000] {dag.py:3239} INFO - Sync 4 DAGs
[2025-09-11T10:00:04.861+0000] {logging_mixin.py:190} INFO - [2025-09-11T10:00:04.861+0000] {dag.py:4180} INFO - Setting next_dagrun for dataset_alias_example_alias_consumer to None, run_after=None
[2025-09-11T10:00:04.866+0000] {logging_mixin.py:190} INFO - [2025-09-11T10:00:04.865+0000] {dag.py:4180} INFO - Setting next_dagrun for dataset_alias_example_alias_producer to None, run_after=None
[2025-09-11T10:00:04.869+0000] {logging_mixin.py:190} INFO - [2025-09-11T10:00:04.869+0000] {dag.py:4180} INFO - Setting next_dagrun for dataset_s3_bucket_consumer to None, run_after=None
[2025-09-11T10:00:04.872+0000] {logging_mixin.py:190} INFO - [2025-09-11T10:00:04.872+0000] {dag.py:4180} INFO - Setting next_dagrun for dataset_s3_bucket_producer to None, run_after=None
[2025-09-11T10:00:04.922+0000] {processor.py:208} INFO - Processing /home/airflow/.local/lib/python3.12/site-packages/airflow/example_dags/example_dataset_alias.py took 1.840 seconds
[2025-09-11T10:00:35.695+0000] {processor.py:186} INFO - Started process (PID=1437) to work on /home/airflow/.local/lib/python3.12/site-packages/airflow/example_dags/example_dataset_alias.py
[2025-09-11T10:00:35.697+0000] {processor.py:914} INFO - Processing file /home/airflow/.local/lib/python3.12/site-packages/airflow/example_dags/example_dataset_alias.py for tasks to queue
[2025-09-11T10:00:35.701+0000] {logging_mixin.py:190} INFO - [2025-09-11T10:00:35.701+0000] {dagbag.py:588} INFO - Filling up the DagBag from /home/airflow/.local/lib/python3.12/site-packages/airflow/example_dags/example_dataset_alias.py
[2025-09-11T10:00:37.040+0000] {processor.py:925} INFO - DAG(s) 'dataset_s3_bucket_consumer', 'dataset_s3_bucket_producer', 'dataset_alias_example_alias_consumer', 'dataset_alias_example_alias_producer' retrieved from /home/airflow/.local/lib/python3.12/site-packages/airflow/example_dags/example_dataset_alias.py
[2025-09-11T10:00:37.086+0000] {logging_mixin.py:190} INFO - [2025-09-11T10:00:37.085+0000] {dag.py:3239} INFO - Sync 4 DAGs
[2025-09-11T10:00:37.124+0000] {logging_mixin.py:190} INFO - [2025-09-11T10:00:37.124+0000] {dag.py:4180} INFO - Setting next_dagrun for dataset_alias_example_alias_consumer to None, run_after=None
[2025-09-11T10:00:37.129+0000] {logging_mixin.py:190} INFO - [2025-09-11T10:00:37.129+0000] {dag.py:4180} INFO - Setting next_dagrun for dataset_alias_example_alias_producer to None, run_after=None
[2025-09-11T10:00:37.134+0000] {logging_mixin.py:190} INFO - [2025-09-11T10:00:37.133+0000] {dag.py:4180} INFO - Setting next_dagrun for dataset_s3_bucket_consumer to None, run_after=None
[2025-09-11T10:00:37.139+0000] {logging_mixin.py:190} INFO - [2025-09-11T10:00:37.138+0000] {dag.py:4180} INFO - Setting next_dagrun for dataset_s3_bucket_producer to None, run_after=None
[2025-09-11T10:00:37.205+0000] {processor.py:208} INFO - Processing /home/airflow/.local/lib/python3.12/site-packages/airflow/example_dags/example_dataset_alias.py took 1.521 seconds
[2025-09-11T10:01:07.819+0000] {processor.py:186} INFO - Started process (PID=1502) to work on /home/airflow/.local/lib/python3.12/site-packages/airflow/example_dags/example_dataset_alias.py
[2025-09-11T10:01:07.821+0000] {processor.py:914} INFO - Processing file /home/airflow/.local/lib/python3.12/site-packages/airflow/example_dags/example_dataset_alias.py for tasks to queue
[2025-09-11T10:01:07.825+0000] {logging_mixin.py:190} INFO - [2025-09-11T10:01:07.825+0000] {dagbag.py:588} INFO - Filling up the DagBag from /home/airflow/.local/lib/python3.12/site-packages/airflow/example_dags/example_dataset_alias.py
[2025-09-11T10:01:09.038+0000] {processor.py:925} INFO - DAG(s) 'dataset_s3_bucket_producer', 'dataset_s3_bucket_consumer', 'dataset_alias_example_alias_consumer', 'dataset_alias_example_alias_producer' retrieved from /home/airflow/.local/lib/python3.12/site-packages/airflow/example_dags/example_dataset_alias.py
[2025-09-11T10:01:09.083+0000] {logging_mixin.py:190} INFO - [2025-09-11T10:01:09.082+0000] {dag.py:3239} INFO - Sync 4 DAGs
[2025-09-11T10:01:09.121+0000] {logging_mixin.py:190} INFO - [2025-09-11T10:01:09.121+0000] {dag.py:4180} INFO - Setting next_dagrun for dataset_alias_example_alias_consumer to None, run_after=None
[2025-09-11T10:01:09.125+0000] {logging_mixin.py:190} INFO - [2025-09-11T10:01:09.124+0000] {dag.py:4180} INFO - Setting next_dagrun for dataset_alias_example_alias_producer to None, run_after=None
[2025-09-11T10:01:09.127+0000] {logging_mixin.py:190} INFO - [2025-09-11T10:01:09.127+0000] {dag.py:4180} INFO - Setting next_dagrun for dataset_s3_bucket_consumer to None, run_after=None
[2025-09-11T10:01:09.129+0000] {logging_mixin.py:190} INFO - [2025-09-11T10:01:09.129+0000] {dag.py:4180} INFO - Setting next_dagrun for dataset_s3_bucket_producer to None, run_after=None
[2025-09-11T10:01:09.180+0000] {processor.py:208} INFO - Processing /home/airflow/.local/lib/python3.12/site-packages/airflow/example_dags/example_dataset_alias.py took 1.377 seconds
[2025-09-11T10:01:39.522+0000] {processor.py:186} INFO - Started process (PID=1565) to work on /home/airflow/.local/lib/python3.12/site-packages/airflow/example_dags/example_dataset_alias.py
[2025-09-11T10:01:39.546+0000] {processor.py:914} INFO - Processing file /home/airflow/.local/lib/python3.12/site-packages/airflow/example_dags/example_dataset_alias.py for tasks to queue
[2025-09-11T10:01:39.562+0000] {logging_mixin.py:190} INFO - [2025-09-11T10:01:39.561+0000] {dagbag.py:588} INFO - Filling up the DagBag from /home/airflow/.local/lib/python3.12/site-packages/airflow/example_dags/example_dataset_alias.py
[2025-09-11T10:01:41.176+0000] {processor.py:925} INFO - DAG(s) 'dataset_s3_bucket_producer', 'dataset_alias_example_alias_consumer', 'dataset_alias_example_alias_producer', 'dataset_s3_bucket_consumer' retrieved from /home/airflow/.local/lib/python3.12/site-packages/airflow/example_dags/example_dataset_alias.py
[2025-09-11T10:01:41.289+0000] {logging_mixin.py:190} INFO - [2025-09-11T10:01:41.287+0000] {dag.py:3239} INFO - Sync 4 DAGs
[2025-09-11T10:01:41.372+0000] {logging_mixin.py:190} INFO - [2025-09-11T10:01:41.371+0000] {dag.py:4180} INFO - Setting next_dagrun for dataset_alias_example_alias_consumer to None, run_after=None
[2025-09-11T10:01:41.435+0000] {logging_mixin.py:190} INFO - [2025-09-11T10:01:41.434+0000] {dag.py:4180} INFO - Setting next_dagrun for dataset_alias_example_alias_producer to None, run_after=None
[2025-09-11T10:01:41.450+0000] {logging_mixin.py:190} INFO - [2025-09-11T10:01:41.449+0000] {dag.py:4180} INFO - Setting next_dagrun for dataset_s3_bucket_consumer to None, run_after=None
[2025-09-11T10:01:41.460+0000] {logging_mixin.py:190} INFO - [2025-09-11T10:01:41.459+0000] {dag.py:4180} INFO - Setting next_dagrun for dataset_s3_bucket_producer to None, run_after=None
[2025-09-11T10:01:41.572+0000] {processor.py:208} INFO - Processing /home/airflow/.local/lib/python3.12/site-packages/airflow/example_dags/example_dataset_alias.py took 2.062 seconds
[2025-09-11T10:02:11.955+0000] {processor.py:186} INFO - Started process (PID=1633) to work on /home/airflow/.local/lib/python3.12/site-packages/airflow/example_dags/example_dataset_alias.py
[2025-09-11T10:02:11.956+0000] {processor.py:914} INFO - Processing file /home/airflow/.local/lib/python3.12/site-packages/airflow/example_dags/example_dataset_alias.py for tasks to queue
[2025-09-11T10:02:11.963+0000] {logging_mixin.py:190} INFO - [2025-09-11T10:02:11.962+0000] {dagbag.py:588} INFO - Filling up the DagBag from /home/airflow/.local/lib/python3.12/site-packages/airflow/example_dags/example_dataset_alias.py
[2025-09-11T10:02:14.366+0000] {processor.py:925} INFO - DAG(s) 'dataset_alias_example_alias_consumer', 'dataset_s3_bucket_consumer', 'dataset_s3_bucket_producer', 'dataset_alias_example_alias_producer' retrieved from /home/airflow/.local/lib/python3.12/site-packages/airflow/example_dags/example_dataset_alias.py
[2025-09-11T10:02:14.600+0000] {logging_mixin.py:190} INFO - [2025-09-11T10:02:14.598+0000] {dag.py:3239} INFO - Sync 4 DAGs
[2025-09-11T10:02:14.701+0000] {logging_mixin.py:190} INFO - [2025-09-11T10:02:14.700+0000] {dag.py:4180} INFO - Setting next_dagrun for dataset_alias_example_alias_consumer to None, run_after=None
[2025-09-11T10:02:14.711+0000] {logging_mixin.py:190} INFO - [2025-09-11T10:02:14.711+0000] {dag.py:4180} INFO - Setting next_dagrun for dataset_alias_example_alias_producer to None, run_after=None
[2025-09-11T10:02:14.716+0000] {logging_mixin.py:190} INFO - [2025-09-11T10:02:14.716+0000] {dag.py:4180} INFO - Setting next_dagrun for dataset_s3_bucket_consumer to None, run_after=None
[2025-09-11T10:02:14.723+0000] {logging_mixin.py:190} INFO - [2025-09-11T10:02:14.723+0000] {dag.py:4180} INFO - Setting next_dagrun for dataset_s3_bucket_producer to None, run_after=None
[2025-09-11T10:02:14.791+0000] {processor.py:208} INFO - Processing /home/airflow/.local/lib/python3.12/site-packages/airflow/example_dags/example_dataset_alias.py took 2.851 seconds
[2025-09-11T10:02:44.981+0000] {processor.py:186} INFO - Started process (PID=1700) to work on /home/airflow/.local/lib/python3.12/site-packages/airflow/example_dags/example_dataset_alias.py
[2025-09-11T10:02:44.986+0000] {processor.py:914} INFO - Processing file /home/airflow/.local/lib/python3.12/site-packages/airflow/example_dags/example_dataset_alias.py for tasks to queue
[2025-09-11T10:02:44.992+0000] {logging_mixin.py:190} INFO - [2025-09-11T10:02:44.992+0000] {dagbag.py:588} INFO - Filling up the DagBag from /home/airflow/.local/lib/python3.12/site-packages/airflow/example_dags/example_dataset_alias.py
[2025-09-11T10:02:47.329+0000] {processor.py:925} INFO - DAG(s) 'dataset_alias_example_alias_producer', 'dataset_s3_bucket_producer', 'dataset_alias_example_alias_consumer', 'dataset_s3_bucket_consumer' retrieved from /home/airflow/.local/lib/python3.12/site-packages/airflow/example_dags/example_dataset_alias.py
[2025-09-11T10:02:47.422+0000] {logging_mixin.py:190} INFO - [2025-09-11T10:02:47.421+0000] {dag.py:3239} INFO - Sync 4 DAGs
[2025-09-11T10:02:47.507+0000] {logging_mixin.py:190} INFO - [2025-09-11T10:02:47.498+0000] {dag.py:4180} INFO - Setting next_dagrun for dataset_alias_example_alias_consumer to None, run_after=None
[2025-09-11T10:02:47.515+0000] {logging_mixin.py:190} INFO - [2025-09-11T10:02:47.514+0000] {dag.py:4180} INFO - Setting next_dagrun for dataset_alias_example_alias_producer to None, run_after=None
[2025-09-11T10:02:47.519+0000] {logging_mixin.py:190} INFO - [2025-09-11T10:02:47.518+0000] {dag.py:4180} INFO - Setting next_dagrun for dataset_s3_bucket_consumer to None, run_after=None
[2025-09-11T10:02:47.531+0000] {logging_mixin.py:190} INFO - [2025-09-11T10:02:47.531+0000] {dag.py:4180} INFO - Setting next_dagrun for dataset_s3_bucket_producer to None, run_after=None
[2025-09-11T10:02:47.622+0000] {processor.py:208} INFO - Processing /home/airflow/.local/lib/python3.12/site-packages/airflow/example_dags/example_dataset_alias.py took 2.662 seconds
[2025-09-11T10:03:17.893+0000] {processor.py:186} INFO - Started process (PID=1764) to work on /home/airflow/.local/lib/python3.12/site-packages/airflow/example_dags/example_dataset_alias.py
[2025-09-11T10:03:17.895+0000] {processor.py:914} INFO - Processing file /home/airflow/.local/lib/python3.12/site-packages/airflow/example_dags/example_dataset_alias.py for tasks to queue
[2025-09-11T10:03:17.907+0000] {logging_mixin.py:190} INFO - [2025-09-11T10:03:17.905+0000] {dagbag.py:588} INFO - Filling up the DagBag from /home/airflow/.local/lib/python3.12/site-packages/airflow/example_dags/example_dataset_alias.py
[2025-09-11T10:03:19.349+0000] {processor.py:925} INFO - DAG(s) 'dataset_alias_example_alias_consumer', 'dataset_s3_bucket_producer', 'dataset_alias_example_alias_producer', 'dataset_s3_bucket_consumer' retrieved from /home/airflow/.local/lib/python3.12/site-packages/airflow/example_dags/example_dataset_alias.py
[2025-09-11T10:03:19.457+0000] {logging_mixin.py:190} INFO - [2025-09-11T10:03:19.456+0000] {dag.py:3239} INFO - Sync 4 DAGs
[2025-09-11T10:03:19.517+0000] {logging_mixin.py:190} INFO - [2025-09-11T10:03:19.517+0000] {dag.py:4180} INFO - Setting next_dagrun for dataset_alias_example_alias_consumer to None, run_after=None
[2025-09-11T10:03:19.530+0000] {logging_mixin.py:190} INFO - [2025-09-11T10:03:19.529+0000] {dag.py:4180} INFO - Setting next_dagrun for dataset_alias_example_alias_producer to None, run_after=None
[2025-09-11T10:03:19.534+0000] {logging_mixin.py:190} INFO - [2025-09-11T10:03:19.534+0000] {dag.py:4180} INFO - Setting next_dagrun for dataset_s3_bucket_consumer to None, run_after=None
[2025-09-11T10:03:19.538+0000] {logging_mixin.py:190} INFO - [2025-09-11T10:03:19.537+0000] {dag.py:4180} INFO - Setting next_dagrun for dataset_s3_bucket_producer to None, run_after=None
[2025-09-11T10:03:19.606+0000] {processor.py:208} INFO - Processing /home/airflow/.local/lib/python3.12/site-packages/airflow/example_dags/example_dataset_alias.py took 1.727 seconds
[2025-09-11T10:03:50.402+0000] {processor.py:186} INFO - Started process (PID=1834) to work on /home/airflow/.local/lib/python3.12/site-packages/airflow/example_dags/example_dataset_alias.py
[2025-09-11T10:03:50.404+0000] {processor.py:914} INFO - Processing file /home/airflow/.local/lib/python3.12/site-packages/airflow/example_dags/example_dataset_alias.py for tasks to queue
[2025-09-11T10:03:50.410+0000] {logging_mixin.py:190} INFO - [2025-09-11T10:03:50.410+0000] {dagbag.py:588} INFO - Filling up the DagBag from /home/airflow/.local/lib/python3.12/site-packages/airflow/example_dags/example_dataset_alias.py
[2025-09-11T10:03:51.807+0000] {processor.py:925} INFO - DAG(s) 'dataset_alias_example_alias_producer', 'dataset_s3_bucket_producer', 'dataset_alias_example_alias_consumer', 'dataset_s3_bucket_consumer' retrieved from /home/airflow/.local/lib/python3.12/site-packages/airflow/example_dags/example_dataset_alias.py
[2025-09-11T10:03:51.857+0000] {logging_mixin.py:190} INFO - [2025-09-11T10:03:51.856+0000] {dag.py:3239} INFO - Sync 4 DAGs
[2025-09-11T10:03:51.905+0000] {logging_mixin.py:190} INFO - [2025-09-11T10:03:51.904+0000] {dag.py:4180} INFO - Setting next_dagrun for dataset_alias_example_alias_consumer to None, run_after=None
[2025-09-11T10:03:51.911+0000] {logging_mixin.py:190} INFO - [2025-09-11T10:03:51.911+0000] {dag.py:4180} INFO - Setting next_dagrun for dataset_alias_example_alias_producer to None, run_after=None
[2025-09-11T10:03:51.915+0000] {logging_mixin.py:190} INFO - [2025-09-11T10:03:51.914+0000] {dag.py:4180} INFO - Setting next_dagrun for dataset_s3_bucket_consumer to None, run_after=None
[2025-09-11T10:03:51.918+0000] {logging_mixin.py:190} INFO - [2025-09-11T10:03:51.918+0000] {dag.py:4180} INFO - Setting next_dagrun for dataset_s3_bucket_producer to None, run_after=None
[2025-09-11T10:03:51.967+0000] {processor.py:208} INFO - Processing /home/airflow/.local/lib/python3.12/site-packages/airflow/example_dags/example_dataset_alias.py took 1.575 seconds
[2025-09-11T10:04:22.114+0000] {processor.py:186} INFO - Started process (PID=1903) to work on /home/airflow/.local/lib/python3.12/site-packages/airflow/example_dags/example_dataset_alias.py
[2025-09-11T10:04:22.116+0000] {processor.py:914} INFO - Processing file /home/airflow/.local/lib/python3.12/site-packages/airflow/example_dags/example_dataset_alias.py for tasks to queue
[2025-09-11T10:04:22.124+0000] {logging_mixin.py:190} INFO - [2025-09-11T10:04:22.123+0000] {dagbag.py:588} INFO - Filling up the DagBag from /home/airflow/.local/lib/python3.12/site-packages/airflow/example_dags/example_dataset_alias.py
[2025-09-11T10:04:23.672+0000] {processor.py:925} INFO - DAG(s) 'dataset_s3_bucket_producer', 'dataset_s3_bucket_consumer', 'dataset_alias_example_alias_consumer', 'dataset_alias_example_alias_producer' retrieved from /home/airflow/.local/lib/python3.12/site-packages/airflow/example_dags/example_dataset_alias.py
[2025-09-11T10:04:23.731+0000] {logging_mixin.py:190} INFO - [2025-09-11T10:04:23.729+0000] {dag.py:3239} INFO - Sync 4 DAGs
[2025-09-11T10:04:23.778+0000] {logging_mixin.py:190} INFO - [2025-09-11T10:04:23.777+0000] {dag.py:4180} INFO - Setting next_dagrun for dataset_alias_example_alias_consumer to None, run_after=None
[2025-09-11T10:04:23.783+0000] {logging_mixin.py:190} INFO - [2025-09-11T10:04:23.782+0000] {dag.py:4180} INFO - Setting next_dagrun for dataset_alias_example_alias_producer to None, run_after=None
[2025-09-11T10:04:23.786+0000] {logging_mixin.py:190} INFO - [2025-09-11T10:04:23.785+0000] {dag.py:4180} INFO - Setting next_dagrun for dataset_s3_bucket_consumer to None, run_after=None
[2025-09-11T10:04:23.788+0000] {logging_mixin.py:190} INFO - [2025-09-11T10:04:23.788+0000] {dag.py:4180} INFO - Setting next_dagrun for dataset_s3_bucket_producer to None, run_after=None
[2025-09-11T10:04:23.897+0000] {processor.py:208} INFO - Processing /home/airflow/.local/lib/python3.12/site-packages/airflow/example_dags/example_dataset_alias.py took 1.805 seconds
