[2025-09-11T09:49:46.467+0000] {processor.py:186} INFO - Started process (PID=113) to work on /home/airflow/.local/lib/python3.12/site-packages/airflow/example_dags/example_branch_datetime_operator.py
[2025-09-11T09:49:46.469+0000] {processor.py:914} INFO - Processing file /home/airflow/.local/lib/python3.12/site-packages/airflow/example_dags/example_branch_datetime_operator.py for tasks to queue
[2025-09-11T09:49:46.473+0000] {logging_mixin.py:190} INFO - [2025-09-11T09:49:46.472+0000] {dagbag.py:588} INFO - Filling up the DagBag from /home/airflow/.local/lib/python3.12/site-packages/airflow/example_dags/example_branch_datetime_operator.py
[2025-09-11T09:49:46.510+0000] {processor.py:925} INFO - DAG(s) 'example_branch_datetime_operator_3', 'example_branch_datetime_operator', 'example_branch_datetime_operator_2' retrieved from /home/airflow/.local/lib/python3.12/site-packages/airflow/example_dags/example_branch_datetime_operator.py
[2025-09-11T09:49:46.724+0000] {logging_mixin.py:190} INFO - [2025-09-11T09:49:46.722+0000] {override.py:1912} INFO - Created Permission View: can read on DAG:example_branch_datetime_operator_3
[2025-09-11T09:49:46.746+0000] {logging_mixin.py:190} INFO - [2025-09-11T09:49:46.745+0000] {override.py:1912} INFO - Created Permission View: can edit on DAG:example_branch_datetime_operator_3
[2025-09-11T09:49:46.764+0000] {logging_mixin.py:190} INFO - [2025-09-11T09:49:46.764+0000] {override.py:1912} INFO - Created Permission View: can delete on DAG:example_branch_datetime_operator_3
[2025-09-11T09:49:46.782+0000] {logging_mixin.py:190} INFO - [2025-09-11T09:49:46.782+0000] {override.py:1912} INFO - Created Permission View: can create on DAG Run:example_branch_datetime_operator_3
[2025-09-11T09:49:46.793+0000] {logging_mixin.py:190} INFO - [2025-09-11T09:49:46.793+0000] {override.py:1912} INFO - Created Permission View: can read on DAG Run:example_branch_datetime_operator_3
[2025-09-11T09:49:46.804+0000] {logging_mixin.py:190} INFO - [2025-09-11T09:49:46.804+0000] {override.py:1912} INFO - Created Permission View: can delete on DAG Run:example_branch_datetime_operator_3
[2025-09-11T09:49:46.814+0000] {logging_mixin.py:190} INFO - [2025-09-11T09:49:46.814+0000] {override.py:1912} INFO - Created Permission View: menu access on DAG Run:example_branch_datetime_operator_3
[2025-09-11T09:49:46.833+0000] {logging_mixin.py:190} INFO - [2025-09-11T09:49:46.832+0000] {override.py:1912} INFO - Created Permission View: can read on DAG:example_branch_datetime_operator
[2025-09-11T09:49:46.843+0000] {logging_mixin.py:190} INFO - [2025-09-11T09:49:46.843+0000] {override.py:1912} INFO - Created Permission View: can edit on DAG:example_branch_datetime_operator
[2025-09-11T09:49:46.856+0000] {logging_mixin.py:190} INFO - [2025-09-11T09:49:46.856+0000] {override.py:1912} INFO - Created Permission View: can delete on DAG:example_branch_datetime_operator
[2025-09-11T09:49:46.865+0000] {logging_mixin.py:190} INFO - [2025-09-11T09:49:46.865+0000] {override.py:1912} INFO - Created Permission View: can create on DAG Run:example_branch_datetime_operator
[2025-09-11T09:49:46.876+0000] {logging_mixin.py:190} INFO - [2025-09-11T09:49:46.876+0000] {override.py:1912} INFO - Created Permission View: can read on DAG Run:example_branch_datetime_operator
[2025-09-11T09:49:46.887+0000] {logging_mixin.py:190} INFO - [2025-09-11T09:49:46.887+0000] {override.py:1912} INFO - Created Permission View: can delete on DAG Run:example_branch_datetime_operator
[2025-09-11T09:49:46.899+0000] {logging_mixin.py:190} INFO - [2025-09-11T09:49:46.898+0000] {override.py:1912} INFO - Created Permission View: menu access on DAG Run:example_branch_datetime_operator
[2025-09-11T09:49:46.938+0000] {logging_mixin.py:190} INFO - [2025-09-11T09:49:46.937+0000] {override.py:1912} INFO - Created Permission View: can read on DAG:example_branch_datetime_operator_2
[2025-09-11T09:49:46.965+0000] {logging_mixin.py:190} INFO - [2025-09-11T09:49:46.965+0000] {override.py:1912} INFO - Created Permission View: can edit on DAG:example_branch_datetime_operator_2
[2025-09-11T09:49:46.981+0000] {logging_mixin.py:190} INFO - [2025-09-11T09:49:46.981+0000] {override.py:1912} INFO - Created Permission View: can delete on DAG:example_branch_datetime_operator_2
[2025-09-11T09:49:46.992+0000] {logging_mixin.py:190} INFO - [2025-09-11T09:49:46.992+0000] {override.py:1912} INFO - Created Permission View: can create on DAG Run:example_branch_datetime_operator_2
[2025-09-11T09:49:47.001+0000] {logging_mixin.py:190} INFO - [2025-09-11T09:49:47.001+0000] {override.py:1912} INFO - Created Permission View: can read on DAG Run:example_branch_datetime_operator_2
[2025-09-11T09:49:47.013+0000] {logging_mixin.py:190} INFO - [2025-09-11T09:49:47.012+0000] {override.py:1912} INFO - Created Permission View: can delete on DAG Run:example_branch_datetime_operator_2
[2025-09-11T09:49:47.024+0000] {logging_mixin.py:190} INFO - [2025-09-11T09:49:47.023+0000] {override.py:1912} INFO - Created Permission View: menu access on DAG Run:example_branch_datetime_operator_2
[2025-09-11T09:49:47.026+0000] {logging_mixin.py:190} INFO - [2025-09-11T09:49:47.026+0000] {dag.py:3239} INFO - Sync 3 DAGs
[2025-09-11T09:49:47.048+0000] {logging_mixin.py:190} INFO - [2025-09-11T09:49:47.048+0000] {dag.py:3262} INFO - Creating ORM DAG for example_branch_datetime_operator_2
[2025-09-11T09:49:47.050+0000] {logging_mixin.py:190} INFO - [2025-09-11T09:49:47.050+0000] {dag.py:3262} INFO - Creating ORM DAG for example_branch_datetime_operator
[2025-09-11T09:49:47.052+0000] {logging_mixin.py:190} INFO - [2025-09-11T09:49:47.051+0000] {dag.py:3262} INFO - Creating ORM DAG for example_branch_datetime_operator_3
[2025-09-11T09:49:47.067+0000] {logging_mixin.py:190} INFO - [2025-09-11T09:49:47.067+0000] {dag.py:4180} INFO - Setting next_dagrun for example_branch_datetime_operator to 2025-09-10 00:00:00+00:00, run_after=2025-09-11 00:00:00+00:00
[2025-09-11T09:49:47.071+0000] {logging_mixin.py:190} INFO - [2025-09-11T09:49:47.070+0000] {dag.py:4180} INFO - Setting next_dagrun for example_branch_datetime_operator_2 to 2025-09-10 00:00:00+00:00, run_after=2025-09-11 00:00:00+00:00
[2025-09-11T09:49:47.075+0000] {logging_mixin.py:190} INFO - [2025-09-11T09:49:47.074+0000] {dag.py:4180} INFO - Setting next_dagrun for example_branch_datetime_operator_3 to 2025-09-10 00:00:00+00:00, run_after=2025-09-11 00:00:00+00:00
[2025-09-11T09:49:47.107+0000] {processor.py:208} INFO - Processing /home/airflow/.local/lib/python3.12/site-packages/airflow/example_dags/example_branch_datetime_operator.py took 0.659 seconds
[2025-09-11T09:50:18.703+0000] {processor.py:186} INFO - Started process (PID=178) to work on /home/airflow/.local/lib/python3.12/site-packages/airflow/example_dags/example_branch_datetime_operator.py
[2025-09-11T09:50:18.706+0000] {processor.py:914} INFO - Processing file /home/airflow/.local/lib/python3.12/site-packages/airflow/example_dags/example_branch_datetime_operator.py for tasks to queue
[2025-09-11T09:50:18.712+0000] {logging_mixin.py:190} INFO - [2025-09-11T09:50:18.712+0000] {dagbag.py:588} INFO - Filling up the DagBag from /home/airflow/.local/lib/python3.12/site-packages/airflow/example_dags/example_branch_datetime_operator.py
[2025-09-11T09:50:18.735+0000] {processor.py:925} INFO - DAG(s) 'example_branch_datetime_operator_2', 'example_branch_datetime_operator_3', 'example_branch_datetime_operator' retrieved from /home/airflow/.local/lib/python3.12/site-packages/airflow/example_dags/example_branch_datetime_operator.py
[2025-09-11T09:50:18.803+0000] {logging_mixin.py:190} INFO - [2025-09-11T09:50:18.802+0000] {dag.py:3239} INFO - Sync 3 DAGs
[2025-09-11T09:50:18.848+0000] {logging_mixin.py:190} INFO - [2025-09-11T09:50:18.848+0000] {dag.py:4180} INFO - Setting next_dagrun for example_branch_datetime_operator to 2025-09-10 00:00:00+00:00, run_after=2025-09-11 00:00:00+00:00
[2025-09-11T09:50:18.855+0000] {logging_mixin.py:190} INFO - [2025-09-11T09:50:18.854+0000] {dag.py:4180} INFO - Setting next_dagrun for example_branch_datetime_operator_2 to 2025-09-10 00:00:00+00:00, run_after=2025-09-11 00:00:00+00:00
[2025-09-11T09:50:18.861+0000] {logging_mixin.py:190} INFO - [2025-09-11T09:50:18.861+0000] {dag.py:4180} INFO - Setting next_dagrun for example_branch_datetime_operator_3 to 2025-09-10 00:00:00+00:00, run_after=2025-09-11 00:00:00+00:00
[2025-09-11T09:50:18.887+0000] {processor.py:208} INFO - Processing /home/airflow/.local/lib/python3.12/site-packages/airflow/example_dags/example_branch_datetime_operator.py took 0.197 seconds
[2025-09-11T09:50:49.034+0000] {processor.py:186} INFO - Started process (PID=247) to work on /home/airflow/.local/lib/python3.12/site-packages/airflow/example_dags/example_branch_datetime_operator.py
[2025-09-11T09:50:49.039+0000] {processor.py:914} INFO - Processing file /home/airflow/.local/lib/python3.12/site-packages/airflow/example_dags/example_branch_datetime_operator.py for tasks to queue
[2025-09-11T09:50:49.045+0000] {logging_mixin.py:190} INFO - [2025-09-11T09:50:49.044+0000] {dagbag.py:588} INFO - Filling up the DagBag from /home/airflow/.local/lib/python3.12/site-packages/airflow/example_dags/example_branch_datetime_operator.py
[2025-09-11T09:50:49.068+0000] {processor.py:925} INFO - DAG(s) 'example_branch_datetime_operator', 'example_branch_datetime_operator_2', 'example_branch_datetime_operator_3' retrieved from /home/airflow/.local/lib/python3.12/site-packages/airflow/example_dags/example_branch_datetime_operator.py
[2025-09-11T09:50:49.128+0000] {logging_mixin.py:190} INFO - [2025-09-11T09:50:49.127+0000] {dag.py:3239} INFO - Sync 3 DAGs
[2025-09-11T09:50:49.176+0000] {logging_mixin.py:190} INFO - [2025-09-11T09:50:49.176+0000] {dag.py:4180} INFO - Setting next_dagrun for example_branch_datetime_operator to 2025-09-10 00:00:00+00:00, run_after=2025-09-11 00:00:00+00:00
[2025-09-11T09:50:49.185+0000] {logging_mixin.py:190} INFO - [2025-09-11T09:50:49.185+0000] {dag.py:4180} INFO - Setting next_dagrun for example_branch_datetime_operator_2 to 2025-09-10 00:00:00+00:00, run_after=2025-09-11 00:00:00+00:00
[2025-09-11T09:50:49.188+0000] {logging_mixin.py:190} INFO - [2025-09-11T09:50:49.188+0000] {dag.py:4180} INFO - Setting next_dagrun for example_branch_datetime_operator_3 to 2025-09-10 00:00:00+00:00, run_after=2025-09-11 00:00:00+00:00
[2025-09-11T09:50:49.221+0000] {processor.py:208} INFO - Processing /home/airflow/.local/lib/python3.12/site-packages/airflow/example_dags/example_branch_datetime_operator.py took 0.198 seconds
[2025-09-11T09:51:19.520+0000] {processor.py:186} INFO - Started process (PID=311) to work on /home/airflow/.local/lib/python3.12/site-packages/airflow/example_dags/example_branch_datetime_operator.py
[2025-09-11T09:51:19.521+0000] {processor.py:914} INFO - Processing file /home/airflow/.local/lib/python3.12/site-packages/airflow/example_dags/example_branch_datetime_operator.py for tasks to queue
[2025-09-11T09:51:19.525+0000] {logging_mixin.py:190} INFO - [2025-09-11T09:51:19.525+0000] {dagbag.py:588} INFO - Filling up the DagBag from /home/airflow/.local/lib/python3.12/site-packages/airflow/example_dags/example_branch_datetime_operator.py
[2025-09-11T09:51:19.554+0000] {processor.py:925} INFO - DAG(s) 'example_branch_datetime_operator', 'example_branch_datetime_operator_3', 'example_branch_datetime_operator_2' retrieved from /home/airflow/.local/lib/python3.12/site-packages/airflow/example_dags/example_branch_datetime_operator.py
[2025-09-11T09:51:19.608+0000] {logging_mixin.py:190} INFO - [2025-09-11T09:51:19.607+0000] {dag.py:3239} INFO - Sync 3 DAGs
[2025-09-11T09:51:19.656+0000] {logging_mixin.py:190} INFO - [2025-09-11T09:51:19.656+0000] {dag.py:4180} INFO - Setting next_dagrun for example_branch_datetime_operator to 2025-09-10 00:00:00+00:00, run_after=2025-09-11 00:00:00+00:00
[2025-09-11T09:51:19.666+0000] {logging_mixin.py:190} INFO - [2025-09-11T09:51:19.666+0000] {dag.py:4180} INFO - Setting next_dagrun for example_branch_datetime_operator_2 to 2025-09-10 00:00:00+00:00, run_after=2025-09-11 00:00:00+00:00
[2025-09-11T09:51:19.674+0000] {logging_mixin.py:190} INFO - [2025-09-11T09:51:19.674+0000] {dag.py:4180} INFO - Setting next_dagrun for example_branch_datetime_operator_3 to 2025-09-10 00:00:00+00:00, run_after=2025-09-11 00:00:00+00:00
[2025-09-11T09:51:19.707+0000] {processor.py:208} INFO - Processing /home/airflow/.local/lib/python3.12/site-packages/airflow/example_dags/example_branch_datetime_operator.py took 0.199 seconds
[2025-09-11T09:51:49.956+0000] {processor.py:186} INFO - Started process (PID=373) to work on /home/airflow/.local/lib/python3.12/site-packages/airflow/example_dags/example_branch_datetime_operator.py
[2025-09-11T09:51:49.958+0000] {processor.py:914} INFO - Processing file /home/airflow/.local/lib/python3.12/site-packages/airflow/example_dags/example_branch_datetime_operator.py for tasks to queue
[2025-09-11T09:51:49.962+0000] {logging_mixin.py:190} INFO - [2025-09-11T09:51:49.961+0000] {dagbag.py:588} INFO - Filling up the DagBag from /home/airflow/.local/lib/python3.12/site-packages/airflow/example_dags/example_branch_datetime_operator.py
[2025-09-11T09:51:49.998+0000] {processor.py:925} INFO - DAG(s) 'example_branch_datetime_operator_2', 'example_branch_datetime_operator_3', 'example_branch_datetime_operator' retrieved from /home/airflow/.local/lib/python3.12/site-packages/airflow/example_dags/example_branch_datetime_operator.py
[2025-09-11T09:51:50.089+0000] {logging_mixin.py:190} INFO - [2025-09-11T09:51:50.089+0000] {dag.py:3239} INFO - Sync 3 DAGs
[2025-09-11T09:51:50.209+0000] {logging_mixin.py:190} INFO - [2025-09-11T09:51:50.209+0000] {dag.py:4180} INFO - Setting next_dagrun for example_branch_datetime_operator to 2025-09-10 00:00:00+00:00, run_after=2025-09-11 00:00:00+00:00
[2025-09-11T09:51:50.255+0000] {logging_mixin.py:190} INFO - [2025-09-11T09:51:50.244+0000] {dag.py:4180} INFO - Setting next_dagrun for example_branch_datetime_operator_2 to 2025-09-10 00:00:00+00:00, run_after=2025-09-11 00:00:00+00:00
[2025-09-11T09:51:50.272+0000] {logging_mixin.py:190} INFO - [2025-09-11T09:51:50.271+0000] {dag.py:4180} INFO - Setting next_dagrun for example_branch_datetime_operator_3 to 2025-09-10 00:00:00+00:00, run_after=2025-09-11 00:00:00+00:00
[2025-09-11T09:51:50.416+0000] {processor.py:208} INFO - Processing /home/airflow/.local/lib/python3.12/site-packages/airflow/example_dags/example_branch_datetime_operator.py took 0.473 seconds
[2025-09-11T09:52:20.637+0000] {processor.py:186} INFO - Started process (PID=435) to work on /home/airflow/.local/lib/python3.12/site-packages/airflow/example_dags/example_branch_datetime_operator.py
[2025-09-11T09:52:20.639+0000] {processor.py:914} INFO - Processing file /home/airflow/.local/lib/python3.12/site-packages/airflow/example_dags/example_branch_datetime_operator.py for tasks to queue
[2025-09-11T09:52:20.642+0000] {logging_mixin.py:190} INFO - [2025-09-11T09:52:20.642+0000] {dagbag.py:588} INFO - Filling up the DagBag from /home/airflow/.local/lib/python3.12/site-packages/airflow/example_dags/example_branch_datetime_operator.py
[2025-09-11T09:52:20.657+0000] {processor.py:925} INFO - DAG(s) 'example_branch_datetime_operator', 'example_branch_datetime_operator_2', 'example_branch_datetime_operator_3' retrieved from /home/airflow/.local/lib/python3.12/site-packages/airflow/example_dags/example_branch_datetime_operator.py
[2025-09-11T09:52:20.693+0000] {logging_mixin.py:190} INFO - [2025-09-11T09:52:20.693+0000] {dag.py:3239} INFO - Sync 3 DAGs
[2025-09-11T09:52:20.726+0000] {logging_mixin.py:190} INFO - [2025-09-11T09:52:20.726+0000] {dag.py:4180} INFO - Setting next_dagrun for example_branch_datetime_operator to 2025-09-10 00:00:00+00:00, run_after=2025-09-11 00:00:00+00:00
[2025-09-11T09:52:20.732+0000] {logging_mixin.py:190} INFO - [2025-09-11T09:52:20.732+0000] {dag.py:4180} INFO - Setting next_dagrun for example_branch_datetime_operator_2 to 2025-09-10 00:00:00+00:00, run_after=2025-09-11 00:00:00+00:00
[2025-09-11T09:52:20.737+0000] {logging_mixin.py:190} INFO - [2025-09-11T09:52:20.737+0000] {dag.py:4180} INFO - Setting next_dagrun for example_branch_datetime_operator_3 to 2025-09-10 00:00:00+00:00, run_after=2025-09-11 00:00:00+00:00
[2025-09-11T09:52:20.786+0000] {processor.py:208} INFO - Processing /home/airflow/.local/lib/python3.12/site-packages/airflow/example_dags/example_branch_datetime_operator.py took 0.156 seconds
[2025-09-11T09:52:51.211+0000] {processor.py:186} INFO - Started process (PID=498) to work on /home/airflow/.local/lib/python3.12/site-packages/airflow/example_dags/example_branch_datetime_operator.py
[2025-09-11T09:52:51.213+0000] {processor.py:914} INFO - Processing file /home/airflow/.local/lib/python3.12/site-packages/airflow/example_dags/example_branch_datetime_operator.py for tasks to queue
[2025-09-11T09:52:51.216+0000] {logging_mixin.py:190} INFO - [2025-09-11T09:52:51.216+0000] {dagbag.py:588} INFO - Filling up the DagBag from /home/airflow/.local/lib/python3.12/site-packages/airflow/example_dags/example_branch_datetime_operator.py
[2025-09-11T09:52:51.233+0000] {processor.py:925} INFO - DAG(s) 'example_branch_datetime_operator_3', 'example_branch_datetime_operator', 'example_branch_datetime_operator_2' retrieved from /home/airflow/.local/lib/python3.12/site-packages/airflow/example_dags/example_branch_datetime_operator.py
[2025-09-11T09:52:51.268+0000] {logging_mixin.py:190} INFO - [2025-09-11T09:52:51.267+0000] {dag.py:3239} INFO - Sync 3 DAGs
[2025-09-11T09:52:51.312+0000] {logging_mixin.py:190} INFO - [2025-09-11T09:52:51.312+0000] {dag.py:4180} INFO - Setting next_dagrun for example_branch_datetime_operator to 2025-09-10 00:00:00+00:00, run_after=2025-09-11 00:00:00+00:00
[2025-09-11T09:52:51.320+0000] {logging_mixin.py:190} INFO - [2025-09-11T09:52:51.320+0000] {dag.py:4180} INFO - Setting next_dagrun for example_branch_datetime_operator_2 to 2025-09-10 00:00:00+00:00, run_after=2025-09-11 00:00:00+00:00
[2025-09-11T09:52:51.326+0000] {logging_mixin.py:190} INFO - [2025-09-11T09:52:51.326+0000] {dag.py:4180} INFO - Setting next_dagrun for example_branch_datetime_operator_3 to 2025-09-10 00:00:00+00:00, run_after=2025-09-11 00:00:00+00:00
[2025-09-11T09:52:51.349+0000] {processor.py:208} INFO - Processing /home/airflow/.local/lib/python3.12/site-packages/airflow/example_dags/example_branch_datetime_operator.py took 0.149 seconds
[2025-09-11T09:53:22.134+0000] {processor.py:186} INFO - Started process (PID=561) to work on /home/airflow/.local/lib/python3.12/site-packages/airflow/example_dags/example_branch_datetime_operator.py
[2025-09-11T09:53:22.137+0000] {processor.py:914} INFO - Processing file /home/airflow/.local/lib/python3.12/site-packages/airflow/example_dags/example_branch_datetime_operator.py for tasks to queue
[2025-09-11T09:53:22.142+0000] {logging_mixin.py:190} INFO - [2025-09-11T09:53:22.141+0000] {dagbag.py:588} INFO - Filling up the DagBag from /home/airflow/.local/lib/python3.12/site-packages/airflow/example_dags/example_branch_datetime_operator.py
[2025-09-11T09:53:22.178+0000] {processor.py:925} INFO - DAG(s) 'example_branch_datetime_operator_3', 'example_branch_datetime_operator_2', 'example_branch_datetime_operator' retrieved from /home/airflow/.local/lib/python3.12/site-packages/airflow/example_dags/example_branch_datetime_operator.py
[2025-09-11T09:53:22.253+0000] {logging_mixin.py:190} INFO - [2025-09-11T09:53:22.252+0000] {dag.py:3239} INFO - Sync 3 DAGs
[2025-09-11T09:53:22.393+0000] {logging_mixin.py:190} INFO - [2025-09-11T09:53:22.393+0000] {dag.py:4180} INFO - Setting next_dagrun for example_branch_datetime_operator to 2025-09-10 00:00:00+00:00, run_after=2025-09-11 00:00:00+00:00
[2025-09-11T09:53:22.413+0000] {logging_mixin.py:190} INFO - [2025-09-11T09:53:22.413+0000] {dag.py:4180} INFO - Setting next_dagrun for example_branch_datetime_operator_2 to 2025-09-10 00:00:00+00:00, run_after=2025-09-11 00:00:00+00:00
[2025-09-11T09:53:22.427+0000] {logging_mixin.py:190} INFO - [2025-09-11T09:53:22.426+0000] {dag.py:4180} INFO - Setting next_dagrun for example_branch_datetime_operator_3 to 2025-09-10 00:00:00+00:00, run_after=2025-09-11 00:00:00+00:00
[2025-09-11T09:53:22.467+0000] {processor.py:208} INFO - Processing /home/airflow/.local/lib/python3.12/site-packages/airflow/example_dags/example_branch_datetime_operator.py took 0.349 seconds
[2025-09-11T09:53:58.007+0000] {processor.py:186} INFO - Started process (PID=624) to work on /home/airflow/.local/lib/python3.12/site-packages/airflow/example_dags/example_branch_datetime_operator.py
[2025-09-11T09:53:58.009+0000] {processor.py:914} INFO - Processing file /home/airflow/.local/lib/python3.12/site-packages/airflow/example_dags/example_branch_datetime_operator.py for tasks to queue
[2025-09-11T09:53:58.021+0000] {logging_mixin.py:190} INFO - [2025-09-11T09:53:58.021+0000] {dagbag.py:588} INFO - Filling up the DagBag from /home/airflow/.local/lib/python3.12/site-packages/airflow/example_dags/example_branch_datetime_operator.py
[2025-09-11T09:53:58.072+0000] {processor.py:925} INFO - DAG(s) 'example_branch_datetime_operator_2', 'example_branch_datetime_operator_3', 'example_branch_datetime_operator' retrieved from /home/airflow/.local/lib/python3.12/site-packages/airflow/example_dags/example_branch_datetime_operator.py
[2025-09-11T09:53:58.168+0000] {logging_mixin.py:190} INFO - [2025-09-11T09:53:58.168+0000] {dag.py:3239} INFO - Sync 3 DAGs
[2025-09-11T09:53:58.277+0000] {logging_mixin.py:190} INFO - [2025-09-11T09:53:58.276+0000] {dag.py:4180} INFO - Setting next_dagrun for example_branch_datetime_operator to 2025-09-10 00:00:00+00:00, run_after=2025-09-11 00:00:00+00:00
[2025-09-11T09:53:58.297+0000] {logging_mixin.py:190} INFO - [2025-09-11T09:53:58.296+0000] {dag.py:4180} INFO - Setting next_dagrun for example_branch_datetime_operator_2 to 2025-09-10 00:00:00+00:00, run_after=2025-09-11 00:00:00+00:00
[2025-09-11T09:53:58.345+0000] {logging_mixin.py:190} INFO - [2025-09-11T09:53:58.345+0000] {dag.py:4180} INFO - Setting next_dagrun for example_branch_datetime_operator_3 to 2025-09-10 00:00:00+00:00, run_after=2025-09-11 00:00:00+00:00
[2025-09-11T09:53:58.427+0000] {processor.py:208} INFO - Processing /home/airflow/.local/lib/python3.12/site-packages/airflow/example_dags/example_branch_datetime_operator.py took 0.439 seconds
[2025-09-11T09:54:28.923+0000] {processor.py:186} INFO - Started process (PID=687) to work on /home/airflow/.local/lib/python3.12/site-packages/airflow/example_dags/example_branch_datetime_operator.py
[2025-09-11T09:54:28.926+0000] {processor.py:914} INFO - Processing file /home/airflow/.local/lib/python3.12/site-packages/airflow/example_dags/example_branch_datetime_operator.py for tasks to queue
[2025-09-11T09:54:28.940+0000] {logging_mixin.py:190} INFO - [2025-09-11T09:54:28.939+0000] {dagbag.py:588} INFO - Filling up the DagBag from /home/airflow/.local/lib/python3.12/site-packages/airflow/example_dags/example_branch_datetime_operator.py
[2025-09-11T09:54:28.974+0000] {processor.py:925} INFO - DAG(s) 'example_branch_datetime_operator_2', 'example_branch_datetime_operator_3', 'example_branch_datetime_operator' retrieved from /home/airflow/.local/lib/python3.12/site-packages/airflow/example_dags/example_branch_datetime_operator.py
[2025-09-11T09:54:29.063+0000] {logging_mixin.py:190} INFO - [2025-09-11T09:54:29.063+0000] {dag.py:3239} INFO - Sync 3 DAGs
[2025-09-11T09:54:29.191+0000] {logging_mixin.py:190} INFO - [2025-09-11T09:54:29.190+0000] {dag.py:4180} INFO - Setting next_dagrun for example_branch_datetime_operator to 2025-09-10 00:00:00+00:00, run_after=2025-09-11 00:00:00+00:00
[2025-09-11T09:54:29.207+0000] {logging_mixin.py:190} INFO - [2025-09-11T09:54:29.207+0000] {dag.py:4180} INFO - Setting next_dagrun for example_branch_datetime_operator_2 to 2025-09-10 00:00:00+00:00, run_after=2025-09-11 00:00:00+00:00
[2025-09-11T09:54:29.213+0000] {logging_mixin.py:190} INFO - [2025-09-11T09:54:29.213+0000] {dag.py:4180} INFO - Setting next_dagrun for example_branch_datetime_operator_3 to 2025-09-10 00:00:00+00:00, run_after=2025-09-11 00:00:00+00:00
[2025-09-11T09:54:29.277+0000] {processor.py:208} INFO - Processing /home/airflow/.local/lib/python3.12/site-packages/airflow/example_dags/example_branch_datetime_operator.py took 0.373 seconds
[2025-09-11T09:54:59.630+0000] {processor.py:186} INFO - Started process (PID=749) to work on /home/airflow/.local/lib/python3.12/site-packages/airflow/example_dags/example_branch_datetime_operator.py
[2025-09-11T09:54:59.636+0000] {processor.py:914} INFO - Processing file /home/airflow/.local/lib/python3.12/site-packages/airflow/example_dags/example_branch_datetime_operator.py for tasks to queue
[2025-09-11T09:54:59.651+0000] {logging_mixin.py:190} INFO - [2025-09-11T09:54:59.650+0000] {dagbag.py:588} INFO - Filling up the DagBag from /home/airflow/.local/lib/python3.12/site-packages/airflow/example_dags/example_branch_datetime_operator.py
[2025-09-11T09:54:59.706+0000] {processor.py:925} INFO - DAG(s) 'example_branch_datetime_operator_2', 'example_branch_datetime_operator_3', 'example_branch_datetime_operator' retrieved from /home/airflow/.local/lib/python3.12/site-packages/airflow/example_dags/example_branch_datetime_operator.py
[2025-09-11T09:54:59.800+0000] {logging_mixin.py:190} INFO - [2025-09-11T09:54:59.799+0000] {dag.py:3239} INFO - Sync 3 DAGs
[2025-09-11T09:54:59.900+0000] {logging_mixin.py:190} INFO - [2025-09-11T09:54:59.899+0000] {dag.py:4180} INFO - Setting next_dagrun for example_branch_datetime_operator to 2025-09-10 00:00:00+00:00, run_after=2025-09-11 00:00:00+00:00
[2025-09-11T09:54:59.917+0000] {logging_mixin.py:190} INFO - [2025-09-11T09:54:59.917+0000] {dag.py:4180} INFO - Setting next_dagrun for example_branch_datetime_operator_2 to 2025-09-10 00:00:00+00:00, run_after=2025-09-11 00:00:00+00:00
[2025-09-11T09:54:59.932+0000] {logging_mixin.py:190} INFO - [2025-09-11T09:54:59.931+0000] {dag.py:4180} INFO - Setting next_dagrun for example_branch_datetime_operator_3 to 2025-09-10 00:00:00+00:00, run_after=2025-09-11 00:00:00+00:00
[2025-09-11T09:54:59.993+0000] {processor.py:208} INFO - Processing /home/airflow/.local/lib/python3.12/site-packages/airflow/example_dags/example_branch_datetime_operator.py took 0.382 seconds
[2025-09-11T09:55:30.504+0000] {processor.py:186} INFO - Started process (PID=812) to work on /home/airflow/.local/lib/python3.12/site-packages/airflow/example_dags/example_branch_datetime_operator.py
[2025-09-11T09:55:30.506+0000] {processor.py:914} INFO - Processing file /home/airflow/.local/lib/python3.12/site-packages/airflow/example_dags/example_branch_datetime_operator.py for tasks to queue
[2025-09-11T09:55:30.511+0000] {logging_mixin.py:190} INFO - [2025-09-11T09:55:30.510+0000] {dagbag.py:588} INFO - Filling up the DagBag from /home/airflow/.local/lib/python3.12/site-packages/airflow/example_dags/example_branch_datetime_operator.py
[2025-09-11T09:55:30.543+0000] {processor.py:925} INFO - DAG(s) 'example_branch_datetime_operator_2', 'example_branch_datetime_operator', 'example_branch_datetime_operator_3' retrieved from /home/airflow/.local/lib/python3.12/site-packages/airflow/example_dags/example_branch_datetime_operator.py
[2025-09-11T09:55:30.609+0000] {logging_mixin.py:190} INFO - [2025-09-11T09:55:30.609+0000] {dag.py:3239} INFO - Sync 3 DAGs
[2025-09-11T09:55:30.686+0000] {logging_mixin.py:190} INFO - [2025-09-11T09:55:30.686+0000] {dag.py:4180} INFO - Setting next_dagrun for example_branch_datetime_operator to 2025-09-10 00:00:00+00:00, run_after=2025-09-11 00:00:00+00:00
[2025-09-11T09:55:30.698+0000] {logging_mixin.py:190} INFO - [2025-09-11T09:55:30.698+0000] {dag.py:4180} INFO - Setting next_dagrun for example_branch_datetime_operator_2 to 2025-09-10 00:00:00+00:00, run_after=2025-09-11 00:00:00+00:00
[2025-09-11T09:55:30.707+0000] {logging_mixin.py:190} INFO - [2025-09-11T09:55:30.706+0000] {dag.py:4180} INFO - Setting next_dagrun for example_branch_datetime_operator_3 to 2025-09-10 00:00:00+00:00, run_after=2025-09-11 00:00:00+00:00
[2025-09-11T09:55:30.748+0000] {processor.py:208} INFO - Processing /home/airflow/.local/lib/python3.12/site-packages/airflow/example_dags/example_branch_datetime_operator.py took 0.257 seconds
[2025-09-11T09:56:01.130+0000] {processor.py:186} INFO - Started process (PID=874) to work on /home/airflow/.local/lib/python3.12/site-packages/airflow/example_dags/example_branch_datetime_operator.py
[2025-09-11T09:56:01.132+0000] {processor.py:914} INFO - Processing file /home/airflow/.local/lib/python3.12/site-packages/airflow/example_dags/example_branch_datetime_operator.py for tasks to queue
[2025-09-11T09:56:01.136+0000] {logging_mixin.py:190} INFO - [2025-09-11T09:56:01.136+0000] {dagbag.py:588} INFO - Filling up the DagBag from /home/airflow/.local/lib/python3.12/site-packages/airflow/example_dags/example_branch_datetime_operator.py
[2025-09-11T09:56:01.156+0000] {processor.py:925} INFO - DAG(s) 'example_branch_datetime_operator_2', 'example_branch_datetime_operator_3', 'example_branch_datetime_operator' retrieved from /home/airflow/.local/lib/python3.12/site-packages/airflow/example_dags/example_branch_datetime_operator.py
[2025-09-11T09:56:01.196+0000] {logging_mixin.py:190} INFO - [2025-09-11T09:56:01.195+0000] {dag.py:3239} INFO - Sync 3 DAGs
[2025-09-11T09:56:01.248+0000] {logging_mixin.py:190} INFO - [2025-09-11T09:56:01.247+0000] {dag.py:4180} INFO - Setting next_dagrun for example_branch_datetime_operator to 2025-09-10 00:00:00+00:00, run_after=2025-09-11 00:00:00+00:00
[2025-09-11T09:56:01.258+0000] {logging_mixin.py:190} INFO - [2025-09-11T09:56:01.258+0000] {dag.py:4180} INFO - Setting next_dagrun for example_branch_datetime_operator_2 to 2025-09-10 00:00:00+00:00, run_after=2025-09-11 00:00:00+00:00
[2025-09-11T09:56:01.263+0000] {logging_mixin.py:190} INFO - [2025-09-11T09:56:01.263+0000] {dag.py:4180} INFO - Setting next_dagrun for example_branch_datetime_operator_3 to 2025-09-10 00:00:00+00:00, run_after=2025-09-11 00:00:00+00:00
[2025-09-11T09:56:01.293+0000] {processor.py:208} INFO - Processing /home/airflow/.local/lib/python3.12/site-packages/airflow/example_dags/example_branch_datetime_operator.py took 0.174 seconds
[2025-09-11T09:56:31.547+0000] {processor.py:186} INFO - Started process (PID=937) to work on /home/airflow/.local/lib/python3.12/site-packages/airflow/example_dags/example_branch_datetime_operator.py
[2025-09-11T09:56:31.576+0000] {processor.py:914} INFO - Processing file /home/airflow/.local/lib/python3.12/site-packages/airflow/example_dags/example_branch_datetime_operator.py for tasks to queue
[2025-09-11T09:56:31.588+0000] {logging_mixin.py:190} INFO - [2025-09-11T09:56:31.588+0000] {dagbag.py:588} INFO - Filling up the DagBag from /home/airflow/.local/lib/python3.12/site-packages/airflow/example_dags/example_branch_datetime_operator.py
[2025-09-11T09:56:31.656+0000] {processor.py:925} INFO - DAG(s) 'example_branch_datetime_operator', 'example_branch_datetime_operator_2', 'example_branch_datetime_operator_3' retrieved from /home/airflow/.local/lib/python3.12/site-packages/airflow/example_dags/example_branch_datetime_operator.py
[2025-09-11T09:56:31.783+0000] {logging_mixin.py:190} INFO - [2025-09-11T09:56:31.782+0000] {dag.py:3239} INFO - Sync 3 DAGs
[2025-09-11T09:56:32.075+0000] {logging_mixin.py:190} INFO - [2025-09-11T09:56:32.075+0000] {dag.py:4180} INFO - Setting next_dagrun for example_branch_datetime_operator to 2025-09-10 00:00:00+00:00, run_after=2025-09-11 00:00:00+00:00
[2025-09-11T09:56:32.095+0000] {logging_mixin.py:190} INFO - [2025-09-11T09:56:32.095+0000] {dag.py:4180} INFO - Setting next_dagrun for example_branch_datetime_operator_2 to 2025-09-10 00:00:00+00:00, run_after=2025-09-11 00:00:00+00:00
[2025-09-11T09:56:32.109+0000] {logging_mixin.py:190} INFO - [2025-09-11T09:56:32.108+0000] {dag.py:4180} INFO - Setting next_dagrun for example_branch_datetime_operator_3 to 2025-09-10 00:00:00+00:00, run_after=2025-09-11 00:00:00+00:00
[2025-09-11T09:56:32.170+0000] {processor.py:208} INFO - Processing /home/airflow/.local/lib/python3.12/site-packages/airflow/example_dags/example_branch_datetime_operator.py took 0.462 seconds
[2025-09-11T09:57:02.819+0000] {processor.py:186} INFO - Started process (PID=1000) to work on /home/airflow/.local/lib/python3.12/site-packages/airflow/example_dags/example_branch_datetime_operator.py
[2025-09-11T09:57:02.821+0000] {processor.py:914} INFO - Processing file /home/airflow/.local/lib/python3.12/site-packages/airflow/example_dags/example_branch_datetime_operator.py for tasks to queue
[2025-09-11T09:57:02.825+0000] {logging_mixin.py:190} INFO - [2025-09-11T09:57:02.824+0000] {dagbag.py:588} INFO - Filling up the DagBag from /home/airflow/.local/lib/python3.12/site-packages/airflow/example_dags/example_branch_datetime_operator.py
[2025-09-11T09:57:02.874+0000] {processor.py:925} INFO - DAG(s) 'example_branch_datetime_operator', 'example_branch_datetime_operator_3', 'example_branch_datetime_operator_2' retrieved from /home/airflow/.local/lib/python3.12/site-packages/airflow/example_dags/example_branch_datetime_operator.py
[2025-09-11T09:57:02.953+0000] {logging_mixin.py:190} INFO - [2025-09-11T09:57:02.953+0000] {dag.py:3239} INFO - Sync 3 DAGs
[2025-09-11T09:57:03.010+0000] {logging_mixin.py:190} INFO - [2025-09-11T09:57:03.009+0000] {dag.py:4180} INFO - Setting next_dagrun for example_branch_datetime_operator to 2025-09-10 00:00:00+00:00, run_after=2025-09-11 00:00:00+00:00
[2025-09-11T09:57:03.025+0000] {logging_mixin.py:190} INFO - [2025-09-11T09:57:03.025+0000] {dag.py:4180} INFO - Setting next_dagrun for example_branch_datetime_operator_2 to 2025-09-10 00:00:00+00:00, run_after=2025-09-11 00:00:00+00:00
[2025-09-11T09:57:03.032+0000] {logging_mixin.py:190} INFO - [2025-09-11T09:57:03.031+0000] {dag.py:4180} INFO - Setting next_dagrun for example_branch_datetime_operator_3 to 2025-09-10 00:00:00+00:00, run_after=2025-09-11 00:00:00+00:00
[2025-09-11T09:57:03.088+0000] {processor.py:208} INFO - Processing /home/airflow/.local/lib/python3.12/site-packages/airflow/example_dags/example_branch_datetime_operator.py took 0.277 seconds
[2025-09-11T09:57:33.316+0000] {processor.py:186} INFO - Started process (PID=1063) to work on /home/airflow/.local/lib/python3.12/site-packages/airflow/example_dags/example_branch_datetime_operator.py
[2025-09-11T09:57:33.318+0000] {processor.py:914} INFO - Processing file /home/airflow/.local/lib/python3.12/site-packages/airflow/example_dags/example_branch_datetime_operator.py for tasks to queue
[2025-09-11T09:57:33.322+0000] {logging_mixin.py:190} INFO - [2025-09-11T09:57:33.322+0000] {dagbag.py:588} INFO - Filling up the DagBag from /home/airflow/.local/lib/python3.12/site-packages/airflow/example_dags/example_branch_datetime_operator.py
[2025-09-11T09:57:33.345+0000] {processor.py:925} INFO - DAG(s) 'example_branch_datetime_operator_2', 'example_branch_datetime_operator_3', 'example_branch_datetime_operator' retrieved from /home/airflow/.local/lib/python3.12/site-packages/airflow/example_dags/example_branch_datetime_operator.py
[2025-09-11T09:57:33.400+0000] {logging_mixin.py:190} INFO - [2025-09-11T09:57:33.400+0000] {dag.py:3239} INFO - Sync 3 DAGs
[2025-09-11T09:57:33.449+0000] {logging_mixin.py:190} INFO - [2025-09-11T09:57:33.449+0000] {dag.py:4180} INFO - Setting next_dagrun for example_branch_datetime_operator to 2025-09-10 00:00:00+00:00, run_after=2025-09-11 00:00:00+00:00
[2025-09-11T09:57:33.458+0000] {logging_mixin.py:190} INFO - [2025-09-11T09:57:33.457+0000] {dag.py:4180} INFO - Setting next_dagrun for example_branch_datetime_operator_2 to 2025-09-10 00:00:00+00:00, run_after=2025-09-11 00:00:00+00:00
[2025-09-11T09:57:33.465+0000] {logging_mixin.py:190} INFO - [2025-09-11T09:57:33.464+0000] {dag.py:4180} INFO - Setting next_dagrun for example_branch_datetime_operator_3 to 2025-09-10 00:00:00+00:00, run_after=2025-09-11 00:00:00+00:00
[2025-09-11T09:57:33.499+0000] {processor.py:208} INFO - Processing /home/airflow/.local/lib/python3.12/site-packages/airflow/example_dags/example_branch_datetime_operator.py took 0.195 seconds
[2025-09-11T09:58:04.398+0000] {processor.py:186} INFO - Started process (PID=1126) to work on /home/airflow/.local/lib/python3.12/site-packages/airflow/example_dags/example_branch_datetime_operator.py
[2025-09-11T09:58:04.402+0000] {processor.py:914} INFO - Processing file /home/airflow/.local/lib/python3.12/site-packages/airflow/example_dags/example_branch_datetime_operator.py for tasks to queue
[2025-09-11T09:58:04.408+0000] {logging_mixin.py:190} INFO - [2025-09-11T09:58:04.407+0000] {dagbag.py:588} INFO - Filling up the DagBag from /home/airflow/.local/lib/python3.12/site-packages/airflow/example_dags/example_branch_datetime_operator.py
[2025-09-11T09:58:04.449+0000] {processor.py:925} INFO - DAG(s) 'example_branch_datetime_operator_3', 'example_branch_datetime_operator', 'example_branch_datetime_operator_2' retrieved from /home/airflow/.local/lib/python3.12/site-packages/airflow/example_dags/example_branch_datetime_operator.py
[2025-09-11T09:58:04.550+0000] {logging_mixin.py:190} INFO - [2025-09-11T09:58:04.549+0000] {dag.py:3239} INFO - Sync 3 DAGs
[2025-09-11T09:58:04.685+0000] {logging_mixin.py:190} INFO - [2025-09-11T09:58:04.685+0000] {dag.py:4180} INFO - Setting next_dagrun for example_branch_datetime_operator to 2025-09-10 00:00:00+00:00, run_after=2025-09-11 00:00:00+00:00
[2025-09-11T09:58:04.710+0000] {logging_mixin.py:190} INFO - [2025-09-11T09:58:04.702+0000] {dag.py:4180} INFO - Setting next_dagrun for example_branch_datetime_operator_2 to 2025-09-10 00:00:00+00:00, run_after=2025-09-11 00:00:00+00:00
[2025-09-11T09:58:04.719+0000] {logging_mixin.py:190} INFO - [2025-09-11T09:58:04.718+0000] {dag.py:4180} INFO - Setting next_dagrun for example_branch_datetime_operator_3 to 2025-09-10 00:00:00+00:00, run_after=2025-09-11 00:00:00+00:00
[2025-09-11T09:58:04.789+0000] {processor.py:208} INFO - Processing /home/airflow/.local/lib/python3.12/site-packages/airflow/example_dags/example_branch_datetime_operator.py took 0.417 seconds
[2025-09-11T09:58:34.936+0000] {processor.py:186} INFO - Started process (PID=1189) to work on /home/airflow/.local/lib/python3.12/site-packages/airflow/example_dags/example_branch_datetime_operator.py
[2025-09-11T09:58:34.938+0000] {processor.py:914} INFO - Processing file /home/airflow/.local/lib/python3.12/site-packages/airflow/example_dags/example_branch_datetime_operator.py for tasks to queue
[2025-09-11T09:58:34.947+0000] {logging_mixin.py:190} INFO - [2025-09-11T09:58:34.946+0000] {dagbag.py:588} INFO - Filling up the DagBag from /home/airflow/.local/lib/python3.12/site-packages/airflow/example_dags/example_branch_datetime_operator.py
[2025-09-11T09:58:34.987+0000] {processor.py:925} INFO - DAG(s) 'example_branch_datetime_operator_2', 'example_branch_datetime_operator', 'example_branch_datetime_operator_3' retrieved from /home/airflow/.local/lib/python3.12/site-packages/airflow/example_dags/example_branch_datetime_operator.py
[2025-09-11T09:58:35.057+0000] {logging_mixin.py:190} INFO - [2025-09-11T09:58:35.056+0000] {dag.py:3239} INFO - Sync 3 DAGs
[2025-09-11T09:58:35.125+0000] {logging_mixin.py:190} INFO - [2025-09-11T09:58:35.125+0000] {dag.py:4180} INFO - Setting next_dagrun for example_branch_datetime_operator to 2025-09-10 00:00:00+00:00, run_after=2025-09-11 00:00:00+00:00
[2025-09-11T09:58:35.137+0000] {logging_mixin.py:190} INFO - [2025-09-11T09:58:35.137+0000] {dag.py:4180} INFO - Setting next_dagrun for example_branch_datetime_operator_2 to 2025-09-10 00:00:00+00:00, run_after=2025-09-11 00:00:00+00:00
[2025-09-11T09:58:35.143+0000] {logging_mixin.py:190} INFO - [2025-09-11T09:58:35.143+0000] {dag.py:4180} INFO - Setting next_dagrun for example_branch_datetime_operator_3 to 2025-09-10 00:00:00+00:00, run_after=2025-09-11 00:00:00+00:00
[2025-09-11T09:58:35.182+0000] {processor.py:208} INFO - Processing /home/airflow/.local/lib/python3.12/site-packages/airflow/example_dags/example_branch_datetime_operator.py took 0.260 seconds
[2025-09-11T09:59:06.147+0000] {processor.py:186} INFO - Started process (PID=1252) to work on /home/airflow/.local/lib/python3.12/site-packages/airflow/example_dags/example_branch_datetime_operator.py
[2025-09-11T09:59:06.150+0000] {processor.py:914} INFO - Processing file /home/airflow/.local/lib/python3.12/site-packages/airflow/example_dags/example_branch_datetime_operator.py for tasks to queue
[2025-09-11T09:59:06.156+0000] {logging_mixin.py:190} INFO - [2025-09-11T09:59:06.155+0000] {dagbag.py:588} INFO - Filling up the DagBag from /home/airflow/.local/lib/python3.12/site-packages/airflow/example_dags/example_branch_datetime_operator.py
[2025-09-11T09:59:06.234+0000] {processor.py:925} INFO - DAG(s) 'example_branch_datetime_operator_2', 'example_branch_datetime_operator_3', 'example_branch_datetime_operator' retrieved from /home/airflow/.local/lib/python3.12/site-packages/airflow/example_dags/example_branch_datetime_operator.py
[2025-09-11T09:59:06.368+0000] {logging_mixin.py:190} INFO - [2025-09-11T09:59:06.367+0000] {dag.py:3239} INFO - Sync 3 DAGs
[2025-09-11T09:59:06.456+0000] {logging_mixin.py:190} INFO - [2025-09-11T09:59:06.456+0000] {dag.py:4180} INFO - Setting next_dagrun for example_branch_datetime_operator to 2025-09-10 00:00:00+00:00, run_after=2025-09-11 00:00:00+00:00
[2025-09-11T09:59:06.473+0000] {logging_mixin.py:190} INFO - [2025-09-11T09:59:06.472+0000] {dag.py:4180} INFO - Setting next_dagrun for example_branch_datetime_operator_2 to 2025-09-10 00:00:00+00:00, run_after=2025-09-11 00:00:00+00:00
[2025-09-11T09:59:06.485+0000] {logging_mixin.py:190} INFO - [2025-09-11T09:59:06.480+0000] {dag.py:4180} INFO - Setting next_dagrun for example_branch_datetime_operator_3 to 2025-09-10 00:00:00+00:00, run_after=2025-09-11 00:00:00+00:00
[2025-09-11T09:59:06.544+0000] {processor.py:208} INFO - Processing /home/airflow/.local/lib/python3.12/site-packages/airflow/example_dags/example_branch_datetime_operator.py took 0.409 seconds
[2025-09-11T09:59:36.787+0000] {processor.py:186} INFO - Started process (PID=1315) to work on /home/airflow/.local/lib/python3.12/site-packages/airflow/example_dags/example_branch_datetime_operator.py
[2025-09-11T09:59:36.789+0000] {processor.py:914} INFO - Processing file /home/airflow/.local/lib/python3.12/site-packages/airflow/example_dags/example_branch_datetime_operator.py for tasks to queue
[2025-09-11T09:59:36.803+0000] {logging_mixin.py:190} INFO - [2025-09-11T09:59:36.802+0000] {dagbag.py:588} INFO - Filling up the DagBag from /home/airflow/.local/lib/python3.12/site-packages/airflow/example_dags/example_branch_datetime_operator.py
[2025-09-11T09:59:36.852+0000] {processor.py:925} INFO - DAG(s) 'example_branch_datetime_operator_2', 'example_branch_datetime_operator', 'example_branch_datetime_operator_3' retrieved from /home/airflow/.local/lib/python3.12/site-packages/airflow/example_dags/example_branch_datetime_operator.py
[2025-09-11T09:59:36.955+0000] {logging_mixin.py:190} INFO - [2025-09-11T09:59:36.955+0000] {dag.py:3239} INFO - Sync 3 DAGs
[2025-09-11T09:59:37.011+0000] {logging_mixin.py:190} INFO - [2025-09-11T09:59:37.010+0000] {dag.py:4180} INFO - Setting next_dagrun for example_branch_datetime_operator to 2025-09-10 00:00:00+00:00, run_after=2025-09-11 00:00:00+00:00
[2025-09-11T09:59:37.026+0000] {logging_mixin.py:190} INFO - [2025-09-11T09:59:37.026+0000] {dag.py:4180} INFO - Setting next_dagrun for example_branch_datetime_operator_2 to 2025-09-10 00:00:00+00:00, run_after=2025-09-11 00:00:00+00:00
[2025-09-11T09:59:37.031+0000] {logging_mixin.py:190} INFO - [2025-09-11T09:59:37.030+0000] {dag.py:4180} INFO - Setting next_dagrun for example_branch_datetime_operator_3 to 2025-09-10 00:00:00+00:00, run_after=2025-09-11 00:00:00+00:00
[2025-09-11T09:59:37.061+0000] {processor.py:208} INFO - Processing /home/airflow/.local/lib/python3.12/site-packages/airflow/example_dags/example_branch_datetime_operator.py took 0.285 seconds
[2025-09-11T10:00:07.339+0000] {processor.py:186} INFO - Started process (PID=1378) to work on /home/airflow/.local/lib/python3.12/site-packages/airflow/example_dags/example_branch_datetime_operator.py
[2025-09-11T10:00:07.341+0000] {processor.py:914} INFO - Processing file /home/airflow/.local/lib/python3.12/site-packages/airflow/example_dags/example_branch_datetime_operator.py for tasks to queue
[2025-09-11T10:00:07.345+0000] {logging_mixin.py:190} INFO - [2025-09-11T10:00:07.344+0000] {dagbag.py:588} INFO - Filling up the DagBag from /home/airflow/.local/lib/python3.12/site-packages/airflow/example_dags/example_branch_datetime_operator.py
[2025-09-11T10:00:07.379+0000] {processor.py:925} INFO - DAG(s) 'example_branch_datetime_operator_2', 'example_branch_datetime_operator', 'example_branch_datetime_operator_3' retrieved from /home/airflow/.local/lib/python3.12/site-packages/airflow/example_dags/example_branch_datetime_operator.py
[2025-09-11T10:00:07.450+0000] {logging_mixin.py:190} INFO - [2025-09-11T10:00:07.449+0000] {dag.py:3239} INFO - Sync 3 DAGs
[2025-09-11T10:00:07.559+0000] {logging_mixin.py:190} INFO - [2025-09-11T10:00:07.558+0000] {dag.py:4180} INFO - Setting next_dagrun for example_branch_datetime_operator to 2025-09-10 00:00:00+00:00, run_after=2025-09-11 00:00:00+00:00
[2025-09-11T10:00:07.583+0000] {logging_mixin.py:190} INFO - [2025-09-11T10:00:07.572+0000] {dag.py:4180} INFO - Setting next_dagrun for example_branch_datetime_operator_2 to 2025-09-10 00:00:00+00:00, run_after=2025-09-11 00:00:00+00:00
[2025-09-11T10:00:07.590+0000] {logging_mixin.py:190} INFO - [2025-09-11T10:00:07.589+0000] {dag.py:4180} INFO - Setting next_dagrun for example_branch_datetime_operator_3 to 2025-09-10 00:00:00+00:00, run_after=2025-09-11 00:00:00+00:00
[2025-09-11T10:00:07.648+0000] {processor.py:208} INFO - Processing /home/airflow/.local/lib/python3.12/site-packages/airflow/example_dags/example_branch_datetime_operator.py took 0.321 seconds
[2025-09-11T10:00:38.085+0000] {processor.py:186} INFO - Started process (PID=1441) to work on /home/airflow/.local/lib/python3.12/site-packages/airflow/example_dags/example_branch_datetime_operator.py
[2025-09-11T10:00:38.087+0000] {processor.py:914} INFO - Processing file /home/airflow/.local/lib/python3.12/site-packages/airflow/example_dags/example_branch_datetime_operator.py for tasks to queue
[2025-09-11T10:00:38.091+0000] {logging_mixin.py:190} INFO - [2025-09-11T10:00:38.091+0000] {dagbag.py:588} INFO - Filling up the DagBag from /home/airflow/.local/lib/python3.12/site-packages/airflow/example_dags/example_branch_datetime_operator.py
[2025-09-11T10:00:38.113+0000] {processor.py:925} INFO - DAG(s) 'example_branch_datetime_operator_3', 'example_branch_datetime_operator', 'example_branch_datetime_operator_2' retrieved from /home/airflow/.local/lib/python3.12/site-packages/airflow/example_dags/example_branch_datetime_operator.py
[2025-09-11T10:00:38.159+0000] {logging_mixin.py:190} INFO - [2025-09-11T10:00:38.158+0000] {dag.py:3239} INFO - Sync 3 DAGs
[2025-09-11T10:00:38.226+0000] {logging_mixin.py:190} INFO - [2025-09-11T10:00:38.226+0000] {dag.py:4180} INFO - Setting next_dagrun for example_branch_datetime_operator to 2025-09-10 00:00:00+00:00, run_after=2025-09-11 00:00:00+00:00
[2025-09-11T10:00:38.253+0000] {logging_mixin.py:190} INFO - [2025-09-11T10:00:38.253+0000] {dag.py:4180} INFO - Setting next_dagrun for example_branch_datetime_operator_2 to 2025-09-10 00:00:00+00:00, run_after=2025-09-11 00:00:00+00:00
[2025-09-11T10:00:38.269+0000] {logging_mixin.py:190} INFO - [2025-09-11T10:00:38.268+0000] {dag.py:4180} INFO - Setting next_dagrun for example_branch_datetime_operator_3 to 2025-09-10 00:00:00+00:00, run_after=2025-09-11 00:00:00+00:00
[2025-09-11T10:00:38.324+0000] {processor.py:208} INFO - Processing /home/airflow/.local/lib/python3.12/site-packages/airflow/example_dags/example_branch_datetime_operator.py took 0.251 seconds
[2025-09-11T10:01:09.062+0000] {processor.py:186} INFO - Started process (PID=1504) to work on /home/airflow/.local/lib/python3.12/site-packages/airflow/example_dags/example_branch_datetime_operator.py
[2025-09-11T10:01:09.064+0000] {processor.py:914} INFO - Processing file /home/airflow/.local/lib/python3.12/site-packages/airflow/example_dags/example_branch_datetime_operator.py for tasks to queue
[2025-09-11T10:01:09.070+0000] {logging_mixin.py:190} INFO - [2025-09-11T10:01:09.070+0000] {dagbag.py:588} INFO - Filling up the DagBag from /home/airflow/.local/lib/python3.12/site-packages/airflow/example_dags/example_branch_datetime_operator.py
[2025-09-11T10:01:09.090+0000] {processor.py:925} INFO - DAG(s) 'example_branch_datetime_operator_3', 'example_branch_datetime_operator', 'example_branch_datetime_operator_2' retrieved from /home/airflow/.local/lib/python3.12/site-packages/airflow/example_dags/example_branch_datetime_operator.py
[2025-09-11T10:01:09.135+0000] {logging_mixin.py:190} INFO - [2025-09-11T10:01:09.134+0000] {dag.py:3239} INFO - Sync 3 DAGs
[2025-09-11T10:01:09.225+0000] {logging_mixin.py:190} INFO - [2025-09-11T10:01:09.224+0000] {dag.py:4180} INFO - Setting next_dagrun for example_branch_datetime_operator to 2025-09-10 00:00:00+00:00, run_after=2025-09-11 00:00:00+00:00
[2025-09-11T10:01:09.255+0000] {logging_mixin.py:190} INFO - [2025-09-11T10:01:09.255+0000] {dag.py:4180} INFO - Setting next_dagrun for example_branch_datetime_operator_2 to 2025-09-10 00:00:00+00:00, run_after=2025-09-11 00:00:00+00:00
[2025-09-11T10:01:09.270+0000] {logging_mixin.py:190} INFO - [2025-09-11T10:01:09.263+0000] {dag.py:4180} INFO - Setting next_dagrun for example_branch_datetime_operator_3 to 2025-09-10 00:00:00+00:00, run_after=2025-09-11 00:00:00+00:00
[2025-09-11T10:01:09.330+0000] {processor.py:208} INFO - Processing /home/airflow/.local/lib/python3.12/site-packages/airflow/example_dags/example_branch_datetime_operator.py took 0.280 seconds
[2025-09-11T10:01:39.881+0000] {processor.py:186} INFO - Started process (PID=1567) to work on /home/airflow/.local/lib/python3.12/site-packages/airflow/example_dags/example_branch_datetime_operator.py
[2025-09-11T10:01:39.883+0000] {processor.py:914} INFO - Processing file /home/airflow/.local/lib/python3.12/site-packages/airflow/example_dags/example_branch_datetime_operator.py for tasks to queue
[2025-09-11T10:01:39.887+0000] {logging_mixin.py:190} INFO - [2025-09-11T10:01:39.887+0000] {dagbag.py:588} INFO - Filling up the DagBag from /home/airflow/.local/lib/python3.12/site-packages/airflow/example_dags/example_branch_datetime_operator.py
[2025-09-11T10:01:39.911+0000] {processor.py:925} INFO - DAG(s) 'example_branch_datetime_operator_2', 'example_branch_datetime_operator', 'example_branch_datetime_operator_3' retrieved from /home/airflow/.local/lib/python3.12/site-packages/airflow/example_dags/example_branch_datetime_operator.py
[2025-09-11T10:01:39.967+0000] {logging_mixin.py:190} INFO - [2025-09-11T10:01:39.967+0000] {dag.py:3239} INFO - Sync 3 DAGs
[2025-09-11T10:01:40.021+0000] {logging_mixin.py:190} INFO - [2025-09-11T10:01:40.021+0000] {dag.py:4180} INFO - Setting next_dagrun for example_branch_datetime_operator to 2025-09-10 00:00:00+00:00, run_after=2025-09-11 00:00:00+00:00
[2025-09-11T10:01:40.033+0000] {logging_mixin.py:190} INFO - [2025-09-11T10:01:40.032+0000] {dag.py:4180} INFO - Setting next_dagrun for example_branch_datetime_operator_2 to 2025-09-10 00:00:00+00:00, run_after=2025-09-11 00:00:00+00:00
[2025-09-11T10:01:40.040+0000] {logging_mixin.py:190} INFO - [2025-09-11T10:01:40.040+0000] {dag.py:4180} INFO - Setting next_dagrun for example_branch_datetime_operator_3 to 2025-09-10 00:00:00+00:00, run_after=2025-09-11 00:00:00+00:00
[2025-09-11T10:01:40.080+0000] {processor.py:208} INFO - Processing /home/airflow/.local/lib/python3.12/site-packages/airflow/example_dags/example_branch_datetime_operator.py took 0.215 seconds
[2025-09-11T10:02:10.159+0000] {processor.py:186} INFO - Started process (PID=1629) to work on /home/airflow/.local/lib/python3.12/site-packages/airflow/example_dags/example_branch_datetime_operator.py
[2025-09-11T10:02:10.161+0000] {processor.py:914} INFO - Processing file /home/airflow/.local/lib/python3.12/site-packages/airflow/example_dags/example_branch_datetime_operator.py for tasks to queue
[2025-09-11T10:02:10.188+0000] {logging_mixin.py:190} INFO - [2025-09-11T10:02:10.188+0000] {dagbag.py:588} INFO - Filling up the DagBag from /home/airflow/.local/lib/python3.12/site-packages/airflow/example_dags/example_branch_datetime_operator.py
[2025-09-11T10:02:10.275+0000] {processor.py:925} INFO - DAG(s) 'example_branch_datetime_operator', 'example_branch_datetime_operator_2', 'example_branch_datetime_operator_3' retrieved from /home/airflow/.local/lib/python3.12/site-packages/airflow/example_dags/example_branch_datetime_operator.py
[2025-09-11T10:02:10.537+0000] {logging_mixin.py:190} INFO - [2025-09-11T10:02:10.527+0000] {dag.py:3239} INFO - Sync 3 DAGs
[2025-09-11T10:02:10.711+0000] {logging_mixin.py:190} INFO - [2025-09-11T10:02:10.710+0000] {dag.py:4180} INFO - Setting next_dagrun for example_branch_datetime_operator to 2025-09-10 00:00:00+00:00, run_after=2025-09-11 00:00:00+00:00
[2025-09-11T10:02:10.746+0000] {logging_mixin.py:190} INFO - [2025-09-11T10:02:10.746+0000] {dag.py:4180} INFO - Setting next_dagrun for example_branch_datetime_operator_2 to 2025-09-10 00:00:00+00:00, run_after=2025-09-11 00:00:00+00:00
[2025-09-11T10:02:10.770+0000] {logging_mixin.py:190} INFO - [2025-09-11T10:02:10.769+0000] {dag.py:4180} INFO - Setting next_dagrun for example_branch_datetime_operator_3 to 2025-09-10 00:00:00+00:00, run_after=2025-09-11 00:00:00+00:00
[2025-09-11T10:02:10.871+0000] {processor.py:208} INFO - Processing /home/airflow/.local/lib/python3.12/site-packages/airflow/example_dags/example_branch_datetime_operator.py took 0.726 seconds
[2025-09-11T10:02:41.289+0000] {processor.py:186} INFO - Started process (PID=1692) to work on /home/airflow/.local/lib/python3.12/site-packages/airflow/example_dags/example_branch_datetime_operator.py
[2025-09-11T10:02:41.291+0000] {processor.py:914} INFO - Processing file /home/airflow/.local/lib/python3.12/site-packages/airflow/example_dags/example_branch_datetime_operator.py for tasks to queue
[2025-09-11T10:02:41.295+0000] {logging_mixin.py:190} INFO - [2025-09-11T10:02:41.294+0000] {dagbag.py:588} INFO - Filling up the DagBag from /home/airflow/.local/lib/python3.12/site-packages/airflow/example_dags/example_branch_datetime_operator.py
[2025-09-11T10:02:41.339+0000] {processor.py:925} INFO - DAG(s) 'example_branch_datetime_operator', 'example_branch_datetime_operator_2', 'example_branch_datetime_operator_3' retrieved from /home/airflow/.local/lib/python3.12/site-packages/airflow/example_dags/example_branch_datetime_operator.py
[2025-09-11T10:02:41.437+0000] {logging_mixin.py:190} INFO - [2025-09-11T10:02:41.437+0000] {dag.py:3239} INFO - Sync 3 DAGs
[2025-09-11T10:02:41.494+0000] {logging_mixin.py:190} INFO - [2025-09-11T10:02:41.493+0000] {dag.py:4180} INFO - Setting next_dagrun for example_branch_datetime_operator to 2025-09-10 00:00:00+00:00, run_after=2025-09-11 00:00:00+00:00
[2025-09-11T10:02:41.506+0000] {logging_mixin.py:190} INFO - [2025-09-11T10:02:41.506+0000] {dag.py:4180} INFO - Setting next_dagrun for example_branch_datetime_operator_2 to 2025-09-10 00:00:00+00:00, run_after=2025-09-11 00:00:00+00:00
[2025-09-11T10:02:41.511+0000] {logging_mixin.py:190} INFO - [2025-09-11T10:02:41.511+0000] {dag.py:4180} INFO - Setting next_dagrun for example_branch_datetime_operator_3 to 2025-09-10 00:00:00+00:00, run_after=2025-09-11 00:00:00+00:00
[2025-09-11T10:02:41.561+0000] {processor.py:208} INFO - Processing /home/airflow/.local/lib/python3.12/site-packages/airflow/example_dags/example_branch_datetime_operator.py took 0.293 seconds
[2025-09-11T10:03:11.801+0000] {processor.py:186} INFO - Started process (PID=1754) to work on /home/airflow/.local/lib/python3.12/site-packages/airflow/example_dags/example_branch_datetime_operator.py
[2025-09-11T10:03:11.803+0000] {processor.py:914} INFO - Processing file /home/airflow/.local/lib/python3.12/site-packages/airflow/example_dags/example_branch_datetime_operator.py for tasks to queue
[2025-09-11T10:03:11.809+0000] {logging_mixin.py:190} INFO - [2025-09-11T10:03:11.808+0000] {dagbag.py:588} INFO - Filling up the DagBag from /home/airflow/.local/lib/python3.12/site-packages/airflow/example_dags/example_branch_datetime_operator.py
[2025-09-11T10:03:11.833+0000] {processor.py:925} INFO - DAG(s) 'example_branch_datetime_operator_2', 'example_branch_datetime_operator', 'example_branch_datetime_operator_3' retrieved from /home/airflow/.local/lib/python3.12/site-packages/airflow/example_dags/example_branch_datetime_operator.py
[2025-09-11T10:03:11.882+0000] {logging_mixin.py:190} INFO - [2025-09-11T10:03:11.882+0000] {dag.py:3239} INFO - Sync 3 DAGs
[2025-09-11T10:03:11.931+0000] {logging_mixin.py:190} INFO - [2025-09-11T10:03:11.931+0000] {dag.py:4180} INFO - Setting next_dagrun for example_branch_datetime_operator to 2025-09-10 00:00:00+00:00, run_after=2025-09-11 00:00:00+00:00
[2025-09-11T10:03:11.941+0000] {logging_mixin.py:190} INFO - [2025-09-11T10:03:11.940+0000] {dag.py:4180} INFO - Setting next_dagrun for example_branch_datetime_operator_2 to 2025-09-10 00:00:00+00:00, run_after=2025-09-11 00:00:00+00:00
[2025-09-11T10:03:11.946+0000] {logging_mixin.py:190} INFO - [2025-09-11T10:03:11.946+0000] {dag.py:4180} INFO - Setting next_dagrun for example_branch_datetime_operator_3 to 2025-09-10 00:00:00+00:00, run_after=2025-09-11 00:00:00+00:00
[2025-09-11T10:03:11.975+0000] {processor.py:208} INFO - Processing /home/airflow/.local/lib/python3.12/site-packages/airflow/example_dags/example_branch_datetime_operator.py took 0.187 seconds
[2025-09-11T10:03:42.502+0000] {processor.py:186} INFO - Started process (PID=1818) to work on /home/airflow/.local/lib/python3.12/site-packages/airflow/example_dags/example_branch_datetime_operator.py
[2025-09-11T10:03:42.504+0000] {processor.py:914} INFO - Processing file /home/airflow/.local/lib/python3.12/site-packages/airflow/example_dags/example_branch_datetime_operator.py for tasks to queue
[2025-09-11T10:03:42.512+0000] {logging_mixin.py:190} INFO - [2025-09-11T10:03:42.511+0000] {dagbag.py:588} INFO - Filling up the DagBag from /home/airflow/.local/lib/python3.12/site-packages/airflow/example_dags/example_branch_datetime_operator.py
[2025-09-11T10:03:42.542+0000] {processor.py:925} INFO - DAG(s) 'example_branch_datetime_operator_2', 'example_branch_datetime_operator', 'example_branch_datetime_operator_3' retrieved from /home/airflow/.local/lib/python3.12/site-packages/airflow/example_dags/example_branch_datetime_operator.py
[2025-09-11T10:03:42.610+0000] {logging_mixin.py:190} INFO - [2025-09-11T10:03:42.610+0000] {dag.py:3239} INFO - Sync 3 DAGs
[2025-09-11T10:03:42.719+0000] {logging_mixin.py:190} INFO - [2025-09-11T10:03:42.719+0000] {dag.py:4180} INFO - Setting next_dagrun for example_branch_datetime_operator to 2025-09-10 00:00:00+00:00, run_after=2025-09-11 00:00:00+00:00
[2025-09-11T10:03:42.766+0000] {logging_mixin.py:190} INFO - [2025-09-11T10:03:42.766+0000] {dag.py:4180} INFO - Setting next_dagrun for example_branch_datetime_operator_2 to 2025-09-10 00:00:00+00:00, run_after=2025-09-11 00:00:00+00:00
[2025-09-11T10:03:42.797+0000] {logging_mixin.py:190} INFO - [2025-09-11T10:03:42.785+0000] {dag.py:4180} INFO - Setting next_dagrun for example_branch_datetime_operator_3 to 2025-09-10 00:00:00+00:00, run_after=2025-09-11 00:00:00+00:00
[2025-09-11T10:03:42.873+0000] {processor.py:208} INFO - Processing /home/airflow/.local/lib/python3.12/site-packages/airflow/example_dags/example_branch_datetime_operator.py took 0.384 seconds
[2025-09-11T10:04:13.651+0000] {processor.py:186} INFO - Started process (PID=1881) to work on /home/airflow/.local/lib/python3.12/site-packages/airflow/example_dags/example_branch_datetime_operator.py
[2025-09-11T10:04:13.655+0000] {processor.py:914} INFO - Processing file /home/airflow/.local/lib/python3.12/site-packages/airflow/example_dags/example_branch_datetime_operator.py for tasks to queue
[2025-09-11T10:04:13.661+0000] {logging_mixin.py:190} INFO - [2025-09-11T10:04:13.660+0000] {dagbag.py:588} INFO - Filling up the DagBag from /home/airflow/.local/lib/python3.12/site-packages/airflow/example_dags/example_branch_datetime_operator.py
[2025-09-11T10:04:13.710+0000] {processor.py:925} INFO - DAG(s) 'example_branch_datetime_operator_2', 'example_branch_datetime_operator_3', 'example_branch_datetime_operator' retrieved from /home/airflow/.local/lib/python3.12/site-packages/airflow/example_dags/example_branch_datetime_operator.py
[2025-09-11T10:04:13.800+0000] {logging_mixin.py:190} INFO - [2025-09-11T10:04:13.800+0000] {dag.py:3239} INFO - Sync 3 DAGs
[2025-09-11T10:04:13.882+0000] {logging_mixin.py:190} INFO - [2025-09-11T10:04:13.881+0000] {dag.py:4180} INFO - Setting next_dagrun for example_branch_datetime_operator to 2025-09-10 00:00:00+00:00, run_after=2025-09-11 00:00:00+00:00
[2025-09-11T10:04:13.897+0000] {logging_mixin.py:190} INFO - [2025-09-11T10:04:13.896+0000] {dag.py:4180} INFO - Setting next_dagrun for example_branch_datetime_operator_2 to 2025-09-10 00:00:00+00:00, run_after=2025-09-11 00:00:00+00:00
[2025-09-11T10:04:13.909+0000] {logging_mixin.py:190} INFO - [2025-09-11T10:04:13.909+0000] {dag.py:4180} INFO - Setting next_dagrun for example_branch_datetime_operator_3 to 2025-09-10 00:00:00+00:00, run_after=2025-09-11 00:00:00+00:00
[2025-09-11T10:04:13.968+0000] {processor.py:208} INFO - Processing /home/airflow/.local/lib/python3.12/site-packages/airflow/example_dags/example_branch_datetime_operator.py took 0.337 seconds
[2025-09-11T10:04:44.269+0000] {processor.py:186} INFO - Started process (PID=1944) to work on /home/airflow/.local/lib/python3.12/site-packages/airflow/example_dags/example_branch_datetime_operator.py
[2025-09-11T10:04:44.271+0000] {processor.py:914} INFO - Processing file /home/airflow/.local/lib/python3.12/site-packages/airflow/example_dags/example_branch_datetime_operator.py for tasks to queue
[2025-09-11T10:04:44.284+0000] {logging_mixin.py:190} INFO - [2025-09-11T10:04:44.284+0000] {dagbag.py:588} INFO - Filling up the DagBag from /home/airflow/.local/lib/python3.12/site-packages/airflow/example_dags/example_branch_datetime_operator.py
[2025-09-11T10:04:44.323+0000] {processor.py:925} INFO - DAG(s) 'example_branch_datetime_operator_2', 'example_branch_datetime_operator_3', 'example_branch_datetime_operator' retrieved from /home/airflow/.local/lib/python3.12/site-packages/airflow/example_dags/example_branch_datetime_operator.py
[2025-09-11T10:04:44.373+0000] {logging_mixin.py:190} INFO - [2025-09-11T10:04:44.373+0000] {dag.py:3239} INFO - Sync 3 DAGs
[2025-09-11T10:04:44.408+0000] {logging_mixin.py:190} INFO - [2025-09-11T10:04:44.407+0000] {dag.py:4180} INFO - Setting next_dagrun for example_branch_datetime_operator to 2025-09-10 00:00:00+00:00, run_after=2025-09-11 00:00:00+00:00
[2025-09-11T10:04:44.415+0000] {logging_mixin.py:190} INFO - [2025-09-11T10:04:44.415+0000] {dag.py:4180} INFO - Setting next_dagrun for example_branch_datetime_operator_2 to 2025-09-10 00:00:00+00:00, run_after=2025-09-11 00:00:00+00:00
[2025-09-11T10:04:44.419+0000] {logging_mixin.py:190} INFO - [2025-09-11T10:04:44.419+0000] {dag.py:4180} INFO - Setting next_dagrun for example_branch_datetime_operator_3 to 2025-09-10 00:00:00+00:00, run_after=2025-09-11 00:00:00+00:00
[2025-09-11T10:04:44.456+0000] {processor.py:208} INFO - Processing /home/airflow/.local/lib/python3.12/site-packages/airflow/example_dags/example_branch_datetime_operator.py took 0.197 seconds
