[2025-09-11T09:49:48.698+0000] {processor.py:186} INFO - Started process (PID=121) to work on /home/airflow/.local/lib/python3.12/site-packages/airflow/example_dags/example_subdag_operator.py
[2025-09-11T09:49:48.700+0000] {processor.py:914} INFO - Processing file /home/airflow/.local/lib/python3.12/site-packages/airflow/example_dags/example_subdag_operator.py for tasks to queue
[2025-09-11T09:49:48.705+0000] {logging_mixin.py:190} INFO - [2025-09-11T09:49:48.704+0000] {dagbag.py:588} INFO - Filling up the DagBag from /home/airflow/.local/lib/python3.12/site-packages/airflow/example_dags/example_subdag_operator.py
[2025-09-11T09:49:48.753+0000] {processor.py:925} INFO - DAG(s) 'example_subdag_operator.section-1', 'example_subdag_operator.section-2', 'example_subdag_operator' retrieved from /home/airflow/.local/lib/python3.12/site-packages/airflow/example_dags/example_subdag_operator.py
[2025-09-11T09:49:48.956+0000] {logging_mixin.py:190} INFO - [2025-09-11T09:49:48.955+0000] {override.py:1912} INFO - Created Permission View: can read on DAG:example_subdag_operator
[2025-09-11T09:49:48.986+0000] {logging_mixin.py:190} INFO - [2025-09-11T09:49:48.986+0000] {override.py:1912} INFO - Created Permission View: can edit on DAG:example_subdag_operator
[2025-09-11T09:49:49.000+0000] {logging_mixin.py:190} INFO - [2025-09-11T09:49:49.000+0000] {override.py:1912} INFO - Created Permission View: can delete on DAG:example_subdag_operator
[2025-09-11T09:49:49.018+0000] {logging_mixin.py:190} INFO - [2025-09-11T09:49:49.017+0000] {override.py:1912} INFO - Created Permission View: can create on DAG Run:example_subdag_operator
[2025-09-11T09:49:49.034+0000] {logging_mixin.py:190} INFO - [2025-09-11T09:49:49.033+0000] {override.py:1912} INFO - Created Permission View: can read on DAG Run:example_subdag_operator
[2025-09-11T09:49:49.047+0000] {logging_mixin.py:190} INFO - [2025-09-11T09:49:49.046+0000] {override.py:1912} INFO - Created Permission View: can delete on DAG Run:example_subdag_operator
[2025-09-11T09:49:49.064+0000] {logging_mixin.py:190} INFO - [2025-09-11T09:49:49.063+0000] {override.py:1912} INFO - Created Permission View: menu access on DAG Run:example_subdag_operator
[2025-09-11T09:49:49.066+0000] {logging_mixin.py:190} INFO - [2025-09-11T09:49:49.065+0000] {dag.py:3239} INFO - Sync 3 DAGs
[2025-09-11T09:49:49.099+0000] {logging_mixin.py:190} INFO - [2025-09-11T09:49:49.099+0000] {dag.py:3262} INFO - Creating ORM DAG for example_subdag_operator.section-2
[2025-09-11T09:49:49.101+0000] {logging_mixin.py:190} INFO - [2025-09-11T09:49:49.100+0000] {dag.py:3262} INFO - Creating ORM DAG for example_subdag_operator
[2025-09-11T09:49:49.104+0000] {logging_mixin.py:190} INFO - [2025-09-11T09:49:49.104+0000] {dag.py:3262} INFO - Creating ORM DAG for example_subdag_operator.section-1
[2025-09-11T09:49:49.131+0000] {logging_mixin.py:190} INFO - [2025-09-11T09:49:49.131+0000] {dag.py:4180} INFO - Setting next_dagrun for example_subdag_operator to 2022-01-01 00:00:00+00:00, run_after=2022-01-01 00:00:00+00:00
[2025-09-11T09:49:49.133+0000] {logging_mixin.py:190} INFO - [2025-09-11T09:49:49.133+0000] {dag.py:4180} INFO - Setting next_dagrun for example_subdag_operator.section-1 to None, run_after=None
[2025-09-11T09:49:49.134+0000] {logging_mixin.py:190} INFO - [2025-09-11T09:49:49.134+0000] {dag.py:4180} INFO - Setting next_dagrun for example_subdag_operator.section-2 to None, run_after=None
[2025-09-11T09:49:49.158+0000] {logging_mixin.py:190} INFO - [2025-09-11T09:49:49.158+0000] {dag.py:3239} INFO - Sync 2 DAGs
[2025-09-11T09:49:49.173+0000] {logging_mixin.py:190} INFO - [2025-09-11T09:49:49.170+0000] {dag.py:4180} INFO - Setting next_dagrun for example_subdag_operator.section-1 to None, run_after=None
[2025-09-11T09:49:49.182+0000] {logging_mixin.py:190} INFO - [2025-09-11T09:49:49.181+0000] {dag.py:4180} INFO - Setting next_dagrun for example_subdag_operator.section-2 to None, run_after=None
[2025-09-11T09:49:49.215+0000] {processor.py:208} INFO - Processing /home/airflow/.local/lib/python3.12/site-packages/airflow/example_dags/example_subdag_operator.py took 0.528 seconds
[2025-09-11T09:50:19.677+0000] {processor.py:186} INFO - Started process (PID=185) to work on /home/airflow/.local/lib/python3.12/site-packages/airflow/example_dags/example_subdag_operator.py
[2025-09-11T09:50:19.680+0000] {processor.py:914} INFO - Processing file /home/airflow/.local/lib/python3.12/site-packages/airflow/example_dags/example_subdag_operator.py for tasks to queue
[2025-09-11T09:50:19.692+0000] {logging_mixin.py:190} INFO - [2025-09-11T09:50:19.691+0000] {dagbag.py:588} INFO - Filling up the DagBag from /home/airflow/.local/lib/python3.12/site-packages/airflow/example_dags/example_subdag_operator.py
[2025-09-11T09:50:19.760+0000] {processor.py:925} INFO - DAG(s) 'example_subdag_operator.section-1', 'example_subdag_operator.section-2', 'example_subdag_operator' retrieved from /home/airflow/.local/lib/python3.12/site-packages/airflow/example_dags/example_subdag_operator.py
[2025-09-11T09:50:19.817+0000] {logging_mixin.py:190} INFO - [2025-09-11T09:50:19.817+0000] {dag.py:3239} INFO - Sync 3 DAGs
[2025-09-11T09:50:19.903+0000] {logging_mixin.py:190} INFO - [2025-09-11T09:50:19.902+0000] {dag.py:4180} INFO - Setting next_dagrun for example_subdag_operator to 2022-01-01 00:00:00+00:00, run_after=2022-01-01 00:00:00+00:00
[2025-09-11T09:50:19.916+0000] {logging_mixin.py:190} INFO - [2025-09-11T09:50:19.916+0000] {dag.py:4180} INFO - Setting next_dagrun for example_subdag_operator.section-1 to None, run_after=None
[2025-09-11T09:50:19.921+0000] {logging_mixin.py:190} INFO - [2025-09-11T09:50:19.921+0000] {dag.py:4180} INFO - Setting next_dagrun for example_subdag_operator.section-2 to None, run_after=None
[2025-09-11T09:50:19.947+0000] {logging_mixin.py:190} INFO - [2025-09-11T09:50:19.946+0000] {dag.py:3239} INFO - Sync 2 DAGs
[2025-09-11T09:50:19.969+0000] {logging_mixin.py:190} INFO - [2025-09-11T09:50:19.968+0000] {dag.py:4180} INFO - Setting next_dagrun for example_subdag_operator.section-1 to None, run_after=None
[2025-09-11T09:50:19.974+0000] {logging_mixin.py:190} INFO - [2025-09-11T09:50:19.974+0000] {dag.py:4180} INFO - Setting next_dagrun for example_subdag_operator.section-2 to None, run_after=None
[2025-09-11T09:50:20.004+0000] {processor.py:208} INFO - Processing /home/airflow/.local/lib/python3.12/site-packages/airflow/example_dags/example_subdag_operator.py took 0.350 seconds
[2025-09-11T09:50:50.434+0000] {processor.py:186} INFO - Started process (PID=254) to work on /home/airflow/.local/lib/python3.12/site-packages/airflow/example_dags/example_subdag_operator.py
[2025-09-11T09:50:50.436+0000] {processor.py:914} INFO - Processing file /home/airflow/.local/lib/python3.12/site-packages/airflow/example_dags/example_subdag_operator.py for tasks to queue
[2025-09-11T09:50:50.440+0000] {logging_mixin.py:190} INFO - [2025-09-11T09:50:50.439+0000] {dagbag.py:588} INFO - Filling up the DagBag from /home/airflow/.local/lib/python3.12/site-packages/airflow/example_dags/example_subdag_operator.py
[2025-09-11T09:50:50.511+0000] {processor.py:925} INFO - DAG(s) 'example_subdag_operator.section-1', 'example_subdag_operator.section-2', 'example_subdag_operator' retrieved from /home/airflow/.local/lib/python3.12/site-packages/airflow/example_dags/example_subdag_operator.py
[2025-09-11T09:50:50.545+0000] {logging_mixin.py:190} INFO - [2025-09-11T09:50:50.545+0000] {dag.py:3239} INFO - Sync 3 DAGs
[2025-09-11T09:50:50.583+0000] {logging_mixin.py:190} INFO - [2025-09-11T09:50:50.582+0000] {dag.py:4180} INFO - Setting next_dagrun for example_subdag_operator to 2022-01-01 00:00:00+00:00, run_after=2022-01-01 00:00:00+00:00
[2025-09-11T09:50:50.589+0000] {logging_mixin.py:190} INFO - [2025-09-11T09:50:50.589+0000] {dag.py:4180} INFO - Setting next_dagrun for example_subdag_operator.section-1 to None, run_after=None
[2025-09-11T09:50:50.593+0000] {logging_mixin.py:190} INFO - [2025-09-11T09:50:50.592+0000] {dag.py:4180} INFO - Setting next_dagrun for example_subdag_operator.section-2 to None, run_after=None
[2025-09-11T09:50:50.604+0000] {logging_mixin.py:190} INFO - [2025-09-11T09:50:50.603+0000] {dag.py:3239} INFO - Sync 2 DAGs
[2025-09-11T09:50:50.615+0000] {logging_mixin.py:190} INFO - [2025-09-11T09:50:50.615+0000] {dag.py:4180} INFO - Setting next_dagrun for example_subdag_operator.section-1 to None, run_after=None
[2025-09-11T09:50:50.616+0000] {logging_mixin.py:190} INFO - [2025-09-11T09:50:50.616+0000] {dag.py:4180} INFO - Setting next_dagrun for example_subdag_operator.section-2 to None, run_after=None
[2025-09-11T09:50:50.633+0000] {processor.py:208} INFO - Processing /home/airflow/.local/lib/python3.12/site-packages/airflow/example_dags/example_subdag_operator.py took 0.211 seconds
[2025-09-11T09:51:22.021+0000] {processor.py:186} INFO - Started process (PID=320) to work on /home/airflow/.local/lib/python3.12/site-packages/airflow/example_dags/example_subdag_operator.py
[2025-09-11T09:51:22.023+0000] {processor.py:914} INFO - Processing file /home/airflow/.local/lib/python3.12/site-packages/airflow/example_dags/example_subdag_operator.py for tasks to queue
[2025-09-11T09:51:22.039+0000] {logging_mixin.py:190} INFO - [2025-09-11T09:51:22.037+0000] {dagbag.py:588} INFO - Filling up the DagBag from /home/airflow/.local/lib/python3.12/site-packages/airflow/example_dags/example_subdag_operator.py
[2025-09-11T09:51:22.117+0000] {processor.py:925} INFO - DAG(s) 'example_subdag_operator.section-1', 'example_subdag_operator.section-2', 'example_subdag_operator' retrieved from /home/airflow/.local/lib/python3.12/site-packages/airflow/example_dags/example_subdag_operator.py
[2025-09-11T09:51:22.204+0000] {logging_mixin.py:190} INFO - [2025-09-11T09:51:22.204+0000] {dag.py:3239} INFO - Sync 3 DAGs
[2025-09-11T09:51:22.323+0000] {logging_mixin.py:190} INFO - [2025-09-11T09:51:22.322+0000] {dag.py:4180} INFO - Setting next_dagrun for example_subdag_operator to 2022-01-01 00:00:00+00:00, run_after=2022-01-01 00:00:00+00:00
[2025-09-11T09:51:22.344+0000] {logging_mixin.py:190} INFO - [2025-09-11T09:51:22.344+0000] {dag.py:4180} INFO - Setting next_dagrun for example_subdag_operator.section-1 to None, run_after=None
[2025-09-11T09:51:22.351+0000] {logging_mixin.py:190} INFO - [2025-09-11T09:51:22.351+0000] {dag.py:4180} INFO - Setting next_dagrun for example_subdag_operator.section-2 to None, run_after=None
[2025-09-11T09:51:22.401+0000] {logging_mixin.py:190} INFO - [2025-09-11T09:51:22.400+0000] {dag.py:3239} INFO - Sync 2 DAGs
[2025-09-11T09:51:22.429+0000] {logging_mixin.py:190} INFO - [2025-09-11T09:51:22.427+0000] {dag.py:4180} INFO - Setting next_dagrun for example_subdag_operator.section-1 to None, run_after=None
[2025-09-11T09:51:22.435+0000] {logging_mixin.py:190} INFO - [2025-09-11T09:51:22.435+0000] {dag.py:4180} INFO - Setting next_dagrun for example_subdag_operator.section-2 to None, run_after=None
[2025-09-11T09:51:22.506+0000] {processor.py:208} INFO - Processing /home/airflow/.local/lib/python3.12/site-packages/airflow/example_dags/example_subdag_operator.py took 0.504 seconds
[2025-09-11T09:51:54.947+0000] {processor.py:186} INFO - Started process (PID=383) to work on /home/airflow/.local/lib/python3.12/site-packages/airflow/example_dags/example_subdag_operator.py
[2025-09-11T09:51:54.950+0000] {processor.py:914} INFO - Processing file /home/airflow/.local/lib/python3.12/site-packages/airflow/example_dags/example_subdag_operator.py for tasks to queue
[2025-09-11T09:51:54.958+0000] {logging_mixin.py:190} INFO - [2025-09-11T09:51:54.957+0000] {dagbag.py:588} INFO - Filling up the DagBag from /home/airflow/.local/lib/python3.12/site-packages/airflow/example_dags/example_subdag_operator.py
[2025-09-11T09:51:55.015+0000] {processor.py:925} INFO - DAG(s) 'example_subdag_operator.section-1', 'example_subdag_operator.section-2', 'example_subdag_operator' retrieved from /home/airflow/.local/lib/python3.12/site-packages/airflow/example_dags/example_subdag_operator.py
[2025-09-11T09:51:55.077+0000] {logging_mixin.py:190} INFO - [2025-09-11T09:51:55.076+0000] {dag.py:3239} INFO - Sync 3 DAGs
[2025-09-11T09:51:55.143+0000] {logging_mixin.py:190} INFO - [2025-09-11T09:51:55.142+0000] {dag.py:4180} INFO - Setting next_dagrun for example_subdag_operator to 2022-01-01 00:00:00+00:00, run_after=2022-01-01 00:00:00+00:00
[2025-09-11T09:51:55.156+0000] {logging_mixin.py:190} INFO - [2025-09-11T09:51:55.155+0000] {dag.py:4180} INFO - Setting next_dagrun for example_subdag_operator.section-1 to None, run_after=None
[2025-09-11T09:51:55.159+0000] {logging_mixin.py:190} INFO - [2025-09-11T09:51:55.159+0000] {dag.py:4180} INFO - Setting next_dagrun for example_subdag_operator.section-2 to None, run_after=None
[2025-09-11T09:51:55.185+0000] {logging_mixin.py:190} INFO - [2025-09-11T09:51:55.185+0000] {dag.py:3239} INFO - Sync 2 DAGs
[2025-09-11T09:51:55.199+0000] {logging_mixin.py:190} INFO - [2025-09-11T09:51:55.198+0000] {dag.py:4180} INFO - Setting next_dagrun for example_subdag_operator.section-1 to None, run_after=None
[2025-09-11T09:51:55.202+0000] {logging_mixin.py:190} INFO - [2025-09-11T09:51:55.201+0000] {dag.py:4180} INFO - Setting next_dagrun for example_subdag_operator.section-2 to None, run_after=None
[2025-09-11T09:51:55.246+0000] {processor.py:208} INFO - Processing /home/airflow/.local/lib/python3.12/site-packages/airflow/example_dags/example_subdag_operator.py took 0.312 seconds
[2025-09-11T09:52:25.964+0000] {processor.py:186} INFO - Started process (PID=446) to work on /home/airflow/.local/lib/python3.12/site-packages/airflow/example_dags/example_subdag_operator.py
[2025-09-11T09:52:25.966+0000] {processor.py:914} INFO - Processing file /home/airflow/.local/lib/python3.12/site-packages/airflow/example_dags/example_subdag_operator.py for tasks to queue
[2025-09-11T09:52:25.970+0000] {logging_mixin.py:190} INFO - [2025-09-11T09:52:25.970+0000] {dagbag.py:588} INFO - Filling up the DagBag from /home/airflow/.local/lib/python3.12/site-packages/airflow/example_dags/example_subdag_operator.py
[2025-09-11T09:52:26.038+0000] {processor.py:925} INFO - DAG(s) 'example_subdag_operator.section-1', 'example_subdag_operator.section-2', 'example_subdag_operator' retrieved from /home/airflow/.local/lib/python3.12/site-packages/airflow/example_dags/example_subdag_operator.py
[2025-09-11T09:52:26.061+0000] {logging_mixin.py:190} INFO - [2025-09-11T09:52:26.060+0000] {dag.py:3239} INFO - Sync 3 DAGs
[2025-09-11T09:52:26.103+0000] {logging_mixin.py:190} INFO - [2025-09-11T09:52:26.103+0000] {dag.py:4180} INFO - Setting next_dagrun for example_subdag_operator to 2022-01-01 00:00:00+00:00, run_after=2022-01-01 00:00:00+00:00
[2025-09-11T09:52:26.111+0000] {logging_mixin.py:190} INFO - [2025-09-11T09:52:26.111+0000] {dag.py:4180} INFO - Setting next_dagrun for example_subdag_operator.section-1 to None, run_after=None
[2025-09-11T09:52:26.115+0000] {logging_mixin.py:190} INFO - [2025-09-11T09:52:26.114+0000] {dag.py:4180} INFO - Setting next_dagrun for example_subdag_operator.section-2 to None, run_after=None
[2025-09-11T09:52:26.130+0000] {logging_mixin.py:190} INFO - [2025-09-11T09:52:26.129+0000] {dag.py:3239} INFO - Sync 2 DAGs
[2025-09-11T09:52:26.144+0000] {logging_mixin.py:190} INFO - [2025-09-11T09:52:26.144+0000] {dag.py:4180} INFO - Setting next_dagrun for example_subdag_operator.section-1 to None, run_after=None
[2025-09-11T09:52:26.145+0000] {logging_mixin.py:190} INFO - [2025-09-11T09:52:26.145+0000] {dag.py:4180} INFO - Setting next_dagrun for example_subdag_operator.section-2 to None, run_after=None
[2025-09-11T09:52:26.165+0000] {processor.py:208} INFO - Processing /home/airflow/.local/lib/python3.12/site-packages/airflow/example_dags/example_subdag_operator.py took 0.214 seconds
[2025-09-11T09:52:56.552+0000] {processor.py:186} INFO - Started process (PID=508) to work on /home/airflow/.local/lib/python3.12/site-packages/airflow/example_dags/example_subdag_operator.py
[2025-09-11T09:52:56.553+0000] {processor.py:914} INFO - Processing file /home/airflow/.local/lib/python3.12/site-packages/airflow/example_dags/example_subdag_operator.py for tasks to queue
[2025-09-11T09:52:56.562+0000] {logging_mixin.py:190} INFO - [2025-09-11T09:52:56.561+0000] {dagbag.py:588} INFO - Filling up the DagBag from /home/airflow/.local/lib/python3.12/site-packages/airflow/example_dags/example_subdag_operator.py
[2025-09-11T09:52:56.601+0000] {processor.py:925} INFO - DAG(s) 'example_subdag_operator.section-1', 'example_subdag_operator.section-2', 'example_subdag_operator' retrieved from /home/airflow/.local/lib/python3.12/site-packages/airflow/example_dags/example_subdag_operator.py
[2025-09-11T09:52:56.624+0000] {logging_mixin.py:190} INFO - [2025-09-11T09:52:56.623+0000] {dag.py:3239} INFO - Sync 3 DAGs
[2025-09-11T09:52:56.658+0000] {logging_mixin.py:190} INFO - [2025-09-11T09:52:56.657+0000] {dag.py:4180} INFO - Setting next_dagrun for example_subdag_operator to 2022-01-01 00:00:00+00:00, run_after=2022-01-01 00:00:00+00:00
[2025-09-11T09:52:56.663+0000] {logging_mixin.py:190} INFO - [2025-09-11T09:52:56.663+0000] {dag.py:4180} INFO - Setting next_dagrun for example_subdag_operator.section-1 to None, run_after=None
[2025-09-11T09:52:56.665+0000] {logging_mixin.py:190} INFO - [2025-09-11T09:52:56.665+0000] {dag.py:4180} INFO - Setting next_dagrun for example_subdag_operator.section-2 to None, run_after=None
[2025-09-11T09:52:56.676+0000] {logging_mixin.py:190} INFO - [2025-09-11T09:52:56.676+0000] {dag.py:3239} INFO - Sync 2 DAGs
[2025-09-11T09:52:56.684+0000] {logging_mixin.py:190} INFO - [2025-09-11T09:52:56.684+0000] {dag.py:4180} INFO - Setting next_dagrun for example_subdag_operator.section-1 to None, run_after=None
[2025-09-11T09:52:56.685+0000] {logging_mixin.py:190} INFO - [2025-09-11T09:52:56.685+0000] {dag.py:4180} INFO - Setting next_dagrun for example_subdag_operator.section-2 to None, run_after=None
[2025-09-11T09:52:56.725+0000] {processor.py:208} INFO - Processing /home/airflow/.local/lib/python3.12/site-packages/airflow/example_dags/example_subdag_operator.py took 0.182 seconds
[2025-09-11T09:53:27.030+0000] {processor.py:186} INFO - Started process (PID=570) to work on /home/airflow/.local/lib/python3.12/site-packages/airflow/example_dags/example_subdag_operator.py
[2025-09-11T09:53:27.041+0000] {processor.py:914} INFO - Processing file /home/airflow/.local/lib/python3.12/site-packages/airflow/example_dags/example_subdag_operator.py for tasks to queue
[2025-09-11T09:53:27.048+0000] {logging_mixin.py:190} INFO - [2025-09-11T09:53:27.047+0000] {dagbag.py:588} INFO - Filling up the DagBag from /home/airflow/.local/lib/python3.12/site-packages/airflow/example_dags/example_subdag_operator.py
[2025-09-11T09:53:27.128+0000] {processor.py:925} INFO - DAG(s) 'example_subdag_operator.section-1', 'example_subdag_operator.section-2', 'example_subdag_operator' retrieved from /home/airflow/.local/lib/python3.12/site-packages/airflow/example_dags/example_subdag_operator.py
[2025-09-11T09:53:27.196+0000] {logging_mixin.py:190} INFO - [2025-09-11T09:53:27.196+0000] {dag.py:3239} INFO - Sync 3 DAGs
[2025-09-11T09:53:27.280+0000] {logging_mixin.py:190} INFO - [2025-09-11T09:53:27.279+0000] {dag.py:4180} INFO - Setting next_dagrun for example_subdag_operator to 2022-01-01 00:00:00+00:00, run_after=2022-01-01 00:00:00+00:00
[2025-09-11T09:53:27.290+0000] {logging_mixin.py:190} INFO - [2025-09-11T09:53:27.289+0000] {dag.py:4180} INFO - Setting next_dagrun for example_subdag_operator.section-1 to None, run_after=None
[2025-09-11T09:53:27.293+0000] {logging_mixin.py:190} INFO - [2025-09-11T09:53:27.293+0000] {dag.py:4180} INFO - Setting next_dagrun for example_subdag_operator.section-2 to None, run_after=None
[2025-09-11T09:53:27.320+0000] {logging_mixin.py:190} INFO - [2025-09-11T09:53:27.319+0000] {dag.py:3239} INFO - Sync 2 DAGs
[2025-09-11T09:53:27.332+0000] {logging_mixin.py:190} INFO - [2025-09-11T09:53:27.332+0000] {dag.py:4180} INFO - Setting next_dagrun for example_subdag_operator.section-1 to None, run_after=None
[2025-09-11T09:53:27.334+0000] {logging_mixin.py:190} INFO - [2025-09-11T09:53:27.333+0000] {dag.py:4180} INFO - Setting next_dagrun for example_subdag_operator.section-2 to None, run_after=None
[2025-09-11T09:53:27.364+0000] {processor.py:208} INFO - Processing /home/airflow/.local/lib/python3.12/site-packages/airflow/example_dags/example_subdag_operator.py took 0.356 seconds
[2025-09-11T09:54:03.255+0000] {processor.py:186} INFO - Started process (PID=633) to work on /home/airflow/.local/lib/python3.12/site-packages/airflow/example_dags/example_subdag_operator.py
[2025-09-11T09:54:03.260+0000] {processor.py:914} INFO - Processing file /home/airflow/.local/lib/python3.12/site-packages/airflow/example_dags/example_subdag_operator.py for tasks to queue
[2025-09-11T09:54:03.278+0000] {logging_mixin.py:190} INFO - [2025-09-11T09:54:03.277+0000] {dagbag.py:588} INFO - Filling up the DagBag from /home/airflow/.local/lib/python3.12/site-packages/airflow/example_dags/example_subdag_operator.py
[2025-09-11T09:54:03.374+0000] {processor.py:925} INFO - DAG(s) 'example_subdag_operator.section-1', 'example_subdag_operator.section-2', 'example_subdag_operator' retrieved from /home/airflow/.local/lib/python3.12/site-packages/airflow/example_dags/example_subdag_operator.py
[2025-09-11T09:54:03.449+0000] {logging_mixin.py:190} INFO - [2025-09-11T09:54:03.448+0000] {dag.py:3239} INFO - Sync 3 DAGs
[2025-09-11T09:54:03.569+0000] {logging_mixin.py:190} INFO - [2025-09-11T09:54:03.568+0000] {dag.py:4180} INFO - Setting next_dagrun for example_subdag_operator to 2022-01-01 00:00:00+00:00, run_after=2022-01-01 00:00:00+00:00
[2025-09-11T09:54:03.583+0000] {logging_mixin.py:190} INFO - [2025-09-11T09:54:03.582+0000] {dag.py:4180} INFO - Setting next_dagrun for example_subdag_operator.section-1 to None, run_after=None
[2025-09-11T09:54:03.586+0000] {logging_mixin.py:190} INFO - [2025-09-11T09:54:03.586+0000] {dag.py:4180} INFO - Setting next_dagrun for example_subdag_operator.section-2 to None, run_after=None
[2025-09-11T09:54:03.610+0000] {logging_mixin.py:190} INFO - [2025-09-11T09:54:03.604+0000] {dag.py:3239} INFO - Sync 2 DAGs
[2025-09-11T09:54:03.625+0000] {logging_mixin.py:190} INFO - [2025-09-11T09:54:03.624+0000] {dag.py:4180} INFO - Setting next_dagrun for example_subdag_operator.section-1 to None, run_after=None
[2025-09-11T09:54:03.626+0000] {logging_mixin.py:190} INFO - [2025-09-11T09:54:03.626+0000] {dag.py:4180} INFO - Setting next_dagrun for example_subdag_operator.section-2 to None, run_after=None
[2025-09-11T09:54:03.668+0000] {processor.py:208} INFO - Processing /home/airflow/.local/lib/python3.12/site-packages/airflow/example_dags/example_subdag_operator.py took 0.433 seconds
[2025-09-11T09:54:34.399+0000] {processor.py:186} INFO - Started process (PID=696) to work on /home/airflow/.local/lib/python3.12/site-packages/airflow/example_dags/example_subdag_operator.py
[2025-09-11T09:54:34.402+0000] {processor.py:914} INFO - Processing file /home/airflow/.local/lib/python3.12/site-packages/airflow/example_dags/example_subdag_operator.py for tasks to queue
[2025-09-11T09:54:34.409+0000] {logging_mixin.py:190} INFO - [2025-09-11T09:54:34.408+0000] {dagbag.py:588} INFO - Filling up the DagBag from /home/airflow/.local/lib/python3.12/site-packages/airflow/example_dags/example_subdag_operator.py
[2025-09-11T09:54:34.473+0000] {processor.py:925} INFO - DAG(s) 'example_subdag_operator.section-1', 'example_subdag_operator.section-2', 'example_subdag_operator' retrieved from /home/airflow/.local/lib/python3.12/site-packages/airflow/example_dags/example_subdag_operator.py
[2025-09-11T09:54:34.505+0000] {logging_mixin.py:190} INFO - [2025-09-11T09:54:34.504+0000] {dag.py:3239} INFO - Sync 3 DAGs
[2025-09-11T09:54:34.623+0000] {logging_mixin.py:190} INFO - [2025-09-11T09:54:34.622+0000] {dag.py:4180} INFO - Setting next_dagrun for example_subdag_operator to 2022-01-01 00:00:00+00:00, run_after=2022-01-01 00:00:00+00:00
[2025-09-11T09:54:34.633+0000] {logging_mixin.py:190} INFO - [2025-09-11T09:54:34.632+0000] {dag.py:4180} INFO - Setting next_dagrun for example_subdag_operator.section-1 to None, run_after=None
[2025-09-11T09:54:34.661+0000] {logging_mixin.py:190} INFO - [2025-09-11T09:54:34.661+0000] {dag.py:4180} INFO - Setting next_dagrun for example_subdag_operator.section-2 to None, run_after=None
[2025-09-11T09:54:34.684+0000] {logging_mixin.py:190} INFO - [2025-09-11T09:54:34.684+0000] {dag.py:3239} INFO - Sync 2 DAGs
[2025-09-11T09:54:34.704+0000] {logging_mixin.py:190} INFO - [2025-09-11T09:54:34.703+0000] {dag.py:4180} INFO - Setting next_dagrun for example_subdag_operator.section-1 to None, run_after=None
[2025-09-11T09:54:34.705+0000] {logging_mixin.py:190} INFO - [2025-09-11T09:54:34.705+0000] {dag.py:4180} INFO - Setting next_dagrun for example_subdag_operator.section-2 to None, run_after=None
[2025-09-11T09:54:34.734+0000] {processor.py:208} INFO - Processing /home/airflow/.local/lib/python3.12/site-packages/airflow/example_dags/example_subdag_operator.py took 0.354 seconds
[2025-09-11T09:55:04.983+0000] {processor.py:186} INFO - Started process (PID=758) to work on /home/airflow/.local/lib/python3.12/site-packages/airflow/example_dags/example_subdag_operator.py
[2025-09-11T09:55:04.986+0000] {processor.py:914} INFO - Processing file /home/airflow/.local/lib/python3.12/site-packages/airflow/example_dags/example_subdag_operator.py for tasks to queue
[2025-09-11T09:55:04.990+0000] {logging_mixin.py:190} INFO - [2025-09-11T09:55:04.989+0000] {dagbag.py:588} INFO - Filling up the DagBag from /home/airflow/.local/lib/python3.12/site-packages/airflow/example_dags/example_subdag_operator.py
[2025-09-11T09:55:05.046+0000] {processor.py:925} INFO - DAG(s) 'example_subdag_operator.section-1', 'example_subdag_operator.section-2', 'example_subdag_operator' retrieved from /home/airflow/.local/lib/python3.12/site-packages/airflow/example_dags/example_subdag_operator.py
[2025-09-11T09:55:05.092+0000] {logging_mixin.py:190} INFO - [2025-09-11T09:55:05.091+0000] {dag.py:3239} INFO - Sync 3 DAGs
[2025-09-11T09:55:05.138+0000] {logging_mixin.py:190} INFO - [2025-09-11T09:55:05.138+0000] {dag.py:4180} INFO - Setting next_dagrun for example_subdag_operator to 2022-01-01 00:00:00+00:00, run_after=2022-01-01 00:00:00+00:00
[2025-09-11T09:55:05.144+0000] {logging_mixin.py:190} INFO - [2025-09-11T09:55:05.143+0000] {dag.py:4180} INFO - Setting next_dagrun for example_subdag_operator.section-1 to None, run_after=None
[2025-09-11T09:55:05.147+0000] {logging_mixin.py:190} INFO - [2025-09-11T09:55:05.147+0000] {dag.py:4180} INFO - Setting next_dagrun for example_subdag_operator.section-2 to None, run_after=None
[2025-09-11T09:55:05.167+0000] {logging_mixin.py:190} INFO - [2025-09-11T09:55:05.167+0000] {dag.py:3239} INFO - Sync 2 DAGs
[2025-09-11T09:55:05.179+0000] {logging_mixin.py:190} INFO - [2025-09-11T09:55:05.179+0000] {dag.py:4180} INFO - Setting next_dagrun for example_subdag_operator.section-1 to None, run_after=None
[2025-09-11T09:55:05.180+0000] {logging_mixin.py:190} INFO - [2025-09-11T09:55:05.180+0000] {dag.py:4180} INFO - Setting next_dagrun for example_subdag_operator.section-2 to None, run_after=None
[2025-09-11T09:55:05.229+0000] {processor.py:208} INFO - Processing /home/airflow/.local/lib/python3.12/site-packages/airflow/example_dags/example_subdag_operator.py took 0.255 seconds
[2025-09-11T09:55:35.663+0000] {processor.py:186} INFO - Started process (PID=821) to work on /home/airflow/.local/lib/python3.12/site-packages/airflow/example_dags/example_subdag_operator.py
[2025-09-11T09:55:35.666+0000] {processor.py:914} INFO - Processing file /home/airflow/.local/lib/python3.12/site-packages/airflow/example_dags/example_subdag_operator.py for tasks to queue
[2025-09-11T09:55:35.675+0000] {logging_mixin.py:190} INFO - [2025-09-11T09:55:35.674+0000] {dagbag.py:588} INFO - Filling up the DagBag from /home/airflow/.local/lib/python3.12/site-packages/airflow/example_dags/example_subdag_operator.py
[2025-09-11T09:55:35.742+0000] {processor.py:925} INFO - DAG(s) 'example_subdag_operator.section-1', 'example_subdag_operator.section-2', 'example_subdag_operator' retrieved from /home/airflow/.local/lib/python3.12/site-packages/airflow/example_dags/example_subdag_operator.py
[2025-09-11T09:55:35.804+0000] {logging_mixin.py:190} INFO - [2025-09-11T09:55:35.803+0000] {dag.py:3239} INFO - Sync 3 DAGs
[2025-09-11T09:55:35.869+0000] {logging_mixin.py:190} INFO - [2025-09-11T09:55:35.868+0000] {dag.py:4180} INFO - Setting next_dagrun for example_subdag_operator to 2022-01-01 00:00:00+00:00, run_after=2022-01-01 00:00:00+00:00
[2025-09-11T09:55:35.877+0000] {logging_mixin.py:190} INFO - [2025-09-11T09:55:35.877+0000] {dag.py:4180} INFO - Setting next_dagrun for example_subdag_operator.section-1 to None, run_after=None
[2025-09-11T09:55:35.880+0000] {logging_mixin.py:190} INFO - [2025-09-11T09:55:35.879+0000] {dag.py:4180} INFO - Setting next_dagrun for example_subdag_operator.section-2 to None, run_after=None
[2025-09-11T09:55:35.895+0000] {logging_mixin.py:190} INFO - [2025-09-11T09:55:35.895+0000] {dag.py:3239} INFO - Sync 2 DAGs
[2025-09-11T09:55:35.907+0000] {logging_mixin.py:190} INFO - [2025-09-11T09:55:35.907+0000] {dag.py:4180} INFO - Setting next_dagrun for example_subdag_operator.section-1 to None, run_after=None
[2025-09-11T09:55:35.908+0000] {logging_mixin.py:190} INFO - [2025-09-11T09:55:35.908+0000] {dag.py:4180} INFO - Setting next_dagrun for example_subdag_operator.section-2 to None, run_after=None
[2025-09-11T09:55:35.942+0000] {processor.py:208} INFO - Processing /home/airflow/.local/lib/python3.12/site-packages/airflow/example_dags/example_subdag_operator.py took 0.303 seconds
[2025-09-11T09:56:06.716+0000] {processor.py:186} INFO - Started process (PID=883) to work on /home/airflow/.local/lib/python3.12/site-packages/airflow/example_dags/example_subdag_operator.py
[2025-09-11T09:56:06.728+0000] {processor.py:914} INFO - Processing file /home/airflow/.local/lib/python3.12/site-packages/airflow/example_dags/example_subdag_operator.py for tasks to queue
[2025-09-11T09:56:06.734+0000] {logging_mixin.py:190} INFO - [2025-09-11T09:56:06.733+0000] {dagbag.py:588} INFO - Filling up the DagBag from /home/airflow/.local/lib/python3.12/site-packages/airflow/example_dags/example_subdag_operator.py
[2025-09-11T09:56:06.782+0000] {processor.py:925} INFO - DAG(s) 'example_subdag_operator.section-1', 'example_subdag_operator.section-2', 'example_subdag_operator' retrieved from /home/airflow/.local/lib/python3.12/site-packages/airflow/example_dags/example_subdag_operator.py
[2025-09-11T09:56:06.806+0000] {logging_mixin.py:190} INFO - [2025-09-11T09:56:06.806+0000] {dag.py:3239} INFO - Sync 3 DAGs
[2025-09-11T09:56:06.849+0000] {logging_mixin.py:190} INFO - [2025-09-11T09:56:06.849+0000] {dag.py:4180} INFO - Setting next_dagrun for example_subdag_operator to 2022-01-01 00:00:00+00:00, run_after=2022-01-01 00:00:00+00:00
[2025-09-11T09:56:06.857+0000] {logging_mixin.py:190} INFO - [2025-09-11T09:56:06.857+0000] {dag.py:4180} INFO - Setting next_dagrun for example_subdag_operator.section-1 to None, run_after=None
[2025-09-11T09:56:06.860+0000] {logging_mixin.py:190} INFO - [2025-09-11T09:56:06.860+0000] {dag.py:4180} INFO - Setting next_dagrun for example_subdag_operator.section-2 to None, run_after=None
[2025-09-11T09:56:06.874+0000] {logging_mixin.py:190} INFO - [2025-09-11T09:56:06.874+0000] {dag.py:3239} INFO - Sync 2 DAGs
[2025-09-11T09:56:06.883+0000] {logging_mixin.py:190} INFO - [2025-09-11T09:56:06.883+0000] {dag.py:4180} INFO - Setting next_dagrun for example_subdag_operator.section-1 to None, run_after=None
[2025-09-11T09:56:06.885+0000] {logging_mixin.py:190} INFO - [2025-09-11T09:56:06.885+0000] {dag.py:4180} INFO - Setting next_dagrun for example_subdag_operator.section-2 to None, run_after=None
[2025-09-11T09:56:06.906+0000] {processor.py:208} INFO - Processing /home/airflow/.local/lib/python3.12/site-packages/airflow/example_dags/example_subdag_operator.py took 0.198 seconds
[2025-09-11T09:56:37.645+0000] {processor.py:186} INFO - Started process (PID=946) to work on /home/airflow/.local/lib/python3.12/site-packages/airflow/example_dags/example_subdag_operator.py
[2025-09-11T09:56:37.650+0000] {processor.py:914} INFO - Processing file /home/airflow/.local/lib/python3.12/site-packages/airflow/example_dags/example_subdag_operator.py for tasks to queue
[2025-09-11T09:56:37.659+0000] {logging_mixin.py:190} INFO - [2025-09-11T09:56:37.659+0000] {dagbag.py:588} INFO - Filling up the DagBag from /home/airflow/.local/lib/python3.12/site-packages/airflow/example_dags/example_subdag_operator.py
[2025-09-11T09:56:37.729+0000] {processor.py:925} INFO - DAG(s) 'example_subdag_operator.section-1', 'example_subdag_operator.section-2', 'example_subdag_operator' retrieved from /home/airflow/.local/lib/python3.12/site-packages/airflow/example_dags/example_subdag_operator.py
[2025-09-11T09:56:37.773+0000] {logging_mixin.py:190} INFO - [2025-09-11T09:56:37.772+0000] {dag.py:3239} INFO - Sync 3 DAGs
[2025-09-11T09:56:37.808+0000] {logging_mixin.py:190} INFO - [2025-09-11T09:56:37.807+0000] {dag.py:4180} INFO - Setting next_dagrun for example_subdag_operator to 2022-01-01 00:00:00+00:00, run_after=2022-01-01 00:00:00+00:00
[2025-09-11T09:56:37.819+0000] {logging_mixin.py:190} INFO - [2025-09-11T09:56:37.818+0000] {dag.py:4180} INFO - Setting next_dagrun for example_subdag_operator.section-1 to None, run_after=None
[2025-09-11T09:56:37.821+0000] {logging_mixin.py:190} INFO - [2025-09-11T09:56:37.821+0000] {dag.py:4180} INFO - Setting next_dagrun for example_subdag_operator.section-2 to None, run_after=None
[2025-09-11T09:56:37.836+0000] {logging_mixin.py:190} INFO - [2025-09-11T09:56:37.835+0000] {dag.py:3239} INFO - Sync 2 DAGs
[2025-09-11T09:56:37.847+0000] {logging_mixin.py:190} INFO - [2025-09-11T09:56:37.846+0000] {dag.py:4180} INFO - Setting next_dagrun for example_subdag_operator.section-1 to None, run_after=None
[2025-09-11T09:56:37.848+0000] {logging_mixin.py:190} INFO - [2025-09-11T09:56:37.848+0000] {dag.py:4180} INFO - Setting next_dagrun for example_subdag_operator.section-2 to None, run_after=None
[2025-09-11T09:56:37.879+0000] {processor.py:208} INFO - Processing /home/airflow/.local/lib/python3.12/site-packages/airflow/example_dags/example_subdag_operator.py took 0.243 seconds
[2025-09-11T09:57:08.155+0000] {processor.py:186} INFO - Started process (PID=1009) to work on /home/airflow/.local/lib/python3.12/site-packages/airflow/example_dags/example_subdag_operator.py
[2025-09-11T09:57:08.158+0000] {processor.py:914} INFO - Processing file /home/airflow/.local/lib/python3.12/site-packages/airflow/example_dags/example_subdag_operator.py for tasks to queue
[2025-09-11T09:57:08.166+0000] {logging_mixin.py:190} INFO - [2025-09-11T09:57:08.165+0000] {dagbag.py:588} INFO - Filling up the DagBag from /home/airflow/.local/lib/python3.12/site-packages/airflow/example_dags/example_subdag_operator.py
[2025-09-11T09:57:08.261+0000] {processor.py:925} INFO - DAG(s) 'example_subdag_operator.section-1', 'example_subdag_operator.section-2', 'example_subdag_operator' retrieved from /home/airflow/.local/lib/python3.12/site-packages/airflow/example_dags/example_subdag_operator.py
[2025-09-11T09:57:08.333+0000] {logging_mixin.py:190} INFO - [2025-09-11T09:57:08.332+0000] {dag.py:3239} INFO - Sync 3 DAGs
[2025-09-11T09:57:08.400+0000] {logging_mixin.py:190} INFO - [2025-09-11T09:57:08.400+0000] {dag.py:4180} INFO - Setting next_dagrun for example_subdag_operator to 2022-01-01 00:00:00+00:00, run_after=2022-01-01 00:00:00+00:00
[2025-09-11T09:57:08.413+0000] {logging_mixin.py:190} INFO - [2025-09-11T09:57:08.412+0000] {dag.py:4180} INFO - Setting next_dagrun for example_subdag_operator.section-1 to None, run_after=None
[2025-09-11T09:57:08.422+0000] {logging_mixin.py:190} INFO - [2025-09-11T09:57:08.421+0000] {dag.py:4180} INFO - Setting next_dagrun for example_subdag_operator.section-2 to None, run_after=None
[2025-09-11T09:57:08.446+0000] {logging_mixin.py:190} INFO - [2025-09-11T09:57:08.445+0000] {dag.py:3239} INFO - Sync 2 DAGs
[2025-09-11T09:57:08.467+0000] {logging_mixin.py:190} INFO - [2025-09-11T09:57:08.467+0000] {dag.py:4180} INFO - Setting next_dagrun for example_subdag_operator.section-1 to None, run_after=None
[2025-09-11T09:57:08.469+0000] {logging_mixin.py:190} INFO - [2025-09-11T09:57:08.469+0000] {dag.py:4180} INFO - Setting next_dagrun for example_subdag_operator.section-2 to None, run_after=None
[2025-09-11T09:57:08.505+0000] {processor.py:208} INFO - Processing /home/airflow/.local/lib/python3.12/site-packages/airflow/example_dags/example_subdag_operator.py took 0.366 seconds
[2025-09-11T09:57:39.280+0000] {processor.py:186} INFO - Started process (PID=1072) to work on /home/airflow/.local/lib/python3.12/site-packages/airflow/example_dags/example_subdag_operator.py
[2025-09-11T09:57:39.292+0000] {processor.py:914} INFO - Processing file /home/airflow/.local/lib/python3.12/site-packages/airflow/example_dags/example_subdag_operator.py for tasks to queue
[2025-09-11T09:57:39.303+0000] {logging_mixin.py:190} INFO - [2025-09-11T09:57:39.303+0000] {dagbag.py:588} INFO - Filling up the DagBag from /home/airflow/.local/lib/python3.12/site-packages/airflow/example_dags/example_subdag_operator.py
[2025-09-11T09:57:39.372+0000] {processor.py:925} INFO - DAG(s) 'example_subdag_operator.section-1', 'example_subdag_operator.section-2', 'example_subdag_operator' retrieved from /home/airflow/.local/lib/python3.12/site-packages/airflow/example_dags/example_subdag_operator.py
[2025-09-11T09:57:39.412+0000] {logging_mixin.py:190} INFO - [2025-09-11T09:57:39.411+0000] {dag.py:3239} INFO - Sync 3 DAGs
[2025-09-11T09:57:39.469+0000] {logging_mixin.py:190} INFO - [2025-09-11T09:57:39.468+0000] {dag.py:4180} INFO - Setting next_dagrun for example_subdag_operator to 2022-01-01 00:00:00+00:00, run_after=2022-01-01 00:00:00+00:00
[2025-09-11T09:57:39.476+0000] {logging_mixin.py:190} INFO - [2025-09-11T09:57:39.476+0000] {dag.py:4180} INFO - Setting next_dagrun for example_subdag_operator.section-1 to None, run_after=None
[2025-09-11T09:57:39.480+0000] {logging_mixin.py:190} INFO - [2025-09-11T09:57:39.479+0000] {dag.py:4180} INFO - Setting next_dagrun for example_subdag_operator.section-2 to None, run_after=None
[2025-09-11T09:57:39.495+0000] {logging_mixin.py:190} INFO - [2025-09-11T09:57:39.494+0000] {dag.py:3239} INFO - Sync 2 DAGs
[2025-09-11T09:57:39.509+0000] {logging_mixin.py:190} INFO - [2025-09-11T09:57:39.509+0000] {dag.py:4180} INFO - Setting next_dagrun for example_subdag_operator.section-1 to None, run_after=None
[2025-09-11T09:57:39.511+0000] {logging_mixin.py:190} INFO - [2025-09-11T09:57:39.510+0000] {dag.py:4180} INFO - Setting next_dagrun for example_subdag_operator.section-2 to None, run_after=None
[2025-09-11T09:57:39.536+0000] {processor.py:208} INFO - Processing /home/airflow/.local/lib/python3.12/site-packages/airflow/example_dags/example_subdag_operator.py took 0.265 seconds
[2025-09-11T09:58:09.782+0000] {processor.py:186} INFO - Started process (PID=1135) to work on /home/airflow/.local/lib/python3.12/site-packages/airflow/example_dags/example_subdag_operator.py
[2025-09-11T09:58:09.784+0000] {processor.py:914} INFO - Processing file /home/airflow/.local/lib/python3.12/site-packages/airflow/example_dags/example_subdag_operator.py for tasks to queue
[2025-09-11T09:58:09.791+0000] {logging_mixin.py:190} INFO - [2025-09-11T09:58:09.790+0000] {dagbag.py:588} INFO - Filling up the DagBag from /home/airflow/.local/lib/python3.12/site-packages/airflow/example_dags/example_subdag_operator.py
[2025-09-11T09:58:09.864+0000] {processor.py:925} INFO - DAG(s) 'example_subdag_operator.section-1', 'example_subdag_operator.section-2', 'example_subdag_operator' retrieved from /home/airflow/.local/lib/python3.12/site-packages/airflow/example_dags/example_subdag_operator.py
[2025-09-11T09:58:09.912+0000] {logging_mixin.py:190} INFO - [2025-09-11T09:58:09.911+0000] {dag.py:3239} INFO - Sync 3 DAGs
[2025-09-11T09:58:10.010+0000] {logging_mixin.py:190} INFO - [2025-09-11T09:58:10.009+0000] {dag.py:4180} INFO - Setting next_dagrun for example_subdag_operator to 2022-01-01 00:00:00+00:00, run_after=2022-01-01 00:00:00+00:00
[2025-09-11T09:58:10.023+0000] {logging_mixin.py:190} INFO - [2025-09-11T09:58:10.023+0000] {dag.py:4180} INFO - Setting next_dagrun for example_subdag_operator.section-1 to None, run_after=None
[2025-09-11T09:58:10.027+0000] {logging_mixin.py:190} INFO - [2025-09-11T09:58:10.026+0000] {dag.py:4180} INFO - Setting next_dagrun for example_subdag_operator.section-2 to None, run_after=None
[2025-09-11T09:58:10.046+0000] {logging_mixin.py:190} INFO - [2025-09-11T09:58:10.045+0000] {dag.py:3239} INFO - Sync 2 DAGs
[2025-09-11T09:58:10.061+0000] {logging_mixin.py:190} INFO - [2025-09-11T09:58:10.060+0000] {dag.py:4180} INFO - Setting next_dagrun for example_subdag_operator.section-1 to None, run_after=None
[2025-09-11T09:58:10.062+0000] {logging_mixin.py:190} INFO - [2025-09-11T09:58:10.062+0000] {dag.py:4180} INFO - Setting next_dagrun for example_subdag_operator.section-2 to None, run_after=None
[2025-09-11T09:58:10.101+0000] {processor.py:208} INFO - Processing /home/airflow/.local/lib/python3.12/site-packages/airflow/example_dags/example_subdag_operator.py took 0.332 seconds
[2025-09-11T09:58:40.565+0000] {processor.py:186} INFO - Started process (PID=1197) to work on /home/airflow/.local/lib/python3.12/site-packages/airflow/example_dags/example_subdag_operator.py
[2025-09-11T09:58:40.570+0000] {processor.py:914} INFO - Processing file /home/airflow/.local/lib/python3.12/site-packages/airflow/example_dags/example_subdag_operator.py for tasks to queue
[2025-09-11T09:58:40.576+0000] {logging_mixin.py:190} INFO - [2025-09-11T09:58:40.575+0000] {dagbag.py:588} INFO - Filling up the DagBag from /home/airflow/.local/lib/python3.12/site-packages/airflow/example_dags/example_subdag_operator.py
[2025-09-11T09:58:40.659+0000] {processor.py:925} INFO - DAG(s) 'example_subdag_operator.section-1', 'example_subdag_operator.section-2', 'example_subdag_operator' retrieved from /home/airflow/.local/lib/python3.12/site-packages/airflow/example_dags/example_subdag_operator.py
[2025-09-11T09:58:40.695+0000] {logging_mixin.py:190} INFO - [2025-09-11T09:58:40.695+0000] {dag.py:3239} INFO - Sync 3 DAGs
[2025-09-11T09:58:40.763+0000] {logging_mixin.py:190} INFO - [2025-09-11T09:58:40.763+0000] {dag.py:4180} INFO - Setting next_dagrun for example_subdag_operator to 2022-01-01 00:00:00+00:00, run_after=2022-01-01 00:00:00+00:00
[2025-09-11T09:58:40.773+0000] {logging_mixin.py:190} INFO - [2025-09-11T09:58:40.773+0000] {dag.py:4180} INFO - Setting next_dagrun for example_subdag_operator.section-1 to None, run_after=None
[2025-09-11T09:58:40.777+0000] {logging_mixin.py:190} INFO - [2025-09-11T09:58:40.776+0000] {dag.py:4180} INFO - Setting next_dagrun for example_subdag_operator.section-2 to None, run_after=None
[2025-09-11T09:58:40.790+0000] {logging_mixin.py:190} INFO - [2025-09-11T09:58:40.790+0000] {dag.py:3239} INFO - Sync 2 DAGs
[2025-09-11T09:58:40.804+0000] {logging_mixin.py:190} INFO - [2025-09-11T09:58:40.803+0000] {dag.py:4180} INFO - Setting next_dagrun for example_subdag_operator.section-1 to None, run_after=None
[2025-09-11T09:58:40.805+0000] {logging_mixin.py:190} INFO - [2025-09-11T09:58:40.805+0000] {dag.py:4180} INFO - Setting next_dagrun for example_subdag_operator.section-2 to None, run_after=None
[2025-09-11T09:58:40.836+0000] {processor.py:208} INFO - Processing /home/airflow/.local/lib/python3.12/site-packages/airflow/example_dags/example_subdag_operator.py took 0.284 seconds
[2025-09-11T09:59:11.199+0000] {processor.py:186} INFO - Started process (PID=1260) to work on /home/airflow/.local/lib/python3.12/site-packages/airflow/example_dags/example_subdag_operator.py
[2025-09-11T09:59:11.201+0000] {processor.py:914} INFO - Processing file /home/airflow/.local/lib/python3.12/site-packages/airflow/example_dags/example_subdag_operator.py for tasks to queue
[2025-09-11T09:59:11.207+0000] {logging_mixin.py:190} INFO - [2025-09-11T09:59:11.206+0000] {dagbag.py:588} INFO - Filling up the DagBag from /home/airflow/.local/lib/python3.12/site-packages/airflow/example_dags/example_subdag_operator.py
[2025-09-11T09:59:11.271+0000] {processor.py:925} INFO - DAG(s) 'example_subdag_operator.section-1', 'example_subdag_operator.section-2', 'example_subdag_operator' retrieved from /home/airflow/.local/lib/python3.12/site-packages/airflow/example_dags/example_subdag_operator.py
[2025-09-11T09:59:11.306+0000] {logging_mixin.py:190} INFO - [2025-09-11T09:59:11.305+0000] {dag.py:3239} INFO - Sync 3 DAGs
[2025-09-11T09:59:11.364+0000] {logging_mixin.py:190} INFO - [2025-09-11T09:59:11.363+0000] {dag.py:4180} INFO - Setting next_dagrun for example_subdag_operator to 2022-01-01 00:00:00+00:00, run_after=2022-01-01 00:00:00+00:00
[2025-09-11T09:59:11.375+0000] {logging_mixin.py:190} INFO - [2025-09-11T09:59:11.375+0000] {dag.py:4180} INFO - Setting next_dagrun for example_subdag_operator.section-1 to None, run_after=None
[2025-09-11T09:59:11.378+0000] {logging_mixin.py:190} INFO - [2025-09-11T09:59:11.378+0000] {dag.py:4180} INFO - Setting next_dagrun for example_subdag_operator.section-2 to None, run_after=None
[2025-09-11T09:59:11.391+0000] {logging_mixin.py:190} INFO - [2025-09-11T09:59:11.391+0000] {dag.py:3239} INFO - Sync 2 DAGs
[2025-09-11T09:59:11.403+0000] {logging_mixin.py:190} INFO - [2025-09-11T09:59:11.402+0000] {dag.py:4180} INFO - Setting next_dagrun for example_subdag_operator.section-1 to None, run_after=None
[2025-09-11T09:59:11.404+0000] {logging_mixin.py:190} INFO - [2025-09-11T09:59:11.404+0000] {dag.py:4180} INFO - Setting next_dagrun for example_subdag_operator.section-2 to None, run_after=None
[2025-09-11T09:59:11.424+0000] {processor.py:208} INFO - Processing /home/airflow/.local/lib/python3.12/site-packages/airflow/example_dags/example_subdag_operator.py took 0.244 seconds
[2025-09-11T09:59:41.577+0000] {processor.py:186} INFO - Started process (PID=1323) to work on /home/airflow/.local/lib/python3.12/site-packages/airflow/example_dags/example_subdag_operator.py
[2025-09-11T09:59:41.579+0000] {processor.py:914} INFO - Processing file /home/airflow/.local/lib/python3.12/site-packages/airflow/example_dags/example_subdag_operator.py for tasks to queue
[2025-09-11T09:59:41.583+0000] {logging_mixin.py:190} INFO - [2025-09-11T09:59:41.582+0000] {dagbag.py:588} INFO - Filling up the DagBag from /home/airflow/.local/lib/python3.12/site-packages/airflow/example_dags/example_subdag_operator.py
[2025-09-11T09:59:41.646+0000] {processor.py:925} INFO - DAG(s) 'example_subdag_operator.section-1', 'example_subdag_operator.section-2', 'example_subdag_operator' retrieved from /home/airflow/.local/lib/python3.12/site-packages/airflow/example_dags/example_subdag_operator.py
[2025-09-11T09:59:41.683+0000] {logging_mixin.py:190} INFO - [2025-09-11T09:59:41.682+0000] {dag.py:3239} INFO - Sync 3 DAGs
[2025-09-11T09:59:41.754+0000] {logging_mixin.py:190} INFO - [2025-09-11T09:59:41.754+0000] {dag.py:4180} INFO - Setting next_dagrun for example_subdag_operator to 2022-01-01 00:00:00+00:00, run_after=2022-01-01 00:00:00+00:00
[2025-09-11T09:59:41.770+0000] {logging_mixin.py:190} INFO - [2025-09-11T09:59:41.770+0000] {dag.py:4180} INFO - Setting next_dagrun for example_subdag_operator.section-1 to None, run_after=None
[2025-09-11T09:59:41.796+0000] {logging_mixin.py:190} INFO - [2025-09-11T09:59:41.796+0000] {dag.py:4180} INFO - Setting next_dagrun for example_subdag_operator.section-2 to None, run_after=None
[2025-09-11T09:59:41.834+0000] {logging_mixin.py:190} INFO - [2025-09-11T09:59:41.834+0000] {dag.py:3239} INFO - Sync 2 DAGs
[2025-09-11T09:59:41.870+0000] {logging_mixin.py:190} INFO - [2025-09-11T09:59:41.869+0000] {dag.py:4180} INFO - Setting next_dagrun for example_subdag_operator.section-1 to None, run_after=None
[2025-09-11T09:59:41.873+0000] {logging_mixin.py:190} INFO - [2025-09-11T09:59:41.872+0000] {dag.py:4180} INFO - Setting next_dagrun for example_subdag_operator.section-2 to None, run_after=None
[2025-09-11T09:59:41.910+0000] {processor.py:208} INFO - Processing /home/airflow/.local/lib/python3.12/site-packages/airflow/example_dags/example_subdag_operator.py took 0.350 seconds
[2025-09-11T10:00:12.196+0000] {processor.py:186} INFO - Started process (PID=1386) to work on /home/airflow/.local/lib/python3.12/site-packages/airflow/example_dags/example_subdag_operator.py
[2025-09-11T10:00:12.199+0000] {processor.py:914} INFO - Processing file /home/airflow/.local/lib/python3.12/site-packages/airflow/example_dags/example_subdag_operator.py for tasks to queue
[2025-09-11T10:00:12.207+0000] {logging_mixin.py:190} INFO - [2025-09-11T10:00:12.206+0000] {dagbag.py:588} INFO - Filling up the DagBag from /home/airflow/.local/lib/python3.12/site-packages/airflow/example_dags/example_subdag_operator.py
[2025-09-11T10:00:12.267+0000] {processor.py:925} INFO - DAG(s) 'example_subdag_operator.section-1', 'example_subdag_operator.section-2', 'example_subdag_operator' retrieved from /home/airflow/.local/lib/python3.12/site-packages/airflow/example_dags/example_subdag_operator.py
[2025-09-11T10:00:12.296+0000] {logging_mixin.py:190} INFO - [2025-09-11T10:00:12.295+0000] {dag.py:3239} INFO - Sync 3 DAGs
[2025-09-11T10:00:12.367+0000] {logging_mixin.py:190} INFO - [2025-09-11T10:00:12.367+0000] {dag.py:4180} INFO - Setting next_dagrun for example_subdag_operator to 2022-01-01 00:00:00+00:00, run_after=2022-01-01 00:00:00+00:00
[2025-09-11T10:00:12.376+0000] {logging_mixin.py:190} INFO - [2025-09-11T10:00:12.375+0000] {dag.py:4180} INFO - Setting next_dagrun for example_subdag_operator.section-1 to None, run_after=None
[2025-09-11T10:00:12.379+0000] {logging_mixin.py:190} INFO - [2025-09-11T10:00:12.379+0000] {dag.py:4180} INFO - Setting next_dagrun for example_subdag_operator.section-2 to None, run_after=None
[2025-09-11T10:00:12.394+0000] {logging_mixin.py:190} INFO - [2025-09-11T10:00:12.394+0000] {dag.py:3239} INFO - Sync 2 DAGs
[2025-09-11T10:00:12.405+0000] {logging_mixin.py:190} INFO - [2025-09-11T10:00:12.405+0000] {dag.py:4180} INFO - Setting next_dagrun for example_subdag_operator.section-1 to None, run_after=None
[2025-09-11T10:00:12.415+0000] {logging_mixin.py:190} INFO - [2025-09-11T10:00:12.415+0000] {dag.py:4180} INFO - Setting next_dagrun for example_subdag_operator.section-2 to None, run_after=None
[2025-09-11T10:00:12.445+0000] {processor.py:208} INFO - Processing /home/airflow/.local/lib/python3.12/site-packages/airflow/example_dags/example_subdag_operator.py took 0.259 seconds
[2025-09-11T10:00:43.274+0000] {processor.py:186} INFO - Started process (PID=1449) to work on /home/airflow/.local/lib/python3.12/site-packages/airflow/example_dags/example_subdag_operator.py
[2025-09-11T10:00:43.277+0000] {processor.py:914} INFO - Processing file /home/airflow/.local/lib/python3.12/site-packages/airflow/example_dags/example_subdag_operator.py for tasks to queue
[2025-09-11T10:00:43.282+0000] {logging_mixin.py:190} INFO - [2025-09-11T10:00:43.281+0000] {dagbag.py:588} INFO - Filling up the DagBag from /home/airflow/.local/lib/python3.12/site-packages/airflow/example_dags/example_subdag_operator.py
[2025-09-11T10:00:43.336+0000] {processor.py:925} INFO - DAG(s) 'example_subdag_operator.section-1', 'example_subdag_operator.section-2', 'example_subdag_operator' retrieved from /home/airflow/.local/lib/python3.12/site-packages/airflow/example_dags/example_subdag_operator.py
[2025-09-11T10:00:43.369+0000] {logging_mixin.py:190} INFO - [2025-09-11T10:00:43.369+0000] {dag.py:3239} INFO - Sync 3 DAGs
[2025-09-11T10:00:43.417+0000] {logging_mixin.py:190} INFO - [2025-09-11T10:00:43.417+0000] {dag.py:4180} INFO - Setting next_dagrun for example_subdag_operator to 2022-01-01 00:00:00+00:00, run_after=2022-01-01 00:00:00+00:00
[2025-09-11T10:00:43.424+0000] {logging_mixin.py:190} INFO - [2025-09-11T10:00:43.424+0000] {dag.py:4180} INFO - Setting next_dagrun for example_subdag_operator.section-1 to None, run_after=None
[2025-09-11T10:00:43.427+0000] {logging_mixin.py:190} INFO - [2025-09-11T10:00:43.427+0000] {dag.py:4180} INFO - Setting next_dagrun for example_subdag_operator.section-2 to None, run_after=None
[2025-09-11T10:00:43.443+0000] {logging_mixin.py:190} INFO - [2025-09-11T10:00:43.442+0000] {dag.py:3239} INFO - Sync 2 DAGs
[2025-09-11T10:00:43.456+0000] {logging_mixin.py:190} INFO - [2025-09-11T10:00:43.455+0000] {dag.py:4180} INFO - Setting next_dagrun for example_subdag_operator.section-1 to None, run_after=None
[2025-09-11T10:00:43.457+0000] {logging_mixin.py:190} INFO - [2025-09-11T10:00:43.457+0000] {dag.py:4180} INFO - Setting next_dagrun for example_subdag_operator.section-2 to None, run_after=None
[2025-09-11T10:00:43.483+0000] {processor.py:208} INFO - Processing /home/airflow/.local/lib/python3.12/site-packages/airflow/example_dags/example_subdag_operator.py took 0.222 seconds
[2025-09-11T10:01:14.145+0000] {processor.py:186} INFO - Started process (PID=1512) to work on /home/airflow/.local/lib/python3.12/site-packages/airflow/example_dags/example_subdag_operator.py
[2025-09-11T10:01:14.175+0000] {processor.py:914} INFO - Processing file /home/airflow/.local/lib/python3.12/site-packages/airflow/example_dags/example_subdag_operator.py for tasks to queue
[2025-09-11T10:01:14.180+0000] {logging_mixin.py:190} INFO - [2025-09-11T10:01:14.180+0000] {dagbag.py:588} INFO - Filling up the DagBag from /home/airflow/.local/lib/python3.12/site-packages/airflow/example_dags/example_subdag_operator.py
[2025-09-11T10:01:14.324+0000] {processor.py:925} INFO - DAG(s) 'example_subdag_operator.section-1', 'example_subdag_operator.section-2', 'example_subdag_operator' retrieved from /home/airflow/.local/lib/python3.12/site-packages/airflow/example_dags/example_subdag_operator.py
[2025-09-11T10:01:14.408+0000] {logging_mixin.py:190} INFO - [2025-09-11T10:01:14.407+0000] {dag.py:3239} INFO - Sync 3 DAGs
[2025-09-11T10:01:14.537+0000] {logging_mixin.py:190} INFO - [2025-09-11T10:01:14.536+0000] {dag.py:4180} INFO - Setting next_dagrun for example_subdag_operator to 2022-01-01 00:00:00+00:00, run_after=2022-01-01 00:00:00+00:00
[2025-09-11T10:01:14.548+0000] {logging_mixin.py:190} INFO - [2025-09-11T10:01:14.548+0000] {dag.py:4180} INFO - Setting next_dagrun for example_subdag_operator.section-1 to None, run_after=None
[2025-09-11T10:01:14.560+0000] {logging_mixin.py:190} INFO - [2025-09-11T10:01:14.559+0000] {dag.py:4180} INFO - Setting next_dagrun for example_subdag_operator.section-2 to None, run_after=None
[2025-09-11T10:01:14.584+0000] {logging_mixin.py:190} INFO - [2025-09-11T10:01:14.583+0000] {dag.py:3239} INFO - Sync 2 DAGs
[2025-09-11T10:01:14.606+0000] {logging_mixin.py:190} INFO - [2025-09-11T10:01:14.605+0000] {dag.py:4180} INFO - Setting next_dagrun for example_subdag_operator.section-1 to None, run_after=None
[2025-09-11T10:01:14.609+0000] {logging_mixin.py:190} INFO - [2025-09-11T10:01:14.608+0000] {dag.py:4180} INFO - Setting next_dagrun for example_subdag_operator.section-2 to None, run_after=None
[2025-09-11T10:01:14.643+0000] {processor.py:208} INFO - Processing /home/airflow/.local/lib/python3.12/site-packages/airflow/example_dags/example_subdag_operator.py took 0.533 seconds
[2025-09-11T10:01:45.106+0000] {processor.py:186} INFO - Started process (PID=1575) to work on /home/airflow/.local/lib/python3.12/site-packages/airflow/example_dags/example_subdag_operator.py
[2025-09-11T10:01:45.108+0000] {processor.py:914} INFO - Processing file /home/airflow/.local/lib/python3.12/site-packages/airflow/example_dags/example_subdag_operator.py for tasks to queue
[2025-09-11T10:01:45.115+0000] {logging_mixin.py:190} INFO - [2025-09-11T10:01:45.114+0000] {dagbag.py:588} INFO - Filling up the DagBag from /home/airflow/.local/lib/python3.12/site-packages/airflow/example_dags/example_subdag_operator.py
[2025-09-11T10:01:45.192+0000] {processor.py:925} INFO - DAG(s) 'example_subdag_operator.section-1', 'example_subdag_operator.section-2', 'example_subdag_operator' retrieved from /home/airflow/.local/lib/python3.12/site-packages/airflow/example_dags/example_subdag_operator.py
[2025-09-11T10:01:45.240+0000] {logging_mixin.py:190} INFO - [2025-09-11T10:01:45.239+0000] {dag.py:3239} INFO - Sync 3 DAGs
[2025-09-11T10:01:45.299+0000] {logging_mixin.py:190} INFO - [2025-09-11T10:01:45.299+0000] {dag.py:4180} INFO - Setting next_dagrun for example_subdag_operator to 2022-01-01 00:00:00+00:00, run_after=2022-01-01 00:00:00+00:00
[2025-09-11T10:01:45.310+0000] {logging_mixin.py:190} INFO - [2025-09-11T10:01:45.310+0000] {dag.py:4180} INFO - Setting next_dagrun for example_subdag_operator.section-1 to None, run_after=None
[2025-09-11T10:01:45.314+0000] {logging_mixin.py:190} INFO - [2025-09-11T10:01:45.313+0000] {dag.py:4180} INFO - Setting next_dagrun for example_subdag_operator.section-2 to None, run_after=None
[2025-09-11T10:01:45.332+0000] {logging_mixin.py:190} INFO - [2025-09-11T10:01:45.331+0000] {dag.py:3239} INFO - Sync 2 DAGs
[2025-09-11T10:01:45.351+0000] {logging_mixin.py:190} INFO - [2025-09-11T10:01:45.351+0000] {dag.py:4180} INFO - Setting next_dagrun for example_subdag_operator.section-1 to None, run_after=None
[2025-09-11T10:01:45.357+0000] {logging_mixin.py:190} INFO - [2025-09-11T10:01:45.356+0000] {dag.py:4180} INFO - Setting next_dagrun for example_subdag_operator.section-2 to None, run_after=None
[2025-09-11T10:01:45.409+0000] {processor.py:208} INFO - Processing /home/airflow/.local/lib/python3.12/site-packages/airflow/example_dags/example_subdag_operator.py took 0.322 seconds
[2025-09-11T10:02:15.704+0000] {processor.py:186} INFO - Started process (PID=1638) to work on /home/airflow/.local/lib/python3.12/site-packages/airflow/example_dags/example_subdag_operator.py
[2025-09-11T10:02:15.715+0000] {processor.py:914} INFO - Processing file /home/airflow/.local/lib/python3.12/site-packages/airflow/example_dags/example_subdag_operator.py for tasks to queue
[2025-09-11T10:02:15.720+0000] {logging_mixin.py:190} INFO - [2025-09-11T10:02:15.719+0000] {dagbag.py:588} INFO - Filling up the DagBag from /home/airflow/.local/lib/python3.12/site-packages/airflow/example_dags/example_subdag_operator.py
[2025-09-11T10:02:15.823+0000] {processor.py:925} INFO - DAG(s) 'example_subdag_operator.section-1', 'example_subdag_operator.section-2', 'example_subdag_operator' retrieved from /home/airflow/.local/lib/python3.12/site-packages/airflow/example_dags/example_subdag_operator.py
[2025-09-11T10:02:15.899+0000] {logging_mixin.py:190} INFO - [2025-09-11T10:02:15.899+0000] {dag.py:3239} INFO - Sync 3 DAGs
[2025-09-11T10:02:16.073+0000] {logging_mixin.py:190} INFO - [2025-09-11T10:02:16.072+0000] {dag.py:4180} INFO - Setting next_dagrun for example_subdag_operator to 2022-01-01 00:00:00+00:00, run_after=2022-01-01 00:00:00+00:00
[2025-09-11T10:02:16.106+0000] {logging_mixin.py:190} INFO - [2025-09-11T10:02:16.105+0000] {dag.py:4180} INFO - Setting next_dagrun for example_subdag_operator.section-1 to None, run_after=None
[2025-09-11T10:02:16.119+0000] {logging_mixin.py:190} INFO - [2025-09-11T10:02:16.118+0000] {dag.py:4180} INFO - Setting next_dagrun for example_subdag_operator.section-2 to None, run_after=None
[2025-09-11T10:02:16.164+0000] {logging_mixin.py:190} INFO - [2025-09-11T10:02:16.163+0000] {dag.py:3239} INFO - Sync 2 DAGs
[2025-09-11T10:02:16.196+0000] {logging_mixin.py:190} INFO - [2025-09-11T10:02:16.195+0000] {dag.py:4180} INFO - Setting next_dagrun for example_subdag_operator.section-1 to None, run_after=None
[2025-09-11T10:02:16.199+0000] {logging_mixin.py:190} INFO - [2025-09-11T10:02:16.199+0000] {dag.py:4180} INFO - Setting next_dagrun for example_subdag_operator.section-2 to None, run_after=None
[2025-09-11T10:02:16.262+0000] {processor.py:208} INFO - Processing /home/airflow/.local/lib/python3.12/site-packages/airflow/example_dags/example_subdag_operator.py took 0.578 seconds
[2025-09-11T10:02:46.762+0000] {processor.py:186} INFO - Started process (PID=1702) to work on /home/airflow/.local/lib/python3.12/site-packages/airflow/example_dags/example_subdag_operator.py
[2025-09-11T10:02:46.766+0000] {processor.py:914} INFO - Processing file /home/airflow/.local/lib/python3.12/site-packages/airflow/example_dags/example_subdag_operator.py for tasks to queue
[2025-09-11T10:02:46.774+0000] {logging_mixin.py:190} INFO - [2025-09-11T10:02:46.773+0000] {dagbag.py:588} INFO - Filling up the DagBag from /home/airflow/.local/lib/python3.12/site-packages/airflow/example_dags/example_subdag_operator.py
[2025-09-11T10:02:46.860+0000] {processor.py:925} INFO - DAG(s) 'example_subdag_operator.section-1', 'example_subdag_operator.section-2', 'example_subdag_operator' retrieved from /home/airflow/.local/lib/python3.12/site-packages/airflow/example_dags/example_subdag_operator.py
[2025-09-11T10:02:46.917+0000] {logging_mixin.py:190} INFO - [2025-09-11T10:02:46.916+0000] {dag.py:3239} INFO - Sync 3 DAGs
[2025-09-11T10:02:47.000+0000] {logging_mixin.py:190} INFO - [2025-09-11T10:02:46.999+0000] {dag.py:4180} INFO - Setting next_dagrun for example_subdag_operator to 2022-01-01 00:00:00+00:00, run_after=2022-01-01 00:00:00+00:00
[2025-09-11T10:02:47.018+0000] {logging_mixin.py:190} INFO - [2025-09-11T10:02:47.018+0000] {dag.py:4180} INFO - Setting next_dagrun for example_subdag_operator.section-1 to None, run_after=None
[2025-09-11T10:02:47.030+0000] {logging_mixin.py:190} INFO - [2025-09-11T10:02:47.030+0000] {dag.py:4180} INFO - Setting next_dagrun for example_subdag_operator.section-2 to None, run_after=None
[2025-09-11T10:02:47.057+0000] {logging_mixin.py:190} INFO - [2025-09-11T10:02:47.057+0000] {dag.py:3239} INFO - Sync 2 DAGs
[2025-09-11T10:02:47.072+0000] {logging_mixin.py:190} INFO - [2025-09-11T10:02:47.072+0000] {dag.py:4180} INFO - Setting next_dagrun for example_subdag_operator.section-1 to None, run_after=None
[2025-09-11T10:02:47.081+0000] {logging_mixin.py:190} INFO - [2025-09-11T10:02:47.081+0000] {dag.py:4180} INFO - Setting next_dagrun for example_subdag_operator.section-2 to None, run_after=None
[2025-09-11T10:02:47.111+0000] {processor.py:208} INFO - Processing /home/airflow/.local/lib/python3.12/site-packages/airflow/example_dags/example_subdag_operator.py took 0.369 seconds
[2025-09-11T10:03:17.909+0000] {processor.py:186} INFO - Started process (PID=1765) to work on /home/airflow/.local/lib/python3.12/site-packages/airflow/example_dags/example_subdag_operator.py
[2025-09-11T10:03:17.911+0000] {processor.py:914} INFO - Processing file /home/airflow/.local/lib/python3.12/site-packages/airflow/example_dags/example_subdag_operator.py for tasks to queue
[2025-09-11T10:03:17.926+0000] {logging_mixin.py:190} INFO - [2025-09-11T10:03:17.925+0000] {dagbag.py:588} INFO - Filling up the DagBag from /home/airflow/.local/lib/python3.12/site-packages/airflow/example_dags/example_subdag_operator.py
[2025-09-11T10:03:18.003+0000] {processor.py:925} INFO - DAG(s) 'example_subdag_operator.section-1', 'example_subdag_operator.section-2', 'example_subdag_operator' retrieved from /home/airflow/.local/lib/python3.12/site-packages/airflow/example_dags/example_subdag_operator.py
[2025-09-11T10:03:18.065+0000] {logging_mixin.py:190} INFO - [2025-09-11T10:03:18.065+0000] {dag.py:3239} INFO - Sync 3 DAGs
[2025-09-11T10:03:18.115+0000] {logging_mixin.py:190} INFO - [2025-09-11T10:03:18.114+0000] {dag.py:4180} INFO - Setting next_dagrun for example_subdag_operator to 2022-01-01 00:00:00+00:00, run_after=2022-01-01 00:00:00+00:00
[2025-09-11T10:03:18.121+0000] {logging_mixin.py:190} INFO - [2025-09-11T10:03:18.121+0000] {dag.py:4180} INFO - Setting next_dagrun for example_subdag_operator.section-1 to None, run_after=None
[2025-09-11T10:03:18.125+0000] {logging_mixin.py:190} INFO - [2025-09-11T10:03:18.124+0000] {dag.py:4180} INFO - Setting next_dagrun for example_subdag_operator.section-2 to None, run_after=None
[2025-09-11T10:03:18.146+0000] {logging_mixin.py:190} INFO - [2025-09-11T10:03:18.144+0000] {dag.py:3239} INFO - Sync 2 DAGs
[2025-09-11T10:03:18.170+0000] {logging_mixin.py:190} INFO - [2025-09-11T10:03:18.170+0000] {dag.py:4180} INFO - Setting next_dagrun for example_subdag_operator.section-1 to None, run_after=None
[2025-09-11T10:03:18.172+0000] {logging_mixin.py:190} INFO - [2025-09-11T10:03:18.172+0000] {dag.py:4180} INFO - Setting next_dagrun for example_subdag_operator.section-2 to None, run_after=None
[2025-09-11T10:03:18.198+0000] {processor.py:208} INFO - Processing /home/airflow/.local/lib/python3.12/site-packages/airflow/example_dags/example_subdag_operator.py took 0.307 seconds
[2025-09-11T10:03:48.746+0000] {processor.py:186} INFO - Started process (PID=1828) to work on /home/airflow/.local/lib/python3.12/site-packages/airflow/example_dags/example_subdag_operator.py
[2025-09-11T10:03:48.749+0000] {processor.py:914} INFO - Processing file /home/airflow/.local/lib/python3.12/site-packages/airflow/example_dags/example_subdag_operator.py for tasks to queue
[2025-09-11T10:03:48.755+0000] {logging_mixin.py:190} INFO - [2025-09-11T10:03:48.754+0000] {dagbag.py:588} INFO - Filling up the DagBag from /home/airflow/.local/lib/python3.12/site-packages/airflow/example_dags/example_subdag_operator.py
[2025-09-11T10:03:48.799+0000] {processor.py:925} INFO - DAG(s) 'example_subdag_operator.section-1', 'example_subdag_operator.section-2', 'example_subdag_operator' retrieved from /home/airflow/.local/lib/python3.12/site-packages/airflow/example_dags/example_subdag_operator.py
[2025-09-11T10:03:48.830+0000] {logging_mixin.py:190} INFO - [2025-09-11T10:03:48.830+0000] {dag.py:3239} INFO - Sync 3 DAGs
[2025-09-11T10:03:48.873+0000] {logging_mixin.py:190} INFO - [2025-09-11T10:03:48.873+0000] {dag.py:4180} INFO - Setting next_dagrun for example_subdag_operator to 2022-01-01 00:00:00+00:00, run_after=2022-01-01 00:00:00+00:00
[2025-09-11T10:03:48.883+0000] {logging_mixin.py:190} INFO - [2025-09-11T10:03:48.882+0000] {dag.py:4180} INFO - Setting next_dagrun for example_subdag_operator.section-1 to None, run_after=None
[2025-09-11T10:03:48.886+0000] {logging_mixin.py:190} INFO - [2025-09-11T10:03:48.885+0000] {dag.py:4180} INFO - Setting next_dagrun for example_subdag_operator.section-2 to None, run_after=None
[2025-09-11T10:03:48.900+0000] {logging_mixin.py:190} INFO - [2025-09-11T10:03:48.900+0000] {dag.py:3239} INFO - Sync 2 DAGs
[2025-09-11T10:03:48.912+0000] {logging_mixin.py:190} INFO - [2025-09-11T10:03:48.912+0000] {dag.py:4180} INFO - Setting next_dagrun for example_subdag_operator.section-1 to None, run_after=None
[2025-09-11T10:03:48.913+0000] {logging_mixin.py:190} INFO - [2025-09-11T10:03:48.913+0000] {dag.py:4180} INFO - Setting next_dagrun for example_subdag_operator.section-2 to None, run_after=None
[2025-09-11T10:03:48.938+0000] {processor.py:208} INFO - Processing /home/airflow/.local/lib/python3.12/site-packages/airflow/example_dags/example_subdag_operator.py took 0.204 seconds
[2025-09-11T10:04:19.027+0000] {processor.py:186} INFO - Started process (PID=1891) to work on /home/airflow/.local/lib/python3.12/site-packages/airflow/example_dags/example_subdag_operator.py
[2025-09-11T10:04:19.030+0000] {processor.py:914} INFO - Processing file /home/airflow/.local/lib/python3.12/site-packages/airflow/example_dags/example_subdag_operator.py for tasks to queue
[2025-09-11T10:04:19.041+0000] {logging_mixin.py:190} INFO - [2025-09-11T10:04:19.040+0000] {dagbag.py:588} INFO - Filling up the DagBag from /home/airflow/.local/lib/python3.12/site-packages/airflow/example_dags/example_subdag_operator.py
[2025-09-11T10:04:19.117+0000] {processor.py:925} INFO - DAG(s) 'example_subdag_operator.section-1', 'example_subdag_operator.section-2', 'example_subdag_operator' retrieved from /home/airflow/.local/lib/python3.12/site-packages/airflow/example_dags/example_subdag_operator.py
[2025-09-11T10:04:19.170+0000] {logging_mixin.py:190} INFO - [2025-09-11T10:04:19.169+0000] {dag.py:3239} INFO - Sync 3 DAGs
[2025-09-11T10:04:19.258+0000] {logging_mixin.py:190} INFO - [2025-09-11T10:04:19.257+0000] {dag.py:4180} INFO - Setting next_dagrun for example_subdag_operator to 2022-01-01 00:00:00+00:00, run_after=2022-01-01 00:00:00+00:00
[2025-09-11T10:04:19.272+0000] {logging_mixin.py:190} INFO - [2025-09-11T10:04:19.271+0000] {dag.py:4180} INFO - Setting next_dagrun for example_subdag_operator.section-1 to None, run_after=None
[2025-09-11T10:04:19.293+0000] {logging_mixin.py:190} INFO - [2025-09-11T10:04:19.293+0000] {dag.py:4180} INFO - Setting next_dagrun for example_subdag_operator.section-2 to None, run_after=None
[2025-09-11T10:04:19.361+0000] {logging_mixin.py:190} INFO - [2025-09-11T10:04:19.360+0000] {dag.py:3239} INFO - Sync 2 DAGs
[2025-09-11T10:04:19.378+0000] {logging_mixin.py:190} INFO - [2025-09-11T10:04:19.378+0000] {dag.py:4180} INFO - Setting next_dagrun for example_subdag_operator.section-1 to None, run_after=None
[2025-09-11T10:04:19.380+0000] {logging_mixin.py:190} INFO - [2025-09-11T10:04:19.379+0000] {dag.py:4180} INFO - Setting next_dagrun for example_subdag_operator.section-2 to None, run_after=None
[2025-09-11T10:04:19.420+0000] {processor.py:208} INFO - Processing /home/airflow/.local/lib/python3.12/site-packages/airflow/example_dags/example_subdag_operator.py took 0.407 seconds
[2025-09-11T10:04:49.853+0000] {processor.py:186} INFO - Started process (PID=1955) to work on /home/airflow/.local/lib/python3.12/site-packages/airflow/example_dags/example_subdag_operator.py
[2025-09-11T10:04:49.854+0000] {processor.py:914} INFO - Processing file /home/airflow/.local/lib/python3.12/site-packages/airflow/example_dags/example_subdag_operator.py for tasks to queue
[2025-09-11T10:04:49.859+0000] {logging_mixin.py:190} INFO - [2025-09-11T10:04:49.858+0000] {dagbag.py:588} INFO - Filling up the DagBag from /home/airflow/.local/lib/python3.12/site-packages/airflow/example_dags/example_subdag_operator.py
[2025-09-11T10:04:49.902+0000] {processor.py:925} INFO - DAG(s) 'example_subdag_operator.section-1', 'example_subdag_operator.section-2', 'example_subdag_operator' retrieved from /home/airflow/.local/lib/python3.12/site-packages/airflow/example_dags/example_subdag_operator.py
[2025-09-11T10:04:49.936+0000] {logging_mixin.py:190} INFO - [2025-09-11T10:04:49.935+0000] {dag.py:3239} INFO - Sync 3 DAGs
[2025-09-11T10:04:49.988+0000] {logging_mixin.py:190} INFO - [2025-09-11T10:04:49.988+0000] {dag.py:4180} INFO - Setting next_dagrun for example_subdag_operator to 2022-01-01 00:00:00+00:00, run_after=2022-01-01 00:00:00+00:00
[2025-09-11T10:04:49.996+0000] {logging_mixin.py:190} INFO - [2025-09-11T10:04:49.996+0000] {dag.py:4180} INFO - Setting next_dagrun for example_subdag_operator.section-1 to None, run_after=None
[2025-09-11T10:04:50.000+0000] {logging_mixin.py:190} INFO - [2025-09-11T10:04:50.000+0000] {dag.py:4180} INFO - Setting next_dagrun for example_subdag_operator.section-2 to None, run_after=None
[2025-09-11T10:04:50.022+0000] {logging_mixin.py:190} INFO - [2025-09-11T10:04:50.022+0000] {dag.py:3239} INFO - Sync 2 DAGs
[2025-09-11T10:04:50.102+0000] {logging_mixin.py:190} INFO - [2025-09-11T10:04:50.102+0000] {dag.py:4180} INFO - Setting next_dagrun for example_subdag_operator.section-1 to None, run_after=None
[2025-09-11T10:04:50.140+0000] {logging_mixin.py:190} INFO - [2025-09-11T10:04:50.139+0000] {dag.py:4180} INFO - Setting next_dagrun for example_subdag_operator.section-2 to None, run_after=None
[2025-09-11T10:04:50.197+0000] {processor.py:208} INFO - Processing /home/airflow/.local/lib/python3.12/site-packages/airflow/example_dags/example_subdag_operator.py took 0.352 seconds
