[2025-09-11T09:49:49.288+0000] {processor.py:186} INFO - Started process (PID=123) to work on /home/airflow/.local/lib/python3.12/site-packages/airflow/example_dags/example_external_task_marker_dag.py
[2025-09-11T09:49:49.291+0000] {processor.py:914} INFO - Processing file /home/airflow/.local/lib/python3.12/site-packages/airflow/example_dags/example_external_task_marker_dag.py for tasks to queue
[2025-09-11T09:49:49.297+0000] {logging_mixin.py:190} INFO - [2025-09-11T09:49:49.296+0000] {dagbag.py:588} INFO - Filling up the DagBag from /home/airflow/.local/lib/python3.12/site-packages/airflow/example_dags/example_external_task_marker_dag.py
[2025-09-11T09:49:49.315+0000] {processor.py:925} INFO - DAG(s) 'example_external_task_marker_child', 'example_external_task_marker_parent' retrieved from /home/airflow/.local/lib/python3.12/site-packages/airflow/example_dags/example_external_task_marker_dag.py
[2025-09-11T09:49:49.666+0000] {logging_mixin.py:190} INFO - [2025-09-11T09:49:49.665+0000] {override.py:1912} INFO - Created Permission View: can read on DAG:example_external_task_marker_child
[2025-09-11T09:49:49.717+0000] {logging_mixin.py:190} INFO - [2025-09-11T09:49:49.717+0000] {override.py:1912} INFO - Created Permission View: can edit on DAG:example_external_task_marker_child
[2025-09-11T09:49:49.731+0000] {logging_mixin.py:190} INFO - [2025-09-11T09:49:49.729+0000] {override.py:1912} INFO - Created Permission View: can delete on DAG:example_external_task_marker_child
[2025-09-11T09:49:49.751+0000] {logging_mixin.py:190} INFO - [2025-09-11T09:49:49.750+0000] {override.py:1912} INFO - Created Permission View: can create on DAG Run:example_external_task_marker_child
[2025-09-11T09:49:49.782+0000] {logging_mixin.py:190} INFO - [2025-09-11T09:49:49.781+0000] {override.py:1912} INFO - Created Permission View: can read on DAG Run:example_external_task_marker_child
[2025-09-11T09:49:49.797+0000] {logging_mixin.py:190} INFO - [2025-09-11T09:49:49.797+0000] {override.py:1912} INFO - Created Permission View: can delete on DAG Run:example_external_task_marker_child
[2025-09-11T09:49:49.811+0000] {logging_mixin.py:190} INFO - [2025-09-11T09:49:49.810+0000] {override.py:1912} INFO - Created Permission View: menu access on DAG Run:example_external_task_marker_child
[2025-09-11T09:49:49.842+0000] {logging_mixin.py:190} INFO - [2025-09-11T09:49:49.841+0000] {override.py:1912} INFO - Created Permission View: can read on DAG:example_external_task_marker_parent
[2025-09-11T09:49:49.857+0000] {logging_mixin.py:190} INFO - [2025-09-11T09:49:49.855+0000] {override.py:1912} INFO - Created Permission View: can edit on DAG:example_external_task_marker_parent
[2025-09-11T09:49:49.876+0000] {logging_mixin.py:190} INFO - [2025-09-11T09:49:49.876+0000] {override.py:1912} INFO - Created Permission View: can delete on DAG:example_external_task_marker_parent
[2025-09-11T09:49:49.912+0000] {logging_mixin.py:190} INFO - [2025-09-11T09:49:49.904+0000] {override.py:1912} INFO - Created Permission View: can create on DAG Run:example_external_task_marker_parent
[2025-09-11T09:49:49.938+0000] {logging_mixin.py:190} INFO - [2025-09-11T09:49:49.937+0000] {override.py:1912} INFO - Created Permission View: can read on DAG Run:example_external_task_marker_parent
[2025-09-11T09:49:49.953+0000] {logging_mixin.py:190} INFO - [2025-09-11T09:49:49.953+0000] {override.py:1912} INFO - Created Permission View: can delete on DAG Run:example_external_task_marker_parent
[2025-09-11T09:49:49.970+0000] {logging_mixin.py:190} INFO - [2025-09-11T09:49:49.970+0000] {override.py:1912} INFO - Created Permission View: menu access on DAG Run:example_external_task_marker_parent
[2025-09-11T09:49:49.972+0000] {logging_mixin.py:190} INFO - [2025-09-11T09:49:49.971+0000] {dag.py:3239} INFO - Sync 2 DAGs
[2025-09-11T09:49:50.017+0000] {logging_mixin.py:190} INFO - [2025-09-11T09:49:50.017+0000] {dag.py:3262} INFO - Creating ORM DAG for example_external_task_marker_child
[2025-09-11T09:49:50.019+0000] {logging_mixin.py:190} INFO - [2025-09-11T09:49:50.019+0000] {dag.py:3262} INFO - Creating ORM DAG for example_external_task_marker_parent
[2025-09-11T09:49:50.021+0000] {logging_mixin.py:190} INFO - [2025-09-11T09:49:50.021+0000] {dag.py:4180} INFO - Setting next_dagrun for example_external_task_marker_child to None, run_after=None
[2025-09-11T09:49:50.023+0000] {logging_mixin.py:190} INFO - [2025-09-11T09:49:50.022+0000] {dag.py:4180} INFO - Setting next_dagrun for example_external_task_marker_parent to None, run_after=None
[2025-09-11T09:49:50.072+0000] {processor.py:208} INFO - Processing /home/airflow/.local/lib/python3.12/site-packages/airflow/example_dags/example_external_task_marker_dag.py took 0.794 seconds
[2025-09-11T09:50:20.382+0000] {processor.py:186} INFO - Started process (PID=187) to work on /home/airflow/.local/lib/python3.12/site-packages/airflow/example_dags/example_external_task_marker_dag.py
[2025-09-11T09:50:20.385+0000] {processor.py:914} INFO - Processing file /home/airflow/.local/lib/python3.12/site-packages/airflow/example_dags/example_external_task_marker_dag.py for tasks to queue
[2025-09-11T09:50:20.389+0000] {logging_mixin.py:190} INFO - [2025-09-11T09:50:20.389+0000] {dagbag.py:588} INFO - Filling up the DagBag from /home/airflow/.local/lib/python3.12/site-packages/airflow/example_dags/example_external_task_marker_dag.py
[2025-09-11T09:50:20.401+0000] {processor.py:925} INFO - DAG(s) 'example_external_task_marker_child', 'example_external_task_marker_parent' retrieved from /home/airflow/.local/lib/python3.12/site-packages/airflow/example_dags/example_external_task_marker_dag.py
[2025-09-11T09:50:20.455+0000] {logging_mixin.py:190} INFO - [2025-09-11T09:50:20.453+0000] {dag.py:3239} INFO - Sync 2 DAGs
[2025-09-11T09:50:20.486+0000] {logging_mixin.py:190} INFO - [2025-09-11T09:50:20.486+0000] {dag.py:4180} INFO - Setting next_dagrun for example_external_task_marker_child to None, run_after=None
[2025-09-11T09:50:20.493+0000] {logging_mixin.py:190} INFO - [2025-09-11T09:50:20.493+0000] {dag.py:4180} INFO - Setting next_dagrun for example_external_task_marker_parent to None, run_after=None
[2025-09-11T09:50:20.529+0000] {processor.py:208} INFO - Processing /home/airflow/.local/lib/python3.12/site-packages/airflow/example_dags/example_external_task_marker_dag.py took 0.166 seconds
[2025-09-11T09:50:50.714+0000] {processor.py:186} INFO - Started process (PID=256) to work on /home/airflow/.local/lib/python3.12/site-packages/airflow/example_dags/example_external_task_marker_dag.py
[2025-09-11T09:50:50.716+0000] {processor.py:914} INFO - Processing file /home/airflow/.local/lib/python3.12/site-packages/airflow/example_dags/example_external_task_marker_dag.py for tasks to queue
[2025-09-11T09:50:50.720+0000] {logging_mixin.py:190} INFO - [2025-09-11T09:50:50.719+0000] {dagbag.py:588} INFO - Filling up the DagBag from /home/airflow/.local/lib/python3.12/site-packages/airflow/example_dags/example_external_task_marker_dag.py
[2025-09-11T09:50:50.748+0000] {processor.py:925} INFO - DAG(s) 'example_external_task_marker_child', 'example_external_task_marker_parent' retrieved from /home/airflow/.local/lib/python3.12/site-packages/airflow/example_dags/example_external_task_marker_dag.py
[2025-09-11T09:50:50.784+0000] {logging_mixin.py:190} INFO - [2025-09-11T09:50:50.784+0000] {dag.py:3239} INFO - Sync 2 DAGs
[2025-09-11T09:50:50.802+0000] {logging_mixin.py:190} INFO - [2025-09-11T09:50:50.801+0000] {dag.py:4180} INFO - Setting next_dagrun for example_external_task_marker_child to None, run_after=None
[2025-09-11T09:50:50.807+0000] {logging_mixin.py:190} INFO - [2025-09-11T09:50:50.807+0000] {dag.py:4180} INFO - Setting next_dagrun for example_external_task_marker_parent to None, run_after=None
[2025-09-11T09:50:50.827+0000] {processor.py:208} INFO - Processing /home/airflow/.local/lib/python3.12/site-packages/airflow/example_dags/example_external_task_marker_dag.py took 0.132 seconds
[2025-09-11T09:51:22.655+0000] {processor.py:186} INFO - Started process (PID=322) to work on /home/airflow/.local/lib/python3.12/site-packages/airflow/example_dags/example_external_task_marker_dag.py
[2025-09-11T09:51:22.661+0000] {processor.py:914} INFO - Processing file /home/airflow/.local/lib/python3.12/site-packages/airflow/example_dags/example_external_task_marker_dag.py for tasks to queue
[2025-09-11T09:51:22.686+0000] {logging_mixin.py:190} INFO - [2025-09-11T09:51:22.686+0000] {dagbag.py:588} INFO - Filling up the DagBag from /home/airflow/.local/lib/python3.12/site-packages/airflow/example_dags/example_external_task_marker_dag.py
[2025-09-11T09:51:22.708+0000] {processor.py:925} INFO - DAG(s) 'example_external_task_marker_child', 'example_external_task_marker_parent' retrieved from /home/airflow/.local/lib/python3.12/site-packages/airflow/example_dags/example_external_task_marker_dag.py
[2025-09-11T09:51:22.777+0000] {logging_mixin.py:190} INFO - [2025-09-11T09:51:22.776+0000] {dag.py:3239} INFO - Sync 2 DAGs
[2025-09-11T09:51:22.823+0000] {logging_mixin.py:190} INFO - [2025-09-11T09:51:22.822+0000] {dag.py:4180} INFO - Setting next_dagrun for example_external_task_marker_child to None, run_after=None
[2025-09-11T09:51:22.830+0000] {logging_mixin.py:190} INFO - [2025-09-11T09:51:22.830+0000] {dag.py:4180} INFO - Setting next_dagrun for example_external_task_marker_parent to None, run_after=None
[2025-09-11T09:51:22.863+0000] {processor.py:208} INFO - Processing /home/airflow/.local/lib/python3.12/site-packages/airflow/example_dags/example_external_task_marker_dag.py took 0.231 seconds
[2025-09-11T09:51:55.727+0000] {processor.py:186} INFO - Started process (PID=385) to work on /home/airflow/.local/lib/python3.12/site-packages/airflow/example_dags/example_external_task_marker_dag.py
[2025-09-11T09:51:55.733+0000] {processor.py:914} INFO - Processing file /home/airflow/.local/lib/python3.12/site-packages/airflow/example_dags/example_external_task_marker_dag.py for tasks to queue
[2025-09-11T09:51:55.744+0000] {logging_mixin.py:190} INFO - [2025-09-11T09:51:55.743+0000] {dagbag.py:588} INFO - Filling up the DagBag from /home/airflow/.local/lib/python3.12/site-packages/airflow/example_dags/example_external_task_marker_dag.py
[2025-09-11T09:51:55.771+0000] {processor.py:925} INFO - DAG(s) 'example_external_task_marker_child', 'example_external_task_marker_parent' retrieved from /home/airflow/.local/lib/python3.12/site-packages/airflow/example_dags/example_external_task_marker_dag.py
[2025-09-11T09:51:55.852+0000] {logging_mixin.py:190} INFO - [2025-09-11T09:51:55.851+0000] {dag.py:3239} INFO - Sync 2 DAGs
[2025-09-11T09:51:55.910+0000] {logging_mixin.py:190} INFO - [2025-09-11T09:51:55.910+0000] {dag.py:4180} INFO - Setting next_dagrun for example_external_task_marker_child to None, run_after=None
[2025-09-11T09:51:55.921+0000] {logging_mixin.py:190} INFO - [2025-09-11T09:51:55.920+0000] {dag.py:4180} INFO - Setting next_dagrun for example_external_task_marker_parent to None, run_after=None
[2025-09-11T09:51:55.997+0000] {processor.py:208} INFO - Processing /home/airflow/.local/lib/python3.12/site-packages/airflow/example_dags/example_external_task_marker_dag.py took 0.291 seconds
[2025-09-11T09:52:26.565+0000] {processor.py:186} INFO - Started process (PID=448) to work on /home/airflow/.local/lib/python3.12/site-packages/airflow/example_dags/example_external_task_marker_dag.py
[2025-09-11T09:52:26.567+0000] {processor.py:914} INFO - Processing file /home/airflow/.local/lib/python3.12/site-packages/airflow/example_dags/example_external_task_marker_dag.py for tasks to queue
[2025-09-11T09:52:26.573+0000] {logging_mixin.py:190} INFO - [2025-09-11T09:52:26.572+0000] {dagbag.py:588} INFO - Filling up the DagBag from /home/airflow/.local/lib/python3.12/site-packages/airflow/example_dags/example_external_task_marker_dag.py
[2025-09-11T09:52:26.590+0000] {processor.py:925} INFO - DAG(s) 'example_external_task_marker_parent', 'example_external_task_marker_child' retrieved from /home/airflow/.local/lib/python3.12/site-packages/airflow/example_dags/example_external_task_marker_dag.py
[2025-09-11T09:52:26.626+0000] {logging_mixin.py:190} INFO - [2025-09-11T09:52:26.626+0000] {dag.py:3239} INFO - Sync 2 DAGs
[2025-09-11T09:52:26.647+0000] {logging_mixin.py:190} INFO - [2025-09-11T09:52:26.647+0000] {dag.py:4180} INFO - Setting next_dagrun for example_external_task_marker_child to None, run_after=None
[2025-09-11T09:52:26.656+0000] {logging_mixin.py:190} INFO - [2025-09-11T09:52:26.654+0000] {dag.py:4180} INFO - Setting next_dagrun for example_external_task_marker_parent to None, run_after=None
[2025-09-11T09:52:26.696+0000] {processor.py:208} INFO - Processing /home/airflow/.local/lib/python3.12/site-packages/airflow/example_dags/example_external_task_marker_dag.py took 0.145 seconds
[2025-09-11T09:52:57.125+0000] {processor.py:186} INFO - Started process (PID=510) to work on /home/airflow/.local/lib/python3.12/site-packages/airflow/example_dags/example_external_task_marker_dag.py
[2025-09-11T09:52:57.131+0000] {processor.py:914} INFO - Processing file /home/airflow/.local/lib/python3.12/site-packages/airflow/example_dags/example_external_task_marker_dag.py for tasks to queue
[2025-09-11T09:52:57.137+0000] {logging_mixin.py:190} INFO - [2025-09-11T09:52:57.137+0000] {dagbag.py:588} INFO - Filling up the DagBag from /home/airflow/.local/lib/python3.12/site-packages/airflow/example_dags/example_external_task_marker_dag.py
[2025-09-11T09:52:57.160+0000] {processor.py:925} INFO - DAG(s) 'example_external_task_marker_parent', 'example_external_task_marker_child' retrieved from /home/airflow/.local/lib/python3.12/site-packages/airflow/example_dags/example_external_task_marker_dag.py
[2025-09-11T09:52:57.216+0000] {logging_mixin.py:190} INFO - [2025-09-11T09:52:57.216+0000] {dag.py:3239} INFO - Sync 2 DAGs
[2025-09-11T09:52:57.247+0000] {logging_mixin.py:190} INFO - [2025-09-11T09:52:57.246+0000] {dag.py:4180} INFO - Setting next_dagrun for example_external_task_marker_child to None, run_after=None
[2025-09-11T09:52:57.256+0000] {logging_mixin.py:190} INFO - [2025-09-11T09:52:57.255+0000] {dag.py:4180} INFO - Setting next_dagrun for example_external_task_marker_parent to None, run_after=None
[2025-09-11T09:52:57.304+0000] {processor.py:208} INFO - Processing /home/airflow/.local/lib/python3.12/site-packages/airflow/example_dags/example_external_task_marker_dag.py took 0.191 seconds
[2025-09-11T09:53:27.460+0000] {processor.py:186} INFO - Started process (PID=572) to work on /home/airflow/.local/lib/python3.12/site-packages/airflow/example_dags/example_external_task_marker_dag.py
[2025-09-11T09:53:27.463+0000] {processor.py:914} INFO - Processing file /home/airflow/.local/lib/python3.12/site-packages/airflow/example_dags/example_external_task_marker_dag.py for tasks to queue
[2025-09-11T09:53:27.466+0000] {logging_mixin.py:190} INFO - [2025-09-11T09:53:27.466+0000] {dagbag.py:588} INFO - Filling up the DagBag from /home/airflow/.local/lib/python3.12/site-packages/airflow/example_dags/example_external_task_marker_dag.py
[2025-09-11T09:53:27.480+0000] {processor.py:925} INFO - DAG(s) 'example_external_task_marker_child', 'example_external_task_marker_parent' retrieved from /home/airflow/.local/lib/python3.12/site-packages/airflow/example_dags/example_external_task_marker_dag.py
[2025-09-11T09:53:27.521+0000] {logging_mixin.py:190} INFO - [2025-09-11T09:53:27.521+0000] {dag.py:3239} INFO - Sync 2 DAGs
[2025-09-11T09:53:27.554+0000] {logging_mixin.py:190} INFO - [2025-09-11T09:53:27.553+0000] {dag.py:4180} INFO - Setting next_dagrun for example_external_task_marker_child to None, run_after=None
[2025-09-11T09:53:27.563+0000] {logging_mixin.py:190} INFO - [2025-09-11T09:53:27.563+0000] {dag.py:4180} INFO - Setting next_dagrun for example_external_task_marker_parent to None, run_after=None
[2025-09-11T09:53:27.599+0000] {processor.py:208} INFO - Processing /home/airflow/.local/lib/python3.12/site-packages/airflow/example_dags/example_external_task_marker_dag.py took 0.151 seconds
[2025-09-11T09:54:03.852+0000] {processor.py:186} INFO - Started process (PID=635) to work on /home/airflow/.local/lib/python3.12/site-packages/airflow/example_dags/example_external_task_marker_dag.py
[2025-09-11T09:54:03.862+0000] {processor.py:914} INFO - Processing file /home/airflow/.local/lib/python3.12/site-packages/airflow/example_dags/example_external_task_marker_dag.py for tasks to queue
[2025-09-11T09:54:03.879+0000] {logging_mixin.py:190} INFO - [2025-09-11T09:54:03.868+0000] {dagbag.py:588} INFO - Filling up the DagBag from /home/airflow/.local/lib/python3.12/site-packages/airflow/example_dags/example_external_task_marker_dag.py
[2025-09-11T09:54:03.929+0000] {processor.py:925} INFO - DAG(s) 'example_external_task_marker_parent', 'example_external_task_marker_child' retrieved from /home/airflow/.local/lib/python3.12/site-packages/airflow/example_dags/example_external_task_marker_dag.py
[2025-09-11T09:54:03.991+0000] {logging_mixin.py:190} INFO - [2025-09-11T09:54:03.991+0000] {dag.py:3239} INFO - Sync 2 DAGs
[2025-09-11T09:54:04.042+0000] {logging_mixin.py:190} INFO - [2025-09-11T09:54:04.042+0000] {dag.py:4180} INFO - Setting next_dagrun for example_external_task_marker_child to None, run_after=None
[2025-09-11T09:54:04.060+0000] {logging_mixin.py:190} INFO - [2025-09-11T09:54:04.059+0000] {dag.py:4180} INFO - Setting next_dagrun for example_external_task_marker_parent to None, run_after=None
[2025-09-11T09:54:04.109+0000] {processor.py:208} INFO - Processing /home/airflow/.local/lib/python3.12/site-packages/airflow/example_dags/example_external_task_marker_dag.py took 0.281 seconds
[2025-09-11T09:54:35.067+0000] {processor.py:186} INFO - Started process (PID=698) to work on /home/airflow/.local/lib/python3.12/site-packages/airflow/example_dags/example_external_task_marker_dag.py
[2025-09-11T09:54:35.069+0000] {processor.py:914} INFO - Processing file /home/airflow/.local/lib/python3.12/site-packages/airflow/example_dags/example_external_task_marker_dag.py for tasks to queue
[2025-09-11T09:54:35.075+0000] {logging_mixin.py:190} INFO - [2025-09-11T09:54:35.074+0000] {dagbag.py:588} INFO - Filling up the DagBag from /home/airflow/.local/lib/python3.12/site-packages/airflow/example_dags/example_external_task_marker_dag.py
[2025-09-11T09:54:35.094+0000] {processor.py:925} INFO - DAG(s) 'example_external_task_marker_parent', 'example_external_task_marker_child' retrieved from /home/airflow/.local/lib/python3.12/site-packages/airflow/example_dags/example_external_task_marker_dag.py
[2025-09-11T09:54:35.309+0000] {logging_mixin.py:190} INFO - [2025-09-11T09:54:35.309+0000] {dag.py:3239} INFO - Sync 2 DAGs
[2025-09-11T09:54:35.357+0000] {logging_mixin.py:190} INFO - [2025-09-11T09:54:35.357+0000] {dag.py:4180} INFO - Setting next_dagrun for example_external_task_marker_child to None, run_after=None
[2025-09-11T09:54:35.366+0000] {logging_mixin.py:190} INFO - [2025-09-11T09:54:35.366+0000] {dag.py:4180} INFO - Setting next_dagrun for example_external_task_marker_parent to None, run_after=None
[2025-09-11T09:54:35.413+0000] {processor.py:208} INFO - Processing /home/airflow/.local/lib/python3.12/site-packages/airflow/example_dags/example_external_task_marker_dag.py took 0.358 seconds
[2025-09-11T09:55:05.563+0000] {processor.py:186} INFO - Started process (PID=761) to work on /home/airflow/.local/lib/python3.12/site-packages/airflow/example_dags/example_external_task_marker_dag.py
[2025-09-11T09:55:05.565+0000] {processor.py:914} INFO - Processing file /home/airflow/.local/lib/python3.12/site-packages/airflow/example_dags/example_external_task_marker_dag.py for tasks to queue
[2025-09-11T09:55:05.569+0000] {logging_mixin.py:190} INFO - [2025-09-11T09:55:05.568+0000] {dagbag.py:588} INFO - Filling up the DagBag from /home/airflow/.local/lib/python3.12/site-packages/airflow/example_dags/example_external_task_marker_dag.py
[2025-09-11T09:55:05.585+0000] {processor.py:925} INFO - DAG(s) 'example_external_task_marker_parent', 'example_external_task_marker_child' retrieved from /home/airflow/.local/lib/python3.12/site-packages/airflow/example_dags/example_external_task_marker_dag.py
[2025-09-11T09:55:05.671+0000] {logging_mixin.py:190} INFO - [2025-09-11T09:55:05.670+0000] {dag.py:3239} INFO - Sync 2 DAGs
[2025-09-11T09:55:05.743+0000] {logging_mixin.py:190} INFO - [2025-09-11T09:55:05.743+0000] {dag.py:4180} INFO - Setting next_dagrun for example_external_task_marker_child to None, run_after=None
[2025-09-11T09:55:05.761+0000] {logging_mixin.py:190} INFO - [2025-09-11T09:55:05.760+0000] {dag.py:4180} INFO - Setting next_dagrun for example_external_task_marker_parent to None, run_after=None
[2025-09-11T09:55:05.792+0000] {processor.py:208} INFO - Processing /home/airflow/.local/lib/python3.12/site-packages/airflow/example_dags/example_external_task_marker_dag.py took 0.242 seconds
[2025-09-11T09:55:36.383+0000] {processor.py:186} INFO - Started process (PID=823) to work on /home/airflow/.local/lib/python3.12/site-packages/airflow/example_dags/example_external_task_marker_dag.py
[2025-09-11T09:55:36.388+0000] {processor.py:914} INFO - Processing file /home/airflow/.local/lib/python3.12/site-packages/airflow/example_dags/example_external_task_marker_dag.py for tasks to queue
[2025-09-11T09:55:36.400+0000] {logging_mixin.py:190} INFO - [2025-09-11T09:55:36.399+0000] {dagbag.py:588} INFO - Filling up the DagBag from /home/airflow/.local/lib/python3.12/site-packages/airflow/example_dags/example_external_task_marker_dag.py
[2025-09-11T09:55:36.424+0000] {processor.py:925} INFO - DAG(s) 'example_external_task_marker_parent', 'example_external_task_marker_child' retrieved from /home/airflow/.local/lib/python3.12/site-packages/airflow/example_dags/example_external_task_marker_dag.py
[2025-09-11T09:55:36.515+0000] {logging_mixin.py:190} INFO - [2025-09-11T09:55:36.514+0000] {dag.py:3239} INFO - Sync 2 DAGs
[2025-09-11T09:55:36.556+0000] {logging_mixin.py:190} INFO - [2025-09-11T09:55:36.556+0000] {dag.py:4180} INFO - Setting next_dagrun for example_external_task_marker_child to None, run_after=None
[2025-09-11T09:55:36.567+0000] {logging_mixin.py:190} INFO - [2025-09-11T09:55:36.567+0000] {dag.py:4180} INFO - Setting next_dagrun for example_external_task_marker_parent to None, run_after=None
[2025-09-11T09:55:36.603+0000] {processor.py:208} INFO - Processing /home/airflow/.local/lib/python3.12/site-packages/airflow/example_dags/example_external_task_marker_dag.py took 0.254 seconds
[2025-09-11T09:56:06.917+0000] {processor.py:186} INFO - Started process (PID=885) to work on /home/airflow/.local/lib/python3.12/site-packages/airflow/example_dags/example_external_task_marker_dag.py
[2025-09-11T09:56:06.921+0000] {processor.py:914} INFO - Processing file /home/airflow/.local/lib/python3.12/site-packages/airflow/example_dags/example_external_task_marker_dag.py for tasks to queue
[2025-09-11T09:56:06.925+0000] {logging_mixin.py:190} INFO - [2025-09-11T09:56:06.925+0000] {dagbag.py:588} INFO - Filling up the DagBag from /home/airflow/.local/lib/python3.12/site-packages/airflow/example_dags/example_external_task_marker_dag.py
[2025-09-11T09:56:06.940+0000] {processor.py:925} INFO - DAG(s) 'example_external_task_marker_parent', 'example_external_task_marker_child' retrieved from /home/airflow/.local/lib/python3.12/site-packages/airflow/example_dags/example_external_task_marker_dag.py
[2025-09-11T09:56:06.978+0000] {logging_mixin.py:190} INFO - [2025-09-11T09:56:06.977+0000] {dag.py:3239} INFO - Sync 2 DAGs
[2025-09-11T09:56:06.999+0000] {logging_mixin.py:190} INFO - [2025-09-11T09:56:06.999+0000] {dag.py:4180} INFO - Setting next_dagrun for example_external_task_marker_child to None, run_after=None
[2025-09-11T09:56:07.006+0000] {logging_mixin.py:190} INFO - [2025-09-11T09:56:07.006+0000] {dag.py:4180} INFO - Setting next_dagrun for example_external_task_marker_parent to None, run_after=None
[2025-09-11T09:56:07.041+0000] {processor.py:208} INFO - Processing /home/airflow/.local/lib/python3.12/site-packages/airflow/example_dags/example_external_task_marker_dag.py took 0.133 seconds
[2025-09-11T09:56:37.932+0000] {processor.py:186} INFO - Started process (PID=948) to work on /home/airflow/.local/lib/python3.12/site-packages/airflow/example_dags/example_external_task_marker_dag.py
[2025-09-11T09:56:37.934+0000] {processor.py:914} INFO - Processing file /home/airflow/.local/lib/python3.12/site-packages/airflow/example_dags/example_external_task_marker_dag.py for tasks to queue
[2025-09-11T09:56:37.938+0000] {logging_mixin.py:190} INFO - [2025-09-11T09:56:37.937+0000] {dagbag.py:588} INFO - Filling up the DagBag from /home/airflow/.local/lib/python3.12/site-packages/airflow/example_dags/example_external_task_marker_dag.py
[2025-09-11T09:56:37.970+0000] {processor.py:925} INFO - DAG(s) 'example_external_task_marker_parent', 'example_external_task_marker_child' retrieved from /home/airflow/.local/lib/python3.12/site-packages/airflow/example_dags/example_external_task_marker_dag.py
[2025-09-11T09:56:38.041+0000] {logging_mixin.py:190} INFO - [2025-09-11T09:56:38.041+0000] {dag.py:3239} INFO - Sync 2 DAGs
[2025-09-11T09:56:38.106+0000] {logging_mixin.py:190} INFO - [2025-09-11T09:56:38.099+0000] {dag.py:4180} INFO - Setting next_dagrun for example_external_task_marker_child to None, run_after=None
[2025-09-11T09:56:38.124+0000] {logging_mixin.py:190} INFO - [2025-09-11T09:56:38.123+0000] {dag.py:4180} INFO - Setting next_dagrun for example_external_task_marker_parent to None, run_after=None
[2025-09-11T09:56:38.190+0000] {processor.py:208} INFO - Processing /home/airflow/.local/lib/python3.12/site-packages/airflow/example_dags/example_external_task_marker_dag.py took 0.269 seconds
[2025-09-11T09:57:09.005+0000] {processor.py:186} INFO - Started process (PID=1011) to work on /home/airflow/.local/lib/python3.12/site-packages/airflow/example_dags/example_external_task_marker_dag.py
[2025-09-11T09:57:09.010+0000] {processor.py:914} INFO - Processing file /home/airflow/.local/lib/python3.12/site-packages/airflow/example_dags/example_external_task_marker_dag.py for tasks to queue
[2025-09-11T09:57:09.019+0000] {logging_mixin.py:190} INFO - [2025-09-11T09:57:09.018+0000] {dagbag.py:588} INFO - Filling up the DagBag from /home/airflow/.local/lib/python3.12/site-packages/airflow/example_dags/example_external_task_marker_dag.py
[2025-09-11T09:57:09.048+0000] {processor.py:925} INFO - DAG(s) 'example_external_task_marker_child', 'example_external_task_marker_parent' retrieved from /home/airflow/.local/lib/python3.12/site-packages/airflow/example_dags/example_external_task_marker_dag.py
[2025-09-11T09:57:09.116+0000] {logging_mixin.py:190} INFO - [2025-09-11T09:57:09.115+0000] {dag.py:3239} INFO - Sync 2 DAGs
[2025-09-11T09:57:09.151+0000] {logging_mixin.py:190} INFO - [2025-09-11T09:57:09.151+0000] {dag.py:4180} INFO - Setting next_dagrun for example_external_task_marker_child to None, run_after=None
[2025-09-11T09:57:09.159+0000] {logging_mixin.py:190} INFO - [2025-09-11T09:57:09.158+0000] {dag.py:4180} INFO - Setting next_dagrun for example_external_task_marker_parent to None, run_after=None
[2025-09-11T09:57:09.206+0000] {processor.py:208} INFO - Processing /home/airflow/.local/lib/python3.12/site-packages/airflow/example_dags/example_external_task_marker_dag.py took 0.216 seconds
[2025-09-11T09:57:39.643+0000] {processor.py:186} INFO - Started process (PID=1074) to work on /home/airflow/.local/lib/python3.12/site-packages/airflow/example_dags/example_external_task_marker_dag.py
[2025-09-11T09:57:39.646+0000] {processor.py:914} INFO - Processing file /home/airflow/.local/lib/python3.12/site-packages/airflow/example_dags/example_external_task_marker_dag.py for tasks to queue
[2025-09-11T09:57:39.653+0000] {logging_mixin.py:190} INFO - [2025-09-11T09:57:39.652+0000] {dagbag.py:588} INFO - Filling up the DagBag from /home/airflow/.local/lib/python3.12/site-packages/airflow/example_dags/example_external_task_marker_dag.py
[2025-09-11T09:57:39.666+0000] {processor.py:925} INFO - DAG(s) 'example_external_task_marker_child', 'example_external_task_marker_parent' retrieved from /home/airflow/.local/lib/python3.12/site-packages/airflow/example_dags/example_external_task_marker_dag.py
[2025-09-11T09:57:39.703+0000] {logging_mixin.py:190} INFO - [2025-09-11T09:57:39.703+0000] {dag.py:3239} INFO - Sync 2 DAGs
[2025-09-11T09:57:39.733+0000] {logging_mixin.py:190} INFO - [2025-09-11T09:57:39.732+0000] {dag.py:4180} INFO - Setting next_dagrun for example_external_task_marker_child to None, run_after=None
[2025-09-11T09:57:39.742+0000] {logging_mixin.py:190} INFO - [2025-09-11T09:57:39.741+0000] {dag.py:4180} INFO - Setting next_dagrun for example_external_task_marker_parent to None, run_after=None
[2025-09-11T09:57:39.783+0000] {processor.py:208} INFO - Processing /home/airflow/.local/lib/python3.12/site-packages/airflow/example_dags/example_external_task_marker_dag.py took 0.152 seconds
[2025-09-11T09:58:10.552+0000] {processor.py:186} INFO - Started process (PID=1137) to work on /home/airflow/.local/lib/python3.12/site-packages/airflow/example_dags/example_external_task_marker_dag.py
[2025-09-11T09:58:10.554+0000] {processor.py:914} INFO - Processing file /home/airflow/.local/lib/python3.12/site-packages/airflow/example_dags/example_external_task_marker_dag.py for tasks to queue
[2025-09-11T09:58:10.559+0000] {logging_mixin.py:190} INFO - [2025-09-11T09:58:10.558+0000] {dagbag.py:588} INFO - Filling up the DagBag from /home/airflow/.local/lib/python3.12/site-packages/airflow/example_dags/example_external_task_marker_dag.py
[2025-09-11T09:58:10.577+0000] {processor.py:925} INFO - DAG(s) 'example_external_task_marker_parent', 'example_external_task_marker_child' retrieved from /home/airflow/.local/lib/python3.12/site-packages/airflow/example_dags/example_external_task_marker_dag.py
[2025-09-11T09:58:10.631+0000] {logging_mixin.py:190} INFO - [2025-09-11T09:58:10.630+0000] {dag.py:3239} INFO - Sync 2 DAGs
[2025-09-11T09:58:10.673+0000] {logging_mixin.py:190} INFO - [2025-09-11T09:58:10.673+0000] {dag.py:4180} INFO - Setting next_dagrun for example_external_task_marker_child to None, run_after=None
[2025-09-11T09:58:10.682+0000] {logging_mixin.py:190} INFO - [2025-09-11T09:58:10.681+0000] {dag.py:4180} INFO - Setting next_dagrun for example_external_task_marker_parent to None, run_after=None
[2025-09-11T09:58:10.783+0000] {processor.py:208} INFO - Processing /home/airflow/.local/lib/python3.12/site-packages/airflow/example_dags/example_external_task_marker_dag.py took 0.244 seconds
[2025-09-11T09:58:40.872+0000] {processor.py:186} INFO - Started process (PID=1199) to work on /home/airflow/.local/lib/python3.12/site-packages/airflow/example_dags/example_external_task_marker_dag.py
[2025-09-11T09:58:40.874+0000] {processor.py:914} INFO - Processing file /home/airflow/.local/lib/python3.12/site-packages/airflow/example_dags/example_external_task_marker_dag.py for tasks to queue
[2025-09-11T09:58:40.879+0000] {logging_mixin.py:190} INFO - [2025-09-11T09:58:40.878+0000] {dagbag.py:588} INFO - Filling up the DagBag from /home/airflow/.local/lib/python3.12/site-packages/airflow/example_dags/example_external_task_marker_dag.py
[2025-09-11T09:58:40.895+0000] {processor.py:925} INFO - DAG(s) 'example_external_task_marker_child', 'example_external_task_marker_parent' retrieved from /home/airflow/.local/lib/python3.12/site-packages/airflow/example_dags/example_external_task_marker_dag.py
[2025-09-11T09:58:40.942+0000] {logging_mixin.py:190} INFO - [2025-09-11T09:58:40.942+0000] {dag.py:3239} INFO - Sync 2 DAGs
[2025-09-11T09:58:40.974+0000] {logging_mixin.py:190} INFO - [2025-09-11T09:58:40.974+0000] {dag.py:4180} INFO - Setting next_dagrun for example_external_task_marker_child to None, run_after=None
[2025-09-11T09:58:40.984+0000] {logging_mixin.py:190} INFO - [2025-09-11T09:58:40.983+0000] {dag.py:4180} INFO - Setting next_dagrun for example_external_task_marker_parent to None, run_after=None
[2025-09-11T09:58:41.018+0000] {processor.py:208} INFO - Processing /home/airflow/.local/lib/python3.12/site-packages/airflow/example_dags/example_external_task_marker_dag.py took 0.159 seconds
[2025-09-11T09:59:11.545+0000] {processor.py:186} INFO - Started process (PID=1262) to work on /home/airflow/.local/lib/python3.12/site-packages/airflow/example_dags/example_external_task_marker_dag.py
[2025-09-11T09:59:11.550+0000] {processor.py:914} INFO - Processing file /home/airflow/.local/lib/python3.12/site-packages/airflow/example_dags/example_external_task_marker_dag.py for tasks to queue
[2025-09-11T09:59:11.556+0000] {logging_mixin.py:190} INFO - [2025-09-11T09:59:11.555+0000] {dagbag.py:588} INFO - Filling up the DagBag from /home/airflow/.local/lib/python3.12/site-packages/airflow/example_dags/example_external_task_marker_dag.py
[2025-09-11T09:59:11.586+0000] {processor.py:925} INFO - DAG(s) 'example_external_task_marker_child', 'example_external_task_marker_parent' retrieved from /home/airflow/.local/lib/python3.12/site-packages/airflow/example_dags/example_external_task_marker_dag.py
[2025-09-11T09:59:11.626+0000] {logging_mixin.py:190} INFO - [2025-09-11T09:59:11.626+0000] {dag.py:3239} INFO - Sync 2 DAGs
[2025-09-11T09:59:11.664+0000] {logging_mixin.py:190} INFO - [2025-09-11T09:59:11.663+0000] {dag.py:4180} INFO - Setting next_dagrun for example_external_task_marker_child to None, run_after=None
[2025-09-11T09:59:11.671+0000] {logging_mixin.py:190} INFO - [2025-09-11T09:59:11.671+0000] {dag.py:4180} INFO - Setting next_dagrun for example_external_task_marker_parent to None, run_after=None
[2025-09-11T09:59:11.710+0000] {processor.py:208} INFO - Processing /home/airflow/.local/lib/python3.12/site-packages/airflow/example_dags/example_external_task_marker_dag.py took 0.186 seconds
[2025-09-11T09:59:41.972+0000] {processor.py:186} INFO - Started process (PID=1325) to work on /home/airflow/.local/lib/python3.12/site-packages/airflow/example_dags/example_external_task_marker_dag.py
[2025-09-11T09:59:41.975+0000] {processor.py:914} INFO - Processing file /home/airflow/.local/lib/python3.12/site-packages/airflow/example_dags/example_external_task_marker_dag.py for tasks to queue
[2025-09-11T09:59:41.986+0000] {logging_mixin.py:190} INFO - [2025-09-11T09:59:41.985+0000] {dagbag.py:588} INFO - Filling up the DagBag from /home/airflow/.local/lib/python3.12/site-packages/airflow/example_dags/example_external_task_marker_dag.py
[2025-09-11T09:59:42.005+0000] {processor.py:925} INFO - DAG(s) 'example_external_task_marker_child', 'example_external_task_marker_parent' retrieved from /home/airflow/.local/lib/python3.12/site-packages/airflow/example_dags/example_external_task_marker_dag.py
[2025-09-11T09:59:42.059+0000] {logging_mixin.py:190} INFO - [2025-09-11T09:59:42.058+0000] {dag.py:3239} INFO - Sync 2 DAGs
[2025-09-11T09:59:42.090+0000] {logging_mixin.py:190} INFO - [2025-09-11T09:59:42.089+0000] {dag.py:4180} INFO - Setting next_dagrun for example_external_task_marker_child to None, run_after=None
[2025-09-11T09:59:42.099+0000] {logging_mixin.py:190} INFO - [2025-09-11T09:59:42.099+0000] {dag.py:4180} INFO - Setting next_dagrun for example_external_task_marker_parent to None, run_after=None
[2025-09-11T09:59:42.154+0000] {processor.py:208} INFO - Processing /home/airflow/.local/lib/python3.12/site-packages/airflow/example_dags/example_external_task_marker_dag.py took 0.205 seconds
[2025-09-11T10:00:12.498+0000] {processor.py:186} INFO - Started process (PID=1388) to work on /home/airflow/.local/lib/python3.12/site-packages/airflow/example_dags/example_external_task_marker_dag.py
[2025-09-11T10:00:12.506+0000] {processor.py:914} INFO - Processing file /home/airflow/.local/lib/python3.12/site-packages/airflow/example_dags/example_external_task_marker_dag.py for tasks to queue
[2025-09-11T10:00:12.513+0000] {logging_mixin.py:190} INFO - [2025-09-11T10:00:12.512+0000] {dagbag.py:588} INFO - Filling up the DagBag from /home/airflow/.local/lib/python3.12/site-packages/airflow/example_dags/example_external_task_marker_dag.py
[2025-09-11T10:00:12.533+0000] {processor.py:925} INFO - DAG(s) 'example_external_task_marker_parent', 'example_external_task_marker_child' retrieved from /home/airflow/.local/lib/python3.12/site-packages/airflow/example_dags/example_external_task_marker_dag.py
[2025-09-11T10:00:12.581+0000] {logging_mixin.py:190} INFO - [2025-09-11T10:00:12.580+0000] {dag.py:3239} INFO - Sync 2 DAGs
[2025-09-11T10:00:12.623+0000] {logging_mixin.py:190} INFO - [2025-09-11T10:00:12.622+0000] {dag.py:4180} INFO - Setting next_dagrun for example_external_task_marker_child to None, run_after=None
[2025-09-11T10:00:12.633+0000] {logging_mixin.py:190} INFO - [2025-09-11T10:00:12.633+0000] {dag.py:4180} INFO - Setting next_dagrun for example_external_task_marker_parent to None, run_after=None
[2025-09-11T10:00:12.687+0000] {processor.py:208} INFO - Processing /home/airflow/.local/lib/python3.12/site-packages/airflow/example_dags/example_external_task_marker_dag.py took 0.201 seconds
[2025-09-11T10:00:43.495+0000] {processor.py:186} INFO - Started process (PID=1451) to work on /home/airflow/.local/lib/python3.12/site-packages/airflow/example_dags/example_external_task_marker_dag.py
[2025-09-11T10:00:43.497+0000] {processor.py:914} INFO - Processing file /home/airflow/.local/lib/python3.12/site-packages/airflow/example_dags/example_external_task_marker_dag.py for tasks to queue
[2025-09-11T10:00:43.503+0000] {logging_mixin.py:190} INFO - [2025-09-11T10:00:43.502+0000] {dagbag.py:588} INFO - Filling up the DagBag from /home/airflow/.local/lib/python3.12/site-packages/airflow/example_dags/example_external_task_marker_dag.py
[2025-09-11T10:00:43.520+0000] {processor.py:925} INFO - DAG(s) 'example_external_task_marker_child', 'example_external_task_marker_parent' retrieved from /home/airflow/.local/lib/python3.12/site-packages/airflow/example_dags/example_external_task_marker_dag.py
[2025-09-11T10:00:43.589+0000] {logging_mixin.py:190} INFO - [2025-09-11T10:00:43.589+0000] {dag.py:3239} INFO - Sync 2 DAGs
[2025-09-11T10:00:43.618+0000] {logging_mixin.py:190} INFO - [2025-09-11T10:00:43.617+0000] {dag.py:4180} INFO - Setting next_dagrun for example_external_task_marker_child to None, run_after=None
[2025-09-11T10:00:43.624+0000] {logging_mixin.py:190} INFO - [2025-09-11T10:00:43.624+0000] {dag.py:4180} INFO - Setting next_dagrun for example_external_task_marker_parent to None, run_after=None
[2025-09-11T10:00:43.665+0000] {processor.py:208} INFO - Processing /home/airflow/.local/lib/python3.12/site-packages/airflow/example_dags/example_external_task_marker_dag.py took 0.182 seconds
[2025-09-11T10:01:14.720+0000] {processor.py:186} INFO - Started process (PID=1514) to work on /home/airflow/.local/lib/python3.12/site-packages/airflow/example_dags/example_external_task_marker_dag.py
[2025-09-11T10:01:14.724+0000] {processor.py:914} INFO - Processing file /home/airflow/.local/lib/python3.12/site-packages/airflow/example_dags/example_external_task_marker_dag.py for tasks to queue
[2025-09-11T10:01:14.731+0000] {logging_mixin.py:190} INFO - [2025-09-11T10:01:14.730+0000] {dagbag.py:588} INFO - Filling up the DagBag from /home/airflow/.local/lib/python3.12/site-packages/airflow/example_dags/example_external_task_marker_dag.py
[2025-09-11T10:01:14.767+0000] {processor.py:925} INFO - DAG(s) 'example_external_task_marker_child', 'example_external_task_marker_parent' retrieved from /home/airflow/.local/lib/python3.12/site-packages/airflow/example_dags/example_external_task_marker_dag.py
[2025-09-11T10:01:14.822+0000] {logging_mixin.py:190} INFO - [2025-09-11T10:01:14.821+0000] {dag.py:3239} INFO - Sync 2 DAGs
[2025-09-11T10:01:14.847+0000] {logging_mixin.py:190} INFO - [2025-09-11T10:01:14.847+0000] {dag.py:4180} INFO - Setting next_dagrun for example_external_task_marker_child to None, run_after=None
[2025-09-11T10:01:14.854+0000] {logging_mixin.py:190} INFO - [2025-09-11T10:01:14.854+0000] {dag.py:4180} INFO - Setting next_dagrun for example_external_task_marker_parent to None, run_after=None
[2025-09-11T10:01:14.912+0000] {processor.py:208} INFO - Processing /home/airflow/.local/lib/python3.12/site-packages/airflow/example_dags/example_external_task_marker_dag.py took 0.203 seconds
[2025-09-11T10:01:45.429+0000] {processor.py:186} INFO - Started process (PID=1577) to work on /home/airflow/.local/lib/python3.12/site-packages/airflow/example_dags/example_external_task_marker_dag.py
[2025-09-11T10:01:45.432+0000] {processor.py:914} INFO - Processing file /home/airflow/.local/lib/python3.12/site-packages/airflow/example_dags/example_external_task_marker_dag.py for tasks to queue
[2025-09-11T10:01:45.439+0000] {logging_mixin.py:190} INFO - [2025-09-11T10:01:45.438+0000] {dagbag.py:588} INFO - Filling up the DagBag from /home/airflow/.local/lib/python3.12/site-packages/airflow/example_dags/example_external_task_marker_dag.py
[2025-09-11T10:01:45.459+0000] {processor.py:925} INFO - DAG(s) 'example_external_task_marker_parent', 'example_external_task_marker_child' retrieved from /home/airflow/.local/lib/python3.12/site-packages/airflow/example_dags/example_external_task_marker_dag.py
[2025-09-11T10:01:45.540+0000] {logging_mixin.py:190} INFO - [2025-09-11T10:01:45.533+0000] {dag.py:3239} INFO - Sync 2 DAGs
[2025-09-11T10:01:45.588+0000] {logging_mixin.py:190} INFO - [2025-09-11T10:01:45.588+0000] {dag.py:4180} INFO - Setting next_dagrun for example_external_task_marker_child to None, run_after=None
[2025-09-11T10:01:45.602+0000] {logging_mixin.py:190} INFO - [2025-09-11T10:01:45.602+0000] {dag.py:4180} INFO - Setting next_dagrun for example_external_task_marker_parent to None, run_after=None
[2025-09-11T10:01:45.650+0000] {processor.py:208} INFO - Processing /home/airflow/.local/lib/python3.12/site-packages/airflow/example_dags/example_external_task_marker_dag.py took 0.239 seconds
[2025-09-11T10:02:16.285+0000] {processor.py:186} INFO - Started process (PID=1640) to work on /home/airflow/.local/lib/python3.12/site-packages/airflow/example_dags/example_external_task_marker_dag.py
[2025-09-11T10:02:16.293+0000] {processor.py:914} INFO - Processing file /home/airflow/.local/lib/python3.12/site-packages/airflow/example_dags/example_external_task_marker_dag.py for tasks to queue
[2025-09-11T10:02:16.298+0000] {logging_mixin.py:190} INFO - [2025-09-11T10:02:16.298+0000] {dagbag.py:588} INFO - Filling up the DagBag from /home/airflow/.local/lib/python3.12/site-packages/airflow/example_dags/example_external_task_marker_dag.py
[2025-09-11T10:02:16.331+0000] {processor.py:925} INFO - DAG(s) 'example_external_task_marker_parent', 'example_external_task_marker_child' retrieved from /home/airflow/.local/lib/python3.12/site-packages/airflow/example_dags/example_external_task_marker_dag.py
[2025-09-11T10:02:16.396+0000] {logging_mixin.py:190} INFO - [2025-09-11T10:02:16.395+0000] {dag.py:3239} INFO - Sync 2 DAGs
[2025-09-11T10:02:16.440+0000] {logging_mixin.py:190} INFO - [2025-09-11T10:02:16.439+0000] {dag.py:4180} INFO - Setting next_dagrun for example_external_task_marker_child to None, run_after=None
[2025-09-11T10:02:16.460+0000] {logging_mixin.py:190} INFO - [2025-09-11T10:02:16.459+0000] {dag.py:4180} INFO - Setting next_dagrun for example_external_task_marker_parent to None, run_after=None
[2025-09-11T10:02:16.517+0000] {processor.py:208} INFO - Processing /home/airflow/.local/lib/python3.12/site-packages/airflow/example_dags/example_external_task_marker_dag.py took 0.254 seconds
[2025-09-11T10:02:47.203+0000] {processor.py:186} INFO - Started process (PID=1703) to work on /home/airflow/.local/lib/python3.12/site-packages/airflow/example_dags/example_external_task_marker_dag.py
[2025-09-11T10:02:47.205+0000] {processor.py:914} INFO - Processing file /home/airflow/.local/lib/python3.12/site-packages/airflow/example_dags/example_external_task_marker_dag.py for tasks to queue
[2025-09-11T10:02:47.209+0000] {logging_mixin.py:190} INFO - [2025-09-11T10:02:47.208+0000] {dagbag.py:588} INFO - Filling up the DagBag from /home/airflow/.local/lib/python3.12/site-packages/airflow/example_dags/example_external_task_marker_dag.py
[2025-09-11T10:02:47.240+0000] {processor.py:925} INFO - DAG(s) 'example_external_task_marker_parent', 'example_external_task_marker_child' retrieved from /home/airflow/.local/lib/python3.12/site-packages/airflow/example_dags/example_external_task_marker_dag.py
[2025-09-11T10:02:47.298+0000] {logging_mixin.py:190} INFO - [2025-09-11T10:02:47.297+0000] {dag.py:3239} INFO - Sync 2 DAGs
[2025-09-11T10:02:47.332+0000] {logging_mixin.py:190} INFO - [2025-09-11T10:02:47.331+0000] {dag.py:4180} INFO - Setting next_dagrun for example_external_task_marker_child to None, run_after=None
[2025-09-11T10:02:47.340+0000] {logging_mixin.py:190} INFO - [2025-09-11T10:02:47.340+0000] {dag.py:4180} INFO - Setting next_dagrun for example_external_task_marker_parent to None, run_after=None
[2025-09-11T10:02:47.395+0000] {processor.py:208} INFO - Processing /home/airflow/.local/lib/python3.12/site-packages/airflow/example_dags/example_external_task_marker_dag.py took 0.210 seconds
[2025-09-11T10:03:18.273+0000] {processor.py:186} INFO - Started process (PID=1766) to work on /home/airflow/.local/lib/python3.12/site-packages/airflow/example_dags/example_external_task_marker_dag.py
[2025-09-11T10:03:18.275+0000] {processor.py:914} INFO - Processing file /home/airflow/.local/lib/python3.12/site-packages/airflow/example_dags/example_external_task_marker_dag.py for tasks to queue
[2025-09-11T10:03:18.285+0000] {logging_mixin.py:190} INFO - [2025-09-11T10:03:18.285+0000] {dagbag.py:588} INFO - Filling up the DagBag from /home/airflow/.local/lib/python3.12/site-packages/airflow/example_dags/example_external_task_marker_dag.py
[2025-09-11T10:03:18.309+0000] {processor.py:925} INFO - DAG(s) 'example_external_task_marker_parent', 'example_external_task_marker_child' retrieved from /home/airflow/.local/lib/python3.12/site-packages/airflow/example_dags/example_external_task_marker_dag.py
[2025-09-11T10:03:18.361+0000] {logging_mixin.py:190} INFO - [2025-09-11T10:03:18.360+0000] {dag.py:3239} INFO - Sync 2 DAGs
[2025-09-11T10:03:18.400+0000] {logging_mixin.py:190} INFO - [2025-09-11T10:03:18.400+0000] {dag.py:4180} INFO - Setting next_dagrun for example_external_task_marker_child to None, run_after=None
[2025-09-11T10:03:18.408+0000] {logging_mixin.py:190} INFO - [2025-09-11T10:03:18.408+0000] {dag.py:4180} INFO - Setting next_dagrun for example_external_task_marker_parent to None, run_after=None
[2025-09-11T10:03:18.456+0000] {processor.py:208} INFO - Processing /home/airflow/.local/lib/python3.12/site-packages/airflow/example_dags/example_external_task_marker_dag.py took 0.193 seconds
[2025-09-11T10:03:48.747+0000] {processor.py:186} INFO - Started process (PID=1829) to work on /home/airflow/.local/lib/python3.12/site-packages/airflow/example_dags/example_external_task_marker_dag.py
[2025-09-11T10:03:48.750+0000] {processor.py:914} INFO - Processing file /home/airflow/.local/lib/python3.12/site-packages/airflow/example_dags/example_external_task_marker_dag.py for tasks to queue
[2025-09-11T10:03:48.755+0000] {logging_mixin.py:190} INFO - [2025-09-11T10:03:48.755+0000] {dagbag.py:588} INFO - Filling up the DagBag from /home/airflow/.local/lib/python3.12/site-packages/airflow/example_dags/example_external_task_marker_dag.py
[2025-09-11T10:03:48.770+0000] {processor.py:925} INFO - DAG(s) 'example_external_task_marker_parent', 'example_external_task_marker_child' retrieved from /home/airflow/.local/lib/python3.12/site-packages/airflow/example_dags/example_external_task_marker_dag.py
[2025-09-11T10:03:48.821+0000] {logging_mixin.py:190} INFO - [2025-09-11T10:03:48.821+0000] {dag.py:3239} INFO - Sync 2 DAGs
[2025-09-11T10:03:48.847+0000] {logging_mixin.py:190} INFO - [2025-09-11T10:03:48.847+0000] {dag.py:4180} INFO - Setting next_dagrun for example_external_task_marker_child to None, run_after=None
[2025-09-11T10:03:48.856+0000] {logging_mixin.py:190} INFO - [2025-09-11T10:03:48.856+0000] {dag.py:4180} INFO - Setting next_dagrun for example_external_task_marker_parent to None, run_after=None
[2025-09-11T10:03:48.893+0000] {processor.py:208} INFO - Processing /home/airflow/.local/lib/python3.12/site-packages/airflow/example_dags/example_external_task_marker_dag.py took 0.158 seconds
[2025-09-11T10:04:19.026+0000] {processor.py:186} INFO - Started process (PID=1892) to work on /home/airflow/.local/lib/python3.12/site-packages/airflow/example_dags/example_external_task_marker_dag.py
[2025-09-11T10:04:19.027+0000] {processor.py:914} INFO - Processing file /home/airflow/.local/lib/python3.12/site-packages/airflow/example_dags/example_external_task_marker_dag.py for tasks to queue
[2025-09-11T10:04:19.039+0000] {logging_mixin.py:190} INFO - [2025-09-11T10:04:19.038+0000] {dagbag.py:588} INFO - Filling up the DagBag from /home/airflow/.local/lib/python3.12/site-packages/airflow/example_dags/example_external_task_marker_dag.py
[2025-09-11T10:04:19.058+0000] {processor.py:925} INFO - DAG(s) 'example_external_task_marker_parent', 'example_external_task_marker_child' retrieved from /home/airflow/.local/lib/python3.12/site-packages/airflow/example_dags/example_external_task_marker_dag.py
[2025-09-11T10:04:19.112+0000] {logging_mixin.py:190} INFO - [2025-09-11T10:04:19.112+0000] {dag.py:3239} INFO - Sync 2 DAGs
[2025-09-11T10:04:19.152+0000] {logging_mixin.py:190} INFO - [2025-09-11T10:04:19.151+0000] {dag.py:4180} INFO - Setting next_dagrun for example_external_task_marker_child to None, run_after=None
[2025-09-11T10:04:19.170+0000] {logging_mixin.py:190} INFO - [2025-09-11T10:04:19.161+0000] {dag.py:4180} INFO - Setting next_dagrun for example_external_task_marker_parent to None, run_after=None
[2025-09-11T10:04:19.245+0000] {processor.py:208} INFO - Processing /home/airflow/.local/lib/python3.12/site-packages/airflow/example_dags/example_external_task_marker_dag.py took 0.232 seconds
