[2025-09-11T09:49:44.739+0000] {processor.py:186} INFO - Started process (PID=110) to work on /home/airflow/.local/lib/python3.12/site-packages/airflow/example_dags/example_latest_only_with_trigger.py
[2025-09-11T09:49:44.742+0000] {processor.py:914} INFO - Processing file /home/airflow/.local/lib/python3.12/site-packages/airflow/example_dags/example_latest_only_with_trigger.py for tasks to queue
[2025-09-11T09:49:44.748+0000] {logging_mixin.py:190} INFO - [2025-09-11T09:49:44.747+0000] {dagbag.py:588} INFO - Filling up the DagBag from /home/airflow/.local/lib/python3.12/site-packages/airflow/example_dags/example_latest_only_with_trigger.py
[2025-09-11T09:49:44.770+0000] {processor.py:925} INFO - DAG(s) 'latest_only_with_trigger' retrieved from /home/airflow/.local/lib/python3.12/site-packages/airflow/example_dags/example_latest_only_with_trigger.py
[2025-09-11T09:49:45.062+0000] {logging_mixin.py:190} INFO - [2025-09-11T09:49:45.061+0000] {override.py:1912} INFO - Created Permission View: can read on DAG:latest_only_with_trigger
[2025-09-11T09:49:45.098+0000] {logging_mixin.py:190} INFO - [2025-09-11T09:49:45.097+0000] {override.py:1912} INFO - Created Permission View: can edit on DAG:latest_only_with_trigger
[2025-09-11T09:49:45.126+0000] {logging_mixin.py:190} INFO - [2025-09-11T09:49:45.125+0000] {override.py:1912} INFO - Created Permission View: can delete on DAG:latest_only_with_trigger
[2025-09-11T09:49:45.162+0000] {logging_mixin.py:190} INFO - [2025-09-11T09:49:45.161+0000] {override.py:1912} INFO - Created Permission View: can create on DAG Run:latest_only_with_trigger
[2025-09-11T09:49:45.198+0000] {logging_mixin.py:190} INFO - [2025-09-11T09:49:45.197+0000] {override.py:1912} INFO - Created Permission View: can read on DAG Run:latest_only_with_trigger
[2025-09-11T09:49:45.221+0000] {logging_mixin.py:190} INFO - [2025-09-11T09:49:45.220+0000] {override.py:1912} INFO - Created Permission View: can delete on DAG Run:latest_only_with_trigger
[2025-09-11T09:49:45.285+0000] {logging_mixin.py:190} INFO - [2025-09-11T09:49:45.284+0000] {override.py:1912} INFO - Created Permission View: menu access on DAG Run:latest_only_with_trigger
[2025-09-11T09:49:45.292+0000] {logging_mixin.py:190} INFO - [2025-09-11T09:49:45.292+0000] {dag.py:3239} INFO - Sync 1 DAGs
[2025-09-11T09:49:45.368+0000] {logging_mixin.py:190} INFO - [2025-09-11T09:49:45.367+0000] {dag.py:3262} INFO - Creating ORM DAG for latest_only_with_trigger
[2025-09-11T09:49:45.421+0000] {logging_mixin.py:190} INFO - [2025-09-11T09:49:45.420+0000] {dag.py:4180} INFO - Setting next_dagrun for latest_only_with_trigger to 2025-09-11 04:00:00+00:00, run_after=2025-09-11 08:00:00+00:00
[2025-09-11T09:49:45.504+0000] {processor.py:208} INFO - Processing /home/airflow/.local/lib/python3.12/site-packages/airflow/example_dags/example_latest_only_with_trigger.py took 0.780 seconds
[2025-09-11T09:50:16.816+0000] {processor.py:186} INFO - Started process (PID=174) to work on /home/airflow/.local/lib/python3.12/site-packages/airflow/example_dags/example_latest_only_with_trigger.py
[2025-09-11T09:50:16.817+0000] {processor.py:914} INFO - Processing file /home/airflow/.local/lib/python3.12/site-packages/airflow/example_dags/example_latest_only_with_trigger.py for tasks to queue
[2025-09-11T09:50:16.831+0000] {logging_mixin.py:190} INFO - [2025-09-11T09:50:16.823+0000] {dagbag.py:588} INFO - Filling up the DagBag from /home/airflow/.local/lib/python3.12/site-packages/airflow/example_dags/example_latest_only_with_trigger.py
[2025-09-11T09:50:16.851+0000] {processor.py:925} INFO - DAG(s) 'latest_only_with_trigger' retrieved from /home/airflow/.local/lib/python3.12/site-packages/airflow/example_dags/example_latest_only_with_trigger.py
[2025-09-11T09:50:16.900+0000] {logging_mixin.py:190} INFO - [2025-09-11T09:50:16.899+0000] {dag.py:3239} INFO - Sync 1 DAGs
[2025-09-11T09:50:16.960+0000] {logging_mixin.py:190} INFO - [2025-09-11T09:50:16.960+0000] {dag.py:4180} INFO - Setting next_dagrun for latest_only_with_trigger to 2025-09-11 04:00:00+00:00, run_after=2025-09-11 08:00:00+00:00
[2025-09-11T09:50:17.025+0000] {processor.py:208} INFO - Processing /home/airflow/.local/lib/python3.12/site-packages/airflow/example_dags/example_latest_only_with_trigger.py took 0.224 seconds
[2025-09-11T09:50:47.204+0000] {processor.py:186} INFO - Started process (PID=236) to work on /home/airflow/.local/lib/python3.12/site-packages/airflow/example_dags/example_latest_only_with_trigger.py
[2025-09-11T09:50:47.206+0000] {processor.py:914} INFO - Processing file /home/airflow/.local/lib/python3.12/site-packages/airflow/example_dags/example_latest_only_with_trigger.py for tasks to queue
[2025-09-11T09:50:47.210+0000] {logging_mixin.py:190} INFO - [2025-09-11T09:50:47.210+0000] {dagbag.py:588} INFO - Filling up the DagBag from /home/airflow/.local/lib/python3.12/site-packages/airflow/example_dags/example_latest_only_with_trigger.py
[2025-09-11T09:50:47.234+0000] {processor.py:925} INFO - DAG(s) 'latest_only_with_trigger' retrieved from /home/airflow/.local/lib/python3.12/site-packages/airflow/example_dags/example_latest_only_with_trigger.py
[2025-09-11T09:50:47.263+0000] {logging_mixin.py:190} INFO - [2025-09-11T09:50:47.263+0000] {dag.py:3239} INFO - Sync 1 DAGs
[2025-09-11T09:50:47.295+0000] {logging_mixin.py:190} INFO - [2025-09-11T09:50:47.295+0000] {dag.py:4180} INFO - Setting next_dagrun for latest_only_with_trigger to 2025-09-11 04:00:00+00:00, run_after=2025-09-11 08:00:00+00:00
[2025-09-11T09:50:47.345+0000] {processor.py:208} INFO - Processing /home/airflow/.local/lib/python3.12/site-packages/airflow/example_dags/example_latest_only_with_trigger.py took 0.156 seconds
[2025-09-11T09:51:17.513+0000] {processor.py:186} INFO - Started process (PID=307) to work on /home/airflow/.local/lib/python3.12/site-packages/airflow/example_dags/example_latest_only_with_trigger.py
[2025-09-11T09:51:17.515+0000] {processor.py:914} INFO - Processing file /home/airflow/.local/lib/python3.12/site-packages/airflow/example_dags/example_latest_only_with_trigger.py for tasks to queue
[2025-09-11T09:51:17.529+0000] {logging_mixin.py:190} INFO - [2025-09-11T09:51:17.529+0000] {dagbag.py:588} INFO - Filling up the DagBag from /home/airflow/.local/lib/python3.12/site-packages/airflow/example_dags/example_latest_only_with_trigger.py
[2025-09-11T09:51:17.561+0000] {processor.py:925} INFO - DAG(s) 'latest_only_with_trigger' retrieved from /home/airflow/.local/lib/python3.12/site-packages/airflow/example_dags/example_latest_only_with_trigger.py
[2025-09-11T09:51:17.621+0000] {logging_mixin.py:190} INFO - [2025-09-11T09:51:17.621+0000] {dag.py:3239} INFO - Sync 1 DAGs
[2025-09-11T09:51:17.713+0000] {logging_mixin.py:190} INFO - [2025-09-11T09:51:17.712+0000] {dag.py:4180} INFO - Setting next_dagrun for latest_only_with_trigger to 2025-09-11 04:00:00+00:00, run_after=2025-09-11 08:00:00+00:00
[2025-09-11T09:51:17.801+0000] {processor.py:208} INFO - Processing /home/airflow/.local/lib/python3.12/site-packages/airflow/example_dags/example_latest_only_with_trigger.py took 0.331 seconds
[2025-09-11T09:51:48.302+0000] {processor.py:186} INFO - Started process (PID=369) to work on /home/airflow/.local/lib/python3.12/site-packages/airflow/example_dags/example_latest_only_with_trigger.py
[2025-09-11T09:51:48.305+0000] {processor.py:914} INFO - Processing file /home/airflow/.local/lib/python3.12/site-packages/airflow/example_dags/example_latest_only_with_trigger.py for tasks to queue
[2025-09-11T09:51:48.309+0000] {logging_mixin.py:190} INFO - [2025-09-11T09:51:48.309+0000] {dagbag.py:588} INFO - Filling up the DagBag from /home/airflow/.local/lib/python3.12/site-packages/airflow/example_dags/example_latest_only_with_trigger.py
[2025-09-11T09:51:48.321+0000] {processor.py:925} INFO - DAG(s) 'latest_only_with_trigger' retrieved from /home/airflow/.local/lib/python3.12/site-packages/airflow/example_dags/example_latest_only_with_trigger.py
[2025-09-11T09:51:48.353+0000] {logging_mixin.py:190} INFO - [2025-09-11T09:51:48.352+0000] {dag.py:3239} INFO - Sync 1 DAGs
[2025-09-11T09:51:48.395+0000] {logging_mixin.py:190} INFO - [2025-09-11T09:51:48.395+0000] {dag.py:4180} INFO - Setting next_dagrun for latest_only_with_trigger to 2025-09-11 04:00:00+00:00, run_after=2025-09-11 08:00:00+00:00
[2025-09-11T09:51:48.434+0000] {processor.py:208} INFO - Processing /home/airflow/.local/lib/python3.12/site-packages/airflow/example_dags/example_latest_only_with_trigger.py took 0.141 seconds
[2025-09-11T09:52:19.293+0000] {processor.py:186} INFO - Started process (PID=432) to work on /home/airflow/.local/lib/python3.12/site-packages/airflow/example_dags/example_latest_only_with_trigger.py
[2025-09-11T09:52:19.295+0000] {processor.py:914} INFO - Processing file /home/airflow/.local/lib/python3.12/site-packages/airflow/example_dags/example_latest_only_with_trigger.py for tasks to queue
[2025-09-11T09:52:19.299+0000] {logging_mixin.py:190} INFO - [2025-09-11T09:52:19.299+0000] {dagbag.py:588} INFO - Filling up the DagBag from /home/airflow/.local/lib/python3.12/site-packages/airflow/example_dags/example_latest_only_with_trigger.py
[2025-09-11T09:52:19.313+0000] {processor.py:925} INFO - DAG(s) 'latest_only_with_trigger' retrieved from /home/airflow/.local/lib/python3.12/site-packages/airflow/example_dags/example_latest_only_with_trigger.py
[2025-09-11T09:52:19.351+0000] {logging_mixin.py:190} INFO - [2025-09-11T09:52:19.351+0000] {dag.py:3239} INFO - Sync 1 DAGs
[2025-09-11T09:52:19.391+0000] {logging_mixin.py:190} INFO - [2025-09-11T09:52:19.390+0000] {dag.py:4180} INFO - Setting next_dagrun for latest_only_with_trigger to 2025-09-11 04:00:00+00:00, run_after=2025-09-11 08:00:00+00:00
[2025-09-11T09:52:19.422+0000] {processor.py:208} INFO - Processing /home/airflow/.local/lib/python3.12/site-packages/airflow/example_dags/example_latest_only_with_trigger.py took 0.137 seconds
[2025-09-11T09:52:50.344+0000] {processor.py:186} INFO - Started process (PID=495) to work on /home/airflow/.local/lib/python3.12/site-packages/airflow/example_dags/example_latest_only_with_trigger.py
[2025-09-11T09:52:50.346+0000] {processor.py:914} INFO - Processing file /home/airflow/.local/lib/python3.12/site-packages/airflow/example_dags/example_latest_only_with_trigger.py for tasks to queue
[2025-09-11T09:52:50.349+0000] {logging_mixin.py:190} INFO - [2025-09-11T09:52:50.349+0000] {dagbag.py:588} INFO - Filling up the DagBag from /home/airflow/.local/lib/python3.12/site-packages/airflow/example_dags/example_latest_only_with_trigger.py
[2025-09-11T09:52:50.363+0000] {processor.py:925} INFO - DAG(s) 'latest_only_with_trigger' retrieved from /home/airflow/.local/lib/python3.12/site-packages/airflow/example_dags/example_latest_only_with_trigger.py
[2025-09-11T09:52:50.400+0000] {logging_mixin.py:190} INFO - [2025-09-11T09:52:50.399+0000] {dag.py:3239} INFO - Sync 1 DAGs
[2025-09-11T09:52:50.446+0000] {logging_mixin.py:190} INFO - [2025-09-11T09:52:50.446+0000] {dag.py:4180} INFO - Setting next_dagrun for latest_only_with_trigger to 2025-09-11 04:00:00+00:00, run_after=2025-09-11 08:00:00+00:00
[2025-09-11T09:52:50.515+0000] {processor.py:208} INFO - Processing /home/airflow/.local/lib/python3.12/site-packages/airflow/example_dags/example_latest_only_with_trigger.py took 0.183 seconds
[2025-09-11T09:53:21.279+0000] {processor.py:186} INFO - Started process (PID=558) to work on /home/airflow/.local/lib/python3.12/site-packages/airflow/example_dags/example_latest_only_with_trigger.py
[2025-09-11T09:53:21.281+0000] {processor.py:914} INFO - Processing file /home/airflow/.local/lib/python3.12/site-packages/airflow/example_dags/example_latest_only_with_trigger.py for tasks to queue
[2025-09-11T09:53:21.286+0000] {logging_mixin.py:190} INFO - [2025-09-11T09:53:21.285+0000] {dagbag.py:588} INFO - Filling up the DagBag from /home/airflow/.local/lib/python3.12/site-packages/airflow/example_dags/example_latest_only_with_trigger.py
[2025-09-11T09:53:21.302+0000] {processor.py:925} INFO - DAG(s) 'latest_only_with_trigger' retrieved from /home/airflow/.local/lib/python3.12/site-packages/airflow/example_dags/example_latest_only_with_trigger.py
[2025-09-11T09:53:21.337+0000] {logging_mixin.py:190} INFO - [2025-09-11T09:53:21.337+0000] {dag.py:3239} INFO - Sync 1 DAGs
[2025-09-11T09:53:21.389+0000] {logging_mixin.py:190} INFO - [2025-09-11T09:53:21.388+0000] {dag.py:4180} INFO - Setting next_dagrun for latest_only_with_trigger to 2025-09-11 04:00:00+00:00, run_after=2025-09-11 08:00:00+00:00
[2025-09-11T09:53:21.421+0000] {processor.py:208} INFO - Processing /home/airflow/.local/lib/python3.12/site-packages/airflow/example_dags/example_latest_only_with_trigger.py took 0.154 seconds
[2025-09-11T09:53:56.028+0000] {processor.py:186} INFO - Started process (PID=621) to work on /home/airflow/.local/lib/python3.12/site-packages/airflow/example_dags/example_latest_only_with_trigger.py
[2025-09-11T09:53:56.031+0000] {processor.py:914} INFO - Processing file /home/airflow/.local/lib/python3.12/site-packages/airflow/example_dags/example_latest_only_with_trigger.py for tasks to queue
[2025-09-11T09:53:56.036+0000] {logging_mixin.py:190} INFO - [2025-09-11T09:53:56.035+0000] {dagbag.py:588} INFO - Filling up the DagBag from /home/airflow/.local/lib/python3.12/site-packages/airflow/example_dags/example_latest_only_with_trigger.py
[2025-09-11T09:53:56.064+0000] {processor.py:925} INFO - DAG(s) 'latest_only_with_trigger' retrieved from /home/airflow/.local/lib/python3.12/site-packages/airflow/example_dags/example_latest_only_with_trigger.py
[2025-09-11T09:53:56.171+0000] {logging_mixin.py:190} INFO - [2025-09-11T09:53:56.162+0000] {dag.py:3239} INFO - Sync 1 DAGs
[2025-09-11T09:53:56.315+0000] {logging_mixin.py:190} INFO - [2025-09-11T09:53:56.315+0000] {dag.py:4180} INFO - Setting next_dagrun for latest_only_with_trigger to 2025-09-11 04:00:00+00:00, run_after=2025-09-11 08:00:00+00:00
[2025-09-11T09:53:56.501+0000] {processor.py:208} INFO - Processing /home/airflow/.local/lib/python3.12/site-packages/airflow/example_dags/example_latest_only_with_trigger.py took 0.484 seconds
[2025-09-11T09:54:26.958+0000] {processor.py:186} INFO - Started process (PID=683) to work on /home/airflow/.local/lib/python3.12/site-packages/airflow/example_dags/example_latest_only_with_trigger.py
[2025-09-11T09:54:26.960+0000] {processor.py:914} INFO - Processing file /home/airflow/.local/lib/python3.12/site-packages/airflow/example_dags/example_latest_only_with_trigger.py for tasks to queue
[2025-09-11T09:54:26.965+0000] {logging_mixin.py:190} INFO - [2025-09-11T09:54:26.965+0000] {dagbag.py:588} INFO - Filling up the DagBag from /home/airflow/.local/lib/python3.12/site-packages/airflow/example_dags/example_latest_only_with_trigger.py
[2025-09-11T09:54:26.978+0000] {processor.py:925} INFO - DAG(s) 'latest_only_with_trigger' retrieved from /home/airflow/.local/lib/python3.12/site-packages/airflow/example_dags/example_latest_only_with_trigger.py
[2025-09-11T09:54:27.026+0000] {logging_mixin.py:190} INFO - [2025-09-11T09:54:27.026+0000] {dag.py:3239} INFO - Sync 1 DAGs
[2025-09-11T09:54:27.096+0000] {logging_mixin.py:190} INFO - [2025-09-11T09:54:27.096+0000] {dag.py:4180} INFO - Setting next_dagrun for latest_only_with_trigger to 2025-09-11 04:00:00+00:00, run_after=2025-09-11 08:00:00+00:00
[2025-09-11T09:54:27.163+0000] {processor.py:208} INFO - Processing /home/airflow/.local/lib/python3.12/site-packages/airflow/example_dags/example_latest_only_with_trigger.py took 0.216 seconds
[2025-09-11T09:54:57.514+0000] {processor.py:186} INFO - Started process (PID=746) to work on /home/airflow/.local/lib/python3.12/site-packages/airflow/example_dags/example_latest_only_with_trigger.py
[2025-09-11T09:54:57.518+0000] {processor.py:914} INFO - Processing file /home/airflow/.local/lib/python3.12/site-packages/airflow/example_dags/example_latest_only_with_trigger.py for tasks to queue
[2025-09-11T09:54:57.523+0000] {logging_mixin.py:190} INFO - [2025-09-11T09:54:57.523+0000] {dagbag.py:588} INFO - Filling up the DagBag from /home/airflow/.local/lib/python3.12/site-packages/airflow/example_dags/example_latest_only_with_trigger.py
[2025-09-11T09:54:57.541+0000] {processor.py:925} INFO - DAG(s) 'latest_only_with_trigger' retrieved from /home/airflow/.local/lib/python3.12/site-packages/airflow/example_dags/example_latest_only_with_trigger.py
[2025-09-11T09:54:57.593+0000] {logging_mixin.py:190} INFO - [2025-09-11T09:54:57.593+0000] {dag.py:3239} INFO - Sync 1 DAGs
[2025-09-11T09:54:57.697+0000] {logging_mixin.py:190} INFO - [2025-09-11T09:54:57.697+0000] {dag.py:4180} INFO - Setting next_dagrun for latest_only_with_trigger to 2025-09-11 04:00:00+00:00, run_after=2025-09-11 08:00:00+00:00
[2025-09-11T09:54:57.752+0000] {processor.py:208} INFO - Processing /home/airflow/.local/lib/python3.12/site-packages/airflow/example_dags/example_latest_only_with_trigger.py took 0.250 seconds
[2025-09-11T09:55:27.826+0000] {processor.py:186} INFO - Started process (PID=808) to work on /home/airflow/.local/lib/python3.12/site-packages/airflow/example_dags/example_latest_only_with_trigger.py
[2025-09-11T09:55:27.829+0000] {processor.py:914} INFO - Processing file /home/airflow/.local/lib/python3.12/site-packages/airflow/example_dags/example_latest_only_with_trigger.py for tasks to queue
[2025-09-11T09:55:27.836+0000] {logging_mixin.py:190} INFO - [2025-09-11T09:55:27.835+0000] {dagbag.py:588} INFO - Filling up the DagBag from /home/airflow/.local/lib/python3.12/site-packages/airflow/example_dags/example_latest_only_with_trigger.py
[2025-09-11T09:55:27.860+0000] {processor.py:925} INFO - DAG(s) 'latest_only_with_trigger' retrieved from /home/airflow/.local/lib/python3.12/site-packages/airflow/example_dags/example_latest_only_with_trigger.py
[2025-09-11T09:55:27.923+0000] {logging_mixin.py:190} INFO - [2025-09-11T09:55:27.922+0000] {dag.py:3239} INFO - Sync 1 DAGs
[2025-09-11T09:55:28.003+0000] {logging_mixin.py:190} INFO - [2025-09-11T09:55:28.003+0000] {dag.py:4180} INFO - Setting next_dagrun for latest_only_with_trigger to 2025-09-11 04:00:00+00:00, run_after=2025-09-11 08:00:00+00:00
[2025-09-11T09:55:28.053+0000] {processor.py:208} INFO - Processing /home/airflow/.local/lib/python3.12/site-packages/airflow/example_dags/example_latest_only_with_trigger.py took 0.237 seconds
[2025-09-11T09:55:58.916+0000] {processor.py:186} INFO - Started process (PID=871) to work on /home/airflow/.local/lib/python3.12/site-packages/airflow/example_dags/example_latest_only_with_trigger.py
[2025-09-11T09:55:58.919+0000] {processor.py:914} INFO - Processing file /home/airflow/.local/lib/python3.12/site-packages/airflow/example_dags/example_latest_only_with_trigger.py for tasks to queue
[2025-09-11T09:55:58.923+0000] {logging_mixin.py:190} INFO - [2025-09-11T09:55:58.923+0000] {dagbag.py:588} INFO - Filling up the DagBag from /home/airflow/.local/lib/python3.12/site-packages/airflow/example_dags/example_latest_only_with_trigger.py
[2025-09-11T09:55:58.935+0000] {processor.py:925} INFO - DAG(s) 'latest_only_with_trigger' retrieved from /home/airflow/.local/lib/python3.12/site-packages/airflow/example_dags/example_latest_only_with_trigger.py
[2025-09-11T09:55:58.973+0000] {logging_mixin.py:190} INFO - [2025-09-11T09:55:58.973+0000] {dag.py:3239} INFO - Sync 1 DAGs
[2025-09-11T09:55:59.014+0000] {logging_mixin.py:190} INFO - [2025-09-11T09:55:59.014+0000] {dag.py:4180} INFO - Setting next_dagrun for latest_only_with_trigger to 2025-09-11 04:00:00+00:00, run_after=2025-09-11 08:00:00+00:00
[2025-09-11T09:55:59.054+0000] {processor.py:208} INFO - Processing /home/airflow/.local/lib/python3.12/site-packages/airflow/example_dags/example_latest_only_with_trigger.py took 0.145 seconds
[2025-09-11T09:56:29.861+0000] {processor.py:186} INFO - Started process (PID=934) to work on /home/airflow/.local/lib/python3.12/site-packages/airflow/example_dags/example_latest_only_with_trigger.py
[2025-09-11T09:56:29.865+0000] {processor.py:914} INFO - Processing file /home/airflow/.local/lib/python3.12/site-packages/airflow/example_dags/example_latest_only_with_trigger.py for tasks to queue
[2025-09-11T09:56:29.870+0000] {logging_mixin.py:190} INFO - [2025-09-11T09:56:29.870+0000] {dagbag.py:588} INFO - Filling up the DagBag from /home/airflow/.local/lib/python3.12/site-packages/airflow/example_dags/example_latest_only_with_trigger.py
[2025-09-11T09:56:29.898+0000] {processor.py:925} INFO - DAG(s) 'latest_only_with_trigger' retrieved from /home/airflow/.local/lib/python3.12/site-packages/airflow/example_dags/example_latest_only_with_trigger.py
[2025-09-11T09:56:29.939+0000] {logging_mixin.py:190} INFO - [2025-09-11T09:56:29.938+0000] {dag.py:3239} INFO - Sync 1 DAGs
[2025-09-11T09:56:30.011+0000] {logging_mixin.py:190} INFO - [2025-09-11T09:56:30.009+0000] {dag.py:4180} INFO - Setting next_dagrun for latest_only_with_trigger to 2025-09-11 04:00:00+00:00, run_after=2025-09-11 08:00:00+00:00
[2025-09-11T09:56:30.080+0000] {processor.py:208} INFO - Processing /home/airflow/.local/lib/python3.12/site-packages/airflow/example_dags/example_latest_only_with_trigger.py took 0.233 seconds
[2025-09-11T09:57:00.245+0000] {processor.py:186} INFO - Started process (PID=997) to work on /home/airflow/.local/lib/python3.12/site-packages/airflow/example_dags/example_latest_only_with_trigger.py
[2025-09-11T09:57:00.246+0000] {processor.py:914} INFO - Processing file /home/airflow/.local/lib/python3.12/site-packages/airflow/example_dags/example_latest_only_with_trigger.py for tasks to queue
[2025-09-11T09:57:00.250+0000] {logging_mixin.py:190} INFO - [2025-09-11T09:57:00.250+0000] {dagbag.py:588} INFO - Filling up the DagBag from /home/airflow/.local/lib/python3.12/site-packages/airflow/example_dags/example_latest_only_with_trigger.py
[2025-09-11T09:57:00.263+0000] {processor.py:925} INFO - DAG(s) 'latest_only_with_trigger' retrieved from /home/airflow/.local/lib/python3.12/site-packages/airflow/example_dags/example_latest_only_with_trigger.py
[2025-09-11T09:57:00.291+0000] {logging_mixin.py:190} INFO - [2025-09-11T09:57:00.291+0000] {dag.py:3239} INFO - Sync 1 DAGs
[2025-09-11T09:57:00.341+0000] {logging_mixin.py:190} INFO - [2025-09-11T09:57:00.341+0000] {dag.py:4180} INFO - Setting next_dagrun for latest_only_with_trigger to 2025-09-11 04:00:00+00:00, run_after=2025-09-11 08:00:00+00:00
[2025-09-11T09:57:00.390+0000] {processor.py:208} INFO - Processing /home/airflow/.local/lib/python3.12/site-packages/airflow/example_dags/example_latest_only_with_trigger.py took 0.154 seconds
[2025-09-11T09:57:30.917+0000] {processor.py:186} INFO - Started process (PID=1060) to work on /home/airflow/.local/lib/python3.12/site-packages/airflow/example_dags/example_latest_only_with_trigger.py
[2025-09-11T09:57:30.919+0000] {processor.py:914} INFO - Processing file /home/airflow/.local/lib/python3.12/site-packages/airflow/example_dags/example_latest_only_with_trigger.py for tasks to queue
[2025-09-11T09:57:30.923+0000] {logging_mixin.py:190} INFO - [2025-09-11T09:57:30.922+0000] {dagbag.py:588} INFO - Filling up the DagBag from /home/airflow/.local/lib/python3.12/site-packages/airflow/example_dags/example_latest_only_with_trigger.py
[2025-09-11T09:57:30.934+0000] {processor.py:925} INFO - DAG(s) 'latest_only_with_trigger' retrieved from /home/airflow/.local/lib/python3.12/site-packages/airflow/example_dags/example_latest_only_with_trigger.py
[2025-09-11T09:57:30.964+0000] {logging_mixin.py:190} INFO - [2025-09-11T09:57:30.964+0000] {dag.py:3239} INFO - Sync 1 DAGs
[2025-09-11T09:57:31.006+0000] {logging_mixin.py:190} INFO - [2025-09-11T09:57:31.005+0000] {dag.py:4180} INFO - Setting next_dagrun for latest_only_with_trigger to 2025-09-11 04:00:00+00:00, run_after=2025-09-11 08:00:00+00:00
[2025-09-11T09:57:31.046+0000] {processor.py:208} INFO - Processing /home/airflow/.local/lib/python3.12/site-packages/airflow/example_dags/example_latest_only_with_trigger.py took 0.142 seconds
[2025-09-11T09:58:01.855+0000] {processor.py:186} INFO - Started process (PID=1123) to work on /home/airflow/.local/lib/python3.12/site-packages/airflow/example_dags/example_latest_only_with_trigger.py
[2025-09-11T09:58:01.857+0000] {processor.py:914} INFO - Processing file /home/airflow/.local/lib/python3.12/site-packages/airflow/example_dags/example_latest_only_with_trigger.py for tasks to queue
[2025-09-11T09:58:01.865+0000] {logging_mixin.py:190} INFO - [2025-09-11T09:58:01.863+0000] {dagbag.py:588} INFO - Filling up the DagBag from /home/airflow/.local/lib/python3.12/site-packages/airflow/example_dags/example_latest_only_with_trigger.py
[2025-09-11T09:58:01.882+0000] {processor.py:925} INFO - DAG(s) 'latest_only_with_trigger' retrieved from /home/airflow/.local/lib/python3.12/site-packages/airflow/example_dags/example_latest_only_with_trigger.py
[2025-09-11T09:58:01.934+0000] {logging_mixin.py:190} INFO - [2025-09-11T09:58:01.933+0000] {dag.py:3239} INFO - Sync 1 DAGs
[2025-09-11T09:58:02.001+0000] {logging_mixin.py:190} INFO - [2025-09-11T09:58:02.000+0000] {dag.py:4180} INFO - Setting next_dagrun for latest_only_with_trigger to 2025-09-11 04:00:00+00:00, run_after=2025-09-11 08:00:00+00:00
[2025-09-11T09:58:02.042+0000] {processor.py:208} INFO - Processing /home/airflow/.local/lib/python3.12/site-packages/airflow/example_dags/example_latest_only_with_trigger.py took 0.200 seconds
[2025-09-11T09:58:32.461+0000] {processor.py:186} INFO - Started process (PID=1186) to work on /home/airflow/.local/lib/python3.12/site-packages/airflow/example_dags/example_latest_only_with_trigger.py
[2025-09-11T09:58:32.464+0000] {processor.py:914} INFO - Processing file /home/airflow/.local/lib/python3.12/site-packages/airflow/example_dags/example_latest_only_with_trigger.py for tasks to queue
[2025-09-11T09:58:32.469+0000] {logging_mixin.py:190} INFO - [2025-09-11T09:58:32.468+0000] {dagbag.py:588} INFO - Filling up the DagBag from /home/airflow/.local/lib/python3.12/site-packages/airflow/example_dags/example_latest_only_with_trigger.py
[2025-09-11T09:58:32.491+0000] {processor.py:925} INFO - DAG(s) 'latest_only_with_trigger' retrieved from /home/airflow/.local/lib/python3.12/site-packages/airflow/example_dags/example_latest_only_with_trigger.py
[2025-09-11T09:58:32.543+0000] {logging_mixin.py:190} INFO - [2025-09-11T09:58:32.543+0000] {dag.py:3239} INFO - Sync 1 DAGs
[2025-09-11T09:58:32.611+0000] {logging_mixin.py:190} INFO - [2025-09-11T09:58:32.610+0000] {dag.py:4180} INFO - Setting next_dagrun for latest_only_with_trigger to 2025-09-11 04:00:00+00:00, run_after=2025-09-11 08:00:00+00:00
[2025-09-11T09:58:32.837+0000] {processor.py:208} INFO - Processing /home/airflow/.local/lib/python3.12/site-packages/airflow/example_dags/example_latest_only_with_trigger.py took 0.233 seconds
[2025-09-11T09:59:03.759+0000] {processor.py:186} INFO - Started process (PID=1249) to work on /home/airflow/.local/lib/python3.12/site-packages/airflow/example_dags/example_latest_only_with_trigger.py
[2025-09-11T09:59:03.762+0000] {processor.py:914} INFO - Processing file /home/airflow/.local/lib/python3.12/site-packages/airflow/example_dags/example_latest_only_with_trigger.py for tasks to queue
[2025-09-11T09:59:03.767+0000] {logging_mixin.py:190} INFO - [2025-09-11T09:59:03.766+0000] {dagbag.py:588} INFO - Filling up the DagBag from /home/airflow/.local/lib/python3.12/site-packages/airflow/example_dags/example_latest_only_with_trigger.py
[2025-09-11T09:59:03.786+0000] {processor.py:925} INFO - DAG(s) 'latest_only_with_trigger' retrieved from /home/airflow/.local/lib/python3.12/site-packages/airflow/example_dags/example_latest_only_with_trigger.py
[2025-09-11T09:59:03.858+0000] {logging_mixin.py:190} INFO - [2025-09-11T09:59:03.858+0000] {dag.py:3239} INFO - Sync 1 DAGs
[2025-09-11T09:59:03.969+0000] {logging_mixin.py:190} INFO - [2025-09-11T09:59:03.968+0000] {dag.py:4180} INFO - Setting next_dagrun for latest_only_with_trigger to 2025-09-11 04:00:00+00:00, run_after=2025-09-11 08:00:00+00:00
[2025-09-11T09:59:04.037+0000] {processor.py:208} INFO - Processing /home/airflow/.local/lib/python3.12/site-packages/airflow/example_dags/example_latest_only_with_trigger.py took 0.292 seconds
[2025-09-11T09:59:34.520+0000] {processor.py:186} INFO - Started process (PID=1312) to work on /home/airflow/.local/lib/python3.12/site-packages/airflow/example_dags/example_latest_only_with_trigger.py
[2025-09-11T09:59:34.523+0000] {processor.py:914} INFO - Processing file /home/airflow/.local/lib/python3.12/site-packages/airflow/example_dags/example_latest_only_with_trigger.py for tasks to queue
[2025-09-11T09:59:34.530+0000] {logging_mixin.py:190} INFO - [2025-09-11T09:59:34.529+0000] {dagbag.py:588} INFO - Filling up the DagBag from /home/airflow/.local/lib/python3.12/site-packages/airflow/example_dags/example_latest_only_with_trigger.py
[2025-09-11T09:59:34.549+0000] {processor.py:925} INFO - DAG(s) 'latest_only_with_trigger' retrieved from /home/airflow/.local/lib/python3.12/site-packages/airflow/example_dags/example_latest_only_with_trigger.py
[2025-09-11T09:59:34.583+0000] {logging_mixin.py:190} INFO - [2025-09-11T09:59:34.583+0000] {dag.py:3239} INFO - Sync 1 DAGs
[2025-09-11T09:59:34.627+0000] {logging_mixin.py:190} INFO - [2025-09-11T09:59:34.627+0000] {dag.py:4180} INFO - Setting next_dagrun for latest_only_with_trigger to 2025-09-11 04:00:00+00:00, run_after=2025-09-11 08:00:00+00:00
[2025-09-11T09:59:34.670+0000] {processor.py:208} INFO - Processing /home/airflow/.local/lib/python3.12/site-packages/airflow/example_dags/example_latest_only_with_trigger.py took 0.162 seconds
[2025-09-11T10:00:05.024+0000] {processor.py:186} INFO - Started process (PID=1375) to work on /home/airflow/.local/lib/python3.12/site-packages/airflow/example_dags/example_latest_only_with_trigger.py
[2025-09-11T10:00:05.030+0000] {processor.py:914} INFO - Processing file /home/airflow/.local/lib/python3.12/site-packages/airflow/example_dags/example_latest_only_with_trigger.py for tasks to queue
[2025-09-11T10:00:05.035+0000] {logging_mixin.py:190} INFO - [2025-09-11T10:00:05.034+0000] {dagbag.py:588} INFO - Filling up the DagBag from /home/airflow/.local/lib/python3.12/site-packages/airflow/example_dags/example_latest_only_with_trigger.py
[2025-09-11T10:00:05.058+0000] {processor.py:925} INFO - DAG(s) 'latest_only_with_trigger' retrieved from /home/airflow/.local/lib/python3.12/site-packages/airflow/example_dags/example_latest_only_with_trigger.py
[2025-09-11T10:00:05.114+0000] {logging_mixin.py:190} INFO - [2025-09-11T10:00:05.114+0000] {dag.py:3239} INFO - Sync 1 DAGs
[2025-09-11T10:00:05.161+0000] {logging_mixin.py:190} INFO - [2025-09-11T10:00:05.160+0000] {dag.py:4180} INFO - Setting next_dagrun for latest_only_with_trigger to 2025-09-11 04:00:00+00:00, run_after=2025-09-11 08:00:00+00:00
[2025-09-11T10:00:05.210+0000] {processor.py:208} INFO - Processing /home/airflow/.local/lib/python3.12/site-packages/airflow/example_dags/example_latest_only_with_trigger.py took 0.203 seconds
[2025-09-11T10:00:35.697+0000] {processor.py:186} INFO - Started process (PID=1438) to work on /home/airflow/.local/lib/python3.12/site-packages/airflow/example_dags/example_latest_only_with_trigger.py
[2025-09-11T10:00:35.698+0000] {processor.py:914} INFO - Processing file /home/airflow/.local/lib/python3.12/site-packages/airflow/example_dags/example_latest_only_with_trigger.py for tasks to queue
[2025-09-11T10:00:35.705+0000] {logging_mixin.py:190} INFO - [2025-09-11T10:00:35.704+0000] {dagbag.py:588} INFO - Filling up the DagBag from /home/airflow/.local/lib/python3.12/site-packages/airflow/example_dags/example_latest_only_with_trigger.py
[2025-09-11T10:00:35.744+0000] {processor.py:925} INFO - DAG(s) 'latest_only_with_trigger' retrieved from /home/airflow/.local/lib/python3.12/site-packages/airflow/example_dags/example_latest_only_with_trigger.py
[2025-09-11T10:00:35.821+0000] {logging_mixin.py:190} INFO - [2025-09-11T10:00:35.821+0000] {dag.py:3239} INFO - Sync 1 DAGs
[2025-09-11T10:00:35.894+0000] {logging_mixin.py:190} INFO - [2025-09-11T10:00:35.894+0000] {dag.py:4180} INFO - Setting next_dagrun for latest_only_with_trigger to 2025-09-11 04:00:00+00:00, run_after=2025-09-11 08:00:00+00:00
[2025-09-11T10:00:35.929+0000] {processor.py:208} INFO - Processing /home/airflow/.local/lib/python3.12/site-packages/airflow/example_dags/example_latest_only_with_trigger.py took 0.245 seconds
[2025-09-11T10:01:06.280+0000] {processor.py:186} INFO - Started process (PID=1500) to work on /home/airflow/.local/lib/python3.12/site-packages/airflow/example_dags/example_latest_only_with_trigger.py
[2025-09-11T10:01:06.282+0000] {processor.py:914} INFO - Processing file /home/airflow/.local/lib/python3.12/site-packages/airflow/example_dags/example_latest_only_with_trigger.py for tasks to queue
[2025-09-11T10:01:06.286+0000] {logging_mixin.py:190} INFO - [2025-09-11T10:01:06.285+0000] {dagbag.py:588} INFO - Filling up the DagBag from /home/airflow/.local/lib/python3.12/site-packages/airflow/example_dags/example_latest_only_with_trigger.py
[2025-09-11T10:01:06.309+0000] {processor.py:925} INFO - DAG(s) 'latest_only_with_trigger' retrieved from /home/airflow/.local/lib/python3.12/site-packages/airflow/example_dags/example_latest_only_with_trigger.py
[2025-09-11T10:01:06.378+0000] {logging_mixin.py:190} INFO - [2025-09-11T10:01:06.378+0000] {dag.py:3239} INFO - Sync 1 DAGs
[2025-09-11T10:01:06.428+0000] {logging_mixin.py:190} INFO - [2025-09-11T10:01:06.427+0000] {dag.py:4180} INFO - Setting next_dagrun for latest_only_with_trigger to 2025-09-11 04:00:00+00:00, run_after=2025-09-11 08:00:00+00:00
[2025-09-11T10:01:06.474+0000] {processor.py:208} INFO - Processing /home/airflow/.local/lib/python3.12/site-packages/airflow/example_dags/example_latest_only_with_trigger.py took 0.217 seconds
[2025-09-11T10:01:36.986+0000] {processor.py:186} INFO - Started process (PID=1563) to work on /home/airflow/.local/lib/python3.12/site-packages/airflow/example_dags/example_latest_only_with_trigger.py
[2025-09-11T10:01:36.991+0000] {processor.py:914} INFO - Processing file /home/airflow/.local/lib/python3.12/site-packages/airflow/example_dags/example_latest_only_with_trigger.py for tasks to queue
[2025-09-11T10:01:37.004+0000] {logging_mixin.py:190} INFO - [2025-09-11T10:01:37.003+0000] {dagbag.py:588} INFO - Filling up the DagBag from /home/airflow/.local/lib/python3.12/site-packages/airflow/example_dags/example_latest_only_with_trigger.py
[2025-09-11T10:01:37.052+0000] {processor.py:925} INFO - DAG(s) 'latest_only_with_trigger' retrieved from /home/airflow/.local/lib/python3.12/site-packages/airflow/example_dags/example_latest_only_with_trigger.py
[2025-09-11T10:01:37.134+0000] {logging_mixin.py:190} INFO - [2025-09-11T10:01:37.133+0000] {dag.py:3239} INFO - Sync 1 DAGs
[2025-09-11T10:01:37.206+0000] {logging_mixin.py:190} INFO - [2025-09-11T10:01:37.206+0000] {dag.py:4180} INFO - Setting next_dagrun for latest_only_with_trigger to 2025-09-11 04:00:00+00:00, run_after=2025-09-11 08:00:00+00:00
[2025-09-11T10:01:37.257+0000] {processor.py:208} INFO - Processing /home/airflow/.local/lib/python3.12/site-packages/airflow/example_dags/example_latest_only_with_trigger.py took 0.292 seconds
[2025-09-11T10:02:07.464+0000] {processor.py:186} INFO - Started process (PID=1625) to work on /home/airflow/.local/lib/python3.12/site-packages/airflow/example_dags/example_latest_only_with_trigger.py
[2025-09-11T10:02:07.466+0000] {processor.py:914} INFO - Processing file /home/airflow/.local/lib/python3.12/site-packages/airflow/example_dags/example_latest_only_with_trigger.py for tasks to queue
[2025-09-11T10:02:07.470+0000] {logging_mixin.py:190} INFO - [2025-09-11T10:02:07.470+0000] {dagbag.py:588} INFO - Filling up the DagBag from /home/airflow/.local/lib/python3.12/site-packages/airflow/example_dags/example_latest_only_with_trigger.py
[2025-09-11T10:02:07.481+0000] {processor.py:925} INFO - DAG(s) 'latest_only_with_trigger' retrieved from /home/airflow/.local/lib/python3.12/site-packages/airflow/example_dags/example_latest_only_with_trigger.py
[2025-09-11T10:02:07.517+0000] {logging_mixin.py:190} INFO - [2025-09-11T10:02:07.516+0000] {dag.py:3239} INFO - Sync 1 DAGs
[2025-09-11T10:02:07.550+0000] {logging_mixin.py:190} INFO - [2025-09-11T10:02:07.549+0000] {dag.py:4180} INFO - Setting next_dagrun for latest_only_with_trigger to 2025-09-11 04:00:00+00:00, run_after=2025-09-11 08:00:00+00:00
[2025-09-11T10:02:07.585+0000] {processor.py:208} INFO - Processing /home/airflow/.local/lib/python3.12/site-packages/airflow/example_dags/example_latest_only_with_trigger.py took 0.129 seconds
[2025-09-11T10:02:37.846+0000] {processor.py:186} INFO - Started process (PID=1687) to work on /home/airflow/.local/lib/python3.12/site-packages/airflow/example_dags/example_latest_only_with_trigger.py
[2025-09-11T10:02:37.850+0000] {processor.py:914} INFO - Processing file /home/airflow/.local/lib/python3.12/site-packages/airflow/example_dags/example_latest_only_with_trigger.py for tasks to queue
[2025-09-11T10:02:37.860+0000] {logging_mixin.py:190} INFO - [2025-09-11T10:02:37.859+0000] {dagbag.py:588} INFO - Filling up the DagBag from /home/airflow/.local/lib/python3.12/site-packages/airflow/example_dags/example_latest_only_with_trigger.py
[2025-09-11T10:02:37.879+0000] {processor.py:925} INFO - DAG(s) 'latest_only_with_trigger' retrieved from /home/airflow/.local/lib/python3.12/site-packages/airflow/example_dags/example_latest_only_with_trigger.py
[2025-09-11T10:02:37.927+0000] {logging_mixin.py:190} INFO - [2025-09-11T10:02:37.926+0000] {dag.py:3239} INFO - Sync 1 DAGs
[2025-09-11T10:02:37.998+0000] {logging_mixin.py:190} INFO - [2025-09-11T10:02:37.998+0000] {dag.py:4180} INFO - Setting next_dagrun for latest_only_with_trigger to 2025-09-11 04:00:00+00:00, run_after=2025-09-11 08:00:00+00:00
[2025-09-11T10:02:38.072+0000] {processor.py:208} INFO - Processing /home/airflow/.local/lib/python3.12/site-packages/airflow/example_dags/example_latest_only_with_trigger.py took 0.243 seconds
[2025-09-11T10:03:09.076+0000] {processor.py:186} INFO - Started process (PID=1750) to work on /home/airflow/.local/lib/python3.12/site-packages/airflow/example_dags/example_latest_only_with_trigger.py
[2025-09-11T10:03:09.078+0000] {processor.py:914} INFO - Processing file /home/airflow/.local/lib/python3.12/site-packages/airflow/example_dags/example_latest_only_with_trigger.py for tasks to queue
[2025-09-11T10:03:09.083+0000] {logging_mixin.py:190} INFO - [2025-09-11T10:03:09.082+0000] {dagbag.py:588} INFO - Filling up the DagBag from /home/airflow/.local/lib/python3.12/site-packages/airflow/example_dags/example_latest_only_with_trigger.py
[2025-09-11T10:03:09.101+0000] {processor.py:925} INFO - DAG(s) 'latest_only_with_trigger' retrieved from /home/airflow/.local/lib/python3.12/site-packages/airflow/example_dags/example_latest_only_with_trigger.py
[2025-09-11T10:03:09.147+0000] {logging_mixin.py:190} INFO - [2025-09-11T10:03:09.147+0000] {dag.py:3239} INFO - Sync 1 DAGs
[2025-09-11T10:03:09.241+0000] {logging_mixin.py:190} INFO - [2025-09-11T10:03:09.240+0000] {dag.py:4180} INFO - Setting next_dagrun for latest_only_with_trigger to 2025-09-11 04:00:00+00:00, run_after=2025-09-11 08:00:00+00:00
[2025-09-11T10:03:09.332+0000] {processor.py:208} INFO - Processing /home/airflow/.local/lib/python3.12/site-packages/airflow/example_dags/example_latest_only_with_trigger.py took 0.273 seconds
[2025-09-11T10:03:39.437+0000] {processor.py:186} INFO - Started process (PID=1813) to work on /home/airflow/.local/lib/python3.12/site-packages/airflow/example_dags/example_latest_only_with_trigger.py
[2025-09-11T10:03:39.441+0000] {processor.py:914} INFO - Processing file /home/airflow/.local/lib/python3.12/site-packages/airflow/example_dags/example_latest_only_with_trigger.py for tasks to queue
[2025-09-11T10:03:39.446+0000] {logging_mixin.py:190} INFO - [2025-09-11T10:03:39.445+0000] {dagbag.py:588} INFO - Filling up the DagBag from /home/airflow/.local/lib/python3.12/site-packages/airflow/example_dags/example_latest_only_with_trigger.py
[2025-09-11T10:03:39.465+0000] {processor.py:925} INFO - DAG(s) 'latest_only_with_trigger' retrieved from /home/airflow/.local/lib/python3.12/site-packages/airflow/example_dags/example_latest_only_with_trigger.py
[2025-09-11T10:03:39.529+0000] {logging_mixin.py:190} INFO - [2025-09-11T10:03:39.528+0000] {dag.py:3239} INFO - Sync 1 DAGs
[2025-09-11T10:03:39.602+0000] {logging_mixin.py:190} INFO - [2025-09-11T10:03:39.602+0000] {dag.py:4180} INFO - Setting next_dagrun for latest_only_with_trigger to 2025-09-11 04:00:00+00:00, run_after=2025-09-11 08:00:00+00:00
[2025-09-11T10:03:39.648+0000] {processor.py:208} INFO - Processing /home/airflow/.local/lib/python3.12/site-packages/airflow/example_dags/example_latest_only_with_trigger.py took 0.223 seconds
[2025-09-11T10:04:09.719+0000] {processor.py:186} INFO - Started process (PID=1875) to work on /home/airflow/.local/lib/python3.12/site-packages/airflow/example_dags/example_latest_only_with_trigger.py
[2025-09-11T10:04:09.725+0000] {processor.py:914} INFO - Processing file /home/airflow/.local/lib/python3.12/site-packages/airflow/example_dags/example_latest_only_with_trigger.py for tasks to queue
[2025-09-11T10:04:09.732+0000] {logging_mixin.py:190} INFO - [2025-09-11T10:04:09.731+0000] {dagbag.py:588} INFO - Filling up the DagBag from /home/airflow/.local/lib/python3.12/site-packages/airflow/example_dags/example_latest_only_with_trigger.py
[2025-09-11T10:04:09.765+0000] {processor.py:925} INFO - DAG(s) 'latest_only_with_trigger' retrieved from /home/airflow/.local/lib/python3.12/site-packages/airflow/example_dags/example_latest_only_with_trigger.py
[2025-09-11T10:04:09.846+0000] {logging_mixin.py:190} INFO - [2025-09-11T10:04:09.846+0000] {dag.py:3239} INFO - Sync 1 DAGs
[2025-09-11T10:04:09.960+0000] {logging_mixin.py:190} INFO - [2025-09-11T10:04:09.960+0000] {dag.py:4180} INFO - Setting next_dagrun for latest_only_with_trigger to 2025-09-11 04:00:00+00:00, run_after=2025-09-11 08:00:00+00:00
[2025-09-11T10:04:10.056+0000] {processor.py:208} INFO - Processing /home/airflow/.local/lib/python3.12/site-packages/airflow/example_dags/example_latest_only_with_trigger.py took 0.348 seconds
[2025-09-11T10:04:40.332+0000] {processor.py:186} INFO - Started process (PID=1938) to work on /home/airflow/.local/lib/python3.12/site-packages/airflow/example_dags/example_latest_only_with_trigger.py
[2025-09-11T10:04:40.333+0000] {processor.py:914} INFO - Processing file /home/airflow/.local/lib/python3.12/site-packages/airflow/example_dags/example_latest_only_with_trigger.py for tasks to queue
[2025-09-11T10:04:40.339+0000] {logging_mixin.py:190} INFO - [2025-09-11T10:04:40.338+0000] {dagbag.py:588} INFO - Filling up the DagBag from /home/airflow/.local/lib/python3.12/site-packages/airflow/example_dags/example_latest_only_with_trigger.py
[2025-09-11T10:04:40.359+0000] {processor.py:925} INFO - DAG(s) 'latest_only_with_trigger' retrieved from /home/airflow/.local/lib/python3.12/site-packages/airflow/example_dags/example_latest_only_with_trigger.py
[2025-09-11T10:04:40.417+0000] {logging_mixin.py:190} INFO - [2025-09-11T10:04:40.417+0000] {dag.py:3239} INFO - Sync 1 DAGs
[2025-09-11T10:04:40.490+0000] {logging_mixin.py:190} INFO - [2025-09-11T10:04:40.490+0000] {dag.py:4180} INFO - Setting next_dagrun for latest_only_with_trigger to 2025-09-11 04:00:00+00:00, run_after=2025-09-11 08:00:00+00:00
[2025-09-11T10:04:40.549+0000] {processor.py:208} INFO - Processing /home/airflow/.local/lib/python3.12/site-packages/airflow/example_dags/example_latest_only_with_trigger.py took 0.226 seconds
