[2025-09-11T09:49:30.432+0000] {processor.py:186} INFO - Started process (PID=87) to work on /home/airflow/.local/lib/python3.12/site-packages/airflow/example_dags/example_short_circuit_operator.py
[2025-09-11T09:49:30.436+0000] {processor.py:914} INFO - Processing file /home/airflow/.local/lib/python3.12/site-packages/airflow/example_dags/example_short_circuit_operator.py for tasks to queue
[2025-09-11T09:49:30.440+0000] {logging_mixin.py:190} INFO - [2025-09-11T09:49:30.439+0000] {dagbag.py:588} INFO - Filling up the DagBag from /home/airflow/.local/lib/python3.12/site-packages/airflow/example_dags/example_short_circuit_operator.py
[2025-09-11T09:49:30.467+0000] {processor.py:925} INFO - DAG(s) 'example_short_circuit_operator' retrieved from /home/airflow/.local/lib/python3.12/site-packages/airflow/example_dags/example_short_circuit_operator.py
[2025-09-11T09:49:30.777+0000] {logging_mixin.py:190} INFO - [2025-09-11T09:49:30.776+0000] {override.py:1912} INFO - Created Permission View: can read on DAG:example_short_circuit_operator
[2025-09-11T09:49:30.805+0000] {logging_mixin.py:190} INFO - [2025-09-11T09:49:30.804+0000] {override.py:1912} INFO - Created Permission View: can edit on DAG:example_short_circuit_operator
[2025-09-11T09:49:30.826+0000] {logging_mixin.py:190} INFO - [2025-09-11T09:49:30.825+0000] {override.py:1912} INFO - Created Permission View: can delete on DAG:example_short_circuit_operator
[2025-09-11T09:49:30.843+0000] {logging_mixin.py:190} INFO - [2025-09-11T09:49:30.841+0000] {override.py:1912} INFO - Created Permission View: can create on DAG Run:example_short_circuit_operator
[2025-09-11T09:49:30.858+0000] {logging_mixin.py:190} INFO - [2025-09-11T09:49:30.857+0000] {override.py:1912} INFO - Created Permission View: can read on DAG Run:example_short_circuit_operator
[2025-09-11T09:49:30.880+0000] {logging_mixin.py:190} INFO - [2025-09-11T09:49:30.880+0000] {override.py:1912} INFO - Created Permission View: can delete on DAG Run:example_short_circuit_operator
[2025-09-11T09:49:30.919+0000] {logging_mixin.py:190} INFO - [2025-09-11T09:49:30.919+0000] {override.py:1912} INFO - Created Permission View: menu access on DAG Run:example_short_circuit_operator
[2025-09-11T09:49:30.923+0000] {logging_mixin.py:190} INFO - [2025-09-11T09:49:30.923+0000] {dag.py:3239} INFO - Sync 1 DAGs
[2025-09-11T09:49:31.009+0000] {logging_mixin.py:190} INFO - [2025-09-11T09:49:31.008+0000] {dag.py:3262} INFO - Creating ORM DAG for example_short_circuit_operator
[2025-09-11T09:49:31.012+0000] {logging_mixin.py:190} INFO - [2025-09-11T09:49:31.012+0000] {dag.py:4180} INFO - Setting next_dagrun for example_short_circuit_operator to None, run_after=None
[2025-09-11T09:49:31.085+0000] {processor.py:208} INFO - Processing /home/airflow/.local/lib/python3.12/site-packages/airflow/example_dags/example_short_circuit_operator.py took 0.664 seconds
[2025-09-11T09:50:01.735+0000] {processor.py:186} INFO - Started process (PID=149) to work on /home/airflow/.local/lib/python3.12/site-packages/airflow/example_dags/example_short_circuit_operator.py
[2025-09-11T09:50:01.737+0000] {processor.py:914} INFO - Processing file /home/airflow/.local/lib/python3.12/site-packages/airflow/example_dags/example_short_circuit_operator.py for tasks to queue
[2025-09-11T09:50:01.746+0000] {logging_mixin.py:190} INFO - [2025-09-11T09:50:01.745+0000] {dagbag.py:588} INFO - Filling up the DagBag from /home/airflow/.local/lib/python3.12/site-packages/airflow/example_dags/example_short_circuit_operator.py
[2025-09-11T09:50:01.771+0000] {processor.py:925} INFO - DAG(s) 'example_short_circuit_operator' retrieved from /home/airflow/.local/lib/python3.12/site-packages/airflow/example_dags/example_short_circuit_operator.py
[2025-09-11T09:50:01.832+0000] {logging_mixin.py:190} INFO - [2025-09-11T09:50:01.832+0000] {dag.py:3239} INFO - Sync 1 DAGs
[2025-09-11T09:50:01.887+0000] {logging_mixin.py:190} INFO - [2025-09-11T09:50:01.886+0000] {dag.py:4180} INFO - Setting next_dagrun for example_short_circuit_operator to None, run_after=None
[2025-09-11T09:50:01.971+0000] {processor.py:208} INFO - Processing /home/airflow/.local/lib/python3.12/site-packages/airflow/example_dags/example_short_circuit_operator.py took 0.254 seconds
[2025-09-11T09:50:32.463+0000] {processor.py:186} INFO - Started process (PID=213) to work on /home/airflow/.local/lib/python3.12/site-packages/airflow/example_dags/example_short_circuit_operator.py
[2025-09-11T09:50:32.468+0000] {processor.py:914} INFO - Processing file /home/airflow/.local/lib/python3.12/site-packages/airflow/example_dags/example_short_circuit_operator.py for tasks to queue
[2025-09-11T09:50:32.477+0000] {logging_mixin.py:190} INFO - [2025-09-11T09:50:32.476+0000] {dagbag.py:588} INFO - Filling up the DagBag from /home/airflow/.local/lib/python3.12/site-packages/airflow/example_dags/example_short_circuit_operator.py
[2025-09-11T09:50:32.502+0000] {processor.py:925} INFO - DAG(s) 'example_short_circuit_operator' retrieved from /home/airflow/.local/lib/python3.12/site-packages/airflow/example_dags/example_short_circuit_operator.py
[2025-09-11T09:50:32.603+0000] {logging_mixin.py:190} INFO - [2025-09-11T09:50:32.603+0000] {dag.py:3239} INFO - Sync 1 DAGs
[2025-09-11T09:50:32.652+0000] {logging_mixin.py:190} INFO - [2025-09-11T09:50:32.651+0000] {dag.py:4180} INFO - Setting next_dagrun for example_short_circuit_operator to None, run_after=None
[2025-09-11T09:50:32.751+0000] {processor.py:208} INFO - Processing /home/airflow/.local/lib/python3.12/site-packages/airflow/example_dags/example_short_circuit_operator.py took 0.308 seconds
[2025-09-11T09:51:03.418+0000] {processor.py:186} INFO - Started process (PID=285) to work on /home/airflow/.local/lib/python3.12/site-packages/airflow/example_dags/example_short_circuit_operator.py
[2025-09-11T09:51:03.421+0000] {processor.py:914} INFO - Processing file /home/airflow/.local/lib/python3.12/site-packages/airflow/example_dags/example_short_circuit_operator.py for tasks to queue
[2025-09-11T09:51:03.427+0000] {logging_mixin.py:190} INFO - [2025-09-11T09:51:03.426+0000] {dagbag.py:588} INFO - Filling up the DagBag from /home/airflow/.local/lib/python3.12/site-packages/airflow/example_dags/example_short_circuit_operator.py
[2025-09-11T09:51:03.443+0000] {processor.py:925} INFO - DAG(s) 'example_short_circuit_operator' retrieved from /home/airflow/.local/lib/python3.12/site-packages/airflow/example_dags/example_short_circuit_operator.py
[2025-09-11T09:51:03.482+0000] {logging_mixin.py:190} INFO - [2025-09-11T09:51:03.481+0000] {dag.py:3239} INFO - Sync 1 DAGs
[2025-09-11T09:51:03.512+0000] {logging_mixin.py:190} INFO - [2025-09-11T09:51:03.512+0000] {dag.py:4180} INFO - Setting next_dagrun for example_short_circuit_operator to None, run_after=None
[2025-09-11T09:51:03.560+0000] {processor.py:208} INFO - Processing /home/airflow/.local/lib/python3.12/site-packages/airflow/example_dags/example_short_circuit_operator.py took 0.158 seconds
[2025-09-11T09:51:34.076+0000] {processor.py:186} INFO - Started process (PID=348) to work on /home/airflow/.local/lib/python3.12/site-packages/airflow/example_dags/example_short_circuit_operator.py
[2025-09-11T09:51:34.078+0000] {processor.py:914} INFO - Processing file /home/airflow/.local/lib/python3.12/site-packages/airflow/example_dags/example_short_circuit_operator.py for tasks to queue
[2025-09-11T09:51:34.085+0000] {logging_mixin.py:190} INFO - [2025-09-11T09:51:34.084+0000] {dagbag.py:588} INFO - Filling up the DagBag from /home/airflow/.local/lib/python3.12/site-packages/airflow/example_dags/example_short_circuit_operator.py
[2025-09-11T09:51:34.105+0000] {processor.py:925} INFO - DAG(s) 'example_short_circuit_operator' retrieved from /home/airflow/.local/lib/python3.12/site-packages/airflow/example_dags/example_short_circuit_operator.py
[2025-09-11T09:51:34.144+0000] {logging_mixin.py:190} INFO - [2025-09-11T09:51:34.144+0000] {dag.py:3239} INFO - Sync 1 DAGs
[2025-09-11T09:51:34.168+0000] {logging_mixin.py:190} INFO - [2025-09-11T09:51:34.168+0000] {dag.py:4180} INFO - Setting next_dagrun for example_short_circuit_operator to None, run_after=None
[2025-09-11T09:51:34.196+0000] {processor.py:208} INFO - Processing /home/airflow/.local/lib/python3.12/site-packages/airflow/example_dags/example_short_circuit_operator.py took 0.133 seconds
[2025-09-11T09:52:04.839+0000] {processor.py:186} INFO - Started process (PID=411) to work on /home/airflow/.local/lib/python3.12/site-packages/airflow/example_dags/example_short_circuit_operator.py
[2025-09-11T09:52:04.841+0000] {processor.py:914} INFO - Processing file /home/airflow/.local/lib/python3.12/site-packages/airflow/example_dags/example_short_circuit_operator.py for tasks to queue
[2025-09-11T09:52:04.845+0000] {logging_mixin.py:190} INFO - [2025-09-11T09:52:04.845+0000] {dagbag.py:588} INFO - Filling up the DagBag from /home/airflow/.local/lib/python3.12/site-packages/airflow/example_dags/example_short_circuit_operator.py
[2025-09-11T09:52:04.859+0000] {processor.py:925} INFO - DAG(s) 'example_short_circuit_operator' retrieved from /home/airflow/.local/lib/python3.12/site-packages/airflow/example_dags/example_short_circuit_operator.py
[2025-09-11T09:52:04.898+0000] {logging_mixin.py:190} INFO - [2025-09-11T09:52:04.897+0000] {dag.py:3239} INFO - Sync 1 DAGs
[2025-09-11T09:52:04.926+0000] {logging_mixin.py:190} INFO - [2025-09-11T09:52:04.925+0000] {dag.py:4180} INFO - Setting next_dagrun for example_short_circuit_operator to None, run_after=None
[2025-09-11T09:52:04.955+0000] {processor.py:208} INFO - Processing /home/airflow/.local/lib/python3.12/site-packages/airflow/example_dags/example_short_circuit_operator.py took 0.124 seconds
[2025-09-11T09:52:35.649+0000] {processor.py:186} INFO - Started process (PID=474) to work on /home/airflow/.local/lib/python3.12/site-packages/airflow/example_dags/example_short_circuit_operator.py
[2025-09-11T09:52:35.651+0000] {processor.py:914} INFO - Processing file /home/airflow/.local/lib/python3.12/site-packages/airflow/example_dags/example_short_circuit_operator.py for tasks to queue
[2025-09-11T09:52:35.658+0000] {logging_mixin.py:190} INFO - [2025-09-11T09:52:35.657+0000] {dagbag.py:588} INFO - Filling up the DagBag from /home/airflow/.local/lib/python3.12/site-packages/airflow/example_dags/example_short_circuit_operator.py
[2025-09-11T09:52:35.764+0000] {processor.py:925} INFO - DAG(s) 'example_short_circuit_operator' retrieved from /home/airflow/.local/lib/python3.12/site-packages/airflow/example_dags/example_short_circuit_operator.py
[2025-09-11T09:52:35.882+0000] {logging_mixin.py:190} INFO - [2025-09-11T09:52:35.881+0000] {dag.py:3239} INFO - Sync 1 DAGs
[2025-09-11T09:52:35.968+0000] {logging_mixin.py:190} INFO - [2025-09-11T09:52:35.967+0000] {dag.py:4180} INFO - Setting next_dagrun for example_short_circuit_operator to None, run_after=None
[2025-09-11T09:52:36.022+0000] {processor.py:208} INFO - Processing /home/airflow/.local/lib/python3.12/site-packages/airflow/example_dags/example_short_circuit_operator.py took 0.386 seconds
[2025-09-11T09:53:06.709+0000] {processor.py:186} INFO - Started process (PID=537) to work on /home/airflow/.local/lib/python3.12/site-packages/airflow/example_dags/example_short_circuit_operator.py
[2025-09-11T09:53:06.712+0000] {processor.py:914} INFO - Processing file /home/airflow/.local/lib/python3.12/site-packages/airflow/example_dags/example_short_circuit_operator.py for tasks to queue
[2025-09-11T09:53:06.718+0000] {logging_mixin.py:190} INFO - [2025-09-11T09:53:06.717+0000] {dagbag.py:588} INFO - Filling up the DagBag from /home/airflow/.local/lib/python3.12/site-packages/airflow/example_dags/example_short_circuit_operator.py
[2025-09-11T09:53:06.741+0000] {processor.py:925} INFO - DAG(s) 'example_short_circuit_operator' retrieved from /home/airflow/.local/lib/python3.12/site-packages/airflow/example_dags/example_short_circuit_operator.py
[2025-09-11T09:53:06.807+0000] {logging_mixin.py:190} INFO - [2025-09-11T09:53:06.807+0000] {dag.py:3239} INFO - Sync 1 DAGs
[2025-09-11T09:53:06.888+0000] {logging_mixin.py:190} INFO - [2025-09-11T09:53:06.888+0000] {dag.py:4180} INFO - Setting next_dagrun for example_short_circuit_operator to None, run_after=None
[2025-09-11T09:53:06.968+0000] {processor.py:208} INFO - Processing /home/airflow/.local/lib/python3.12/site-packages/airflow/example_dags/example_short_circuit_operator.py took 0.282 seconds
[2025-09-11T09:53:39.797+0000] {processor.py:186} INFO - Started process (PID=600) to work on /home/airflow/.local/lib/python3.12/site-packages/airflow/example_dags/example_short_circuit_operator.py
[2025-09-11T09:53:39.802+0000] {processor.py:914} INFO - Processing file /home/airflow/.local/lib/python3.12/site-packages/airflow/example_dags/example_short_circuit_operator.py for tasks to queue
[2025-09-11T09:53:39.813+0000] {logging_mixin.py:190} INFO - [2025-09-11T09:53:39.812+0000] {dagbag.py:588} INFO - Filling up the DagBag from /home/airflow/.local/lib/python3.12/site-packages/airflow/example_dags/example_short_circuit_operator.py
[2025-09-11T09:53:39.859+0000] {processor.py:925} INFO - DAG(s) 'example_short_circuit_operator' retrieved from /home/airflow/.local/lib/python3.12/site-packages/airflow/example_dags/example_short_circuit_operator.py
[2025-09-11T09:53:39.954+0000] {logging_mixin.py:190} INFO - [2025-09-11T09:53:39.953+0000] {dag.py:3239} INFO - Sync 1 DAGs
[2025-09-11T09:53:40.020+0000] {logging_mixin.py:190} INFO - [2025-09-11T09:53:40.019+0000] {dag.py:4180} INFO - Setting next_dagrun for example_short_circuit_operator to None, run_after=None
[2025-09-11T09:53:40.111+0000] {processor.py:208} INFO - Processing /home/airflow/.local/lib/python3.12/site-packages/airflow/example_dags/example_short_circuit_operator.py took 0.357 seconds
[2025-09-11T09:54:10.585+0000] {processor.py:186} INFO - Started process (PID=651) to work on /home/airflow/.local/lib/python3.12/site-packages/airflow/example_dags/example_short_circuit_operator.py
[2025-09-11T09:54:10.588+0000] {processor.py:914} INFO - Processing file /home/airflow/.local/lib/python3.12/site-packages/airflow/example_dags/example_short_circuit_operator.py for tasks to queue
[2025-09-11T09:54:10.604+0000] {logging_mixin.py:190} INFO - [2025-09-11T09:54:10.603+0000] {dagbag.py:588} INFO - Filling up the DagBag from /home/airflow/.local/lib/python3.12/site-packages/airflow/example_dags/example_short_circuit_operator.py
[2025-09-11T09:54:10.652+0000] {processor.py:925} INFO - DAG(s) 'example_short_circuit_operator' retrieved from /home/airflow/.local/lib/python3.12/site-packages/airflow/example_dags/example_short_circuit_operator.py
[2025-09-11T09:54:10.775+0000] {logging_mixin.py:190} INFO - [2025-09-11T09:54:10.774+0000] {dag.py:3239} INFO - Sync 1 DAGs
[2025-09-11T09:54:10.855+0000] {logging_mixin.py:190} INFO - [2025-09-11T09:54:10.855+0000] {dag.py:4180} INFO - Setting next_dagrun for example_short_circuit_operator to None, run_after=None
[2025-09-11T09:54:10.961+0000] {processor.py:208} INFO - Processing /home/airflow/.local/lib/python3.12/site-packages/airflow/example_dags/example_short_circuit_operator.py took 0.409 seconds
[2025-09-11T09:54:41.175+0000] {processor.py:186} INFO - Started process (PID=714) to work on /home/airflow/.local/lib/python3.12/site-packages/airflow/example_dags/example_short_circuit_operator.py
[2025-09-11T09:54:41.180+0000] {processor.py:914} INFO - Processing file /home/airflow/.local/lib/python3.12/site-packages/airflow/example_dags/example_short_circuit_operator.py for tasks to queue
[2025-09-11T09:54:41.184+0000] {logging_mixin.py:190} INFO - [2025-09-11T09:54:41.184+0000] {dagbag.py:588} INFO - Filling up the DagBag from /home/airflow/.local/lib/python3.12/site-packages/airflow/example_dags/example_short_circuit_operator.py
[2025-09-11T09:54:41.207+0000] {processor.py:925} INFO - DAG(s) 'example_short_circuit_operator' retrieved from /home/airflow/.local/lib/python3.12/site-packages/airflow/example_dags/example_short_circuit_operator.py
[2025-09-11T09:54:41.273+0000] {logging_mixin.py:190} INFO - [2025-09-11T09:54:41.273+0000] {dag.py:3239} INFO - Sync 1 DAGs
[2025-09-11T09:54:41.315+0000] {logging_mixin.py:190} INFO - [2025-09-11T09:54:41.315+0000] {dag.py:4180} INFO - Setting next_dagrun for example_short_circuit_operator to None, run_after=None
[2025-09-11T09:54:41.366+0000] {processor.py:208} INFO - Processing /home/airflow/.local/lib/python3.12/site-packages/airflow/example_dags/example_short_circuit_operator.py took 0.209 seconds
[2025-09-11T09:55:11.997+0000] {processor.py:186} INFO - Started process (PID=775) to work on /home/airflow/.local/lib/python3.12/site-packages/airflow/example_dags/example_short_circuit_operator.py
[2025-09-11T09:55:12.026+0000] {processor.py:914} INFO - Processing file /home/airflow/.local/lib/python3.12/site-packages/airflow/example_dags/example_short_circuit_operator.py for tasks to queue
[2025-09-11T09:55:12.033+0000] {logging_mixin.py:190} INFO - [2025-09-11T09:55:12.032+0000] {dagbag.py:588} INFO - Filling up the DagBag from /home/airflow/.local/lib/python3.12/site-packages/airflow/example_dags/example_short_circuit_operator.py
[2025-09-11T09:55:12.060+0000] {processor.py:925} INFO - DAG(s) 'example_short_circuit_operator' retrieved from /home/airflow/.local/lib/python3.12/site-packages/airflow/example_dags/example_short_circuit_operator.py
[2025-09-11T09:55:12.163+0000] {logging_mixin.py:190} INFO - [2025-09-11T09:55:12.152+0000] {dag.py:3239} INFO - Sync 1 DAGs
[2025-09-11T09:55:12.297+0000] {logging_mixin.py:190} INFO - [2025-09-11T09:55:12.295+0000] {dag.py:4180} INFO - Setting next_dagrun for example_short_circuit_operator to None, run_after=None
[2025-09-11T09:55:12.386+0000] {processor.py:208} INFO - Processing /home/airflow/.local/lib/python3.12/site-packages/airflow/example_dags/example_short_circuit_operator.py took 0.411 seconds
[2025-09-11T09:55:42.535+0000] {processor.py:186} INFO - Started process (PID=837) to work on /home/airflow/.local/lib/python3.12/site-packages/airflow/example_dags/example_short_circuit_operator.py
[2025-09-11T09:55:42.548+0000] {processor.py:914} INFO - Processing file /home/airflow/.local/lib/python3.12/site-packages/airflow/example_dags/example_short_circuit_operator.py for tasks to queue
[2025-09-11T09:55:42.564+0000] {logging_mixin.py:190} INFO - [2025-09-11T09:55:42.563+0000] {dagbag.py:588} INFO - Filling up the DagBag from /home/airflow/.local/lib/python3.12/site-packages/airflow/example_dags/example_short_circuit_operator.py
[2025-09-11T09:55:42.607+0000] {processor.py:925} INFO - DAG(s) 'example_short_circuit_operator' retrieved from /home/airflow/.local/lib/python3.12/site-packages/airflow/example_dags/example_short_circuit_operator.py
[2025-09-11T09:55:42.771+0000] {logging_mixin.py:190} INFO - [2025-09-11T09:55:42.770+0000] {dag.py:3239} INFO - Sync 1 DAGs
[2025-09-11T09:55:42.866+0000] {logging_mixin.py:190} INFO - [2025-09-11T09:55:42.864+0000] {dag.py:4180} INFO - Setting next_dagrun for example_short_circuit_operator to None, run_after=None
[2025-09-11T09:55:42.940+0000] {processor.py:208} INFO - Processing /home/airflow/.local/lib/python3.12/site-packages/airflow/example_dags/example_short_circuit_operator.py took 0.440 seconds
[2025-09-11T09:56:13.072+0000] {processor.py:186} INFO - Started process (PID=899) to work on /home/airflow/.local/lib/python3.12/site-packages/airflow/example_dags/example_short_circuit_operator.py
[2025-09-11T09:56:13.074+0000] {processor.py:914} INFO - Processing file /home/airflow/.local/lib/python3.12/site-packages/airflow/example_dags/example_short_circuit_operator.py for tasks to queue
[2025-09-11T09:56:13.079+0000] {logging_mixin.py:190} INFO - [2025-09-11T09:56:13.078+0000] {dagbag.py:588} INFO - Filling up the DagBag from /home/airflow/.local/lib/python3.12/site-packages/airflow/example_dags/example_short_circuit_operator.py
[2025-09-11T09:56:13.095+0000] {processor.py:925} INFO - DAG(s) 'example_short_circuit_operator' retrieved from /home/airflow/.local/lib/python3.12/site-packages/airflow/example_dags/example_short_circuit_operator.py
[2025-09-11T09:56:13.158+0000] {logging_mixin.py:190} INFO - [2025-09-11T09:56:13.158+0000] {dag.py:3239} INFO - Sync 1 DAGs
[2025-09-11T09:56:13.194+0000] {logging_mixin.py:190} INFO - [2025-09-11T09:56:13.194+0000] {dag.py:4180} INFO - Setting next_dagrun for example_short_circuit_operator to None, run_after=None
[2025-09-11T09:56:13.241+0000] {processor.py:208} INFO - Processing /home/airflow/.local/lib/python3.12/site-packages/airflow/example_dags/example_short_circuit_operator.py took 0.179 seconds
[2025-09-11T09:56:43.585+0000] {processor.py:186} INFO - Started process (PID=961) to work on /home/airflow/.local/lib/python3.12/site-packages/airflow/example_dags/example_short_circuit_operator.py
[2025-09-11T09:56:43.586+0000] {processor.py:914} INFO - Processing file /home/airflow/.local/lib/python3.12/site-packages/airflow/example_dags/example_short_circuit_operator.py for tasks to queue
[2025-09-11T09:56:43.591+0000] {logging_mixin.py:190} INFO - [2025-09-11T09:56:43.590+0000] {dagbag.py:588} INFO - Filling up the DagBag from /home/airflow/.local/lib/python3.12/site-packages/airflow/example_dags/example_short_circuit_operator.py
[2025-09-11T09:56:43.606+0000] {processor.py:925} INFO - DAG(s) 'example_short_circuit_operator' retrieved from /home/airflow/.local/lib/python3.12/site-packages/airflow/example_dags/example_short_circuit_operator.py
[2025-09-11T09:56:43.653+0000] {logging_mixin.py:190} INFO - [2025-09-11T09:56:43.652+0000] {dag.py:3239} INFO - Sync 1 DAGs
[2025-09-11T09:56:43.685+0000] {logging_mixin.py:190} INFO - [2025-09-11T09:56:43.685+0000] {dag.py:4180} INFO - Setting next_dagrun for example_short_circuit_operator to None, run_after=None
[2025-09-11T09:56:43.725+0000] {processor.py:208} INFO - Processing /home/airflow/.local/lib/python3.12/site-packages/airflow/example_dags/example_short_circuit_operator.py took 0.149 seconds
[2025-09-11T09:57:14.196+0000] {processor.py:186} INFO - Started process (PID=1024) to work on /home/airflow/.local/lib/python3.12/site-packages/airflow/example_dags/example_short_circuit_operator.py
[2025-09-11T09:57:14.198+0000] {processor.py:914} INFO - Processing file /home/airflow/.local/lib/python3.12/site-packages/airflow/example_dags/example_short_circuit_operator.py for tasks to queue
[2025-09-11T09:57:14.205+0000] {logging_mixin.py:190} INFO - [2025-09-11T09:57:14.205+0000] {dagbag.py:588} INFO - Filling up the DagBag from /home/airflow/.local/lib/python3.12/site-packages/airflow/example_dags/example_short_circuit_operator.py
[2025-09-11T09:57:14.227+0000] {processor.py:925} INFO - DAG(s) 'example_short_circuit_operator' retrieved from /home/airflow/.local/lib/python3.12/site-packages/airflow/example_dags/example_short_circuit_operator.py
[2025-09-11T09:57:14.274+0000] {logging_mixin.py:190} INFO - [2025-09-11T09:57:14.274+0000] {dag.py:3239} INFO - Sync 1 DAGs
[2025-09-11T09:57:14.325+0000] {logging_mixin.py:190} INFO - [2025-09-11T09:57:14.324+0000] {dag.py:4180} INFO - Setting next_dagrun for example_short_circuit_operator to None, run_after=None
[2025-09-11T09:57:14.370+0000] {processor.py:208} INFO - Processing /home/airflow/.local/lib/python3.12/site-packages/airflow/example_dags/example_short_circuit_operator.py took 0.185 seconds
[2025-09-11T09:57:44.570+0000] {processor.py:186} INFO - Started process (PID=1086) to work on /home/airflow/.local/lib/python3.12/site-packages/airflow/example_dags/example_short_circuit_operator.py
[2025-09-11T09:57:44.573+0000] {processor.py:914} INFO - Processing file /home/airflow/.local/lib/python3.12/site-packages/airflow/example_dags/example_short_circuit_operator.py for tasks to queue
[2025-09-11T09:57:44.585+0000] {logging_mixin.py:190} INFO - [2025-09-11T09:57:44.584+0000] {dagbag.py:588} INFO - Filling up the DagBag from /home/airflow/.local/lib/python3.12/site-packages/airflow/example_dags/example_short_circuit_operator.py
[2025-09-11T09:57:44.613+0000] {processor.py:925} INFO - DAG(s) 'example_short_circuit_operator' retrieved from /home/airflow/.local/lib/python3.12/site-packages/airflow/example_dags/example_short_circuit_operator.py
[2025-09-11T09:57:44.673+0000] {logging_mixin.py:190} INFO - [2025-09-11T09:57:44.673+0000] {dag.py:3239} INFO - Sync 1 DAGs
[2025-09-11T09:57:44.728+0000] {logging_mixin.py:190} INFO - [2025-09-11T09:57:44.728+0000] {dag.py:4180} INFO - Setting next_dagrun for example_short_circuit_operator to None, run_after=None
[2025-09-11T09:57:44.834+0000] {processor.py:208} INFO - Processing /home/airflow/.local/lib/python3.12/site-packages/airflow/example_dags/example_short_circuit_operator.py took 0.276 seconds
[2025-09-11T09:58:15.432+0000] {processor.py:186} INFO - Started process (PID=1149) to work on /home/airflow/.local/lib/python3.12/site-packages/airflow/example_dags/example_short_circuit_operator.py
[2025-09-11T09:58:15.434+0000] {processor.py:914} INFO - Processing file /home/airflow/.local/lib/python3.12/site-packages/airflow/example_dags/example_short_circuit_operator.py for tasks to queue
[2025-09-11T09:58:15.440+0000] {logging_mixin.py:190} INFO - [2025-09-11T09:58:15.438+0000] {dagbag.py:588} INFO - Filling up the DagBag from /home/airflow/.local/lib/python3.12/site-packages/airflow/example_dags/example_short_circuit_operator.py
[2025-09-11T09:58:15.456+0000] {processor.py:925} INFO - DAG(s) 'example_short_circuit_operator' retrieved from /home/airflow/.local/lib/python3.12/site-packages/airflow/example_dags/example_short_circuit_operator.py
[2025-09-11T09:58:15.515+0000] {logging_mixin.py:190} INFO - [2025-09-11T09:58:15.514+0000] {dag.py:3239} INFO - Sync 1 DAGs
[2025-09-11T09:58:15.581+0000] {logging_mixin.py:190} INFO - [2025-09-11T09:58:15.581+0000] {dag.py:4180} INFO - Setting next_dagrun for example_short_circuit_operator to None, run_after=None
[2025-09-11T09:58:15.619+0000] {processor.py:208} INFO - Processing /home/airflow/.local/lib/python3.12/site-packages/airflow/example_dags/example_short_circuit_operator.py took 0.197 seconds
[2025-09-11T09:58:46.182+0000] {processor.py:186} INFO - Started process (PID=1211) to work on /home/airflow/.local/lib/python3.12/site-packages/airflow/example_dags/example_short_circuit_operator.py
[2025-09-11T09:58:46.184+0000] {processor.py:914} INFO - Processing file /home/airflow/.local/lib/python3.12/site-packages/airflow/example_dags/example_short_circuit_operator.py for tasks to queue
[2025-09-11T09:58:46.188+0000] {logging_mixin.py:190} INFO - [2025-09-11T09:58:46.188+0000] {dagbag.py:588} INFO - Filling up the DagBag from /home/airflow/.local/lib/python3.12/site-packages/airflow/example_dags/example_short_circuit_operator.py
[2025-09-11T09:58:46.213+0000] {processor.py:925} INFO - DAG(s) 'example_short_circuit_operator' retrieved from /home/airflow/.local/lib/python3.12/site-packages/airflow/example_dags/example_short_circuit_operator.py
[2025-09-11T09:58:46.283+0000] {logging_mixin.py:190} INFO - [2025-09-11T09:58:46.283+0000] {dag.py:3239} INFO - Sync 1 DAGs
[2025-09-11T09:58:46.319+0000] {logging_mixin.py:190} INFO - [2025-09-11T09:58:46.319+0000] {dag.py:4180} INFO - Setting next_dagrun for example_short_circuit_operator to None, run_after=None
[2025-09-11T09:58:46.366+0000] {processor.py:208} INFO - Processing /home/airflow/.local/lib/python3.12/site-packages/airflow/example_dags/example_short_circuit_operator.py took 0.197 seconds
[2025-09-11T09:59:16.765+0000] {processor.py:186} INFO - Started process (PID=1273) to work on /home/airflow/.local/lib/python3.12/site-packages/airflow/example_dags/example_short_circuit_operator.py
[2025-09-11T09:59:16.768+0000] {processor.py:914} INFO - Processing file /home/airflow/.local/lib/python3.12/site-packages/airflow/example_dags/example_short_circuit_operator.py for tasks to queue
[2025-09-11T09:59:16.777+0000] {logging_mixin.py:190} INFO - [2025-09-11T09:59:16.776+0000] {dagbag.py:588} INFO - Filling up the DagBag from /home/airflow/.local/lib/python3.12/site-packages/airflow/example_dags/example_short_circuit_operator.py
[2025-09-11T09:59:16.799+0000] {processor.py:925} INFO - DAG(s) 'example_short_circuit_operator' retrieved from /home/airflow/.local/lib/python3.12/site-packages/airflow/example_dags/example_short_circuit_operator.py
[2025-09-11T09:59:16.830+0000] {logging_mixin.py:190} INFO - [2025-09-11T09:59:16.830+0000] {dag.py:3239} INFO - Sync 1 DAGs
[2025-09-11T09:59:16.853+0000] {logging_mixin.py:190} INFO - [2025-09-11T09:59:16.853+0000] {dag.py:4180} INFO - Setting next_dagrun for example_short_circuit_operator to None, run_after=None
[2025-09-11T09:59:16.900+0000] {processor.py:208} INFO - Processing /home/airflow/.local/lib/python3.12/site-packages/airflow/example_dags/example_short_circuit_operator.py took 0.149 seconds
[2025-09-11T09:59:49.396+0000] {processor.py:186} INFO - Started process (PID=1342) to work on /home/airflow/.local/lib/python3.12/site-packages/airflow/example_dags/example_short_circuit_operator.py
[2025-09-11T09:59:49.402+0000] {processor.py:914} INFO - Processing file /home/airflow/.local/lib/python3.12/site-packages/airflow/example_dags/example_short_circuit_operator.py for tasks to queue
[2025-09-11T09:59:49.413+0000] {logging_mixin.py:190} INFO - [2025-09-11T09:59:49.412+0000] {dagbag.py:588} INFO - Filling up the DagBag from /home/airflow/.local/lib/python3.12/site-packages/airflow/example_dags/example_short_circuit_operator.py
[2025-09-11T09:59:49.436+0000] {processor.py:925} INFO - DAG(s) 'example_short_circuit_operator' retrieved from /home/airflow/.local/lib/python3.12/site-packages/airflow/example_dags/example_short_circuit_operator.py
[2025-09-11T09:59:49.506+0000] {logging_mixin.py:190} INFO - [2025-09-11T09:59:49.505+0000] {dag.py:3239} INFO - Sync 1 DAGs
[2025-09-11T09:59:49.561+0000] {logging_mixin.py:190} INFO - [2025-09-11T09:59:49.561+0000] {dag.py:4180} INFO - Setting next_dagrun for example_short_circuit_operator to None, run_after=None
[2025-09-11T09:59:49.604+0000] {processor.py:208} INFO - Processing /home/airflow/.local/lib/python3.12/site-packages/airflow/example_dags/example_short_circuit_operator.py took 0.223 seconds
[2025-09-11T10:00:19.703+0000] {processor.py:186} INFO - Started process (PID=1404) to work on /home/airflow/.local/lib/python3.12/site-packages/airflow/example_dags/example_short_circuit_operator.py
[2025-09-11T10:00:19.707+0000] {processor.py:914} INFO - Processing file /home/airflow/.local/lib/python3.12/site-packages/airflow/example_dags/example_short_circuit_operator.py for tasks to queue
[2025-09-11T10:00:19.712+0000] {logging_mixin.py:190} INFO - [2025-09-11T10:00:19.712+0000] {dagbag.py:588} INFO - Filling up the DagBag from /home/airflow/.local/lib/python3.12/site-packages/airflow/example_dags/example_short_circuit_operator.py
[2025-09-11T10:00:19.751+0000] {processor.py:925} INFO - DAG(s) 'example_short_circuit_operator' retrieved from /home/airflow/.local/lib/python3.12/site-packages/airflow/example_dags/example_short_circuit_operator.py
[2025-09-11T10:00:19.816+0000] {logging_mixin.py:190} INFO - [2025-09-11T10:00:19.815+0000] {dag.py:3239} INFO - Sync 1 DAGs
[2025-09-11T10:00:19.863+0000] {logging_mixin.py:190} INFO - [2025-09-11T10:00:19.862+0000] {dag.py:4180} INFO - Setting next_dagrun for example_short_circuit_operator to None, run_after=None
[2025-09-11T10:00:19.918+0000] {processor.py:208} INFO - Processing /home/airflow/.local/lib/python3.12/site-packages/airflow/example_dags/example_short_circuit_operator.py took 0.235 seconds
[2025-09-11T10:00:50.330+0000] {processor.py:186} INFO - Started process (PID=1467) to work on /home/airflow/.local/lib/python3.12/site-packages/airflow/example_dags/example_short_circuit_operator.py
[2025-09-11T10:00:50.332+0000] {processor.py:914} INFO - Processing file /home/airflow/.local/lib/python3.12/site-packages/airflow/example_dags/example_short_circuit_operator.py for tasks to queue
[2025-09-11T10:00:50.339+0000] {logging_mixin.py:190} INFO - [2025-09-11T10:00:50.338+0000] {dagbag.py:588} INFO - Filling up the DagBag from /home/airflow/.local/lib/python3.12/site-packages/airflow/example_dags/example_short_circuit_operator.py
[2025-09-11T10:00:50.364+0000] {processor.py:925} INFO - DAG(s) 'example_short_circuit_operator' retrieved from /home/airflow/.local/lib/python3.12/site-packages/airflow/example_dags/example_short_circuit_operator.py
[2025-09-11T10:00:50.418+0000] {logging_mixin.py:190} INFO - [2025-09-11T10:00:50.418+0000] {dag.py:3239} INFO - Sync 1 DAGs
[2025-09-11T10:00:50.464+0000] {logging_mixin.py:190} INFO - [2025-09-11T10:00:50.464+0000] {dag.py:4180} INFO - Setting next_dagrun for example_short_circuit_operator to None, run_after=None
[2025-09-11T10:00:50.508+0000] {processor.py:208} INFO - Processing /home/airflow/.local/lib/python3.12/site-packages/airflow/example_dags/example_short_circuit_operator.py took 0.197 seconds
[2025-09-11T10:01:21.062+0000] {processor.py:186} INFO - Started process (PID=1530) to work on /home/airflow/.local/lib/python3.12/site-packages/airflow/example_dags/example_short_circuit_operator.py
[2025-09-11T10:01:21.065+0000] {processor.py:914} INFO - Processing file /home/airflow/.local/lib/python3.12/site-packages/airflow/example_dags/example_short_circuit_operator.py for tasks to queue
[2025-09-11T10:01:21.070+0000] {logging_mixin.py:190} INFO - [2025-09-11T10:01:21.070+0000] {dagbag.py:588} INFO - Filling up the DagBag from /home/airflow/.local/lib/python3.12/site-packages/airflow/example_dags/example_short_circuit_operator.py
[2025-09-11T10:01:21.087+0000] {processor.py:925} INFO - DAG(s) 'example_short_circuit_operator' retrieved from /home/airflow/.local/lib/python3.12/site-packages/airflow/example_dags/example_short_circuit_operator.py
[2025-09-11T10:01:21.121+0000] {logging_mixin.py:190} INFO - [2025-09-11T10:01:21.120+0000] {dag.py:3239} INFO - Sync 1 DAGs
[2025-09-11T10:01:21.143+0000] {logging_mixin.py:190} INFO - [2025-09-11T10:01:21.143+0000] {dag.py:4180} INFO - Setting next_dagrun for example_short_circuit_operator to None, run_after=None
[2025-09-11T10:01:21.180+0000] {processor.py:208} INFO - Processing /home/airflow/.local/lib/python3.12/site-packages/airflow/example_dags/example_short_circuit_operator.py took 0.134 seconds
[2025-09-11T10:01:51.906+0000] {processor.py:186} INFO - Started process (PID=1593) to work on /home/airflow/.local/lib/python3.12/site-packages/airflow/example_dags/example_short_circuit_operator.py
[2025-09-11T10:01:51.914+0000] {processor.py:914} INFO - Processing file /home/airflow/.local/lib/python3.12/site-packages/airflow/example_dags/example_short_circuit_operator.py for tasks to queue
[2025-09-11T10:01:51.921+0000] {logging_mixin.py:190} INFO - [2025-09-11T10:01:51.920+0000] {dagbag.py:588} INFO - Filling up the DagBag from /home/airflow/.local/lib/python3.12/site-packages/airflow/example_dags/example_short_circuit_operator.py
[2025-09-11T10:01:51.972+0000] {processor.py:925} INFO - DAG(s) 'example_short_circuit_operator' retrieved from /home/airflow/.local/lib/python3.12/site-packages/airflow/example_dags/example_short_circuit_operator.py
[2025-09-11T10:01:52.027+0000] {logging_mixin.py:190} INFO - [2025-09-11T10:01:52.027+0000] {dag.py:3239} INFO - Sync 1 DAGs
[2025-09-11T10:01:52.076+0000] {logging_mixin.py:190} INFO - [2025-09-11T10:01:52.076+0000] {dag.py:4180} INFO - Setting next_dagrun for example_short_circuit_operator to None, run_after=None
[2025-09-11T10:01:52.120+0000] {processor.py:208} INFO - Processing /home/airflow/.local/lib/python3.12/site-packages/airflow/example_dags/example_short_circuit_operator.py took 0.234 seconds
[2025-09-11T10:02:22.736+0000] {processor.py:186} INFO - Started process (PID=1656) to work on /home/airflow/.local/lib/python3.12/site-packages/airflow/example_dags/example_short_circuit_operator.py
[2025-09-11T10:02:22.743+0000] {processor.py:914} INFO - Processing file /home/airflow/.local/lib/python3.12/site-packages/airflow/example_dags/example_short_circuit_operator.py for tasks to queue
[2025-09-11T10:02:22.753+0000] {logging_mixin.py:190} INFO - [2025-09-11T10:02:22.753+0000] {dagbag.py:588} INFO - Filling up the DagBag from /home/airflow/.local/lib/python3.12/site-packages/airflow/example_dags/example_short_circuit_operator.py
[2025-09-11T10:02:22.791+0000] {processor.py:925} INFO - DAG(s) 'example_short_circuit_operator' retrieved from /home/airflow/.local/lib/python3.12/site-packages/airflow/example_dags/example_short_circuit_operator.py
[2025-09-11T10:02:22.884+0000] {logging_mixin.py:190} INFO - [2025-09-11T10:02:22.883+0000] {dag.py:3239} INFO - Sync 1 DAGs
[2025-09-11T10:02:22.987+0000] {logging_mixin.py:190} INFO - [2025-09-11T10:02:22.986+0000] {dag.py:4180} INFO - Setting next_dagrun for example_short_circuit_operator to None, run_after=None
[2025-09-11T10:02:23.088+0000] {processor.py:208} INFO - Processing /home/airflow/.local/lib/python3.12/site-packages/airflow/example_dags/example_short_circuit_operator.py took 0.375 seconds
[2025-09-11T10:02:53.495+0000] {processor.py:186} INFO - Started process (PID=1719) to work on /home/airflow/.local/lib/python3.12/site-packages/airflow/example_dags/example_short_circuit_operator.py
[2025-09-11T10:02:53.515+0000] {processor.py:914} INFO - Processing file /home/airflow/.local/lib/python3.12/site-packages/airflow/example_dags/example_short_circuit_operator.py for tasks to queue
[2025-09-11T10:02:53.523+0000] {logging_mixin.py:190} INFO - [2025-09-11T10:02:53.522+0000] {dagbag.py:588} INFO - Filling up the DagBag from /home/airflow/.local/lib/python3.12/site-packages/airflow/example_dags/example_short_circuit_operator.py
[2025-09-11T10:02:53.576+0000] {processor.py:925} INFO - DAG(s) 'example_short_circuit_operator' retrieved from /home/airflow/.local/lib/python3.12/site-packages/airflow/example_dags/example_short_circuit_operator.py
[2025-09-11T10:02:53.677+0000] {logging_mixin.py:190} INFO - [2025-09-11T10:02:53.676+0000] {dag.py:3239} INFO - Sync 1 DAGs
[2025-09-11T10:02:53.740+0000] {logging_mixin.py:190} INFO - [2025-09-11T10:02:53.740+0000] {dag.py:4180} INFO - Setting next_dagrun for example_short_circuit_operator to None, run_after=None
[2025-09-11T10:02:53.829+0000] {processor.py:208} INFO - Processing /home/airflow/.local/lib/python3.12/site-packages/airflow/example_dags/example_short_circuit_operator.py took 0.355 seconds
[2025-09-11T10:03:24.159+0000] {processor.py:186} INFO - Started process (PID=1783) to work on /home/airflow/.local/lib/python3.12/site-packages/airflow/example_dags/example_short_circuit_operator.py
[2025-09-11T10:03:24.161+0000] {processor.py:914} INFO - Processing file /home/airflow/.local/lib/python3.12/site-packages/airflow/example_dags/example_short_circuit_operator.py for tasks to queue
[2025-09-11T10:03:24.167+0000] {logging_mixin.py:190} INFO - [2025-09-11T10:03:24.167+0000] {dagbag.py:588} INFO - Filling up the DagBag from /home/airflow/.local/lib/python3.12/site-packages/airflow/example_dags/example_short_circuit_operator.py
[2025-09-11T10:03:24.202+0000] {processor.py:925} INFO - DAG(s) 'example_short_circuit_operator' retrieved from /home/airflow/.local/lib/python3.12/site-packages/airflow/example_dags/example_short_circuit_operator.py
[2025-09-11T10:03:24.266+0000] {logging_mixin.py:190} INFO - [2025-09-11T10:03:24.266+0000] {dag.py:3239} INFO - Sync 1 DAGs
[2025-09-11T10:03:24.319+0000] {logging_mixin.py:190} INFO - [2025-09-11T10:03:24.318+0000] {dag.py:4180} INFO - Setting next_dagrun for example_short_circuit_operator to None, run_after=None
[2025-09-11T10:03:24.374+0000] {processor.py:208} INFO - Processing /home/airflow/.local/lib/python3.12/site-packages/airflow/example_dags/example_short_circuit_operator.py took 0.238 seconds
[2025-09-11T10:03:54.877+0000] {processor.py:186} INFO - Started process (PID=1846) to work on /home/airflow/.local/lib/python3.12/site-packages/airflow/example_dags/example_short_circuit_operator.py
[2025-09-11T10:03:54.882+0000] {processor.py:914} INFO - Processing file /home/airflow/.local/lib/python3.12/site-packages/airflow/example_dags/example_short_circuit_operator.py for tasks to queue
[2025-09-11T10:03:54.890+0000] {logging_mixin.py:190} INFO - [2025-09-11T10:03:54.889+0000] {dagbag.py:588} INFO - Filling up the DagBag from /home/airflow/.local/lib/python3.12/site-packages/airflow/example_dags/example_short_circuit_operator.py
[2025-09-11T10:03:54.915+0000] {processor.py:925} INFO - DAG(s) 'example_short_circuit_operator' retrieved from /home/airflow/.local/lib/python3.12/site-packages/airflow/example_dags/example_short_circuit_operator.py
[2025-09-11T10:03:54.974+0000] {logging_mixin.py:190} INFO - [2025-09-11T10:03:54.974+0000] {dag.py:3239} INFO - Sync 1 DAGs
[2025-09-11T10:03:55.016+0000] {logging_mixin.py:190} INFO - [2025-09-11T10:03:55.016+0000] {dag.py:4180} INFO - Setting next_dagrun for example_short_circuit_operator to None, run_after=None
[2025-09-11T10:03:55.082+0000] {processor.py:208} INFO - Processing /home/airflow/.local/lib/python3.12/site-packages/airflow/example_dags/example_short_circuit_operator.py took 0.229 seconds
[2025-09-11T10:04:25.786+0000] {processor.py:186} INFO - Started process (PID=1909) to work on /home/airflow/.local/lib/python3.12/site-packages/airflow/example_dags/example_short_circuit_operator.py
[2025-09-11T10:04:25.788+0000] {processor.py:914} INFO - Processing file /home/airflow/.local/lib/python3.12/site-packages/airflow/example_dags/example_short_circuit_operator.py for tasks to queue
[2025-09-11T10:04:25.800+0000] {logging_mixin.py:190} INFO - [2025-09-11T10:04:25.799+0000] {dagbag.py:588} INFO - Filling up the DagBag from /home/airflow/.local/lib/python3.12/site-packages/airflow/example_dags/example_short_circuit_operator.py
[2025-09-11T10:04:25.824+0000] {processor.py:925} INFO - DAG(s) 'example_short_circuit_operator' retrieved from /home/airflow/.local/lib/python3.12/site-packages/airflow/example_dags/example_short_circuit_operator.py
[2025-09-11T10:04:25.870+0000] {logging_mixin.py:190} INFO - [2025-09-11T10:04:25.869+0000] {dag.py:3239} INFO - Sync 1 DAGs
[2025-09-11T10:04:25.901+0000] {logging_mixin.py:190} INFO - [2025-09-11T10:04:25.901+0000] {dag.py:4180} INFO - Setting next_dagrun for example_short_circuit_operator to None, run_after=None
[2025-09-11T10:04:25.950+0000] {processor.py:208} INFO - Processing /home/airflow/.local/lib/python3.12/site-packages/airflow/example_dags/example_short_circuit_operator.py took 0.181 seconds
