[2025-09-11T09:49:54.895+0000] {processor.py:186} INFO - Started process (PID=135) to work on /home/airflow/.local/lib/python3.12/site-packages/airflow/example_dags/example_dag_decorator.py
[2025-09-11T09:49:54.897+0000] {processor.py:914} INFO - Processing file /home/airflow/.local/lib/python3.12/site-packages/airflow/example_dags/example_dag_decorator.py for tasks to queue
[2025-09-11T09:49:54.905+0000] {logging_mixin.py:190} INFO - [2025-09-11T09:49:54.904+0000] {dagbag.py:588} INFO - Filling up the DagBag from /home/airflow/.local/lib/python3.12/site-packages/airflow/example_dags/example_dag_decorator.py
[2025-09-11T09:49:56.352+0000] {processor.py:925} INFO - DAG(s) 'example_dag_decorator' retrieved from /home/airflow/.local/lib/python3.12/site-packages/airflow/example_dags/example_dag_decorator.py
[2025-09-11T09:49:56.675+0000] {logging_mixin.py:190} INFO - [2025-09-11T09:49:56.674+0000] {override.py:1912} INFO - Created Permission View: can read on DAG:example_dag_decorator
[2025-09-11T09:49:56.708+0000] {logging_mixin.py:190} INFO - [2025-09-11T09:49:56.707+0000] {override.py:1912} INFO - Created Permission View: can edit on DAG:example_dag_decorator
[2025-09-11T09:49:56.732+0000] {logging_mixin.py:190} INFO - [2025-09-11T09:49:56.731+0000] {override.py:1912} INFO - Created Permission View: can delete on DAG:example_dag_decorator
[2025-09-11T09:49:56.785+0000] {logging_mixin.py:190} INFO - [2025-09-11T09:49:56.784+0000] {override.py:1912} INFO - Created Permission View: can create on DAG Run:example_dag_decorator
[2025-09-11T09:49:56.812+0000] {logging_mixin.py:190} INFO - [2025-09-11T09:49:56.811+0000] {override.py:1912} INFO - Created Permission View: can read on DAG Run:example_dag_decorator
[2025-09-11T09:49:56.843+0000] {logging_mixin.py:190} INFO - [2025-09-11T09:49:56.842+0000] {override.py:1912} INFO - Created Permission View: can delete on DAG Run:example_dag_decorator
[2025-09-11T09:49:56.859+0000] {logging_mixin.py:190} INFO - [2025-09-11T09:49:56.859+0000] {override.py:1912} INFO - Created Permission View: menu access on DAG Run:example_dag_decorator
[2025-09-11T09:49:56.865+0000] {logging_mixin.py:190} INFO - [2025-09-11T09:49:56.862+0000] {dag.py:3239} INFO - Sync 1 DAGs
[2025-09-11T09:49:56.907+0000] {logging_mixin.py:190} INFO - [2025-09-11T09:49:56.906+0000] {dag.py:3262} INFO - Creating ORM DAG for example_dag_decorator
[2025-09-11T09:49:56.909+0000] {logging_mixin.py:190} INFO - [2025-09-11T09:49:56.909+0000] {dag.py:4180} INFO - Setting next_dagrun for example_dag_decorator to None, run_after=None
[2025-09-11T09:49:56.974+0000] {processor.py:208} INFO - Processing /home/airflow/.local/lib/python3.12/site-packages/airflow/example_dags/example_dag_decorator.py took 2.099 seconds
[2025-09-11T09:50:27.142+0000] {processor.py:186} INFO - Started process (PID=203) to work on /home/airflow/.local/lib/python3.12/site-packages/airflow/example_dags/example_dag_decorator.py
[2025-09-11T09:50:27.147+0000] {processor.py:914} INFO - Processing file /home/airflow/.local/lib/python3.12/site-packages/airflow/example_dags/example_dag_decorator.py for tasks to queue
[2025-09-11T09:50:27.157+0000] {logging_mixin.py:190} INFO - [2025-09-11T09:50:27.157+0000] {dagbag.py:588} INFO - Filling up the DagBag from /home/airflow/.local/lib/python3.12/site-packages/airflow/example_dags/example_dag_decorator.py
[2025-09-11T09:50:27.321+0000] {processor.py:925} INFO - DAG(s) 'example_dag_decorator' retrieved from /home/airflow/.local/lib/python3.12/site-packages/airflow/example_dags/example_dag_decorator.py
[2025-09-11T09:50:27.527+0000] {logging_mixin.py:190} INFO - [2025-09-11T09:50:27.527+0000] {dag.py:3239} INFO - Sync 1 DAGs
[2025-09-11T09:50:27.579+0000] {logging_mixin.py:190} INFO - [2025-09-11T09:50:27.578+0000] {dag.py:4180} INFO - Setting next_dagrun for example_dag_decorator to None, run_after=None
[2025-09-11T09:50:27.646+0000] {processor.py:208} INFO - Processing /home/airflow/.local/lib/python3.12/site-packages/airflow/example_dags/example_dag_decorator.py took 0.522 seconds
[2025-09-11T09:50:58.726+0000] {processor.py:186} INFO - Started process (PID=278) to work on /home/airflow/.local/lib/python3.12/site-packages/airflow/example_dags/example_dag_decorator.py
[2025-09-11T09:50:58.728+0000] {processor.py:914} INFO - Processing file /home/airflow/.local/lib/python3.12/site-packages/airflow/example_dags/example_dag_decorator.py for tasks to queue
[2025-09-11T09:50:58.732+0000] {logging_mixin.py:190} INFO - [2025-09-11T09:50:58.731+0000] {dagbag.py:588} INFO - Filling up the DagBag from /home/airflow/.local/lib/python3.12/site-packages/airflow/example_dags/example_dag_decorator.py
[2025-09-11T09:50:59.158+0000] {processor.py:925} INFO - DAG(s) 'example_dag_decorator' retrieved from /home/airflow/.local/lib/python3.12/site-packages/airflow/example_dags/example_dag_decorator.py
[2025-09-11T09:50:59.348+0000] {logging_mixin.py:190} INFO - [2025-09-11T09:50:59.347+0000] {dag.py:3239} INFO - Sync 1 DAGs
[2025-09-11T09:50:59.369+0000] {logging_mixin.py:190} INFO - [2025-09-11T09:50:59.369+0000] {dag.py:4180} INFO - Setting next_dagrun for example_dag_decorator to None, run_after=None
[2025-09-11T09:50:59.405+0000] {processor.py:208} INFO - Processing /home/airflow/.local/lib/python3.12/site-packages/airflow/example_dags/example_dag_decorator.py took 0.436 seconds
[2025-09-11T09:51:29.524+0000] {processor.py:186} INFO - Started process (PID=342) to work on /home/airflow/.local/lib/python3.12/site-packages/airflow/example_dags/example_dag_decorator.py
[2025-09-11T09:51:29.526+0000] {processor.py:914} INFO - Processing file /home/airflow/.local/lib/python3.12/site-packages/airflow/example_dags/example_dag_decorator.py for tasks to queue
[2025-09-11T09:51:29.529+0000] {logging_mixin.py:190} INFO - [2025-09-11T09:51:29.528+0000] {dagbag.py:588} INFO - Filling up the DagBag from /home/airflow/.local/lib/python3.12/site-packages/airflow/example_dags/example_dag_decorator.py
[2025-09-11T09:51:29.716+0000] {processor.py:925} INFO - DAG(s) 'example_dag_decorator' retrieved from /home/airflow/.local/lib/python3.12/site-packages/airflow/example_dags/example_dag_decorator.py
[2025-09-11T09:51:29.876+0000] {logging_mixin.py:190} INFO - [2025-09-11T09:51:29.875+0000] {dag.py:3239} INFO - Sync 1 DAGs
[2025-09-11T09:51:29.900+0000] {logging_mixin.py:190} INFO - [2025-09-11T09:51:29.899+0000] {dag.py:4180} INFO - Setting next_dagrun for example_dag_decorator to None, run_after=None
[2025-09-11T09:51:29.940+0000] {processor.py:208} INFO - Processing /home/airflow/.local/lib/python3.12/site-packages/airflow/example_dags/example_dag_decorator.py took 0.428 seconds
[2025-09-11T09:52:00.553+0000] {processor.py:186} INFO - Started process (PID=405) to work on /home/airflow/.local/lib/python3.12/site-packages/airflow/example_dags/example_dag_decorator.py
[2025-09-11T09:52:00.561+0000] {processor.py:914} INFO - Processing file /home/airflow/.local/lib/python3.12/site-packages/airflow/example_dags/example_dag_decorator.py for tasks to queue
[2025-09-11T09:52:00.570+0000] {logging_mixin.py:190} INFO - [2025-09-11T09:52:00.568+0000] {dagbag.py:588} INFO - Filling up the DagBag from /home/airflow/.local/lib/python3.12/site-packages/airflow/example_dags/example_dag_decorator.py
[2025-09-11T09:52:00.806+0000] {processor.py:925} INFO - DAG(s) 'example_dag_decorator' retrieved from /home/airflow/.local/lib/python3.12/site-packages/airflow/example_dags/example_dag_decorator.py
[2025-09-11T09:52:01.135+0000] {logging_mixin.py:190} INFO - [2025-09-11T09:52:01.134+0000] {dag.py:3239} INFO - Sync 1 DAGs
[2025-09-11T09:52:01.175+0000] {logging_mixin.py:190} INFO - [2025-09-11T09:52:01.175+0000] {dag.py:4180} INFO - Setting next_dagrun for example_dag_decorator to None, run_after=None
[2025-09-11T09:52:01.241+0000] {processor.py:208} INFO - Processing /home/airflow/.local/lib/python3.12/site-packages/airflow/example_dags/example_dag_decorator.py took 0.698 seconds
[2025-09-11T09:52:31.835+0000] {processor.py:186} INFO - Started process (PID=468) to work on /home/airflow/.local/lib/python3.12/site-packages/airflow/example_dags/example_dag_decorator.py
[2025-09-11T09:52:31.837+0000] {processor.py:914} INFO - Processing file /home/airflow/.local/lib/python3.12/site-packages/airflow/example_dags/example_dag_decorator.py for tasks to queue
[2025-09-11T09:52:31.842+0000] {logging_mixin.py:190} INFO - [2025-09-11T09:52:31.841+0000] {dagbag.py:588} INFO - Filling up the DagBag from /home/airflow/.local/lib/python3.12/site-packages/airflow/example_dags/example_dag_decorator.py
[2025-09-11T09:52:32.338+0000] {processor.py:925} INFO - DAG(s) 'example_dag_decorator' retrieved from /home/airflow/.local/lib/python3.12/site-packages/airflow/example_dags/example_dag_decorator.py
[2025-09-11T09:52:32.945+0000] {logging_mixin.py:190} INFO - [2025-09-11T09:52:32.945+0000] {dag.py:3239} INFO - Sync 1 DAGs
[2025-09-11T09:52:32.996+0000] {logging_mixin.py:190} INFO - [2025-09-11T09:52:32.995+0000] {dag.py:4180} INFO - Setting next_dagrun for example_dag_decorator to None, run_after=None
[2025-09-11T09:52:33.044+0000] {processor.py:208} INFO - Processing /home/airflow/.local/lib/python3.12/site-packages/airflow/example_dags/example_dag_decorator.py took 1.230 seconds
[2025-09-11T09:53:03.641+0000] {processor.py:186} INFO - Started process (PID=533) to work on /home/airflow/.local/lib/python3.12/site-packages/airflow/example_dags/example_dag_decorator.py
[2025-09-11T09:53:03.644+0000] {processor.py:914} INFO - Processing file /home/airflow/.local/lib/python3.12/site-packages/airflow/example_dags/example_dag_decorator.py for tasks to queue
[2025-09-11T09:53:03.648+0000] {logging_mixin.py:190} INFO - [2025-09-11T09:53:03.648+0000] {dagbag.py:588} INFO - Filling up the DagBag from /home/airflow/.local/lib/python3.12/site-packages/airflow/example_dags/example_dag_decorator.py
[2025-09-11T09:53:03.848+0000] {processor.py:925} INFO - DAG(s) 'example_dag_decorator' retrieved from /home/airflow/.local/lib/python3.12/site-packages/airflow/example_dags/example_dag_decorator.py
[2025-09-11T09:53:04.096+0000] {logging_mixin.py:190} INFO - [2025-09-11T09:53:04.096+0000] {dag.py:3239} INFO - Sync 1 DAGs
[2025-09-11T09:53:04.180+0000] {logging_mixin.py:190} INFO - [2025-09-11T09:53:04.180+0000] {dag.py:4180} INFO - Setting next_dagrun for example_dag_decorator to None, run_after=None
[2025-09-11T09:53:04.233+0000] {processor.py:208} INFO - Processing /home/airflow/.local/lib/python3.12/site-packages/airflow/example_dags/example_dag_decorator.py took 0.605 seconds
[2025-09-11T09:53:37.981+0000] {processor.py:186} INFO - Started process (PID=592) to work on /home/airflow/.local/lib/python3.12/site-packages/airflow/example_dags/example_dag_decorator.py
[2025-09-11T09:53:37.983+0000] {processor.py:914} INFO - Processing file /home/airflow/.local/lib/python3.12/site-packages/airflow/example_dags/example_dag_decorator.py for tasks to queue
[2025-09-11T09:53:37.997+0000] {logging_mixin.py:190} INFO - [2025-09-11T09:53:37.987+0000] {dagbag.py:588} INFO - Filling up the DagBag from /home/airflow/.local/lib/python3.12/site-packages/airflow/example_dags/example_dag_decorator.py
[2025-09-11T09:53:38.596+0000] {processor.py:925} INFO - DAG(s) 'example_dag_decorator' retrieved from /home/airflow/.local/lib/python3.12/site-packages/airflow/example_dags/example_dag_decorator.py
[2025-09-11T09:53:39.227+0000] {logging_mixin.py:190} INFO - [2025-09-11T09:53:39.219+0000] {dag.py:3239} INFO - Sync 1 DAGs
[2025-09-11T09:53:39.291+0000] {logging_mixin.py:190} INFO - [2025-09-11T09:53:39.290+0000] {dag.py:4180} INFO - Setting next_dagrun for example_dag_decorator to None, run_after=None
[2025-09-11T09:53:39.362+0000] {processor.py:208} INFO - Processing /home/airflow/.local/lib/python3.12/site-packages/airflow/example_dags/example_dag_decorator.py took 1.414 seconds
[2025-09-11T09:54:12.019+0000] {processor.py:186} INFO - Started process (PID=657) to work on /home/airflow/.local/lib/python3.12/site-packages/airflow/example_dags/example_dag_decorator.py
[2025-09-11T09:54:12.023+0000] {processor.py:914} INFO - Processing file /home/airflow/.local/lib/python3.12/site-packages/airflow/example_dags/example_dag_decorator.py for tasks to queue
[2025-09-11T09:54:12.030+0000] {logging_mixin.py:190} INFO - [2025-09-11T09:54:12.029+0000] {dagbag.py:588} INFO - Filling up the DagBag from /home/airflow/.local/lib/python3.12/site-packages/airflow/example_dags/example_dag_decorator.py
[2025-09-11T09:54:12.599+0000] {processor.py:925} INFO - DAG(s) 'example_dag_decorator' retrieved from /home/airflow/.local/lib/python3.12/site-packages/airflow/example_dags/example_dag_decorator.py
[2025-09-11T09:54:13.086+0000] {logging_mixin.py:190} INFO - [2025-09-11T09:54:13.086+0000] {dag.py:3239} INFO - Sync 1 DAGs
[2025-09-11T09:54:13.124+0000] {logging_mixin.py:190} INFO - [2025-09-11T09:54:13.123+0000] {dag.py:4180} INFO - Setting next_dagrun for example_dag_decorator to None, run_after=None
[2025-09-11T09:54:13.194+0000] {processor.py:208} INFO - Processing /home/airflow/.local/lib/python3.12/site-packages/airflow/example_dags/example_dag_decorator.py took 1.193 seconds
[2025-09-11T09:54:43.369+0000] {processor.py:186} INFO - Started process (PID=720) to work on /home/airflow/.local/lib/python3.12/site-packages/airflow/example_dags/example_dag_decorator.py
[2025-09-11T09:54:43.371+0000] {processor.py:914} INFO - Processing file /home/airflow/.local/lib/python3.12/site-packages/airflow/example_dags/example_dag_decorator.py for tasks to queue
[2025-09-11T09:54:43.376+0000] {logging_mixin.py:190} INFO - [2025-09-11T09:54:43.375+0000] {dagbag.py:588} INFO - Filling up the DagBag from /home/airflow/.local/lib/python3.12/site-packages/airflow/example_dags/example_dag_decorator.py
[2025-09-11T09:54:43.565+0000] {processor.py:925} INFO - DAG(s) 'example_dag_decorator' retrieved from /home/airflow/.local/lib/python3.12/site-packages/airflow/example_dags/example_dag_decorator.py
[2025-09-11T09:54:43.898+0000] {logging_mixin.py:190} INFO - [2025-09-11T09:54:43.898+0000] {dag.py:3239} INFO - Sync 1 DAGs
[2025-09-11T09:54:43.935+0000] {logging_mixin.py:190} INFO - [2025-09-11T09:54:43.934+0000] {dag.py:4180} INFO - Setting next_dagrun for example_dag_decorator to None, run_after=None
[2025-09-11T09:54:43.976+0000] {processor.py:208} INFO - Processing /home/airflow/.local/lib/python3.12/site-packages/airflow/example_dags/example_dag_decorator.py took 0.619 seconds
[2025-09-11T09:55:15.846+0000] {processor.py:186} INFO - Started process (PID=791) to work on /home/airflow/.local/lib/python3.12/site-packages/airflow/example_dags/example_dag_decorator.py
[2025-09-11T09:55:15.861+0000] {processor.py:914} INFO - Processing file /home/airflow/.local/lib/python3.12/site-packages/airflow/example_dags/example_dag_decorator.py for tasks to queue
[2025-09-11T09:55:15.876+0000] {logging_mixin.py:190} INFO - [2025-09-11T09:55:15.875+0000] {dagbag.py:588} INFO - Filling up the DagBag from /home/airflow/.local/lib/python3.12/site-packages/airflow/example_dags/example_dag_decorator.py
[2025-09-11T09:55:16.414+0000] {processor.py:925} INFO - DAG(s) 'example_dag_decorator' retrieved from /home/airflow/.local/lib/python3.12/site-packages/airflow/example_dags/example_dag_decorator.py
[2025-09-11T09:55:16.906+0000] {logging_mixin.py:190} INFO - [2025-09-11T09:55:16.905+0000] {dag.py:3239} INFO - Sync 1 DAGs
[2025-09-11T09:55:17.013+0000] {logging_mixin.py:190} INFO - [2025-09-11T09:55:17.004+0000] {dag.py:4180} INFO - Setting next_dagrun for example_dag_decorator to None, run_after=None
[2025-09-11T09:55:17.106+0000] {processor.py:208} INFO - Processing /home/airflow/.local/lib/python3.12/site-packages/airflow/example_dags/example_dag_decorator.py took 1.297 seconds
[2025-09-11T09:55:47.671+0000] {processor.py:186} INFO - Started process (PID=857) to work on /home/airflow/.local/lib/python3.12/site-packages/airflow/example_dags/example_dag_decorator.py
[2025-09-11T09:55:47.678+0000] {processor.py:914} INFO - Processing file /home/airflow/.local/lib/python3.12/site-packages/airflow/example_dags/example_dag_decorator.py for tasks to queue
[2025-09-11T09:55:47.688+0000] {logging_mixin.py:190} INFO - [2025-09-11T09:55:47.684+0000] {dagbag.py:588} INFO - Filling up the DagBag from /home/airflow/.local/lib/python3.12/site-packages/airflow/example_dags/example_dag_decorator.py
[2025-09-11T09:55:48.044+0000] {processor.py:925} INFO - DAG(s) 'example_dag_decorator' retrieved from /home/airflow/.local/lib/python3.12/site-packages/airflow/example_dags/example_dag_decorator.py
[2025-09-11T09:55:48.436+0000] {logging_mixin.py:190} INFO - [2025-09-11T09:55:48.435+0000] {dag.py:3239} INFO - Sync 1 DAGs
[2025-09-11T09:55:48.483+0000] {logging_mixin.py:190} INFO - [2025-09-11T09:55:48.482+0000] {dag.py:4180} INFO - Setting next_dagrun for example_dag_decorator to None, run_after=None
[2025-09-11T09:55:48.576+0000] {processor.py:208} INFO - Processing /home/airflow/.local/lib/python3.12/site-packages/airflow/example_dags/example_dag_decorator.py took 0.923 seconds
[2025-09-11T09:56:18.862+0000] {processor.py:186} INFO - Started process (PID=920) to work on /home/airflow/.local/lib/python3.12/site-packages/airflow/example_dags/example_dag_decorator.py
[2025-09-11T09:56:18.866+0000] {processor.py:914} INFO - Processing file /home/airflow/.local/lib/python3.12/site-packages/airflow/example_dags/example_dag_decorator.py for tasks to queue
[2025-09-11T09:56:18.872+0000] {logging_mixin.py:190} INFO - [2025-09-11T09:56:18.871+0000] {dagbag.py:588} INFO - Filling up the DagBag from /home/airflow/.local/lib/python3.12/site-packages/airflow/example_dags/example_dag_decorator.py
[2025-09-11T09:56:19.083+0000] {processor.py:925} INFO - DAG(s) 'example_dag_decorator' retrieved from /home/airflow/.local/lib/python3.12/site-packages/airflow/example_dags/example_dag_decorator.py
[2025-09-11T09:56:19.286+0000] {logging_mixin.py:190} INFO - [2025-09-11T09:56:19.285+0000] {dag.py:3239} INFO - Sync 1 DAGs
[2025-09-11T09:56:19.308+0000] {logging_mixin.py:190} INFO - [2025-09-11T09:56:19.308+0000] {dag.py:4180} INFO - Setting next_dagrun for example_dag_decorator to None, run_after=None
[2025-09-11T09:56:19.335+0000] {processor.py:208} INFO - Processing /home/airflow/.local/lib/python3.12/site-packages/airflow/example_dags/example_dag_decorator.py took 0.489 seconds
[2025-09-11T09:56:49.775+0000] {processor.py:186} INFO - Started process (PID=983) to work on /home/airflow/.local/lib/python3.12/site-packages/airflow/example_dags/example_dag_decorator.py
[2025-09-11T09:56:49.777+0000] {processor.py:914} INFO - Processing file /home/airflow/.local/lib/python3.12/site-packages/airflow/example_dags/example_dag_decorator.py for tasks to queue
[2025-09-11T09:56:49.781+0000] {logging_mixin.py:190} INFO - [2025-09-11T09:56:49.781+0000] {dagbag.py:588} INFO - Filling up the DagBag from /home/airflow/.local/lib/python3.12/site-packages/airflow/example_dags/example_dag_decorator.py
[2025-09-11T09:56:50.050+0000] {processor.py:925} INFO - DAG(s) 'example_dag_decorator' retrieved from /home/airflow/.local/lib/python3.12/site-packages/airflow/example_dags/example_dag_decorator.py
[2025-09-11T09:56:50.265+0000] {logging_mixin.py:190} INFO - [2025-09-11T09:56:50.264+0000] {dag.py:3239} INFO - Sync 1 DAGs
[2025-09-11T09:56:50.286+0000] {logging_mixin.py:190} INFO - [2025-09-11T09:56:50.286+0000] {dag.py:4180} INFO - Setting next_dagrun for example_dag_decorator to None, run_after=None
[2025-09-11T09:56:50.319+0000] {processor.py:208} INFO - Processing /home/airflow/.local/lib/python3.12/site-packages/airflow/example_dags/example_dag_decorator.py took 0.553 seconds
[2025-09-11T09:57:20.520+0000] {processor.py:186} INFO - Started process (PID=1046) to work on /home/airflow/.local/lib/python3.12/site-packages/airflow/example_dags/example_dag_decorator.py
[2025-09-11T09:57:20.522+0000] {processor.py:914} INFO - Processing file /home/airflow/.local/lib/python3.12/site-packages/airflow/example_dags/example_dag_decorator.py for tasks to queue
[2025-09-11T09:57:20.528+0000] {logging_mixin.py:190} INFO - [2025-09-11T09:57:20.527+0000] {dagbag.py:588} INFO - Filling up the DagBag from /home/airflow/.local/lib/python3.12/site-packages/airflow/example_dags/example_dag_decorator.py
[2025-09-11T09:57:20.686+0000] {processor.py:925} INFO - DAG(s) 'example_dag_decorator' retrieved from /home/airflow/.local/lib/python3.12/site-packages/airflow/example_dags/example_dag_decorator.py
[2025-09-11T09:57:20.880+0000] {logging_mixin.py:190} INFO - [2025-09-11T09:57:20.879+0000] {dag.py:3239} INFO - Sync 1 DAGs
[2025-09-11T09:57:20.898+0000] {logging_mixin.py:190} INFO - [2025-09-11T09:57:20.898+0000] {dag.py:4180} INFO - Setting next_dagrun for example_dag_decorator to None, run_after=None
[2025-09-11T09:57:20.923+0000] {processor.py:208} INFO - Processing /home/airflow/.local/lib/python3.12/site-packages/airflow/example_dags/example_dag_decorator.py took 0.415 seconds
[2025-09-11T09:57:52.900+0000] {processor.py:186} INFO - Started process (PID=1109) to work on /home/airflow/.local/lib/python3.12/site-packages/airflow/example_dags/example_dag_decorator.py
[2025-09-11T09:57:52.904+0000] {processor.py:914} INFO - Processing file /home/airflow/.local/lib/python3.12/site-packages/airflow/example_dags/example_dag_decorator.py for tasks to queue
[2025-09-11T09:57:52.928+0000] {logging_mixin.py:190} INFO - [2025-09-11T09:57:52.927+0000] {dagbag.py:588} INFO - Filling up the DagBag from /home/airflow/.local/lib/python3.12/site-packages/airflow/example_dags/example_dag_decorator.py
[2025-09-11T09:57:53.387+0000] {processor.py:925} INFO - DAG(s) 'example_dag_decorator' retrieved from /home/airflow/.local/lib/python3.12/site-packages/airflow/example_dags/example_dag_decorator.py
[2025-09-11T09:57:53.909+0000] {logging_mixin.py:190} INFO - [2025-09-11T09:57:53.908+0000] {dag.py:3239} INFO - Sync 1 DAGs
[2025-09-11T09:57:53.967+0000] {logging_mixin.py:190} INFO - [2025-09-11T09:57:53.966+0000] {dag.py:4180} INFO - Setting next_dagrun for example_dag_decorator to None, run_after=None
[2025-09-11T09:57:54.061+0000] {processor.py:208} INFO - Processing /home/airflow/.local/lib/python3.12/site-packages/airflow/example_dags/example_dag_decorator.py took 1.195 seconds
[2025-09-11T09:58:26.500+0000] {processor.py:186} INFO - Started process (PID=1176) to work on /home/airflow/.local/lib/python3.12/site-packages/airflow/example_dags/example_dag_decorator.py
[2025-09-11T09:58:26.503+0000] {processor.py:914} INFO - Processing file /home/airflow/.local/lib/python3.12/site-packages/airflow/example_dags/example_dag_decorator.py for tasks to queue
[2025-09-11T09:58:26.511+0000] {logging_mixin.py:190} INFO - [2025-09-11T09:58:26.508+0000] {dagbag.py:588} INFO - Filling up the DagBag from /home/airflow/.local/lib/python3.12/site-packages/airflow/example_dags/example_dag_decorator.py
[2025-09-11T09:58:26.790+0000] {processor.py:925} INFO - DAG(s) 'example_dag_decorator' retrieved from /home/airflow/.local/lib/python3.12/site-packages/airflow/example_dags/example_dag_decorator.py
[2025-09-11T09:58:27.137+0000] {logging_mixin.py:190} INFO - [2025-09-11T09:58:27.136+0000] {dag.py:3239} INFO - Sync 1 DAGs
[2025-09-11T09:58:27.173+0000] {logging_mixin.py:190} INFO - [2025-09-11T09:58:27.172+0000] {dag.py:4180} INFO - Setting next_dagrun for example_dag_decorator to None, run_after=None
[2025-09-11T09:58:27.230+0000] {processor.py:208} INFO - Processing /home/airflow/.local/lib/python3.12/site-packages/airflow/example_dags/example_dag_decorator.py took 0.748 seconds
[2025-09-11T09:58:57.885+0000] {processor.py:186} INFO - Started process (PID=1243) to work on /home/airflow/.local/lib/python3.12/site-packages/airflow/example_dags/example_dag_decorator.py
[2025-09-11T09:58:57.887+0000] {processor.py:914} INFO - Processing file /home/airflow/.local/lib/python3.12/site-packages/airflow/example_dags/example_dag_decorator.py for tasks to queue
[2025-09-11T09:58:57.892+0000] {logging_mixin.py:190} INFO - [2025-09-11T09:58:57.891+0000] {dagbag.py:588} INFO - Filling up the DagBag from /home/airflow/.local/lib/python3.12/site-packages/airflow/example_dags/example_dag_decorator.py
[2025-09-11T09:58:58.305+0000] {processor.py:925} INFO - DAG(s) 'example_dag_decorator' retrieved from /home/airflow/.local/lib/python3.12/site-packages/airflow/example_dags/example_dag_decorator.py
[2025-09-11T09:58:58.606+0000] {logging_mixin.py:190} INFO - [2025-09-11T09:58:58.603+0000] {dag.py:3239} INFO - Sync 1 DAGs
[2025-09-11T09:58:58.644+0000] {logging_mixin.py:190} INFO - [2025-09-11T09:58:58.643+0000] {dag.py:4180} INFO - Setting next_dagrun for example_dag_decorator to None, run_after=None
[2025-09-11T09:58:58.679+0000] {processor.py:208} INFO - Processing /home/airflow/.local/lib/python3.12/site-packages/airflow/example_dags/example_dag_decorator.py took 0.813 seconds
[2025-09-11T09:59:29.382+0000] {processor.py:186} INFO - Started process (PID=1307) to work on /home/airflow/.local/lib/python3.12/site-packages/airflow/example_dags/example_dag_decorator.py
[2025-09-11T09:59:29.384+0000] {processor.py:914} INFO - Processing file /home/airflow/.local/lib/python3.12/site-packages/airflow/example_dags/example_dag_decorator.py for tasks to queue
[2025-09-11T09:59:29.391+0000] {logging_mixin.py:190} INFO - [2025-09-11T09:59:29.389+0000] {dagbag.py:588} INFO - Filling up the DagBag from /home/airflow/.local/lib/python3.12/site-packages/airflow/example_dags/example_dag_decorator.py
[2025-09-11T09:59:29.730+0000] {processor.py:925} INFO - DAG(s) 'example_dag_decorator' retrieved from /home/airflow/.local/lib/python3.12/site-packages/airflow/example_dags/example_dag_decorator.py
[2025-09-11T09:59:30.025+0000] {logging_mixin.py:190} INFO - [2025-09-11T09:59:30.025+0000] {dag.py:3239} INFO - Sync 1 DAGs
[2025-09-11T09:59:30.051+0000] {logging_mixin.py:190} INFO - [2025-09-11T09:59:30.051+0000] {dag.py:4180} INFO - Setting next_dagrun for example_dag_decorator to None, run_after=None
[2025-09-11T09:59:30.076+0000] {processor.py:208} INFO - Processing /home/airflow/.local/lib/python3.12/site-packages/airflow/example_dags/example_dag_decorator.py took 0.706 seconds
[2025-09-11T10:00:01.593+0000] {processor.py:186} INFO - Started process (PID=1370) to work on /home/airflow/.local/lib/python3.12/site-packages/airflow/example_dags/example_dag_decorator.py
[2025-09-11T10:00:01.595+0000] {processor.py:914} INFO - Processing file /home/airflow/.local/lib/python3.12/site-packages/airflow/example_dags/example_dag_decorator.py for tasks to queue
[2025-09-11T10:00:01.601+0000] {logging_mixin.py:190} INFO - [2025-09-11T10:00:01.599+0000] {dagbag.py:588} INFO - Filling up the DagBag from /home/airflow/.local/lib/python3.12/site-packages/airflow/example_dags/example_dag_decorator.py
[2025-09-11T10:00:01.854+0000] {processor.py:925} INFO - DAG(s) 'example_dag_decorator' retrieved from /home/airflow/.local/lib/python3.12/site-packages/airflow/example_dags/example_dag_decorator.py
[2025-09-11T10:00:02.136+0000] {logging_mixin.py:190} INFO - [2025-09-11T10:00:02.135+0000] {dag.py:3239} INFO - Sync 1 DAGs
[2025-09-11T10:00:02.168+0000] {logging_mixin.py:190} INFO - [2025-09-11T10:00:02.168+0000] {dag.py:4180} INFO - Setting next_dagrun for example_dag_decorator to None, run_after=None
[2025-09-11T10:00:02.224+0000] {processor.py:208} INFO - Processing /home/airflow/.local/lib/python3.12/site-packages/airflow/example_dags/example_dag_decorator.py took 0.651 seconds
[2025-09-11T10:00:33.130+0000] {processor.py:186} INFO - Started process (PID=1434) to work on /home/airflow/.local/lib/python3.12/site-packages/airflow/example_dags/example_dag_decorator.py
[2025-09-11T10:00:33.133+0000] {processor.py:914} INFO - Processing file /home/airflow/.local/lib/python3.12/site-packages/airflow/example_dags/example_dag_decorator.py for tasks to queue
[2025-09-11T10:00:33.139+0000] {logging_mixin.py:190} INFO - [2025-09-11T10:00:33.138+0000] {dagbag.py:588} INFO - Filling up the DagBag from /home/airflow/.local/lib/python3.12/site-packages/airflow/example_dags/example_dag_decorator.py
[2025-09-11T10:00:33.335+0000] {processor.py:925} INFO - DAG(s) 'example_dag_decorator' retrieved from /home/airflow/.local/lib/python3.12/site-packages/airflow/example_dags/example_dag_decorator.py
[2025-09-11T10:00:33.787+0000] {logging_mixin.py:190} INFO - [2025-09-11T10:00:33.786+0000] {dag.py:3239} INFO - Sync 1 DAGs
[2025-09-11T10:00:33.812+0000] {logging_mixin.py:190} INFO - [2025-09-11T10:00:33.812+0000] {dag.py:4180} INFO - Setting next_dagrun for example_dag_decorator to None, run_after=None
[2025-09-11T10:00:33.854+0000] {processor.py:208} INFO - Processing /home/airflow/.local/lib/python3.12/site-packages/airflow/example_dags/example_dag_decorator.py took 0.541 seconds
[2025-09-11T10:01:04.427+0000] {processor.py:186} INFO - Started process (PID=1497) to work on /home/airflow/.local/lib/python3.12/site-packages/airflow/example_dags/example_dag_decorator.py
[2025-09-11T10:01:04.430+0000] {processor.py:914} INFO - Processing file /home/airflow/.local/lib/python3.12/site-packages/airflow/example_dags/example_dag_decorator.py for tasks to queue
[2025-09-11T10:01:04.438+0000] {logging_mixin.py:190} INFO - [2025-09-11T10:01:04.437+0000] {dagbag.py:588} INFO - Filling up the DagBag from /home/airflow/.local/lib/python3.12/site-packages/airflow/example_dags/example_dag_decorator.py
[2025-09-11T10:01:04.794+0000] {processor.py:925} INFO - DAG(s) 'example_dag_decorator' retrieved from /home/airflow/.local/lib/python3.12/site-packages/airflow/example_dags/example_dag_decorator.py
[2025-09-11T10:01:05.178+0000] {logging_mixin.py:190} INFO - [2025-09-11T10:01:05.177+0000] {dag.py:3239} INFO - Sync 1 DAGs
[2025-09-11T10:01:05.214+0000] {logging_mixin.py:190} INFO - [2025-09-11T10:01:05.213+0000] {dag.py:4180} INFO - Setting next_dagrun for example_dag_decorator to None, run_after=None
[2025-09-11T10:01:05.265+0000] {processor.py:208} INFO - Processing /home/airflow/.local/lib/python3.12/site-packages/airflow/example_dags/example_dag_decorator.py took 0.851 seconds
[2025-09-11T10:01:35.458+0000] {processor.py:186} INFO - Started process (PID=1561) to work on /home/airflow/.local/lib/python3.12/site-packages/airflow/example_dags/example_dag_decorator.py
[2025-09-11T10:01:35.465+0000] {processor.py:914} INFO - Processing file /home/airflow/.local/lib/python3.12/site-packages/airflow/example_dags/example_dag_decorator.py for tasks to queue
[2025-09-11T10:01:35.478+0000] {logging_mixin.py:190} INFO - [2025-09-11T10:01:35.477+0000] {dagbag.py:588} INFO - Filling up the DagBag from /home/airflow/.local/lib/python3.12/site-packages/airflow/example_dags/example_dag_decorator.py
[2025-09-11T10:01:35.889+0000] {processor.py:925} INFO - DAG(s) 'example_dag_decorator' retrieved from /home/airflow/.local/lib/python3.12/site-packages/airflow/example_dags/example_dag_decorator.py
[2025-09-11T10:01:36.125+0000] {logging_mixin.py:190} INFO - [2025-09-11T10:01:36.124+0000] {dag.py:3239} INFO - Sync 1 DAGs
[2025-09-11T10:01:36.152+0000] {logging_mixin.py:190} INFO - [2025-09-11T10:01:36.151+0000] {dag.py:4180} INFO - Setting next_dagrun for example_dag_decorator to None, run_after=None
[2025-09-11T10:01:36.207+0000] {processor.py:208} INFO - Processing /home/airflow/.local/lib/python3.12/site-packages/airflow/example_dags/example_dag_decorator.py took 0.770 seconds
[2025-09-11T10:02:06.795+0000] {processor.py:186} INFO - Started process (PID=1624) to work on /home/airflow/.local/lib/python3.12/site-packages/airflow/example_dags/example_dag_decorator.py
[2025-09-11T10:02:06.796+0000] {processor.py:914} INFO - Processing file /home/airflow/.local/lib/python3.12/site-packages/airflow/example_dags/example_dag_decorator.py for tasks to queue
[2025-09-11T10:02:06.801+0000] {logging_mixin.py:190} INFO - [2025-09-11T10:02:06.801+0000] {dagbag.py:588} INFO - Filling up the DagBag from /home/airflow/.local/lib/python3.12/site-packages/airflow/example_dags/example_dag_decorator.py
[2025-09-11T10:02:07.016+0000] {processor.py:925} INFO - DAG(s) 'example_dag_decorator' retrieved from /home/airflow/.local/lib/python3.12/site-packages/airflow/example_dags/example_dag_decorator.py
[2025-09-11T10:02:07.234+0000] {logging_mixin.py:190} INFO - [2025-09-11T10:02:07.233+0000] {dag.py:3239} INFO - Sync 1 DAGs
[2025-09-11T10:02:07.284+0000] {logging_mixin.py:190} INFO - [2025-09-11T10:02:07.284+0000] {dag.py:4180} INFO - Setting next_dagrun for example_dag_decorator to None, run_after=None
[2025-09-11T10:02:07.355+0000] {processor.py:208} INFO - Processing /home/airflow/.local/lib/python3.12/site-packages/airflow/example_dags/example_dag_decorator.py took 0.575 seconds
[2025-09-11T10:02:38.287+0000] {processor.py:186} INFO - Started process (PID=1688) to work on /home/airflow/.local/lib/python3.12/site-packages/airflow/example_dags/example_dag_decorator.py
[2025-09-11T10:02:38.289+0000] {processor.py:914} INFO - Processing file /home/airflow/.local/lib/python3.12/site-packages/airflow/example_dags/example_dag_decorator.py for tasks to queue
[2025-09-11T10:02:38.303+0000] {logging_mixin.py:190} INFO - [2025-09-11T10:02:38.303+0000] {dagbag.py:588} INFO - Filling up the DagBag from /home/airflow/.local/lib/python3.12/site-packages/airflow/example_dags/example_dag_decorator.py
[2025-09-11T10:02:38.690+0000] {processor.py:925} INFO - DAG(s) 'example_dag_decorator' retrieved from /home/airflow/.local/lib/python3.12/site-packages/airflow/example_dags/example_dag_decorator.py
[2025-09-11T10:02:39.044+0000] {logging_mixin.py:190} INFO - [2025-09-11T10:02:39.044+0000] {dag.py:3239} INFO - Sync 1 DAGs
[2025-09-11T10:02:39.061+0000] {logging_mixin.py:190} INFO - [2025-09-11T10:02:39.061+0000] {dag.py:4180} INFO - Setting next_dagrun for example_dag_decorator to None, run_after=None
[2025-09-11T10:02:39.099+0000] {processor.py:208} INFO - Processing /home/airflow/.local/lib/python3.12/site-packages/airflow/example_dags/example_dag_decorator.py took 0.834 seconds
[2025-09-11T10:03:09.813+0000] {processor.py:186} INFO - Started process (PID=1752) to work on /home/airflow/.local/lib/python3.12/site-packages/airflow/example_dags/example_dag_decorator.py
[2025-09-11T10:03:09.816+0000] {processor.py:914} INFO - Processing file /home/airflow/.local/lib/python3.12/site-packages/airflow/example_dags/example_dag_decorator.py for tasks to queue
[2025-09-11T10:03:09.821+0000] {logging_mixin.py:190} INFO - [2025-09-11T10:03:09.821+0000] {dagbag.py:588} INFO - Filling up the DagBag from /home/airflow/.local/lib/python3.12/site-packages/airflow/example_dags/example_dag_decorator.py
[2025-09-11T10:03:10.189+0000] {processor.py:925} INFO - DAG(s) 'example_dag_decorator' retrieved from /home/airflow/.local/lib/python3.12/site-packages/airflow/example_dags/example_dag_decorator.py
[2025-09-11T10:03:10.607+0000] {logging_mixin.py:190} INFO - [2025-09-11T10:03:10.607+0000] {dag.py:3239} INFO - Sync 1 DAGs
[2025-09-11T10:03:10.647+0000] {logging_mixin.py:190} INFO - [2025-09-11T10:03:10.646+0000] {dag.py:4180} INFO - Setting next_dagrun for example_dag_decorator to None, run_after=None
[2025-09-11T10:03:10.715+0000] {processor.py:208} INFO - Processing /home/airflow/.local/lib/python3.12/site-packages/airflow/example_dags/example_dag_decorator.py took 0.918 seconds
[2025-09-11T10:03:40.788+0000] {processor.py:186} INFO - Started process (PID=1815) to work on /home/airflow/.local/lib/python3.12/site-packages/airflow/example_dags/example_dag_decorator.py
[2025-09-11T10:03:40.789+0000] {processor.py:914} INFO - Processing file /home/airflow/.local/lib/python3.12/site-packages/airflow/example_dags/example_dag_decorator.py for tasks to queue
[2025-09-11T10:03:40.794+0000] {logging_mixin.py:190} INFO - [2025-09-11T10:03:40.794+0000] {dagbag.py:588} INFO - Filling up the DagBag from /home/airflow/.local/lib/python3.12/site-packages/airflow/example_dags/example_dag_decorator.py
[2025-09-11T10:03:41.087+0000] {processor.py:925} INFO - DAG(s) 'example_dag_decorator' retrieved from /home/airflow/.local/lib/python3.12/site-packages/airflow/example_dags/example_dag_decorator.py
[2025-09-11T10:03:41.327+0000] {logging_mixin.py:190} INFO - [2025-09-11T10:03:41.327+0000] {dag.py:3239} INFO - Sync 1 DAGs
[2025-09-11T10:03:41.359+0000] {logging_mixin.py:190} INFO - [2025-09-11T10:03:41.359+0000] {dag.py:4180} INFO - Setting next_dagrun for example_dag_decorator to None, run_after=None
[2025-09-11T10:03:41.420+0000] {processor.py:208} INFO - Processing /home/airflow/.local/lib/python3.12/site-packages/airflow/example_dags/example_dag_decorator.py took 0.644 seconds
[2025-09-11T10:04:11.606+0000] {processor.py:186} INFO - Started process (PID=1878) to work on /home/airflow/.local/lib/python3.12/site-packages/airflow/example_dags/example_dag_decorator.py
[2025-09-11T10:04:11.608+0000] {processor.py:914} INFO - Processing file /home/airflow/.local/lib/python3.12/site-packages/airflow/example_dags/example_dag_decorator.py for tasks to queue
[2025-09-11T10:04:11.627+0000] {logging_mixin.py:190} INFO - [2025-09-11T10:04:11.627+0000] {dagbag.py:588} INFO - Filling up the DagBag from /home/airflow/.local/lib/python3.12/site-packages/airflow/example_dags/example_dag_decorator.py
[2025-09-11T10:04:12.010+0000] {processor.py:925} INFO - DAG(s) 'example_dag_decorator' retrieved from /home/airflow/.local/lib/python3.12/site-packages/airflow/example_dags/example_dag_decorator.py
[2025-09-11T10:04:12.348+0000] {logging_mixin.py:190} INFO - [2025-09-11T10:04:12.348+0000] {dag.py:3239} INFO - Sync 1 DAGs
[2025-09-11T10:04:12.378+0000] {logging_mixin.py:190} INFO - [2025-09-11T10:04:12.378+0000] {dag.py:4180} INFO - Setting next_dagrun for example_dag_decorator to None, run_after=None
[2025-09-11T10:04:12.429+0000] {processor.py:208} INFO - Processing /home/airflow/.local/lib/python3.12/site-packages/airflow/example_dags/example_dag_decorator.py took 0.835 seconds
[2025-09-11T10:04:42.656+0000] {processor.py:186} INFO - Started process (PID=1942) to work on /home/airflow/.local/lib/python3.12/site-packages/airflow/example_dags/example_dag_decorator.py
[2025-09-11T10:04:42.658+0000] {processor.py:914} INFO - Processing file /home/airflow/.local/lib/python3.12/site-packages/airflow/example_dags/example_dag_decorator.py for tasks to queue
[2025-09-11T10:04:42.661+0000] {logging_mixin.py:190} INFO - [2025-09-11T10:04:42.660+0000] {dagbag.py:588} INFO - Filling up the DagBag from /home/airflow/.local/lib/python3.12/site-packages/airflow/example_dags/example_dag_decorator.py
[2025-09-11T10:04:42.917+0000] {processor.py:925} INFO - DAG(s) 'example_dag_decorator' retrieved from /home/airflow/.local/lib/python3.12/site-packages/airflow/example_dags/example_dag_decorator.py
[2025-09-11T10:04:43.251+0000] {logging_mixin.py:190} INFO - [2025-09-11T10:04:43.251+0000] {dag.py:3239} INFO - Sync 1 DAGs
[2025-09-11T10:04:43.290+0000] {logging_mixin.py:190} INFO - [2025-09-11T10:04:43.290+0000] {dag.py:4180} INFO - Setting next_dagrun for example_dag_decorator to None, run_after=None
[2025-09-11T10:04:43.371+0000] {processor.py:208} INFO - Processing /home/airflow/.local/lib/python3.12/site-packages/airflow/example_dags/example_dag_decorator.py took 0.726 seconds
