[2025-09-11T09:49:50.179+0000] {processor.py:186} INFO - Started process (PID=125) to work on /home/airflow/.local/lib/python3.12/site-packages/airflow/example_dags/example_sensor_decorator.py
[2025-09-11T09:49:50.195+0000] {processor.py:914} INFO - Processing file /home/airflow/.local/lib/python3.12/site-packages/airflow/example_dags/example_sensor_decorator.py for tasks to queue
[2025-09-11T09:49:50.202+0000] {logging_mixin.py:190} INFO - [2025-09-11T09:49:50.201+0000] {dagbag.py:588} INFO - Filling up the DagBag from /home/airflow/.local/lib/python3.12/site-packages/airflow/example_dags/example_sensor_decorator.py
[2025-09-11T09:49:50.247+0000] {processor.py:925} INFO - DAG(s) 'example_sensor_decorator' retrieved from /home/airflow/.local/lib/python3.12/site-packages/airflow/example_dags/example_sensor_decorator.py
[2025-09-11T09:49:50.604+0000] {logging_mixin.py:190} INFO - [2025-09-11T09:49:50.603+0000] {override.py:1912} INFO - Created Permission View: can read on DAG:example_sensor_decorator
[2025-09-11T09:49:50.641+0000] {logging_mixin.py:190} INFO - [2025-09-11T09:49:50.640+0000] {override.py:1912} INFO - Created Permission View: can edit on DAG:example_sensor_decorator
[2025-09-11T09:49:50.661+0000] {logging_mixin.py:190} INFO - [2025-09-11T09:49:50.661+0000] {override.py:1912} INFO - Created Permission View: can delete on DAG:example_sensor_decorator
[2025-09-11T09:49:50.685+0000] {logging_mixin.py:190} INFO - [2025-09-11T09:49:50.684+0000] {override.py:1912} INFO - Created Permission View: can create on DAG Run:example_sensor_decorator
[2025-09-11T09:49:50.701+0000] {logging_mixin.py:190} INFO - [2025-09-11T09:49:50.701+0000] {override.py:1912} INFO - Created Permission View: can read on DAG Run:example_sensor_decorator
[2025-09-11T09:49:50.718+0000] {logging_mixin.py:190} INFO - [2025-09-11T09:49:50.718+0000] {override.py:1912} INFO - Created Permission View: can delete on DAG Run:example_sensor_decorator
[2025-09-11T09:49:50.732+0000] {logging_mixin.py:190} INFO - [2025-09-11T09:49:50.731+0000] {override.py:1912} INFO - Created Permission View: menu access on DAG Run:example_sensor_decorator
[2025-09-11T09:49:50.733+0000] {logging_mixin.py:190} INFO - [2025-09-11T09:49:50.733+0000] {dag.py:3239} INFO - Sync 1 DAGs
[2025-09-11T09:49:50.764+0000] {logging_mixin.py:190} INFO - [2025-09-11T09:49:50.764+0000] {dag.py:3262} INFO - Creating ORM DAG for example_sensor_decorator
[2025-09-11T09:49:50.766+0000] {logging_mixin.py:190} INFO - [2025-09-11T09:49:50.766+0000] {dag.py:4180} INFO - Setting next_dagrun for example_sensor_decorator to None, run_after=None
[2025-09-11T09:49:50.809+0000] {processor.py:208} INFO - Processing /home/airflow/.local/lib/python3.12/site-packages/airflow/example_dags/example_sensor_decorator.py took 0.648 seconds
[2025-09-11T09:50:21.397+0000] {processor.py:186} INFO - Started process (PID=189) to work on /home/airflow/.local/lib/python3.12/site-packages/airflow/example_dags/example_sensor_decorator.py
[2025-09-11T09:50:21.400+0000] {processor.py:914} INFO - Processing file /home/airflow/.local/lib/python3.12/site-packages/airflow/example_dags/example_sensor_decorator.py for tasks to queue
[2025-09-11T09:50:21.407+0000] {logging_mixin.py:190} INFO - [2025-09-11T09:50:21.406+0000] {dagbag.py:588} INFO - Filling up the DagBag from /home/airflow/.local/lib/python3.12/site-packages/airflow/example_dags/example_sensor_decorator.py
[2025-09-11T09:50:21.424+0000] {processor.py:925} INFO - DAG(s) 'example_sensor_decorator' retrieved from /home/airflow/.local/lib/python3.12/site-packages/airflow/example_dags/example_sensor_decorator.py
[2025-09-11T09:50:21.461+0000] {logging_mixin.py:190} INFO - [2025-09-11T09:50:21.460+0000] {dag.py:3239} INFO - Sync 1 DAGs
[2025-09-11T09:50:21.509+0000] {logging_mixin.py:190} INFO - [2025-09-11T09:50:21.509+0000] {dag.py:4180} INFO - Setting next_dagrun for example_sensor_decorator to None, run_after=None
[2025-09-11T09:50:21.587+0000] {processor.py:208} INFO - Processing /home/airflow/.local/lib/python3.12/site-packages/airflow/example_dags/example_sensor_decorator.py took 0.205 seconds
[2025-09-11T09:50:51.817+0000] {processor.py:186} INFO - Started process (PID=258) to work on /home/airflow/.local/lib/python3.12/site-packages/airflow/example_dags/example_sensor_decorator.py
[2025-09-11T09:50:51.818+0000] {processor.py:914} INFO - Processing file /home/airflow/.local/lib/python3.12/site-packages/airflow/example_dags/example_sensor_decorator.py for tasks to queue
[2025-09-11T09:50:51.833+0000] {logging_mixin.py:190} INFO - [2025-09-11T09:50:51.832+0000] {dagbag.py:588} INFO - Filling up the DagBag from /home/airflow/.local/lib/python3.12/site-packages/airflow/example_dags/example_sensor_decorator.py
[2025-09-11T09:50:51.857+0000] {processor.py:925} INFO - DAG(s) 'example_sensor_decorator' retrieved from /home/airflow/.local/lib/python3.12/site-packages/airflow/example_dags/example_sensor_decorator.py
[2025-09-11T09:50:51.894+0000] {logging_mixin.py:190} INFO - [2025-09-11T09:50:51.893+0000] {dag.py:3239} INFO - Sync 1 DAGs
[2025-09-11T09:50:51.932+0000] {logging_mixin.py:190} INFO - [2025-09-11T09:50:51.931+0000] {dag.py:4180} INFO - Setting next_dagrun for example_sensor_decorator to None, run_after=None
[2025-09-11T09:50:51.984+0000] {processor.py:208} INFO - Processing /home/airflow/.local/lib/python3.12/site-packages/airflow/example_dags/example_sensor_decorator.py took 0.176 seconds
[2025-09-11T09:51:22.924+0000] {processor.py:186} INFO - Started process (PID=324) to work on /home/airflow/.local/lib/python3.12/site-packages/airflow/example_dags/example_sensor_decorator.py
[2025-09-11T09:51:22.925+0000] {processor.py:914} INFO - Processing file /home/airflow/.local/lib/python3.12/site-packages/airflow/example_dags/example_sensor_decorator.py for tasks to queue
[2025-09-11T09:51:22.929+0000] {logging_mixin.py:190} INFO - [2025-09-11T09:51:22.928+0000] {dagbag.py:588} INFO - Filling up the DagBag from /home/airflow/.local/lib/python3.12/site-packages/airflow/example_dags/example_sensor_decorator.py
[2025-09-11T09:51:22.942+0000] {processor.py:925} INFO - DAG(s) 'example_sensor_decorator' retrieved from /home/airflow/.local/lib/python3.12/site-packages/airflow/example_dags/example_sensor_decorator.py
[2025-09-11T09:51:22.975+0000] {logging_mixin.py:190} INFO - [2025-09-11T09:51:22.974+0000] {dag.py:3239} INFO - Sync 1 DAGs
[2025-09-11T09:51:23.007+0000] {logging_mixin.py:190} INFO - [2025-09-11T09:51:23.006+0000] {dag.py:4180} INFO - Setting next_dagrun for example_sensor_decorator to None, run_after=None
[2025-09-11T09:51:23.054+0000] {processor.py:208} INFO - Processing /home/airflow/.local/lib/python3.12/site-packages/airflow/example_dags/example_sensor_decorator.py took 0.138 seconds
[2025-09-11T09:51:56.152+0000] {processor.py:186} INFO - Started process (PID=387) to work on /home/airflow/.local/lib/python3.12/site-packages/airflow/example_dags/example_sensor_decorator.py
[2025-09-11T09:51:56.159+0000] {processor.py:914} INFO - Processing file /home/airflow/.local/lib/python3.12/site-packages/airflow/example_dags/example_sensor_decorator.py for tasks to queue
[2025-09-11T09:51:56.175+0000] {logging_mixin.py:190} INFO - [2025-09-11T09:51:56.174+0000] {dagbag.py:588} INFO - Filling up the DagBag from /home/airflow/.local/lib/python3.12/site-packages/airflow/example_dags/example_sensor_decorator.py
[2025-09-11T09:51:56.203+0000] {processor.py:925} INFO - DAG(s) 'example_sensor_decorator' retrieved from /home/airflow/.local/lib/python3.12/site-packages/airflow/example_dags/example_sensor_decorator.py
[2025-09-11T09:51:56.257+0000] {logging_mixin.py:190} INFO - [2025-09-11T09:51:56.257+0000] {dag.py:3239} INFO - Sync 1 DAGs
[2025-09-11T09:51:56.303+0000] {logging_mixin.py:190} INFO - [2025-09-11T09:51:56.302+0000] {dag.py:4180} INFO - Setting next_dagrun for example_sensor_decorator to None, run_after=None
[2025-09-11T09:51:56.387+0000] {processor.py:208} INFO - Processing /home/airflow/.local/lib/python3.12/site-packages/airflow/example_dags/example_sensor_decorator.py took 0.268 seconds
[2025-09-11T09:52:26.990+0000] {processor.py:186} INFO - Started process (PID=450) to work on /home/airflow/.local/lib/python3.12/site-packages/airflow/example_dags/example_sensor_decorator.py
[2025-09-11T09:52:26.992+0000] {processor.py:914} INFO - Processing file /home/airflow/.local/lib/python3.12/site-packages/airflow/example_dags/example_sensor_decorator.py for tasks to queue
[2025-09-11T09:52:26.996+0000] {logging_mixin.py:190} INFO - [2025-09-11T09:52:26.995+0000] {dagbag.py:588} INFO - Filling up the DagBag from /home/airflow/.local/lib/python3.12/site-packages/airflow/example_dags/example_sensor_decorator.py
[2025-09-11T09:52:27.009+0000] {processor.py:925} INFO - DAG(s) 'example_sensor_decorator' retrieved from /home/airflow/.local/lib/python3.12/site-packages/airflow/example_dags/example_sensor_decorator.py
[2025-09-11T09:52:27.045+0000] {logging_mixin.py:190} INFO - [2025-09-11T09:52:27.045+0000] {dag.py:3239} INFO - Sync 1 DAGs
[2025-09-11T09:52:27.064+0000] {logging_mixin.py:190} INFO - [2025-09-11T09:52:27.064+0000] {dag.py:4180} INFO - Setting next_dagrun for example_sensor_decorator to None, run_after=None
[2025-09-11T09:52:27.099+0000] {processor.py:208} INFO - Processing /home/airflow/.local/lib/python3.12/site-packages/airflow/example_dags/example_sensor_decorator.py took 0.124 seconds
[2025-09-11T09:52:58.267+0000] {processor.py:186} INFO - Started process (PID=513) to work on /home/airflow/.local/lib/python3.12/site-packages/airflow/example_dags/example_sensor_decorator.py
[2025-09-11T09:52:58.269+0000] {processor.py:914} INFO - Processing file /home/airflow/.local/lib/python3.12/site-packages/airflow/example_dags/example_sensor_decorator.py for tasks to queue
[2025-09-11T09:52:58.274+0000] {logging_mixin.py:190} INFO - [2025-09-11T09:52:58.274+0000] {dagbag.py:588} INFO - Filling up the DagBag from /home/airflow/.local/lib/python3.12/site-packages/airflow/example_dags/example_sensor_decorator.py
[2025-09-11T09:52:58.293+0000] {processor.py:925} INFO - DAG(s) 'example_sensor_decorator' retrieved from /home/airflow/.local/lib/python3.12/site-packages/airflow/example_dags/example_sensor_decorator.py
[2025-09-11T09:52:58.336+0000] {logging_mixin.py:190} INFO - [2025-09-11T09:52:58.335+0000] {dag.py:3239} INFO - Sync 1 DAGs
[2025-09-11T09:52:58.371+0000] {logging_mixin.py:190} INFO - [2025-09-11T09:52:58.370+0000] {dag.py:4180} INFO - Setting next_dagrun for example_sensor_decorator to None, run_after=None
[2025-09-11T09:52:58.420+0000] {processor.py:208} INFO - Processing /home/airflow/.local/lib/python3.12/site-packages/airflow/example_dags/example_sensor_decorator.py took 0.167 seconds
[2025-09-11T09:53:29.600+0000] {processor.py:186} INFO - Started process (PID=575) to work on /home/airflow/.local/lib/python3.12/site-packages/airflow/example_dags/example_sensor_decorator.py
[2025-09-11T09:53:29.620+0000] {processor.py:914} INFO - Processing file /home/airflow/.local/lib/python3.12/site-packages/airflow/example_dags/example_sensor_decorator.py for tasks to queue
[2025-09-11T09:53:29.657+0000] {logging_mixin.py:190} INFO - [2025-09-11T09:53:29.656+0000] {dagbag.py:588} INFO - Filling up the DagBag from /home/airflow/.local/lib/python3.12/site-packages/airflow/example_dags/example_sensor_decorator.py
[2025-09-11T09:53:29.737+0000] {processor.py:925} INFO - DAG(s) 'example_sensor_decorator' retrieved from /home/airflow/.local/lib/python3.12/site-packages/airflow/example_dags/example_sensor_decorator.py
[2025-09-11T09:53:29.822+0000] {logging_mixin.py:190} INFO - [2025-09-11T09:53:29.821+0000] {dag.py:3239} INFO - Sync 1 DAGs
[2025-09-11T09:53:29.912+0000] {logging_mixin.py:190} INFO - [2025-09-11T09:53:29.911+0000] {dag.py:4180} INFO - Setting next_dagrun for example_sensor_decorator to None, run_after=None
[2025-09-11T09:53:30.068+0000] {processor.py:208} INFO - Processing /home/airflow/.local/lib/python3.12/site-packages/airflow/example_dags/example_sensor_decorator.py took 0.507 seconds
[2025-09-11T09:54:04.533+0000] {processor.py:186} INFO - Started process (PID=638) to work on /home/airflow/.local/lib/python3.12/site-packages/airflow/example_dags/example_sensor_decorator.py
[2025-09-11T09:54:04.535+0000] {processor.py:914} INFO - Processing file /home/airflow/.local/lib/python3.12/site-packages/airflow/example_dags/example_sensor_decorator.py for tasks to queue
[2025-09-11T09:54:04.543+0000] {logging_mixin.py:190} INFO - [2025-09-11T09:54:04.542+0000] {dagbag.py:588} INFO - Filling up the DagBag from /home/airflow/.local/lib/python3.12/site-packages/airflow/example_dags/example_sensor_decorator.py
[2025-09-11T09:54:04.564+0000] {processor.py:925} INFO - DAG(s) 'example_sensor_decorator' retrieved from /home/airflow/.local/lib/python3.12/site-packages/airflow/example_dags/example_sensor_decorator.py
[2025-09-11T09:54:04.638+0000] {logging_mixin.py:190} INFO - [2025-09-11T09:54:04.638+0000] {dag.py:3239} INFO - Sync 1 DAGs
[2025-09-11T09:54:04.742+0000] {logging_mixin.py:190} INFO - [2025-09-11T09:54:04.741+0000] {dag.py:4180} INFO - Setting next_dagrun for example_sensor_decorator to None, run_after=None
[2025-09-11T09:54:04.834+0000] {processor.py:208} INFO - Processing /home/airflow/.local/lib/python3.12/site-packages/airflow/example_dags/example_sensor_decorator.py took 0.314 seconds
[2025-09-11T09:54:35.499+0000] {processor.py:186} INFO - Started process (PID=700) to work on /home/airflow/.local/lib/python3.12/site-packages/airflow/example_dags/example_sensor_decorator.py
[2025-09-11T09:54:35.501+0000] {processor.py:914} INFO - Processing file /home/airflow/.local/lib/python3.12/site-packages/airflow/example_dags/example_sensor_decorator.py for tasks to queue
[2025-09-11T09:54:35.507+0000] {logging_mixin.py:190} INFO - [2025-09-11T09:54:35.506+0000] {dagbag.py:588} INFO - Filling up the DagBag from /home/airflow/.local/lib/python3.12/site-packages/airflow/example_dags/example_sensor_decorator.py
[2025-09-11T09:54:35.526+0000] {processor.py:925} INFO - DAG(s) 'example_sensor_decorator' retrieved from /home/airflow/.local/lib/python3.12/site-packages/airflow/example_dags/example_sensor_decorator.py
[2025-09-11T09:54:35.577+0000] {logging_mixin.py:190} INFO - [2025-09-11T09:54:35.576+0000] {dag.py:3239} INFO - Sync 1 DAGs
[2025-09-11T09:54:35.655+0000] {logging_mixin.py:190} INFO - [2025-09-11T09:54:35.654+0000] {dag.py:4180} INFO - Setting next_dagrun for example_sensor_decorator to None, run_after=None
[2025-09-11T09:54:35.730+0000] {processor.py:208} INFO - Processing /home/airflow/.local/lib/python3.12/site-packages/airflow/example_dags/example_sensor_decorator.py took 0.247 seconds
[2025-09-11T09:55:06.206+0000] {processor.py:186} INFO - Started process (PID=763) to work on /home/airflow/.local/lib/python3.12/site-packages/airflow/example_dags/example_sensor_decorator.py
[2025-09-11T09:55:06.208+0000] {processor.py:914} INFO - Processing file /home/airflow/.local/lib/python3.12/site-packages/airflow/example_dags/example_sensor_decorator.py for tasks to queue
[2025-09-11T09:55:06.213+0000] {logging_mixin.py:190} INFO - [2025-09-11T09:55:06.213+0000] {dagbag.py:588} INFO - Filling up the DagBag from /home/airflow/.local/lib/python3.12/site-packages/airflow/example_dags/example_sensor_decorator.py
[2025-09-11T09:55:06.260+0000] {processor.py:925} INFO - DAG(s) 'example_sensor_decorator' retrieved from /home/airflow/.local/lib/python3.12/site-packages/airflow/example_dags/example_sensor_decorator.py
[2025-09-11T09:55:06.338+0000] {logging_mixin.py:190} INFO - [2025-09-11T09:55:06.338+0000] {dag.py:3239} INFO - Sync 1 DAGs
[2025-09-11T09:55:06.377+0000] {logging_mixin.py:190} INFO - [2025-09-11T09:55:06.376+0000] {dag.py:4180} INFO - Setting next_dagrun for example_sensor_decorator to None, run_after=None
[2025-09-11T09:55:06.435+0000] {processor.py:208} INFO - Processing /home/airflow/.local/lib/python3.12/site-packages/airflow/example_dags/example_sensor_decorator.py took 0.270 seconds
[2025-09-11T09:55:36.886+0000] {processor.py:186} INFO - Started process (PID=825) to work on /home/airflow/.local/lib/python3.12/site-packages/airflow/example_dags/example_sensor_decorator.py
[2025-09-11T09:55:36.887+0000] {processor.py:914} INFO - Processing file /home/airflow/.local/lib/python3.12/site-packages/airflow/example_dags/example_sensor_decorator.py for tasks to queue
[2025-09-11T09:55:36.892+0000] {logging_mixin.py:190} INFO - [2025-09-11T09:55:36.891+0000] {dagbag.py:588} INFO - Filling up the DagBag from /home/airflow/.local/lib/python3.12/site-packages/airflow/example_dags/example_sensor_decorator.py
[2025-09-11T09:55:36.907+0000] {processor.py:925} INFO - DAG(s) 'example_sensor_decorator' retrieved from /home/airflow/.local/lib/python3.12/site-packages/airflow/example_dags/example_sensor_decorator.py
[2025-09-11T09:55:36.951+0000] {logging_mixin.py:190} INFO - [2025-09-11T09:55:36.951+0000] {dag.py:3239} INFO - Sync 1 DAGs
[2025-09-11T09:55:36.977+0000] {logging_mixin.py:190} INFO - [2025-09-11T09:55:36.977+0000] {dag.py:4180} INFO - Setting next_dagrun for example_sensor_decorator to None, run_after=None
[2025-09-11T09:55:37.068+0000] {processor.py:208} INFO - Processing /home/airflow/.local/lib/python3.12/site-packages/airflow/example_dags/example_sensor_decorator.py took 0.193 seconds
[2025-09-11T09:56:07.309+0000] {processor.py:186} INFO - Started process (PID=888) to work on /home/airflow/.local/lib/python3.12/site-packages/airflow/example_dags/example_sensor_decorator.py
[2025-09-11T09:56:07.312+0000] {processor.py:914} INFO - Processing file /home/airflow/.local/lib/python3.12/site-packages/airflow/example_dags/example_sensor_decorator.py for tasks to queue
[2025-09-11T09:56:07.316+0000] {logging_mixin.py:190} INFO - [2025-09-11T09:56:07.315+0000] {dagbag.py:588} INFO - Filling up the DagBag from /home/airflow/.local/lib/python3.12/site-packages/airflow/example_dags/example_sensor_decorator.py
[2025-09-11T09:56:07.340+0000] {processor.py:925} INFO - DAG(s) 'example_sensor_decorator' retrieved from /home/airflow/.local/lib/python3.12/site-packages/airflow/example_dags/example_sensor_decorator.py
[2025-09-11T09:56:07.382+0000] {logging_mixin.py:190} INFO - [2025-09-11T09:56:07.382+0000] {dag.py:3239} INFO - Sync 1 DAGs
[2025-09-11T09:56:07.443+0000] {logging_mixin.py:190} INFO - [2025-09-11T09:56:07.443+0000] {dag.py:4180} INFO - Setting next_dagrun for example_sensor_decorator to None, run_after=None
[2025-09-11T09:56:07.509+0000] {processor.py:208} INFO - Processing /home/airflow/.local/lib/python3.12/site-packages/airflow/example_dags/example_sensor_decorator.py took 0.211 seconds
[2025-09-11T09:56:38.282+0000] {processor.py:186} INFO - Started process (PID=950) to work on /home/airflow/.local/lib/python3.12/site-packages/airflow/example_dags/example_sensor_decorator.py
[2025-09-11T09:56:38.284+0000] {processor.py:914} INFO - Processing file /home/airflow/.local/lib/python3.12/site-packages/airflow/example_dags/example_sensor_decorator.py for tasks to queue
[2025-09-11T09:56:38.289+0000] {logging_mixin.py:190} INFO - [2025-09-11T09:56:38.288+0000] {dagbag.py:588} INFO - Filling up the DagBag from /home/airflow/.local/lib/python3.12/site-packages/airflow/example_dags/example_sensor_decorator.py
[2025-09-11T09:56:38.318+0000] {processor.py:925} INFO - DAG(s) 'example_sensor_decorator' retrieved from /home/airflow/.local/lib/python3.12/site-packages/airflow/example_dags/example_sensor_decorator.py
[2025-09-11T09:56:38.364+0000] {logging_mixin.py:190} INFO - [2025-09-11T09:56:38.363+0000] {dag.py:3239} INFO - Sync 1 DAGs
[2025-09-11T09:56:38.396+0000] {logging_mixin.py:190} INFO - [2025-09-11T09:56:38.396+0000] {dag.py:4180} INFO - Setting next_dagrun for example_sensor_decorator to None, run_after=None
[2025-09-11T09:56:38.431+0000] {processor.py:208} INFO - Processing /home/airflow/.local/lib/python3.12/site-packages/airflow/example_dags/example_sensor_decorator.py took 0.168 seconds
[2025-09-11T09:57:09.307+0000] {processor.py:186} INFO - Started process (PID=1013) to work on /home/airflow/.local/lib/python3.12/site-packages/airflow/example_dags/example_sensor_decorator.py
[2025-09-11T09:57:09.308+0000] {processor.py:914} INFO - Processing file /home/airflow/.local/lib/python3.12/site-packages/airflow/example_dags/example_sensor_decorator.py for tasks to queue
[2025-09-11T09:57:09.316+0000] {logging_mixin.py:190} INFO - [2025-09-11T09:57:09.315+0000] {dagbag.py:588} INFO - Filling up the DagBag from /home/airflow/.local/lib/python3.12/site-packages/airflow/example_dags/example_sensor_decorator.py
[2025-09-11T09:57:09.346+0000] {processor.py:925} INFO - DAG(s) 'example_sensor_decorator' retrieved from /home/airflow/.local/lib/python3.12/site-packages/airflow/example_dags/example_sensor_decorator.py
[2025-09-11T09:57:09.408+0000] {logging_mixin.py:190} INFO - [2025-09-11T09:57:09.407+0000] {dag.py:3239} INFO - Sync 1 DAGs
[2025-09-11T09:57:09.472+0000] {logging_mixin.py:190} INFO - [2025-09-11T09:57:09.472+0000] {dag.py:4180} INFO - Setting next_dagrun for example_sensor_decorator to None, run_after=None
[2025-09-11T09:57:09.519+0000] {processor.py:208} INFO - Processing /home/airflow/.local/lib/python3.12/site-packages/airflow/example_dags/example_sensor_decorator.py took 0.223 seconds
[2025-09-11T09:57:39.856+0000] {processor.py:186} INFO - Started process (PID=1076) to work on /home/airflow/.local/lib/python3.12/site-packages/airflow/example_dags/example_sensor_decorator.py
[2025-09-11T09:57:39.871+0000] {processor.py:914} INFO - Processing file /home/airflow/.local/lib/python3.12/site-packages/airflow/example_dags/example_sensor_decorator.py for tasks to queue
[2025-09-11T09:57:39.883+0000] {logging_mixin.py:190} INFO - [2025-09-11T09:57:39.883+0000] {dagbag.py:588} INFO - Filling up the DagBag from /home/airflow/.local/lib/python3.12/site-packages/airflow/example_dags/example_sensor_decorator.py
[2025-09-11T09:57:39.910+0000] {processor.py:925} INFO - DAG(s) 'example_sensor_decorator' retrieved from /home/airflow/.local/lib/python3.12/site-packages/airflow/example_dags/example_sensor_decorator.py
[2025-09-11T09:57:39.972+0000] {logging_mixin.py:190} INFO - [2025-09-11T09:57:39.972+0000] {dag.py:3239} INFO - Sync 1 DAGs
[2025-09-11T09:57:40.014+0000] {logging_mixin.py:190} INFO - [2025-09-11T09:57:40.014+0000] {dag.py:4180} INFO - Setting next_dagrun for example_sensor_decorator to None, run_after=None
[2025-09-11T09:57:40.067+0000] {processor.py:208} INFO - Processing /home/airflow/.local/lib/python3.12/site-packages/airflow/example_dags/example_sensor_decorator.py took 0.228 seconds
[2025-09-11T09:58:11.186+0000] {processor.py:186} INFO - Started process (PID=1139) to work on /home/airflow/.local/lib/python3.12/site-packages/airflow/example_dags/example_sensor_decorator.py
[2025-09-11T09:58:11.189+0000] {processor.py:914} INFO - Processing file /home/airflow/.local/lib/python3.12/site-packages/airflow/example_dags/example_sensor_decorator.py for tasks to queue
[2025-09-11T09:58:11.194+0000] {logging_mixin.py:190} INFO - [2025-09-11T09:58:11.194+0000] {dagbag.py:588} INFO - Filling up the DagBag from /home/airflow/.local/lib/python3.12/site-packages/airflow/example_dags/example_sensor_decorator.py
[2025-09-11T09:58:11.213+0000] {processor.py:925} INFO - DAG(s) 'example_sensor_decorator' retrieved from /home/airflow/.local/lib/python3.12/site-packages/airflow/example_dags/example_sensor_decorator.py
[2025-09-11T09:58:11.254+0000] {logging_mixin.py:190} INFO - [2025-09-11T09:58:11.253+0000] {dag.py:3239} INFO - Sync 1 DAGs
[2025-09-11T09:58:11.305+0000] {logging_mixin.py:190} INFO - [2025-09-11T09:58:11.304+0000] {dag.py:4180} INFO - Setting next_dagrun for example_sensor_decorator to None, run_after=None
[2025-09-11T09:58:11.404+0000] {processor.py:208} INFO - Processing /home/airflow/.local/lib/python3.12/site-packages/airflow/example_dags/example_sensor_decorator.py took 0.230 seconds
[2025-09-11T09:58:42.270+0000] {processor.py:186} INFO - Started process (PID=1202) to work on /home/airflow/.local/lib/python3.12/site-packages/airflow/example_dags/example_sensor_decorator.py
[2025-09-11T09:58:42.271+0000] {processor.py:914} INFO - Processing file /home/airflow/.local/lib/python3.12/site-packages/airflow/example_dags/example_sensor_decorator.py for tasks to queue
[2025-09-11T09:58:42.276+0000] {logging_mixin.py:190} INFO - [2025-09-11T09:58:42.276+0000] {dagbag.py:588} INFO - Filling up the DagBag from /home/airflow/.local/lib/python3.12/site-packages/airflow/example_dags/example_sensor_decorator.py
[2025-09-11T09:58:42.300+0000] {processor.py:925} INFO - DAG(s) 'example_sensor_decorator' retrieved from /home/airflow/.local/lib/python3.12/site-packages/airflow/example_dags/example_sensor_decorator.py
[2025-09-11T09:58:42.340+0000] {logging_mixin.py:190} INFO - [2025-09-11T09:58:42.339+0000] {dag.py:3239} INFO - Sync 1 DAGs
[2025-09-11T09:58:42.390+0000] {logging_mixin.py:190} INFO - [2025-09-11T09:58:42.389+0000] {dag.py:4180} INFO - Setting next_dagrun for example_sensor_decorator to None, run_after=None
[2025-09-11T09:58:42.453+0000] {processor.py:208} INFO - Processing /home/airflow/.local/lib/python3.12/site-packages/airflow/example_dags/example_sensor_decorator.py took 0.197 seconds
[2025-09-11T09:59:12.790+0000] {processor.py:186} INFO - Started process (PID=1264) to work on /home/airflow/.local/lib/python3.12/site-packages/airflow/example_dags/example_sensor_decorator.py
[2025-09-11T09:59:12.794+0000] {processor.py:914} INFO - Processing file /home/airflow/.local/lib/python3.12/site-packages/airflow/example_dags/example_sensor_decorator.py for tasks to queue
[2025-09-11T09:59:12.805+0000] {logging_mixin.py:190} INFO - [2025-09-11T09:59:12.804+0000] {dagbag.py:588} INFO - Filling up the DagBag from /home/airflow/.local/lib/python3.12/site-packages/airflow/example_dags/example_sensor_decorator.py
[2025-09-11T09:59:12.838+0000] {processor.py:925} INFO - DAG(s) 'example_sensor_decorator' retrieved from /home/airflow/.local/lib/python3.12/site-packages/airflow/example_dags/example_sensor_decorator.py
[2025-09-11T09:59:12.900+0000] {logging_mixin.py:190} INFO - [2025-09-11T09:59:12.900+0000] {dag.py:3239} INFO - Sync 1 DAGs
[2025-09-11T09:59:12.938+0000] {logging_mixin.py:190} INFO - [2025-09-11T09:59:12.938+0000] {dag.py:4180} INFO - Setting next_dagrun for example_sensor_decorator to None, run_after=None
[2025-09-11T09:59:12.963+0000] {processor.py:208} INFO - Processing /home/airflow/.local/lib/python3.12/site-packages/airflow/example_dags/example_sensor_decorator.py took 0.186 seconds
[2025-09-11T09:59:43.147+0000] {processor.py:186} INFO - Started process (PID=1327) to work on /home/airflow/.local/lib/python3.12/site-packages/airflow/example_dags/example_sensor_decorator.py
[2025-09-11T09:59:43.157+0000] {processor.py:914} INFO - Processing file /home/airflow/.local/lib/python3.12/site-packages/airflow/example_dags/example_sensor_decorator.py for tasks to queue
[2025-09-11T09:59:43.164+0000] {logging_mixin.py:190} INFO - [2025-09-11T09:59:43.163+0000] {dagbag.py:588} INFO - Filling up the DagBag from /home/airflow/.local/lib/python3.12/site-packages/airflow/example_dags/example_sensor_decorator.py
[2025-09-11T09:59:43.190+0000] {processor.py:925} INFO - DAG(s) 'example_sensor_decorator' retrieved from /home/airflow/.local/lib/python3.12/site-packages/airflow/example_dags/example_sensor_decorator.py
[2025-09-11T09:59:43.270+0000] {logging_mixin.py:190} INFO - [2025-09-11T09:59:43.269+0000] {dag.py:3239} INFO - Sync 1 DAGs
[2025-09-11T09:59:43.308+0000] {logging_mixin.py:190} INFO - [2025-09-11T09:59:43.308+0000] {dag.py:4180} INFO - Setting next_dagrun for example_sensor_decorator to None, run_after=None
[2025-09-11T09:59:43.359+0000] {processor.py:208} INFO - Processing /home/airflow/.local/lib/python3.12/site-packages/airflow/example_dags/example_sensor_decorator.py took 0.236 seconds
[2025-09-11T10:00:13.565+0000] {processor.py:186} INFO - Started process (PID=1390) to work on /home/airflow/.local/lib/python3.12/site-packages/airflow/example_dags/example_sensor_decorator.py
[2025-09-11T10:00:13.567+0000] {processor.py:914} INFO - Processing file /home/airflow/.local/lib/python3.12/site-packages/airflow/example_dags/example_sensor_decorator.py for tasks to queue
[2025-09-11T10:00:13.572+0000] {logging_mixin.py:190} INFO - [2025-09-11T10:00:13.571+0000] {dagbag.py:588} INFO - Filling up the DagBag from /home/airflow/.local/lib/python3.12/site-packages/airflow/example_dags/example_sensor_decorator.py
[2025-09-11T10:00:13.585+0000] {processor.py:925} INFO - DAG(s) 'example_sensor_decorator' retrieved from /home/airflow/.local/lib/python3.12/site-packages/airflow/example_dags/example_sensor_decorator.py
[2025-09-11T10:00:13.618+0000] {logging_mixin.py:190} INFO - [2025-09-11T10:00:13.617+0000] {dag.py:3239} INFO - Sync 1 DAGs
[2025-09-11T10:00:13.641+0000] {logging_mixin.py:190} INFO - [2025-09-11T10:00:13.641+0000] {dag.py:4180} INFO - Setting next_dagrun for example_sensor_decorator to None, run_after=None
[2025-09-11T10:00:13.711+0000] {processor.py:208} INFO - Processing /home/airflow/.local/lib/python3.12/site-packages/airflow/example_dags/example_sensor_decorator.py took 0.156 seconds
[2025-09-11T10:00:44.634+0000] {processor.py:186} INFO - Started process (PID=1453) to work on /home/airflow/.local/lib/python3.12/site-packages/airflow/example_dags/example_sensor_decorator.py
[2025-09-11T10:00:44.636+0000] {processor.py:914} INFO - Processing file /home/airflow/.local/lib/python3.12/site-packages/airflow/example_dags/example_sensor_decorator.py for tasks to queue
[2025-09-11T10:00:44.640+0000] {logging_mixin.py:190} INFO - [2025-09-11T10:00:44.639+0000] {dagbag.py:588} INFO - Filling up the DagBag from /home/airflow/.local/lib/python3.12/site-packages/airflow/example_dags/example_sensor_decorator.py
[2025-09-11T10:00:44.652+0000] {processor.py:925} INFO - DAG(s) 'example_sensor_decorator' retrieved from /home/airflow/.local/lib/python3.12/site-packages/airflow/example_dags/example_sensor_decorator.py
[2025-09-11T10:00:44.685+0000] {logging_mixin.py:190} INFO - [2025-09-11T10:00:44.684+0000] {dag.py:3239} INFO - Sync 1 DAGs
[2025-09-11T10:00:44.715+0000] {logging_mixin.py:190} INFO - [2025-09-11T10:00:44.715+0000] {dag.py:4180} INFO - Setting next_dagrun for example_sensor_decorator to None, run_after=None
[2025-09-11T10:00:44.761+0000] {processor.py:208} INFO - Processing /home/airflow/.local/lib/python3.12/site-packages/airflow/example_dags/example_sensor_decorator.py took 0.137 seconds
[2025-09-11T10:01:15.043+0000] {processor.py:186} INFO - Started process (PID=1516) to work on /home/airflow/.local/lib/python3.12/site-packages/airflow/example_dags/example_sensor_decorator.py
[2025-09-11T10:01:15.045+0000] {processor.py:914} INFO - Processing file /home/airflow/.local/lib/python3.12/site-packages/airflow/example_dags/example_sensor_decorator.py for tasks to queue
[2025-09-11T10:01:15.056+0000] {logging_mixin.py:190} INFO - [2025-09-11T10:01:15.056+0000] {dagbag.py:588} INFO - Filling up the DagBag from /home/airflow/.local/lib/python3.12/site-packages/airflow/example_dags/example_sensor_decorator.py
[2025-09-11T10:01:15.084+0000] {processor.py:925} INFO - DAG(s) 'example_sensor_decorator' retrieved from /home/airflow/.local/lib/python3.12/site-packages/airflow/example_dags/example_sensor_decorator.py
[2025-09-11T10:01:15.123+0000] {logging_mixin.py:190} INFO - [2025-09-11T10:01:15.123+0000] {dag.py:3239} INFO - Sync 1 DAGs
[2025-09-11T10:01:15.151+0000] {logging_mixin.py:190} INFO - [2025-09-11T10:01:15.150+0000] {dag.py:4180} INFO - Setting next_dagrun for example_sensor_decorator to None, run_after=None
[2025-09-11T10:01:15.201+0000] {processor.py:208} INFO - Processing /home/airflow/.local/lib/python3.12/site-packages/airflow/example_dags/example_sensor_decorator.py took 0.166 seconds
[2025-09-11T10:01:45.894+0000] {processor.py:186} INFO - Started process (PID=1579) to work on /home/airflow/.local/lib/python3.12/site-packages/airflow/example_dags/example_sensor_decorator.py
[2025-09-11T10:01:45.899+0000] {processor.py:914} INFO - Processing file /home/airflow/.local/lib/python3.12/site-packages/airflow/example_dags/example_sensor_decorator.py for tasks to queue
[2025-09-11T10:01:45.914+0000] {logging_mixin.py:190} INFO - [2025-09-11T10:01:45.913+0000] {dagbag.py:588} INFO - Filling up the DagBag from /home/airflow/.local/lib/python3.12/site-packages/airflow/example_dags/example_sensor_decorator.py
[2025-09-11T10:01:45.936+0000] {processor.py:925} INFO - DAG(s) 'example_sensor_decorator' retrieved from /home/airflow/.local/lib/python3.12/site-packages/airflow/example_dags/example_sensor_decorator.py
[2025-09-11T10:01:45.987+0000] {logging_mixin.py:190} INFO - [2025-09-11T10:01:45.987+0000] {dag.py:3239} INFO - Sync 1 DAGs
[2025-09-11T10:01:46.033+0000] {logging_mixin.py:190} INFO - [2025-09-11T10:01:46.032+0000] {dag.py:4180} INFO - Setting next_dagrun for example_sensor_decorator to None, run_after=None
[2025-09-11T10:01:46.094+0000] {processor.py:208} INFO - Processing /home/airflow/.local/lib/python3.12/site-packages/airflow/example_dags/example_sensor_decorator.py took 0.220 seconds
[2025-09-11T10:02:16.787+0000] {processor.py:186} INFO - Started process (PID=1642) to work on /home/airflow/.local/lib/python3.12/site-packages/airflow/example_dags/example_sensor_decorator.py
[2025-09-11T10:02:16.791+0000] {processor.py:914} INFO - Processing file /home/airflow/.local/lib/python3.12/site-packages/airflow/example_dags/example_sensor_decorator.py for tasks to queue
[2025-09-11T10:02:16.798+0000] {logging_mixin.py:190} INFO - [2025-09-11T10:02:16.796+0000] {dagbag.py:588} INFO - Filling up the DagBag from /home/airflow/.local/lib/python3.12/site-packages/airflow/example_dags/example_sensor_decorator.py
[2025-09-11T10:02:16.820+0000] {processor.py:925} INFO - DAG(s) 'example_sensor_decorator' retrieved from /home/airflow/.local/lib/python3.12/site-packages/airflow/example_dags/example_sensor_decorator.py
[2025-09-11T10:02:16.867+0000] {logging_mixin.py:190} INFO - [2025-09-11T10:02:16.866+0000] {dag.py:3239} INFO - Sync 1 DAGs
[2025-09-11T10:02:16.905+0000] {logging_mixin.py:190} INFO - [2025-09-11T10:02:16.904+0000] {dag.py:4180} INFO - Setting next_dagrun for example_sensor_decorator to None, run_after=None
[2025-09-11T10:02:16.961+0000] {processor.py:208} INFO - Processing /home/airflow/.local/lib/python3.12/site-packages/airflow/example_dags/example_sensor_decorator.py took 0.198 seconds
[2025-09-11T10:02:47.743+0000] {processor.py:186} INFO - Started process (PID=1705) to work on /home/airflow/.local/lib/python3.12/site-packages/airflow/example_dags/example_sensor_decorator.py
[2025-09-11T10:02:47.745+0000] {processor.py:914} INFO - Processing file /home/airflow/.local/lib/python3.12/site-packages/airflow/example_dags/example_sensor_decorator.py for tasks to queue
[2025-09-11T10:02:47.759+0000] {logging_mixin.py:190} INFO - [2025-09-11T10:02:47.758+0000] {dagbag.py:588} INFO - Filling up the DagBag from /home/airflow/.local/lib/python3.12/site-packages/airflow/example_dags/example_sensor_decorator.py
[2025-09-11T10:02:47.797+0000] {processor.py:925} INFO - DAG(s) 'example_sensor_decorator' retrieved from /home/airflow/.local/lib/python3.12/site-packages/airflow/example_dags/example_sensor_decorator.py
[2025-09-11T10:02:47.842+0000] {logging_mixin.py:190} INFO - [2025-09-11T10:02:47.841+0000] {dag.py:3239} INFO - Sync 1 DAGs
[2025-09-11T10:02:47.872+0000] {logging_mixin.py:190} INFO - [2025-09-11T10:02:47.871+0000] {dag.py:4180} INFO - Setting next_dagrun for example_sensor_decorator to None, run_after=None
[2025-09-11T10:02:47.906+0000] {processor.py:208} INFO - Processing /home/airflow/.local/lib/python3.12/site-packages/airflow/example_dags/example_sensor_decorator.py took 0.186 seconds
[2025-09-11T10:03:18.779+0000] {processor.py:186} INFO - Started process (PID=1768) to work on /home/airflow/.local/lib/python3.12/site-packages/airflow/example_dags/example_sensor_decorator.py
[2025-09-11T10:03:18.782+0000] {processor.py:914} INFO - Processing file /home/airflow/.local/lib/python3.12/site-packages/airflow/example_dags/example_sensor_decorator.py for tasks to queue
[2025-09-11T10:03:18.787+0000] {logging_mixin.py:190} INFO - [2025-09-11T10:03:18.786+0000] {dagbag.py:588} INFO - Filling up the DagBag from /home/airflow/.local/lib/python3.12/site-packages/airflow/example_dags/example_sensor_decorator.py
[2025-09-11T10:03:18.805+0000] {processor.py:925} INFO - DAG(s) 'example_sensor_decorator' retrieved from /home/airflow/.local/lib/python3.12/site-packages/airflow/example_dags/example_sensor_decorator.py
[2025-09-11T10:03:18.870+0000] {logging_mixin.py:190} INFO - [2025-09-11T10:03:18.869+0000] {dag.py:3239} INFO - Sync 1 DAGs
[2025-09-11T10:03:18.940+0000] {logging_mixin.py:190} INFO - [2025-09-11T10:03:18.940+0000] {dag.py:4180} INFO - Setting next_dagrun for example_sensor_decorator to None, run_after=None
[2025-09-11T10:03:19.017+0000] {processor.py:208} INFO - Processing /home/airflow/.local/lib/python3.12/site-packages/airflow/example_dags/example_sensor_decorator.py took 0.250 seconds
[2025-09-11T10:03:49.162+0000] {processor.py:186} INFO - Started process (PID=1831) to work on /home/airflow/.local/lib/python3.12/site-packages/airflow/example_dags/example_sensor_decorator.py
[2025-09-11T10:03:49.165+0000] {processor.py:914} INFO - Processing file /home/airflow/.local/lib/python3.12/site-packages/airflow/example_dags/example_sensor_decorator.py for tasks to queue
[2025-09-11T10:03:49.170+0000] {logging_mixin.py:190} INFO - [2025-09-11T10:03:49.169+0000] {dagbag.py:588} INFO - Filling up the DagBag from /home/airflow/.local/lib/python3.12/site-packages/airflow/example_dags/example_sensor_decorator.py
[2025-09-11T10:03:49.184+0000] {processor.py:925} INFO - DAG(s) 'example_sensor_decorator' retrieved from /home/airflow/.local/lib/python3.12/site-packages/airflow/example_dags/example_sensor_decorator.py
[2025-09-11T10:03:49.212+0000] {logging_mixin.py:190} INFO - [2025-09-11T10:03:49.212+0000] {dag.py:3239} INFO - Sync 1 DAGs
[2025-09-11T10:03:49.236+0000] {logging_mixin.py:190} INFO - [2025-09-11T10:03:49.235+0000] {dag.py:4180} INFO - Setting next_dagrun for example_sensor_decorator to None, run_after=None
[2025-09-11T10:03:49.277+0000] {processor.py:208} INFO - Processing /home/airflow/.local/lib/python3.12/site-packages/airflow/example_dags/example_sensor_decorator.py took 0.126 seconds
[2025-09-11T10:04:19.601+0000] {processor.py:186} INFO - Started process (PID=1894) to work on /home/airflow/.local/lib/python3.12/site-packages/airflow/example_dags/example_sensor_decorator.py
[2025-09-11T10:04:19.634+0000] {processor.py:914} INFO - Processing file /home/airflow/.local/lib/python3.12/site-packages/airflow/example_dags/example_sensor_decorator.py for tasks to queue
[2025-09-11T10:04:19.642+0000] {logging_mixin.py:190} INFO - [2025-09-11T10:04:19.642+0000] {dagbag.py:588} INFO - Filling up the DagBag from /home/airflow/.local/lib/python3.12/site-packages/airflow/example_dags/example_sensor_decorator.py
[2025-09-11T10:04:19.666+0000] {processor.py:925} INFO - DAG(s) 'example_sensor_decorator' retrieved from /home/airflow/.local/lib/python3.12/site-packages/airflow/example_dags/example_sensor_decorator.py
[2025-09-11T10:04:19.746+0000] {logging_mixin.py:190} INFO - [2025-09-11T10:04:19.736+0000] {dag.py:3239} INFO - Sync 1 DAGs
[2025-09-11T10:04:19.798+0000] {logging_mixin.py:190} INFO - [2025-09-11T10:04:19.798+0000] {dag.py:4180} INFO - Setting next_dagrun for example_sensor_decorator to None, run_after=None
[2025-09-11T10:04:19.893+0000] {processor.py:208} INFO - Processing /home/airflow/.local/lib/python3.12/site-packages/airflow/example_dags/example_sensor_decorator.py took 0.316 seconds
