[2025-09-11T09:49:48.214+0000] {processor.py:186} INFO - Started process (PID=119) to work on /home/airflow/.local/lib/python3.12/site-packages/airflow/example_dags/example_branch_python_dop_operator_3.py
[2025-09-11T09:49:48.216+0000] {processor.py:914} INFO - Processing file /home/airflow/.local/lib/python3.12/site-packages/airflow/example_dags/example_branch_python_dop_operator_3.py for tasks to queue
[2025-09-11T09:49:48.219+0000] {logging_mixin.py:190} INFO - [2025-09-11T09:49:48.219+0000] {dagbag.py:588} INFO - Filling up the DagBag from /home/airflow/.local/lib/python3.12/site-packages/airflow/example_dags/example_branch_python_dop_operator_3.py
[2025-09-11T09:49:48.255+0000] {processor.py:925} INFO - DAG(s) 'example_branch_dop_operator_v3' retrieved from /home/airflow/.local/lib/python3.12/site-packages/airflow/example_dags/example_branch_python_dop_operator_3.py
[2025-09-11T09:49:48.474+0000] {logging_mixin.py:190} INFO - [2025-09-11T09:49:48.473+0000] {override.py:1912} INFO - Created Permission View: can read on DAG:example_branch_dop_operator_v3
[2025-09-11T09:49:48.490+0000] {logging_mixin.py:190} INFO - [2025-09-11T09:49:48.489+0000] {override.py:1912} INFO - Created Permission View: can edit on DAG:example_branch_dop_operator_v3
[2025-09-11T09:49:48.501+0000] {logging_mixin.py:190} INFO - [2025-09-11T09:49:48.500+0000] {override.py:1912} INFO - Created Permission View: can delete on DAG:example_branch_dop_operator_v3
[2025-09-11T09:49:48.514+0000] {logging_mixin.py:190} INFO - [2025-09-11T09:49:48.514+0000] {override.py:1912} INFO - Created Permission View: can create on DAG Run:example_branch_dop_operator_v3
[2025-09-11T09:49:48.526+0000] {logging_mixin.py:190} INFO - [2025-09-11T09:49:48.526+0000] {override.py:1912} INFO - Created Permission View: can read on DAG Run:example_branch_dop_operator_v3
[2025-09-11T09:49:48.538+0000] {logging_mixin.py:190} INFO - [2025-09-11T09:49:48.538+0000] {override.py:1912} INFO - Created Permission View: can delete on DAG Run:example_branch_dop_operator_v3
[2025-09-11T09:49:48.551+0000] {logging_mixin.py:190} INFO - [2025-09-11T09:49:48.551+0000] {override.py:1912} INFO - Created Permission View: menu access on DAG Run:example_branch_dop_operator_v3
[2025-09-11T09:49:48.553+0000] {logging_mixin.py:190} INFO - [2025-09-11T09:49:48.552+0000] {dag.py:3239} INFO - Sync 1 DAGs
[2025-09-11T09:49:48.577+0000] {logging_mixin.py:190} INFO - [2025-09-11T09:49:48.577+0000] {dag.py:3262} INFO - Creating ORM DAG for example_branch_dop_operator_v3
[2025-09-11T09:49:48.600+0000] {logging_mixin.py:190} INFO - [2025-09-11T09:49:48.599+0000] {dag.py:4180} INFO - Setting next_dagrun for example_branch_dop_operator_v3 to 2025-09-11 09:48:00+00:00, run_after=2025-09-11 09:49:00+00:00
[2025-09-11T09:49:48.631+0000] {processor.py:208} INFO - Processing /home/airflow/.local/lib/python3.12/site-packages/airflow/example_dags/example_branch_python_dop_operator_3.py took 0.426 seconds
[2025-09-11T09:50:19.424+0000] {processor.py:186} INFO - Started process (PID=183) to work on /home/airflow/.local/lib/python3.12/site-packages/airflow/example_dags/example_branch_python_dop_operator_3.py
[2025-09-11T09:50:19.426+0000] {processor.py:914} INFO - Processing file /home/airflow/.local/lib/python3.12/site-packages/airflow/example_dags/example_branch_python_dop_operator_3.py for tasks to queue
[2025-09-11T09:50:19.431+0000] {logging_mixin.py:190} INFO - [2025-09-11T09:50:19.430+0000] {dagbag.py:588} INFO - Filling up the DagBag from /home/airflow/.local/lib/python3.12/site-packages/airflow/example_dags/example_branch_python_dop_operator_3.py
[2025-09-11T09:50:19.447+0000] {processor.py:925} INFO - DAG(s) 'example_branch_dop_operator_v3' retrieved from /home/airflow/.local/lib/python3.12/site-packages/airflow/example_dags/example_branch_python_dop_operator_3.py
[2025-09-11T09:50:19.478+0000] {logging_mixin.py:190} INFO - [2025-09-11T09:50:19.477+0000] {dag.py:3239} INFO - Sync 1 DAGs
[2025-09-11T09:50:19.514+0000] {logging_mixin.py:190} INFO - [2025-09-11T09:50:19.514+0000] {dag.py:4180} INFO - Setting next_dagrun for example_branch_dop_operator_v3 to 2025-09-11 09:49:00+00:00, run_after=2025-09-11 09:50:00+00:00
[2025-09-11T09:50:19.553+0000] {processor.py:208} INFO - Processing /home/airflow/.local/lib/python3.12/site-packages/airflow/example_dags/example_branch_python_dop_operator_3.py took 0.138 seconds
[2025-09-11T09:50:50.134+0000] {processor.py:186} INFO - Started process (PID=252) to work on /home/airflow/.local/lib/python3.12/site-packages/airflow/example_dags/example_branch_python_dop_operator_3.py
[2025-09-11T09:50:50.137+0000] {processor.py:914} INFO - Processing file /home/airflow/.local/lib/python3.12/site-packages/airflow/example_dags/example_branch_python_dop_operator_3.py for tasks to queue
[2025-09-11T09:50:50.151+0000] {logging_mixin.py:190} INFO - [2025-09-11T09:50:50.150+0000] {dagbag.py:588} INFO - Filling up the DagBag from /home/airflow/.local/lib/python3.12/site-packages/airflow/example_dags/example_branch_python_dop_operator_3.py
[2025-09-11T09:50:50.188+0000] {processor.py:925} INFO - DAG(s) 'example_branch_dop_operator_v3' retrieved from /home/airflow/.local/lib/python3.12/site-packages/airflow/example_dags/example_branch_python_dop_operator_3.py
[2025-09-11T09:50:50.249+0000] {logging_mixin.py:190} INFO - [2025-09-11T09:50:50.249+0000] {dag.py:3239} INFO - Sync 1 DAGs
[2025-09-11T09:50:50.320+0000] {logging_mixin.py:190} INFO - [2025-09-11T09:50:50.320+0000] {dag.py:4180} INFO - Setting next_dagrun for example_branch_dop_operator_v3 to 2025-09-11 09:49:00+00:00, run_after=2025-09-11 09:50:00+00:00
[2025-09-11T09:50:50.371+0000] {processor.py:208} INFO - Processing /home/airflow/.local/lib/python3.12/site-packages/airflow/example_dags/example_branch_python_dop_operator_3.py took 0.249 seconds
[2025-09-11T09:51:21.359+0000] {processor.py:186} INFO - Started process (PID=318) to work on /home/airflow/.local/lib/python3.12/site-packages/airflow/example_dags/example_branch_python_dop_operator_3.py
[2025-09-11T09:51:21.398+0000] {processor.py:914} INFO - Processing file /home/airflow/.local/lib/python3.12/site-packages/airflow/example_dags/example_branch_python_dop_operator_3.py for tasks to queue
[2025-09-11T09:51:21.405+0000] {logging_mixin.py:190} INFO - [2025-09-11T09:51:21.405+0000] {dagbag.py:588} INFO - Filling up the DagBag from /home/airflow/.local/lib/python3.12/site-packages/airflow/example_dags/example_branch_python_dop_operator_3.py
[2025-09-11T09:51:21.442+0000] {processor.py:925} INFO - DAG(s) 'example_branch_dop_operator_v3' retrieved from /home/airflow/.local/lib/python3.12/site-packages/airflow/example_dags/example_branch_python_dop_operator_3.py
[2025-09-11T09:51:21.493+0000] {logging_mixin.py:190} INFO - [2025-09-11T09:51:21.493+0000] {dag.py:3239} INFO - Sync 1 DAGs
[2025-09-11T09:51:21.558+0000] {logging_mixin.py:190} INFO - [2025-09-11T09:51:21.557+0000] {dag.py:4180} INFO - Setting next_dagrun for example_branch_dop_operator_v3 to 2025-09-11 09:50:00+00:00, run_after=2025-09-11 09:51:00+00:00
[2025-09-11T09:51:21.605+0000] {processor.py:208} INFO - Processing /home/airflow/.local/lib/python3.12/site-packages/airflow/example_dags/example_branch_python_dop_operator_3.py took 0.267 seconds
[2025-09-11T09:51:54.210+0000] {processor.py:186} INFO - Started process (PID=381) to work on /home/airflow/.local/lib/python3.12/site-packages/airflow/example_dags/example_branch_python_dop_operator_3.py
[2025-09-11T09:51:54.220+0000] {processor.py:914} INFO - Processing file /home/airflow/.local/lib/python3.12/site-packages/airflow/example_dags/example_branch_python_dop_operator_3.py for tasks to queue
[2025-09-11T09:51:54.226+0000] {logging_mixin.py:190} INFO - [2025-09-11T09:51:54.225+0000] {dagbag.py:588} INFO - Filling up the DagBag from /home/airflow/.local/lib/python3.12/site-packages/airflow/example_dags/example_branch_python_dop_operator_3.py
[2025-09-11T09:51:54.251+0000] {processor.py:925} INFO - DAG(s) 'example_branch_dop_operator_v3' retrieved from /home/airflow/.local/lib/python3.12/site-packages/airflow/example_dags/example_branch_python_dop_operator_3.py
[2025-09-11T09:51:54.316+0000] {logging_mixin.py:190} INFO - [2025-09-11T09:51:54.316+0000] {dag.py:3239} INFO - Sync 1 DAGs
[2025-09-11T09:51:54.387+0000] {logging_mixin.py:190} INFO - [2025-09-11T09:51:54.386+0000] {dag.py:4180} INFO - Setting next_dagrun for example_branch_dop_operator_v3 to 2025-09-11 09:50:00+00:00, run_after=2025-09-11 09:51:00+00:00
[2025-09-11T09:51:54.448+0000] {processor.py:208} INFO - Processing /home/airflow/.local/lib/python3.12/site-packages/airflow/example_dags/example_branch_python_dop_operator_3.py took 0.249 seconds
[2025-09-11T09:52:24.581+0000] {processor.py:186} INFO - Started process (PID=443) to work on /home/airflow/.local/lib/python3.12/site-packages/airflow/example_dags/example_branch_python_dop_operator_3.py
[2025-09-11T09:52:24.584+0000] {processor.py:914} INFO - Processing file /home/airflow/.local/lib/python3.12/site-packages/airflow/example_dags/example_branch_python_dop_operator_3.py for tasks to queue
[2025-09-11T09:52:24.590+0000] {logging_mixin.py:190} INFO - [2025-09-11T09:52:24.589+0000] {dagbag.py:588} INFO - Filling up the DagBag from /home/airflow/.local/lib/python3.12/site-packages/airflow/example_dags/example_branch_python_dop_operator_3.py
[2025-09-11T09:52:24.610+0000] {processor.py:925} INFO - DAG(s) 'example_branch_dop_operator_v3' retrieved from /home/airflow/.local/lib/python3.12/site-packages/airflow/example_dags/example_branch_python_dop_operator_3.py
[2025-09-11T09:52:24.645+0000] {logging_mixin.py:190} INFO - [2025-09-11T09:52:24.645+0000] {dag.py:3239} INFO - Sync 1 DAGs
[2025-09-11T09:52:24.689+0000] {logging_mixin.py:190} INFO - [2025-09-11T09:52:24.688+0000] {dag.py:4180} INFO - Setting next_dagrun for example_branch_dop_operator_v3 to 2025-09-11 09:51:00+00:00, run_after=2025-09-11 09:52:00+00:00
[2025-09-11T09:52:24.726+0000] {processor.py:208} INFO - Processing /home/airflow/.local/lib/python3.12/site-packages/airflow/example_dags/example_branch_python_dop_operator_3.py took 0.160 seconds
[2025-09-11T09:52:55.251+0000] {processor.py:186} INFO - Started process (PID=505) to work on /home/airflow/.local/lib/python3.12/site-packages/airflow/example_dags/example_branch_python_dop_operator_3.py
[2025-09-11T09:52:55.254+0000] {processor.py:914} INFO - Processing file /home/airflow/.local/lib/python3.12/site-packages/airflow/example_dags/example_branch_python_dop_operator_3.py for tasks to queue
[2025-09-11T09:52:55.258+0000] {logging_mixin.py:190} INFO - [2025-09-11T09:52:55.258+0000] {dagbag.py:588} INFO - Filling up the DagBag from /home/airflow/.local/lib/python3.12/site-packages/airflow/example_dags/example_branch_python_dop_operator_3.py
[2025-09-11T09:52:55.274+0000] {processor.py:925} INFO - DAG(s) 'example_branch_dop_operator_v3' retrieved from /home/airflow/.local/lib/python3.12/site-packages/airflow/example_dags/example_branch_python_dop_operator_3.py
[2025-09-11T09:52:55.300+0000] {logging_mixin.py:190} INFO - [2025-09-11T09:52:55.299+0000] {dag.py:3239} INFO - Sync 1 DAGs
[2025-09-11T09:52:55.344+0000] {logging_mixin.py:190} INFO - [2025-09-11T09:52:55.343+0000] {dag.py:4180} INFO - Setting next_dagrun for example_branch_dop_operator_v3 to 2025-09-11 09:51:00+00:00, run_after=2025-09-11 09:52:00+00:00
[2025-09-11T09:52:55.388+0000] {processor.py:208} INFO - Processing /home/airflow/.local/lib/python3.12/site-packages/airflow/example_dags/example_branch_python_dop_operator_3.py took 0.145 seconds
[2025-09-11T09:53:25.784+0000] {processor.py:186} INFO - Started process (PID=568) to work on /home/airflow/.local/lib/python3.12/site-packages/airflow/example_dags/example_branch_python_dop_operator_3.py
[2025-09-11T09:53:25.788+0000] {processor.py:914} INFO - Processing file /home/airflow/.local/lib/python3.12/site-packages/airflow/example_dags/example_branch_python_dop_operator_3.py for tasks to queue
[2025-09-11T09:53:25.807+0000] {logging_mixin.py:190} INFO - [2025-09-11T09:53:25.806+0000] {dagbag.py:588} INFO - Filling up the DagBag from /home/airflow/.local/lib/python3.12/site-packages/airflow/example_dags/example_branch_python_dop_operator_3.py
[2025-09-11T09:53:25.839+0000] {processor.py:925} INFO - DAG(s) 'example_branch_dop_operator_v3' retrieved from /home/airflow/.local/lib/python3.12/site-packages/airflow/example_dags/example_branch_python_dop_operator_3.py
[2025-09-11T09:53:25.912+0000] {logging_mixin.py:190} INFO - [2025-09-11T09:53:25.912+0000] {dag.py:3239} INFO - Sync 1 DAGs
[2025-09-11T09:53:26.017+0000] {logging_mixin.py:190} INFO - [2025-09-11T09:53:26.016+0000] {dag.py:4180} INFO - Setting next_dagrun for example_branch_dop_operator_v3 to 2025-09-11 09:52:00+00:00, run_after=2025-09-11 09:53:00+00:00
[2025-09-11T09:53:26.085+0000] {processor.py:208} INFO - Processing /home/airflow/.local/lib/python3.12/site-packages/airflow/example_dags/example_branch_python_dop_operator_3.py took 0.320 seconds
[2025-09-11T09:54:01.867+0000] {processor.py:186} INFO - Started process (PID=631) to work on /home/airflow/.local/lib/python3.12/site-packages/airflow/example_dags/example_branch_python_dop_operator_3.py
[2025-09-11T09:54:01.870+0000] {processor.py:914} INFO - Processing file /home/airflow/.local/lib/python3.12/site-packages/airflow/example_dags/example_branch_python_dop_operator_3.py for tasks to queue
[2025-09-11T09:54:01.875+0000] {logging_mixin.py:190} INFO - [2025-09-11T09:54:01.875+0000] {dagbag.py:588} INFO - Filling up the DagBag from /home/airflow/.local/lib/python3.12/site-packages/airflow/example_dags/example_branch_python_dop_operator_3.py
[2025-09-11T09:54:01.931+0000] {processor.py:925} INFO - DAG(s) 'example_branch_dop_operator_v3' retrieved from /home/airflow/.local/lib/python3.12/site-packages/airflow/example_dags/example_branch_python_dop_operator_3.py
[2025-09-11T09:54:02.065+0000] {logging_mixin.py:190} INFO - [2025-09-11T09:54:02.064+0000] {dag.py:3239} INFO - Sync 1 DAGs
[2025-09-11T09:54:02.220+0000] {logging_mixin.py:190} INFO - [2025-09-11T09:54:02.219+0000] {dag.py:4180} INFO - Setting next_dagrun for example_branch_dop_operator_v3 to 2025-09-11 09:53:00+00:00, run_after=2025-09-11 09:54:00+00:00
[2025-09-11T09:54:02.333+0000] {processor.py:208} INFO - Processing /home/airflow/.local/lib/python3.12/site-packages/airflow/example_dags/example_branch_python_dop_operator_3.py took 0.490 seconds
[2025-09-11T09:54:33.081+0000] {processor.py:186} INFO - Started process (PID=693) to work on /home/airflow/.local/lib/python3.12/site-packages/airflow/example_dags/example_branch_python_dop_operator_3.py
[2025-09-11T09:54:33.084+0000] {processor.py:914} INFO - Processing file /home/airflow/.local/lib/python3.12/site-packages/airflow/example_dags/example_branch_python_dop_operator_3.py for tasks to queue
[2025-09-11T09:54:33.097+0000] {logging_mixin.py:190} INFO - [2025-09-11T09:54:33.097+0000] {dagbag.py:588} INFO - Filling up the DagBag from /home/airflow/.local/lib/python3.12/site-packages/airflow/example_dags/example_branch_python_dop_operator_3.py
[2025-09-11T09:54:33.135+0000] {processor.py:925} INFO - DAG(s) 'example_branch_dop_operator_v3' retrieved from /home/airflow/.local/lib/python3.12/site-packages/airflow/example_dags/example_branch_python_dop_operator_3.py
[2025-09-11T09:54:33.192+0000] {logging_mixin.py:190} INFO - [2025-09-11T09:54:33.192+0000] {dag.py:3239} INFO - Sync 1 DAGs
[2025-09-11T09:54:33.239+0000] {logging_mixin.py:190} INFO - [2025-09-11T09:54:33.238+0000] {dag.py:4180} INFO - Setting next_dagrun for example_branch_dop_operator_v3 to 2025-09-11 09:53:00+00:00, run_after=2025-09-11 09:54:00+00:00
[2025-09-11T09:54:33.270+0000] {processor.py:208} INFO - Processing /home/airflow/.local/lib/python3.12/site-packages/airflow/example_dags/example_branch_python_dop_operator_3.py took 0.209 seconds
[2025-09-11T09:55:03.404+0000] {processor.py:186} INFO - Started process (PID=756) to work on /home/airflow/.local/lib/python3.12/site-packages/airflow/example_dags/example_branch_python_dop_operator_3.py
[2025-09-11T09:55:03.406+0000] {processor.py:914} INFO - Processing file /home/airflow/.local/lib/python3.12/site-packages/airflow/example_dags/example_branch_python_dop_operator_3.py for tasks to queue
[2025-09-11T09:55:03.414+0000] {logging_mixin.py:190} INFO - [2025-09-11T09:55:03.413+0000] {dagbag.py:588} INFO - Filling up the DagBag from /home/airflow/.local/lib/python3.12/site-packages/airflow/example_dags/example_branch_python_dop_operator_3.py
[2025-09-11T09:55:03.441+0000] {processor.py:925} INFO - DAG(s) 'example_branch_dop_operator_v3' retrieved from /home/airflow/.local/lib/python3.12/site-packages/airflow/example_dags/example_branch_python_dop_operator_3.py
[2025-09-11T09:55:03.504+0000] {logging_mixin.py:190} INFO - [2025-09-11T09:55:03.503+0000] {dag.py:3239} INFO - Sync 1 DAGs
[2025-09-11T09:55:03.589+0000] {logging_mixin.py:190} INFO - [2025-09-11T09:55:03.589+0000] {dag.py:4180} INFO - Setting next_dagrun for example_branch_dop_operator_v3 to 2025-09-11 09:54:00+00:00, run_after=2025-09-11 09:55:00+00:00
[2025-09-11T09:55:03.645+0000] {processor.py:208} INFO - Processing /home/airflow/.local/lib/python3.12/site-packages/airflow/example_dags/example_branch_python_dop_operator_3.py took 0.260 seconds
[2025-09-11T09:55:34.160+0000] {processor.py:186} INFO - Started process (PID=818) to work on /home/airflow/.local/lib/python3.12/site-packages/airflow/example_dags/example_branch_python_dop_operator_3.py
[2025-09-11T09:55:34.176+0000] {processor.py:914} INFO - Processing file /home/airflow/.local/lib/python3.12/site-packages/airflow/example_dags/example_branch_python_dop_operator_3.py for tasks to queue
[2025-09-11T09:55:34.182+0000] {logging_mixin.py:190} INFO - [2025-09-11T09:55:34.181+0000] {dagbag.py:588} INFO - Filling up the DagBag from /home/airflow/.local/lib/python3.12/site-packages/airflow/example_dags/example_branch_python_dop_operator_3.py
[2025-09-11T09:55:34.213+0000] {processor.py:925} INFO - DAG(s) 'example_branch_dop_operator_v3' retrieved from /home/airflow/.local/lib/python3.12/site-packages/airflow/example_dags/example_branch_python_dop_operator_3.py
[2025-09-11T09:55:34.264+0000] {logging_mixin.py:190} INFO - [2025-09-11T09:55:34.263+0000] {dag.py:3239} INFO - Sync 1 DAGs
[2025-09-11T09:55:34.345+0000] {logging_mixin.py:190} INFO - [2025-09-11T09:55:34.344+0000] {dag.py:4180} INFO - Setting next_dagrun for example_branch_dop_operator_v3 to 2025-09-11 09:54:00+00:00, run_after=2025-09-11 09:55:00+00:00
[2025-09-11T09:55:34.425+0000] {processor.py:208} INFO - Processing /home/airflow/.local/lib/python3.12/site-packages/airflow/example_dags/example_branch_python_dop_operator_3.py took 0.281 seconds
[2025-09-11T09:56:04.660+0000] {processor.py:186} INFO - Started process (PID=881) to work on /home/airflow/.local/lib/python3.12/site-packages/airflow/example_dags/example_branch_python_dop_operator_3.py
[2025-09-11T09:56:04.663+0000] {processor.py:914} INFO - Processing file /home/airflow/.local/lib/python3.12/site-packages/airflow/example_dags/example_branch_python_dop_operator_3.py for tasks to queue
[2025-09-11T09:56:04.667+0000] {logging_mixin.py:190} INFO - [2025-09-11T09:56:04.667+0000] {dagbag.py:588} INFO - Filling up the DagBag from /home/airflow/.local/lib/python3.12/site-packages/airflow/example_dags/example_branch_python_dop_operator_3.py
[2025-09-11T09:56:04.696+0000] {processor.py:925} INFO - DAG(s) 'example_branch_dop_operator_v3' retrieved from /home/airflow/.local/lib/python3.12/site-packages/airflow/example_dags/example_branch_python_dop_operator_3.py
[2025-09-11T09:56:04.772+0000] {logging_mixin.py:190} INFO - [2025-09-11T09:56:04.761+0000] {dag.py:3239} INFO - Sync 1 DAGs
[2025-09-11T09:56:04.852+0000] {logging_mixin.py:190} INFO - [2025-09-11T09:56:04.852+0000] {dag.py:4180} INFO - Setting next_dagrun for example_branch_dop_operator_v3 to 2025-09-11 09:55:00+00:00, run_after=2025-09-11 09:56:00+00:00
[2025-09-11T09:56:04.898+0000] {processor.py:208} INFO - Processing /home/airflow/.local/lib/python3.12/site-packages/airflow/example_dags/example_branch_python_dop_operator_3.py took 0.248 seconds
[2025-09-11T09:56:35.053+0000] {processor.py:186} INFO - Started process (PID=944) to work on /home/airflow/.local/lib/python3.12/site-packages/airflow/example_dags/example_branch_python_dop_operator_3.py
[2025-09-11T09:56:35.055+0000] {processor.py:914} INFO - Processing file /home/airflow/.local/lib/python3.12/site-packages/airflow/example_dags/example_branch_python_dop_operator_3.py for tasks to queue
[2025-09-11T09:56:35.068+0000] {logging_mixin.py:190} INFO - [2025-09-11T09:56:35.068+0000] {dagbag.py:588} INFO - Filling up the DagBag from /home/airflow/.local/lib/python3.12/site-packages/airflow/example_dags/example_branch_python_dop_operator_3.py
[2025-09-11T09:56:35.106+0000] {processor.py:925} INFO - DAG(s) 'example_branch_dop_operator_v3' retrieved from /home/airflow/.local/lib/python3.12/site-packages/airflow/example_dags/example_branch_python_dop_operator_3.py
[2025-09-11T09:56:35.149+0000] {logging_mixin.py:190} INFO - [2025-09-11T09:56:35.149+0000] {dag.py:3239} INFO - Sync 1 DAGs
[2025-09-11T09:56:35.205+0000] {logging_mixin.py:190} INFO - [2025-09-11T09:56:35.205+0000] {dag.py:4180} INFO - Setting next_dagrun for example_branch_dop_operator_v3 to 2025-09-11 09:55:00+00:00, run_after=2025-09-11 09:56:00+00:00
[2025-09-11T09:56:35.255+0000] {processor.py:208} INFO - Processing /home/airflow/.local/lib/python3.12/site-packages/airflow/example_dags/example_branch_python_dop_operator_3.py took 0.214 seconds
[2025-09-11T09:57:05.543+0000] {processor.py:186} INFO - Started process (PID=1006) to work on /home/airflow/.local/lib/python3.12/site-packages/airflow/example_dags/example_branch_python_dop_operator_3.py
[2025-09-11T09:57:05.545+0000] {processor.py:914} INFO - Processing file /home/airflow/.local/lib/python3.12/site-packages/airflow/example_dags/example_branch_python_dop_operator_3.py for tasks to queue
[2025-09-11T09:57:05.550+0000] {logging_mixin.py:190} INFO - [2025-09-11T09:57:05.549+0000] {dagbag.py:588} INFO - Filling up the DagBag from /home/airflow/.local/lib/python3.12/site-packages/airflow/example_dags/example_branch_python_dop_operator_3.py
[2025-09-11T09:57:05.569+0000] {processor.py:925} INFO - DAG(s) 'example_branch_dop_operator_v3' retrieved from /home/airflow/.local/lib/python3.12/site-packages/airflow/example_dags/example_branch_python_dop_operator_3.py
[2025-09-11T09:57:05.608+0000] {logging_mixin.py:190} INFO - [2025-09-11T09:57:05.607+0000] {dag.py:3239} INFO - Sync 1 DAGs
[2025-09-11T09:57:05.655+0000] {logging_mixin.py:190} INFO - [2025-09-11T09:57:05.655+0000] {dag.py:4180} INFO - Setting next_dagrun for example_branch_dop_operator_v3 to 2025-09-11 09:56:00+00:00, run_after=2025-09-11 09:57:00+00:00
[2025-09-11T09:57:05.689+0000] {processor.py:208} INFO - Processing /home/airflow/.local/lib/python3.12/site-packages/airflow/example_dags/example_branch_python_dop_operator_3.py took 0.156 seconds
[2025-09-11T09:57:35.921+0000] {processor.py:186} INFO - Started process (PID=1069) to work on /home/airflow/.local/lib/python3.12/site-packages/airflow/example_dags/example_branch_python_dop_operator_3.py
[2025-09-11T09:57:35.922+0000] {processor.py:914} INFO - Processing file /home/airflow/.local/lib/python3.12/site-packages/airflow/example_dags/example_branch_python_dop_operator_3.py for tasks to queue
[2025-09-11T09:57:35.926+0000] {logging_mixin.py:190} INFO - [2025-09-11T09:57:35.926+0000] {dagbag.py:588} INFO - Filling up the DagBag from /home/airflow/.local/lib/python3.12/site-packages/airflow/example_dags/example_branch_python_dop_operator_3.py
[2025-09-11T09:57:35.945+0000] {processor.py:925} INFO - DAG(s) 'example_branch_dop_operator_v3' retrieved from /home/airflow/.local/lib/python3.12/site-packages/airflow/example_dags/example_branch_python_dop_operator_3.py
[2025-09-11T09:57:35.990+0000] {logging_mixin.py:190} INFO - [2025-09-11T09:57:35.989+0000] {dag.py:3239} INFO - Sync 1 DAGs
[2025-09-11T09:57:36.041+0000] {logging_mixin.py:190} INFO - [2025-09-11T09:57:36.041+0000] {dag.py:4180} INFO - Setting next_dagrun for example_branch_dop_operator_v3 to 2025-09-11 09:56:00+00:00, run_after=2025-09-11 09:57:00+00:00
[2025-09-11T09:57:36.076+0000] {processor.py:208} INFO - Processing /home/airflow/.local/lib/python3.12/site-packages/airflow/example_dags/example_branch_python_dop_operator_3.py took 0.165 seconds
[2025-09-11T09:58:06.694+0000] {processor.py:186} INFO - Started process (PID=1132) to work on /home/airflow/.local/lib/python3.12/site-packages/airflow/example_dags/example_branch_python_dop_operator_3.py
[2025-09-11T09:58:06.698+0000] {processor.py:914} INFO - Processing file /home/airflow/.local/lib/python3.12/site-packages/airflow/example_dags/example_branch_python_dop_operator_3.py for tasks to queue
[2025-09-11T09:58:06.705+0000] {logging_mixin.py:190} INFO - [2025-09-11T09:58:06.704+0000] {dagbag.py:588} INFO - Filling up the DagBag from /home/airflow/.local/lib/python3.12/site-packages/airflow/example_dags/example_branch_python_dop_operator_3.py
[2025-09-11T09:58:06.735+0000] {processor.py:925} INFO - DAG(s) 'example_branch_dop_operator_v3' retrieved from /home/airflow/.local/lib/python3.12/site-packages/airflow/example_dags/example_branch_python_dop_operator_3.py
[2025-09-11T09:58:06.781+0000] {logging_mixin.py:190} INFO - [2025-09-11T09:58:06.781+0000] {dag.py:3239} INFO - Sync 1 DAGs
[2025-09-11T09:58:06.848+0000] {logging_mixin.py:190} INFO - [2025-09-11T09:58:06.848+0000] {dag.py:4180} INFO - Setting next_dagrun for example_branch_dop_operator_v3 to 2025-09-11 09:57:00+00:00, run_after=2025-09-11 09:58:00+00:00
[2025-09-11T09:58:06.900+0000] {processor.py:208} INFO - Processing /home/airflow/.local/lib/python3.12/site-packages/airflow/example_dags/example_branch_python_dop_operator_3.py took 0.226 seconds
[2025-09-11T09:58:37.160+0000] {processor.py:186} INFO - Started process (PID=1195) to work on /home/airflow/.local/lib/python3.12/site-packages/airflow/example_dags/example_branch_python_dop_operator_3.py
[2025-09-11T09:58:37.162+0000] {processor.py:914} INFO - Processing file /home/airflow/.local/lib/python3.12/site-packages/airflow/example_dags/example_branch_python_dop_operator_3.py for tasks to queue
[2025-09-11T09:58:37.169+0000] {logging_mixin.py:190} INFO - [2025-09-11T09:58:37.168+0000] {dagbag.py:588} INFO - Filling up the DagBag from /home/airflow/.local/lib/python3.12/site-packages/airflow/example_dags/example_branch_python_dop_operator_3.py
[2025-09-11T09:58:37.198+0000] {processor.py:925} INFO - DAG(s) 'example_branch_dop_operator_v3' retrieved from /home/airflow/.local/lib/python3.12/site-packages/airflow/example_dags/example_branch_python_dop_operator_3.py
[2025-09-11T09:58:37.253+0000] {logging_mixin.py:190} INFO - [2025-09-11T09:58:37.252+0000] {dag.py:3239} INFO - Sync 1 DAGs
[2025-09-11T09:58:37.373+0000] {logging_mixin.py:190} INFO - [2025-09-11T09:58:37.372+0000] {dag.py:4180} INFO - Setting next_dagrun for example_branch_dop_operator_v3 to 2025-09-11 09:57:00+00:00, run_after=2025-09-11 09:58:00+00:00
[2025-09-11T09:58:37.425+0000] {processor.py:208} INFO - Processing /home/airflow/.local/lib/python3.12/site-packages/airflow/example_dags/example_branch_python_dop_operator_3.py took 0.274 seconds
[2025-09-11T09:59:07.794+0000] {processor.py:186} INFO - Started process (PID=1258) to work on /home/airflow/.local/lib/python3.12/site-packages/airflow/example_dags/example_branch_python_dop_operator_3.py
[2025-09-11T09:59:07.797+0000] {processor.py:914} INFO - Processing file /home/airflow/.local/lib/python3.12/site-packages/airflow/example_dags/example_branch_python_dop_operator_3.py for tasks to queue
[2025-09-11T09:59:07.801+0000] {logging_mixin.py:190} INFO - [2025-09-11T09:59:07.801+0000] {dagbag.py:588} INFO - Filling up the DagBag from /home/airflow/.local/lib/python3.12/site-packages/airflow/example_dags/example_branch_python_dop_operator_3.py
[2025-09-11T09:59:07.829+0000] {processor.py:925} INFO - DAG(s) 'example_branch_dop_operator_v3' retrieved from /home/airflow/.local/lib/python3.12/site-packages/airflow/example_dags/example_branch_python_dop_operator_3.py
[2025-09-11T09:59:07.868+0000] {logging_mixin.py:190} INFO - [2025-09-11T09:59:07.867+0000] {dag.py:3239} INFO - Sync 1 DAGs
[2025-09-11T09:59:07.928+0000] {logging_mixin.py:190} INFO - [2025-09-11T09:59:07.927+0000] {dag.py:4180} INFO - Setting next_dagrun for example_branch_dop_operator_v3 to 2025-09-11 09:58:00+00:00, run_after=2025-09-11 09:59:00+00:00
[2025-09-11T09:59:07.979+0000] {processor.py:208} INFO - Processing /home/airflow/.local/lib/python3.12/site-packages/airflow/example_dags/example_branch_python_dop_operator_3.py took 0.197 seconds
[2025-09-11T09:59:38.267+0000] {processor.py:186} INFO - Started process (PID=1321) to work on /home/airflow/.local/lib/python3.12/site-packages/airflow/example_dags/example_branch_python_dop_operator_3.py
[2025-09-11T09:59:38.269+0000] {processor.py:914} INFO - Processing file /home/airflow/.local/lib/python3.12/site-packages/airflow/example_dags/example_branch_python_dop_operator_3.py for tasks to queue
[2025-09-11T09:59:38.274+0000] {logging_mixin.py:190} INFO - [2025-09-11T09:59:38.274+0000] {dagbag.py:588} INFO - Filling up the DagBag from /home/airflow/.local/lib/python3.12/site-packages/airflow/example_dags/example_branch_python_dop_operator_3.py
[2025-09-11T09:59:38.295+0000] {processor.py:925} INFO - DAG(s) 'example_branch_dop_operator_v3' retrieved from /home/airflow/.local/lib/python3.12/site-packages/airflow/example_dags/example_branch_python_dop_operator_3.py
[2025-09-11T09:59:38.349+0000] {logging_mixin.py:190} INFO - [2025-09-11T09:59:38.349+0000] {dag.py:3239} INFO - Sync 1 DAGs
[2025-09-11T09:59:38.410+0000] {logging_mixin.py:190} INFO - [2025-09-11T09:59:38.409+0000] {dag.py:4180} INFO - Setting next_dagrun for example_branch_dop_operator_v3 to 2025-09-11 09:58:00+00:00, run_after=2025-09-11 09:59:00+00:00
[2025-09-11T09:59:38.450+0000] {processor.py:208} INFO - Processing /home/airflow/.local/lib/python3.12/site-packages/airflow/example_dags/example_branch_python_dop_operator_3.py took 0.190 seconds
[2025-09-11T10:00:08.980+0000] {processor.py:186} INFO - Started process (PID=1384) to work on /home/airflow/.local/lib/python3.12/site-packages/airflow/example_dags/example_branch_python_dop_operator_3.py
[2025-09-11T10:00:08.982+0000] {processor.py:914} INFO - Processing file /home/airflow/.local/lib/python3.12/site-packages/airflow/example_dags/example_branch_python_dop_operator_3.py for tasks to queue
[2025-09-11T10:00:08.986+0000] {logging_mixin.py:190} INFO - [2025-09-11T10:00:08.986+0000] {dagbag.py:588} INFO - Filling up the DagBag from /home/airflow/.local/lib/python3.12/site-packages/airflow/example_dags/example_branch_python_dop_operator_3.py
[2025-09-11T10:00:09.007+0000] {processor.py:925} INFO - DAG(s) 'example_branch_dop_operator_v3' retrieved from /home/airflow/.local/lib/python3.12/site-packages/airflow/example_dags/example_branch_python_dop_operator_3.py
[2025-09-11T10:00:09.039+0000] {logging_mixin.py:190} INFO - [2025-09-11T10:00:09.039+0000] {dag.py:3239} INFO - Sync 1 DAGs
[2025-09-11T10:00:09.076+0000] {logging_mixin.py:190} INFO - [2025-09-11T10:00:09.076+0000] {dag.py:4180} INFO - Setting next_dagrun for example_branch_dop_operator_v3 to 2025-09-11 09:59:00+00:00, run_after=2025-09-11 10:00:00+00:00
[2025-09-11T10:00:09.098+0000] {processor.py:208} INFO - Processing /home/airflow/.local/lib/python3.12/site-packages/airflow/example_dags/example_branch_python_dop_operator_3.py took 0.132 seconds
[2025-09-11T10:00:39.961+0000] {processor.py:186} INFO - Started process (PID=1447) to work on /home/airflow/.local/lib/python3.12/site-packages/airflow/example_dags/example_branch_python_dop_operator_3.py
[2025-09-11T10:00:39.963+0000] {processor.py:914} INFO - Processing file /home/airflow/.local/lib/python3.12/site-packages/airflow/example_dags/example_branch_python_dop_operator_3.py for tasks to queue
[2025-09-11T10:00:39.971+0000] {logging_mixin.py:190} INFO - [2025-09-11T10:00:39.970+0000] {dagbag.py:588} INFO - Filling up the DagBag from /home/airflow/.local/lib/python3.12/site-packages/airflow/example_dags/example_branch_python_dop_operator_3.py
[2025-09-11T10:00:39.992+0000] {processor.py:925} INFO - DAG(s) 'example_branch_dop_operator_v3' retrieved from /home/airflow/.local/lib/python3.12/site-packages/airflow/example_dags/example_branch_python_dop_operator_3.py
[2025-09-11T10:00:40.034+0000] {logging_mixin.py:190} INFO - [2025-09-11T10:00:40.033+0000] {dag.py:3239} INFO - Sync 1 DAGs
[2025-09-11T10:00:40.083+0000] {logging_mixin.py:190} INFO - [2025-09-11T10:00:40.083+0000] {dag.py:4180} INFO - Setting next_dagrun for example_branch_dop_operator_v3 to 2025-09-11 09:59:00+00:00, run_after=2025-09-11 10:00:00+00:00
[2025-09-11T10:00:40.126+0000] {processor.py:208} INFO - Processing /home/airflow/.local/lib/python3.12/site-packages/airflow/example_dags/example_branch_python_dop_operator_3.py took 0.182 seconds
[2025-09-11T10:01:10.911+0000] {processor.py:186} INFO - Started process (PID=1510) to work on /home/airflow/.local/lib/python3.12/site-packages/airflow/example_dags/example_branch_python_dop_operator_3.py
[2025-09-11T10:01:10.914+0000] {processor.py:914} INFO - Processing file /home/airflow/.local/lib/python3.12/site-packages/airflow/example_dags/example_branch_python_dop_operator_3.py for tasks to queue
[2025-09-11T10:01:10.928+0000] {logging_mixin.py:190} INFO - [2025-09-11T10:01:10.927+0000] {dagbag.py:588} INFO - Filling up the DagBag from /home/airflow/.local/lib/python3.12/site-packages/airflow/example_dags/example_branch_python_dop_operator_3.py
[2025-09-11T10:01:10.970+0000] {processor.py:925} INFO - DAG(s) 'example_branch_dop_operator_v3' retrieved from /home/airflow/.local/lib/python3.12/site-packages/airflow/example_dags/example_branch_python_dop_operator_3.py
[2025-09-11T10:01:11.004+0000] {logging_mixin.py:190} INFO - [2025-09-11T10:01:11.004+0000] {dag.py:3239} INFO - Sync 1 DAGs
[2025-09-11T10:01:11.047+0000] {logging_mixin.py:190} INFO - [2025-09-11T10:01:11.047+0000] {dag.py:4180} INFO - Setting next_dagrun for example_branch_dop_operator_v3 to 2025-09-11 10:00:00+00:00, run_after=2025-09-11 10:01:00+00:00
[2025-09-11T10:01:11.087+0000] {processor.py:208} INFO - Processing /home/airflow/.local/lib/python3.12/site-packages/airflow/example_dags/example_branch_python_dop_operator_3.py took 0.185 seconds
[2025-09-11T10:01:41.792+0000] {processor.py:186} INFO - Started process (PID=1573) to work on /home/airflow/.local/lib/python3.12/site-packages/airflow/example_dags/example_branch_python_dop_operator_3.py
[2025-09-11T10:01:41.794+0000] {processor.py:914} INFO - Processing file /home/airflow/.local/lib/python3.12/site-packages/airflow/example_dags/example_branch_python_dop_operator_3.py for tasks to queue
[2025-09-11T10:01:41.799+0000] {logging_mixin.py:190} INFO - [2025-09-11T10:01:41.798+0000] {dagbag.py:588} INFO - Filling up the DagBag from /home/airflow/.local/lib/python3.12/site-packages/airflow/example_dags/example_branch_python_dop_operator_3.py
[2025-09-11T10:01:41.822+0000] {processor.py:925} INFO - DAG(s) 'example_branch_dop_operator_v3' retrieved from /home/airflow/.local/lib/python3.12/site-packages/airflow/example_dags/example_branch_python_dop_operator_3.py
[2025-09-11T10:01:41.882+0000] {logging_mixin.py:190} INFO - [2025-09-11T10:01:41.882+0000] {dag.py:3239} INFO - Sync 1 DAGs
[2025-09-11T10:01:41.943+0000] {logging_mixin.py:190} INFO - [2025-09-11T10:01:41.943+0000] {dag.py:4180} INFO - Setting next_dagrun for example_branch_dop_operator_v3 to 2025-09-11 10:00:00+00:00, run_after=2025-09-11 10:01:00+00:00
[2025-09-11T10:01:41.989+0000] {processor.py:208} INFO - Processing /home/airflow/.local/lib/python3.12/site-packages/airflow/example_dags/example_branch_python_dop_operator_3.py took 0.213 seconds
[2025-09-11T10:02:12.540+0000] {processor.py:186} INFO - Started process (PID=1636) to work on /home/airflow/.local/lib/python3.12/site-packages/airflow/example_dags/example_branch_python_dop_operator_3.py
[2025-09-11T10:02:12.551+0000] {processor.py:914} INFO - Processing file /home/airflow/.local/lib/python3.12/site-packages/airflow/example_dags/example_branch_python_dop_operator_3.py for tasks to queue
[2025-09-11T10:02:12.583+0000] {logging_mixin.py:190} INFO - [2025-09-11T10:02:12.583+0000] {dagbag.py:588} INFO - Filling up the DagBag from /home/airflow/.local/lib/python3.12/site-packages/airflow/example_dags/example_branch_python_dop_operator_3.py
[2025-09-11T10:02:12.647+0000] {processor.py:925} INFO - DAG(s) 'example_branch_dop_operator_v3' retrieved from /home/airflow/.local/lib/python3.12/site-packages/airflow/example_dags/example_branch_python_dop_operator_3.py
[2025-09-11T10:02:12.838+0000] {logging_mixin.py:190} INFO - [2025-09-11T10:02:12.835+0000] {dag.py:3239} INFO - Sync 1 DAGs
[2025-09-11T10:02:12.956+0000] {logging_mixin.py:190} INFO - [2025-09-11T10:02:12.955+0000] {dag.py:4180} INFO - Setting next_dagrun for example_branch_dop_operator_v3 to 2025-09-11 10:01:00+00:00, run_after=2025-09-11 10:02:00+00:00
[2025-09-11T10:02:13.069+0000] {processor.py:208} INFO - Processing /home/airflow/.local/lib/python3.12/site-packages/airflow/example_dags/example_branch_python_dop_operator_3.py took 0.541 seconds
[2025-09-11T10:02:43.570+0000] {processor.py:186} INFO - Started process (PID=1698) to work on /home/airflow/.local/lib/python3.12/site-packages/airflow/example_dags/example_branch_python_dop_operator_3.py
[2025-09-11T10:02:43.575+0000] {processor.py:914} INFO - Processing file /home/airflow/.local/lib/python3.12/site-packages/airflow/example_dags/example_branch_python_dop_operator_3.py for tasks to queue
[2025-09-11T10:02:43.580+0000] {logging_mixin.py:190} INFO - [2025-09-11T10:02:43.579+0000] {dagbag.py:588} INFO - Filling up the DagBag from /home/airflow/.local/lib/python3.12/site-packages/airflow/example_dags/example_branch_python_dop_operator_3.py
[2025-09-11T10:02:43.628+0000] {processor.py:925} INFO - DAG(s) 'example_branch_dop_operator_v3' retrieved from /home/airflow/.local/lib/python3.12/site-packages/airflow/example_dags/example_branch_python_dop_operator_3.py
[2025-09-11T10:02:43.695+0000] {logging_mixin.py:190} INFO - [2025-09-11T10:02:43.694+0000] {dag.py:3239} INFO - Sync 1 DAGs
[2025-09-11T10:02:43.787+0000] {logging_mixin.py:190} INFO - [2025-09-11T10:02:43.787+0000] {dag.py:4180} INFO - Setting next_dagrun for example_branch_dop_operator_v3 to 2025-09-11 10:01:00+00:00, run_after=2025-09-11 10:02:00+00:00
[2025-09-11T10:02:43.859+0000] {processor.py:208} INFO - Processing /home/airflow/.local/lib/python3.12/site-packages/airflow/example_dags/example_branch_python_dop_operator_3.py took 0.329 seconds
[2025-09-11T10:03:14.322+0000] {processor.py:186} INFO - Started process (PID=1761) to work on /home/airflow/.local/lib/python3.12/site-packages/airflow/example_dags/example_branch_python_dop_operator_3.py
[2025-09-11T10:03:14.356+0000] {processor.py:914} INFO - Processing file /home/airflow/.local/lib/python3.12/site-packages/airflow/example_dags/example_branch_python_dop_operator_3.py for tasks to queue
[2025-09-11T10:03:14.380+0000] {logging_mixin.py:190} INFO - [2025-09-11T10:03:14.379+0000] {dagbag.py:588} INFO - Filling up the DagBag from /home/airflow/.local/lib/python3.12/site-packages/airflow/example_dags/example_branch_python_dop_operator_3.py
[2025-09-11T10:03:14.419+0000] {processor.py:925} INFO - DAG(s) 'example_branch_dop_operator_v3' retrieved from /home/airflow/.local/lib/python3.12/site-packages/airflow/example_dags/example_branch_python_dop_operator_3.py
[2025-09-11T10:03:14.477+0000] {logging_mixin.py:190} INFO - [2025-09-11T10:03:14.477+0000] {dag.py:3239} INFO - Sync 1 DAGs
[2025-09-11T10:03:14.559+0000] {logging_mixin.py:190} INFO - [2025-09-11T10:03:14.559+0000] {dag.py:4180} INFO - Setting next_dagrun for example_branch_dop_operator_v3 to 2025-09-11 10:02:00+00:00, run_after=2025-09-11 10:03:00+00:00
[2025-09-11T10:03:14.592+0000] {processor.py:208} INFO - Processing /home/airflow/.local/lib/python3.12/site-packages/airflow/example_dags/example_branch_python_dop_operator_3.py took 0.292 seconds
[2025-09-11T10:03:45.159+0000] {processor.py:186} INFO - Started process (PID=1825) to work on /home/airflow/.local/lib/python3.12/site-packages/airflow/example_dags/example_branch_python_dop_operator_3.py
[2025-09-11T10:03:45.161+0000] {processor.py:914} INFO - Processing file /home/airflow/.local/lib/python3.12/site-packages/airflow/example_dags/example_branch_python_dop_operator_3.py for tasks to queue
[2025-09-11T10:03:45.166+0000] {logging_mixin.py:190} INFO - [2025-09-11T10:03:45.165+0000] {dagbag.py:588} INFO - Filling up the DagBag from /home/airflow/.local/lib/python3.12/site-packages/airflow/example_dags/example_branch_python_dop_operator_3.py
[2025-09-11T10:03:45.187+0000] {processor.py:925} INFO - DAG(s) 'example_branch_dop_operator_v3' retrieved from /home/airflow/.local/lib/python3.12/site-packages/airflow/example_dags/example_branch_python_dop_operator_3.py
[2025-09-11T10:03:45.228+0000] {logging_mixin.py:190} INFO - [2025-09-11T10:03:45.228+0000] {dag.py:3239} INFO - Sync 1 DAGs
[2025-09-11T10:03:45.307+0000] {logging_mixin.py:190} INFO - [2025-09-11T10:03:45.307+0000] {dag.py:4180} INFO - Setting next_dagrun for example_branch_dop_operator_v3 to 2025-09-11 10:02:00+00:00, run_after=2025-09-11 10:03:00+00:00
[2025-09-11T10:03:45.413+0000] {processor.py:208} INFO - Processing /home/airflow/.local/lib/python3.12/site-packages/airflow/example_dags/example_branch_python_dop_operator_3.py took 0.265 seconds
[2025-09-11T10:04:16.001+0000] {processor.py:186} INFO - Started process (PID=1887) to work on /home/airflow/.local/lib/python3.12/site-packages/airflow/example_dags/example_branch_python_dop_operator_3.py
[2025-09-11T10:04:16.004+0000] {processor.py:914} INFO - Processing file /home/airflow/.local/lib/python3.12/site-packages/airflow/example_dags/example_branch_python_dop_operator_3.py for tasks to queue
[2025-09-11T10:04:16.016+0000] {logging_mixin.py:190} INFO - [2025-09-11T10:04:16.015+0000] {dagbag.py:588} INFO - Filling up the DagBag from /home/airflow/.local/lib/python3.12/site-packages/airflow/example_dags/example_branch_python_dop_operator_3.py
[2025-09-11T10:04:16.051+0000] {processor.py:925} INFO - DAG(s) 'example_branch_dop_operator_v3' retrieved from /home/airflow/.local/lib/python3.12/site-packages/airflow/example_dags/example_branch_python_dop_operator_3.py
[2025-09-11T10:04:16.106+0000] {logging_mixin.py:190} INFO - [2025-09-11T10:04:16.102+0000] {dag.py:3239} INFO - Sync 1 DAGs
[2025-09-11T10:04:16.224+0000] {logging_mixin.py:190} INFO - [2025-09-11T10:04:16.223+0000] {dag.py:4180} INFO - Setting next_dagrun for example_branch_dop_operator_v3 to 2025-09-11 10:03:00+00:00, run_after=2025-09-11 10:04:00+00:00
[2025-09-11T10:04:16.322+0000] {processor.py:208} INFO - Processing /home/airflow/.local/lib/python3.12/site-packages/airflow/example_dags/example_branch_python_dop_operator_3.py took 0.346 seconds
[2025-09-11T10:04:46.439+0000] {processor.py:186} INFO - Started process (PID=1951) to work on /home/airflow/.local/lib/python3.12/site-packages/airflow/example_dags/example_branch_python_dop_operator_3.py
[2025-09-11T10:04:46.441+0000] {processor.py:914} INFO - Processing file /home/airflow/.local/lib/python3.12/site-packages/airflow/example_dags/example_branch_python_dop_operator_3.py for tasks to queue
[2025-09-11T10:04:46.448+0000] {logging_mixin.py:190} INFO - [2025-09-11T10:04:46.447+0000] {dagbag.py:588} INFO - Filling up the DagBag from /home/airflow/.local/lib/python3.12/site-packages/airflow/example_dags/example_branch_python_dop_operator_3.py
[2025-09-11T10:04:46.475+0000] {processor.py:925} INFO - DAG(s) 'example_branch_dop_operator_v3' retrieved from /home/airflow/.local/lib/python3.12/site-packages/airflow/example_dags/example_branch_python_dop_operator_3.py
[2025-09-11T10:04:46.516+0000] {logging_mixin.py:190} INFO - [2025-09-11T10:04:46.516+0000] {dag.py:3239} INFO - Sync 1 DAGs
[2025-09-11T10:04:46.587+0000] {logging_mixin.py:190} INFO - [2025-09-11T10:04:46.586+0000] {dag.py:4180} INFO - Setting next_dagrun for example_branch_dop_operator_v3 to 2025-09-11 10:03:00+00:00, run_after=2025-09-11 10:04:00+00:00
[2025-09-11T10:04:46.641+0000] {processor.py:208} INFO - Processing /home/airflow/.local/lib/python3.12/site-packages/airflow/example_dags/example_branch_python_dop_operator_3.py took 0.215 seconds
