[2025-09-11T09:49:54.419+0000] {processor.py:186} INFO - Started process (PID=134) to work on /home/airflow/.local/lib/python3.12/site-packages/airflow/example_dags/example_skip_dag.py
[2025-09-11T09:49:54.421+0000] {processor.py:914} INFO - Processing file /home/airflow/.local/lib/python3.12/site-packages/airflow/example_dags/example_skip_dag.py for tasks to queue
[2025-09-11T09:49:54.428+0000] {logging_mixin.py:190} INFO - [2025-09-11T09:49:54.428+0000] {dagbag.py:588} INFO - Filling up the DagBag from /home/airflow/.local/lib/python3.12/site-packages/airflow/example_dags/example_skip_dag.py
[2025-09-11T09:49:54.452+0000] {processor.py:925} INFO - DAG(s) 'example_skip_dag' retrieved from /home/airflow/.local/lib/python3.12/site-packages/airflow/example_dags/example_skip_dag.py
[2025-09-11T09:49:54.844+0000] {logging_mixin.py:190} INFO - [2025-09-11T09:49:54.843+0000] {override.py:1912} INFO - Created Permission View: can read on DAG:example_skip_dag
[2025-09-11T09:49:54.878+0000] {logging_mixin.py:190} INFO - [2025-09-11T09:49:54.877+0000] {override.py:1912} INFO - Created Permission View: can edit on DAG:example_skip_dag
[2025-09-11T09:49:54.899+0000] {logging_mixin.py:190} INFO - [2025-09-11T09:49:54.897+0000] {override.py:1912} INFO - Created Permission View: can delete on DAG:example_skip_dag
[2025-09-11T09:49:54.935+0000] {logging_mixin.py:190} INFO - [2025-09-11T09:49:54.934+0000] {override.py:1912} INFO - Created Permission View: can create on DAG Run:example_skip_dag
[2025-09-11T09:49:54.948+0000] {logging_mixin.py:190} INFO - [2025-09-11T09:49:54.948+0000] {override.py:1912} INFO - Created Permission View: can read on DAG Run:example_skip_dag
[2025-09-11T09:49:54.966+0000] {logging_mixin.py:190} INFO - [2025-09-11T09:49:54.966+0000] {override.py:1912} INFO - Created Permission View: can delete on DAG Run:example_skip_dag
[2025-09-11T09:49:54.981+0000] {logging_mixin.py:190} INFO - [2025-09-11T09:49:54.980+0000] {override.py:1912} INFO - Created Permission View: menu access on DAG Run:example_skip_dag
[2025-09-11T09:49:54.982+0000] {logging_mixin.py:190} INFO - [2025-09-11T09:49:54.982+0000] {dag.py:3239} INFO - Sync 1 DAGs
[2025-09-11T09:49:55.013+0000] {logging_mixin.py:190} INFO - [2025-09-11T09:49:55.012+0000] {dag.py:3262} INFO - Creating ORM DAG for example_skip_dag
[2025-09-11T09:49:55.037+0000] {logging_mixin.py:190} INFO - [2025-09-11T09:49:55.037+0000] {dag.py:4180} INFO - Setting next_dagrun for example_skip_dag to 2025-09-10 00:00:00+00:00, run_after=2025-09-11 00:00:00+00:00
[2025-09-11T09:49:55.079+0000] {processor.py:208} INFO - Processing /home/airflow/.local/lib/python3.12/site-packages/airflow/example_dags/example_skip_dag.py took 0.672 seconds
[2025-09-11T09:50:25.446+0000] {processor.py:186} INFO - Started process (PID=198) to work on /home/airflow/.local/lib/python3.12/site-packages/airflow/example_dags/example_skip_dag.py
[2025-09-11T09:50:25.447+0000] {processor.py:914} INFO - Processing file /home/airflow/.local/lib/python3.12/site-packages/airflow/example_dags/example_skip_dag.py for tasks to queue
[2025-09-11T09:50:25.451+0000] {logging_mixin.py:190} INFO - [2025-09-11T09:50:25.450+0000] {dagbag.py:588} INFO - Filling up the DagBag from /home/airflow/.local/lib/python3.12/site-packages/airflow/example_dags/example_skip_dag.py
[2025-09-11T09:50:25.460+0000] {processor.py:925} INFO - DAG(s) 'example_skip_dag' retrieved from /home/airflow/.local/lib/python3.12/site-packages/airflow/example_dags/example_skip_dag.py
[2025-09-11T09:50:25.503+0000] {logging_mixin.py:190} INFO - [2025-09-11T09:50:25.503+0000] {dag.py:3239} INFO - Sync 1 DAGs
[2025-09-11T09:50:25.555+0000] {logging_mixin.py:190} INFO - [2025-09-11T09:50:25.555+0000] {dag.py:4180} INFO - Setting next_dagrun for example_skip_dag to 2025-09-10 00:00:00+00:00, run_after=2025-09-11 00:00:00+00:00
[2025-09-11T09:50:25.598+0000] {processor.py:208} INFO - Processing /home/airflow/.local/lib/python3.12/site-packages/airflow/example_dags/example_skip_dag.py took 0.160 seconds
[2025-09-11T09:50:55.999+0000] {processor.py:186} INFO - Started process (PID=269) to work on /home/airflow/.local/lib/python3.12/site-packages/airflow/example_dags/example_skip_dag.py
[2025-09-11T09:50:56.006+0000] {processor.py:914} INFO - Processing file /home/airflow/.local/lib/python3.12/site-packages/airflow/example_dags/example_skip_dag.py for tasks to queue
[2025-09-11T09:50:56.013+0000] {logging_mixin.py:190} INFO - [2025-09-11T09:50:56.013+0000] {dagbag.py:588} INFO - Filling up the DagBag from /home/airflow/.local/lib/python3.12/site-packages/airflow/example_dags/example_skip_dag.py
[2025-09-11T09:50:56.036+0000] {processor.py:925} INFO - DAG(s) 'example_skip_dag' retrieved from /home/airflow/.local/lib/python3.12/site-packages/airflow/example_dags/example_skip_dag.py
[2025-09-11T09:50:56.070+0000] {logging_mixin.py:190} INFO - [2025-09-11T09:50:56.070+0000] {dag.py:3239} INFO - Sync 1 DAGs
[2025-09-11T09:50:56.104+0000] {logging_mixin.py:190} INFO - [2025-09-11T09:50:56.103+0000] {dag.py:4180} INFO - Setting next_dagrun for example_skip_dag to 2025-09-10 00:00:00+00:00, run_after=2025-09-11 00:00:00+00:00
[2025-09-11T09:50:56.128+0000] {processor.py:208} INFO - Processing /home/airflow/.local/lib/python3.12/site-packages/airflow/example_dags/example_skip_dag.py took 0.147 seconds
[2025-09-11T09:51:26.447+0000] {processor.py:186} INFO - Started process (PID=333) to work on /home/airflow/.local/lib/python3.12/site-packages/airflow/example_dags/example_skip_dag.py
[2025-09-11T09:51:26.449+0000] {processor.py:914} INFO - Processing file /home/airflow/.local/lib/python3.12/site-packages/airflow/example_dags/example_skip_dag.py for tasks to queue
[2025-09-11T09:51:26.454+0000] {logging_mixin.py:190} INFO - [2025-09-11T09:51:26.454+0000] {dagbag.py:588} INFO - Filling up the DagBag from /home/airflow/.local/lib/python3.12/site-packages/airflow/example_dags/example_skip_dag.py
[2025-09-11T09:51:26.468+0000] {processor.py:925} INFO - DAG(s) 'example_skip_dag' retrieved from /home/airflow/.local/lib/python3.12/site-packages/airflow/example_dags/example_skip_dag.py
[2025-09-11T09:51:26.507+0000] {logging_mixin.py:190} INFO - [2025-09-11T09:51:26.507+0000] {dag.py:3239} INFO - Sync 1 DAGs
[2025-09-11T09:51:26.550+0000] {logging_mixin.py:190} INFO - [2025-09-11T09:51:26.549+0000] {dag.py:4180} INFO - Setting next_dagrun for example_skip_dag to 2025-09-10 00:00:00+00:00, run_after=2025-09-11 00:00:00+00:00
[2025-09-11T09:51:26.581+0000] {processor.py:208} INFO - Processing /home/airflow/.local/lib/python3.12/site-packages/airflow/example_dags/example_skip_dag.py took 0.147 seconds
[2025-09-11T09:51:57.978+0000] {processor.py:186} INFO - Started process (PID=396) to work on /home/airflow/.local/lib/python3.12/site-packages/airflow/example_dags/example_skip_dag.py
[2025-09-11T09:51:57.981+0000] {processor.py:914} INFO - Processing file /home/airflow/.local/lib/python3.12/site-packages/airflow/example_dags/example_skip_dag.py for tasks to queue
[2025-09-11T09:51:57.986+0000] {logging_mixin.py:190} INFO - [2025-09-11T09:51:57.985+0000] {dagbag.py:588} INFO - Filling up the DagBag from /home/airflow/.local/lib/python3.12/site-packages/airflow/example_dags/example_skip_dag.py
[2025-09-11T09:51:58.008+0000] {processor.py:925} INFO - DAG(s) 'example_skip_dag' retrieved from /home/airflow/.local/lib/python3.12/site-packages/airflow/example_dags/example_skip_dag.py
[2025-09-11T09:51:58.060+0000] {logging_mixin.py:190} INFO - [2025-09-11T09:51:58.059+0000] {dag.py:3239} INFO - Sync 1 DAGs
[2025-09-11T09:51:58.127+0000] {logging_mixin.py:190} INFO - [2025-09-11T09:51:58.127+0000] {dag.py:4180} INFO - Setting next_dagrun for example_skip_dag to 2025-09-10 00:00:00+00:00, run_after=2025-09-11 00:00:00+00:00
[2025-09-11T09:51:58.166+0000] {processor.py:208} INFO - Processing /home/airflow/.local/lib/python3.12/site-packages/airflow/example_dags/example_skip_dag.py took 0.203 seconds
[2025-09-11T09:52:28.432+0000] {processor.py:186} INFO - Started process (PID=460) to work on /home/airflow/.local/lib/python3.12/site-packages/airflow/example_dags/example_skip_dag.py
[2025-09-11T09:52:28.434+0000] {processor.py:914} INFO - Processing file /home/airflow/.local/lib/python3.12/site-packages/airflow/example_dags/example_skip_dag.py for tasks to queue
[2025-09-11T09:52:28.439+0000] {logging_mixin.py:190} INFO - [2025-09-11T09:52:28.438+0000] {dagbag.py:588} INFO - Filling up the DagBag from /home/airflow/.local/lib/python3.12/site-packages/airflow/example_dags/example_skip_dag.py
[2025-09-11T09:52:28.455+0000] {processor.py:925} INFO - DAG(s) 'example_skip_dag' retrieved from /home/airflow/.local/lib/python3.12/site-packages/airflow/example_dags/example_skip_dag.py
[2025-09-11T09:52:28.513+0000] {logging_mixin.py:190} INFO - [2025-09-11T09:52:28.510+0000] {dag.py:3239} INFO - Sync 1 DAGs
[2025-09-11T09:52:28.575+0000] {logging_mixin.py:190} INFO - [2025-09-11T09:52:28.574+0000] {dag.py:4180} INFO - Setting next_dagrun for example_skip_dag to 2025-09-10 00:00:00+00:00, run_after=2025-09-11 00:00:00+00:00
[2025-09-11T09:52:28.608+0000] {processor.py:208} INFO - Processing /home/airflow/.local/lib/python3.12/site-packages/airflow/example_dags/example_skip_dag.py took 0.187 seconds
[2025-09-11T09:53:01.193+0000] {processor.py:186} INFO - Started process (PID=522) to work on /home/airflow/.local/lib/python3.12/site-packages/airflow/example_dags/example_skip_dag.py
[2025-09-11T09:53:01.196+0000] {processor.py:914} INFO - Processing file /home/airflow/.local/lib/python3.12/site-packages/airflow/example_dags/example_skip_dag.py for tasks to queue
[2025-09-11T09:53:01.202+0000] {logging_mixin.py:190} INFO - [2025-09-11T09:53:01.201+0000] {dagbag.py:588} INFO - Filling up the DagBag from /home/airflow/.local/lib/python3.12/site-packages/airflow/example_dags/example_skip_dag.py
[2025-09-11T09:53:01.236+0000] {processor.py:925} INFO - DAG(s) 'example_skip_dag' retrieved from /home/airflow/.local/lib/python3.12/site-packages/airflow/example_dags/example_skip_dag.py
[2025-09-11T09:53:01.353+0000] {logging_mixin.py:190} INFO - [2025-09-11T09:53:01.352+0000] {dag.py:3239} INFO - Sync 1 DAGs
[2025-09-11T09:53:01.464+0000] {logging_mixin.py:190} INFO - [2025-09-11T09:53:01.464+0000] {dag.py:4180} INFO - Setting next_dagrun for example_skip_dag to 2025-09-10 00:00:00+00:00, run_after=2025-09-11 00:00:00+00:00
[2025-09-11T09:53:01.536+0000] {processor.py:208} INFO - Processing /home/airflow/.local/lib/python3.12/site-packages/airflow/example_dags/example_skip_dag.py took 0.363 seconds
[2025-09-11T09:53:37.845+0000] {processor.py:186} INFO - Started process (PID=591) to work on /home/airflow/.local/lib/python3.12/site-packages/airflow/example_dags/example_skip_dag.py
[2025-09-11T09:53:37.851+0000] {processor.py:914} INFO - Processing file /home/airflow/.local/lib/python3.12/site-packages/airflow/example_dags/example_skip_dag.py for tasks to queue
[2025-09-11T09:53:37.860+0000] {logging_mixin.py:190} INFO - [2025-09-11T09:53:37.858+0000] {dagbag.py:588} INFO - Filling up the DagBag from /home/airflow/.local/lib/python3.12/site-packages/airflow/example_dags/example_skip_dag.py
[2025-09-11T09:53:37.886+0000] {processor.py:925} INFO - DAG(s) 'example_skip_dag' retrieved from /home/airflow/.local/lib/python3.12/site-packages/airflow/example_dags/example_skip_dag.py
[2025-09-11T09:53:37.977+0000] {logging_mixin.py:190} INFO - [2025-09-11T09:53:37.977+0000] {dag.py:3239} INFO - Sync 1 DAGs
[2025-09-11T09:53:38.121+0000] {logging_mixin.py:190} INFO - [2025-09-11T09:53:38.121+0000] {dag.py:4180} INFO - Setting next_dagrun for example_skip_dag to 2025-09-10 00:00:00+00:00, run_after=2025-09-11 00:00:00+00:00
[2025-09-11T09:53:38.206+0000] {processor.py:208} INFO - Processing /home/airflow/.local/lib/python3.12/site-packages/airflow/example_dags/example_skip_dag.py took 0.382 seconds
[2025-09-11T09:54:11.911+0000] {processor.py:186} INFO - Started process (PID=656) to work on /home/airflow/.local/lib/python3.12/site-packages/airflow/example_dags/example_skip_dag.py
[2025-09-11T09:54:11.913+0000] {processor.py:914} INFO - Processing file /home/airflow/.local/lib/python3.12/site-packages/airflow/example_dags/example_skip_dag.py for tasks to queue
[2025-09-11T09:54:11.927+0000] {logging_mixin.py:190} INFO - [2025-09-11T09:54:11.922+0000] {dagbag.py:588} INFO - Filling up the DagBag from /home/airflow/.local/lib/python3.12/site-packages/airflow/example_dags/example_skip_dag.py
[2025-09-11T09:54:11.953+0000] {processor.py:925} INFO - DAG(s) 'example_skip_dag' retrieved from /home/airflow/.local/lib/python3.12/site-packages/airflow/example_dags/example_skip_dag.py
[2025-09-11T09:54:12.014+0000] {logging_mixin.py:190} INFO - [2025-09-11T09:54:12.014+0000] {dag.py:3239} INFO - Sync 1 DAGs
[2025-09-11T09:54:12.118+0000] {logging_mixin.py:190} INFO - [2025-09-11T09:54:12.118+0000] {dag.py:4180} INFO - Setting next_dagrun for example_skip_dag to 2025-09-10 00:00:00+00:00, run_after=2025-09-11 00:00:00+00:00
[2025-09-11T09:54:12.244+0000] {processor.py:208} INFO - Processing /home/airflow/.local/lib/python3.12/site-packages/airflow/example_dags/example_skip_dag.py took 0.355 seconds
[2025-09-11T09:54:43.367+0000] {processor.py:186} INFO - Started process (PID=719) to work on /home/airflow/.local/lib/python3.12/site-packages/airflow/example_dags/example_skip_dag.py
[2025-09-11T09:54:43.369+0000] {processor.py:914} INFO - Processing file /home/airflow/.local/lib/python3.12/site-packages/airflow/example_dags/example_skip_dag.py for tasks to queue
[2025-09-11T09:54:43.373+0000] {logging_mixin.py:190} INFO - [2025-09-11T09:54:43.373+0000] {dagbag.py:588} INFO - Filling up the DagBag from /home/airflow/.local/lib/python3.12/site-packages/airflow/example_dags/example_skip_dag.py
[2025-09-11T09:54:43.387+0000] {processor.py:925} INFO - DAG(s) 'example_skip_dag' retrieved from /home/airflow/.local/lib/python3.12/site-packages/airflow/example_dags/example_skip_dag.py
[2025-09-11T09:54:43.424+0000] {logging_mixin.py:190} INFO - [2025-09-11T09:54:43.424+0000] {dag.py:3239} INFO - Sync 1 DAGs
[2025-09-11T09:54:43.464+0000] {logging_mixin.py:190} INFO - [2025-09-11T09:54:43.464+0000] {dag.py:4180} INFO - Setting next_dagrun for example_skip_dag to 2025-09-10 00:00:00+00:00, run_after=2025-09-11 00:00:00+00:00
[2025-09-11T09:54:43.505+0000] {processor.py:208} INFO - Processing /home/airflow/.local/lib/python3.12/site-packages/airflow/example_dags/example_skip_dag.py took 0.149 seconds
[2025-09-11T09:55:14.974+0000] {processor.py:186} INFO - Started process (PID=782) to work on /home/airflow/.local/lib/python3.12/site-packages/airflow/example_dags/example_skip_dag.py
[2025-09-11T09:55:14.977+0000] {processor.py:914} INFO - Processing file /home/airflow/.local/lib/python3.12/site-packages/airflow/example_dags/example_skip_dag.py for tasks to queue
[2025-09-11T09:55:14.991+0000] {logging_mixin.py:190} INFO - [2025-09-11T09:55:14.991+0000] {dagbag.py:588} INFO - Filling up the DagBag from /home/airflow/.local/lib/python3.12/site-packages/airflow/example_dags/example_skip_dag.py
[2025-09-11T09:55:15.025+0000] {processor.py:925} INFO - DAG(s) 'example_skip_dag' retrieved from /home/airflow/.local/lib/python3.12/site-packages/airflow/example_dags/example_skip_dag.py
[2025-09-11T09:55:15.202+0000] {logging_mixin.py:190} INFO - [2025-09-11T09:55:15.202+0000] {dag.py:3239} INFO - Sync 1 DAGs
[2025-09-11T09:55:15.305+0000] {logging_mixin.py:190} INFO - [2025-09-11T09:55:15.305+0000] {dag.py:4180} INFO - Setting next_dagrun for example_skip_dag to 2025-09-10 00:00:00+00:00, run_after=2025-09-11 00:00:00+00:00
[2025-09-11T09:55:15.499+0000] {processor.py:208} INFO - Processing /home/airflow/.local/lib/python3.12/site-packages/airflow/example_dags/example_skip_dag.py took 0.544 seconds
[2025-09-11T09:55:45.692+0000] {processor.py:186} INFO - Started process (PID=851) to work on /home/airflow/.local/lib/python3.12/site-packages/airflow/example_dags/example_skip_dag.py
[2025-09-11T09:55:45.694+0000] {processor.py:914} INFO - Processing file /home/airflow/.local/lib/python3.12/site-packages/airflow/example_dags/example_skip_dag.py for tasks to queue
[2025-09-11T09:55:45.701+0000] {logging_mixin.py:190} INFO - [2025-09-11T09:55:45.699+0000] {dagbag.py:588} INFO - Filling up the DagBag from /home/airflow/.local/lib/python3.12/site-packages/airflow/example_dags/example_skip_dag.py
[2025-09-11T09:55:45.713+0000] {processor.py:925} INFO - DAG(s) 'example_skip_dag' retrieved from /home/airflow/.local/lib/python3.12/site-packages/airflow/example_dags/example_skip_dag.py
[2025-09-11T09:55:45.759+0000] {logging_mixin.py:190} INFO - [2025-09-11T09:55:45.759+0000] {dag.py:3239} INFO - Sync 1 DAGs
[2025-09-11T09:55:45.853+0000] {logging_mixin.py:190} INFO - [2025-09-11T09:55:45.852+0000] {dag.py:4180} INFO - Setting next_dagrun for example_skip_dag to 2025-09-10 00:00:00+00:00, run_after=2025-09-11 00:00:00+00:00
[2025-09-11T09:55:45.920+0000] {processor.py:208} INFO - Processing /home/airflow/.local/lib/python3.12/site-packages/airflow/example_dags/example_skip_dag.py took 0.238 seconds
[2025-09-11T09:56:16.944+0000] {processor.py:186} INFO - Started process (PID=915) to work on /home/airflow/.local/lib/python3.12/site-packages/airflow/example_dags/example_skip_dag.py
[2025-09-11T09:56:16.945+0000] {processor.py:914} INFO - Processing file /home/airflow/.local/lib/python3.12/site-packages/airflow/example_dags/example_skip_dag.py for tasks to queue
[2025-09-11T09:56:16.952+0000] {logging_mixin.py:190} INFO - [2025-09-11T09:56:16.951+0000] {dagbag.py:588} INFO - Filling up the DagBag from /home/airflow/.local/lib/python3.12/site-packages/airflow/example_dags/example_skip_dag.py
[2025-09-11T09:56:16.975+0000] {processor.py:925} INFO - DAG(s) 'example_skip_dag' retrieved from /home/airflow/.local/lib/python3.12/site-packages/airflow/example_dags/example_skip_dag.py
[2025-09-11T09:56:17.020+0000] {logging_mixin.py:190} INFO - [2025-09-11T09:56:17.020+0000] {dag.py:3239} INFO - Sync 1 DAGs
[2025-09-11T09:56:17.085+0000] {logging_mixin.py:190} INFO - [2025-09-11T09:56:17.084+0000] {dag.py:4180} INFO - Setting next_dagrun for example_skip_dag to 2025-09-10 00:00:00+00:00, run_after=2025-09-11 00:00:00+00:00
[2025-09-11T09:56:17.159+0000] {processor.py:208} INFO - Processing /home/airflow/.local/lib/python3.12/site-packages/airflow/example_dags/example_skip_dag.py took 0.223 seconds
[2025-09-11T09:56:48.210+0000] {processor.py:186} INFO - Started process (PID=979) to work on /home/airflow/.local/lib/python3.12/site-packages/airflow/example_dags/example_skip_dag.py
[2025-09-11T09:56:48.211+0000] {processor.py:914} INFO - Processing file /home/airflow/.local/lib/python3.12/site-packages/airflow/example_dags/example_skip_dag.py for tasks to queue
[2025-09-11T09:56:48.216+0000] {logging_mixin.py:190} INFO - [2025-09-11T09:56:48.215+0000] {dagbag.py:588} INFO - Filling up the DagBag from /home/airflow/.local/lib/python3.12/site-packages/airflow/example_dags/example_skip_dag.py
[2025-09-11T09:56:48.234+0000] {processor.py:925} INFO - DAG(s) 'example_skip_dag' retrieved from /home/airflow/.local/lib/python3.12/site-packages/airflow/example_dags/example_skip_dag.py
[2025-09-11T09:56:48.272+0000] {logging_mixin.py:190} INFO - [2025-09-11T09:56:48.272+0000] {dag.py:3239} INFO - Sync 1 DAGs
[2025-09-11T09:56:48.308+0000] {logging_mixin.py:190} INFO - [2025-09-11T09:56:48.308+0000] {dag.py:4180} INFO - Setting next_dagrun for example_skip_dag to 2025-09-10 00:00:00+00:00, run_after=2025-09-11 00:00:00+00:00
[2025-09-11T09:56:48.347+0000] {processor.py:208} INFO - Processing /home/airflow/.local/lib/python3.12/site-packages/airflow/example_dags/example_skip_dag.py took 0.150 seconds
[2025-09-11T09:57:18.875+0000] {processor.py:186} INFO - Started process (PID=1041) to work on /home/airflow/.local/lib/python3.12/site-packages/airflow/example_dags/example_skip_dag.py
[2025-09-11T09:57:18.877+0000] {processor.py:914} INFO - Processing file /home/airflow/.local/lib/python3.12/site-packages/airflow/example_dags/example_skip_dag.py for tasks to queue
[2025-09-11T09:57:18.890+0000] {logging_mixin.py:190} INFO - [2025-09-11T09:57:18.889+0000] {dagbag.py:588} INFO - Filling up the DagBag from /home/airflow/.local/lib/python3.12/site-packages/airflow/example_dags/example_skip_dag.py
[2025-09-11T09:57:18.914+0000] {processor.py:925} INFO - DAG(s) 'example_skip_dag' retrieved from /home/airflow/.local/lib/python3.12/site-packages/airflow/example_dags/example_skip_dag.py
[2025-09-11T09:57:18.982+0000] {logging_mixin.py:190} INFO - [2025-09-11T09:57:18.982+0000] {dag.py:3239} INFO - Sync 1 DAGs
[2025-09-11T09:57:19.045+0000] {logging_mixin.py:190} INFO - [2025-09-11T09:57:19.045+0000] {dag.py:4180} INFO - Setting next_dagrun for example_skip_dag to 2025-09-10 00:00:00+00:00, run_after=2025-09-11 00:00:00+00:00
[2025-09-11T09:57:19.110+0000] {processor.py:208} INFO - Processing /home/airflow/.local/lib/python3.12/site-packages/airflow/example_dags/example_skip_dag.py took 0.249 seconds
[2025-09-11T09:57:50.340+0000] {processor.py:186} INFO - Started process (PID=1104) to work on /home/airflow/.local/lib/python3.12/site-packages/airflow/example_dags/example_skip_dag.py
[2025-09-11T09:57:50.342+0000] {processor.py:914} INFO - Processing file /home/airflow/.local/lib/python3.12/site-packages/airflow/example_dags/example_skip_dag.py for tasks to queue
[2025-09-11T09:57:50.356+0000] {logging_mixin.py:190} INFO - [2025-09-11T09:57:50.356+0000] {dagbag.py:588} INFO - Filling up the DagBag from /home/airflow/.local/lib/python3.12/site-packages/airflow/example_dags/example_skip_dag.py
[2025-09-11T09:57:50.406+0000] {processor.py:925} INFO - DAG(s) 'example_skip_dag' retrieved from /home/airflow/.local/lib/python3.12/site-packages/airflow/example_dags/example_skip_dag.py
[2025-09-11T09:57:50.482+0000] {logging_mixin.py:190} INFO - [2025-09-11T09:57:50.482+0000] {dag.py:3239} INFO - Sync 1 DAGs
[2025-09-11T09:57:50.562+0000] {logging_mixin.py:190} INFO - [2025-09-11T09:57:50.561+0000] {dag.py:4180} INFO - Setting next_dagrun for example_skip_dag to 2025-09-10 00:00:00+00:00, run_after=2025-09-11 00:00:00+00:00
[2025-09-11T09:57:50.622+0000] {processor.py:208} INFO - Processing /home/airflow/.local/lib/python3.12/site-packages/airflow/example_dags/example_skip_dag.py took 0.304 seconds
[2025-09-11T09:58:21.342+0000] {processor.py:186} INFO - Started process (PID=1166) to work on /home/airflow/.local/lib/python3.12/site-packages/airflow/example_dags/example_skip_dag.py
[2025-09-11T09:58:21.344+0000] {processor.py:914} INFO - Processing file /home/airflow/.local/lib/python3.12/site-packages/airflow/example_dags/example_skip_dag.py for tasks to queue
[2025-09-11T09:58:21.352+0000] {logging_mixin.py:190} INFO - [2025-09-11T09:58:21.351+0000] {dagbag.py:588} INFO - Filling up the DagBag from /home/airflow/.local/lib/python3.12/site-packages/airflow/example_dags/example_skip_dag.py
[2025-09-11T09:58:21.376+0000] {processor.py:925} INFO - DAG(s) 'example_skip_dag' retrieved from /home/airflow/.local/lib/python3.12/site-packages/airflow/example_dags/example_skip_dag.py
[2025-09-11T09:58:21.425+0000] {logging_mixin.py:190} INFO - [2025-09-11T09:58:21.424+0000] {dag.py:3239} INFO - Sync 1 DAGs
[2025-09-11T09:58:21.490+0000] {logging_mixin.py:190} INFO - [2025-09-11T09:58:21.490+0000] {dag.py:4180} INFO - Setting next_dagrun for example_skip_dag to 2025-09-10 00:00:00+00:00, run_after=2025-09-11 00:00:00+00:00
[2025-09-11T09:58:21.546+0000] {processor.py:208} INFO - Processing /home/airflow/.local/lib/python3.12/site-packages/airflow/example_dags/example_skip_dag.py took 0.221 seconds
[2025-09-11T09:58:52.484+0000] {processor.py:186} INFO - Started process (PID=1229) to work on /home/airflow/.local/lib/python3.12/site-packages/airflow/example_dags/example_skip_dag.py
[2025-09-11T09:58:52.486+0000] {processor.py:914} INFO - Processing file /home/airflow/.local/lib/python3.12/site-packages/airflow/example_dags/example_skip_dag.py for tasks to queue
[2025-09-11T09:58:52.502+0000] {logging_mixin.py:190} INFO - [2025-09-11T09:58:52.501+0000] {dagbag.py:588} INFO - Filling up the DagBag from /home/airflow/.local/lib/python3.12/site-packages/airflow/example_dags/example_skip_dag.py
[2025-09-11T09:58:52.582+0000] {processor.py:925} INFO - DAG(s) 'example_skip_dag' retrieved from /home/airflow/.local/lib/python3.12/site-packages/airflow/example_dags/example_skip_dag.py
[2025-09-11T09:58:52.687+0000] {logging_mixin.py:190} INFO - [2025-09-11T09:58:52.686+0000] {dag.py:3239} INFO - Sync 1 DAGs
[2025-09-11T09:58:52.808+0000] {logging_mixin.py:190} INFO - [2025-09-11T09:58:52.808+0000] {dag.py:4180} INFO - Setting next_dagrun for example_skip_dag to 2025-09-10 00:00:00+00:00, run_after=2025-09-11 00:00:00+00:00
[2025-09-11T09:58:52.893+0000] {processor.py:208} INFO - Processing /home/airflow/.local/lib/python3.12/site-packages/airflow/example_dags/example_skip_dag.py took 0.443 seconds
[2025-09-11T09:59:22.995+0000] {processor.py:186} INFO - Started process (PID=1291) to work on /home/airflow/.local/lib/python3.12/site-packages/airflow/example_dags/example_skip_dag.py
[2025-09-11T09:59:22.998+0000] {processor.py:914} INFO - Processing file /home/airflow/.local/lib/python3.12/site-packages/airflow/example_dags/example_skip_dag.py for tasks to queue
[2025-09-11T09:59:23.003+0000] {logging_mixin.py:190} INFO - [2025-09-11T09:59:23.002+0000] {dagbag.py:588} INFO - Filling up the DagBag from /home/airflow/.local/lib/python3.12/site-packages/airflow/example_dags/example_skip_dag.py
[2025-09-11T09:59:23.021+0000] {processor.py:925} INFO - DAG(s) 'example_skip_dag' retrieved from /home/airflow/.local/lib/python3.12/site-packages/airflow/example_dags/example_skip_dag.py
[2025-09-11T09:59:23.065+0000] {logging_mixin.py:190} INFO - [2025-09-11T09:59:23.065+0000] {dag.py:3239} INFO - Sync 1 DAGs
[2025-09-11T09:59:23.116+0000] {logging_mixin.py:190} INFO - [2025-09-11T09:59:23.116+0000] {dag.py:4180} INFO - Setting next_dagrun for example_skip_dag to 2025-09-10 00:00:00+00:00, run_after=2025-09-11 00:00:00+00:00
[2025-09-11T09:59:23.186+0000] {processor.py:208} INFO - Processing /home/airflow/.local/lib/python3.12/site-packages/airflow/example_dags/example_skip_dag.py took 0.206 seconds
[2025-09-11T09:59:53.522+0000] {processor.py:186} INFO - Started process (PID=1354) to work on /home/airflow/.local/lib/python3.12/site-packages/airflow/example_dags/example_skip_dag.py
[2025-09-11T09:59:53.525+0000] {processor.py:914} INFO - Processing file /home/airflow/.local/lib/python3.12/site-packages/airflow/example_dags/example_skip_dag.py for tasks to queue
[2025-09-11T09:59:53.530+0000] {logging_mixin.py:190} INFO - [2025-09-11T09:59:53.530+0000] {dagbag.py:588} INFO - Filling up the DagBag from /home/airflow/.local/lib/python3.12/site-packages/airflow/example_dags/example_skip_dag.py
[2025-09-11T09:59:53.564+0000] {processor.py:925} INFO - DAG(s) 'example_skip_dag' retrieved from /home/airflow/.local/lib/python3.12/site-packages/airflow/example_dags/example_skip_dag.py
[2025-09-11T09:59:53.616+0000] {logging_mixin.py:190} INFO - [2025-09-11T09:59:53.614+0000] {dag.py:3239} INFO - Sync 1 DAGs
[2025-09-11T09:59:53.666+0000] {logging_mixin.py:190} INFO - [2025-09-11T09:59:53.666+0000] {dag.py:4180} INFO - Setting next_dagrun for example_skip_dag to 2025-09-10 00:00:00+00:00, run_after=2025-09-11 00:00:00+00:00
[2025-09-11T09:59:53.714+0000] {processor.py:208} INFO - Processing /home/airflow/.local/lib/python3.12/site-packages/airflow/example_dags/example_skip_dag.py took 0.201 seconds
[2025-09-11T10:00:24.916+0000] {processor.py:186} INFO - Started process (PID=1417) to work on /home/airflow/.local/lib/python3.12/site-packages/airflow/example_dags/example_skip_dag.py
[2025-09-11T10:00:24.918+0000] {processor.py:914} INFO - Processing file /home/airflow/.local/lib/python3.12/site-packages/airflow/example_dags/example_skip_dag.py for tasks to queue
[2025-09-11T10:00:24.972+0000] {logging_mixin.py:190} INFO - [2025-09-11T10:00:24.971+0000] {dagbag.py:588} INFO - Filling up the DagBag from /home/airflow/.local/lib/python3.12/site-packages/airflow/example_dags/example_skip_dag.py
[2025-09-11T10:00:24.996+0000] {processor.py:925} INFO - DAG(s) 'example_skip_dag' retrieved from /home/airflow/.local/lib/python3.12/site-packages/airflow/example_dags/example_skip_dag.py
[2025-09-11T10:00:25.060+0000] {logging_mixin.py:190} INFO - [2025-09-11T10:00:25.060+0000] {dag.py:3239} INFO - Sync 1 DAGs
[2025-09-11T10:00:25.138+0000] {logging_mixin.py:190} INFO - [2025-09-11T10:00:25.137+0000] {dag.py:4180} INFO - Setting next_dagrun for example_skip_dag to 2025-09-10 00:00:00+00:00, run_after=2025-09-11 00:00:00+00:00
[2025-09-11T10:00:25.261+0000] {processor.py:208} INFO - Processing /home/airflow/.local/lib/python3.12/site-packages/airflow/example_dags/example_skip_dag.py took 0.363 seconds
[2025-09-11T10:00:55.470+0000] {processor.py:186} INFO - Started process (PID=1479) to work on /home/airflow/.local/lib/python3.12/site-packages/airflow/example_dags/example_skip_dag.py
[2025-09-11T10:00:55.472+0000] {processor.py:914} INFO - Processing file /home/airflow/.local/lib/python3.12/site-packages/airflow/example_dags/example_skip_dag.py for tasks to queue
[2025-09-11T10:00:55.478+0000] {logging_mixin.py:190} INFO - [2025-09-11T10:00:55.477+0000] {dagbag.py:588} INFO - Filling up the DagBag from /home/airflow/.local/lib/python3.12/site-packages/airflow/example_dags/example_skip_dag.py
[2025-09-11T10:00:55.502+0000] {processor.py:925} INFO - DAG(s) 'example_skip_dag' retrieved from /home/airflow/.local/lib/python3.12/site-packages/airflow/example_dags/example_skip_dag.py
[2025-09-11T10:00:55.585+0000] {logging_mixin.py:190} INFO - [2025-09-11T10:00:55.584+0000] {dag.py:3239} INFO - Sync 1 DAGs
[2025-09-11T10:00:55.632+0000] {logging_mixin.py:190} INFO - [2025-09-11T10:00:55.632+0000] {dag.py:4180} INFO - Setting next_dagrun for example_skip_dag to 2025-09-10 00:00:00+00:00, run_after=2025-09-11 00:00:00+00:00
[2025-09-11T10:00:55.683+0000] {processor.py:208} INFO - Processing /home/airflow/.local/lib/python3.12/site-packages/airflow/example_dags/example_skip_dag.py took 0.223 seconds
[2025-09-11T10:01:26.479+0000] {processor.py:186} INFO - Started process (PID=1542) to work on /home/airflow/.local/lib/python3.12/site-packages/airflow/example_dags/example_skip_dag.py
[2025-09-11T10:01:26.481+0000] {processor.py:914} INFO - Processing file /home/airflow/.local/lib/python3.12/site-packages/airflow/example_dags/example_skip_dag.py for tasks to queue
[2025-09-11T10:01:26.485+0000] {logging_mixin.py:190} INFO - [2025-09-11T10:01:26.484+0000] {dagbag.py:588} INFO - Filling up the DagBag from /home/airflow/.local/lib/python3.12/site-packages/airflow/example_dags/example_skip_dag.py
[2025-09-11T10:01:26.497+0000] {processor.py:925} INFO - DAG(s) 'example_skip_dag' retrieved from /home/airflow/.local/lib/python3.12/site-packages/airflow/example_dags/example_skip_dag.py
[2025-09-11T10:01:26.531+0000] {logging_mixin.py:190} INFO - [2025-09-11T10:01:26.531+0000] {dag.py:3239} INFO - Sync 1 DAGs
[2025-09-11T10:01:26.570+0000] {logging_mixin.py:190} INFO - [2025-09-11T10:01:26.569+0000] {dag.py:4180} INFO - Setting next_dagrun for example_skip_dag to 2025-09-10 00:00:00+00:00, run_after=2025-09-11 00:00:00+00:00
[2025-09-11T10:01:26.608+0000] {processor.py:208} INFO - Processing /home/airflow/.local/lib/python3.12/site-packages/airflow/example_dags/example_skip_dag.py took 0.140 seconds
[2025-09-11T10:01:56.857+0000] {processor.py:186} INFO - Started process (PID=1604) to work on /home/airflow/.local/lib/python3.12/site-packages/airflow/example_dags/example_skip_dag.py
[2025-09-11T10:01:56.860+0000] {processor.py:914} INFO - Processing file /home/airflow/.local/lib/python3.12/site-packages/airflow/example_dags/example_skip_dag.py for tasks to queue
[2025-09-11T10:01:56.866+0000] {logging_mixin.py:190} INFO - [2025-09-11T10:01:56.865+0000] {dagbag.py:588} INFO - Filling up the DagBag from /home/airflow/.local/lib/python3.12/site-packages/airflow/example_dags/example_skip_dag.py
[2025-09-11T10:01:56.912+0000] {processor.py:925} INFO - DAG(s) 'example_skip_dag' retrieved from /home/airflow/.local/lib/python3.12/site-packages/airflow/example_dags/example_skip_dag.py
[2025-09-11T10:01:56.958+0000] {logging_mixin.py:190} INFO - [2025-09-11T10:01:56.957+0000] {dag.py:3239} INFO - Sync 1 DAGs
[2025-09-11T10:01:57.007+0000] {logging_mixin.py:190} INFO - [2025-09-11T10:01:57.007+0000] {dag.py:4180} INFO - Setting next_dagrun for example_skip_dag to 2025-09-10 00:00:00+00:00, run_after=2025-09-11 00:00:00+00:00
[2025-09-11T10:01:57.095+0000] {processor.py:208} INFO - Processing /home/airflow/.local/lib/python3.12/site-packages/airflow/example_dags/example_skip_dag.py took 0.253 seconds
[2025-09-11T10:02:27.851+0000] {processor.py:186} INFO - Started process (PID=1667) to work on /home/airflow/.local/lib/python3.12/site-packages/airflow/example_dags/example_skip_dag.py
[2025-09-11T10:02:27.852+0000] {processor.py:914} INFO - Processing file /home/airflow/.local/lib/python3.12/site-packages/airflow/example_dags/example_skip_dag.py for tasks to queue
[2025-09-11T10:02:27.855+0000] {logging_mixin.py:190} INFO - [2025-09-11T10:02:27.855+0000] {dagbag.py:588} INFO - Filling up the DagBag from /home/airflow/.local/lib/python3.12/site-packages/airflow/example_dags/example_skip_dag.py
[2025-09-11T10:02:27.871+0000] {processor.py:925} INFO - DAG(s) 'example_skip_dag' retrieved from /home/airflow/.local/lib/python3.12/site-packages/airflow/example_dags/example_skip_dag.py
[2025-09-11T10:02:27.918+0000] {logging_mixin.py:190} INFO - [2025-09-11T10:02:27.918+0000] {dag.py:3239} INFO - Sync 1 DAGs
[2025-09-11T10:02:27.968+0000] {logging_mixin.py:190} INFO - [2025-09-11T10:02:27.967+0000] {dag.py:4180} INFO - Setting next_dagrun for example_skip_dag to 2025-09-10 00:00:00+00:00, run_after=2025-09-11 00:00:00+00:00
[2025-09-11T10:02:28.043+0000] {processor.py:208} INFO - Processing /home/airflow/.local/lib/python3.12/site-packages/airflow/example_dags/example_skip_dag.py took 0.203 seconds
[2025-09-11T10:02:58.519+0000] {processor.py:186} INFO - Started process (PID=1730) to work on /home/airflow/.local/lib/python3.12/site-packages/airflow/example_dags/example_skip_dag.py
[2025-09-11T10:02:58.523+0000] {processor.py:914} INFO - Processing file /home/airflow/.local/lib/python3.12/site-packages/airflow/example_dags/example_skip_dag.py for tasks to queue
[2025-09-11T10:02:58.528+0000] {logging_mixin.py:190} INFO - [2025-09-11T10:02:58.528+0000] {dagbag.py:588} INFO - Filling up the DagBag from /home/airflow/.local/lib/python3.12/site-packages/airflow/example_dags/example_skip_dag.py
[2025-09-11T10:02:58.540+0000] {processor.py:925} INFO - DAG(s) 'example_skip_dag' retrieved from /home/airflow/.local/lib/python3.12/site-packages/airflow/example_dags/example_skip_dag.py
[2025-09-11T10:02:58.578+0000] {logging_mixin.py:190} INFO - [2025-09-11T10:02:58.578+0000] {dag.py:3239} INFO - Sync 1 DAGs
[2025-09-11T10:02:58.618+0000] {logging_mixin.py:190} INFO - [2025-09-11T10:02:58.618+0000] {dag.py:4180} INFO - Setting next_dagrun for example_skip_dag to 2025-09-10 00:00:00+00:00, run_after=2025-09-11 00:00:00+00:00
[2025-09-11T10:02:58.659+0000] {processor.py:208} INFO - Processing /home/airflow/.local/lib/python3.12/site-packages/airflow/example_dags/example_skip_dag.py took 0.154 seconds
[2025-09-11T10:03:29.667+0000] {processor.py:186} INFO - Started process (PID=1794) to work on /home/airflow/.local/lib/python3.12/site-packages/airflow/example_dags/example_skip_dag.py
[2025-09-11T10:03:29.669+0000] {processor.py:914} INFO - Processing file /home/airflow/.local/lib/python3.12/site-packages/airflow/example_dags/example_skip_dag.py for tasks to queue
[2025-09-11T10:03:29.682+0000] {logging_mixin.py:190} INFO - [2025-09-11T10:03:29.681+0000] {dagbag.py:588} INFO - Filling up the DagBag from /home/airflow/.local/lib/python3.12/site-packages/airflow/example_dags/example_skip_dag.py
[2025-09-11T10:03:29.702+0000] {processor.py:925} INFO - DAG(s) 'example_skip_dag' retrieved from /home/airflow/.local/lib/python3.12/site-packages/airflow/example_dags/example_skip_dag.py
[2025-09-11T10:03:29.763+0000] {logging_mixin.py:190} INFO - [2025-09-11T10:03:29.763+0000] {dag.py:3239} INFO - Sync 1 DAGs
[2025-09-11T10:03:29.834+0000] {logging_mixin.py:190} INFO - [2025-09-11T10:03:29.834+0000] {dag.py:4180} INFO - Setting next_dagrun for example_skip_dag to 2025-09-10 00:00:00+00:00, run_after=2025-09-11 00:00:00+00:00
[2025-09-11T10:03:29.905+0000] {processor.py:208} INFO - Processing /home/airflow/.local/lib/python3.12/site-packages/airflow/example_dags/example_skip_dag.py took 0.257 seconds
[2025-09-11T10:04:00.380+0000] {processor.py:186} INFO - Started process (PID=1857) to work on /home/airflow/.local/lib/python3.12/site-packages/airflow/example_dags/example_skip_dag.py
[2025-09-11T10:04:00.382+0000] {processor.py:914} INFO - Processing file /home/airflow/.local/lib/python3.12/site-packages/airflow/example_dags/example_skip_dag.py for tasks to queue
[2025-09-11T10:04:00.388+0000] {logging_mixin.py:190} INFO - [2025-09-11T10:04:00.387+0000] {dagbag.py:588} INFO - Filling up the DagBag from /home/airflow/.local/lib/python3.12/site-packages/airflow/example_dags/example_skip_dag.py
[2025-09-11T10:04:00.403+0000] {processor.py:925} INFO - DAG(s) 'example_skip_dag' retrieved from /home/airflow/.local/lib/python3.12/site-packages/airflow/example_dags/example_skip_dag.py
[2025-09-11T10:04:00.442+0000] {logging_mixin.py:190} INFO - [2025-09-11T10:04:00.442+0000] {dag.py:3239} INFO - Sync 1 DAGs
[2025-09-11T10:04:00.478+0000] {logging_mixin.py:190} INFO - [2025-09-11T10:04:00.477+0000] {dag.py:4180} INFO - Setting next_dagrun for example_skip_dag to 2025-09-10 00:00:00+00:00, run_after=2025-09-11 00:00:00+00:00
[2025-09-11T10:04:00.520+0000] {processor.py:208} INFO - Processing /home/airflow/.local/lib/python3.12/site-packages/airflow/example_dags/example_skip_dag.py took 0.151 seconds
[2025-09-11T10:04:30.878+0000] {processor.py:186} INFO - Started process (PID=1921) to work on /home/airflow/.local/lib/python3.12/site-packages/airflow/example_dags/example_skip_dag.py
[2025-09-11T10:04:30.880+0000] {processor.py:914} INFO - Processing file /home/airflow/.local/lib/python3.12/site-packages/airflow/example_dags/example_skip_dag.py for tasks to queue
[2025-09-11T10:04:30.885+0000] {logging_mixin.py:190} INFO - [2025-09-11T10:04:30.884+0000] {dagbag.py:588} INFO - Filling up the DagBag from /home/airflow/.local/lib/python3.12/site-packages/airflow/example_dags/example_skip_dag.py
[2025-09-11T10:04:30.899+0000] {processor.py:925} INFO - DAG(s) 'example_skip_dag' retrieved from /home/airflow/.local/lib/python3.12/site-packages/airflow/example_dags/example_skip_dag.py
[2025-09-11T10:04:30.941+0000] {logging_mixin.py:190} INFO - [2025-09-11T10:04:30.940+0000] {dag.py:3239} INFO - Sync 1 DAGs
[2025-09-11T10:04:30.986+0000] {logging_mixin.py:190} INFO - [2025-09-11T10:04:30.985+0000] {dag.py:4180} INFO - Setting next_dagrun for example_skip_dag to 2025-09-10 00:00:00+00:00, run_after=2025-09-11 00:00:00+00:00
[2025-09-11T10:04:31.013+0000] {processor.py:208} INFO - Processing /home/airflow/.local/lib/python3.12/site-packages/airflow/example_dags/example_skip_dag.py took 0.146 seconds
