[2025-09-11T09:49:41.649+0000] {processor.py:186} INFO - Started process (PID=108) to work on /home/airflow/.local/lib/python3.12/site-packages/airflow/example_dags/example_inlet_event_extra.py
[2025-09-11T09:49:41.652+0000] {processor.py:914} INFO - Processing file /home/airflow/.local/lib/python3.12/site-packages/airflow/example_dags/example_inlet_event_extra.py for tasks to queue
[2025-09-11T09:49:41.661+0000] {logging_mixin.py:190} INFO - [2025-09-11T09:49:41.661+0000] {dagbag.py:588} INFO - Filling up the DagBag from /home/airflow/.local/lib/python3.12/site-packages/airflow/example_dags/example_inlet_event_extra.py
[2025-09-11T09:49:43.901+0000] {processor.py:925} INFO - DAG(s) 'read_dataset_event_from_classic', 'read_dataset_event' retrieved from /home/airflow/.local/lib/python3.12/site-packages/airflow/example_dags/example_inlet_event_extra.py
[2025-09-11T09:49:44.195+0000] {logging_mixin.py:190} INFO - [2025-09-11T09:49:44.186+0000] {override.py:1912} INFO - Created Permission View: can read on DAG:read_dataset_event_from_classic
[2025-09-11T09:49:44.228+0000] {logging_mixin.py:190} INFO - [2025-09-11T09:49:44.226+0000] {override.py:1912} INFO - Created Permission View: can edit on DAG:read_dataset_event_from_classic
[2025-09-11T09:49:44.254+0000] {logging_mixin.py:190} INFO - [2025-09-11T09:49:44.253+0000] {override.py:1912} INFO - Created Permission View: can delete on DAG:read_dataset_event_from_classic
[2025-09-11T09:49:44.293+0000] {logging_mixin.py:190} INFO - [2025-09-11T09:49:44.292+0000] {override.py:1912} INFO - Created Permission View: can create on DAG Run:read_dataset_event_from_classic
[2025-09-11T09:49:44.309+0000] {logging_mixin.py:190} INFO - [2025-09-11T09:49:44.308+0000] {override.py:1912} INFO - Created Permission View: can read on DAG Run:read_dataset_event_from_classic
[2025-09-11T09:49:44.329+0000] {logging_mixin.py:190} INFO - [2025-09-11T09:49:44.328+0000] {override.py:1912} INFO - Created Permission View: can delete on DAG Run:read_dataset_event_from_classic
[2025-09-11T09:49:44.358+0000] {logging_mixin.py:190} INFO - [2025-09-11T09:49:44.358+0000] {override.py:1912} INFO - Created Permission View: menu access on DAG Run:read_dataset_event_from_classic
[2025-09-11T09:49:44.411+0000] {logging_mixin.py:190} INFO - [2025-09-11T09:49:44.411+0000] {override.py:1912} INFO - Created Permission View: can read on DAG:read_dataset_event
[2025-09-11T09:49:44.429+0000] {logging_mixin.py:190} INFO - [2025-09-11T09:49:44.429+0000] {override.py:1912} INFO - Created Permission View: can edit on DAG:read_dataset_event
[2025-09-11T09:49:44.460+0000] {logging_mixin.py:190} INFO - [2025-09-11T09:49:44.455+0000] {override.py:1912} INFO - Created Permission View: can delete on DAG:read_dataset_event
[2025-09-11T09:49:44.485+0000] {logging_mixin.py:190} INFO - [2025-09-11T09:49:44.485+0000] {override.py:1912} INFO - Created Permission View: can create on DAG Run:read_dataset_event
[2025-09-11T09:49:44.516+0000] {logging_mixin.py:190} INFO - [2025-09-11T09:49:44.515+0000] {override.py:1912} INFO - Created Permission View: can read on DAG Run:read_dataset_event
[2025-09-11T09:49:44.528+0000] {logging_mixin.py:190} INFO - [2025-09-11T09:49:44.527+0000] {override.py:1912} INFO - Created Permission View: can delete on DAG Run:read_dataset_event
[2025-09-11T09:49:44.538+0000] {logging_mixin.py:190} INFO - [2025-09-11T09:49:44.538+0000] {override.py:1912} INFO - Created Permission View: menu access on DAG Run:read_dataset_event
[2025-09-11T09:49:44.539+0000] {logging_mixin.py:190} INFO - [2025-09-11T09:49:44.539+0000] {dag.py:3239} INFO - Sync 2 DAGs
[2025-09-11T09:49:44.565+0000] {logging_mixin.py:190} INFO - [2025-09-11T09:49:44.564+0000] {dag.py:3262} INFO - Creating ORM DAG for read_dataset_event
[2025-09-11T09:49:44.567+0000] {logging_mixin.py:190} INFO - [2025-09-11T09:49:44.567+0000] {dag.py:3262} INFO - Creating ORM DAG for read_dataset_event_from_classic
[2025-09-11T09:49:44.594+0000] {logging_mixin.py:190} INFO - [2025-09-11T09:49:44.593+0000] {dag.py:4180} INFO - Setting next_dagrun for read_dataset_event to 2025-09-10 00:00:00+00:00, run_after=2025-09-11 00:00:00+00:00
[2025-09-11T09:49:44.599+0000] {logging_mixin.py:190} INFO - [2025-09-11T09:49:44.598+0000] {dag.py:4180} INFO - Setting next_dagrun for read_dataset_event_from_classic to 2025-09-10 00:00:00+00:00, run_after=2025-09-11 00:00:00+00:00
[2025-09-11T09:49:44.644+0000] {processor.py:208} INFO - Processing /home/airflow/.local/lib/python3.12/site-packages/airflow/example_dags/example_inlet_event_extra.py took 3.013 seconds
[2025-09-11T09:50:15.078+0000] {processor.py:186} INFO - Started process (PID=172) to work on /home/airflow/.local/lib/python3.12/site-packages/airflow/example_dags/example_inlet_event_extra.py
[2025-09-11T09:50:15.083+0000] {processor.py:914} INFO - Processing file /home/airflow/.local/lib/python3.12/site-packages/airflow/example_dags/example_inlet_event_extra.py for tasks to queue
[2025-09-11T09:50:15.089+0000] {logging_mixin.py:190} INFO - [2025-09-11T09:50:15.088+0000] {dagbag.py:588} INFO - Filling up the DagBag from /home/airflow/.local/lib/python3.12/site-packages/airflow/example_dags/example_inlet_event_extra.py
[2025-09-11T09:50:16.496+0000] {processor.py:925} INFO - DAG(s) 'read_dataset_event_from_classic', 'read_dataset_event' retrieved from /home/airflow/.local/lib/python3.12/site-packages/airflow/example_dags/example_inlet_event_extra.py
[2025-09-11T09:50:16.553+0000] {logging_mixin.py:190} INFO - [2025-09-11T09:50:16.553+0000] {dag.py:3239} INFO - Sync 2 DAGs
[2025-09-11T09:50:16.621+0000] {logging_mixin.py:190} INFO - [2025-09-11T09:50:16.620+0000] {dag.py:4180} INFO - Setting next_dagrun for read_dataset_event to 2025-09-10 00:00:00+00:00, run_after=2025-09-11 00:00:00+00:00
[2025-09-11T09:50:16.638+0000] {logging_mixin.py:190} INFO - [2025-09-11T09:50:16.638+0000] {dag.py:4180} INFO - Setting next_dagrun for read_dataset_event_from_classic to 2025-09-10 00:00:00+00:00, run_after=2025-09-11 00:00:00+00:00
[2025-09-11T09:50:16.696+0000] {processor.py:208} INFO - Processing /home/airflow/.local/lib/python3.12/site-packages/airflow/example_dags/example_inlet_event_extra.py took 1.639 seconds
[2025-09-11T09:50:47.199+0000] {processor.py:186} INFO - Started process (PID=235) to work on /home/airflow/.local/lib/python3.12/site-packages/airflow/example_dags/example_inlet_event_extra.py
[2025-09-11T09:50:47.201+0000] {processor.py:914} INFO - Processing file /home/airflow/.local/lib/python3.12/site-packages/airflow/example_dags/example_inlet_event_extra.py for tasks to queue
[2025-09-11T09:50:47.209+0000] {logging_mixin.py:190} INFO - [2025-09-11T09:50:47.207+0000] {dagbag.py:588} INFO - Filling up the DagBag from /home/airflow/.local/lib/python3.12/site-packages/airflow/example_dags/example_inlet_event_extra.py
[2025-09-11T09:50:48.605+0000] {processor.py:925} INFO - DAG(s) 'read_dataset_event', 'read_dataset_event_from_classic' retrieved from /home/airflow/.local/lib/python3.12/site-packages/airflow/example_dags/example_inlet_event_extra.py
[2025-09-11T09:50:48.643+0000] {logging_mixin.py:190} INFO - [2025-09-11T09:50:48.643+0000] {dag.py:3239} INFO - Sync 2 DAGs
[2025-09-11T09:50:48.699+0000] {logging_mixin.py:190} INFO - [2025-09-11T09:50:48.699+0000] {dag.py:4180} INFO - Setting next_dagrun for read_dataset_event to 2025-09-10 00:00:00+00:00, run_after=2025-09-11 00:00:00+00:00
[2025-09-11T09:50:48.713+0000] {logging_mixin.py:190} INFO - [2025-09-11T09:50:48.712+0000] {dag.py:4180} INFO - Setting next_dagrun for read_dataset_event_from_classic to 2025-09-10 00:00:00+00:00, run_after=2025-09-11 00:00:00+00:00
[2025-09-11T09:50:48.751+0000] {processor.py:208} INFO - Processing /home/airflow/.local/lib/python3.12/site-packages/airflow/example_dags/example_inlet_event_extra.py took 1.565 seconds
[2025-09-11T09:51:18.915+0000] {processor.py:186} INFO - Started process (PID=308) to work on /home/airflow/.local/lib/python3.12/site-packages/airflow/example_dags/example_inlet_event_extra.py
[2025-09-11T09:51:18.917+0000] {processor.py:914} INFO - Processing file /home/airflow/.local/lib/python3.12/site-packages/airflow/example_dags/example_inlet_event_extra.py for tasks to queue
[2025-09-11T09:51:18.921+0000] {logging_mixin.py:190} INFO - [2025-09-11T09:51:18.921+0000] {dagbag.py:588} INFO - Filling up the DagBag from /home/airflow/.local/lib/python3.12/site-packages/airflow/example_dags/example_inlet_event_extra.py
[2025-09-11T09:51:20.266+0000] {processor.py:925} INFO - DAG(s) 'read_dataset_event_from_classic', 'read_dataset_event' retrieved from /home/airflow/.local/lib/python3.12/site-packages/airflow/example_dags/example_inlet_event_extra.py
[2025-09-11T09:51:20.315+0000] {logging_mixin.py:190} INFO - [2025-09-11T09:51:20.315+0000] {dag.py:3239} INFO - Sync 2 DAGs
[2025-09-11T09:51:20.383+0000] {logging_mixin.py:190} INFO - [2025-09-11T09:51:20.382+0000] {dag.py:4180} INFO - Setting next_dagrun for read_dataset_event to 2025-09-10 00:00:00+00:00, run_after=2025-09-11 00:00:00+00:00
[2025-09-11T09:51:20.414+0000] {logging_mixin.py:190} INFO - [2025-09-11T09:51:20.414+0000] {dag.py:4180} INFO - Setting next_dagrun for read_dataset_event_from_classic to 2025-09-10 00:00:00+00:00, run_after=2025-09-11 00:00:00+00:00
[2025-09-11T09:51:20.460+0000] {processor.py:208} INFO - Processing /home/airflow/.local/lib/python3.12/site-packages/airflow/example_dags/example_inlet_event_extra.py took 1.561 seconds
[2025-09-11T09:51:51.796+0000] {processor.py:186} INFO - Started process (PID=376) to work on /home/airflow/.local/lib/python3.12/site-packages/airflow/example_dags/example_inlet_event_extra.py
[2025-09-11T09:51:51.799+0000] {processor.py:914} INFO - Processing file /home/airflow/.local/lib/python3.12/site-packages/airflow/example_dags/example_inlet_event_extra.py for tasks to queue
[2025-09-11T09:51:51.812+0000] {logging_mixin.py:190} INFO - [2025-09-11T09:51:51.812+0000] {dagbag.py:588} INFO - Filling up the DagBag from /home/airflow/.local/lib/python3.12/site-packages/airflow/example_dags/example_inlet_event_extra.py
[2025-09-11T09:51:53.791+0000] {processor.py:925} INFO - DAG(s) 'read_dataset_event', 'read_dataset_event_from_classic' retrieved from /home/airflow/.local/lib/python3.12/site-packages/airflow/example_dags/example_inlet_event_extra.py
[2025-09-11T09:51:53.908+0000] {logging_mixin.py:190} INFO - [2025-09-11T09:51:53.907+0000] {dag.py:3239} INFO - Sync 2 DAGs
[2025-09-11T09:51:54.019+0000] {logging_mixin.py:190} INFO - [2025-09-11T09:51:54.019+0000] {dag.py:4180} INFO - Setting next_dagrun for read_dataset_event to 2025-09-10 00:00:00+00:00, run_after=2025-09-11 00:00:00+00:00
[2025-09-11T09:51:54.046+0000] {logging_mixin.py:190} INFO - [2025-09-11T09:51:54.046+0000] {dag.py:4180} INFO - Setting next_dagrun for read_dataset_event_from_classic to 2025-09-10 00:00:00+00:00, run_after=2025-09-11 00:00:00+00:00
[2025-09-11T09:51:54.105+0000] {processor.py:208} INFO - Processing /home/airflow/.local/lib/python3.12/site-packages/airflow/example_dags/example_inlet_event_extra.py took 2.328 seconds
[2025-09-11T09:52:24.391+0000] {processor.py:186} INFO - Started process (PID=442) to work on /home/airflow/.local/lib/python3.12/site-packages/airflow/example_dags/example_inlet_event_extra.py
[2025-09-11T09:52:24.392+0000] {processor.py:914} INFO - Processing file /home/airflow/.local/lib/python3.12/site-packages/airflow/example_dags/example_inlet_event_extra.py for tasks to queue
[2025-09-11T09:52:24.396+0000] {logging_mixin.py:190} INFO - [2025-09-11T09:52:24.395+0000] {dagbag.py:588} INFO - Filling up the DagBag from /home/airflow/.local/lib/python3.12/site-packages/airflow/example_dags/example_inlet_event_extra.py
[2025-09-11T09:52:25.497+0000] {processor.py:925} INFO - DAG(s) 'read_dataset_event_from_classic', 'read_dataset_event' retrieved from /home/airflow/.local/lib/python3.12/site-packages/airflow/example_dags/example_inlet_event_extra.py
[2025-09-11T09:52:25.547+0000] {logging_mixin.py:190} INFO - [2025-09-11T09:52:25.546+0000] {dag.py:3239} INFO - Sync 2 DAGs
[2025-09-11T09:52:25.621+0000] {logging_mixin.py:190} INFO - [2025-09-11T09:52:25.621+0000] {dag.py:4180} INFO - Setting next_dagrun for read_dataset_event to 2025-09-10 00:00:00+00:00, run_after=2025-09-11 00:00:00+00:00
[2025-09-11T09:52:25.635+0000] {logging_mixin.py:190} INFO - [2025-09-11T09:52:25.634+0000] {dag.py:4180} INFO - Setting next_dagrun for read_dataset_event_from_classic to 2025-09-10 00:00:00+00:00, run_after=2025-09-11 00:00:00+00:00
[2025-09-11T09:52:25.687+0000] {processor.py:208} INFO - Processing /home/airflow/.local/lib/python3.12/site-packages/airflow/example_dags/example_inlet_event_extra.py took 1.311 seconds
[2025-09-11T09:52:56.339+0000] {processor.py:186} INFO - Started process (PID=506) to work on /home/airflow/.local/lib/python3.12/site-packages/airflow/example_dags/example_inlet_event_extra.py
[2025-09-11T09:52:56.349+0000] {processor.py:914} INFO - Processing file /home/airflow/.local/lib/python3.12/site-packages/airflow/example_dags/example_inlet_event_extra.py for tasks to queue
[2025-09-11T09:52:56.357+0000] {logging_mixin.py:190} INFO - [2025-09-11T09:52:56.357+0000] {dagbag.py:588} INFO - Filling up the DagBag from /home/airflow/.local/lib/python3.12/site-packages/airflow/example_dags/example_inlet_event_extra.py
[2025-09-11T09:52:57.656+0000] {processor.py:925} INFO - DAG(s) 'read_dataset_event', 'read_dataset_event_from_classic' retrieved from /home/airflow/.local/lib/python3.12/site-packages/airflow/example_dags/example_inlet_event_extra.py
[2025-09-11T09:52:57.699+0000] {logging_mixin.py:190} INFO - [2025-09-11T09:52:57.699+0000] {dag.py:3239} INFO - Sync 2 DAGs
[2025-09-11T09:52:57.753+0000] {logging_mixin.py:190} INFO - [2025-09-11T09:52:57.752+0000] {dag.py:4180} INFO - Setting next_dagrun for read_dataset_event to 2025-09-10 00:00:00+00:00, run_after=2025-09-11 00:00:00+00:00
[2025-09-11T09:52:57.771+0000] {logging_mixin.py:190} INFO - [2025-09-11T09:52:57.770+0000] {dag.py:4180} INFO - Setting next_dagrun for read_dataset_event_from_classic to 2025-09-10 00:00:00+00:00, run_after=2025-09-11 00:00:00+00:00
[2025-09-11T09:52:57.815+0000] {processor.py:208} INFO - Processing /home/airflow/.local/lib/python3.12/site-packages/airflow/example_dags/example_inlet_event_extra.py took 1.485 seconds
[2025-09-11T09:53:28.714+0000] {processor.py:186} INFO - Started process (PID=573) to work on /home/airflow/.local/lib/python3.12/site-packages/airflow/example_dags/example_inlet_event_extra.py
[2025-09-11T09:53:28.720+0000] {processor.py:914} INFO - Processing file /home/airflow/.local/lib/python3.12/site-packages/airflow/example_dags/example_inlet_event_extra.py for tasks to queue
[2025-09-11T09:53:28.731+0000] {logging_mixin.py:190} INFO - [2025-09-11T09:53:28.731+0000] {dagbag.py:588} INFO - Filling up the DagBag from /home/airflow/.local/lib/python3.12/site-packages/airflow/example_dags/example_inlet_event_extra.py
[2025-09-11T09:53:32.911+0000] {processor.py:925} INFO - DAG(s) 'read_dataset_event', 'read_dataset_event_from_classic' retrieved from /home/airflow/.local/lib/python3.12/site-packages/airflow/example_dags/example_inlet_event_extra.py
[2025-09-11T09:53:33.021+0000] {logging_mixin.py:190} INFO - [2025-09-11T09:53:33.021+0000] {dag.py:3239} INFO - Sync 2 DAGs
[2025-09-11T09:53:33.228+0000] {logging_mixin.py:190} INFO - [2025-09-11T09:53:33.228+0000] {dag.py:4180} INFO - Setting next_dagrun for read_dataset_event to 2025-09-10 00:00:00+00:00, run_after=2025-09-11 00:00:00+00:00
[2025-09-11T09:53:33.275+0000] {logging_mixin.py:190} INFO - [2025-09-11T09:53:33.274+0000] {dag.py:4180} INFO - Setting next_dagrun for read_dataset_event_from_classic to 2025-09-10 00:00:00+00:00, run_after=2025-09-11 00:00:00+00:00
[2025-09-11T09:53:33.474+0000] {processor.py:208} INFO - Processing /home/airflow/.local/lib/python3.12/site-packages/airflow/example_dags/example_inlet_event_extra.py took 4.451 seconds
[2025-09-11T09:54:03.953+0000] {processor.py:186} INFO - Started process (PID=636) to work on /home/airflow/.local/lib/python3.12/site-packages/airflow/example_dags/example_inlet_event_extra.py
[2025-09-11T09:54:03.955+0000] {processor.py:914} INFO - Processing file /home/airflow/.local/lib/python3.12/site-packages/airflow/example_dags/example_inlet_event_extra.py for tasks to queue
[2025-09-11T09:54:03.964+0000] {logging_mixin.py:190} INFO - [2025-09-11T09:54:03.960+0000] {dagbag.py:588} INFO - Filling up the DagBag from /home/airflow/.local/lib/python3.12/site-packages/airflow/example_dags/example_inlet_event_extra.py
[2025-09-11T09:54:06.322+0000] {processor.py:925} INFO - DAG(s) 'read_dataset_event', 'read_dataset_event_from_classic' retrieved from /home/airflow/.local/lib/python3.12/site-packages/airflow/example_dags/example_inlet_event_extra.py
[2025-09-11T09:54:06.407+0000] {logging_mixin.py:190} INFO - [2025-09-11T09:54:06.406+0000] {dag.py:3239} INFO - Sync 2 DAGs
[2025-09-11T09:54:06.517+0000] {logging_mixin.py:190} INFO - [2025-09-11T09:54:06.516+0000] {dag.py:4180} INFO - Setting next_dagrun for read_dataset_event to 2025-09-10 00:00:00+00:00, run_after=2025-09-11 00:00:00+00:00
[2025-09-11T09:54:06.598+0000] {logging_mixin.py:190} INFO - [2025-09-11T09:54:06.598+0000] {dag.py:4180} INFO - Setting next_dagrun for read_dataset_event_from_classic to 2025-09-10 00:00:00+00:00, run_after=2025-09-11 00:00:00+00:00
[2025-09-11T09:54:06.655+0000] {processor.py:208} INFO - Processing /home/airflow/.local/lib/python3.12/site-packages/airflow/example_dags/example_inlet_event_extra.py took 2.721 seconds
[2025-09-11T09:54:36.863+0000] {processor.py:186} INFO - Started process (PID=701) to work on /home/airflow/.local/lib/python3.12/site-packages/airflow/example_dags/example_inlet_event_extra.py
[2025-09-11T09:54:36.865+0000] {processor.py:914} INFO - Processing file /home/airflow/.local/lib/python3.12/site-packages/airflow/example_dags/example_inlet_event_extra.py for tasks to queue
[2025-09-11T09:54:36.871+0000] {logging_mixin.py:190} INFO - [2025-09-11T09:54:36.870+0000] {dagbag.py:588} INFO - Filling up the DagBag from /home/airflow/.local/lib/python3.12/site-packages/airflow/example_dags/example_inlet_event_extra.py
[2025-09-11T09:54:38.037+0000] {processor.py:925} INFO - DAG(s) 'read_dataset_event', 'read_dataset_event_from_classic' retrieved from /home/airflow/.local/lib/python3.12/site-packages/airflow/example_dags/example_inlet_event_extra.py
[2025-09-11T09:54:38.132+0000] {logging_mixin.py:190} INFO - [2025-09-11T09:54:38.132+0000] {dag.py:3239} INFO - Sync 2 DAGs
[2025-09-11T09:54:38.221+0000] {logging_mixin.py:190} INFO - [2025-09-11T09:54:38.221+0000] {dag.py:4180} INFO - Setting next_dagrun for read_dataset_event to 2025-09-10 00:00:00+00:00, run_after=2025-09-11 00:00:00+00:00
[2025-09-11T09:54:38.252+0000] {logging_mixin.py:190} INFO - [2025-09-11T09:54:38.252+0000] {dag.py:4180} INFO - Setting next_dagrun for read_dataset_event_from_classic to 2025-09-10 00:00:00+00:00, run_after=2025-09-11 00:00:00+00:00
[2025-09-11T09:54:38.315+0000] {processor.py:208} INFO - Processing /home/airflow/.local/lib/python3.12/site-packages/airflow/example_dags/example_inlet_event_extra.py took 1.465 seconds
[2025-09-11T09:55:08.657+0000] {processor.py:186} INFO - Started process (PID=765) to work on /home/airflow/.local/lib/python3.12/site-packages/airflow/example_dags/example_inlet_event_extra.py
[2025-09-11T09:55:08.662+0000] {processor.py:914} INFO - Processing file /home/airflow/.local/lib/python3.12/site-packages/airflow/example_dags/example_inlet_event_extra.py for tasks to queue
[2025-09-11T09:55:08.674+0000] {logging_mixin.py:190} INFO - [2025-09-11T09:55:08.673+0000] {dagbag.py:588} INFO - Filling up the DagBag from /home/airflow/.local/lib/python3.12/site-packages/airflow/example_dags/example_inlet_event_extra.py
[2025-09-11T09:55:10.417+0000] {processor.py:925} INFO - DAG(s) 'read_dataset_event_from_classic', 'read_dataset_event' retrieved from /home/airflow/.local/lib/python3.12/site-packages/airflow/example_dags/example_inlet_event_extra.py
[2025-09-11T09:55:10.468+0000] {logging_mixin.py:190} INFO - [2025-09-11T09:55:10.467+0000] {dag.py:3239} INFO - Sync 2 DAGs
[2025-09-11T09:55:10.561+0000] {logging_mixin.py:190} INFO - [2025-09-11T09:55:10.560+0000] {dag.py:4180} INFO - Setting next_dagrun for read_dataset_event to 2025-09-10 00:00:00+00:00, run_after=2025-09-11 00:00:00+00:00
[2025-09-11T09:55:10.586+0000] {logging_mixin.py:190} INFO - [2025-09-11T09:55:10.586+0000] {dag.py:4180} INFO - Setting next_dagrun for read_dataset_event_from_classic to 2025-09-10 00:00:00+00:00, run_after=2025-09-11 00:00:00+00:00
[2025-09-11T09:55:10.657+0000] {processor.py:208} INFO - Processing /home/airflow/.local/lib/python3.12/site-packages/airflow/example_dags/example_inlet_event_extra.py took 2.012 seconds
[2025-09-11T09:55:41.651+0000] {processor.py:186} INFO - Started process (PID=834) to work on /home/airflow/.local/lib/python3.12/site-packages/airflow/example_dags/example_inlet_event_extra.py
[2025-09-11T09:55:41.654+0000] {processor.py:914} INFO - Processing file /home/airflow/.local/lib/python3.12/site-packages/airflow/example_dags/example_inlet_event_extra.py for tasks to queue
[2025-09-11T09:55:41.663+0000] {logging_mixin.py:190} INFO - [2025-09-11T09:55:41.660+0000] {dagbag.py:588} INFO - Filling up the DagBag from /home/airflow/.local/lib/python3.12/site-packages/airflow/example_dags/example_inlet_event_extra.py
[2025-09-11T09:55:43.651+0000] {processor.py:925} INFO - DAG(s) 'read_dataset_event', 'read_dataset_event_from_classic' retrieved from /home/airflow/.local/lib/python3.12/site-packages/airflow/example_dags/example_inlet_event_extra.py
[2025-09-11T09:55:43.682+0000] {logging_mixin.py:190} INFO - [2025-09-11T09:55:43.681+0000] {dag.py:3239} INFO - Sync 2 DAGs
[2025-09-11T09:55:43.736+0000] {logging_mixin.py:190} INFO - [2025-09-11T09:55:43.736+0000] {dag.py:4180} INFO - Setting next_dagrun for read_dataset_event to 2025-09-10 00:00:00+00:00, run_after=2025-09-11 00:00:00+00:00
[2025-09-11T09:55:43.749+0000] {logging_mixin.py:190} INFO - [2025-09-11T09:55:43.748+0000] {dag.py:4180} INFO - Setting next_dagrun for read_dataset_event_from_classic to 2025-09-10 00:00:00+00:00, run_after=2025-09-11 00:00:00+00:00
[2025-09-11T09:55:43.782+0000] {processor.py:208} INFO - Processing /home/airflow/.local/lib/python3.12/site-packages/airflow/example_dags/example_inlet_event_extra.py took 2.148 seconds
[2025-09-11T09:56:14.068+0000] {processor.py:186} INFO - Started process (PID=900) to work on /home/airflow/.local/lib/python3.12/site-packages/airflow/example_dags/example_inlet_event_extra.py
[2025-09-11T09:56:14.069+0000] {processor.py:914} INFO - Processing file /home/airflow/.local/lib/python3.12/site-packages/airflow/example_dags/example_inlet_event_extra.py for tasks to queue
[2025-09-11T09:56:14.073+0000] {logging_mixin.py:190} INFO - [2025-09-11T09:56:14.072+0000] {dagbag.py:588} INFO - Filling up the DagBag from /home/airflow/.local/lib/python3.12/site-packages/airflow/example_dags/example_inlet_event_extra.py
[2025-09-11T09:56:15.103+0000] {processor.py:925} INFO - DAG(s) 'read_dataset_event_from_classic', 'read_dataset_event' retrieved from /home/airflow/.local/lib/python3.12/site-packages/airflow/example_dags/example_inlet_event_extra.py
[2025-09-11T09:56:15.154+0000] {logging_mixin.py:190} INFO - [2025-09-11T09:56:15.154+0000] {dag.py:3239} INFO - Sync 2 DAGs
[2025-09-11T09:56:15.221+0000] {logging_mixin.py:190} INFO - [2025-09-11T09:56:15.221+0000] {dag.py:4180} INFO - Setting next_dagrun for read_dataset_event to 2025-09-10 00:00:00+00:00, run_after=2025-09-11 00:00:00+00:00
[2025-09-11T09:56:15.238+0000] {logging_mixin.py:190} INFO - [2025-09-11T09:56:15.238+0000] {dag.py:4180} INFO - Setting next_dagrun for read_dataset_event_from_classic to 2025-09-10 00:00:00+00:00, run_after=2025-09-11 00:00:00+00:00
[2025-09-11T09:56:15.267+0000] {processor.py:208} INFO - Processing /home/airflow/.local/lib/python3.12/site-packages/airflow/example_dags/example_inlet_event_extra.py took 1.212 seconds
[2025-09-11T09:56:45.919+0000] {processor.py:186} INFO - Started process (PID=964) to work on /home/airflow/.local/lib/python3.12/site-packages/airflow/example_dags/example_inlet_event_extra.py
[2025-09-11T09:56:45.921+0000] {processor.py:914} INFO - Processing file /home/airflow/.local/lib/python3.12/site-packages/airflow/example_dags/example_inlet_event_extra.py for tasks to queue
[2025-09-11T09:56:45.932+0000] {logging_mixin.py:190} INFO - [2025-09-11T09:56:45.932+0000] {dagbag.py:588} INFO - Filling up the DagBag from /home/airflow/.local/lib/python3.12/site-packages/airflow/example_dags/example_inlet_event_extra.py
[2025-09-11T09:56:46.883+0000] {processor.py:925} INFO - DAG(s) 'read_dataset_event', 'read_dataset_event_from_classic' retrieved from /home/airflow/.local/lib/python3.12/site-packages/airflow/example_dags/example_inlet_event_extra.py
[2025-09-11T09:56:46.913+0000] {logging_mixin.py:190} INFO - [2025-09-11T09:56:46.912+0000] {dag.py:3239} INFO - Sync 2 DAGs
[2025-09-11T09:56:46.953+0000] {logging_mixin.py:190} INFO - [2025-09-11T09:56:46.952+0000] {dag.py:4180} INFO - Setting next_dagrun for read_dataset_event to 2025-09-10 00:00:00+00:00, run_after=2025-09-11 00:00:00+00:00
[2025-09-11T09:56:46.964+0000] {logging_mixin.py:190} INFO - [2025-09-11T09:56:46.963+0000] {dag.py:4180} INFO - Setting next_dagrun for read_dataset_event_from_classic to 2025-09-10 00:00:00+00:00, run_after=2025-09-11 00:00:00+00:00
[2025-09-11T09:56:47.005+0000] {processor.py:208} INFO - Processing /home/airflow/.local/lib/python3.12/site-packages/airflow/example_dags/example_inlet_event_extra.py took 1.096 seconds
[2025-09-11T09:57:17.619+0000] {processor.py:186} INFO - Started process (PID=1036) to work on /home/airflow/.local/lib/python3.12/site-packages/airflow/example_dags/example_inlet_event_extra.py
[2025-09-11T09:57:17.621+0000] {processor.py:914} INFO - Processing file /home/airflow/.local/lib/python3.12/site-packages/airflow/example_dags/example_inlet_event_extra.py for tasks to queue
[2025-09-11T09:57:17.625+0000] {logging_mixin.py:190} INFO - [2025-09-11T09:57:17.625+0000] {dagbag.py:588} INFO - Filling up the DagBag from /home/airflow/.local/lib/python3.12/site-packages/airflow/example_dags/example_inlet_event_extra.py
[2025-09-11T09:57:19.008+0000] {processor.py:925} INFO - DAG(s) 'read_dataset_event', 'read_dataset_event_from_classic' retrieved from /home/airflow/.local/lib/python3.12/site-packages/airflow/example_dags/example_inlet_event_extra.py
[2025-09-11T09:57:19.082+0000] {logging_mixin.py:190} INFO - [2025-09-11T09:57:19.082+0000] {dag.py:3239} INFO - Sync 2 DAGs
[2025-09-11T09:57:19.190+0000] {logging_mixin.py:190} INFO - [2025-09-11T09:57:19.189+0000] {dag.py:4180} INFO - Setting next_dagrun for read_dataset_event to 2025-09-10 00:00:00+00:00, run_after=2025-09-11 00:00:00+00:00
[2025-09-11T09:57:19.208+0000] {logging_mixin.py:190} INFO - [2025-09-11T09:57:19.207+0000] {dag.py:4180} INFO - Setting next_dagrun for read_dataset_event_from_classic to 2025-09-10 00:00:00+00:00, run_after=2025-09-11 00:00:00+00:00
[2025-09-11T09:57:19.286+0000] {processor.py:208} INFO - Processing /home/airflow/.local/lib/python3.12/site-packages/airflow/example_dags/example_inlet_event_extra.py took 1.678 seconds
[2025-09-11T09:57:50.259+0000] {processor.py:186} INFO - Started process (PID=1103) to work on /home/airflow/.local/lib/python3.12/site-packages/airflow/example_dags/example_inlet_event_extra.py
[2025-09-11T09:57:50.261+0000] {processor.py:914} INFO - Processing file /home/airflow/.local/lib/python3.12/site-packages/airflow/example_dags/example_inlet_event_extra.py for tasks to queue
[2025-09-11T09:57:50.268+0000] {logging_mixin.py:190} INFO - [2025-09-11T09:57:50.267+0000] {dagbag.py:588} INFO - Filling up the DagBag from /home/airflow/.local/lib/python3.12/site-packages/airflow/example_dags/example_inlet_event_extra.py
[2025-09-11T09:57:52.410+0000] {processor.py:925} INFO - DAG(s) 'read_dataset_event_from_classic', 'read_dataset_event' retrieved from /home/airflow/.local/lib/python3.12/site-packages/airflow/example_dags/example_inlet_event_extra.py
[2025-09-11T09:57:52.545+0000] {logging_mixin.py:190} INFO - [2025-09-11T09:57:52.544+0000] {dag.py:3239} INFO - Sync 2 DAGs
[2025-09-11T09:57:52.649+0000] {logging_mixin.py:190} INFO - [2025-09-11T09:57:52.649+0000] {dag.py:4180} INFO - Setting next_dagrun for read_dataset_event to 2025-09-10 00:00:00+00:00, run_after=2025-09-11 00:00:00+00:00
[2025-09-11T09:57:52.666+0000] {logging_mixin.py:190} INFO - [2025-09-11T09:57:52.665+0000] {dag.py:4180} INFO - Setting next_dagrun for read_dataset_event_from_classic to 2025-09-10 00:00:00+00:00, run_after=2025-09-11 00:00:00+00:00
[2025-09-11T09:57:52.750+0000] {processor.py:208} INFO - Processing /home/airflow/.local/lib/python3.12/site-packages/airflow/example_dags/example_inlet_event_extra.py took 2.523 seconds
[2025-09-11T09:58:23.140+0000] {processor.py:186} INFO - Started process (PID=1170) to work on /home/airflow/.local/lib/python3.12/site-packages/airflow/example_dags/example_inlet_event_extra.py
[2025-09-11T09:58:23.142+0000] {processor.py:914} INFO - Processing file /home/airflow/.local/lib/python3.12/site-packages/airflow/example_dags/example_inlet_event_extra.py for tasks to queue
[2025-09-11T09:58:23.154+0000] {logging_mixin.py:190} INFO - [2025-09-11T09:58:23.146+0000] {dagbag.py:588} INFO - Filling up the DagBag from /home/airflow/.local/lib/python3.12/site-packages/airflow/example_dags/example_inlet_event_extra.py
[2025-09-11T09:58:24.754+0000] {processor.py:925} INFO - DAG(s) 'read_dataset_event_from_classic', 'read_dataset_event' retrieved from /home/airflow/.local/lib/python3.12/site-packages/airflow/example_dags/example_inlet_event_extra.py
[2025-09-11T09:58:24.797+0000] {logging_mixin.py:190} INFO - [2025-09-11T09:58:24.796+0000] {dag.py:3239} INFO - Sync 2 DAGs
[2025-09-11T09:58:24.851+0000] {logging_mixin.py:190} INFO - [2025-09-11T09:58:24.850+0000] {dag.py:4180} INFO - Setting next_dagrun for read_dataset_event to 2025-09-10 00:00:00+00:00, run_after=2025-09-11 00:00:00+00:00
[2025-09-11T09:58:24.861+0000] {logging_mixin.py:190} INFO - [2025-09-11T09:58:24.861+0000] {dag.py:4180} INFO - Setting next_dagrun for read_dataset_event_from_classic to 2025-09-10 00:00:00+00:00, run_after=2025-09-11 00:00:00+00:00
[2025-09-11T09:58:24.903+0000] {processor.py:208} INFO - Processing /home/airflow/.local/lib/python3.12/site-packages/airflow/example_dags/example_inlet_event_extra.py took 1.783 seconds
[2025-09-11T09:58:55.328+0000] {processor.py:186} INFO - Started process (PID=1233) to work on /home/airflow/.local/lib/python3.12/site-packages/airflow/example_dags/example_inlet_event_extra.py
[2025-09-11T09:58:55.333+0000] {processor.py:914} INFO - Processing file /home/airflow/.local/lib/python3.12/site-packages/airflow/example_dags/example_inlet_event_extra.py for tasks to queue
[2025-09-11T09:58:55.339+0000] {logging_mixin.py:190} INFO - [2025-09-11T09:58:55.338+0000] {dagbag.py:588} INFO - Filling up the DagBag from /home/airflow/.local/lib/python3.12/site-packages/airflow/example_dags/example_inlet_event_extra.py
[2025-09-11T09:58:56.494+0000] {processor.py:925} INFO - DAG(s) 'read_dataset_event_from_classic', 'read_dataset_event' retrieved from /home/airflow/.local/lib/python3.12/site-packages/airflow/example_dags/example_inlet_event_extra.py
[2025-09-11T09:58:56.553+0000] {logging_mixin.py:190} INFO - [2025-09-11T09:58:56.553+0000] {dag.py:3239} INFO - Sync 2 DAGs
[2025-09-11T09:58:56.627+0000] {logging_mixin.py:190} INFO - [2025-09-11T09:58:56.626+0000] {dag.py:4180} INFO - Setting next_dagrun for read_dataset_event to 2025-09-10 00:00:00+00:00, run_after=2025-09-11 00:00:00+00:00
[2025-09-11T09:58:56.641+0000] {logging_mixin.py:190} INFO - [2025-09-11T09:58:56.640+0000] {dag.py:4180} INFO - Setting next_dagrun for read_dataset_event_from_classic to 2025-09-10 00:00:00+00:00, run_after=2025-09-11 00:00:00+00:00
[2025-09-11T09:58:56.688+0000] {processor.py:208} INFO - Processing /home/airflow/.local/lib/python3.12/site-packages/airflow/example_dags/example_inlet_event_extra.py took 1.373 seconds
[2025-09-11T09:59:27.178+0000] {processor.py:186} INFO - Started process (PID=1299) to work on /home/airflow/.local/lib/python3.12/site-packages/airflow/example_dags/example_inlet_event_extra.py
[2025-09-11T09:59:27.180+0000] {processor.py:914} INFO - Processing file /home/airflow/.local/lib/python3.12/site-packages/airflow/example_dags/example_inlet_event_extra.py for tasks to queue
[2025-09-11T09:59:27.186+0000] {logging_mixin.py:190} INFO - [2025-09-11T09:59:27.185+0000] {dagbag.py:588} INFO - Filling up the DagBag from /home/airflow/.local/lib/python3.12/site-packages/airflow/example_dags/example_inlet_event_extra.py
[2025-09-11T09:59:29.002+0000] {processor.py:925} INFO - DAG(s) 'read_dataset_event', 'read_dataset_event_from_classic' retrieved from /home/airflow/.local/lib/python3.12/site-packages/airflow/example_dags/example_inlet_event_extra.py
[2025-09-11T09:59:29.120+0000] {logging_mixin.py:190} INFO - [2025-09-11T09:59:29.120+0000] {dag.py:3239} INFO - Sync 2 DAGs
[2025-09-11T09:59:29.197+0000] {logging_mixin.py:190} INFO - [2025-09-11T09:59:29.196+0000] {dag.py:4180} INFO - Setting next_dagrun for read_dataset_event to 2025-09-10 00:00:00+00:00, run_after=2025-09-11 00:00:00+00:00
[2025-09-11T09:59:29.212+0000] {logging_mixin.py:190} INFO - [2025-09-11T09:59:29.211+0000] {dag.py:4180} INFO - Setting next_dagrun for read_dataset_event_from_classic to 2025-09-10 00:00:00+00:00, run_after=2025-09-11 00:00:00+00:00
[2025-09-11T09:59:29.253+0000] {processor.py:208} INFO - Processing /home/airflow/.local/lib/python3.12/site-packages/airflow/example_dags/example_inlet_event_extra.py took 2.096 seconds
[2025-09-11T09:59:59.763+0000] {processor.py:186} INFO - Started process (PID=1366) to work on /home/airflow/.local/lib/python3.12/site-packages/airflow/example_dags/example_inlet_event_extra.py
[2025-09-11T09:59:59.768+0000] {processor.py:914} INFO - Processing file /home/airflow/.local/lib/python3.12/site-packages/airflow/example_dags/example_inlet_event_extra.py for tasks to queue
[2025-09-11T09:59:59.780+0000] {logging_mixin.py:190} INFO - [2025-09-11T09:59:59.779+0000] {dagbag.py:588} INFO - Filling up the DagBag from /home/airflow/.local/lib/python3.12/site-packages/airflow/example_dags/example_inlet_event_extra.py
[2025-09-11T10:00:01.952+0000] {processor.py:925} INFO - DAG(s) 'read_dataset_event', 'read_dataset_event_from_classic' retrieved from /home/airflow/.local/lib/python3.12/site-packages/airflow/example_dags/example_inlet_event_extra.py
[2025-09-11T10:00:02.001+0000] {logging_mixin.py:190} INFO - [2025-09-11T10:00:02.001+0000] {dag.py:3239} INFO - Sync 2 DAGs
[2025-09-11T10:00:02.100+0000] {logging_mixin.py:190} INFO - [2025-09-11T10:00:02.099+0000] {dag.py:4180} INFO - Setting next_dagrun for read_dataset_event to 2025-09-10 00:00:00+00:00, run_after=2025-09-11 00:00:00+00:00
[2025-09-11T10:00:02.116+0000] {logging_mixin.py:190} INFO - [2025-09-11T10:00:02.115+0000] {dag.py:4180} INFO - Setting next_dagrun for read_dataset_event_from_classic to 2025-09-10 00:00:00+00:00, run_after=2025-09-11 00:00:00+00:00
[2025-09-11T10:00:02.157+0000] {processor.py:208} INFO - Processing /home/airflow/.local/lib/python3.12/site-packages/airflow/example_dags/example_inlet_event_extra.py took 2.416 seconds
[2025-09-11T10:00:32.749+0000] {processor.py:186} INFO - Started process (PID=1433) to work on /home/airflow/.local/lib/python3.12/site-packages/airflow/example_dags/example_inlet_event_extra.py
[2025-09-11T10:00:32.751+0000] {processor.py:914} INFO - Processing file /home/airflow/.local/lib/python3.12/site-packages/airflow/example_dags/example_inlet_event_extra.py for tasks to queue
[2025-09-11T10:00:32.796+0000] {logging_mixin.py:190} INFO - [2025-09-11T10:00:32.795+0000] {dagbag.py:588} INFO - Filling up the DagBag from /home/airflow/.local/lib/python3.12/site-packages/airflow/example_dags/example_inlet_event_extra.py
[2025-09-11T10:00:34.403+0000] {processor.py:925} INFO - DAG(s) 'read_dataset_event', 'read_dataset_event_from_classic' retrieved from /home/airflow/.local/lib/python3.12/site-packages/airflow/example_dags/example_inlet_event_extra.py
[2025-09-11T10:00:34.453+0000] {logging_mixin.py:190} INFO - [2025-09-11T10:00:34.452+0000] {dag.py:3239} INFO - Sync 2 DAGs
[2025-09-11T10:00:34.539+0000] {logging_mixin.py:190} INFO - [2025-09-11T10:00:34.538+0000] {dag.py:4180} INFO - Setting next_dagrun for read_dataset_event to 2025-09-10 00:00:00+00:00, run_after=2025-09-11 00:00:00+00:00
[2025-09-11T10:00:34.606+0000] {logging_mixin.py:190} INFO - [2025-09-11T10:00:34.604+0000] {dag.py:4180} INFO - Setting next_dagrun for read_dataset_event_from_classic to 2025-09-10 00:00:00+00:00, run_after=2025-09-11 00:00:00+00:00
[2025-09-11T10:00:34.661+0000] {processor.py:208} INFO - Processing /home/airflow/.local/lib/python3.12/site-packages/airflow/example_dags/example_inlet_event_extra.py took 1.735 seconds
[2025-09-11T10:01:05.254+0000] {processor.py:186} INFO - Started process (PID=1499) to work on /home/airflow/.local/lib/python3.12/site-packages/airflow/example_dags/example_inlet_event_extra.py
[2025-09-11T10:01:05.256+0000] {processor.py:914} INFO - Processing file /home/airflow/.local/lib/python3.12/site-packages/airflow/example_dags/example_inlet_event_extra.py for tasks to queue
[2025-09-11T10:01:05.265+0000] {logging_mixin.py:190} INFO - [2025-09-11T10:01:05.264+0000] {dagbag.py:588} INFO - Filling up the DagBag from /home/airflow/.local/lib/python3.12/site-packages/airflow/example_dags/example_inlet_event_extra.py
[2025-09-11T10:01:06.448+0000] {processor.py:925} INFO - DAG(s) 'read_dataset_event_from_classic', 'read_dataset_event' retrieved from /home/airflow/.local/lib/python3.12/site-packages/airflow/example_dags/example_inlet_event_extra.py
[2025-09-11T10:01:06.508+0000] {logging_mixin.py:190} INFO - [2025-09-11T10:01:06.507+0000] {dag.py:3239} INFO - Sync 2 DAGs
[2025-09-11T10:01:06.575+0000] {logging_mixin.py:190} INFO - [2025-09-11T10:01:06.574+0000] {dag.py:4180} INFO - Setting next_dagrun for read_dataset_event to 2025-09-10 00:00:00+00:00, run_after=2025-09-11 00:00:00+00:00
[2025-09-11T10:01:06.604+0000] {logging_mixin.py:190} INFO - [2025-09-11T10:01:06.603+0000] {dag.py:4180} INFO - Setting next_dagrun for read_dataset_event_from_classic to 2025-09-10 00:00:00+00:00, run_after=2025-09-11 00:00:00+00:00
[2025-09-11T10:01:06.657+0000] {processor.py:208} INFO - Processing /home/airflow/.local/lib/python3.12/site-packages/airflow/example_dags/example_inlet_event_extra.py took 1.415 seconds
[2025-09-11T10:01:36.980+0000] {processor.py:186} INFO - Started process (PID=1562) to work on /home/airflow/.local/lib/python3.12/site-packages/airflow/example_dags/example_inlet_event_extra.py
[2025-09-11T10:01:36.984+0000] {processor.py:914} INFO - Processing file /home/airflow/.local/lib/python3.12/site-packages/airflow/example_dags/example_inlet_event_extra.py for tasks to queue
[2025-09-11T10:01:36.997+0000] {logging_mixin.py:190} INFO - [2025-09-11T10:01:36.997+0000] {dagbag.py:588} INFO - Filling up the DagBag from /home/airflow/.local/lib/python3.12/site-packages/airflow/example_dags/example_inlet_event_extra.py
[2025-09-11T10:01:38.270+0000] {processor.py:925} INFO - DAG(s) 'read_dataset_event', 'read_dataset_event_from_classic' retrieved from /home/airflow/.local/lib/python3.12/site-packages/airflow/example_dags/example_inlet_event_extra.py
[2025-09-11T10:01:38.311+0000] {logging_mixin.py:190} INFO - [2025-09-11T10:01:38.311+0000] {dag.py:3239} INFO - Sync 2 DAGs
[2025-09-11T10:01:38.362+0000] {logging_mixin.py:190} INFO - [2025-09-11T10:01:38.362+0000] {dag.py:4180} INFO - Setting next_dagrun for read_dataset_event to 2025-09-10 00:00:00+00:00, run_after=2025-09-11 00:00:00+00:00
[2025-09-11T10:01:38.374+0000] {logging_mixin.py:190} INFO - [2025-09-11T10:01:38.374+0000] {dag.py:4180} INFO - Setting next_dagrun for read_dataset_event_from_classic to 2025-09-10 00:00:00+00:00, run_after=2025-09-11 00:00:00+00:00
[2025-09-11T10:01:38.413+0000] {processor.py:208} INFO - Processing /home/airflow/.local/lib/python3.12/site-packages/airflow/example_dags/example_inlet_event_extra.py took 1.453 seconds
[2025-09-11T10:02:08.680+0000] {processor.py:186} INFO - Started process (PID=1627) to work on /home/airflow/.local/lib/python3.12/site-packages/airflow/example_dags/example_inlet_event_extra.py
[2025-09-11T10:02:08.682+0000] {processor.py:914} INFO - Processing file /home/airflow/.local/lib/python3.12/site-packages/airflow/example_dags/example_inlet_event_extra.py for tasks to queue
[2025-09-11T10:02:08.688+0000] {logging_mixin.py:190} INFO - [2025-09-11T10:02:08.687+0000] {dagbag.py:588} INFO - Filling up the DagBag from /home/airflow/.local/lib/python3.12/site-packages/airflow/example_dags/example_inlet_event_extra.py
[2025-09-11T10:02:09.910+0000] {processor.py:925} INFO - DAG(s) 'read_dataset_event_from_classic', 'read_dataset_event' retrieved from /home/airflow/.local/lib/python3.12/site-packages/airflow/example_dags/example_inlet_event_extra.py
[2025-09-11T10:02:09.944+0000] {logging_mixin.py:190} INFO - [2025-09-11T10:02:09.944+0000] {dag.py:3239} INFO - Sync 2 DAGs
[2025-09-11T10:02:10.002+0000] {logging_mixin.py:190} INFO - [2025-09-11T10:02:10.001+0000] {dag.py:4180} INFO - Setting next_dagrun for read_dataset_event to 2025-09-10 00:00:00+00:00, run_after=2025-09-11 00:00:00+00:00
[2025-09-11T10:02:10.014+0000] {logging_mixin.py:190} INFO - [2025-09-11T10:02:10.014+0000] {dag.py:4180} INFO - Setting next_dagrun for read_dataset_event_from_classic to 2025-09-10 00:00:00+00:00, run_after=2025-09-11 00:00:00+00:00
[2025-09-11T10:02:10.064+0000] {processor.py:208} INFO - Processing /home/airflow/.local/lib/python3.12/site-packages/airflow/example_dags/example_inlet_event_extra.py took 1.393 seconds
[2025-09-11T10:02:40.288+0000] {processor.py:186} INFO - Started process (PID=1690) to work on /home/airflow/.local/lib/python3.12/site-packages/airflow/example_dags/example_inlet_event_extra.py
[2025-09-11T10:02:40.291+0000] {processor.py:914} INFO - Processing file /home/airflow/.local/lib/python3.12/site-packages/airflow/example_dags/example_inlet_event_extra.py for tasks to queue
[2025-09-11T10:02:40.297+0000] {logging_mixin.py:190} INFO - [2025-09-11T10:02:40.296+0000] {dagbag.py:588} INFO - Filling up the DagBag from /home/airflow/.local/lib/python3.12/site-packages/airflow/example_dags/example_inlet_event_extra.py
[2025-09-11T10:02:41.845+0000] {processor.py:925} INFO - DAG(s) 'read_dataset_event', 'read_dataset_event_from_classic' retrieved from /home/airflow/.local/lib/python3.12/site-packages/airflow/example_dags/example_inlet_event_extra.py
[2025-09-11T10:02:41.892+0000] {logging_mixin.py:190} INFO - [2025-09-11T10:02:41.892+0000] {dag.py:3239} INFO - Sync 2 DAGs
[2025-09-11T10:02:41.975+0000] {logging_mixin.py:190} INFO - [2025-09-11T10:02:41.974+0000] {dag.py:4180} INFO - Setting next_dagrun for read_dataset_event to 2025-09-10 00:00:00+00:00, run_after=2025-09-11 00:00:00+00:00
[2025-09-11T10:02:41.993+0000] {logging_mixin.py:190} INFO - [2025-09-11T10:02:41.993+0000] {dag.py:4180} INFO - Setting next_dagrun for read_dataset_event_from_classic to 2025-09-10 00:00:00+00:00, run_after=2025-09-11 00:00:00+00:00
[2025-09-11T10:02:42.057+0000] {processor.py:208} INFO - Processing /home/airflow/.local/lib/python3.12/site-packages/airflow/example_dags/example_inlet_event_extra.py took 1.789 seconds
[2025-09-11T10:03:12.345+0000] {processor.py:186} INFO - Started process (PID=1756) to work on /home/airflow/.local/lib/python3.12/site-packages/airflow/example_dags/example_inlet_event_extra.py
[2025-09-11T10:03:12.348+0000] {processor.py:914} INFO - Processing file /home/airflow/.local/lib/python3.12/site-packages/airflow/example_dags/example_inlet_event_extra.py for tasks to queue
[2025-09-11T10:03:12.352+0000] {logging_mixin.py:190} INFO - [2025-09-11T10:03:12.352+0000] {dagbag.py:588} INFO - Filling up the DagBag from /home/airflow/.local/lib/python3.12/site-packages/airflow/example_dags/example_inlet_event_extra.py
[2025-09-11T10:03:14.199+0000] {processor.py:925} INFO - DAG(s) 'read_dataset_event', 'read_dataset_event_from_classic' retrieved from /home/airflow/.local/lib/python3.12/site-packages/airflow/example_dags/example_inlet_event_extra.py
[2025-09-11T10:03:14.262+0000] {logging_mixin.py:190} INFO - [2025-09-11T10:03:14.261+0000] {dag.py:3239} INFO - Sync 2 DAGs
[2025-09-11T10:03:14.347+0000] {logging_mixin.py:190} INFO - [2025-09-11T10:03:14.346+0000] {dag.py:4180} INFO - Setting next_dagrun for read_dataset_event to 2025-09-10 00:00:00+00:00, run_after=2025-09-11 00:00:00+00:00
[2025-09-11T10:03:14.388+0000] {logging_mixin.py:190} INFO - [2025-09-11T10:03:14.387+0000] {dag.py:4180} INFO - Setting next_dagrun for read_dataset_event_from_classic to 2025-09-10 00:00:00+00:00, run_after=2025-09-11 00:00:00+00:00
[2025-09-11T10:03:14.466+0000] {processor.py:208} INFO - Processing /home/airflow/.local/lib/python3.12/site-packages/airflow/example_dags/example_inlet_event_extra.py took 2.133 seconds
[2025-09-11T10:03:44.978+0000] {processor.py:186} INFO - Started process (PID=1823) to work on /home/airflow/.local/lib/python3.12/site-packages/airflow/example_dags/example_inlet_event_extra.py
[2025-09-11T10:03:44.980+0000] {processor.py:914} INFO - Processing file /home/airflow/.local/lib/python3.12/site-packages/airflow/example_dags/example_inlet_event_extra.py for tasks to queue
[2025-09-11T10:03:44.987+0000] {logging_mixin.py:190} INFO - [2025-09-11T10:03:44.986+0000] {dagbag.py:588} INFO - Filling up the DagBag from /home/airflow/.local/lib/python3.12/site-packages/airflow/example_dags/example_inlet_event_extra.py
[2025-09-11T10:03:46.451+0000] {processor.py:925} INFO - DAG(s) 'read_dataset_event', 'read_dataset_event_from_classic' retrieved from /home/airflow/.local/lib/python3.12/site-packages/airflow/example_dags/example_inlet_event_extra.py
[2025-09-11T10:03:46.493+0000] {logging_mixin.py:190} INFO - [2025-09-11T10:03:46.493+0000] {dag.py:3239} INFO - Sync 2 DAGs
[2025-09-11T10:03:46.559+0000] {logging_mixin.py:190} INFO - [2025-09-11T10:03:46.558+0000] {dag.py:4180} INFO - Setting next_dagrun for read_dataset_event to 2025-09-10 00:00:00+00:00, run_after=2025-09-11 00:00:00+00:00
[2025-09-11T10:03:46.571+0000] {logging_mixin.py:190} INFO - [2025-09-11T10:03:46.571+0000] {dag.py:4180} INFO - Setting next_dagrun for read_dataset_event_from_classic to 2025-09-10 00:00:00+00:00, run_after=2025-09-11 00:00:00+00:00
[2025-09-11T10:03:46.611+0000] {processor.py:208} INFO - Processing /home/airflow/.local/lib/python3.12/site-packages/airflow/example_dags/example_inlet_event_extra.py took 1.650 seconds
[2025-09-11T10:04:17.066+0000] {processor.py:186} INFO - Started process (PID=1888) to work on /home/airflow/.local/lib/python3.12/site-packages/airflow/example_dags/example_inlet_event_extra.py
[2025-09-11T10:04:17.068+0000] {processor.py:914} INFO - Processing file /home/airflow/.local/lib/python3.12/site-packages/airflow/example_dags/example_inlet_event_extra.py for tasks to queue
[2025-09-11T10:04:17.072+0000] {logging_mixin.py:190} INFO - [2025-09-11T10:04:17.072+0000] {dagbag.py:588} INFO - Filling up the DagBag from /home/airflow/.local/lib/python3.12/site-packages/airflow/example_dags/example_inlet_event_extra.py
[2025-09-11T10:04:18.715+0000] {processor.py:925} INFO - DAG(s) 'read_dataset_event_from_classic', 'read_dataset_event' retrieved from /home/airflow/.local/lib/python3.12/site-packages/airflow/example_dags/example_inlet_event_extra.py
[2025-09-11T10:04:18.791+0000] {logging_mixin.py:190} INFO - [2025-09-11T10:04:18.791+0000] {dag.py:3239} INFO - Sync 2 DAGs
[2025-09-11T10:04:18.866+0000] {logging_mixin.py:190} INFO - [2025-09-11T10:04:18.865+0000] {dag.py:4180} INFO - Setting next_dagrun for read_dataset_event to 2025-09-10 00:00:00+00:00, run_after=2025-09-11 00:00:00+00:00
[2025-09-11T10:04:18.878+0000] {logging_mixin.py:190} INFO - [2025-09-11T10:04:18.878+0000] {dag.py:4180} INFO - Setting next_dagrun for read_dataset_event_from_classic to 2025-09-10 00:00:00+00:00, run_after=2025-09-11 00:00:00+00:00
[2025-09-11T10:04:18.923+0000] {processor.py:208} INFO - Processing /home/airflow/.local/lib/python3.12/site-packages/airflow/example_dags/example_inlet_event_extra.py took 1.867 seconds
[2025-09-11T10:04:49.189+0000] {processor.py:186} INFO - Started process (PID=1954) to work on /home/airflow/.local/lib/python3.12/site-packages/airflow/example_dags/example_inlet_event_extra.py
[2025-09-11T10:04:49.191+0000] {processor.py:914} INFO - Processing file /home/airflow/.local/lib/python3.12/site-packages/airflow/example_dags/example_inlet_event_extra.py for tasks to queue
[2025-09-11T10:04:49.197+0000] {logging_mixin.py:190} INFO - [2025-09-11T10:04:49.196+0000] {dagbag.py:588} INFO - Filling up the DagBag from /home/airflow/.local/lib/python3.12/site-packages/airflow/example_dags/example_inlet_event_extra.py
