[2025-09-11T09:49:39.161+0000] {processor.py:186} INFO - Started process (PID=98) to work on /home/airflow/.local/lib/python3.12/site-packages/airflow/example_dags/example_branch_labels.py
[2025-09-11T09:49:39.165+0000] {processor.py:914} INFO - Processing file /home/airflow/.local/lib/python3.12/site-packages/airflow/example_dags/example_branch_labels.py for tasks to queue
[2025-09-11T09:49:39.170+0000] {logging_mixin.py:190} INFO - [2025-09-11T09:49:39.169+0000] {dagbag.py:588} INFO - Filling up the DagBag from /home/airflow/.local/lib/python3.12/site-packages/airflow/example_dags/example_branch_labels.py
[2025-09-11T09:49:39.193+0000] {processor.py:925} INFO - DAG(s) 'example_branch_labels' retrieved from /home/airflow/.local/lib/python3.12/site-packages/airflow/example_dags/example_branch_labels.py
[2025-09-11T09:49:39.549+0000] {logging_mixin.py:190} INFO - [2025-09-11T09:49:39.547+0000] {override.py:1912} INFO - Created Permission View: can read on DAG:example_branch_labels
[2025-09-11T09:49:39.585+0000] {logging_mixin.py:190} INFO - [2025-09-11T09:49:39.583+0000] {override.py:1912} INFO - Created Permission View: can edit on DAG:example_branch_labels
[2025-09-11T09:49:39.604+0000] {logging_mixin.py:190} INFO - [2025-09-11T09:49:39.604+0000] {override.py:1912} INFO - Created Permission View: can delete on DAG:example_branch_labels
[2025-09-11T09:49:39.630+0000] {logging_mixin.py:190} INFO - [2025-09-11T09:49:39.629+0000] {override.py:1912} INFO - Created Permission View: can create on DAG Run:example_branch_labels
[2025-09-11T09:49:39.649+0000] {logging_mixin.py:190} INFO - [2025-09-11T09:49:39.649+0000] {override.py:1912} INFO - Created Permission View: can read on DAG Run:example_branch_labels
[2025-09-11T09:49:39.668+0000] {logging_mixin.py:190} INFO - [2025-09-11T09:49:39.668+0000] {override.py:1912} INFO - Created Permission View: can delete on DAG Run:example_branch_labels
[2025-09-11T09:49:39.686+0000] {logging_mixin.py:190} INFO - [2025-09-11T09:49:39.686+0000] {override.py:1912} INFO - Created Permission View: menu access on DAG Run:example_branch_labels
[2025-09-11T09:49:39.687+0000] {logging_mixin.py:190} INFO - [2025-09-11T09:49:39.687+0000] {dag.py:3239} INFO - Sync 1 DAGs
[2025-09-11T09:49:39.724+0000] {logging_mixin.py:190} INFO - [2025-09-11T09:49:39.723+0000] {dag.py:3262} INFO - Creating ORM DAG for example_branch_labels
[2025-09-11T09:49:39.756+0000] {logging_mixin.py:190} INFO - [2025-09-11T09:49:39.755+0000] {dag.py:4180} INFO - Setting next_dagrun for example_branch_labels to 2025-09-10 00:00:00+00:00, run_after=2025-09-11 00:00:00+00:00
[2025-09-11T09:49:39.807+0000] {processor.py:208} INFO - Processing /home/airflow/.local/lib/python3.12/site-packages/airflow/example_dags/example_branch_labels.py took 0.660 seconds
[2025-09-11T09:50:10.806+0000] {processor.py:186} INFO - Started process (PID=160) to work on /home/airflow/.local/lib/python3.12/site-packages/airflow/example_dags/example_branch_labels.py
[2025-09-11T09:50:10.808+0000] {processor.py:914} INFO - Processing file /home/airflow/.local/lib/python3.12/site-packages/airflow/example_dags/example_branch_labels.py for tasks to queue
[2025-09-11T09:50:10.812+0000] {logging_mixin.py:190} INFO - [2025-09-11T09:50:10.811+0000] {dagbag.py:588} INFO - Filling up the DagBag from /home/airflow/.local/lib/python3.12/site-packages/airflow/example_dags/example_branch_labels.py
[2025-09-11T09:50:10.832+0000] {processor.py:925} INFO - DAG(s) 'example_branch_labels' retrieved from /home/airflow/.local/lib/python3.12/site-packages/airflow/example_dags/example_branch_labels.py
[2025-09-11T09:50:10.873+0000] {logging_mixin.py:190} INFO - [2025-09-11T09:50:10.872+0000] {dag.py:3239} INFO - Sync 1 DAGs
[2025-09-11T09:50:10.920+0000] {logging_mixin.py:190} INFO - [2025-09-11T09:50:10.919+0000] {dag.py:4180} INFO - Setting next_dagrun for example_branch_labels to 2025-09-10 00:00:00+00:00, run_after=2025-09-11 00:00:00+00:00
[2025-09-11T09:50:10.963+0000] {processor.py:208} INFO - Processing /home/airflow/.local/lib/python3.12/site-packages/airflow/example_dags/example_branch_labels.py took 0.167 seconds
[2025-09-11T09:50:41.871+0000] {processor.py:186} INFO - Started process (PID=230) to work on /home/airflow/.local/lib/python3.12/site-packages/airflow/example_dags/example_branch_labels.py
[2025-09-11T09:50:41.881+0000] {processor.py:914} INFO - Processing file /home/airflow/.local/lib/python3.12/site-packages/airflow/example_dags/example_branch_labels.py for tasks to queue
[2025-09-11T09:50:41.894+0000] {logging_mixin.py:190} INFO - [2025-09-11T09:50:41.891+0000] {dagbag.py:588} INFO - Filling up the DagBag from /home/airflow/.local/lib/python3.12/site-packages/airflow/example_dags/example_branch_labels.py
[2025-09-11T09:50:41.926+0000] {processor.py:925} INFO - DAG(s) 'example_branch_labels' retrieved from /home/airflow/.local/lib/python3.12/site-packages/airflow/example_dags/example_branch_labels.py
[2025-09-11T09:50:41.986+0000] {logging_mixin.py:190} INFO - [2025-09-11T09:50:41.986+0000] {dag.py:3239} INFO - Sync 1 DAGs
[2025-09-11T09:50:42.119+0000] {logging_mixin.py:190} INFO - [2025-09-11T09:50:42.118+0000] {dag.py:4180} INFO - Setting next_dagrun for example_branch_labels to 2025-09-10 00:00:00+00:00, run_after=2025-09-11 00:00:00+00:00
[2025-09-11T09:50:42.185+0000] {processor.py:208} INFO - Processing /home/airflow/.local/lib/python3.12/site-packages/airflow/example_dags/example_branch_labels.py took 0.336 seconds
[2025-09-11T09:51:15.448+0000] {processor.py:186} INFO - Started process (PID=302) to work on /home/airflow/.local/lib/python3.12/site-packages/airflow/example_dags/example_branch_labels.py
[2025-09-11T09:51:15.455+0000] {processor.py:914} INFO - Processing file /home/airflow/.local/lib/python3.12/site-packages/airflow/example_dags/example_branch_labels.py for tasks to queue
[2025-09-11T09:51:15.462+0000] {logging_mixin.py:190} INFO - [2025-09-11T09:51:15.461+0000] {dagbag.py:588} INFO - Filling up the DagBag from /home/airflow/.local/lib/python3.12/site-packages/airflow/example_dags/example_branch_labels.py
[2025-09-11T09:51:15.489+0000] {processor.py:925} INFO - DAG(s) 'example_branch_labels' retrieved from /home/airflow/.local/lib/python3.12/site-packages/airflow/example_dags/example_branch_labels.py
[2025-09-11T09:51:15.538+0000] {logging_mixin.py:190} INFO - [2025-09-11T09:51:15.538+0000] {dag.py:3239} INFO - Sync 1 DAGs
[2025-09-11T09:51:15.609+0000] {logging_mixin.py:190} INFO - [2025-09-11T09:51:15.608+0000] {dag.py:4180} INFO - Setting next_dagrun for example_branch_labels to 2025-09-10 00:00:00+00:00, run_after=2025-09-11 00:00:00+00:00
[2025-09-11T09:51:15.687+0000] {processor.py:208} INFO - Processing /home/airflow/.local/lib/python3.12/site-packages/airflow/example_dags/example_branch_labels.py took 0.251 seconds
[2025-09-11T09:51:46.915+0000] {processor.py:186} INFO - Started process (PID=365) to work on /home/airflow/.local/lib/python3.12/site-packages/airflow/example_dags/example_branch_labels.py
[2025-09-11T09:51:46.917+0000] {processor.py:914} INFO - Processing file /home/airflow/.local/lib/python3.12/site-packages/airflow/example_dags/example_branch_labels.py for tasks to queue
[2025-09-11T09:51:46.920+0000] {logging_mixin.py:190} INFO - [2025-09-11T09:51:46.920+0000] {dagbag.py:588} INFO - Filling up the DagBag from /home/airflow/.local/lib/python3.12/site-packages/airflow/example_dags/example_branch_labels.py
[2025-09-11T09:51:46.935+0000] {processor.py:925} INFO - DAG(s) 'example_branch_labels' retrieved from /home/airflow/.local/lib/python3.12/site-packages/airflow/example_dags/example_branch_labels.py
[2025-09-11T09:51:46.968+0000] {logging_mixin.py:190} INFO - [2025-09-11T09:51:46.967+0000] {dag.py:3239} INFO - Sync 1 DAGs
[2025-09-11T09:51:47.005+0000] {logging_mixin.py:190} INFO - [2025-09-11T09:51:47.004+0000] {dag.py:4180} INFO - Setting next_dagrun for example_branch_labels to 2025-09-10 00:00:00+00:00, run_after=2025-09-11 00:00:00+00:00
[2025-09-11T09:51:47.024+0000] {processor.py:208} INFO - Processing /home/airflow/.local/lib/python3.12/site-packages/airflow/example_dags/example_branch_labels.py took 0.118 seconds
[2025-09-11T09:52:18.443+0000] {processor.py:186} INFO - Started process (PID=428) to work on /home/airflow/.local/lib/python3.12/site-packages/airflow/example_dags/example_branch_labels.py
[2025-09-11T09:52:18.445+0000] {processor.py:914} INFO - Processing file /home/airflow/.local/lib/python3.12/site-packages/airflow/example_dags/example_branch_labels.py for tasks to queue
[2025-09-11T09:52:18.450+0000] {logging_mixin.py:190} INFO - [2025-09-11T09:52:18.449+0000] {dagbag.py:588} INFO - Filling up the DagBag from /home/airflow/.local/lib/python3.12/site-packages/airflow/example_dags/example_branch_labels.py
[2025-09-11T09:52:18.469+0000] {processor.py:925} INFO - DAG(s) 'example_branch_labels' retrieved from /home/airflow/.local/lib/python3.12/site-packages/airflow/example_dags/example_branch_labels.py
[2025-09-11T09:52:18.511+0000] {logging_mixin.py:190} INFO - [2025-09-11T09:52:18.511+0000] {dag.py:3239} INFO - Sync 1 DAGs
[2025-09-11T09:52:18.557+0000] {logging_mixin.py:190} INFO - [2025-09-11T09:52:18.557+0000] {dag.py:4180} INFO - Setting next_dagrun for example_branch_labels to 2025-09-10 00:00:00+00:00, run_after=2025-09-11 00:00:00+00:00
[2025-09-11T09:52:18.602+0000] {processor.py:208} INFO - Processing /home/airflow/.local/lib/python3.12/site-packages/airflow/example_dags/example_branch_labels.py took 0.171 seconds
[2025-09-11T09:52:49.182+0000] {processor.py:186} INFO - Started process (PID=490) to work on /home/airflow/.local/lib/python3.12/site-packages/airflow/example_dags/example_branch_labels.py
[2025-09-11T09:52:49.183+0000] {processor.py:914} INFO - Processing file /home/airflow/.local/lib/python3.12/site-packages/airflow/example_dags/example_branch_labels.py for tasks to queue
[2025-09-11T09:52:49.192+0000] {logging_mixin.py:190} INFO - [2025-09-11T09:52:49.191+0000] {dagbag.py:588} INFO - Filling up the DagBag from /home/airflow/.local/lib/python3.12/site-packages/airflow/example_dags/example_branch_labels.py
[2025-09-11T09:52:49.223+0000] {processor.py:925} INFO - DAG(s) 'example_branch_labels' retrieved from /home/airflow/.local/lib/python3.12/site-packages/airflow/example_dags/example_branch_labels.py
[2025-09-11T09:52:49.266+0000] {logging_mixin.py:190} INFO - [2025-09-11T09:52:49.266+0000] {dag.py:3239} INFO - Sync 1 DAGs
[2025-09-11T09:52:49.313+0000] {logging_mixin.py:190} INFO - [2025-09-11T09:52:49.313+0000] {dag.py:4180} INFO - Setting next_dagrun for example_branch_labels to 2025-09-10 00:00:00+00:00, run_after=2025-09-11 00:00:00+00:00
[2025-09-11T09:52:49.359+0000] {processor.py:208} INFO - Processing /home/airflow/.local/lib/python3.12/site-packages/airflow/example_dags/example_branch_labels.py took 0.187 seconds
[2025-09-11T09:53:20.374+0000] {processor.py:186} INFO - Started process (PID=553) to work on /home/airflow/.local/lib/python3.12/site-packages/airflow/example_dags/example_branch_labels.py
[2025-09-11T09:53:20.376+0000] {processor.py:914} INFO - Processing file /home/airflow/.local/lib/python3.12/site-packages/airflow/example_dags/example_branch_labels.py for tasks to queue
[2025-09-11T09:53:20.380+0000] {logging_mixin.py:190} INFO - [2025-09-11T09:53:20.380+0000] {dagbag.py:588} INFO - Filling up the DagBag from /home/airflow/.local/lib/python3.12/site-packages/airflow/example_dags/example_branch_labels.py
[2025-09-11T09:53:20.402+0000] {processor.py:925} INFO - DAG(s) 'example_branch_labels' retrieved from /home/airflow/.local/lib/python3.12/site-packages/airflow/example_dags/example_branch_labels.py
[2025-09-11T09:53:20.440+0000] {logging_mixin.py:190} INFO - [2025-09-11T09:53:20.439+0000] {dag.py:3239} INFO - Sync 1 DAGs
[2025-09-11T09:53:20.484+0000] {logging_mixin.py:190} INFO - [2025-09-11T09:53:20.484+0000] {dag.py:4180} INFO - Setting next_dagrun for example_branch_labels to 2025-09-10 00:00:00+00:00, run_after=2025-09-11 00:00:00+00:00
[2025-09-11T09:53:20.526+0000] {processor.py:208} INFO - Processing /home/airflow/.local/lib/python3.12/site-packages/airflow/example_dags/example_branch_labels.py took 0.165 seconds
[2025-09-11T09:53:50.807+0000] {processor.py:186} INFO - Started process (PID=615) to work on /home/airflow/.local/lib/python3.12/site-packages/airflow/example_dags/example_branch_labels.py
[2025-09-11T09:53:50.830+0000] {processor.py:914} INFO - Processing file /home/airflow/.local/lib/python3.12/site-packages/airflow/example_dags/example_branch_labels.py for tasks to queue
[2025-09-11T09:53:50.866+0000] {logging_mixin.py:190} INFO - [2025-09-11T09:53:50.866+0000] {dagbag.py:588} INFO - Filling up the DagBag from /home/airflow/.local/lib/python3.12/site-packages/airflow/example_dags/example_branch_labels.py
[2025-09-11T09:53:50.932+0000] {processor.py:925} INFO - DAG(s) 'example_branch_labels' retrieved from /home/airflow/.local/lib/python3.12/site-packages/airflow/example_dags/example_branch_labels.py
[2025-09-11T09:53:51.057+0000] {logging_mixin.py:190} INFO - [2025-09-11T09:53:51.046+0000] {dag.py:3239} INFO - Sync 1 DAGs
[2025-09-11T09:53:51.177+0000] {logging_mixin.py:190} INFO - [2025-09-11T09:53:51.176+0000] {dag.py:4180} INFO - Setting next_dagrun for example_branch_labels to 2025-09-10 00:00:00+00:00, run_after=2025-09-11 00:00:00+00:00
[2025-09-11T09:53:51.303+0000] {processor.py:208} INFO - Processing /home/airflow/.local/lib/python3.12/site-packages/airflow/example_dags/example_branch_labels.py took 0.526 seconds
[2025-09-11T09:54:21.452+0000] {processor.py:186} INFO - Started process (PID=678) to work on /home/airflow/.local/lib/python3.12/site-packages/airflow/example_dags/example_branch_labels.py
[2025-09-11T09:54:21.453+0000] {processor.py:914} INFO - Processing file /home/airflow/.local/lib/python3.12/site-packages/airflow/example_dags/example_branch_labels.py for tasks to queue
[2025-09-11T09:54:21.460+0000] {logging_mixin.py:190} INFO - [2025-09-11T09:54:21.460+0000] {dagbag.py:588} INFO - Filling up the DagBag from /home/airflow/.local/lib/python3.12/site-packages/airflow/example_dags/example_branch_labels.py
[2025-09-11T09:54:21.477+0000] {processor.py:925} INFO - DAG(s) 'example_branch_labels' retrieved from /home/airflow/.local/lib/python3.12/site-packages/airflow/example_dags/example_branch_labels.py
[2025-09-11T09:54:21.512+0000] {logging_mixin.py:190} INFO - [2025-09-11T09:54:21.511+0000] {dag.py:3239} INFO - Sync 1 DAGs
[2025-09-11T09:54:21.550+0000] {logging_mixin.py:190} INFO - [2025-09-11T09:54:21.549+0000] {dag.py:4180} INFO - Setting next_dagrun for example_branch_labels to 2025-09-10 00:00:00+00:00, run_after=2025-09-11 00:00:00+00:00
[2025-09-11T09:54:21.579+0000] {processor.py:208} INFO - Processing /home/airflow/.local/lib/python3.12/site-packages/airflow/example_dags/example_branch_labels.py took 0.134 seconds
[2025-09-11T09:54:52.625+0000] {processor.py:186} INFO - Started process (PID=741) to work on /home/airflow/.local/lib/python3.12/site-packages/airflow/example_dags/example_branch_labels.py
[2025-09-11T09:54:52.627+0000] {processor.py:914} INFO - Processing file /home/airflow/.local/lib/python3.12/site-packages/airflow/example_dags/example_branch_labels.py for tasks to queue
[2025-09-11T09:54:52.642+0000] {logging_mixin.py:190} INFO - [2025-09-11T09:54:52.641+0000] {dagbag.py:588} INFO - Filling up the DagBag from /home/airflow/.local/lib/python3.12/site-packages/airflow/example_dags/example_branch_labels.py
[2025-09-11T09:54:52.707+0000] {processor.py:925} INFO - DAG(s) 'example_branch_labels' retrieved from /home/airflow/.local/lib/python3.12/site-packages/airflow/example_dags/example_branch_labels.py
[2025-09-11T09:54:52.820+0000] {logging_mixin.py:190} INFO - [2025-09-11T09:54:52.819+0000] {dag.py:3239} INFO - Sync 1 DAGs
[2025-09-11T09:54:52.935+0000] {logging_mixin.py:190} INFO - [2025-09-11T09:54:52.935+0000] {dag.py:4180} INFO - Setting next_dagrun for example_branch_labels to 2025-09-10 00:00:00+00:00, run_after=2025-09-11 00:00:00+00:00
[2025-09-11T09:54:53.041+0000] {processor.py:208} INFO - Processing /home/airflow/.local/lib/python3.12/site-packages/airflow/example_dags/example_branch_labels.py took 0.447 seconds
[2025-09-11T09:55:23.343+0000] {processor.py:186} INFO - Started process (PID=804) to work on /home/airflow/.local/lib/python3.12/site-packages/airflow/example_dags/example_branch_labels.py
[2025-09-11T09:55:23.345+0000] {processor.py:914} INFO - Processing file /home/airflow/.local/lib/python3.12/site-packages/airflow/example_dags/example_branch_labels.py for tasks to queue
[2025-09-11T09:55:23.354+0000] {logging_mixin.py:190} INFO - [2025-09-11T09:55:23.353+0000] {dagbag.py:588} INFO - Filling up the DagBag from /home/airflow/.local/lib/python3.12/site-packages/airflow/example_dags/example_branch_labels.py
[2025-09-11T09:55:23.375+0000] {processor.py:925} INFO - DAG(s) 'example_branch_labels' retrieved from /home/airflow/.local/lib/python3.12/site-packages/airflow/example_dags/example_branch_labels.py
[2025-09-11T09:55:23.408+0000] {logging_mixin.py:190} INFO - [2025-09-11T09:55:23.408+0000] {dag.py:3239} INFO - Sync 1 DAGs
[2025-09-11T09:55:23.448+0000] {logging_mixin.py:190} INFO - [2025-09-11T09:55:23.447+0000] {dag.py:4180} INFO - Setting next_dagrun for example_branch_labels to 2025-09-10 00:00:00+00:00, run_after=2025-09-11 00:00:00+00:00
[2025-09-11T09:55:23.493+0000] {processor.py:208} INFO - Processing /home/airflow/.local/lib/python3.12/site-packages/airflow/example_dags/example_branch_labels.py took 0.160 seconds
[2025-09-11T09:55:54.188+0000] {processor.py:186} INFO - Started process (PID=867) to work on /home/airflow/.local/lib/python3.12/site-packages/airflow/example_dags/example_branch_labels.py
[2025-09-11T09:55:54.190+0000] {processor.py:914} INFO - Processing file /home/airflow/.local/lib/python3.12/site-packages/airflow/example_dags/example_branch_labels.py for tasks to queue
[2025-09-11T09:55:54.194+0000] {logging_mixin.py:190} INFO - [2025-09-11T09:55:54.194+0000] {dagbag.py:588} INFO - Filling up the DagBag from /home/airflow/.local/lib/python3.12/site-packages/airflow/example_dags/example_branch_labels.py
[2025-09-11T09:55:54.213+0000] {processor.py:925} INFO - DAG(s) 'example_branch_labels' retrieved from /home/airflow/.local/lib/python3.12/site-packages/airflow/example_dags/example_branch_labels.py
[2025-09-11T09:55:54.265+0000] {logging_mixin.py:190} INFO - [2025-09-11T09:55:54.264+0000] {dag.py:3239} INFO - Sync 1 DAGs
[2025-09-11T09:55:54.338+0000] {logging_mixin.py:190} INFO - [2025-09-11T09:55:54.337+0000] {dag.py:4180} INFO - Setting next_dagrun for example_branch_labels to 2025-09-10 00:00:00+00:00, run_after=2025-09-11 00:00:00+00:00
[2025-09-11T09:55:54.395+0000] {processor.py:208} INFO - Processing /home/airflow/.local/lib/python3.12/site-packages/airflow/example_dags/example_branch_labels.py took 0.218 seconds
[2025-09-11T09:56:25.029+0000] {processor.py:186} INFO - Started process (PID=930) to work on /home/airflow/.local/lib/python3.12/site-packages/airflow/example_dags/example_branch_labels.py
[2025-09-11T09:56:25.036+0000] {processor.py:914} INFO - Processing file /home/airflow/.local/lib/python3.12/site-packages/airflow/example_dags/example_branch_labels.py for tasks to queue
[2025-09-11T09:56:25.042+0000] {logging_mixin.py:190} INFO - [2025-09-11T09:56:25.042+0000] {dagbag.py:588} INFO - Filling up the DagBag from /home/airflow/.local/lib/python3.12/site-packages/airflow/example_dags/example_branch_labels.py
[2025-09-11T09:56:25.066+0000] {processor.py:925} INFO - DAG(s) 'example_branch_labels' retrieved from /home/airflow/.local/lib/python3.12/site-packages/airflow/example_dags/example_branch_labels.py
[2025-09-11T09:56:25.115+0000] {logging_mixin.py:190} INFO - [2025-09-11T09:56:25.114+0000] {dag.py:3239} INFO - Sync 1 DAGs
[2025-09-11T09:56:25.178+0000] {logging_mixin.py:190} INFO - [2025-09-11T09:56:25.177+0000] {dag.py:4180} INFO - Setting next_dagrun for example_branch_labels to 2025-09-10 00:00:00+00:00, run_after=2025-09-11 00:00:00+00:00
[2025-09-11T09:56:25.255+0000] {processor.py:208} INFO - Processing /home/airflow/.local/lib/python3.12/site-packages/airflow/example_dags/example_branch_labels.py took 0.241 seconds
[2025-09-11T09:56:55.712+0000] {processor.py:186} INFO - Started process (PID=993) to work on /home/airflow/.local/lib/python3.12/site-packages/airflow/example_dags/example_branch_labels.py
[2025-09-11T09:56:55.714+0000] {processor.py:914} INFO - Processing file /home/airflow/.local/lib/python3.12/site-packages/airflow/example_dags/example_branch_labels.py for tasks to queue
[2025-09-11T09:56:55.718+0000] {logging_mixin.py:190} INFO - [2025-09-11T09:56:55.717+0000] {dagbag.py:588} INFO - Filling up the DagBag from /home/airflow/.local/lib/python3.12/site-packages/airflow/example_dags/example_branch_labels.py
[2025-09-11T09:56:55.735+0000] {processor.py:925} INFO - DAG(s) 'example_branch_labels' retrieved from /home/airflow/.local/lib/python3.12/site-packages/airflow/example_dags/example_branch_labels.py
[2025-09-11T09:56:55.765+0000] {logging_mixin.py:190} INFO - [2025-09-11T09:56:55.765+0000] {dag.py:3239} INFO - Sync 1 DAGs
[2025-09-11T09:56:55.818+0000] {logging_mixin.py:190} INFO - [2025-09-11T09:56:55.817+0000] {dag.py:4180} INFO - Setting next_dagrun for example_branch_labels to 2025-09-10 00:00:00+00:00, run_after=2025-09-11 00:00:00+00:00
[2025-09-11T09:56:55.894+0000] {processor.py:208} INFO - Processing /home/airflow/.local/lib/python3.12/site-packages/airflow/example_dags/example_branch_labels.py took 0.190 seconds
[2025-09-11T09:57:26.353+0000] {processor.py:186} INFO - Started process (PID=1056) to work on /home/airflow/.local/lib/python3.12/site-packages/airflow/example_dags/example_branch_labels.py
[2025-09-11T09:57:26.355+0000] {processor.py:914} INFO - Processing file /home/airflow/.local/lib/python3.12/site-packages/airflow/example_dags/example_branch_labels.py for tasks to queue
[2025-09-11T09:57:26.358+0000] {logging_mixin.py:190} INFO - [2025-09-11T09:57:26.358+0000] {dagbag.py:588} INFO - Filling up the DagBag from /home/airflow/.local/lib/python3.12/site-packages/airflow/example_dags/example_branch_labels.py
[2025-09-11T09:57:26.382+0000] {processor.py:925} INFO - DAG(s) 'example_branch_labels' retrieved from /home/airflow/.local/lib/python3.12/site-packages/airflow/example_dags/example_branch_labels.py
[2025-09-11T09:57:26.413+0000] {logging_mixin.py:190} INFO - [2025-09-11T09:57:26.413+0000] {dag.py:3239} INFO - Sync 1 DAGs
[2025-09-11T09:57:26.454+0000] {logging_mixin.py:190} INFO - [2025-09-11T09:57:26.453+0000] {dag.py:4180} INFO - Setting next_dagrun for example_branch_labels to 2025-09-10 00:00:00+00:00, run_after=2025-09-11 00:00:00+00:00
[2025-09-11T09:57:26.483+0000] {processor.py:208} INFO - Processing /home/airflow/.local/lib/python3.12/site-packages/airflow/example_dags/example_branch_labels.py took 0.140 seconds
[2025-09-11T09:57:57.040+0000] {processor.py:186} INFO - Started process (PID=1119) to work on /home/airflow/.local/lib/python3.12/site-packages/airflow/example_dags/example_branch_labels.py
[2025-09-11T09:57:57.048+0000] {processor.py:914} INFO - Processing file /home/airflow/.local/lib/python3.12/site-packages/airflow/example_dags/example_branch_labels.py for tasks to queue
[2025-09-11T09:57:57.082+0000] {logging_mixin.py:190} INFO - [2025-09-11T09:57:57.081+0000] {dagbag.py:588} INFO - Filling up the DagBag from /home/airflow/.local/lib/python3.12/site-packages/airflow/example_dags/example_branch_labels.py
[2025-09-11T09:57:57.136+0000] {processor.py:925} INFO - DAG(s) 'example_branch_labels' retrieved from /home/airflow/.local/lib/python3.12/site-packages/airflow/example_dags/example_branch_labels.py
[2025-09-11T09:57:57.203+0000] {logging_mixin.py:190} INFO - [2025-09-11T09:57:57.202+0000] {dag.py:3239} INFO - Sync 1 DAGs
[2025-09-11T09:57:57.294+0000] {logging_mixin.py:190} INFO - [2025-09-11T09:57:57.294+0000] {dag.py:4180} INFO - Setting next_dagrun for example_branch_labels to 2025-09-10 00:00:00+00:00, run_after=2025-09-11 00:00:00+00:00
[2025-09-11T09:57:57.374+0000] {processor.py:208} INFO - Processing /home/airflow/.local/lib/python3.12/site-packages/airflow/example_dags/example_branch_labels.py took 0.355 seconds
[2025-09-11T09:58:28.450+0000] {processor.py:186} INFO - Started process (PID=1182) to work on /home/airflow/.local/lib/python3.12/site-packages/airflow/example_dags/example_branch_labels.py
[2025-09-11T09:58:28.462+0000] {processor.py:914} INFO - Processing file /home/airflow/.local/lib/python3.12/site-packages/airflow/example_dags/example_branch_labels.py for tasks to queue
[2025-09-11T09:58:28.468+0000] {logging_mixin.py:190} INFO - [2025-09-11T09:58:28.467+0000] {dagbag.py:588} INFO - Filling up the DagBag from /home/airflow/.local/lib/python3.12/site-packages/airflow/example_dags/example_branch_labels.py
[2025-09-11T09:58:28.491+0000] {processor.py:925} INFO - DAG(s) 'example_branch_labels' retrieved from /home/airflow/.local/lib/python3.12/site-packages/airflow/example_dags/example_branch_labels.py
[2025-09-11T09:58:28.536+0000] {logging_mixin.py:190} INFO - [2025-09-11T09:58:28.535+0000] {dag.py:3239} INFO - Sync 1 DAGs
[2025-09-11T09:58:28.591+0000] {logging_mixin.py:190} INFO - [2025-09-11T09:58:28.590+0000] {dag.py:4180} INFO - Setting next_dagrun for example_branch_labels to 2025-09-10 00:00:00+00:00, run_after=2025-09-11 00:00:00+00:00
[2025-09-11T09:58:28.638+0000] {processor.py:208} INFO - Processing /home/airflow/.local/lib/python3.12/site-packages/airflow/example_dags/example_branch_labels.py took 0.211 seconds
[2025-09-11T09:58:58.781+0000] {processor.py:186} INFO - Started process (PID=1245) to work on /home/airflow/.local/lib/python3.12/site-packages/airflow/example_dags/example_branch_labels.py
[2025-09-11T09:58:58.783+0000] {processor.py:914} INFO - Processing file /home/airflow/.local/lib/python3.12/site-packages/airflow/example_dags/example_branch_labels.py for tasks to queue
[2025-09-11T09:58:58.790+0000] {logging_mixin.py:190} INFO - [2025-09-11T09:58:58.789+0000] {dagbag.py:588} INFO - Filling up the DagBag from /home/airflow/.local/lib/python3.12/site-packages/airflow/example_dags/example_branch_labels.py
[2025-09-11T09:58:58.815+0000] {processor.py:925} INFO - DAG(s) 'example_branch_labels' retrieved from /home/airflow/.local/lib/python3.12/site-packages/airflow/example_dags/example_branch_labels.py
[2025-09-11T09:58:58.865+0000] {logging_mixin.py:190} INFO - [2025-09-11T09:58:58.865+0000] {dag.py:3239} INFO - Sync 1 DAGs
[2025-09-11T09:58:58.951+0000] {logging_mixin.py:190} INFO - [2025-09-11T09:58:58.951+0000] {dag.py:4180} INFO - Setting next_dagrun for example_branch_labels to 2025-09-10 00:00:00+00:00, run_after=2025-09-11 00:00:00+00:00
[2025-09-11T09:58:59.059+0000] {processor.py:208} INFO - Processing /home/airflow/.local/lib/python3.12/site-packages/airflow/example_dags/example_branch_labels.py took 0.291 seconds
[2025-09-11T09:59:30.151+0000] {processor.py:186} INFO - Started process (PID=1308) to work on /home/airflow/.local/lib/python3.12/site-packages/airflow/example_dags/example_branch_labels.py
[2025-09-11T09:59:30.153+0000] {processor.py:914} INFO - Processing file /home/airflow/.local/lib/python3.12/site-packages/airflow/example_dags/example_branch_labels.py for tasks to queue
[2025-09-11T09:59:30.157+0000] {logging_mixin.py:190} INFO - [2025-09-11T09:59:30.157+0000] {dagbag.py:588} INFO - Filling up the DagBag from /home/airflow/.local/lib/python3.12/site-packages/airflow/example_dags/example_branch_labels.py
[2025-09-11T09:59:30.176+0000] {processor.py:925} INFO - DAG(s) 'example_branch_labels' retrieved from /home/airflow/.local/lib/python3.12/site-packages/airflow/example_dags/example_branch_labels.py
[2025-09-11T09:59:30.228+0000] {logging_mixin.py:190} INFO - [2025-09-11T09:59:30.227+0000] {dag.py:3239} INFO - Sync 1 DAGs
[2025-09-11T09:59:30.329+0000] {logging_mixin.py:190} INFO - [2025-09-11T09:59:30.329+0000] {dag.py:4180} INFO - Setting next_dagrun for example_branch_labels to 2025-09-10 00:00:00+00:00, run_after=2025-09-11 00:00:00+00:00
[2025-09-11T09:59:30.390+0000] {processor.py:208} INFO - Processing /home/airflow/.local/lib/python3.12/site-packages/airflow/example_dags/example_branch_labels.py took 0.256 seconds
[2025-09-11T10:00:01.253+0000] {processor.py:186} INFO - Started process (PID=1369) to work on /home/airflow/.local/lib/python3.12/site-packages/airflow/example_dags/example_branch_labels.py
[2025-09-11T10:00:01.263+0000] {processor.py:914} INFO - Processing file /home/airflow/.local/lib/python3.12/site-packages/airflow/example_dags/example_branch_labels.py for tasks to queue
[2025-09-11T10:00:01.270+0000] {logging_mixin.py:190} INFO - [2025-09-11T10:00:01.269+0000] {dagbag.py:588} INFO - Filling up the DagBag from /home/airflow/.local/lib/python3.12/site-packages/airflow/example_dags/example_branch_labels.py
[2025-09-11T10:00:01.307+0000] {processor.py:925} INFO - DAG(s) 'example_branch_labels' retrieved from /home/airflow/.local/lib/python3.12/site-packages/airflow/example_dags/example_branch_labels.py
[2025-09-11T10:00:01.374+0000] {logging_mixin.py:190} INFO - [2025-09-11T10:00:01.372+0000] {dag.py:3239} INFO - Sync 1 DAGs
[2025-09-11T10:00:01.456+0000] {logging_mixin.py:190} INFO - [2025-09-11T10:00:01.455+0000] {dag.py:4180} INFO - Setting next_dagrun for example_branch_labels to 2025-09-10 00:00:00+00:00, run_after=2025-09-11 00:00:00+00:00
[2025-09-11T10:00:01.510+0000] {processor.py:208} INFO - Processing /home/airflow/.local/lib/python3.12/site-packages/airflow/example_dags/example_branch_labels.py took 0.273 seconds
[2025-09-11T10:00:31.722+0000] {processor.py:186} INFO - Started process (PID=1431) to work on /home/airflow/.local/lib/python3.12/site-packages/airflow/example_dags/example_branch_labels.py
[2025-09-11T10:00:31.724+0000] {processor.py:914} INFO - Processing file /home/airflow/.local/lib/python3.12/site-packages/airflow/example_dags/example_branch_labels.py for tasks to queue
[2025-09-11T10:00:31.737+0000] {logging_mixin.py:190} INFO - [2025-09-11T10:00:31.735+0000] {dagbag.py:588} INFO - Filling up the DagBag from /home/airflow/.local/lib/python3.12/site-packages/airflow/example_dags/example_branch_labels.py
[2025-09-11T10:00:31.767+0000] {processor.py:925} INFO - DAG(s) 'example_branch_labels' retrieved from /home/airflow/.local/lib/python3.12/site-packages/airflow/example_dags/example_branch_labels.py
[2025-09-11T10:00:31.814+0000] {logging_mixin.py:190} INFO - [2025-09-11T10:00:31.814+0000] {dag.py:3239} INFO - Sync 1 DAGs
[2025-09-11T10:00:31.951+0000] {logging_mixin.py:190} INFO - [2025-09-11T10:00:31.951+0000] {dag.py:4180} INFO - Setting next_dagrun for example_branch_labels to 2025-09-10 00:00:00+00:00, run_after=2025-09-11 00:00:00+00:00
[2025-09-11T10:00:32.055+0000] {processor.py:208} INFO - Processing /home/airflow/.local/lib/python3.12/site-packages/airflow/example_dags/example_branch_labels.py took 0.350 seconds
[2025-09-11T10:01:02.914+0000] {processor.py:186} INFO - Started process (PID=1494) to work on /home/airflow/.local/lib/python3.12/site-packages/airflow/example_dags/example_branch_labels.py
[2025-09-11T10:01:02.925+0000] {processor.py:914} INFO - Processing file /home/airflow/.local/lib/python3.12/site-packages/airflow/example_dags/example_branch_labels.py for tasks to queue
[2025-09-11T10:01:02.930+0000] {logging_mixin.py:190} INFO - [2025-09-11T10:01:02.929+0000] {dagbag.py:588} INFO - Filling up the DagBag from /home/airflow/.local/lib/python3.12/site-packages/airflow/example_dags/example_branch_labels.py
[2025-09-11T10:01:02.966+0000] {processor.py:925} INFO - DAG(s) 'example_branch_labels' retrieved from /home/airflow/.local/lib/python3.12/site-packages/airflow/example_dags/example_branch_labels.py
[2025-09-11T10:01:03.007+0000] {logging_mixin.py:190} INFO - [2025-09-11T10:01:03.007+0000] {dag.py:3239} INFO - Sync 1 DAGs
[2025-09-11T10:01:03.064+0000] {logging_mixin.py:190} INFO - [2025-09-11T10:01:03.063+0000] {dag.py:4180} INFO - Setting next_dagrun for example_branch_labels to 2025-09-10 00:00:00+00:00, run_after=2025-09-11 00:00:00+00:00
[2025-09-11T10:01:03.115+0000] {processor.py:208} INFO - Processing /home/airflow/.local/lib/python3.12/site-packages/airflow/example_dags/example_branch_labels.py took 0.221 seconds
[2025-09-11T10:01:33.503+0000] {processor.py:186} INFO - Started process (PID=1557) to work on /home/airflow/.local/lib/python3.12/site-packages/airflow/example_dags/example_branch_labels.py
[2025-09-11T10:01:33.505+0000] {processor.py:914} INFO - Processing file /home/airflow/.local/lib/python3.12/site-packages/airflow/example_dags/example_branch_labels.py for tasks to queue
[2025-09-11T10:01:33.510+0000] {logging_mixin.py:190} INFO - [2025-09-11T10:01:33.510+0000] {dagbag.py:588} INFO - Filling up the DagBag from /home/airflow/.local/lib/python3.12/site-packages/airflow/example_dags/example_branch_labels.py
[2025-09-11T10:01:33.524+0000] {processor.py:925} INFO - DAG(s) 'example_branch_labels' retrieved from /home/airflow/.local/lib/python3.12/site-packages/airflow/example_dags/example_branch_labels.py
[2025-09-11T10:01:33.564+0000] {logging_mixin.py:190} INFO - [2025-09-11T10:01:33.564+0000] {dag.py:3239} INFO - Sync 1 DAGs
[2025-09-11T10:01:33.613+0000] {logging_mixin.py:190} INFO - [2025-09-11T10:01:33.612+0000] {dag.py:4180} INFO - Setting next_dagrun for example_branch_labels to 2025-09-10 00:00:00+00:00, run_after=2025-09-11 00:00:00+00:00
[2025-09-11T10:01:33.640+0000] {processor.py:208} INFO - Processing /home/airflow/.local/lib/python3.12/site-packages/airflow/example_dags/example_branch_labels.py took 0.143 seconds
[2025-09-11T10:02:04.030+0000] {processor.py:186} INFO - Started process (PID=1619) to work on /home/airflow/.local/lib/python3.12/site-packages/airflow/example_dags/example_branch_labels.py
[2025-09-11T10:02:04.032+0000] {processor.py:914} INFO - Processing file /home/airflow/.local/lib/python3.12/site-packages/airflow/example_dags/example_branch_labels.py for tasks to queue
[2025-09-11T10:02:04.037+0000] {logging_mixin.py:190} INFO - [2025-09-11T10:02:04.036+0000] {dagbag.py:588} INFO - Filling up the DagBag from /home/airflow/.local/lib/python3.12/site-packages/airflow/example_dags/example_branch_labels.py
[2025-09-11T10:02:04.258+0000] {processor.py:925} INFO - DAG(s) 'example_branch_labels' retrieved from /home/airflow/.local/lib/python3.12/site-packages/airflow/example_dags/example_branch_labels.py
[2025-09-11T10:02:04.297+0000] {logging_mixin.py:190} INFO - [2025-09-11T10:02:04.297+0000] {dag.py:3239} INFO - Sync 1 DAGs
[2025-09-11T10:02:04.353+0000] {logging_mixin.py:190} INFO - [2025-09-11T10:02:04.352+0000] {dag.py:4180} INFO - Setting next_dagrun for example_branch_labels to 2025-09-10 00:00:00+00:00, run_after=2025-09-11 00:00:00+00:00
[2025-09-11T10:02:04.399+0000] {processor.py:208} INFO - Processing /home/airflow/.local/lib/python3.12/site-packages/airflow/example_dags/example_branch_labels.py took 0.196 seconds
[2025-09-11T10:02:34.835+0000] {processor.py:186} INFO - Started process (PID=1681) to work on /home/airflow/.local/lib/python3.12/site-packages/airflow/example_dags/example_branch_labels.py
[2025-09-11T10:02:34.842+0000] {processor.py:914} INFO - Processing file /home/airflow/.local/lib/python3.12/site-packages/airflow/example_dags/example_branch_labels.py for tasks to queue
[2025-09-11T10:02:34.848+0000] {logging_mixin.py:190} INFO - [2025-09-11T10:02:34.848+0000] {dagbag.py:588} INFO - Filling up the DagBag from /home/airflow/.local/lib/python3.12/site-packages/airflow/example_dags/example_branch_labels.py
[2025-09-11T10:02:34.881+0000] {processor.py:925} INFO - DAG(s) 'example_branch_labels' retrieved from /home/airflow/.local/lib/python3.12/site-packages/airflow/example_dags/example_branch_labels.py
[2025-09-11T10:02:34.946+0000] {logging_mixin.py:190} INFO - [2025-09-11T10:02:34.945+0000] {dag.py:3239} INFO - Sync 1 DAGs
[2025-09-11T10:02:35.017+0000] {logging_mixin.py:190} INFO - [2025-09-11T10:02:35.016+0000] {dag.py:4180} INFO - Setting next_dagrun for example_branch_labels to 2025-09-10 00:00:00+00:00, run_after=2025-09-11 00:00:00+00:00
[2025-09-11T10:02:35.086+0000] {processor.py:208} INFO - Processing /home/airflow/.local/lib/python3.12/site-packages/airflow/example_dags/example_branch_labels.py took 0.271 seconds
[2025-09-11T10:03:05.458+0000] {processor.py:186} INFO - Started process (PID=1744) to work on /home/airflow/.local/lib/python3.12/site-packages/airflow/example_dags/example_branch_labels.py
[2025-09-11T10:03:05.462+0000] {processor.py:914} INFO - Processing file /home/airflow/.local/lib/python3.12/site-packages/airflow/example_dags/example_branch_labels.py for tasks to queue
[2025-09-11T10:03:05.480+0000] {logging_mixin.py:190} INFO - [2025-09-11T10:03:05.480+0000] {dagbag.py:588} INFO - Filling up the DagBag from /home/airflow/.local/lib/python3.12/site-packages/airflow/example_dags/example_branch_labels.py
[2025-09-11T10:03:05.521+0000] {processor.py:925} INFO - DAG(s) 'example_branch_labels' retrieved from /home/airflow/.local/lib/python3.12/site-packages/airflow/example_dags/example_branch_labels.py
[2025-09-11T10:03:05.600+0000] {logging_mixin.py:190} INFO - [2025-09-11T10:03:05.598+0000] {dag.py:3239} INFO - Sync 1 DAGs
[2025-09-11T10:03:05.659+0000] {logging_mixin.py:190} INFO - [2025-09-11T10:03:05.659+0000] {dag.py:4180} INFO - Setting next_dagrun for example_branch_labels to 2025-09-10 00:00:00+00:00, run_after=2025-09-11 00:00:00+00:00
[2025-09-11T10:03:05.731+0000] {processor.py:208} INFO - Processing /home/airflow/.local/lib/python3.12/site-packages/airflow/example_dags/example_branch_labels.py took 0.292 seconds
[2025-09-11T10:03:36.074+0000] {processor.py:186} INFO - Started process (PID=1807) to work on /home/airflow/.local/lib/python3.12/site-packages/airflow/example_dags/example_branch_labels.py
[2025-09-11T10:03:36.076+0000] {processor.py:914} INFO - Processing file /home/airflow/.local/lib/python3.12/site-packages/airflow/example_dags/example_branch_labels.py for tasks to queue
[2025-09-11T10:03:36.081+0000] {logging_mixin.py:190} INFO - [2025-09-11T10:03:36.081+0000] {dagbag.py:588} INFO - Filling up the DagBag from /home/airflow/.local/lib/python3.12/site-packages/airflow/example_dags/example_branch_labels.py
[2025-09-11T10:03:36.101+0000] {processor.py:925} INFO - DAG(s) 'example_branch_labels' retrieved from /home/airflow/.local/lib/python3.12/site-packages/airflow/example_dags/example_branch_labels.py
[2025-09-11T10:03:36.149+0000] {logging_mixin.py:190} INFO - [2025-09-11T10:03:36.148+0000] {dag.py:3239} INFO - Sync 1 DAGs
[2025-09-11T10:03:36.206+0000] {logging_mixin.py:190} INFO - [2025-09-11T10:03:36.205+0000] {dag.py:4180} INFO - Setting next_dagrun for example_branch_labels to 2025-09-10 00:00:00+00:00, run_after=2025-09-11 00:00:00+00:00
[2025-09-11T10:03:36.283+0000] {processor.py:208} INFO - Processing /home/airflow/.local/lib/python3.12/site-packages/airflow/example_dags/example_branch_labels.py took 0.222 seconds
[2025-09-11T10:04:06.682+0000] {processor.py:186} INFO - Started process (PID=1870) to work on /home/airflow/.local/lib/python3.12/site-packages/airflow/example_dags/example_branch_labels.py
[2025-09-11T10:04:06.692+0000] {processor.py:914} INFO - Processing file /home/airflow/.local/lib/python3.12/site-packages/airflow/example_dags/example_branch_labels.py for tasks to queue
[2025-09-11T10:04:06.696+0000] {logging_mixin.py:190} INFO - [2025-09-11T10:04:06.696+0000] {dagbag.py:588} INFO - Filling up the DagBag from /home/airflow/.local/lib/python3.12/site-packages/airflow/example_dags/example_branch_labels.py
[2025-09-11T10:04:06.722+0000] {processor.py:925} INFO - DAG(s) 'example_branch_labels' retrieved from /home/airflow/.local/lib/python3.12/site-packages/airflow/example_dags/example_branch_labels.py
[2025-09-11T10:04:06.776+0000] {logging_mixin.py:190} INFO - [2025-09-11T10:04:06.776+0000] {dag.py:3239} INFO - Sync 1 DAGs
[2025-09-11T10:04:06.860+0000] {logging_mixin.py:190} INFO - [2025-09-11T10:04:06.858+0000] {dag.py:4180} INFO - Setting next_dagrun for example_branch_labels to 2025-09-10 00:00:00+00:00, run_after=2025-09-11 00:00:00+00:00
[2025-09-11T10:04:06.946+0000] {processor.py:208} INFO - Processing /home/airflow/.local/lib/python3.12/site-packages/airflow/example_dags/example_branch_labels.py took 0.274 seconds
[2025-09-11T10:04:37.208+0000] {processor.py:186} INFO - Started process (PID=1933) to work on /home/airflow/.local/lib/python3.12/site-packages/airflow/example_dags/example_branch_labels.py
[2025-09-11T10:04:37.210+0000] {processor.py:914} INFO - Processing file /home/airflow/.local/lib/python3.12/site-packages/airflow/example_dags/example_branch_labels.py for tasks to queue
[2025-09-11T10:04:37.215+0000] {logging_mixin.py:190} INFO - [2025-09-11T10:04:37.214+0000] {dagbag.py:588} INFO - Filling up the DagBag from /home/airflow/.local/lib/python3.12/site-packages/airflow/example_dags/example_branch_labels.py
[2025-09-11T10:04:37.241+0000] {processor.py:925} INFO - DAG(s) 'example_branch_labels' retrieved from /home/airflow/.local/lib/python3.12/site-packages/airflow/example_dags/example_branch_labels.py
[2025-09-11T10:04:37.279+0000] {logging_mixin.py:190} INFO - [2025-09-11T10:04:37.279+0000] {dag.py:3239} INFO - Sync 1 DAGs
[2025-09-11T10:04:37.333+0000] {logging_mixin.py:190} INFO - [2025-09-11T10:04:37.333+0000] {dag.py:4180} INFO - Setting next_dagrun for example_branch_labels to 2025-09-10 00:00:00+00:00, run_after=2025-09-11 00:00:00+00:00
[2025-09-11T10:04:37.383+0000] {processor.py:208} INFO - Processing /home/airflow/.local/lib/python3.12/site-packages/airflow/example_dags/example_branch_labels.py took 0.189 seconds
