[2025-09-11T09:49:26.133+0000] {processor.py:186} INFO - Started process (PID=79) to work on /home/airflow/.local/lib/python3.12/site-packages/airflow/example_dags/example_branch_day_of_week_operator.py
[2025-09-11T09:49:26.135+0000] {processor.py:914} INFO - Processing file /home/airflow/.local/lib/python3.12/site-packages/airflow/example_dags/example_branch_day_of_week_operator.py for tasks to queue
[2025-09-11T09:49:26.141+0000] {logging_mixin.py:190} INFO - [2025-09-11T09:49:26.139+0000] {dagbag.py:588} INFO - Filling up the DagBag from /home/airflow/.local/lib/python3.12/site-packages/airflow/example_dags/example_branch_day_of_week_operator.py
[2025-09-11T09:49:26.170+0000] {processor.py:925} INFO - DAG(s) 'example_weekday_branch_operator' retrieved from /home/airflow/.local/lib/python3.12/site-packages/airflow/example_dags/example_branch_day_of_week_operator.py
[2025-09-11T09:49:26.707+0000] {logging_mixin.py:190} INFO - [2025-09-11T09:49:26.705+0000] {override.py:1912} INFO - Created Permission View: can read on DAG:example_weekday_branch_operator
[2025-09-11T09:49:26.737+0000] {logging_mixin.py:190} INFO - [2025-09-11T09:49:26.736+0000] {override.py:1912} INFO - Created Permission View: can edit on DAG:example_weekday_branch_operator
[2025-09-11T09:49:26.762+0000] {logging_mixin.py:190} INFO - [2025-09-11T09:49:26.762+0000] {override.py:1912} INFO - Created Permission View: can delete on DAG:example_weekday_branch_operator
[2025-09-11T09:49:26.778+0000] {logging_mixin.py:190} INFO - [2025-09-11T09:49:26.777+0000] {override.py:1912} INFO - Created Permission View: can create on DAG Run:example_weekday_branch_operator
[2025-09-11T09:49:26.794+0000] {logging_mixin.py:190} INFO - [2025-09-11T09:49:26.793+0000] {override.py:1912} INFO - Created Permission View: can read on DAG Run:example_weekday_branch_operator
[2025-09-11T09:49:26.810+0000] {logging_mixin.py:190} INFO - [2025-09-11T09:49:26.809+0000] {override.py:1912} INFO - Created Permission View: can delete on DAG Run:example_weekday_branch_operator
[2025-09-11T09:49:26.823+0000] {logging_mixin.py:190} INFO - [2025-09-11T09:49:26.823+0000] {override.py:1912} INFO - Created Permission View: menu access on DAG Run:example_weekday_branch_operator
[2025-09-11T09:49:26.825+0000] {logging_mixin.py:190} INFO - [2025-09-11T09:49:26.824+0000] {dag.py:3239} INFO - Sync 1 DAGs
[2025-09-11T09:49:26.856+0000] {logging_mixin.py:190} INFO - [2025-09-11T09:49:26.855+0000] {dag.py:3262} INFO - Creating ORM DAG for example_weekday_branch_operator
[2025-09-11T09:49:26.888+0000] {logging_mixin.py:190} INFO - [2025-09-11T09:49:26.887+0000] {dag.py:4180} INFO - Setting next_dagrun for example_weekday_branch_operator to 2025-09-10 00:00:00+00:00, run_after=2025-09-11 00:00:00+00:00
[2025-09-11T09:49:26.937+0000] {processor.py:208} INFO - Processing /home/airflow/.local/lib/python3.12/site-packages/airflow/example_dags/example_branch_day_of_week_operator.py took 0.815 seconds
[2025-09-11T09:49:57.065+0000] {processor.py:186} INFO - Started process (PID=142) to work on /home/airflow/.local/lib/python3.12/site-packages/airflow/example_dags/example_branch_day_of_week_operator.py
[2025-09-11T09:49:57.067+0000] {processor.py:914} INFO - Processing file /home/airflow/.local/lib/python3.12/site-packages/airflow/example_dags/example_branch_day_of_week_operator.py for tasks to queue
[2025-09-11T09:49:57.072+0000] {logging_mixin.py:190} INFO - [2025-09-11T09:49:57.071+0000] {dagbag.py:588} INFO - Filling up the DagBag from /home/airflow/.local/lib/python3.12/site-packages/airflow/example_dags/example_branch_day_of_week_operator.py
[2025-09-11T09:49:57.096+0000] {processor.py:925} INFO - DAG(s) 'example_weekday_branch_operator' retrieved from /home/airflow/.local/lib/python3.12/site-packages/airflow/example_dags/example_branch_day_of_week_operator.py
[2025-09-11T09:49:57.154+0000] {logging_mixin.py:190} INFO - [2025-09-11T09:49:57.153+0000] {dag.py:3239} INFO - Sync 1 DAGs
[2025-09-11T09:49:57.244+0000] {logging_mixin.py:190} INFO - [2025-09-11T09:49:57.244+0000] {dag.py:4180} INFO - Setting next_dagrun for example_weekday_branch_operator to 2025-09-10 00:00:00+00:00, run_after=2025-09-11 00:00:00+00:00
[2025-09-11T09:49:57.330+0000] {processor.py:208} INFO - Processing /home/airflow/.local/lib/python3.12/site-packages/airflow/example_dags/example_branch_day_of_week_operator.py took 0.282 seconds
[2025-09-11T09:50:27.759+0000] {processor.py:186} INFO - Started process (PID=206) to work on /home/airflow/.local/lib/python3.12/site-packages/airflow/example_dags/example_branch_day_of_week_operator.py
[2025-09-11T09:50:27.765+0000] {processor.py:914} INFO - Processing file /home/airflow/.local/lib/python3.12/site-packages/airflow/example_dags/example_branch_day_of_week_operator.py for tasks to queue
[2025-09-11T09:50:27.771+0000] {logging_mixin.py:190} INFO - [2025-09-11T09:50:27.771+0000] {dagbag.py:588} INFO - Filling up the DagBag from /home/airflow/.local/lib/python3.12/site-packages/airflow/example_dags/example_branch_day_of_week_operator.py
[2025-09-11T09:50:27.792+0000] {processor.py:925} INFO - DAG(s) 'example_weekday_branch_operator' retrieved from /home/airflow/.local/lib/python3.12/site-packages/airflow/example_dags/example_branch_day_of_week_operator.py
[2025-09-11T09:50:27.826+0000] {logging_mixin.py:190} INFO - [2025-09-11T09:50:27.825+0000] {dag.py:3239} INFO - Sync 1 DAGs
[2025-09-11T09:50:27.903+0000] {logging_mixin.py:190} INFO - [2025-09-11T09:50:27.902+0000] {dag.py:4180} INFO - Setting next_dagrun for example_weekday_branch_operator to 2025-09-10 00:00:00+00:00, run_after=2025-09-11 00:00:00+00:00
[2025-09-11T09:50:27.937+0000] {processor.py:208} INFO - Processing /home/airflow/.local/lib/python3.12/site-packages/airflow/example_dags/example_branch_day_of_week_operator.py took 0.188 seconds
[2025-09-11T09:50:58.485+0000] {processor.py:186} INFO - Started process (PID=276) to work on /home/airflow/.local/lib/python3.12/site-packages/airflow/example_dags/example_branch_day_of_week_operator.py
[2025-09-11T09:50:58.488+0000] {processor.py:914} INFO - Processing file /home/airflow/.local/lib/python3.12/site-packages/airflow/example_dags/example_branch_day_of_week_operator.py for tasks to queue
[2025-09-11T09:50:58.496+0000] {logging_mixin.py:190} INFO - [2025-09-11T09:50:58.494+0000] {dagbag.py:588} INFO - Filling up the DagBag from /home/airflow/.local/lib/python3.12/site-packages/airflow/example_dags/example_branch_day_of_week_operator.py
[2025-09-11T09:50:58.508+0000] {processor.py:925} INFO - DAG(s) 'example_weekday_branch_operator' retrieved from /home/airflow/.local/lib/python3.12/site-packages/airflow/example_dags/example_branch_day_of_week_operator.py
[2025-09-11T09:50:58.557+0000] {logging_mixin.py:190} INFO - [2025-09-11T09:50:58.557+0000] {dag.py:3239} INFO - Sync 1 DAGs
[2025-09-11T09:50:58.638+0000] {logging_mixin.py:190} INFO - [2025-09-11T09:50:58.637+0000] {dag.py:4180} INFO - Setting next_dagrun for example_weekday_branch_operator to 2025-09-10 00:00:00+00:00, run_after=2025-09-11 00:00:00+00:00
[2025-09-11T09:50:58.691+0000] {processor.py:208} INFO - Processing /home/airflow/.local/lib/python3.12/site-packages/airflow/example_dags/example_branch_day_of_week_operator.py took 0.219 seconds
[2025-09-11T09:51:29.046+0000] {processor.py:186} INFO - Started process (PID=340) to work on /home/airflow/.local/lib/python3.12/site-packages/airflow/example_dags/example_branch_day_of_week_operator.py
[2025-09-11T09:51:29.049+0000] {processor.py:914} INFO - Processing file /home/airflow/.local/lib/python3.12/site-packages/airflow/example_dags/example_branch_day_of_week_operator.py for tasks to queue
[2025-09-11T09:51:29.055+0000] {logging_mixin.py:190} INFO - [2025-09-11T09:51:29.054+0000] {dagbag.py:588} INFO - Filling up the DagBag from /home/airflow/.local/lib/python3.12/site-packages/airflow/example_dags/example_branch_day_of_week_operator.py
[2025-09-11T09:51:29.081+0000] {processor.py:925} INFO - DAG(s) 'example_weekday_branch_operator' retrieved from /home/airflow/.local/lib/python3.12/site-packages/airflow/example_dags/example_branch_day_of_week_operator.py
[2025-09-11T09:51:29.366+0000] {logging_mixin.py:190} INFO - [2025-09-11T09:51:29.365+0000] {dag.py:3239} INFO - Sync 1 DAGs
[2025-09-11T09:51:29.416+0000] {logging_mixin.py:190} INFO - [2025-09-11T09:51:29.416+0000] {dag.py:4180} INFO - Setting next_dagrun for example_weekday_branch_operator to 2025-09-10 00:00:00+00:00, run_after=2025-09-11 00:00:00+00:00
[2025-09-11T09:51:29.449+0000] {processor.py:208} INFO - Processing /home/airflow/.local/lib/python3.12/site-packages/airflow/example_dags/example_branch_day_of_week_operator.py took 0.173 seconds
[2025-09-11T09:52:00.160+0000] {processor.py:186} INFO - Started process (PID=403) to work on /home/airflow/.local/lib/python3.12/site-packages/airflow/example_dags/example_branch_day_of_week_operator.py
[2025-09-11T09:52:00.173+0000] {processor.py:914} INFO - Processing file /home/airflow/.local/lib/python3.12/site-packages/airflow/example_dags/example_branch_day_of_week_operator.py for tasks to queue
[2025-09-11T09:52:00.180+0000] {logging_mixin.py:190} INFO - [2025-09-11T09:52:00.179+0000] {dagbag.py:588} INFO - Filling up the DagBag from /home/airflow/.local/lib/python3.12/site-packages/airflow/example_dags/example_branch_day_of_week_operator.py
[2025-09-11T09:52:00.214+0000] {processor.py:925} INFO - DAG(s) 'example_weekday_branch_operator' retrieved from /home/airflow/.local/lib/python3.12/site-packages/airflow/example_dags/example_branch_day_of_week_operator.py
[2025-09-11T09:52:00.281+0000] {logging_mixin.py:190} INFO - [2025-09-11T09:52:00.271+0000] {dag.py:3239} INFO - Sync 1 DAGs
[2025-09-11T09:52:00.373+0000] {logging_mixin.py:190} INFO - [2025-09-11T09:52:00.373+0000] {dag.py:4180} INFO - Setting next_dagrun for example_weekday_branch_operator to 2025-09-10 00:00:00+00:00, run_after=2025-09-11 00:00:00+00:00
[2025-09-11T09:52:00.467+0000] {processor.py:208} INFO - Processing /home/airflow/.local/lib/python3.12/site-packages/airflow/example_dags/example_branch_day_of_week_operator.py took 0.324 seconds
[2025-09-11T09:52:31.358+0000] {processor.py:186} INFO - Started process (PID=466) to work on /home/airflow/.local/lib/python3.12/site-packages/airflow/example_dags/example_branch_day_of_week_operator.py
[2025-09-11T09:52:31.360+0000] {processor.py:914} INFO - Processing file /home/airflow/.local/lib/python3.12/site-packages/airflow/example_dags/example_branch_day_of_week_operator.py for tasks to queue
[2025-09-11T09:52:31.374+0000] {logging_mixin.py:190} INFO - [2025-09-11T09:52:31.368+0000] {dagbag.py:588} INFO - Filling up the DagBag from /home/airflow/.local/lib/python3.12/site-packages/airflow/example_dags/example_branch_day_of_week_operator.py
[2025-09-11T09:52:31.422+0000] {processor.py:925} INFO - DAG(s) 'example_weekday_branch_operator' retrieved from /home/airflow/.local/lib/python3.12/site-packages/airflow/example_dags/example_branch_day_of_week_operator.py
[2025-09-11T09:52:31.502+0000] {logging_mixin.py:190} INFO - [2025-09-11T09:52:31.501+0000] {dag.py:3239} INFO - Sync 1 DAGs
[2025-09-11T09:52:31.587+0000] {logging_mixin.py:190} INFO - [2025-09-11T09:52:31.587+0000] {dag.py:4180} INFO - Setting next_dagrun for example_weekday_branch_operator to 2025-09-10 00:00:00+00:00, run_after=2025-09-11 00:00:00+00:00
[2025-09-11T09:52:31.698+0000] {processor.py:208} INFO - Processing /home/airflow/.local/lib/python3.12/site-packages/airflow/example_dags/example_branch_day_of_week_operator.py took 0.362 seconds
[2025-09-11T09:53:02.295+0000] {processor.py:186} INFO - Started process (PID=529) to work on /home/airflow/.local/lib/python3.12/site-packages/airflow/example_dags/example_branch_day_of_week_operator.py
[2025-09-11T09:53:02.297+0000] {processor.py:914} INFO - Processing file /home/airflow/.local/lib/python3.12/site-packages/airflow/example_dags/example_branch_day_of_week_operator.py for tasks to queue
[2025-09-11T09:53:02.303+0000] {logging_mixin.py:190} INFO - [2025-09-11T09:53:02.302+0000] {dagbag.py:588} INFO - Filling up the DagBag from /home/airflow/.local/lib/python3.12/site-packages/airflow/example_dags/example_branch_day_of_week_operator.py
[2025-09-11T09:53:02.340+0000] {processor.py:925} INFO - DAG(s) 'example_weekday_branch_operator' retrieved from /home/airflow/.local/lib/python3.12/site-packages/airflow/example_dags/example_branch_day_of_week_operator.py
[2025-09-11T09:53:02.398+0000] {logging_mixin.py:190} INFO - [2025-09-11T09:53:02.397+0000] {dag.py:3239} INFO - Sync 1 DAGs
[2025-09-11T09:53:02.460+0000] {logging_mixin.py:190} INFO - [2025-09-11T09:53:02.459+0000] {dag.py:4180} INFO - Setting next_dagrun for example_weekday_branch_operator to 2025-09-10 00:00:00+00:00, run_after=2025-09-11 00:00:00+00:00
[2025-09-11T09:53:02.522+0000] {processor.py:208} INFO - Processing /home/airflow/.local/lib/python3.12/site-packages/airflow/example_dags/example_branch_day_of_week_operator.py took 0.239 seconds
[2025-09-11T09:53:35.022+0000] {processor.py:186} INFO - Started process (PID=580) to work on /home/airflow/.local/lib/python3.12/site-packages/airflow/example_dags/example_branch_day_of_week_operator.py
[2025-09-11T09:53:35.040+0000] {processor.py:914} INFO - Processing file /home/airflow/.local/lib/python3.12/site-packages/airflow/example_dags/example_branch_day_of_week_operator.py for tasks to queue
[2025-09-11T09:53:35.056+0000] {logging_mixin.py:190} INFO - [2025-09-11T09:53:35.055+0000] {dagbag.py:588} INFO - Filling up the DagBag from /home/airflow/.local/lib/python3.12/site-packages/airflow/example_dags/example_branch_day_of_week_operator.py
[2025-09-11T09:53:35.095+0000] {processor.py:925} INFO - DAG(s) 'example_weekday_branch_operator' retrieved from /home/airflow/.local/lib/python3.12/site-packages/airflow/example_dags/example_branch_day_of_week_operator.py
[2025-09-11T09:53:35.170+0000] {logging_mixin.py:190} INFO - [2025-09-11T09:53:35.170+0000] {dag.py:3239} INFO - Sync 1 DAGs
[2025-09-11T09:53:35.279+0000] {logging_mixin.py:190} INFO - [2025-09-11T09:53:35.278+0000] {dag.py:4180} INFO - Setting next_dagrun for example_weekday_branch_operator to 2025-09-10 00:00:00+00:00, run_after=2025-09-11 00:00:00+00:00
[2025-09-11T09:53:35.408+0000] {processor.py:208} INFO - Processing /home/airflow/.local/lib/python3.12/site-packages/airflow/example_dags/example_branch_day_of_week_operator.py took 0.411 seconds
[2025-09-11T09:54:07.236+0000] {processor.py:186} INFO - Started process (PID=641) to work on /home/airflow/.local/lib/python3.12/site-packages/airflow/example_dags/example_branch_day_of_week_operator.py
[2025-09-11T09:54:07.238+0000] {processor.py:914} INFO - Processing file /home/airflow/.local/lib/python3.12/site-packages/airflow/example_dags/example_branch_day_of_week_operator.py for tasks to queue
[2025-09-11T09:54:07.245+0000] {logging_mixin.py:190} INFO - [2025-09-11T09:54:07.243+0000] {dagbag.py:588} INFO - Filling up the DagBag from /home/airflow/.local/lib/python3.12/site-packages/airflow/example_dags/example_branch_day_of_week_operator.py
[2025-09-11T09:54:07.305+0000] {processor.py:925} INFO - DAG(s) 'example_weekday_branch_operator' retrieved from /home/airflow/.local/lib/python3.12/site-packages/airflow/example_dags/example_branch_day_of_week_operator.py
[2025-09-11T09:54:07.366+0000] {logging_mixin.py:190} INFO - [2025-09-11T09:54:07.365+0000] {dag.py:3239} INFO - Sync 1 DAGs
[2025-09-11T09:54:07.456+0000] {logging_mixin.py:190} INFO - [2025-09-11T09:54:07.456+0000] {dag.py:4180} INFO - Setting next_dagrun for example_weekday_branch_operator to 2025-09-10 00:00:00+00:00, run_after=2025-09-11 00:00:00+00:00
[2025-09-11T09:54:07.532+0000] {processor.py:208} INFO - Processing /home/airflow/.local/lib/python3.12/site-packages/airflow/example_dags/example_branch_day_of_week_operator.py took 0.318 seconds
[2025-09-11T09:54:37.818+0000] {processor.py:186} INFO - Started process (PID=703) to work on /home/airflow/.local/lib/python3.12/site-packages/airflow/example_dags/example_branch_day_of_week_operator.py
[2025-09-11T09:54:37.820+0000] {processor.py:914} INFO - Processing file /home/airflow/.local/lib/python3.12/site-packages/airflow/example_dags/example_branch_day_of_week_operator.py for tasks to queue
[2025-09-11T09:54:37.825+0000] {logging_mixin.py:190} INFO - [2025-09-11T09:54:37.825+0000] {dagbag.py:588} INFO - Filling up the DagBag from /home/airflow/.local/lib/python3.12/site-packages/airflow/example_dags/example_branch_day_of_week_operator.py
[2025-09-11T09:54:37.850+0000] {processor.py:925} INFO - DAG(s) 'example_weekday_branch_operator' retrieved from /home/airflow/.local/lib/python3.12/site-packages/airflow/example_dags/example_branch_day_of_week_operator.py
[2025-09-11T09:54:37.894+0000] {logging_mixin.py:190} INFO - [2025-09-11T09:54:37.894+0000] {dag.py:3239} INFO - Sync 1 DAGs
[2025-09-11T09:54:37.945+0000] {logging_mixin.py:190} INFO - [2025-09-11T09:54:37.945+0000] {dag.py:4180} INFO - Setting next_dagrun for example_weekday_branch_operator to 2025-09-10 00:00:00+00:00, run_after=2025-09-11 00:00:00+00:00
[2025-09-11T09:54:38.053+0000] {processor.py:208} INFO - Processing /home/airflow/.local/lib/python3.12/site-packages/airflow/example_dags/example_branch_day_of_week_operator.py took 0.251 seconds
[2025-09-11T09:55:08.660+0000] {processor.py:186} INFO - Started process (PID=764) to work on /home/airflow/.local/lib/python3.12/site-packages/airflow/example_dags/example_branch_day_of_week_operator.py
[2025-09-11T09:55:08.662+0000] {processor.py:914} INFO - Processing file /home/airflow/.local/lib/python3.12/site-packages/airflow/example_dags/example_branch_day_of_week_operator.py for tasks to queue
[2025-09-11T09:55:08.666+0000] {logging_mixin.py:190} INFO - [2025-09-11T09:55:08.665+0000] {dagbag.py:588} INFO - Filling up the DagBag from /home/airflow/.local/lib/python3.12/site-packages/airflow/example_dags/example_branch_day_of_week_operator.py
[2025-09-11T09:55:08.688+0000] {processor.py:925} INFO - DAG(s) 'example_weekday_branch_operator' retrieved from /home/airflow/.local/lib/python3.12/site-packages/airflow/example_dags/example_branch_day_of_week_operator.py
[2025-09-11T09:55:08.737+0000] {logging_mixin.py:190} INFO - [2025-09-11T09:55:08.737+0000] {dag.py:3239} INFO - Sync 1 DAGs
[2025-09-11T09:55:08.800+0000] {logging_mixin.py:190} INFO - [2025-09-11T09:55:08.799+0000] {dag.py:4180} INFO - Setting next_dagrun for example_weekday_branch_operator to 2025-09-10 00:00:00+00:00, run_after=2025-09-11 00:00:00+00:00
[2025-09-11T09:55:08.849+0000] {processor.py:208} INFO - Processing /home/airflow/.local/lib/python3.12/site-packages/airflow/example_dags/example_branch_day_of_week_operator.py took 0.208 seconds
[2025-09-11T09:55:39.118+0000] {processor.py:186} INFO - Started process (PID=827) to work on /home/airflow/.local/lib/python3.12/site-packages/airflow/example_dags/example_branch_day_of_week_operator.py
[2025-09-11T09:55:39.126+0000] {processor.py:914} INFO - Processing file /home/airflow/.local/lib/python3.12/site-packages/airflow/example_dags/example_branch_day_of_week_operator.py for tasks to queue
[2025-09-11T09:55:39.137+0000] {logging_mixin.py:190} INFO - [2025-09-11T09:55:39.136+0000] {dagbag.py:588} INFO - Filling up the DagBag from /home/airflow/.local/lib/python3.12/site-packages/airflow/example_dags/example_branch_day_of_week_operator.py
[2025-09-11T09:55:39.167+0000] {processor.py:925} INFO - DAG(s) 'example_weekday_branch_operator' retrieved from /home/airflow/.local/lib/python3.12/site-packages/airflow/example_dags/example_branch_day_of_week_operator.py
[2025-09-11T09:55:39.214+0000] {logging_mixin.py:190} INFO - [2025-09-11T09:55:39.213+0000] {dag.py:3239} INFO - Sync 1 DAGs
[2025-09-11T09:55:39.283+0000] {logging_mixin.py:190} INFO - [2025-09-11T09:55:39.281+0000] {dag.py:4180} INFO - Setting next_dagrun for example_weekday_branch_operator to 2025-09-10 00:00:00+00:00, run_after=2025-09-11 00:00:00+00:00
[2025-09-11T09:55:39.355+0000] {processor.py:208} INFO - Processing /home/airflow/.local/lib/python3.12/site-packages/airflow/example_dags/example_branch_day_of_week_operator.py took 0.254 seconds
[2025-09-11T09:56:09.598+0000] {processor.py:186} INFO - Started process (PID=889) to work on /home/airflow/.local/lib/python3.12/site-packages/airflow/example_dags/example_branch_day_of_week_operator.py
[2025-09-11T09:56:09.600+0000] {processor.py:914} INFO - Processing file /home/airflow/.local/lib/python3.12/site-packages/airflow/example_dags/example_branch_day_of_week_operator.py for tasks to queue
[2025-09-11T09:56:09.607+0000] {logging_mixin.py:190} INFO - [2025-09-11T09:56:09.606+0000] {dagbag.py:588} INFO - Filling up the DagBag from /home/airflow/.local/lib/python3.12/site-packages/airflow/example_dags/example_branch_day_of_week_operator.py
[2025-09-11T09:56:09.622+0000] {processor.py:925} INFO - DAG(s) 'example_weekday_branch_operator' retrieved from /home/airflow/.local/lib/python3.12/site-packages/airflow/example_dags/example_branch_day_of_week_operator.py
[2025-09-11T09:56:09.656+0000] {logging_mixin.py:190} INFO - [2025-09-11T09:56:09.655+0000] {dag.py:3239} INFO - Sync 1 DAGs
[2025-09-11T09:56:09.706+0000] {logging_mixin.py:190} INFO - [2025-09-11T09:56:09.706+0000] {dag.py:4180} INFO - Setting next_dagrun for example_weekday_branch_operator to 2025-09-10 00:00:00+00:00, run_after=2025-09-11 00:00:00+00:00
[2025-09-11T09:56:09.769+0000] {processor.py:208} INFO - Processing /home/airflow/.local/lib/python3.12/site-packages/airflow/example_dags/example_branch_day_of_week_operator.py took 0.179 seconds
[2025-09-11T09:56:40.516+0000] {processor.py:186} INFO - Started process (PID=952) to work on /home/airflow/.local/lib/python3.12/site-packages/airflow/example_dags/example_branch_day_of_week_operator.py
[2025-09-11T09:56:40.518+0000] {processor.py:914} INFO - Processing file /home/airflow/.local/lib/python3.12/site-packages/airflow/example_dags/example_branch_day_of_week_operator.py for tasks to queue
[2025-09-11T09:56:40.522+0000] {logging_mixin.py:190} INFO - [2025-09-11T09:56:40.521+0000] {dagbag.py:588} INFO - Filling up the DagBag from /home/airflow/.local/lib/python3.12/site-packages/airflow/example_dags/example_branch_day_of_week_operator.py
[2025-09-11T09:56:40.540+0000] {processor.py:925} INFO - DAG(s) 'example_weekday_branch_operator' retrieved from /home/airflow/.local/lib/python3.12/site-packages/airflow/example_dags/example_branch_day_of_week_operator.py
[2025-09-11T09:56:40.575+0000] {logging_mixin.py:190} INFO - [2025-09-11T09:56:40.575+0000] {dag.py:3239} INFO - Sync 1 DAGs
[2025-09-11T09:56:40.615+0000] {logging_mixin.py:190} INFO - [2025-09-11T09:56:40.615+0000] {dag.py:4180} INFO - Setting next_dagrun for example_weekday_branch_operator to 2025-09-10 00:00:00+00:00, run_after=2025-09-11 00:00:00+00:00
[2025-09-11T09:56:40.646+0000] {processor.py:208} INFO - Processing /home/airflow/.local/lib/python3.12/site-packages/airflow/example_dags/example_branch_day_of_week_operator.py took 0.139 seconds
[2025-09-11T09:57:11.398+0000] {processor.py:186} INFO - Started process (PID=1015) to work on /home/airflow/.local/lib/python3.12/site-packages/airflow/example_dags/example_branch_day_of_week_operator.py
[2025-09-11T09:57:11.400+0000] {processor.py:914} INFO - Processing file /home/airflow/.local/lib/python3.12/site-packages/airflow/example_dags/example_branch_day_of_week_operator.py for tasks to queue
[2025-09-11T09:57:11.409+0000] {logging_mixin.py:190} INFO - [2025-09-11T09:57:11.408+0000] {dagbag.py:588} INFO - Filling up the DagBag from /home/airflow/.local/lib/python3.12/site-packages/airflow/example_dags/example_branch_day_of_week_operator.py
[2025-09-11T09:57:11.437+0000] {processor.py:925} INFO - DAG(s) 'example_weekday_branch_operator' retrieved from /home/airflow/.local/lib/python3.12/site-packages/airflow/example_dags/example_branch_day_of_week_operator.py
[2025-09-11T09:57:11.477+0000] {logging_mixin.py:190} INFO - [2025-09-11T09:57:11.477+0000] {dag.py:3239} INFO - Sync 1 DAGs
[2025-09-11T09:57:11.542+0000] {logging_mixin.py:190} INFO - [2025-09-11T09:57:11.542+0000] {dag.py:4180} INFO - Setting next_dagrun for example_weekday_branch_operator to 2025-09-10 00:00:00+00:00, run_after=2025-09-11 00:00:00+00:00
[2025-09-11T09:57:11.585+0000] {processor.py:208} INFO - Processing /home/airflow/.local/lib/python3.12/site-packages/airflow/example_dags/example_branch_day_of_week_operator.py took 0.200 seconds
[2025-09-11T09:57:41.927+0000] {processor.py:186} INFO - Started process (PID=1077) to work on /home/airflow/.local/lib/python3.12/site-packages/airflow/example_dags/example_branch_day_of_week_operator.py
[2025-09-11T09:57:41.936+0000] {processor.py:914} INFO - Processing file /home/airflow/.local/lib/python3.12/site-packages/airflow/example_dags/example_branch_day_of_week_operator.py for tasks to queue
[2025-09-11T09:57:41.945+0000] {logging_mixin.py:190} INFO - [2025-09-11T09:57:41.944+0000] {dagbag.py:588} INFO - Filling up the DagBag from /home/airflow/.local/lib/python3.12/site-packages/airflow/example_dags/example_branch_day_of_week_operator.py
[2025-09-11T09:57:41.979+0000] {processor.py:925} INFO - DAG(s) 'example_weekday_branch_operator' retrieved from /home/airflow/.local/lib/python3.12/site-packages/airflow/example_dags/example_branch_day_of_week_operator.py
[2025-09-11T09:57:42.032+0000] {logging_mixin.py:190} INFO - [2025-09-11T09:57:42.032+0000] {dag.py:3239} INFO - Sync 1 DAGs
[2025-09-11T09:57:42.089+0000] {logging_mixin.py:190} INFO - [2025-09-11T09:57:42.088+0000] {dag.py:4180} INFO - Setting next_dagrun for example_weekday_branch_operator to 2025-09-10 00:00:00+00:00, run_after=2025-09-11 00:00:00+00:00
[2025-09-11T09:57:42.135+0000] {processor.py:208} INFO - Processing /home/airflow/.local/lib/python3.12/site-packages/airflow/example_dags/example_branch_day_of_week_operator.py took 0.229 seconds
[2025-09-11T09:58:12.523+0000] {processor.py:186} INFO - Started process (PID=1140) to work on /home/airflow/.local/lib/python3.12/site-packages/airflow/example_dags/example_branch_day_of_week_operator.py
[2025-09-11T09:58:12.526+0000] {processor.py:914} INFO - Processing file /home/airflow/.local/lib/python3.12/site-packages/airflow/example_dags/example_branch_day_of_week_operator.py for tasks to queue
[2025-09-11T09:58:12.530+0000] {logging_mixin.py:190} INFO - [2025-09-11T09:58:12.530+0000] {dagbag.py:588} INFO - Filling up the DagBag from /home/airflow/.local/lib/python3.12/site-packages/airflow/example_dags/example_branch_day_of_week_operator.py
[2025-09-11T09:58:12.566+0000] {processor.py:925} INFO - DAG(s) 'example_weekday_branch_operator' retrieved from /home/airflow/.local/lib/python3.12/site-packages/airflow/example_dags/example_branch_day_of_week_operator.py
[2025-09-11T09:58:12.634+0000] {logging_mixin.py:190} INFO - [2025-09-11T09:58:12.634+0000] {dag.py:3239} INFO - Sync 1 DAGs
[2025-09-11T09:58:12.773+0000] {logging_mixin.py:190} INFO - [2025-09-11T09:58:12.773+0000] {dag.py:4180} INFO - Setting next_dagrun for example_weekday_branch_operator to 2025-09-10 00:00:00+00:00, run_after=2025-09-11 00:00:00+00:00
[2025-09-11T09:58:12.838+0000] {processor.py:208} INFO - Processing /home/airflow/.local/lib/python3.12/site-packages/airflow/example_dags/example_branch_day_of_week_operator.py took 0.336 seconds
[2025-09-11T09:58:43.291+0000] {processor.py:186} INFO - Started process (PID=1203) to work on /home/airflow/.local/lib/python3.12/site-packages/airflow/example_dags/example_branch_day_of_week_operator.py
[2025-09-11T09:58:43.293+0000] {processor.py:914} INFO - Processing file /home/airflow/.local/lib/python3.12/site-packages/airflow/example_dags/example_branch_day_of_week_operator.py for tasks to queue
[2025-09-11T09:58:43.298+0000] {logging_mixin.py:190} INFO - [2025-09-11T09:58:43.297+0000] {dagbag.py:588} INFO - Filling up the DagBag from /home/airflow/.local/lib/python3.12/site-packages/airflow/example_dags/example_branch_day_of_week_operator.py
[2025-09-11T09:58:43.318+0000] {processor.py:925} INFO - DAG(s) 'example_weekday_branch_operator' retrieved from /home/airflow/.local/lib/python3.12/site-packages/airflow/example_dags/example_branch_day_of_week_operator.py
[2025-09-11T09:58:43.356+0000] {logging_mixin.py:190} INFO - [2025-09-11T09:58:43.356+0000] {dag.py:3239} INFO - Sync 1 DAGs
[2025-09-11T09:58:43.465+0000] {logging_mixin.py:190} INFO - [2025-09-11T09:58:43.460+0000] {dag.py:4180} INFO - Setting next_dagrun for example_weekday_branch_operator to 2025-09-10 00:00:00+00:00, run_after=2025-09-11 00:00:00+00:00
[2025-09-11T09:58:43.527+0000] {processor.py:208} INFO - Processing /home/airflow/.local/lib/python3.12/site-packages/airflow/example_dags/example_branch_day_of_week_operator.py took 0.250 seconds
[2025-09-11T09:59:13.974+0000] {processor.py:186} INFO - Started process (PID=1265) to work on /home/airflow/.local/lib/python3.12/site-packages/airflow/example_dags/example_branch_day_of_week_operator.py
[2025-09-11T09:59:13.976+0000] {processor.py:914} INFO - Processing file /home/airflow/.local/lib/python3.12/site-packages/airflow/example_dags/example_branch_day_of_week_operator.py for tasks to queue
[2025-09-11T09:59:13.988+0000] {logging_mixin.py:190} INFO - [2025-09-11T09:59:13.988+0000] {dagbag.py:588} INFO - Filling up the DagBag from /home/airflow/.local/lib/python3.12/site-packages/airflow/example_dags/example_branch_day_of_week_operator.py
[2025-09-11T09:59:14.055+0000] {processor.py:925} INFO - DAG(s) 'example_weekday_branch_operator' retrieved from /home/airflow/.local/lib/python3.12/site-packages/airflow/example_dags/example_branch_day_of_week_operator.py
[2025-09-11T09:59:14.111+0000] {logging_mixin.py:190} INFO - [2025-09-11T09:59:14.110+0000] {dag.py:3239} INFO - Sync 1 DAGs
[2025-09-11T09:59:14.194+0000] {logging_mixin.py:190} INFO - [2025-09-11T09:59:14.194+0000] {dag.py:4180} INFO - Setting next_dagrun for example_weekday_branch_operator to 2025-09-10 00:00:00+00:00, run_after=2025-09-11 00:00:00+00:00
[2025-09-11T09:59:14.239+0000] {processor.py:208} INFO - Processing /home/airflow/.local/lib/python3.12/site-packages/airflow/example_dags/example_branch_day_of_week_operator.py took 0.288 seconds
[2025-09-11T09:59:44.570+0000] {processor.py:186} INFO - Started process (PID=1328) to work on /home/airflow/.local/lib/python3.12/site-packages/airflow/example_dags/example_branch_day_of_week_operator.py
[2025-09-11T09:59:44.576+0000] {processor.py:914} INFO - Processing file /home/airflow/.local/lib/python3.12/site-packages/airflow/example_dags/example_branch_day_of_week_operator.py for tasks to queue
[2025-09-11T09:59:44.581+0000] {logging_mixin.py:190} INFO - [2025-09-11T09:59:44.581+0000] {dagbag.py:588} INFO - Filling up the DagBag from /home/airflow/.local/lib/python3.12/site-packages/airflow/example_dags/example_branch_day_of_week_operator.py
[2025-09-11T09:59:44.619+0000] {processor.py:925} INFO - DAG(s) 'example_weekday_branch_operator' retrieved from /home/airflow/.local/lib/python3.12/site-packages/airflow/example_dags/example_branch_day_of_week_operator.py
[2025-09-11T09:59:44.669+0000] {logging_mixin.py:190} INFO - [2025-09-11T09:59:44.668+0000] {dag.py:3239} INFO - Sync 1 DAGs
[2025-09-11T09:59:44.721+0000] {logging_mixin.py:190} INFO - [2025-09-11T09:59:44.721+0000] {dag.py:4180} INFO - Setting next_dagrun for example_weekday_branch_operator to 2025-09-10 00:00:00+00:00, run_after=2025-09-11 00:00:00+00:00
[2025-09-11T09:59:44.771+0000] {processor.py:208} INFO - Processing /home/airflow/.local/lib/python3.12/site-packages/airflow/example_dags/example_branch_day_of_week_operator.py took 0.212 seconds
[2025-09-11T10:00:14.888+0000] {processor.py:186} INFO - Started process (PID=1391) to work on /home/airflow/.local/lib/python3.12/site-packages/airflow/example_dags/example_branch_day_of_week_operator.py
[2025-09-11T10:00:14.890+0000] {processor.py:914} INFO - Processing file /home/airflow/.local/lib/python3.12/site-packages/airflow/example_dags/example_branch_day_of_week_operator.py for tasks to queue
[2025-09-11T10:00:14.896+0000] {logging_mixin.py:190} INFO - [2025-09-11T10:00:14.896+0000] {dagbag.py:588} INFO - Filling up the DagBag from /home/airflow/.local/lib/python3.12/site-packages/airflow/example_dags/example_branch_day_of_week_operator.py
[2025-09-11T10:00:14.917+0000] {processor.py:925} INFO - DAG(s) 'example_weekday_branch_operator' retrieved from /home/airflow/.local/lib/python3.12/site-packages/airflow/example_dags/example_branch_day_of_week_operator.py
[2025-09-11T10:00:14.975+0000] {logging_mixin.py:190} INFO - [2025-09-11T10:00:14.975+0000] {dag.py:3239} INFO - Sync 1 DAGs
[2025-09-11T10:00:15.040+0000] {logging_mixin.py:190} INFO - [2025-09-11T10:00:15.039+0000] {dag.py:4180} INFO - Setting next_dagrun for example_weekday_branch_operator to 2025-09-10 00:00:00+00:00, run_after=2025-09-11 00:00:00+00:00
[2025-09-11T10:00:15.095+0000] {processor.py:208} INFO - Processing /home/airflow/.local/lib/python3.12/site-packages/airflow/example_dags/example_branch_day_of_week_operator.py took 0.224 seconds
[2025-09-11T10:00:45.847+0000] {processor.py:186} INFO - Started process (PID=1454) to work on /home/airflow/.local/lib/python3.12/site-packages/airflow/example_dags/example_branch_day_of_week_operator.py
[2025-09-11T10:00:45.849+0000] {processor.py:914} INFO - Processing file /home/airflow/.local/lib/python3.12/site-packages/airflow/example_dags/example_branch_day_of_week_operator.py for tasks to queue
[2025-09-11T10:00:45.854+0000] {logging_mixin.py:190} INFO - [2025-09-11T10:00:45.854+0000] {dagbag.py:588} INFO - Filling up the DagBag from /home/airflow/.local/lib/python3.12/site-packages/airflow/example_dags/example_branch_day_of_week_operator.py
[2025-09-11T10:00:45.874+0000] {processor.py:925} INFO - DAG(s) 'example_weekday_branch_operator' retrieved from /home/airflow/.local/lib/python3.12/site-packages/airflow/example_dags/example_branch_day_of_week_operator.py
[2025-09-11T10:00:45.912+0000] {logging_mixin.py:190} INFO - [2025-09-11T10:00:45.911+0000] {dag.py:3239} INFO - Sync 1 DAGs
[2025-09-11T10:00:45.972+0000] {logging_mixin.py:190} INFO - [2025-09-11T10:00:45.972+0000] {dag.py:4180} INFO - Setting next_dagrun for example_weekday_branch_operator to 2025-09-10 00:00:00+00:00, run_after=2025-09-11 00:00:00+00:00
[2025-09-11T10:00:46.027+0000] {processor.py:208} INFO - Processing /home/airflow/.local/lib/python3.12/site-packages/airflow/example_dags/example_branch_day_of_week_operator.py took 0.190 seconds
[2025-09-11T10:01:16.297+0000] {processor.py:186} INFO - Started process (PID=1517) to work on /home/airflow/.local/lib/python3.12/site-packages/airflow/example_dags/example_branch_day_of_week_operator.py
[2025-09-11T10:01:16.299+0000] {processor.py:914} INFO - Processing file /home/airflow/.local/lib/python3.12/site-packages/airflow/example_dags/example_branch_day_of_week_operator.py for tasks to queue
[2025-09-11T10:01:16.304+0000] {logging_mixin.py:190} INFO - [2025-09-11T10:01:16.303+0000] {dagbag.py:588} INFO - Filling up the DagBag from /home/airflow/.local/lib/python3.12/site-packages/airflow/example_dags/example_branch_day_of_week_operator.py
[2025-09-11T10:01:16.321+0000] {processor.py:925} INFO - DAG(s) 'example_weekday_branch_operator' retrieved from /home/airflow/.local/lib/python3.12/site-packages/airflow/example_dags/example_branch_day_of_week_operator.py
[2025-09-11T10:01:16.364+0000] {logging_mixin.py:190} INFO - [2025-09-11T10:01:16.364+0000] {dag.py:3239} INFO - Sync 1 DAGs
[2025-09-11T10:01:16.414+0000] {logging_mixin.py:190} INFO - [2025-09-11T10:01:16.414+0000] {dag.py:4180} INFO - Setting next_dagrun for example_weekday_branch_operator to 2025-09-10 00:00:00+00:00, run_after=2025-09-11 00:00:00+00:00
[2025-09-11T10:01:16.457+0000] {processor.py:208} INFO - Processing /home/airflow/.local/lib/python3.12/site-packages/airflow/example_dags/example_branch_day_of_week_operator.py took 0.170 seconds
[2025-09-11T10:01:46.967+0000] {processor.py:186} INFO - Started process (PID=1580) to work on /home/airflow/.local/lib/python3.12/site-packages/airflow/example_dags/example_branch_day_of_week_operator.py
[2025-09-11T10:01:46.968+0000] {processor.py:914} INFO - Processing file /home/airflow/.local/lib/python3.12/site-packages/airflow/example_dags/example_branch_day_of_week_operator.py for tasks to queue
[2025-09-11T10:01:46.972+0000] {logging_mixin.py:190} INFO - [2025-09-11T10:01:46.971+0000] {dagbag.py:588} INFO - Filling up the DagBag from /home/airflow/.local/lib/python3.12/site-packages/airflow/example_dags/example_branch_day_of_week_operator.py
[2025-09-11T10:01:46.992+0000] {processor.py:925} INFO - DAG(s) 'example_weekday_branch_operator' retrieved from /home/airflow/.local/lib/python3.12/site-packages/airflow/example_dags/example_branch_day_of_week_operator.py
[2025-09-11T10:01:47.062+0000] {logging_mixin.py:190} INFO - [2025-09-11T10:01:47.062+0000] {dag.py:3239} INFO - Sync 1 DAGs
[2025-09-11T10:01:47.131+0000] {logging_mixin.py:190} INFO - [2025-09-11T10:01:47.130+0000] {dag.py:4180} INFO - Setting next_dagrun for example_weekday_branch_operator to 2025-09-10 00:00:00+00:00, run_after=2025-09-11 00:00:00+00:00
[2025-09-11T10:01:47.186+0000] {processor.py:208} INFO - Processing /home/airflow/.local/lib/python3.12/site-packages/airflow/example_dags/example_branch_day_of_week_operator.py took 0.243 seconds
[2025-09-11T10:02:17.808+0000] {processor.py:186} INFO - Started process (PID=1643) to work on /home/airflow/.local/lib/python3.12/site-packages/airflow/example_dags/example_branch_day_of_week_operator.py
[2025-09-11T10:02:17.818+0000] {processor.py:914} INFO - Processing file /home/airflow/.local/lib/python3.12/site-packages/airflow/example_dags/example_branch_day_of_week_operator.py for tasks to queue
[2025-09-11T10:02:17.824+0000] {logging_mixin.py:190} INFO - [2025-09-11T10:02:17.823+0000] {dagbag.py:588} INFO - Filling up the DagBag from /home/airflow/.local/lib/python3.12/site-packages/airflow/example_dags/example_branch_day_of_week_operator.py
[2025-09-11T10:02:17.862+0000] {processor.py:925} INFO - DAG(s) 'example_weekday_branch_operator' retrieved from /home/airflow/.local/lib/python3.12/site-packages/airflow/example_dags/example_branch_day_of_week_operator.py
[2025-09-11T10:02:17.923+0000] {logging_mixin.py:190} INFO - [2025-09-11T10:02:17.922+0000] {dag.py:3239} INFO - Sync 1 DAGs
[2025-09-11T10:02:17.996+0000] {logging_mixin.py:190} INFO - [2025-09-11T10:02:17.995+0000] {dag.py:4180} INFO - Setting next_dagrun for example_weekday_branch_operator to 2025-09-10 00:00:00+00:00, run_after=2025-09-11 00:00:00+00:00
[2025-09-11T10:02:18.101+0000] {processor.py:208} INFO - Processing /home/airflow/.local/lib/python3.12/site-packages/airflow/example_dags/example_branch_day_of_week_operator.py took 0.310 seconds
[2025-09-11T10:02:48.899+0000] {processor.py:186} INFO - Started process (PID=1706) to work on /home/airflow/.local/lib/python3.12/site-packages/airflow/example_dags/example_branch_day_of_week_operator.py
[2025-09-11T10:02:48.902+0000] {processor.py:914} INFO - Processing file /home/airflow/.local/lib/python3.12/site-packages/airflow/example_dags/example_branch_day_of_week_operator.py for tasks to queue
[2025-09-11T10:02:48.908+0000] {logging_mixin.py:190} INFO - [2025-09-11T10:02:48.907+0000] {dagbag.py:588} INFO - Filling up the DagBag from /home/airflow/.local/lib/python3.12/site-packages/airflow/example_dags/example_branch_day_of_week_operator.py
[2025-09-11T10:02:48.975+0000] {processor.py:925} INFO - DAG(s) 'example_weekday_branch_operator' retrieved from /home/airflow/.local/lib/python3.12/site-packages/airflow/example_dags/example_branch_day_of_week_operator.py
[2025-09-11T10:02:49.051+0000] {logging_mixin.py:190} INFO - [2025-09-11T10:02:49.050+0000] {dag.py:3239} INFO - Sync 1 DAGs
[2025-09-11T10:02:49.119+0000] {logging_mixin.py:190} INFO - [2025-09-11T10:02:49.119+0000] {dag.py:4180} INFO - Setting next_dagrun for example_weekday_branch_operator to 2025-09-10 00:00:00+00:00, run_after=2025-09-11 00:00:00+00:00
[2025-09-11T10:02:49.177+0000] {processor.py:208} INFO - Processing /home/airflow/.local/lib/python3.12/site-packages/airflow/example_dags/example_branch_day_of_week_operator.py took 0.291 seconds
[2025-09-11T10:03:19.710+0000] {processor.py:186} INFO - Started process (PID=1769) to work on /home/airflow/.local/lib/python3.12/site-packages/airflow/example_dags/example_branch_day_of_week_operator.py
[2025-09-11T10:03:19.722+0000] {processor.py:914} INFO - Processing file /home/airflow/.local/lib/python3.12/site-packages/airflow/example_dags/example_branch_day_of_week_operator.py for tasks to queue
[2025-09-11T10:03:19.728+0000] {logging_mixin.py:190} INFO - [2025-09-11T10:03:19.727+0000] {dagbag.py:588} INFO - Filling up the DagBag from /home/airflow/.local/lib/python3.12/site-packages/airflow/example_dags/example_branch_day_of_week_operator.py
[2025-09-11T10:03:19.760+0000] {processor.py:925} INFO - DAG(s) 'example_weekday_branch_operator' retrieved from /home/airflow/.local/lib/python3.12/site-packages/airflow/example_dags/example_branch_day_of_week_operator.py
[2025-09-11T10:03:19.826+0000] {logging_mixin.py:190} INFO - [2025-09-11T10:03:19.826+0000] {dag.py:3239} INFO - Sync 1 DAGs
[2025-09-11T10:03:19.949+0000] {logging_mixin.py:190} INFO - [2025-09-11T10:03:19.949+0000] {dag.py:4180} INFO - Setting next_dagrun for example_weekday_branch_operator to 2025-09-10 00:00:00+00:00, run_after=2025-09-11 00:00:00+00:00
[2025-09-11T10:03:20.004+0000] {processor.py:208} INFO - Processing /home/airflow/.local/lib/python3.12/site-packages/airflow/example_dags/example_branch_day_of_week_operator.py took 0.312 seconds
[2025-09-11T10:03:50.188+0000] {processor.py:186} INFO - Started process (PID=1832) to work on /home/airflow/.local/lib/python3.12/site-packages/airflow/example_dags/example_branch_day_of_week_operator.py
[2025-09-11T10:03:50.190+0000] {processor.py:914} INFO - Processing file /home/airflow/.local/lib/python3.12/site-packages/airflow/example_dags/example_branch_day_of_week_operator.py for tasks to queue
[2025-09-11T10:03:50.197+0000] {logging_mixin.py:190} INFO - [2025-09-11T10:03:50.197+0000] {dagbag.py:588} INFO - Filling up the DagBag from /home/airflow/.local/lib/python3.12/site-packages/airflow/example_dags/example_branch_day_of_week_operator.py
[2025-09-11T10:03:50.219+0000] {processor.py:925} INFO - DAG(s) 'example_weekday_branch_operator' retrieved from /home/airflow/.local/lib/python3.12/site-packages/airflow/example_dags/example_branch_day_of_week_operator.py
[2025-09-11T10:03:50.257+0000] {logging_mixin.py:190} INFO - [2025-09-11T10:03:50.256+0000] {dag.py:3239} INFO - Sync 1 DAGs
[2025-09-11T10:03:50.333+0000] {logging_mixin.py:190} INFO - [2025-09-11T10:03:50.332+0000] {dag.py:4180} INFO - Setting next_dagrun for example_weekday_branch_operator to 2025-09-10 00:00:00+00:00, run_after=2025-09-11 00:00:00+00:00
[2025-09-11T10:03:50.374+0000] {processor.py:208} INFO - Processing /home/airflow/.local/lib/python3.12/site-packages/airflow/example_dags/example_branch_day_of_week_operator.py took 0.198 seconds
[2025-09-11T10:04:20.921+0000] {processor.py:186} INFO - Started process (PID=1895) to work on /home/airflow/.local/lib/python3.12/site-packages/airflow/example_dags/example_branch_day_of_week_operator.py
[2025-09-11T10:04:20.923+0000] {processor.py:914} INFO - Processing file /home/airflow/.local/lib/python3.12/site-packages/airflow/example_dags/example_branch_day_of_week_operator.py for tasks to queue
[2025-09-11T10:04:20.933+0000] {logging_mixin.py:190} INFO - [2025-09-11T10:04:20.932+0000] {dagbag.py:588} INFO - Filling up the DagBag from /home/airflow/.local/lib/python3.12/site-packages/airflow/example_dags/example_branch_day_of_week_operator.py
[2025-09-11T10:04:20.967+0000] {processor.py:925} INFO - DAG(s) 'example_weekday_branch_operator' retrieved from /home/airflow/.local/lib/python3.12/site-packages/airflow/example_dags/example_branch_day_of_week_operator.py
[2025-09-11T10:04:21.025+0000] {logging_mixin.py:190} INFO - [2025-09-11T10:04:21.025+0000] {dag.py:3239} INFO - Sync 1 DAGs
[2025-09-11T10:04:21.090+0000] {logging_mixin.py:190} INFO - [2025-09-11T10:04:21.089+0000] {dag.py:4180} INFO - Setting next_dagrun for example_weekday_branch_operator to 2025-09-10 00:00:00+00:00, run_after=2025-09-11 00:00:00+00:00
[2025-09-11T10:04:21.134+0000] {processor.py:208} INFO - Processing /home/airflow/.local/lib/python3.12/site-packages/airflow/example_dags/example_branch_day_of_week_operator.py took 0.227 seconds
