[2025-09-11T09:49:50.666+0000] {processor.py:186} INFO - Started process (PID=126) to work on /home/airflow/.local/lib/python3.12/site-packages/airflow/example_dags/example_setup_teardown.py
[2025-09-11T09:49:50.669+0000] {processor.py:914} INFO - Processing file /home/airflow/.local/lib/python3.12/site-packages/airflow/example_dags/example_setup_teardown.py for tasks to queue
[2025-09-11T09:49:50.674+0000] {logging_mixin.py:190} INFO - [2025-09-11T09:49:50.674+0000] {dagbag.py:588} INFO - Filling up the DagBag from /home/airflow/.local/lib/python3.12/site-packages/airflow/example_dags/example_setup_teardown.py
[2025-09-11T09:49:50.699+0000] {processor.py:925} INFO - DAG(s) 'example_setup_teardown' retrieved from /home/airflow/.local/lib/python3.12/site-packages/airflow/example_dags/example_setup_teardown.py
[2025-09-11T09:49:50.957+0000] {logging_mixin.py:190} INFO - [2025-09-11T09:49:50.956+0000] {override.py:1912} INFO - Created Permission View: can read on DAG:example_setup_teardown
[2025-09-11T09:49:50.978+0000] {logging_mixin.py:190} INFO - [2025-09-11T09:49:50.978+0000] {override.py:1912} INFO - Created Permission View: can edit on DAG:example_setup_teardown
[2025-09-11T09:49:50.992+0000] {logging_mixin.py:190} INFO - [2025-09-11T09:49:50.992+0000] {override.py:1912} INFO - Created Permission View: can delete on DAG:example_setup_teardown
[2025-09-11T09:49:51.005+0000] {logging_mixin.py:190} INFO - [2025-09-11T09:49:51.005+0000] {override.py:1912} INFO - Created Permission View: can create on DAG Run:example_setup_teardown
[2025-09-11T09:49:51.019+0000] {logging_mixin.py:190} INFO - [2025-09-11T09:49:51.019+0000] {override.py:1912} INFO - Created Permission View: can read on DAG Run:example_setup_teardown
[2025-09-11T09:49:51.032+0000] {logging_mixin.py:190} INFO - [2025-09-11T09:49:51.032+0000] {override.py:1912} INFO - Created Permission View: can delete on DAG Run:example_setup_teardown
[2025-09-11T09:49:51.048+0000] {logging_mixin.py:190} INFO - [2025-09-11T09:49:51.047+0000] {override.py:1912} INFO - Created Permission View: menu access on DAG Run:example_setup_teardown
[2025-09-11T09:49:51.049+0000] {logging_mixin.py:190} INFO - [2025-09-11T09:49:51.049+0000] {dag.py:3239} INFO - Sync 1 DAGs
[2025-09-11T09:49:51.075+0000] {logging_mixin.py:190} INFO - [2025-09-11T09:49:51.075+0000] {dag.py:3262} INFO - Creating ORM DAG for example_setup_teardown
[2025-09-11T09:49:51.080+0000] {logging_mixin.py:190} INFO - [2025-09-11T09:49:51.080+0000] {dag.py:4180} INFO - Setting next_dagrun for example_setup_teardown to None, run_after=None
[2025-09-11T09:49:51.156+0000] {processor.py:208} INFO - Processing /home/airflow/.local/lib/python3.12/site-packages/airflow/example_dags/example_setup_teardown.py took 0.507 seconds
[2025-09-11T09:50:21.661+0000] {processor.py:186} INFO - Started process (PID=190) to work on /home/airflow/.local/lib/python3.12/site-packages/airflow/example_dags/example_setup_teardown.py
[2025-09-11T09:50:21.664+0000] {processor.py:914} INFO - Processing file /home/airflow/.local/lib/python3.12/site-packages/airflow/example_dags/example_setup_teardown.py for tasks to queue
[2025-09-11T09:50:21.668+0000] {logging_mixin.py:190} INFO - [2025-09-11T09:50:21.668+0000] {dagbag.py:588} INFO - Filling up the DagBag from /home/airflow/.local/lib/python3.12/site-packages/airflow/example_dags/example_setup_teardown.py
[2025-09-11T09:50:21.689+0000] {processor.py:925} INFO - DAG(s) 'example_setup_teardown' retrieved from /home/airflow/.local/lib/python3.12/site-packages/airflow/example_dags/example_setup_teardown.py
[2025-09-11T09:50:21.765+0000] {logging_mixin.py:190} INFO - [2025-09-11T09:50:21.764+0000] {dag.py:3239} INFO - Sync 1 DAGs
[2025-09-11T09:50:21.819+0000] {logging_mixin.py:190} INFO - [2025-09-11T09:50:21.819+0000] {dag.py:4180} INFO - Setting next_dagrun for example_setup_teardown to None, run_after=None
[2025-09-11T09:50:21.902+0000] {processor.py:208} INFO - Processing /home/airflow/.local/lib/python3.12/site-packages/airflow/example_dags/example_setup_teardown.py took 0.253 seconds
[2025-09-11T09:50:52.161+0000] {processor.py:186} INFO - Started process (PID=259) to work on /home/airflow/.local/lib/python3.12/site-packages/airflow/example_dags/example_setup_teardown.py
[2025-09-11T09:50:52.163+0000] {processor.py:914} INFO - Processing file /home/airflow/.local/lib/python3.12/site-packages/airflow/example_dags/example_setup_teardown.py for tasks to queue
[2025-09-11T09:50:52.174+0000] {logging_mixin.py:190} INFO - [2025-09-11T09:50:52.173+0000] {dagbag.py:588} INFO - Filling up the DagBag from /home/airflow/.local/lib/python3.12/site-packages/airflow/example_dags/example_setup_teardown.py
[2025-09-11T09:50:52.203+0000] {processor.py:925} INFO - DAG(s) 'example_setup_teardown' retrieved from /home/airflow/.local/lib/python3.12/site-packages/airflow/example_dags/example_setup_teardown.py
[2025-09-11T09:50:52.261+0000] {logging_mixin.py:190} INFO - [2025-09-11T09:50:52.260+0000] {dag.py:3239} INFO - Sync 1 DAGs
[2025-09-11T09:50:52.320+0000] {logging_mixin.py:190} INFO - [2025-09-11T09:50:52.320+0000] {dag.py:4180} INFO - Setting next_dagrun for example_setup_teardown to None, run_after=None
[2025-09-11T09:50:52.408+0000] {processor.py:208} INFO - Processing /home/airflow/.local/lib/python3.12/site-packages/airflow/example_dags/example_setup_teardown.py took 0.267 seconds
[2025-09-11T09:51:23.076+0000] {processor.py:186} INFO - Started process (PID=325) to work on /home/airflow/.local/lib/python3.12/site-packages/airflow/example_dags/example_setup_teardown.py
[2025-09-11T09:51:23.079+0000] {processor.py:914} INFO - Processing file /home/airflow/.local/lib/python3.12/site-packages/airflow/example_dags/example_setup_teardown.py for tasks to queue
[2025-09-11T09:51:23.085+0000] {logging_mixin.py:190} INFO - [2025-09-11T09:51:23.084+0000] {dagbag.py:588} INFO - Filling up the DagBag from /home/airflow/.local/lib/python3.12/site-packages/airflow/example_dags/example_setup_teardown.py
[2025-09-11T09:51:23.110+0000] {processor.py:925} INFO - DAG(s) 'example_setup_teardown' retrieved from /home/airflow/.local/lib/python3.12/site-packages/airflow/example_dags/example_setup_teardown.py
[2025-09-11T09:51:23.162+0000] {logging_mixin.py:190} INFO - [2025-09-11T09:51:23.161+0000] {dag.py:3239} INFO - Sync 1 DAGs
[2025-09-11T09:51:23.201+0000] {logging_mixin.py:190} INFO - [2025-09-11T09:51:23.200+0000] {dag.py:4180} INFO - Setting next_dagrun for example_setup_teardown to None, run_after=None
[2025-09-11T09:51:23.291+0000] {processor.py:208} INFO - Processing /home/airflow/.local/lib/python3.12/site-packages/airflow/example_dags/example_setup_teardown.py took 0.240 seconds
[2025-09-11T09:51:56.256+0000] {processor.py:186} INFO - Started process (PID=388) to work on /home/airflow/.local/lib/python3.12/site-packages/airflow/example_dags/example_setup_teardown.py
[2025-09-11T09:51:56.259+0000] {processor.py:914} INFO - Processing file /home/airflow/.local/lib/python3.12/site-packages/airflow/example_dags/example_setup_teardown.py for tasks to queue
[2025-09-11T09:51:56.267+0000] {logging_mixin.py:190} INFO - [2025-09-11T09:51:56.266+0000] {dagbag.py:588} INFO - Filling up the DagBag from /home/airflow/.local/lib/python3.12/site-packages/airflow/example_dags/example_setup_teardown.py
[2025-09-11T09:51:56.290+0000] {processor.py:925} INFO - DAG(s) 'example_setup_teardown' retrieved from /home/airflow/.local/lib/python3.12/site-packages/airflow/example_dags/example_setup_teardown.py
[2025-09-11T09:51:56.363+0000] {logging_mixin.py:190} INFO - [2025-09-11T09:51:56.363+0000] {dag.py:3239} INFO - Sync 1 DAGs
[2025-09-11T09:51:56.426+0000] {logging_mixin.py:190} INFO - [2025-09-11T09:51:56.426+0000] {dag.py:4180} INFO - Setting next_dagrun for example_setup_teardown to None, run_after=None
[2025-09-11T09:51:56.485+0000] {processor.py:208} INFO - Processing /home/airflow/.local/lib/python3.12/site-packages/airflow/example_dags/example_setup_teardown.py took 0.244 seconds
[2025-09-11T09:52:27.172+0000] {processor.py:186} INFO - Started process (PID=451) to work on /home/airflow/.local/lib/python3.12/site-packages/airflow/example_dags/example_setup_teardown.py
[2025-09-11T09:52:27.174+0000] {processor.py:914} INFO - Processing file /home/airflow/.local/lib/python3.12/site-packages/airflow/example_dags/example_setup_teardown.py for tasks to queue
[2025-09-11T09:52:27.177+0000] {logging_mixin.py:190} INFO - [2025-09-11T09:52:27.177+0000] {dagbag.py:588} INFO - Filling up the DagBag from /home/airflow/.local/lib/python3.12/site-packages/airflow/example_dags/example_setup_teardown.py
[2025-09-11T09:52:27.189+0000] {processor.py:925} INFO - DAG(s) 'example_setup_teardown' retrieved from /home/airflow/.local/lib/python3.12/site-packages/airflow/example_dags/example_setup_teardown.py
[2025-09-11T09:52:27.219+0000] {logging_mixin.py:190} INFO - [2025-09-11T09:52:27.219+0000] {dag.py:3239} INFO - Sync 1 DAGs
[2025-09-11T09:52:27.240+0000] {logging_mixin.py:190} INFO - [2025-09-11T09:52:27.239+0000] {dag.py:4180} INFO - Setting next_dagrun for example_setup_teardown to None, run_after=None
[2025-09-11T09:52:27.287+0000] {processor.py:208} INFO - Processing /home/airflow/.local/lib/python3.12/site-packages/airflow/example_dags/example_setup_teardown.py took 0.123 seconds
[2025-09-11T09:52:58.499+0000] {processor.py:186} INFO - Started process (PID=514) to work on /home/airflow/.local/lib/python3.12/site-packages/airflow/example_dags/example_setup_teardown.py
[2025-09-11T09:52:58.536+0000] {processor.py:914} INFO - Processing file /home/airflow/.local/lib/python3.12/site-packages/airflow/example_dags/example_setup_teardown.py for tasks to queue
[2025-09-11T09:52:58.568+0000] {logging_mixin.py:190} INFO - [2025-09-11T09:52:58.567+0000] {dagbag.py:588} INFO - Filling up the DagBag from /home/airflow/.local/lib/python3.12/site-packages/airflow/example_dags/example_setup_teardown.py
[2025-09-11T09:52:58.595+0000] {processor.py:925} INFO - DAG(s) 'example_setup_teardown' retrieved from /home/airflow/.local/lib/python3.12/site-packages/airflow/example_dags/example_setup_teardown.py
[2025-09-11T09:52:58.644+0000] {logging_mixin.py:190} INFO - [2025-09-11T09:52:58.644+0000] {dag.py:3239} INFO - Sync 1 DAGs
[2025-09-11T09:52:58.678+0000] {logging_mixin.py:190} INFO - [2025-09-11T09:52:58.677+0000] {dag.py:4180} INFO - Setting next_dagrun for example_setup_teardown to None, run_after=None
[2025-09-11T09:52:58.740+0000] {processor.py:208} INFO - Processing /home/airflow/.local/lib/python3.12/site-packages/airflow/example_dags/example_setup_teardown.py took 0.263 seconds
[2025-09-11T09:53:33.745+0000] {processor.py:186} INFO - Started process (PID=577) to work on /home/airflow/.local/lib/python3.12/site-packages/airflow/example_dags/example_setup_teardown.py
[2025-09-11T09:53:33.770+0000] {processor.py:914} INFO - Processing file /home/airflow/.local/lib/python3.12/site-packages/airflow/example_dags/example_setup_teardown.py for tasks to queue
[2025-09-11T09:53:33.798+0000] {logging_mixin.py:190} INFO - [2025-09-11T09:53:33.797+0000] {dagbag.py:588} INFO - Filling up the DagBag from /home/airflow/.local/lib/python3.12/site-packages/airflow/example_dags/example_setup_teardown.py
[2025-09-11T09:53:33.874+0000] {processor.py:925} INFO - DAG(s) 'example_setup_teardown' retrieved from /home/airflow/.local/lib/python3.12/site-packages/airflow/example_dags/example_setup_teardown.py
[2025-09-11T09:53:33.996+0000] {logging_mixin.py:190} INFO - [2025-09-11T09:53:33.996+0000] {dag.py:3239} INFO - Sync 1 DAGs
[2025-09-11T09:53:34.143+0000] {logging_mixin.py:190} INFO - [2025-09-11T09:53:34.143+0000] {dag.py:4180} INFO - Setting next_dagrun for example_setup_teardown to None, run_after=None
[2025-09-11T09:53:34.280+0000] {processor.py:208} INFO - Processing /home/airflow/.local/lib/python3.12/site-packages/airflow/example_dags/example_setup_teardown.py took 0.569 seconds
[2025-09-11T09:54:06.790+0000] {processor.py:186} INFO - Started process (PID=640) to work on /home/airflow/.local/lib/python3.12/site-packages/airflow/example_dags/example_setup_teardown.py
[2025-09-11T09:54:06.793+0000] {processor.py:914} INFO - Processing file /home/airflow/.local/lib/python3.12/site-packages/airflow/example_dags/example_setup_teardown.py for tasks to queue
[2025-09-11T09:54:06.804+0000] {logging_mixin.py:190} INFO - [2025-09-11T09:54:06.798+0000] {dagbag.py:588} INFO - Filling up the DagBag from /home/airflow/.local/lib/python3.12/site-packages/airflow/example_dags/example_setup_teardown.py
[2025-09-11T09:54:06.829+0000] {processor.py:925} INFO - DAG(s) 'example_setup_teardown' retrieved from /home/airflow/.local/lib/python3.12/site-packages/airflow/example_dags/example_setup_teardown.py
[2025-09-11T09:54:06.887+0000] {logging_mixin.py:190} INFO - [2025-09-11T09:54:06.887+0000] {dag.py:3239} INFO - Sync 1 DAGs
[2025-09-11T09:54:06.952+0000] {logging_mixin.py:190} INFO - [2025-09-11T09:54:06.952+0000] {dag.py:4180} INFO - Setting next_dagrun for example_setup_teardown to None, run_after=None
[2025-09-11T09:54:07.124+0000] {processor.py:208} INFO - Processing /home/airflow/.local/lib/python3.12/site-packages/airflow/example_dags/example_setup_teardown.py took 0.357 seconds
[2025-09-11T09:54:37.585+0000] {processor.py:186} INFO - Started process (PID=702) to work on /home/airflow/.local/lib/python3.12/site-packages/airflow/example_dags/example_setup_teardown.py
[2025-09-11T09:54:37.587+0000] {processor.py:914} INFO - Processing file /home/airflow/.local/lib/python3.12/site-packages/airflow/example_dags/example_setup_teardown.py for tasks to queue
[2025-09-11T09:54:37.592+0000] {logging_mixin.py:190} INFO - [2025-09-11T09:54:37.591+0000] {dagbag.py:588} INFO - Filling up the DagBag from /home/airflow/.local/lib/python3.12/site-packages/airflow/example_dags/example_setup_teardown.py
[2025-09-11T09:54:37.612+0000] {processor.py:925} INFO - DAG(s) 'example_setup_teardown' retrieved from /home/airflow/.local/lib/python3.12/site-packages/airflow/example_dags/example_setup_teardown.py
[2025-09-11T09:54:37.655+0000] {logging_mixin.py:190} INFO - [2025-09-11T09:54:37.655+0000] {dag.py:3239} INFO - Sync 1 DAGs
[2025-09-11T09:54:37.693+0000] {logging_mixin.py:190} INFO - [2025-09-11T09:54:37.692+0000] {dag.py:4180} INFO - Setting next_dagrun for example_setup_teardown to None, run_after=None
[2025-09-11T09:54:37.744+0000] {processor.py:208} INFO - Processing /home/airflow/.local/lib/python3.12/site-packages/airflow/example_dags/example_setup_teardown.py took 0.176 seconds
[2025-09-11T09:55:08.918+0000] {processor.py:186} INFO - Started process (PID=766) to work on /home/airflow/.local/lib/python3.12/site-packages/airflow/example_dags/example_setup_teardown.py
[2025-09-11T09:55:08.919+0000] {processor.py:914} INFO - Processing file /home/airflow/.local/lib/python3.12/site-packages/airflow/example_dags/example_setup_teardown.py for tasks to queue
[2025-09-11T09:55:08.927+0000] {logging_mixin.py:190} INFO - [2025-09-11T09:55:08.926+0000] {dagbag.py:588} INFO - Filling up the DagBag from /home/airflow/.local/lib/python3.12/site-packages/airflow/example_dags/example_setup_teardown.py
[2025-09-11T09:55:08.951+0000] {processor.py:925} INFO - DAG(s) 'example_setup_teardown' retrieved from /home/airflow/.local/lib/python3.12/site-packages/airflow/example_dags/example_setup_teardown.py
[2025-09-11T09:55:09.003+0000] {logging_mixin.py:190} INFO - [2025-09-11T09:55:09.002+0000] {dag.py:3239} INFO - Sync 1 DAGs
[2025-09-11T09:55:09.063+0000] {logging_mixin.py:190} INFO - [2025-09-11T09:55:09.063+0000] {dag.py:4180} INFO - Setting next_dagrun for example_setup_teardown to None, run_after=None
[2025-09-11T09:55:09.117+0000] {processor.py:208} INFO - Processing /home/airflow/.local/lib/python3.12/site-packages/airflow/example_dags/example_setup_teardown.py took 0.214 seconds
[2025-09-11T09:55:39.424+0000] {processor.py:186} INFO - Started process (PID=828) to work on /home/airflow/.local/lib/python3.12/site-packages/airflow/example_dags/example_setup_teardown.py
[2025-09-11T09:55:39.426+0000] {processor.py:914} INFO - Processing file /home/airflow/.local/lib/python3.12/site-packages/airflow/example_dags/example_setup_teardown.py for tasks to queue
[2025-09-11T09:55:39.437+0000] {logging_mixin.py:190} INFO - [2025-09-11T09:55:39.435+0000] {dagbag.py:588} INFO - Filling up the DagBag from /home/airflow/.local/lib/python3.12/site-packages/airflow/example_dags/example_setup_teardown.py
[2025-09-11T09:55:39.463+0000] {processor.py:925} INFO - DAG(s) 'example_setup_teardown' retrieved from /home/airflow/.local/lib/python3.12/site-packages/airflow/example_dags/example_setup_teardown.py
[2025-09-11T09:55:39.518+0000] {logging_mixin.py:190} INFO - [2025-09-11T09:55:39.517+0000] {dag.py:3239} INFO - Sync 1 DAGs
[2025-09-11T09:55:39.559+0000] {logging_mixin.py:190} INFO - [2025-09-11T09:55:39.559+0000] {dag.py:4180} INFO - Setting next_dagrun for example_setup_teardown to None, run_after=None
[2025-09-11T09:55:39.628+0000] {processor.py:208} INFO - Processing /home/airflow/.local/lib/python3.12/site-packages/airflow/example_dags/example_setup_teardown.py took 0.216 seconds
[2025-09-11T09:56:09.913+0000] {processor.py:186} INFO - Started process (PID=890) to work on /home/airflow/.local/lib/python3.12/site-packages/airflow/example_dags/example_setup_teardown.py
[2025-09-11T09:56:09.915+0000] {processor.py:914} INFO - Processing file /home/airflow/.local/lib/python3.12/site-packages/airflow/example_dags/example_setup_teardown.py for tasks to queue
[2025-09-11T09:56:09.918+0000] {logging_mixin.py:190} INFO - [2025-09-11T09:56:09.917+0000] {dagbag.py:588} INFO - Filling up the DagBag from /home/airflow/.local/lib/python3.12/site-packages/airflow/example_dags/example_setup_teardown.py
[2025-09-11T09:56:09.931+0000] {processor.py:925} INFO - DAG(s) 'example_setup_teardown' retrieved from /home/airflow/.local/lib/python3.12/site-packages/airflow/example_dags/example_setup_teardown.py
[2025-09-11T09:56:09.968+0000] {logging_mixin.py:190} INFO - [2025-09-11T09:56:09.968+0000] {dag.py:3239} INFO - Sync 1 DAGs
[2025-09-11T09:56:10.003+0000] {logging_mixin.py:190} INFO - [2025-09-11T09:56:10.002+0000] {dag.py:4180} INFO - Setting next_dagrun for example_setup_teardown to None, run_after=None
[2025-09-11T09:56:10.065+0000] {processor.py:208} INFO - Processing /home/airflow/.local/lib/python3.12/site-packages/airflow/example_dags/example_setup_teardown.py took 0.165 seconds
[2025-09-11T09:56:40.688+0000] {processor.py:186} INFO - Started process (PID=954) to work on /home/airflow/.local/lib/python3.12/site-packages/airflow/example_dags/example_setup_teardown.py
[2025-09-11T09:56:40.689+0000] {processor.py:914} INFO - Processing file /home/airflow/.local/lib/python3.12/site-packages/airflow/example_dags/example_setup_teardown.py for tasks to queue
[2025-09-11T09:56:40.694+0000] {logging_mixin.py:190} INFO - [2025-09-11T09:56:40.693+0000] {dagbag.py:588} INFO - Filling up the DagBag from /home/airflow/.local/lib/python3.12/site-packages/airflow/example_dags/example_setup_teardown.py
[2025-09-11T09:56:40.703+0000] {processor.py:925} INFO - DAG(s) 'example_setup_teardown' retrieved from /home/airflow/.local/lib/python3.12/site-packages/airflow/example_dags/example_setup_teardown.py
[2025-09-11T09:56:40.732+0000] {logging_mixin.py:190} INFO - [2025-09-11T09:56:40.731+0000] {dag.py:3239} INFO - Sync 1 DAGs
[2025-09-11T09:56:40.750+0000] {logging_mixin.py:190} INFO - [2025-09-11T09:56:40.750+0000] {dag.py:4180} INFO - Setting next_dagrun for example_setup_teardown to None, run_after=None
[2025-09-11T09:56:40.784+0000] {processor.py:208} INFO - Processing /home/airflow/.local/lib/python3.12/site-packages/airflow/example_dags/example_setup_teardown.py took 0.104 seconds
[2025-09-11T09:57:11.893+0000] {processor.py:186} INFO - Started process (PID=1017) to work on /home/airflow/.local/lib/python3.12/site-packages/airflow/example_dags/example_setup_teardown.py
[2025-09-11T09:57:11.895+0000] {processor.py:914} INFO - Processing file /home/airflow/.local/lib/python3.12/site-packages/airflow/example_dags/example_setup_teardown.py for tasks to queue
[2025-09-11T09:57:11.900+0000] {logging_mixin.py:190} INFO - [2025-09-11T09:57:11.899+0000] {dagbag.py:588} INFO - Filling up the DagBag from /home/airflow/.local/lib/python3.12/site-packages/airflow/example_dags/example_setup_teardown.py
[2025-09-11T09:57:11.919+0000] {processor.py:925} INFO - DAG(s) 'example_setup_teardown' retrieved from /home/airflow/.local/lib/python3.12/site-packages/airflow/example_dags/example_setup_teardown.py
[2025-09-11T09:57:11.959+0000] {logging_mixin.py:190} INFO - [2025-09-11T09:57:11.958+0000] {dag.py:3239} INFO - Sync 1 DAGs
[2025-09-11T09:57:11.997+0000] {logging_mixin.py:190} INFO - [2025-09-11T09:57:11.997+0000] {dag.py:4180} INFO - Setting next_dagrun for example_setup_teardown to None, run_after=None
[2025-09-11T09:57:12.052+0000] {processor.py:208} INFO - Processing /home/airflow/.local/lib/python3.12/site-packages/airflow/example_dags/example_setup_teardown.py took 0.176 seconds
[2025-09-11T09:57:43.176+0000] {processor.py:186} INFO - Started process (PID=1080) to work on /home/airflow/.local/lib/python3.12/site-packages/airflow/example_dags/example_setup_teardown.py
[2025-09-11T09:57:43.178+0000] {processor.py:914} INFO - Processing file /home/airflow/.local/lib/python3.12/site-packages/airflow/example_dags/example_setup_teardown.py for tasks to queue
[2025-09-11T09:57:43.183+0000] {logging_mixin.py:190} INFO - [2025-09-11T09:57:43.182+0000] {dagbag.py:588} INFO - Filling up the DagBag from /home/airflow/.local/lib/python3.12/site-packages/airflow/example_dags/example_setup_teardown.py
[2025-09-11T09:57:43.200+0000] {processor.py:925} INFO - DAG(s) 'example_setup_teardown' retrieved from /home/airflow/.local/lib/python3.12/site-packages/airflow/example_dags/example_setup_teardown.py
[2025-09-11T09:57:43.246+0000] {logging_mixin.py:190} INFO - [2025-09-11T09:57:43.246+0000] {dag.py:3239} INFO - Sync 1 DAGs
[2025-09-11T09:57:43.277+0000] {logging_mixin.py:190} INFO - [2025-09-11T09:57:43.276+0000] {dag.py:4180} INFO - Setting next_dagrun for example_setup_teardown to None, run_after=None
[2025-09-11T09:57:43.317+0000] {processor.py:208} INFO - Processing /home/airflow/.local/lib/python3.12/site-packages/airflow/example_dags/example_setup_teardown.py took 0.159 seconds
[2025-09-11T09:58:13.866+0000] {processor.py:186} INFO - Started process (PID=1143) to work on /home/airflow/.local/lib/python3.12/site-packages/airflow/example_dags/example_setup_teardown.py
[2025-09-11T09:58:13.868+0000] {processor.py:914} INFO - Processing file /home/airflow/.local/lib/python3.12/site-packages/airflow/example_dags/example_setup_teardown.py for tasks to queue
[2025-09-11T09:58:13.875+0000] {logging_mixin.py:190} INFO - [2025-09-11T09:58:13.874+0000] {dagbag.py:588} INFO - Filling up the DagBag from /home/airflow/.local/lib/python3.12/site-packages/airflow/example_dags/example_setup_teardown.py
[2025-09-11T09:58:13.900+0000] {processor.py:925} INFO - DAG(s) 'example_setup_teardown' retrieved from /home/airflow/.local/lib/python3.12/site-packages/airflow/example_dags/example_setup_teardown.py
[2025-09-11T09:58:13.946+0000] {logging_mixin.py:190} INFO - [2025-09-11T09:58:13.946+0000] {dag.py:3239} INFO - Sync 1 DAGs
[2025-09-11T09:58:13.993+0000] {logging_mixin.py:190} INFO - [2025-09-11T09:58:13.993+0000] {dag.py:4180} INFO - Setting next_dagrun for example_setup_teardown to None, run_after=None
[2025-09-11T09:58:14.040+0000] {processor.py:208} INFO - Processing /home/airflow/.local/lib/python3.12/site-packages/airflow/example_dags/example_setup_teardown.py took 0.189 seconds
[2025-09-11T09:58:45.889+0000] {processor.py:186} INFO - Started process (PID=1209) to work on /home/airflow/.local/lib/python3.12/site-packages/airflow/example_dags/example_setup_teardown.py
[2025-09-11T09:58:45.891+0000] {processor.py:914} INFO - Processing file /home/airflow/.local/lib/python3.12/site-packages/airflow/example_dags/example_setup_teardown.py for tasks to queue
[2025-09-11T09:58:45.898+0000] {logging_mixin.py:190} INFO - [2025-09-11T09:58:45.897+0000] {dagbag.py:588} INFO - Filling up the DagBag from /home/airflow/.local/lib/python3.12/site-packages/airflow/example_dags/example_setup_teardown.py
[2025-09-11T09:58:45.946+0000] {processor.py:925} INFO - DAG(s) 'example_setup_teardown' retrieved from /home/airflow/.local/lib/python3.12/site-packages/airflow/example_dags/example_setup_teardown.py
[2025-09-11T09:58:46.008+0000] {logging_mixin.py:190} INFO - [2025-09-11T09:58:46.007+0000] {dag.py:3239} INFO - Sync 1 DAGs
[2025-09-11T09:58:46.046+0000] {logging_mixin.py:190} INFO - [2025-09-11T09:58:46.046+0000] {dag.py:4180} INFO - Setting next_dagrun for example_setup_teardown to None, run_after=None
[2025-09-11T09:58:46.104+0000] {processor.py:208} INFO - Processing /home/airflow/.local/lib/python3.12/site-packages/airflow/example_dags/example_setup_teardown.py took 0.238 seconds
[2025-09-11T09:59:16.809+0000] {processor.py:186} INFO - Started process (PID=1274) to work on /home/airflow/.local/lib/python3.12/site-packages/airflow/example_dags/example_setup_teardown.py
[2025-09-11T09:59:16.811+0000] {processor.py:914} INFO - Processing file /home/airflow/.local/lib/python3.12/site-packages/airflow/example_dags/example_setup_teardown.py for tasks to queue
[2025-09-11T09:59:16.815+0000] {logging_mixin.py:190} INFO - [2025-09-11T09:59:16.814+0000] {dagbag.py:588} INFO - Filling up the DagBag from /home/airflow/.local/lib/python3.12/site-packages/airflow/example_dags/example_setup_teardown.py
[2025-09-11T09:59:16.828+0000] {processor.py:925} INFO - DAG(s) 'example_setup_teardown' retrieved from /home/airflow/.local/lib/python3.12/site-packages/airflow/example_dags/example_setup_teardown.py
[2025-09-11T09:59:16.859+0000] {logging_mixin.py:190} INFO - [2025-09-11T09:59:16.859+0000] {dag.py:3239} INFO - Sync 1 DAGs
[2025-09-11T09:59:16.898+0000] {logging_mixin.py:190} INFO - [2025-09-11T09:59:16.897+0000] {dag.py:4180} INFO - Setting next_dagrun for example_setup_teardown to None, run_after=None
[2025-09-11T09:59:16.940+0000] {processor.py:208} INFO - Processing /home/airflow/.local/lib/python3.12/site-packages/airflow/example_dags/example_setup_teardown.py took 0.144 seconds
[2025-09-11T09:59:49.681+0000] {processor.py:186} INFO - Started process (PID=1343) to work on /home/airflow/.local/lib/python3.12/site-packages/airflow/example_dags/example_setup_teardown.py
[2025-09-11T09:59:49.686+0000] {processor.py:914} INFO - Processing file /home/airflow/.local/lib/python3.12/site-packages/airflow/example_dags/example_setup_teardown.py for tasks to queue
[2025-09-11T09:59:49.693+0000] {logging_mixin.py:190} INFO - [2025-09-11T09:59:49.692+0000] {dagbag.py:588} INFO - Filling up the DagBag from /home/airflow/.local/lib/python3.12/site-packages/airflow/example_dags/example_setup_teardown.py
[2025-09-11T09:59:49.732+0000] {processor.py:925} INFO - DAG(s) 'example_setup_teardown' retrieved from /home/airflow/.local/lib/python3.12/site-packages/airflow/example_dags/example_setup_teardown.py
[2025-09-11T09:59:49.835+0000] {logging_mixin.py:190} INFO - [2025-09-11T09:59:49.834+0000] {dag.py:3239} INFO - Sync 1 DAGs
[2025-09-11T09:59:49.906+0000] {logging_mixin.py:190} INFO - [2025-09-11T09:59:49.906+0000] {dag.py:4180} INFO - Setting next_dagrun for example_setup_teardown to None, run_after=None
[2025-09-11T09:59:50.015+0000] {processor.py:208} INFO - Processing /home/airflow/.local/lib/python3.12/site-packages/airflow/example_dags/example_setup_teardown.py took 0.350 seconds
[2025-09-11T10:00:20.725+0000] {processor.py:186} INFO - Started process (PID=1406) to work on /home/airflow/.local/lib/python3.12/site-packages/airflow/example_dags/example_setup_teardown.py
[2025-09-11T10:00:20.727+0000] {processor.py:914} INFO - Processing file /home/airflow/.local/lib/python3.12/site-packages/airflow/example_dags/example_setup_teardown.py for tasks to queue
[2025-09-11T10:00:20.731+0000] {logging_mixin.py:190} INFO - [2025-09-11T10:00:20.730+0000] {dagbag.py:588} INFO - Filling up the DagBag from /home/airflow/.local/lib/python3.12/site-packages/airflow/example_dags/example_setup_teardown.py
[2025-09-11T10:00:20.747+0000] {processor.py:925} INFO - DAG(s) 'example_setup_teardown' retrieved from /home/airflow/.local/lib/python3.12/site-packages/airflow/example_dags/example_setup_teardown.py
[2025-09-11T10:00:20.789+0000] {logging_mixin.py:190} INFO - [2025-09-11T10:00:20.789+0000] {dag.py:3239} INFO - Sync 1 DAGs
[2025-09-11T10:00:20.820+0000] {logging_mixin.py:190} INFO - [2025-09-11T10:00:20.820+0000] {dag.py:4180} INFO - Setting next_dagrun for example_setup_teardown to None, run_after=None
[2025-09-11T10:00:20.863+0000] {processor.py:208} INFO - Processing /home/airflow/.local/lib/python3.12/site-packages/airflow/example_dags/example_setup_teardown.py took 0.150 seconds
[2025-09-11T10:00:51.390+0000] {processor.py:186} INFO - Started process (PID=1468) to work on /home/airflow/.local/lib/python3.12/site-packages/airflow/example_dags/example_setup_teardown.py
[2025-09-11T10:00:51.392+0000] {processor.py:914} INFO - Processing file /home/airflow/.local/lib/python3.12/site-packages/airflow/example_dags/example_setup_teardown.py for tasks to queue
[2025-09-11T10:00:51.396+0000] {logging_mixin.py:190} INFO - [2025-09-11T10:00:51.395+0000] {dagbag.py:588} INFO - Filling up the DagBag from /home/airflow/.local/lib/python3.12/site-packages/airflow/example_dags/example_setup_teardown.py
[2025-09-11T10:00:51.423+0000] {processor.py:925} INFO - DAG(s) 'example_setup_teardown' retrieved from /home/airflow/.local/lib/python3.12/site-packages/airflow/example_dags/example_setup_teardown.py
[2025-09-11T10:00:51.475+0000] {logging_mixin.py:190} INFO - [2025-09-11T10:00:51.474+0000] {dag.py:3239} INFO - Sync 1 DAGs
[2025-09-11T10:00:51.522+0000] {logging_mixin.py:190} INFO - [2025-09-11T10:00:51.521+0000] {dag.py:4180} INFO - Setting next_dagrun for example_setup_teardown to None, run_after=None
[2025-09-11T10:00:51.560+0000] {processor.py:208} INFO - Processing /home/airflow/.local/lib/python3.12/site-packages/airflow/example_dags/example_setup_teardown.py took 0.181 seconds
[2025-09-11T10:01:22.132+0000] {processor.py:186} INFO - Started process (PID=1531) to work on /home/airflow/.local/lib/python3.12/site-packages/airflow/example_dags/example_setup_teardown.py
[2025-09-11T10:01:22.134+0000] {processor.py:914} INFO - Processing file /home/airflow/.local/lib/python3.12/site-packages/airflow/example_dags/example_setup_teardown.py for tasks to queue
[2025-09-11T10:01:22.137+0000] {logging_mixin.py:190} INFO - [2025-09-11T10:01:22.137+0000] {dagbag.py:588} INFO - Filling up the DagBag from /home/airflow/.local/lib/python3.12/site-packages/airflow/example_dags/example_setup_teardown.py
[2025-09-11T10:01:22.152+0000] {processor.py:925} INFO - DAG(s) 'example_setup_teardown' retrieved from /home/airflow/.local/lib/python3.12/site-packages/airflow/example_dags/example_setup_teardown.py
[2025-09-11T10:01:22.186+0000] {logging_mixin.py:190} INFO - [2025-09-11T10:01:22.186+0000] {dag.py:3239} INFO - Sync 1 DAGs
[2025-09-11T10:01:22.217+0000] {logging_mixin.py:190} INFO - [2025-09-11T10:01:22.216+0000] {dag.py:4180} INFO - Setting next_dagrun for example_setup_teardown to None, run_after=None
[2025-09-11T10:01:22.255+0000] {processor.py:208} INFO - Processing /home/airflow/.local/lib/python3.12/site-packages/airflow/example_dags/example_setup_teardown.py took 0.135 seconds
[2025-09-11T10:01:53.061+0000] {processor.py:186} INFO - Started process (PID=1594) to work on /home/airflow/.local/lib/python3.12/site-packages/airflow/example_dags/example_setup_teardown.py
[2025-09-11T10:01:53.073+0000] {processor.py:914} INFO - Processing file /home/airflow/.local/lib/python3.12/site-packages/airflow/example_dags/example_setup_teardown.py for tasks to queue
[2025-09-11T10:01:53.080+0000] {logging_mixin.py:190} INFO - [2025-09-11T10:01:53.080+0000] {dagbag.py:588} INFO - Filling up the DagBag from /home/airflow/.local/lib/python3.12/site-packages/airflow/example_dags/example_setup_teardown.py
[2025-09-11T10:01:53.117+0000] {processor.py:925} INFO - DAG(s) 'example_setup_teardown' retrieved from /home/airflow/.local/lib/python3.12/site-packages/airflow/example_dags/example_setup_teardown.py
[2025-09-11T10:01:53.177+0000] {logging_mixin.py:190} INFO - [2025-09-11T10:01:53.174+0000] {dag.py:3239} INFO - Sync 1 DAGs
[2025-09-11T10:01:53.210+0000] {logging_mixin.py:190} INFO - [2025-09-11T10:01:53.210+0000] {dag.py:4180} INFO - Setting next_dagrun for example_setup_teardown to None, run_after=None
[2025-09-11T10:01:53.277+0000] {processor.py:208} INFO - Processing /home/airflow/.local/lib/python3.12/site-packages/airflow/example_dags/example_setup_teardown.py took 0.237 seconds
[2025-09-11T10:02:23.926+0000] {processor.py:186} INFO - Started process (PID=1657) to work on /home/airflow/.local/lib/python3.12/site-packages/airflow/example_dags/example_setup_teardown.py
[2025-09-11T10:02:23.930+0000] {processor.py:914} INFO - Processing file /home/airflow/.local/lib/python3.12/site-packages/airflow/example_dags/example_setup_teardown.py for tasks to queue
[2025-09-11T10:02:23.942+0000] {logging_mixin.py:190} INFO - [2025-09-11T10:02:23.941+0000] {dagbag.py:588} INFO - Filling up the DagBag from /home/airflow/.local/lib/python3.12/site-packages/airflow/example_dags/example_setup_teardown.py
[2025-09-11T10:02:23.978+0000] {processor.py:925} INFO - DAG(s) 'example_setup_teardown' retrieved from /home/airflow/.local/lib/python3.12/site-packages/airflow/example_dags/example_setup_teardown.py
[2025-09-11T10:02:24.050+0000] {logging_mixin.py:190} INFO - [2025-09-11T10:02:24.049+0000] {dag.py:3239} INFO - Sync 1 DAGs
[2025-09-11T10:02:24.128+0000] {logging_mixin.py:190} INFO - [2025-09-11T10:02:24.117+0000] {dag.py:4180} INFO - Setting next_dagrun for example_setup_teardown to None, run_after=None
[2025-09-11T10:02:24.243+0000] {processor.py:208} INFO - Processing /home/airflow/.local/lib/python3.12/site-packages/airflow/example_dags/example_setup_teardown.py took 0.339 seconds
[2025-09-11T10:02:54.962+0000] {processor.py:186} INFO - Started process (PID=1721) to work on /home/airflow/.local/lib/python3.12/site-packages/airflow/example_dags/example_setup_teardown.py
[2025-09-11T10:02:54.968+0000] {processor.py:914} INFO - Processing file /home/airflow/.local/lib/python3.12/site-packages/airflow/example_dags/example_setup_teardown.py for tasks to queue
[2025-09-11T10:02:54.981+0000] {logging_mixin.py:190} INFO - [2025-09-11T10:02:54.980+0000] {dagbag.py:588} INFO - Filling up the DagBag from /home/airflow/.local/lib/python3.12/site-packages/airflow/example_dags/example_setup_teardown.py
[2025-09-11T10:02:55.003+0000] {processor.py:925} INFO - DAG(s) 'example_setup_teardown' retrieved from /home/airflow/.local/lib/python3.12/site-packages/airflow/example_dags/example_setup_teardown.py
[2025-09-11T10:02:55.067+0000] {logging_mixin.py:190} INFO - [2025-09-11T10:02:55.067+0000] {dag.py:3239} INFO - Sync 1 DAGs
[2025-09-11T10:02:55.102+0000] {logging_mixin.py:190} INFO - [2025-09-11T10:02:55.102+0000] {dag.py:4180} INFO - Setting next_dagrun for example_setup_teardown to None, run_after=None
[2025-09-11T10:02:55.147+0000] {processor.py:208} INFO - Processing /home/airflow/.local/lib/python3.12/site-packages/airflow/example_dags/example_setup_teardown.py took 0.205 seconds
[2025-09-11T10:03:25.462+0000] {processor.py:186} INFO - Started process (PID=1785) to work on /home/airflow/.local/lib/python3.12/site-packages/airflow/example_dags/example_setup_teardown.py
[2025-09-11T10:03:25.465+0000] {processor.py:914} INFO - Processing file /home/airflow/.local/lib/python3.12/site-packages/airflow/example_dags/example_setup_teardown.py for tasks to queue
[2025-09-11T10:03:25.478+0000] {logging_mixin.py:190} INFO - [2025-09-11T10:03:25.477+0000] {dagbag.py:588} INFO - Filling up the DagBag from /home/airflow/.local/lib/python3.12/site-packages/airflow/example_dags/example_setup_teardown.py
[2025-09-11T10:03:25.512+0000] {processor.py:925} INFO - DAG(s) 'example_setup_teardown' retrieved from /home/airflow/.local/lib/python3.12/site-packages/airflow/example_dags/example_setup_teardown.py
[2025-09-11T10:03:25.570+0000] {logging_mixin.py:190} INFO - [2025-09-11T10:03:25.570+0000] {dag.py:3239} INFO - Sync 1 DAGs
[2025-09-11T10:03:25.641+0000] {logging_mixin.py:190} INFO - [2025-09-11T10:03:25.640+0000] {dag.py:4180} INFO - Setting next_dagrun for example_setup_teardown to None, run_after=None
[2025-09-11T10:03:25.705+0000] {processor.py:208} INFO - Processing /home/airflow/.local/lib/python3.12/site-packages/airflow/example_dags/example_setup_teardown.py took 0.261 seconds
[2025-09-11T10:03:55.944+0000] {processor.py:186} INFO - Started process (PID=1848) to work on /home/airflow/.local/lib/python3.12/site-packages/airflow/example_dags/example_setup_teardown.py
[2025-09-11T10:03:55.946+0000] {processor.py:914} INFO - Processing file /home/airflow/.local/lib/python3.12/site-packages/airflow/example_dags/example_setup_teardown.py for tasks to queue
[2025-09-11T10:03:55.951+0000] {logging_mixin.py:190} INFO - [2025-09-11T10:03:55.950+0000] {dagbag.py:588} INFO - Filling up the DagBag from /home/airflow/.local/lib/python3.12/site-packages/airflow/example_dags/example_setup_teardown.py
[2025-09-11T10:03:55.968+0000] {processor.py:925} INFO - DAG(s) 'example_setup_teardown' retrieved from /home/airflow/.local/lib/python3.12/site-packages/airflow/example_dags/example_setup_teardown.py
[2025-09-11T10:03:56.006+0000] {logging_mixin.py:190} INFO - [2025-09-11T10:03:56.006+0000] {dag.py:3239} INFO - Sync 1 DAGs
[2025-09-11T10:03:56.041+0000] {logging_mixin.py:190} INFO - [2025-09-11T10:03:56.041+0000] {dag.py:4180} INFO - Setting next_dagrun for example_setup_teardown to None, run_after=None
[2025-09-11T10:03:56.082+0000] {processor.py:208} INFO - Processing /home/airflow/.local/lib/python3.12/site-packages/airflow/example_dags/example_setup_teardown.py took 0.150 seconds
[2025-09-11T10:04:27.195+0000] {processor.py:186} INFO - Started process (PID=1912) to work on /home/airflow/.local/lib/python3.12/site-packages/airflow/example_dags/example_setup_teardown.py
[2025-09-11T10:04:27.197+0000] {processor.py:914} INFO - Processing file /home/airflow/.local/lib/python3.12/site-packages/airflow/example_dags/example_setup_teardown.py for tasks to queue
[2025-09-11T10:04:27.201+0000] {logging_mixin.py:190} INFO - [2025-09-11T10:04:27.200+0000] {dagbag.py:588} INFO - Filling up the DagBag from /home/airflow/.local/lib/python3.12/site-packages/airflow/example_dags/example_setup_teardown.py
[2025-09-11T10:04:27.217+0000] {processor.py:925} INFO - DAG(s) 'example_setup_teardown' retrieved from /home/airflow/.local/lib/python3.12/site-packages/airflow/example_dags/example_setup_teardown.py
[2025-09-11T10:04:27.290+0000] {logging_mixin.py:190} INFO - [2025-09-11T10:04:27.289+0000] {dag.py:3239} INFO - Sync 1 DAGs
[2025-09-11T10:04:27.362+0000] {logging_mixin.py:190} INFO - [2025-09-11T10:04:27.361+0000] {dag.py:4180} INFO - Setting next_dagrun for example_setup_teardown to None, run_after=None
[2025-09-11T10:04:27.413+0000] {processor.py:208} INFO - Processing /home/airflow/.local/lib/python3.12/site-packages/airflow/example_dags/example_setup_teardown.py took 0.232 seconds
