[2025-09-11T09:49:46.494+0000] {processor.py:186} INFO - Started process (PID=114) to work on /home/airflow/.local/lib/python3.12/site-packages/airflow/example_dags/example_complex.py
[2025-09-11T09:49:46.496+0000] {processor.py:914} INFO - Processing file /home/airflow/.local/lib/python3.12/site-packages/airflow/example_dags/example_complex.py for tasks to queue
[2025-09-11T09:49:46.502+0000] {logging_mixin.py:190} INFO - [2025-09-11T09:49:46.501+0000] {dagbag.py:588} INFO - Filling up the DagBag from /home/airflow/.local/lib/python3.12/site-packages/airflow/example_dags/example_complex.py
[2025-09-11T09:49:46.536+0000] {processor.py:925} INFO - DAG(s) 'example_complex' retrieved from /home/airflow/.local/lib/python3.12/site-packages/airflow/example_dags/example_complex.py
[2025-09-11T09:49:46.795+0000] {logging_mixin.py:190} INFO - [2025-09-11T09:49:46.794+0000] {override.py:1912} INFO - Created Permission View: can read on DAG:example_complex
[2025-09-11T09:49:46.810+0000] {logging_mixin.py:190} INFO - [2025-09-11T09:49:46.810+0000] {override.py:1912} INFO - Created Permission View: can edit on DAG:example_complex
[2025-09-11T09:49:46.819+0000] {logging_mixin.py:190} INFO - [2025-09-11T09:49:46.819+0000] {override.py:1912} INFO - Created Permission View: can delete on DAG:example_complex
[2025-09-11T09:49:46.831+0000] {logging_mixin.py:190} INFO - [2025-09-11T09:49:46.830+0000] {override.py:1912} INFO - Created Permission View: can create on DAG Run:example_complex
[2025-09-11T09:49:46.841+0000] {logging_mixin.py:190} INFO - [2025-09-11T09:49:46.841+0000] {override.py:1912} INFO - Created Permission View: can read on DAG Run:example_complex
[2025-09-11T09:49:46.855+0000] {logging_mixin.py:190} INFO - [2025-09-11T09:49:46.854+0000] {override.py:1912} INFO - Created Permission View: can delete on DAG Run:example_complex
[2025-09-11T09:49:46.863+0000] {logging_mixin.py:190} INFO - [2025-09-11T09:49:46.863+0000] {override.py:1912} INFO - Created Permission View: menu access on DAG Run:example_complex
[2025-09-11T09:49:46.864+0000] {logging_mixin.py:190} INFO - [2025-09-11T09:49:46.864+0000] {dag.py:3239} INFO - Sync 1 DAGs
[2025-09-11T09:49:46.887+0000] {logging_mixin.py:190} INFO - [2025-09-11T09:49:46.887+0000] {dag.py:3262} INFO - Creating ORM DAG for example_complex
[2025-09-11T09:49:46.889+0000] {logging_mixin.py:190} INFO - [2025-09-11T09:49:46.888+0000] {dag.py:4180} INFO - Setting next_dagrun for example_complex to None, run_after=None
[2025-09-11T09:49:46.919+0000] {processor.py:208} INFO - Processing /home/airflow/.local/lib/python3.12/site-packages/airflow/example_dags/example_complex.py took 0.438 seconds
[2025-09-11T09:50:18.301+0000] {processor.py:186} INFO - Started process (PID=177) to work on /home/airflow/.local/lib/python3.12/site-packages/airflow/example_dags/example_complex.py
[2025-09-11T09:50:18.303+0000] {processor.py:914} INFO - Processing file /home/airflow/.local/lib/python3.12/site-packages/airflow/example_dags/example_complex.py for tasks to queue
[2025-09-11T09:50:18.316+0000] {logging_mixin.py:190} INFO - [2025-09-11T09:50:18.316+0000] {dagbag.py:588} INFO - Filling up the DagBag from /home/airflow/.local/lib/python3.12/site-packages/airflow/example_dags/example_complex.py
[2025-09-11T09:50:18.379+0000] {processor.py:925} INFO - DAG(s) 'example_complex' retrieved from /home/airflow/.local/lib/python3.12/site-packages/airflow/example_dags/example_complex.py
[2025-09-11T09:50:18.489+0000] {logging_mixin.py:190} INFO - [2025-09-11T09:50:18.489+0000] {dag.py:3239} INFO - Sync 1 DAGs
[2025-09-11T09:50:18.536+0000] {logging_mixin.py:190} INFO - [2025-09-11T09:50:18.530+0000] {dag.py:4180} INFO - Setting next_dagrun for example_complex to None, run_after=None
[2025-09-11T09:50:18.597+0000] {processor.py:208} INFO - Processing /home/airflow/.local/lib/python3.12/site-packages/airflow/example_dags/example_complex.py took 0.317 seconds
[2025-09-11T09:50:48.824+0000] {processor.py:186} INFO - Started process (PID=246) to work on /home/airflow/.local/lib/python3.12/site-packages/airflow/example_dags/example_complex.py
[2025-09-11T09:50:48.826+0000] {processor.py:914} INFO - Processing file /home/airflow/.local/lib/python3.12/site-packages/airflow/example_dags/example_complex.py for tasks to queue
[2025-09-11T09:50:48.830+0000] {logging_mixin.py:190} INFO - [2025-09-11T09:50:48.830+0000] {dagbag.py:588} INFO - Filling up the DagBag from /home/airflow/.local/lib/python3.12/site-packages/airflow/example_dags/example_complex.py
[2025-09-11T09:50:48.853+0000] {processor.py:925} INFO - DAG(s) 'example_complex' retrieved from /home/airflow/.local/lib/python3.12/site-packages/airflow/example_dags/example_complex.py
[2025-09-11T09:50:48.912+0000] {logging_mixin.py:190} INFO - [2025-09-11T09:50:48.911+0000] {dag.py:3239} INFO - Sync 1 DAGs
[2025-09-11T09:50:48.937+0000] {logging_mixin.py:190} INFO - [2025-09-11T09:50:48.937+0000] {dag.py:4180} INFO - Setting next_dagrun for example_complex to None, run_after=None
[2025-09-11T09:50:48.972+0000] {processor.py:208} INFO - Processing /home/airflow/.local/lib/python3.12/site-packages/airflow/example_dags/example_complex.py took 0.158 seconds
[2025-09-11T09:51:19.782+0000] {processor.py:186} INFO - Started process (PID=312) to work on /home/airflow/.local/lib/python3.12/site-packages/airflow/example_dags/example_complex.py
[2025-09-11T09:51:19.786+0000] {processor.py:914} INFO - Processing file /home/airflow/.local/lib/python3.12/site-packages/airflow/example_dags/example_complex.py for tasks to queue
[2025-09-11T09:51:19.790+0000] {logging_mixin.py:190} INFO - [2025-09-11T09:51:19.790+0000] {dagbag.py:588} INFO - Filling up the DagBag from /home/airflow/.local/lib/python3.12/site-packages/airflow/example_dags/example_complex.py
[2025-09-11T09:51:19.828+0000] {processor.py:925} INFO - DAG(s) 'example_complex' retrieved from /home/airflow/.local/lib/python3.12/site-packages/airflow/example_dags/example_complex.py
[2025-09-11T09:51:19.895+0000] {logging_mixin.py:190} INFO - [2025-09-11T09:51:19.894+0000] {dag.py:3239} INFO - Sync 1 DAGs
[2025-09-11T09:51:19.954+0000] {logging_mixin.py:190} INFO - [2025-09-11T09:51:19.954+0000] {dag.py:4180} INFO - Setting next_dagrun for example_complex to None, run_after=None
[2025-09-11T09:51:20.026+0000] {processor.py:208} INFO - Processing /home/airflow/.local/lib/python3.12/site-packages/airflow/example_dags/example_complex.py took 0.259 seconds
[2025-09-11T09:51:50.551+0000] {processor.py:186} INFO - Started process (PID=374) to work on /home/airflow/.local/lib/python3.12/site-packages/airflow/example_dags/example_complex.py
[2025-09-11T09:51:50.556+0000] {processor.py:914} INFO - Processing file /home/airflow/.local/lib/python3.12/site-packages/airflow/example_dags/example_complex.py for tasks to queue
[2025-09-11T09:51:50.568+0000] {logging_mixin.py:190} INFO - [2025-09-11T09:51:50.567+0000] {dagbag.py:588} INFO - Filling up the DagBag from /home/airflow/.local/lib/python3.12/site-packages/airflow/example_dags/example_complex.py
[2025-09-11T09:51:50.627+0000] {processor.py:925} INFO - DAG(s) 'example_complex' retrieved from /home/airflow/.local/lib/python3.12/site-packages/airflow/example_dags/example_complex.py
[2025-09-11T09:51:50.788+0000] {logging_mixin.py:190} INFO - [2025-09-11T09:51:50.787+0000] {dag.py:3239} INFO - Sync 1 DAGs
[2025-09-11T09:51:50.846+0000] {logging_mixin.py:190} INFO - [2025-09-11T09:51:50.845+0000] {dag.py:4180} INFO - Setting next_dagrun for example_complex to None, run_after=None
[2025-09-11T09:51:50.945+0000] {processor.py:208} INFO - Processing /home/airflow/.local/lib/python3.12/site-packages/airflow/example_dags/example_complex.py took 0.420 seconds
[2025-09-11T09:52:21.704+0000] {processor.py:186} INFO - Started process (PID=437) to work on /home/airflow/.local/lib/python3.12/site-packages/airflow/example_dags/example_complex.py
[2025-09-11T09:52:21.706+0000] {processor.py:914} INFO - Processing file /home/airflow/.local/lib/python3.12/site-packages/airflow/example_dags/example_complex.py for tasks to queue
[2025-09-11T09:52:21.710+0000] {logging_mixin.py:190} INFO - [2025-09-11T09:52:21.710+0000] {dagbag.py:588} INFO - Filling up the DagBag from /home/airflow/.local/lib/python3.12/site-packages/airflow/example_dags/example_complex.py
[2025-09-11T09:52:21.732+0000] {processor.py:925} INFO - DAG(s) 'example_complex' retrieved from /home/airflow/.local/lib/python3.12/site-packages/airflow/example_dags/example_complex.py
[2025-09-11T09:52:21.792+0000] {logging_mixin.py:190} INFO - [2025-09-11T09:52:21.791+0000] {dag.py:3239} INFO - Sync 1 DAGs
[2025-09-11T09:52:21.815+0000] {logging_mixin.py:190} INFO - [2025-09-11T09:52:21.814+0000] {dag.py:4180} INFO - Setting next_dagrun for example_complex to None, run_after=None
[2025-09-11T09:52:21.857+0000] {processor.py:208} INFO - Processing /home/airflow/.local/lib/python3.12/site-packages/airflow/example_dags/example_complex.py took 0.169 seconds
[2025-09-11T09:52:52.403+0000] {processor.py:186} INFO - Started process (PID=499) to work on /home/airflow/.local/lib/python3.12/site-packages/airflow/example_dags/example_complex.py
[2025-09-11T09:52:52.408+0000] {processor.py:914} INFO - Processing file /home/airflow/.local/lib/python3.12/site-packages/airflow/example_dags/example_complex.py for tasks to queue
[2025-09-11T09:52:52.422+0000] {logging_mixin.py:190} INFO - [2025-09-11T09:52:52.422+0000] {dagbag.py:588} INFO - Filling up the DagBag from /home/airflow/.local/lib/python3.12/site-packages/airflow/example_dags/example_complex.py
[2025-09-11T09:52:52.469+0000] {processor.py:925} INFO - DAG(s) 'example_complex' retrieved from /home/airflow/.local/lib/python3.12/site-packages/airflow/example_dags/example_complex.py
[2025-09-11T09:52:52.547+0000] {logging_mixin.py:190} INFO - [2025-09-11T09:52:52.547+0000] {dag.py:3239} INFO - Sync 1 DAGs
[2025-09-11T09:52:52.578+0000] {logging_mixin.py:190} INFO - [2025-09-11T09:52:52.578+0000] {dag.py:4180} INFO - Setting next_dagrun for example_complex to None, run_after=None
[2025-09-11T09:52:52.619+0000] {processor.py:208} INFO - Processing /home/airflow/.local/lib/python3.12/site-packages/airflow/example_dags/example_complex.py took 0.236 seconds
[2025-09-11T09:53:22.843+0000] {processor.py:186} INFO - Started process (PID=562) to work on /home/airflow/.local/lib/python3.12/site-packages/airflow/example_dags/example_complex.py
[2025-09-11T09:53:22.845+0000] {processor.py:914} INFO - Processing file /home/airflow/.local/lib/python3.12/site-packages/airflow/example_dags/example_complex.py for tasks to queue
[2025-09-11T09:53:22.849+0000] {logging_mixin.py:190} INFO - [2025-09-11T09:53:22.848+0000] {dagbag.py:588} INFO - Filling up the DagBag from /home/airflow/.local/lib/python3.12/site-packages/airflow/example_dags/example_complex.py
[2025-09-11T09:53:22.871+0000] {processor.py:925} INFO - DAG(s) 'example_complex' retrieved from /home/airflow/.local/lib/python3.12/site-packages/airflow/example_dags/example_complex.py
[2025-09-11T09:53:22.930+0000] {logging_mixin.py:190} INFO - [2025-09-11T09:53:22.930+0000] {dag.py:3239} INFO - Sync 1 DAGs
[2025-09-11T09:53:22.960+0000] {logging_mixin.py:190} INFO - [2025-09-11T09:53:22.959+0000] {dag.py:4180} INFO - Setting next_dagrun for example_complex to None, run_after=None
[2025-09-11T09:53:22.995+0000] {processor.py:208} INFO - Processing /home/airflow/.local/lib/python3.12/site-packages/airflow/example_dags/example_complex.py took 0.165 seconds
[2025-09-11T09:53:58.364+0000] {processor.py:186} INFO - Started process (PID=625) to work on /home/airflow/.local/lib/python3.12/site-packages/airflow/example_dags/example_complex.py
[2025-09-11T09:53:58.385+0000] {processor.py:914} INFO - Processing file /home/airflow/.local/lib/python3.12/site-packages/airflow/example_dags/example_complex.py for tasks to queue
[2025-09-11T09:53:58.402+0000] {logging_mixin.py:190} INFO - [2025-09-11T09:53:58.402+0000] {dagbag.py:588} INFO - Filling up the DagBag from /home/airflow/.local/lib/python3.12/site-packages/airflow/example_dags/example_complex.py
[2025-09-11T09:53:58.450+0000] {processor.py:925} INFO - DAG(s) 'example_complex' retrieved from /home/airflow/.local/lib/python3.12/site-packages/airflow/example_dags/example_complex.py
[2025-09-11T09:53:58.627+0000] {logging_mixin.py:190} INFO - [2025-09-11T09:53:58.626+0000] {dag.py:3239} INFO - Sync 1 DAGs
[2025-09-11T09:53:58.686+0000] {logging_mixin.py:190} INFO - [2025-09-11T09:53:58.685+0000] {dag.py:4180} INFO - Setting next_dagrun for example_complex to None, run_after=None
[2025-09-11T09:53:58.773+0000] {processor.py:208} INFO - Processing /home/airflow/.local/lib/python3.12/site-packages/airflow/example_dags/example_complex.py took 0.445 seconds
[2025-09-11T09:54:29.360+0000] {processor.py:186} INFO - Started process (PID=688) to work on /home/airflow/.local/lib/python3.12/site-packages/airflow/example_dags/example_complex.py
[2025-09-11T09:54:29.362+0000] {processor.py:914} INFO - Processing file /home/airflow/.local/lib/python3.12/site-packages/airflow/example_dags/example_complex.py for tasks to queue
[2025-09-11T09:54:29.373+0000] {logging_mixin.py:190} INFO - [2025-09-11T09:54:29.372+0000] {dagbag.py:588} INFO - Filling up the DagBag from /home/airflow/.local/lib/python3.12/site-packages/airflow/example_dags/example_complex.py
[2025-09-11T09:54:29.412+0000] {processor.py:925} INFO - DAG(s) 'example_complex' retrieved from /home/airflow/.local/lib/python3.12/site-packages/airflow/example_dags/example_complex.py
[2025-09-11T09:54:29.514+0000] {logging_mixin.py:190} INFO - [2025-09-11T09:54:29.514+0000] {dag.py:3239} INFO - Sync 1 DAGs
[2025-09-11T09:54:29.559+0000] {logging_mixin.py:190} INFO - [2025-09-11T09:54:29.559+0000] {dag.py:4180} INFO - Setting next_dagrun for example_complex to None, run_after=None
[2025-09-11T09:54:29.618+0000] {processor.py:208} INFO - Processing /home/airflow/.local/lib/python3.12/site-packages/airflow/example_dags/example_complex.py took 0.272 seconds
[2025-09-11T09:55:00.118+0000] {processor.py:186} INFO - Started process (PID=750) to work on /home/airflow/.local/lib/python3.12/site-packages/airflow/example_dags/example_complex.py
[2025-09-11T09:55:00.122+0000] {processor.py:914} INFO - Processing file /home/airflow/.local/lib/python3.12/site-packages/airflow/example_dags/example_complex.py for tasks to queue
[2025-09-11T09:55:00.127+0000] {logging_mixin.py:190} INFO - [2025-09-11T09:55:00.126+0000] {dagbag.py:588} INFO - Filling up the DagBag from /home/airflow/.local/lib/python3.12/site-packages/airflow/example_dags/example_complex.py
[2025-09-11T09:55:00.160+0000] {processor.py:925} INFO - DAG(s) 'example_complex' retrieved from /home/airflow/.local/lib/python3.12/site-packages/airflow/example_dags/example_complex.py
[2025-09-11T09:55:00.226+0000] {logging_mixin.py:190} INFO - [2025-09-11T09:55:00.225+0000] {dag.py:3239} INFO - Sync 1 DAGs
[2025-09-11T09:55:00.313+0000] {logging_mixin.py:190} INFO - [2025-09-11T09:55:00.313+0000] {dag.py:4180} INFO - Setting next_dagrun for example_complex to None, run_after=None
[2025-09-11T09:55:00.390+0000] {processor.py:208} INFO - Processing /home/airflow/.local/lib/python3.12/site-packages/airflow/example_dags/example_complex.py took 0.287 seconds
[2025-09-11T09:55:30.820+0000] {processor.py:186} INFO - Started process (PID=813) to work on /home/airflow/.local/lib/python3.12/site-packages/airflow/example_dags/example_complex.py
[2025-09-11T09:55:30.822+0000] {processor.py:914} INFO - Processing file /home/airflow/.local/lib/python3.12/site-packages/airflow/example_dags/example_complex.py for tasks to queue
[2025-09-11T09:55:30.828+0000] {logging_mixin.py:190} INFO - [2025-09-11T09:55:30.827+0000] {dagbag.py:588} INFO - Filling up the DagBag from /home/airflow/.local/lib/python3.12/site-packages/airflow/example_dags/example_complex.py
[2025-09-11T09:55:30.852+0000] {processor.py:925} INFO - DAG(s) 'example_complex' retrieved from /home/airflow/.local/lib/python3.12/site-packages/airflow/example_dags/example_complex.py
[2025-09-11T09:55:30.928+0000] {logging_mixin.py:190} INFO - [2025-09-11T09:55:30.927+0000] {dag.py:3239} INFO - Sync 1 DAGs
[2025-09-11T09:55:30.958+0000] {logging_mixin.py:190} INFO - [2025-09-11T09:55:30.957+0000] {dag.py:4180} INFO - Setting next_dagrun for example_complex to None, run_after=None
[2025-09-11T09:55:31.001+0000] {processor.py:208} INFO - Processing /home/airflow/.local/lib/python3.12/site-packages/airflow/example_dags/example_complex.py took 0.194 seconds
[2025-09-11T09:56:01.329+0000] {processor.py:186} INFO - Started process (PID=875) to work on /home/airflow/.local/lib/python3.12/site-packages/airflow/example_dags/example_complex.py
[2025-09-11T09:56:01.331+0000] {processor.py:914} INFO - Processing file /home/airflow/.local/lib/python3.12/site-packages/airflow/example_dags/example_complex.py for tasks to queue
[2025-09-11T09:56:01.335+0000] {logging_mixin.py:190} INFO - [2025-09-11T09:56:01.335+0000] {dagbag.py:588} INFO - Filling up the DagBag from /home/airflow/.local/lib/python3.12/site-packages/airflow/example_dags/example_complex.py
[2025-09-11T09:56:01.361+0000] {processor.py:925} INFO - DAG(s) 'example_complex' retrieved from /home/airflow/.local/lib/python3.12/site-packages/airflow/example_dags/example_complex.py
[2025-09-11T09:56:01.425+0000] {logging_mixin.py:190} INFO - [2025-09-11T09:56:01.425+0000] {dag.py:3239} INFO - Sync 1 DAGs
[2025-09-11T09:56:01.476+0000] {logging_mixin.py:190} INFO - [2025-09-11T09:56:01.476+0000] {dag.py:4180} INFO - Setting next_dagrun for example_complex to None, run_after=None
[2025-09-11T09:56:01.829+0000] {processor.py:208} INFO - Processing /home/airflow/.local/lib/python3.12/site-packages/airflow/example_dags/example_complex.py took 0.236 seconds
[2025-09-11T09:56:32.221+0000] {processor.py:186} INFO - Started process (PID=938) to work on /home/airflow/.local/lib/python3.12/site-packages/airflow/example_dags/example_complex.py
[2025-09-11T09:56:32.222+0000] {processor.py:914} INFO - Processing file /home/airflow/.local/lib/python3.12/site-packages/airflow/example_dags/example_complex.py for tasks to queue
[2025-09-11T09:56:32.237+0000] {logging_mixin.py:190} INFO - [2025-09-11T09:56:32.236+0000] {dagbag.py:588} INFO - Filling up the DagBag from /home/airflow/.local/lib/python3.12/site-packages/airflow/example_dags/example_complex.py
[2025-09-11T09:56:32.289+0000] {processor.py:925} INFO - DAG(s) 'example_complex' retrieved from /home/airflow/.local/lib/python3.12/site-packages/airflow/example_dags/example_complex.py
[2025-09-11T09:56:32.450+0000] {logging_mixin.py:190} INFO - [2025-09-11T09:56:32.450+0000] {dag.py:3239} INFO - Sync 1 DAGs
[2025-09-11T09:56:32.542+0000] {logging_mixin.py:190} INFO - [2025-09-11T09:56:32.542+0000] {dag.py:4180} INFO - Setting next_dagrun for example_complex to None, run_after=None
[2025-09-11T09:56:32.636+0000] {processor.py:208} INFO - Processing /home/airflow/.local/lib/python3.12/site-packages/airflow/example_dags/example_complex.py took 0.444 seconds
[2025-09-11T09:57:03.173+0000] {processor.py:186} INFO - Started process (PID=1001) to work on /home/airflow/.local/lib/python3.12/site-packages/airflow/example_dags/example_complex.py
[2025-09-11T09:57:03.176+0000] {processor.py:914} INFO - Processing file /home/airflow/.local/lib/python3.12/site-packages/airflow/example_dags/example_complex.py for tasks to queue
[2025-09-11T09:57:03.180+0000] {logging_mixin.py:190} INFO - [2025-09-11T09:57:03.180+0000] {dagbag.py:588} INFO - Filling up the DagBag from /home/airflow/.local/lib/python3.12/site-packages/airflow/example_dags/example_complex.py
[2025-09-11T09:57:03.209+0000] {processor.py:925} INFO - DAG(s) 'example_complex' retrieved from /home/airflow/.local/lib/python3.12/site-packages/airflow/example_dags/example_complex.py
[2025-09-11T09:57:03.277+0000] {logging_mixin.py:190} INFO - [2025-09-11T09:57:03.276+0000] {dag.py:3239} INFO - Sync 1 DAGs
[2025-09-11T09:57:03.316+0000] {logging_mixin.py:190} INFO - [2025-09-11T09:57:03.316+0000] {dag.py:4180} INFO - Setting next_dagrun for example_complex to None, run_after=None
[2025-09-11T09:57:03.359+0000] {processor.py:208} INFO - Processing /home/airflow/.local/lib/python3.12/site-packages/airflow/example_dags/example_complex.py took 0.202 seconds
[2025-09-11T09:57:33.520+0000] {processor.py:186} INFO - Started process (PID=1064) to work on /home/airflow/.local/lib/python3.12/site-packages/airflow/example_dags/example_complex.py
[2025-09-11T09:57:33.522+0000] {processor.py:914} INFO - Processing file /home/airflow/.local/lib/python3.12/site-packages/airflow/example_dags/example_complex.py for tasks to queue
[2025-09-11T09:57:33.527+0000] {logging_mixin.py:190} INFO - [2025-09-11T09:57:33.527+0000] {dagbag.py:588} INFO - Filling up the DagBag from /home/airflow/.local/lib/python3.12/site-packages/airflow/example_dags/example_complex.py
[2025-09-11T09:57:33.549+0000] {processor.py:925} INFO - DAG(s) 'example_complex' retrieved from /home/airflow/.local/lib/python3.12/site-packages/airflow/example_dags/example_complex.py
[2025-09-11T09:57:33.647+0000] {logging_mixin.py:190} INFO - [2025-09-11T09:57:33.646+0000] {dag.py:3239} INFO - Sync 1 DAGs
[2025-09-11T09:57:33.687+0000] {logging_mixin.py:190} INFO - [2025-09-11T09:57:33.687+0000] {dag.py:4180} INFO - Setting next_dagrun for example_complex to None, run_after=None
[2025-09-11T09:57:33.741+0000] {processor.py:208} INFO - Processing /home/airflow/.local/lib/python3.12/site-packages/airflow/example_dags/example_complex.py took 0.233 seconds
[2025-09-11T09:58:04.827+0000] {processor.py:186} INFO - Started process (PID=1127) to work on /home/airflow/.local/lib/python3.12/site-packages/airflow/example_dags/example_complex.py
[2025-09-11T09:58:04.831+0000] {processor.py:914} INFO - Processing file /home/airflow/.local/lib/python3.12/site-packages/airflow/example_dags/example_complex.py for tasks to queue
[2025-09-11T09:58:04.836+0000] {logging_mixin.py:190} INFO - [2025-09-11T09:58:04.835+0000] {dagbag.py:588} INFO - Filling up the DagBag from /home/airflow/.local/lib/python3.12/site-packages/airflow/example_dags/example_complex.py
[2025-09-11T09:58:04.902+0000] {processor.py:925} INFO - DAG(s) 'example_complex' retrieved from /home/airflow/.local/lib/python3.12/site-packages/airflow/example_dags/example_complex.py
[2025-09-11T09:58:04.994+0000] {logging_mixin.py:190} INFO - [2025-09-11T09:58:04.993+0000] {dag.py:3239} INFO - Sync 1 DAGs
[2025-09-11T09:58:05.046+0000] {logging_mixin.py:190} INFO - [2025-09-11T09:58:05.045+0000] {dag.py:4180} INFO - Setting next_dagrun for example_complex to None, run_after=None
[2025-09-11T09:58:05.197+0000] {processor.py:208} INFO - Processing /home/airflow/.local/lib/python3.12/site-packages/airflow/example_dags/example_complex.py took 0.394 seconds
[2025-09-11T09:58:36.251+0000] {processor.py:186} INFO - Started process (PID=1190) to work on /home/airflow/.local/lib/python3.12/site-packages/airflow/example_dags/example_complex.py
[2025-09-11T09:58:36.256+0000] {processor.py:914} INFO - Processing file /home/airflow/.local/lib/python3.12/site-packages/airflow/example_dags/example_complex.py for tasks to queue
[2025-09-11T09:58:36.261+0000] {logging_mixin.py:190} INFO - [2025-09-11T09:58:36.260+0000] {dagbag.py:588} INFO - Filling up the DagBag from /home/airflow/.local/lib/python3.12/site-packages/airflow/example_dags/example_complex.py
[2025-09-11T09:58:36.285+0000] {processor.py:925} INFO - DAG(s) 'example_complex' retrieved from /home/airflow/.local/lib/python3.12/site-packages/airflow/example_dags/example_complex.py
[2025-09-11T09:58:36.350+0000] {logging_mixin.py:190} INFO - [2025-09-11T09:58:36.350+0000] {dag.py:3239} INFO - Sync 1 DAGs
[2025-09-11T09:58:36.381+0000] {logging_mixin.py:190} INFO - [2025-09-11T09:58:36.380+0000] {dag.py:4180} INFO - Setting next_dagrun for example_complex to None, run_after=None
[2025-09-11T09:58:36.456+0000] {processor.py:208} INFO - Processing /home/airflow/.local/lib/python3.12/site-packages/airflow/example_dags/example_complex.py took 0.218 seconds
[2025-09-11T09:59:06.619+0000] {processor.py:186} INFO - Started process (PID=1253) to work on /home/airflow/.local/lib/python3.12/site-packages/airflow/example_dags/example_complex.py
[2025-09-11T09:59:06.622+0000] {processor.py:914} INFO - Processing file /home/airflow/.local/lib/python3.12/site-packages/airflow/example_dags/example_complex.py for tasks to queue
[2025-09-11T09:59:06.627+0000] {logging_mixin.py:190} INFO - [2025-09-11T09:59:06.627+0000] {dagbag.py:588} INFO - Filling up the DagBag from /home/airflow/.local/lib/python3.12/site-packages/airflow/example_dags/example_complex.py
[2025-09-11T09:59:06.669+0000] {processor.py:925} INFO - DAG(s) 'example_complex' retrieved from /home/airflow/.local/lib/python3.12/site-packages/airflow/example_dags/example_complex.py
[2025-09-11T09:59:06.808+0000] {logging_mixin.py:190} INFO - [2025-09-11T09:59:06.808+0000] {dag.py:3239} INFO - Sync 1 DAGs
[2025-09-11T09:59:06.879+0000] {logging_mixin.py:190} INFO - [2025-09-11T09:59:06.878+0000] {dag.py:4180} INFO - Setting next_dagrun for example_complex to None, run_after=None
[2025-09-11T09:59:06.955+0000] {processor.py:208} INFO - Processing /home/airflow/.local/lib/python3.12/site-packages/airflow/example_dags/example_complex.py took 0.351 seconds
[2025-09-11T09:59:37.140+0000] {processor.py:186} INFO - Started process (PID=1316) to work on /home/airflow/.local/lib/python3.12/site-packages/airflow/example_dags/example_complex.py
[2025-09-11T09:59:37.142+0000] {processor.py:914} INFO - Processing file /home/airflow/.local/lib/python3.12/site-packages/airflow/example_dags/example_complex.py for tasks to queue
[2025-09-11T09:59:37.146+0000] {logging_mixin.py:190} INFO - [2025-09-11T09:59:37.146+0000] {dagbag.py:588} INFO - Filling up the DagBag from /home/airflow/.local/lib/python3.12/site-packages/airflow/example_dags/example_complex.py
[2025-09-11T09:59:37.180+0000] {processor.py:925} INFO - DAG(s) 'example_complex' retrieved from /home/airflow/.local/lib/python3.12/site-packages/airflow/example_dags/example_complex.py
[2025-09-11T09:59:37.243+0000] {logging_mixin.py:190} INFO - [2025-09-11T09:59:37.242+0000] {dag.py:3239} INFO - Sync 1 DAGs
[2025-09-11T09:59:37.274+0000] {logging_mixin.py:190} INFO - [2025-09-11T09:59:37.274+0000] {dag.py:4180} INFO - Setting next_dagrun for example_complex to None, run_after=None
[2025-09-11T09:59:37.312+0000] {processor.py:208} INFO - Processing /home/airflow/.local/lib/python3.12/site-packages/airflow/example_dags/example_complex.py took 0.182 seconds
[2025-09-11T10:00:07.722+0000] {processor.py:186} INFO - Started process (PID=1379) to work on /home/airflow/.local/lib/python3.12/site-packages/airflow/example_dags/example_complex.py
[2025-09-11T10:00:07.725+0000] {processor.py:914} INFO - Processing file /home/airflow/.local/lib/python3.12/site-packages/airflow/example_dags/example_complex.py for tasks to queue
[2025-09-11T10:00:07.732+0000] {logging_mixin.py:190} INFO - [2025-09-11T10:00:07.732+0000] {dagbag.py:588} INFO - Filling up the DagBag from /home/airflow/.local/lib/python3.12/site-packages/airflow/example_dags/example_complex.py
[2025-09-11T10:00:07.782+0000] {processor.py:925} INFO - DAG(s) 'example_complex' retrieved from /home/airflow/.local/lib/python3.12/site-packages/airflow/example_dags/example_complex.py
[2025-09-11T10:00:07.870+0000] {logging_mixin.py:190} INFO - [2025-09-11T10:00:07.869+0000] {dag.py:3239} INFO - Sync 1 DAGs
[2025-09-11T10:00:07.911+0000] {logging_mixin.py:190} INFO - [2025-09-11T10:00:07.910+0000] {dag.py:4180} INFO - Setting next_dagrun for example_complex to None, run_after=None
[2025-09-11T10:00:07.960+0000] {processor.py:208} INFO - Processing /home/airflow/.local/lib/python3.12/site-packages/airflow/example_dags/example_complex.py took 0.251 seconds
[2025-09-11T10:00:38.335+0000] {processor.py:186} INFO - Started process (PID=1442) to work on /home/airflow/.local/lib/python3.12/site-packages/airflow/example_dags/example_complex.py
[2025-09-11T10:00:38.336+0000] {processor.py:914} INFO - Processing file /home/airflow/.local/lib/python3.12/site-packages/airflow/example_dags/example_complex.py for tasks to queue
[2025-09-11T10:00:38.340+0000] {logging_mixin.py:190} INFO - [2025-09-11T10:00:38.340+0000] {dagbag.py:588} INFO - Filling up the DagBag from /home/airflow/.local/lib/python3.12/site-packages/airflow/example_dags/example_complex.py
[2025-09-11T10:00:38.372+0000] {processor.py:925} INFO - DAG(s) 'example_complex' retrieved from /home/airflow/.local/lib/python3.12/site-packages/airflow/example_dags/example_complex.py
[2025-09-11T10:00:38.436+0000] {logging_mixin.py:190} INFO - [2025-09-11T10:00:38.436+0000] {dag.py:3239} INFO - Sync 1 DAGs
[2025-09-11T10:00:38.476+0000] {logging_mixin.py:190} INFO - [2025-09-11T10:00:38.476+0000] {dag.py:4180} INFO - Setting next_dagrun for example_complex to None, run_after=None
[2025-09-11T10:00:38.555+0000] {processor.py:208} INFO - Processing /home/airflow/.local/lib/python3.12/site-packages/airflow/example_dags/example_complex.py took 0.231 seconds
[2025-09-11T10:01:09.373+0000] {processor.py:186} INFO - Started process (PID=1505) to work on /home/airflow/.local/lib/python3.12/site-packages/airflow/example_dags/example_complex.py
[2025-09-11T10:01:09.377+0000] {processor.py:914} INFO - Processing file /home/airflow/.local/lib/python3.12/site-packages/airflow/example_dags/example_complex.py for tasks to queue
[2025-09-11T10:01:09.389+0000] {logging_mixin.py:190} INFO - [2025-09-11T10:01:09.389+0000] {dagbag.py:588} INFO - Filling up the DagBag from /home/airflow/.local/lib/python3.12/site-packages/airflow/example_dags/example_complex.py
[2025-09-11T10:01:09.428+0000] {processor.py:925} INFO - DAG(s) 'example_complex' retrieved from /home/airflow/.local/lib/python3.12/site-packages/airflow/example_dags/example_complex.py
[2025-09-11T10:01:09.487+0000] {logging_mixin.py:190} INFO - [2025-09-11T10:01:09.487+0000] {dag.py:3239} INFO - Sync 1 DAGs
[2025-09-11T10:01:09.510+0000] {logging_mixin.py:190} INFO - [2025-09-11T10:01:09.510+0000] {dag.py:4180} INFO - Setting next_dagrun for example_complex to None, run_after=None
[2025-09-11T10:01:09.541+0000] {processor.py:208} INFO - Processing /home/airflow/.local/lib/python3.12/site-packages/airflow/example_dags/example_complex.py took 0.202 seconds
[2025-09-11T10:01:40.199+0000] {processor.py:186} INFO - Started process (PID=1568) to work on /home/airflow/.local/lib/python3.12/site-packages/airflow/example_dags/example_complex.py
[2025-09-11T10:01:40.209+0000] {processor.py:914} INFO - Processing file /home/airflow/.local/lib/python3.12/site-packages/airflow/example_dags/example_complex.py for tasks to queue
[2025-09-11T10:01:40.223+0000] {logging_mixin.py:190} INFO - [2025-09-11T10:01:40.222+0000] {dagbag.py:588} INFO - Filling up the DagBag from /home/airflow/.local/lib/python3.12/site-packages/airflow/example_dags/example_complex.py
[2025-09-11T10:01:40.277+0000] {processor.py:925} INFO - DAG(s) 'example_complex' retrieved from /home/airflow/.local/lib/python3.12/site-packages/airflow/example_dags/example_complex.py
[2025-09-11T10:01:40.384+0000] {logging_mixin.py:190} INFO - [2025-09-11T10:01:40.383+0000] {dag.py:3239} INFO - Sync 1 DAGs
[2025-09-11T10:01:40.426+0000] {logging_mixin.py:190} INFO - [2025-09-11T10:01:40.425+0000] {dag.py:4180} INFO - Setting next_dagrun for example_complex to None, run_after=None
[2025-09-11T10:01:40.481+0000] {processor.py:208} INFO - Processing /home/airflow/.local/lib/python3.12/site-packages/airflow/example_dags/example_complex.py took 0.302 seconds
[2025-09-11T10:02:10.839+0000] {processor.py:186} INFO - Started process (PID=1630) to work on /home/airflow/.local/lib/python3.12/site-packages/airflow/example_dags/example_complex.py
[2025-09-11T10:02:10.840+0000] {processor.py:914} INFO - Processing file /home/airflow/.local/lib/python3.12/site-packages/airflow/example_dags/example_complex.py for tasks to queue
[2025-09-11T10:02:10.856+0000] {logging_mixin.py:190} INFO - [2025-09-11T10:02:10.855+0000] {dagbag.py:588} INFO - Filling up the DagBag from /home/airflow/.local/lib/python3.12/site-packages/airflow/example_dags/example_complex.py
[2025-09-11T10:02:10.896+0000] {processor.py:925} INFO - DAG(s) 'example_complex' retrieved from /home/airflow/.local/lib/python3.12/site-packages/airflow/example_dags/example_complex.py
[2025-09-11T10:02:11.029+0000] {logging_mixin.py:190} INFO - [2025-09-11T10:02:11.029+0000] {dag.py:3239} INFO - Sync 1 DAGs
[2025-09-11T10:02:11.105+0000] {logging_mixin.py:190} INFO - [2025-09-11T10:02:11.105+0000] {dag.py:4180} INFO - Setting next_dagrun for example_complex to None, run_after=None
[2025-09-11T10:02:11.233+0000] {processor.py:208} INFO - Processing /home/airflow/.local/lib/python3.12/site-packages/airflow/example_dags/example_complex.py took 0.418 seconds
[2025-09-11T10:02:41.657+0000] {processor.py:186} INFO - Started process (PID=1693) to work on /home/airflow/.local/lib/python3.12/site-packages/airflow/example_dags/example_complex.py
[2025-09-11T10:02:41.659+0000] {processor.py:914} INFO - Processing file /home/airflow/.local/lib/python3.12/site-packages/airflow/example_dags/example_complex.py for tasks to queue
[2025-09-11T10:02:41.671+0000] {logging_mixin.py:190} INFO - [2025-09-11T10:02:41.670+0000] {dagbag.py:588} INFO - Filling up the DagBag from /home/airflow/.local/lib/python3.12/site-packages/airflow/example_dags/example_complex.py
[2025-09-11T10:02:41.706+0000] {processor.py:925} INFO - DAG(s) 'example_complex' retrieved from /home/airflow/.local/lib/python3.12/site-packages/airflow/example_dags/example_complex.py
[2025-09-11T10:02:41.787+0000] {logging_mixin.py:190} INFO - [2025-09-11T10:02:41.787+0000] {dag.py:3239} INFO - Sync 1 DAGs
[2025-09-11T10:02:41.829+0000] {logging_mixin.py:190} INFO - [2025-09-11T10:02:41.828+0000] {dag.py:4180} INFO - Setting next_dagrun for example_complex to None, run_after=None
[2025-09-11T10:02:41.878+0000] {processor.py:208} INFO - Processing /home/airflow/.local/lib/python3.12/site-packages/airflow/example_dags/example_complex.py took 0.239 seconds
[2025-09-11T10:03:12.056+0000] {processor.py:186} INFO - Started process (PID=1755) to work on /home/airflow/.local/lib/python3.12/site-packages/airflow/example_dags/example_complex.py
[2025-09-11T10:03:12.058+0000] {processor.py:914} INFO - Processing file /home/airflow/.local/lib/python3.12/site-packages/airflow/example_dags/example_complex.py for tasks to queue
[2025-09-11T10:03:12.061+0000] {logging_mixin.py:190} INFO - [2025-09-11T10:03:12.061+0000] {dagbag.py:588} INFO - Filling up the DagBag from /home/airflow/.local/lib/python3.12/site-packages/airflow/example_dags/example_complex.py
[2025-09-11T10:03:12.081+0000] {processor.py:925} INFO - DAG(s) 'example_complex' retrieved from /home/airflow/.local/lib/python3.12/site-packages/airflow/example_dags/example_complex.py
[2025-09-11T10:03:12.159+0000] {logging_mixin.py:190} INFO - [2025-09-11T10:03:12.158+0000] {dag.py:3239} INFO - Sync 1 DAGs
[2025-09-11T10:03:12.215+0000] {logging_mixin.py:190} INFO - [2025-09-11T10:03:12.214+0000] {dag.py:4180} INFO - Setting next_dagrun for example_complex to None, run_after=None
[2025-09-11T10:03:12.271+0000] {processor.py:208} INFO - Processing /home/airflow/.local/lib/python3.12/site-packages/airflow/example_dags/example_complex.py took 0.227 seconds
[2025-09-11T10:03:43.000+0000] {processor.py:186} INFO - Started process (PID=1819) to work on /home/airflow/.local/lib/python3.12/site-packages/airflow/example_dags/example_complex.py
[2025-09-11T10:03:43.013+0000] {processor.py:914} INFO - Processing file /home/airflow/.local/lib/python3.12/site-packages/airflow/example_dags/example_complex.py for tasks to queue
[2025-09-11T10:03:43.028+0000] {logging_mixin.py:190} INFO - [2025-09-11T10:03:43.027+0000] {dagbag.py:588} INFO - Filling up the DagBag from /home/airflow/.local/lib/python3.12/site-packages/airflow/example_dags/example_complex.py
[2025-09-11T10:03:43.091+0000] {processor.py:925} INFO - DAG(s) 'example_complex' retrieved from /home/airflow/.local/lib/python3.12/site-packages/airflow/example_dags/example_complex.py
[2025-09-11T10:03:43.208+0000] {logging_mixin.py:190} INFO - [2025-09-11T10:03:43.207+0000] {dag.py:3239} INFO - Sync 1 DAGs
[2025-09-11T10:03:43.286+0000] {logging_mixin.py:190} INFO - [2025-09-11T10:03:43.285+0000] {dag.py:4180} INFO - Setting next_dagrun for example_complex to None, run_after=None
[2025-09-11T10:03:43.360+0000] {processor.py:208} INFO - Processing /home/airflow/.local/lib/python3.12/site-packages/airflow/example_dags/example_complex.py took 0.390 seconds
[2025-09-11T10:04:14.131+0000] {processor.py:186} INFO - Started process (PID=1882) to work on /home/airflow/.local/lib/python3.12/site-packages/airflow/example_dags/example_complex.py
[2025-09-11T10:04:14.138+0000] {processor.py:914} INFO - Processing file /home/airflow/.local/lib/python3.12/site-packages/airflow/example_dags/example_complex.py for tasks to queue
[2025-09-11T10:04:14.142+0000] {logging_mixin.py:190} INFO - [2025-09-11T10:04:14.142+0000] {dagbag.py:588} INFO - Filling up the DagBag from /home/airflow/.local/lib/python3.12/site-packages/airflow/example_dags/example_complex.py
[2025-09-11T10:04:14.209+0000] {processor.py:925} INFO - DAG(s) 'example_complex' retrieved from /home/airflow/.local/lib/python3.12/site-packages/airflow/example_dags/example_complex.py
[2025-09-11T10:04:14.330+0000] {logging_mixin.py:190} INFO - [2025-09-11T10:04:14.330+0000] {dag.py:3239} INFO - Sync 1 DAGs
[2025-09-11T10:04:14.401+0000] {logging_mixin.py:190} INFO - [2025-09-11T10:04:14.401+0000] {dag.py:4180} INFO - Setting next_dagrun for example_complex to None, run_after=None
[2025-09-11T10:04:14.480+0000] {processor.py:208} INFO - Processing /home/airflow/.local/lib/python3.12/site-packages/airflow/example_dags/example_complex.py took 0.363 seconds
[2025-09-11T10:04:45.283+0000] {processor.py:186} INFO - Started process (PID=1945) to work on /home/airflow/.local/lib/python3.12/site-packages/airflow/example_dags/example_complex.py
[2025-09-11T10:04:45.284+0000] {processor.py:914} INFO - Processing file /home/airflow/.local/lib/python3.12/site-packages/airflow/example_dags/example_complex.py for tasks to queue
[2025-09-11T10:04:45.296+0000] {logging_mixin.py:190} INFO - [2025-09-11T10:04:45.295+0000] {dagbag.py:588} INFO - Filling up the DagBag from /home/airflow/.local/lib/python3.12/site-packages/airflow/example_dags/example_complex.py
[2025-09-11T10:04:45.323+0000] {processor.py:925} INFO - DAG(s) 'example_complex' retrieved from /home/airflow/.local/lib/python3.12/site-packages/airflow/example_dags/example_complex.py
[2025-09-11T10:04:45.403+0000] {logging_mixin.py:190} INFO - [2025-09-11T10:04:45.403+0000] {dag.py:3239} INFO - Sync 1 DAGs
[2025-09-11T10:04:45.429+0000] {logging_mixin.py:190} INFO - [2025-09-11T10:04:45.429+0000] {dag.py:4180} INFO - Setting next_dagrun for example_complex to None, run_after=None
[2025-09-11T10:04:45.464+0000] {processor.py:208} INFO - Processing /home/airflow/.local/lib/python3.12/site-packages/airflow/example_dags/example_complex.py took 0.192 seconds
