[2025-09-11T09:49:45.798+0000] {processor.py:186} INFO - Started process (PID=112) to work on /home/airflow/.local/lib/python3.12/site-packages/airflow/example_dags/example_task_group_decorator.py
[2025-09-11T09:49:45.800+0000] {processor.py:914} INFO - Processing file /home/airflow/.local/lib/python3.12/site-packages/airflow/example_dags/example_task_group_decorator.py for tasks to queue
[2025-09-11T09:49:45.807+0000] {logging_mixin.py:190} INFO - [2025-09-11T09:49:45.806+0000] {dagbag.py:588} INFO - Filling up the DagBag from /home/airflow/.local/lib/python3.12/site-packages/airflow/example_dags/example_task_group_decorator.py
[2025-09-11T09:49:45.855+0000] {processor.py:925} INFO - DAG(s) 'example_task_group_decorator' retrieved from /home/airflow/.local/lib/python3.12/site-packages/airflow/example_dags/example_task_group_decorator.py
[2025-09-11T09:49:46.232+0000] {logging_mixin.py:190} INFO - [2025-09-11T09:49:46.231+0000] {override.py:1912} INFO - Created Permission View: can read on DAG:example_task_group_decorator
[2025-09-11T09:49:46.259+0000] {logging_mixin.py:190} INFO - [2025-09-11T09:49:46.258+0000] {override.py:1912} INFO - Created Permission View: can edit on DAG:example_task_group_decorator
[2025-09-11T09:49:46.279+0000] {logging_mixin.py:190} INFO - [2025-09-11T09:49:46.279+0000] {override.py:1912} INFO - Created Permission View: can delete on DAG:example_task_group_decorator
[2025-09-11T09:49:46.299+0000] {logging_mixin.py:190} INFO - [2025-09-11T09:49:46.298+0000] {override.py:1912} INFO - Created Permission View: can create on DAG Run:example_task_group_decorator
[2025-09-11T09:49:46.315+0000] {logging_mixin.py:190} INFO - [2025-09-11T09:49:46.314+0000] {override.py:1912} INFO - Created Permission View: can read on DAG Run:example_task_group_decorator
[2025-09-11T09:49:46.328+0000] {logging_mixin.py:190} INFO - [2025-09-11T09:49:46.327+0000] {override.py:1912} INFO - Created Permission View: can delete on DAG Run:example_task_group_decorator
[2025-09-11T09:49:46.339+0000] {logging_mixin.py:190} INFO - [2025-09-11T09:49:46.339+0000] {override.py:1912} INFO - Created Permission View: menu access on DAG Run:example_task_group_decorator
[2025-09-11T09:49:46.340+0000] {logging_mixin.py:190} INFO - [2025-09-11T09:49:46.340+0000] {dag.py:3239} INFO - Sync 1 DAGs
[2025-09-11T09:49:46.363+0000] {logging_mixin.py:190} INFO - [2025-09-11T09:49:46.362+0000] {dag.py:3262} INFO - Creating ORM DAG for example_task_group_decorator
[2025-09-11T09:49:46.364+0000] {logging_mixin.py:190} INFO - [2025-09-11T09:49:46.364+0000] {dag.py:4180} INFO - Setting next_dagrun for example_task_group_decorator to None, run_after=None
[2025-09-11T09:49:46.402+0000] {processor.py:208} INFO - Processing /home/airflow/.local/lib/python3.12/site-packages/airflow/example_dags/example_task_group_decorator.py took 0.623 seconds
[2025-09-11T09:50:17.755+0000] {processor.py:186} INFO - Started process (PID=176) to work on /home/airflow/.local/lib/python3.12/site-packages/airflow/example_dags/example_task_group_decorator.py
[2025-09-11T09:50:17.795+0000] {processor.py:914} INFO - Processing file /home/airflow/.local/lib/python3.12/site-packages/airflow/example_dags/example_task_group_decorator.py for tasks to queue
[2025-09-11T09:50:17.801+0000] {logging_mixin.py:190} INFO - [2025-09-11T09:50:17.800+0000] {dagbag.py:588} INFO - Filling up the DagBag from /home/airflow/.local/lib/python3.12/site-packages/airflow/example_dags/example_task_group_decorator.py
[2025-09-11T09:50:17.894+0000] {processor.py:925} INFO - DAG(s) 'example_task_group_decorator' retrieved from /home/airflow/.local/lib/python3.12/site-packages/airflow/example_dags/example_task_group_decorator.py
[2025-09-11T09:50:18.018+0000] {logging_mixin.py:190} INFO - [2025-09-11T09:50:18.018+0000] {dag.py:3239} INFO - Sync 1 DAGs
[2025-09-11T09:50:18.081+0000] {logging_mixin.py:190} INFO - [2025-09-11T09:50:18.081+0000] {dag.py:4180} INFO - Setting next_dagrun for example_task_group_decorator to None, run_after=None
[2025-09-11T09:50:18.165+0000] {processor.py:208} INFO - Processing /home/airflow/.local/lib/python3.12/site-packages/airflow/example_dags/example_task_group_decorator.py took 0.426 seconds
[2025-09-11T09:50:48.520+0000] {processor.py:186} INFO - Started process (PID=244) to work on /home/airflow/.local/lib/python3.12/site-packages/airflow/example_dags/example_task_group_decorator.py
[2025-09-11T09:50:48.522+0000] {processor.py:914} INFO - Processing file /home/airflow/.local/lib/python3.12/site-packages/airflow/example_dags/example_task_group_decorator.py for tasks to queue
[2025-09-11T09:50:48.527+0000] {logging_mixin.py:190} INFO - [2025-09-11T09:50:48.527+0000] {dagbag.py:588} INFO - Filling up the DagBag from /home/airflow/.local/lib/python3.12/site-packages/airflow/example_dags/example_task_group_decorator.py
[2025-09-11T09:50:48.558+0000] {processor.py:925} INFO - DAG(s) 'example_task_group_decorator' retrieved from /home/airflow/.local/lib/python3.12/site-packages/airflow/example_dags/example_task_group_decorator.py
[2025-09-11T09:50:48.604+0000] {logging_mixin.py:190} INFO - [2025-09-11T09:50:48.603+0000] {dag.py:3239} INFO - Sync 1 DAGs
[2025-09-11T09:50:48.631+0000] {logging_mixin.py:190} INFO - [2025-09-11T09:50:48.631+0000] {dag.py:4180} INFO - Setting next_dagrun for example_task_group_decorator to None, run_after=None
[2025-09-11T09:50:48.672+0000] {processor.py:208} INFO - Processing /home/airflow/.local/lib/python3.12/site-packages/airflow/example_dags/example_task_group_decorator.py took 0.167 seconds
[2025-09-11T09:51:19.215+0000] {processor.py:186} INFO - Started process (PID=310) to work on /home/airflow/.local/lib/python3.12/site-packages/airflow/example_dags/example_task_group_decorator.py
[2025-09-11T09:51:19.218+0000] {processor.py:914} INFO - Processing file /home/airflow/.local/lib/python3.12/site-packages/airflow/example_dags/example_task_group_decorator.py for tasks to queue
[2025-09-11T09:51:19.224+0000] {logging_mixin.py:190} INFO - [2025-09-11T09:51:19.223+0000] {dagbag.py:588} INFO - Filling up the DagBag from /home/airflow/.local/lib/python3.12/site-packages/airflow/example_dags/example_task_group_decorator.py
[2025-09-11T09:51:19.279+0000] {processor.py:925} INFO - DAG(s) 'example_task_group_decorator' retrieved from /home/airflow/.local/lib/python3.12/site-packages/airflow/example_dags/example_task_group_decorator.py
[2025-09-11T09:51:19.358+0000] {logging_mixin.py:190} INFO - [2025-09-11T09:51:19.357+0000] {dag.py:3239} INFO - Sync 1 DAGs
[2025-09-11T09:51:19.391+0000] {logging_mixin.py:190} INFO - [2025-09-11T09:51:19.390+0000] {dag.py:4180} INFO - Setting next_dagrun for example_task_group_decorator to None, run_after=None
[2025-09-11T09:51:19.453+0000] {processor.py:208} INFO - Processing /home/airflow/.local/lib/python3.12/site-packages/airflow/example_dags/example_task_group_decorator.py took 0.248 seconds
[2025-09-11T09:51:49.704+0000] {processor.py:186} INFO - Started process (PID=372) to work on /home/airflow/.local/lib/python3.12/site-packages/airflow/example_dags/example_task_group_decorator.py
[2025-09-11T09:51:49.707+0000] {processor.py:914} INFO - Processing file /home/airflow/.local/lib/python3.12/site-packages/airflow/example_dags/example_task_group_decorator.py for tasks to queue
[2025-09-11T09:51:49.712+0000] {logging_mixin.py:190} INFO - [2025-09-11T09:51:49.711+0000] {dagbag.py:588} INFO - Filling up the DagBag from /home/airflow/.local/lib/python3.12/site-packages/airflow/example_dags/example_task_group_decorator.py
[2025-09-11T09:51:49.748+0000] {processor.py:925} INFO - DAG(s) 'example_task_group_decorator' retrieved from /home/airflow/.local/lib/python3.12/site-packages/airflow/example_dags/example_task_group_decorator.py
[2025-09-11T09:51:49.803+0000] {logging_mixin.py:190} INFO - [2025-09-11T09:51:49.802+0000] {dag.py:3239} INFO - Sync 1 DAGs
[2025-09-11T09:51:49.834+0000] {logging_mixin.py:190} INFO - [2025-09-11T09:51:49.833+0000] {dag.py:4180} INFO - Setting next_dagrun for example_task_group_decorator to None, run_after=None
[2025-09-11T09:51:49.883+0000] {processor.py:208} INFO - Processing /home/airflow/.local/lib/python3.12/site-packages/airflow/example_dags/example_task_group_decorator.py took 0.195 seconds
[2025-09-11T09:52:20.425+0000] {processor.py:186} INFO - Started process (PID=434) to work on /home/airflow/.local/lib/python3.12/site-packages/airflow/example_dags/example_task_group_decorator.py
[2025-09-11T09:52:20.427+0000] {processor.py:914} INFO - Processing file /home/airflow/.local/lib/python3.12/site-packages/airflow/example_dags/example_task_group_decorator.py for tasks to queue
[2025-09-11T09:52:20.431+0000] {logging_mixin.py:190} INFO - [2025-09-11T09:52:20.430+0000] {dagbag.py:588} INFO - Filling up the DagBag from /home/airflow/.local/lib/python3.12/site-packages/airflow/example_dags/example_task_group_decorator.py
[2025-09-11T09:52:20.464+0000] {processor.py:925} INFO - DAG(s) 'example_task_group_decorator' retrieved from /home/airflow/.local/lib/python3.12/site-packages/airflow/example_dags/example_task_group_decorator.py
[2025-09-11T09:52:20.507+0000] {logging_mixin.py:190} INFO - [2025-09-11T09:52:20.506+0000] {dag.py:3239} INFO - Sync 1 DAGs
[2025-09-11T09:52:20.530+0000] {logging_mixin.py:190} INFO - [2025-09-11T09:52:20.529+0000] {dag.py:4180} INFO - Setting next_dagrun for example_task_group_decorator to None, run_after=None
[2025-09-11T09:52:20.568+0000] {processor.py:208} INFO - Processing /home/airflow/.local/lib/python3.12/site-packages/airflow/example_dags/example_task_group_decorator.py took 0.152 seconds
[2025-09-11T09:52:50.990+0000] {processor.py:186} INFO - Started process (PID=497) to work on /home/airflow/.local/lib/python3.12/site-packages/airflow/example_dags/example_task_group_decorator.py
[2025-09-11T09:52:50.991+0000] {processor.py:914} INFO - Processing file /home/airflow/.local/lib/python3.12/site-packages/airflow/example_dags/example_task_group_decorator.py for tasks to queue
[2025-09-11T09:52:51.000+0000] {logging_mixin.py:190} INFO - [2025-09-11T09:52:50.999+0000] {dagbag.py:588} INFO - Filling up the DagBag from /home/airflow/.local/lib/python3.12/site-packages/airflow/example_dags/example_task_group_decorator.py
[2025-09-11T09:52:51.035+0000] {processor.py:925} INFO - DAG(s) 'example_task_group_decorator' retrieved from /home/airflow/.local/lib/python3.12/site-packages/airflow/example_dags/example_task_group_decorator.py
[2025-09-11T09:52:51.086+0000] {logging_mixin.py:190} INFO - [2025-09-11T09:52:51.085+0000] {dag.py:3239} INFO - Sync 1 DAGs
[2025-09-11T09:52:51.115+0000] {logging_mixin.py:190} INFO - [2025-09-11T09:52:51.115+0000] {dag.py:4180} INFO - Setting next_dagrun for example_task_group_decorator to None, run_after=None
[2025-09-11T09:52:51.153+0000] {processor.py:208} INFO - Processing /home/airflow/.local/lib/python3.12/site-packages/airflow/example_dags/example_task_group_decorator.py took 0.175 seconds
[2025-09-11T09:53:21.806+0000] {processor.py:186} INFO - Started process (PID=560) to work on /home/airflow/.local/lib/python3.12/site-packages/airflow/example_dags/example_task_group_decorator.py
[2025-09-11T09:53:21.809+0000] {processor.py:914} INFO - Processing file /home/airflow/.local/lib/python3.12/site-packages/airflow/example_dags/example_task_group_decorator.py for tasks to queue
[2025-09-11T09:53:21.816+0000] {logging_mixin.py:190} INFO - [2025-09-11T09:53:21.815+0000] {dagbag.py:588} INFO - Filling up the DagBag from /home/airflow/.local/lib/python3.12/site-packages/airflow/example_dags/example_task_group_decorator.py
[2025-09-11T09:53:21.856+0000] {processor.py:925} INFO - DAG(s) 'example_task_group_decorator' retrieved from /home/airflow/.local/lib/python3.12/site-packages/airflow/example_dags/example_task_group_decorator.py
[2025-09-11T09:53:21.925+0000] {logging_mixin.py:190} INFO - [2025-09-11T09:53:21.924+0000] {dag.py:3239} INFO - Sync 1 DAGs
[2025-09-11T09:53:21.982+0000] {logging_mixin.py:190} INFO - [2025-09-11T09:53:21.981+0000] {dag.py:4180} INFO - Setting next_dagrun for example_task_group_decorator to None, run_after=None
[2025-09-11T09:53:22.037+0000] {processor.py:208} INFO - Processing /home/airflow/.local/lib/python3.12/site-packages/airflow/example_dags/example_task_group_decorator.py took 0.248 seconds
[2025-09-11T09:53:57.306+0000] {processor.py:186} INFO - Started process (PID=623) to work on /home/airflow/.local/lib/python3.12/site-packages/airflow/example_dags/example_task_group_decorator.py
[2025-09-11T09:53:57.308+0000] {processor.py:914} INFO - Processing file /home/airflow/.local/lib/python3.12/site-packages/airflow/example_dags/example_task_group_decorator.py for tasks to queue
[2025-09-11T09:53:57.319+0000] {logging_mixin.py:190} INFO - [2025-09-11T09:53:57.319+0000] {dagbag.py:588} INFO - Filling up the DagBag from /home/airflow/.local/lib/python3.12/site-packages/airflow/example_dags/example_task_group_decorator.py
[2025-09-11T09:53:57.396+0000] {processor.py:925} INFO - DAG(s) 'example_task_group_decorator' retrieved from /home/airflow/.local/lib/python3.12/site-packages/airflow/example_dags/example_task_group_decorator.py
[2025-09-11T09:53:57.527+0000] {logging_mixin.py:190} INFO - [2025-09-11T09:53:57.526+0000] {dag.py:3239} INFO - Sync 1 DAGs
[2025-09-11T09:53:57.725+0000] {logging_mixin.py:190} INFO - [2025-09-11T09:53:57.725+0000] {dag.py:4180} INFO - Setting next_dagrun for example_task_group_decorator to None, run_after=None
[2025-09-11T09:53:57.860+0000] {processor.py:208} INFO - Processing /home/airflow/.local/lib/python3.12/site-packages/airflow/example_dags/example_task_group_decorator.py took 0.579 seconds
[2025-09-11T09:54:28.520+0000] {processor.py:186} INFO - Started process (PID=686) to work on /home/airflow/.local/lib/python3.12/site-packages/airflow/example_dags/example_task_group_decorator.py
[2025-09-11T09:54:28.522+0000] {processor.py:914} INFO - Processing file /home/airflow/.local/lib/python3.12/site-packages/airflow/example_dags/example_task_group_decorator.py for tasks to queue
[2025-09-11T09:54:28.538+0000] {logging_mixin.py:190} INFO - [2025-09-11T09:54:28.537+0000] {dagbag.py:588} INFO - Filling up the DagBag from /home/airflow/.local/lib/python3.12/site-packages/airflow/example_dags/example_task_group_decorator.py
[2025-09-11T09:54:28.603+0000] {processor.py:925} INFO - DAG(s) 'example_task_group_decorator' retrieved from /home/airflow/.local/lib/python3.12/site-packages/airflow/example_dags/example_task_group_decorator.py
[2025-09-11T09:54:28.698+0000] {logging_mixin.py:190} INFO - [2025-09-11T09:54:28.697+0000] {dag.py:3239} INFO - Sync 1 DAGs
[2025-09-11T09:54:28.743+0000] {logging_mixin.py:190} INFO - [2025-09-11T09:54:28.743+0000] {dag.py:4180} INFO - Setting next_dagrun for example_task_group_decorator to None, run_after=None
[2025-09-11T09:54:28.800+0000] {processor.py:208} INFO - Processing /home/airflow/.local/lib/python3.12/site-packages/airflow/example_dags/example_task_group_decorator.py took 0.300 seconds
[2025-09-11T09:54:59.154+0000] {processor.py:186} INFO - Started process (PID=748) to work on /home/airflow/.local/lib/python3.12/site-packages/airflow/example_dags/example_task_group_decorator.py
[2025-09-11T09:54:59.156+0000] {processor.py:914} INFO - Processing file /home/airflow/.local/lib/python3.12/site-packages/airflow/example_dags/example_task_group_decorator.py for tasks to queue
[2025-09-11T09:54:59.159+0000] {logging_mixin.py:190} INFO - [2025-09-11T09:54:59.159+0000] {dagbag.py:588} INFO - Filling up the DagBag from /home/airflow/.local/lib/python3.12/site-packages/airflow/example_dags/example_task_group_decorator.py
[2025-09-11T09:54:59.203+0000] {processor.py:925} INFO - DAG(s) 'example_task_group_decorator' retrieved from /home/airflow/.local/lib/python3.12/site-packages/airflow/example_dags/example_task_group_decorator.py
[2025-09-11T09:54:59.269+0000] {logging_mixin.py:190} INFO - [2025-09-11T09:54:59.269+0000] {dag.py:3239} INFO - Sync 1 DAGs
[2025-09-11T09:54:59.312+0000] {logging_mixin.py:190} INFO - [2025-09-11T09:54:59.312+0000] {dag.py:4180} INFO - Setting next_dagrun for example_task_group_decorator to None, run_after=None
[2025-09-11T09:54:59.359+0000] {processor.py:208} INFO - Processing /home/airflow/.local/lib/python3.12/site-packages/airflow/example_dags/example_task_group_decorator.py took 0.216 seconds
[2025-09-11T09:55:30.199+0000] {processor.py:186} INFO - Started process (PID=811) to work on /home/airflow/.local/lib/python3.12/site-packages/airflow/example_dags/example_task_group_decorator.py
[2025-09-11T09:55:30.202+0000] {processor.py:914} INFO - Processing file /home/airflow/.local/lib/python3.12/site-packages/airflow/example_dags/example_task_group_decorator.py for tasks to queue
[2025-09-11T09:55:30.215+0000] {logging_mixin.py:190} INFO - [2025-09-11T09:55:30.214+0000] {dagbag.py:588} INFO - Filling up the DagBag from /home/airflow/.local/lib/python3.12/site-packages/airflow/example_dags/example_task_group_decorator.py
[2025-09-11T09:55:30.258+0000] {processor.py:925} INFO - DAG(s) 'example_task_group_decorator' retrieved from /home/airflow/.local/lib/python3.12/site-packages/airflow/example_dags/example_task_group_decorator.py
[2025-09-11T09:55:30.352+0000] {logging_mixin.py:190} INFO - [2025-09-11T09:55:30.352+0000] {dag.py:3239} INFO - Sync 1 DAGs
[2025-09-11T09:55:30.384+0000] {logging_mixin.py:190} INFO - [2025-09-11T09:55:30.384+0000] {dag.py:4180} INFO - Setting next_dagrun for example_task_group_decorator to None, run_after=None
[2025-09-11T09:55:30.440+0000] {processor.py:208} INFO - Processing /home/airflow/.local/lib/python3.12/site-packages/airflow/example_dags/example_task_group_decorator.py took 0.273 seconds
[2025-09-11T09:56:01.127+0000] {processor.py:186} INFO - Started process (PID=873) to work on /home/airflow/.local/lib/python3.12/site-packages/airflow/example_dags/example_task_group_decorator.py
[2025-09-11T09:56:01.129+0000] {processor.py:914} INFO - Processing file /home/airflow/.local/lib/python3.12/site-packages/airflow/example_dags/example_task_group_decorator.py for tasks to queue
[2025-09-11T09:56:01.134+0000] {logging_mixin.py:190} INFO - [2025-09-11T09:56:01.133+0000] {dagbag.py:588} INFO - Filling up the DagBag from /home/airflow/.local/lib/python3.12/site-packages/airflow/example_dags/example_task_group_decorator.py
[2025-09-11T09:56:01.160+0000] {processor.py:925} INFO - DAG(s) 'example_task_group_decorator' retrieved from /home/airflow/.local/lib/python3.12/site-packages/airflow/example_dags/example_task_group_decorator.py
[2025-09-11T09:56:01.196+0000] {logging_mixin.py:190} INFO - [2025-09-11T09:56:01.195+0000] {dag.py:3239} INFO - Sync 1 DAGs
[2025-09-11T09:56:01.229+0000] {logging_mixin.py:190} INFO - [2025-09-11T09:56:01.229+0000] {dag.py:4180} INFO - Setting next_dagrun for example_task_group_decorator to None, run_after=None
[2025-09-11T09:56:01.265+0000] {processor.py:208} INFO - Processing /home/airflow/.local/lib/python3.12/site-packages/airflow/example_dags/example_task_group_decorator.py took 0.147 seconds
[2025-09-11T09:56:31.526+0000] {processor.py:186} INFO - Started process (PID=936) to work on /home/airflow/.local/lib/python3.12/site-packages/airflow/example_dags/example_task_group_decorator.py
[2025-09-11T09:56:31.528+0000] {processor.py:914} INFO - Processing file /home/airflow/.local/lib/python3.12/site-packages/airflow/example_dags/example_task_group_decorator.py for tasks to queue
[2025-09-11T09:56:31.542+0000] {logging_mixin.py:190} INFO - [2025-09-11T09:56:31.531+0000] {dagbag.py:588} INFO - Filling up the DagBag from /home/airflow/.local/lib/python3.12/site-packages/airflow/example_dags/example_task_group_decorator.py
[2025-09-11T09:56:31.638+0000] {processor.py:925} INFO - DAG(s) 'example_task_group_decorator' retrieved from /home/airflow/.local/lib/python3.12/site-packages/airflow/example_dags/example_task_group_decorator.py
[2025-09-11T09:56:31.767+0000] {logging_mixin.py:190} INFO - [2025-09-11T09:56:31.767+0000] {dag.py:3239} INFO - Sync 1 DAGs
[2025-09-11T09:56:32.040+0000] {logging_mixin.py:190} INFO - [2025-09-11T09:56:32.040+0000] {dag.py:4180} INFO - Setting next_dagrun for example_task_group_decorator to None, run_after=None
[2025-09-11T09:56:32.109+0000] {processor.py:208} INFO - Processing /home/airflow/.local/lib/python3.12/site-packages/airflow/example_dags/example_task_group_decorator.py took 0.421 seconds
[2025-09-11T09:57:02.820+0000] {processor.py:186} INFO - Started process (PID=999) to work on /home/airflow/.local/lib/python3.12/site-packages/airflow/example_dags/example_task_group_decorator.py
[2025-09-11T09:57:02.821+0000] {processor.py:914} INFO - Processing file /home/airflow/.local/lib/python3.12/site-packages/airflow/example_dags/example_task_group_decorator.py for tasks to queue
[2025-09-11T09:57:02.825+0000] {logging_mixin.py:190} INFO - [2025-09-11T09:57:02.824+0000] {dagbag.py:588} INFO - Filling up the DagBag from /home/airflow/.local/lib/python3.12/site-packages/airflow/example_dags/example_task_group_decorator.py
[2025-09-11T09:57:02.867+0000] {processor.py:925} INFO - DAG(s) 'example_task_group_decorator' retrieved from /home/airflow/.local/lib/python3.12/site-packages/airflow/example_dags/example_task_group_decorator.py
[2025-09-11T09:57:02.945+0000] {logging_mixin.py:190} INFO - [2025-09-11T09:57:02.944+0000] {dag.py:3239} INFO - Sync 1 DAGs
[2025-09-11T09:57:02.982+0000] {logging_mixin.py:190} INFO - [2025-09-11T09:57:02.981+0000] {dag.py:4180} INFO - Setting next_dagrun for example_task_group_decorator to None, run_after=None
[2025-09-11T09:57:03.028+0000] {processor.py:208} INFO - Processing /home/airflow/.local/lib/python3.12/site-packages/airflow/example_dags/example_task_group_decorator.py took 0.218 seconds
[2025-09-11T09:57:33.305+0000] {processor.py:186} INFO - Started process (PID=1062) to work on /home/airflow/.local/lib/python3.12/site-packages/airflow/example_dags/example_task_group_decorator.py
[2025-09-11T09:57:33.308+0000] {processor.py:914} INFO - Processing file /home/airflow/.local/lib/python3.12/site-packages/airflow/example_dags/example_task_group_decorator.py for tasks to queue
[2025-09-11T09:57:33.313+0000] {logging_mixin.py:190} INFO - [2025-09-11T09:57:33.313+0000] {dagbag.py:588} INFO - Filling up the DagBag from /home/airflow/.local/lib/python3.12/site-packages/airflow/example_dags/example_task_group_decorator.py
[2025-09-11T09:57:33.346+0000] {processor.py:925} INFO - DAG(s) 'example_task_group_decorator' retrieved from /home/airflow/.local/lib/python3.12/site-packages/airflow/example_dags/example_task_group_decorator.py
[2025-09-11T09:57:33.393+0000] {logging_mixin.py:190} INFO - [2025-09-11T09:57:33.393+0000] {dag.py:3239} INFO - Sync 1 DAGs
[2025-09-11T09:57:33.421+0000] {logging_mixin.py:190} INFO - [2025-09-11T09:57:33.421+0000] {dag.py:4180} INFO - Setting next_dagrun for example_task_group_decorator to None, run_after=None
[2025-09-11T09:57:33.456+0000] {processor.py:208} INFO - Processing /home/airflow/.local/lib/python3.12/site-packages/airflow/example_dags/example_task_group_decorator.py took 0.164 seconds
[2025-09-11T09:58:04.378+0000] {processor.py:186} INFO - Started process (PID=1125) to work on /home/airflow/.local/lib/python3.12/site-packages/airflow/example_dags/example_task_group_decorator.py
[2025-09-11T09:58:04.380+0000] {processor.py:914} INFO - Processing file /home/airflow/.local/lib/python3.12/site-packages/airflow/example_dags/example_task_group_decorator.py for tasks to queue
[2025-09-11T09:58:04.393+0000] {logging_mixin.py:190} INFO - [2025-09-11T09:58:04.392+0000] {dagbag.py:588} INFO - Filling up the DagBag from /home/airflow/.local/lib/python3.12/site-packages/airflow/example_dags/example_task_group_decorator.py
[2025-09-11T09:58:04.443+0000] {processor.py:925} INFO - DAG(s) 'example_task_group_decorator' retrieved from /home/airflow/.local/lib/python3.12/site-packages/airflow/example_dags/example_task_group_decorator.py
[2025-09-11T09:58:04.531+0000] {logging_mixin.py:190} INFO - [2025-09-11T09:58:04.531+0000] {dag.py:3239} INFO - Sync 1 DAGs
[2025-09-11T09:58:04.628+0000] {logging_mixin.py:190} INFO - [2025-09-11T09:58:04.628+0000] {dag.py:4180} INFO - Setting next_dagrun for example_task_group_decorator to None, run_after=None
[2025-09-11T09:58:04.729+0000] {processor.py:208} INFO - Processing /home/airflow/.local/lib/python3.12/site-packages/airflow/example_dags/example_task_group_decorator.py took 0.369 seconds
[2025-09-11T09:58:34.935+0000] {processor.py:186} INFO - Started process (PID=1188) to work on /home/airflow/.local/lib/python3.12/site-packages/airflow/example_dags/example_task_group_decorator.py
[2025-09-11T09:58:34.937+0000] {processor.py:914} INFO - Processing file /home/airflow/.local/lib/python3.12/site-packages/airflow/example_dags/example_task_group_decorator.py for tasks to queue
[2025-09-11T09:58:34.943+0000] {logging_mixin.py:190} INFO - [2025-09-11T09:58:34.942+0000] {dagbag.py:588} INFO - Filling up the DagBag from /home/airflow/.local/lib/python3.12/site-packages/airflow/example_dags/example_task_group_decorator.py
[2025-09-11T09:58:34.998+0000] {processor.py:925} INFO - DAG(s) 'example_task_group_decorator' retrieved from /home/airflow/.local/lib/python3.12/site-packages/airflow/example_dags/example_task_group_decorator.py
[2025-09-11T09:58:35.072+0000] {logging_mixin.py:190} INFO - [2025-09-11T09:58:35.072+0000] {dag.py:3239} INFO - Sync 1 DAGs
[2025-09-11T09:58:35.114+0000] {logging_mixin.py:190} INFO - [2025-09-11T09:58:35.113+0000] {dag.py:4180} INFO - Setting next_dagrun for example_task_group_decorator to None, run_after=None
[2025-09-11T09:58:35.161+0000] {processor.py:208} INFO - Processing /home/airflow/.local/lib/python3.12/site-packages/airflow/example_dags/example_task_group_decorator.py took 0.242 seconds
[2025-09-11T09:59:06.145+0000] {processor.py:186} INFO - Started process (PID=1251) to work on /home/airflow/.local/lib/python3.12/site-packages/airflow/example_dags/example_task_group_decorator.py
[2025-09-11T09:59:06.150+0000] {processor.py:914} INFO - Processing file /home/airflow/.local/lib/python3.12/site-packages/airflow/example_dags/example_task_group_decorator.py for tasks to queue
[2025-09-11T09:59:06.155+0000] {logging_mixin.py:190} INFO - [2025-09-11T09:59:06.155+0000] {dagbag.py:588} INFO - Filling up the DagBag from /home/airflow/.local/lib/python3.12/site-packages/airflow/example_dags/example_task_group_decorator.py
[2025-09-11T09:59:06.263+0000] {processor.py:925} INFO - DAG(s) 'example_task_group_decorator' retrieved from /home/airflow/.local/lib/python3.12/site-packages/airflow/example_dags/example_task_group_decorator.py
[2025-09-11T09:59:06.355+0000] {logging_mixin.py:190} INFO - [2025-09-11T09:59:06.354+0000] {dag.py:3239} INFO - Sync 1 DAGs
[2025-09-11T09:59:06.407+0000] {logging_mixin.py:190} INFO - [2025-09-11T09:59:06.407+0000] {dag.py:4180} INFO - Setting next_dagrun for example_task_group_decorator to None, run_after=None
[2025-09-11T09:59:06.494+0000] {processor.py:208} INFO - Processing /home/airflow/.local/lib/python3.12/site-packages/airflow/example_dags/example_task_group_decorator.py took 0.363 seconds
[2025-09-11T09:59:36.790+0000] {processor.py:186} INFO - Started process (PID=1314) to work on /home/airflow/.local/lib/python3.12/site-packages/airflow/example_dags/example_task_group_decorator.py
[2025-09-11T09:59:36.793+0000] {processor.py:914} INFO - Processing file /home/airflow/.local/lib/python3.12/site-packages/airflow/example_dags/example_task_group_decorator.py for tasks to queue
[2025-09-11T09:59:36.807+0000] {logging_mixin.py:190} INFO - [2025-09-11T09:59:36.806+0000] {dagbag.py:588} INFO - Filling up the DagBag from /home/airflow/.local/lib/python3.12/site-packages/airflow/example_dags/example_task_group_decorator.py
[2025-09-11T09:59:36.877+0000] {processor.py:925} INFO - DAG(s) 'example_task_group_decorator' retrieved from /home/airflow/.local/lib/python3.12/site-packages/airflow/example_dags/example_task_group_decorator.py
[2025-09-11T09:59:36.973+0000] {logging_mixin.py:190} INFO - [2025-09-11T09:59:36.972+0000] {dag.py:3239} INFO - Sync 1 DAGs
[2025-09-11T09:59:37.009+0000] {logging_mixin.py:190} INFO - [2025-09-11T09:59:37.009+0000] {dag.py:4180} INFO - Setting next_dagrun for example_task_group_decorator to None, run_after=None
[2025-09-11T09:59:37.056+0000] {processor.py:208} INFO - Processing /home/airflow/.local/lib/python3.12/site-packages/airflow/example_dags/example_task_group_decorator.py took 0.280 seconds
[2025-09-11T10:00:07.338+0000] {processor.py:186} INFO - Started process (PID=1377) to work on /home/airflow/.local/lib/python3.12/site-packages/airflow/example_dags/example_task_group_decorator.py
[2025-09-11T10:00:07.340+0000] {processor.py:914} INFO - Processing file /home/airflow/.local/lib/python3.12/site-packages/airflow/example_dags/example_task_group_decorator.py for tasks to queue
[2025-09-11T10:00:07.344+0000] {logging_mixin.py:190} INFO - [2025-09-11T10:00:07.343+0000] {dagbag.py:588} INFO - Filling up the DagBag from /home/airflow/.local/lib/python3.12/site-packages/airflow/example_dags/example_task_group_decorator.py
[2025-09-11T10:00:07.382+0000] {processor.py:925} INFO - DAG(s) 'example_task_group_decorator' retrieved from /home/airflow/.local/lib/python3.12/site-packages/airflow/example_dags/example_task_group_decorator.py
[2025-09-11T10:00:07.456+0000] {logging_mixin.py:190} INFO - [2025-09-11T10:00:07.456+0000] {dag.py:3239} INFO - Sync 1 DAGs
[2025-09-11T10:00:07.519+0000] {logging_mixin.py:190} INFO - [2025-09-11T10:00:07.518+0000] {dag.py:4180} INFO - Setting next_dagrun for example_task_group_decorator to None, run_after=None
[2025-09-11T10:00:07.604+0000] {processor.py:208} INFO - Processing /home/airflow/.local/lib/python3.12/site-packages/airflow/example_dags/example_task_group_decorator.py took 0.282 seconds
[2025-09-11T10:00:38.083+0000] {processor.py:186} INFO - Started process (PID=1440) to work on /home/airflow/.local/lib/python3.12/site-packages/airflow/example_dags/example_task_group_decorator.py
[2025-09-11T10:00:38.085+0000] {processor.py:914} INFO - Processing file /home/airflow/.local/lib/python3.12/site-packages/airflow/example_dags/example_task_group_decorator.py for tasks to queue
[2025-09-11T10:00:38.089+0000] {logging_mixin.py:190} INFO - [2025-09-11T10:00:38.089+0000] {dagbag.py:588} INFO - Filling up the DagBag from /home/airflow/.local/lib/python3.12/site-packages/airflow/example_dags/example_task_group_decorator.py
[2025-09-11T10:00:38.116+0000] {processor.py:925} INFO - DAG(s) 'example_task_group_decorator' retrieved from /home/airflow/.local/lib/python3.12/site-packages/airflow/example_dags/example_task_group_decorator.py
[2025-09-11T10:00:38.159+0000] {logging_mixin.py:190} INFO - [2025-09-11T10:00:38.159+0000] {dag.py:3239} INFO - Sync 1 DAGs
[2025-09-11T10:00:38.185+0000] {logging_mixin.py:190} INFO - [2025-09-11T10:00:38.185+0000] {dag.py:4180} INFO - Setting next_dagrun for example_task_group_decorator to None, run_after=None
[2025-09-11T10:00:38.264+0000] {processor.py:208} INFO - Processing /home/airflow/.local/lib/python3.12/site-packages/airflow/example_dags/example_task_group_decorator.py took 0.192 seconds
[2025-09-11T10:01:08.847+0000] {processor.py:186} INFO - Started process (PID=1503) to work on /home/airflow/.local/lib/python3.12/site-packages/airflow/example_dags/example_task_group_decorator.py
[2025-09-11T10:01:08.848+0000] {processor.py:914} INFO - Processing file /home/airflow/.local/lib/python3.12/site-packages/airflow/example_dags/example_task_group_decorator.py for tasks to queue
[2025-09-11T10:01:08.854+0000] {logging_mixin.py:190} INFO - [2025-09-11T10:01:08.853+0000] {dagbag.py:588} INFO - Filling up the DagBag from /home/airflow/.local/lib/python3.12/site-packages/airflow/example_dags/example_task_group_decorator.py
[2025-09-11T10:01:08.888+0000] {processor.py:925} INFO - DAG(s) 'example_task_group_decorator' retrieved from /home/airflow/.local/lib/python3.12/site-packages/airflow/example_dags/example_task_group_decorator.py
[2025-09-11T10:01:08.933+0000] {logging_mixin.py:190} INFO - [2025-09-11T10:01:08.933+0000] {dag.py:3239} INFO - Sync 1 DAGs
[2025-09-11T10:01:08.959+0000] {logging_mixin.py:190} INFO - [2025-09-11T10:01:08.959+0000] {dag.py:4180} INFO - Setting next_dagrun for example_task_group_decorator to None, run_after=None
[2025-09-11T10:01:09.003+0000] {processor.py:208} INFO - Processing /home/airflow/.local/lib/python3.12/site-packages/airflow/example_dags/example_task_group_decorator.py took 0.169 seconds
[2025-09-11T10:01:39.541+0000] {processor.py:186} INFO - Started process (PID=1566) to work on /home/airflow/.local/lib/python3.12/site-packages/airflow/example_dags/example_task_group_decorator.py
[2025-09-11T10:01:39.546+0000] {processor.py:914} INFO - Processing file /home/airflow/.local/lib/python3.12/site-packages/airflow/example_dags/example_task_group_decorator.py for tasks to queue
[2025-09-11T10:01:39.561+0000] {logging_mixin.py:190} INFO - [2025-09-11T10:01:39.560+0000] {dagbag.py:588} INFO - Filling up the DagBag from /home/airflow/.local/lib/python3.12/site-packages/airflow/example_dags/example_task_group_decorator.py
[2025-09-11T10:01:39.613+0000] {processor.py:925} INFO - DAG(s) 'example_task_group_decorator' retrieved from /home/airflow/.local/lib/python3.12/site-packages/airflow/example_dags/example_task_group_decorator.py
[2025-09-11T10:01:39.681+0000] {logging_mixin.py:190} INFO - [2025-09-11T10:01:39.681+0000] {dag.py:3239} INFO - Sync 1 DAGs
[2025-09-11T10:01:39.719+0000] {logging_mixin.py:190} INFO - [2025-09-11T10:01:39.718+0000] {dag.py:4180} INFO - Setting next_dagrun for example_task_group_decorator to None, run_after=None
[2025-09-11T10:01:39.788+0000] {processor.py:208} INFO - Processing /home/airflow/.local/lib/python3.12/site-packages/airflow/example_dags/example_task_group_decorator.py took 0.267 seconds
[2025-09-11T10:02:10.041+0000] {processor.py:186} INFO - Started process (PID=1628) to work on /home/airflow/.local/lib/python3.12/site-packages/airflow/example_dags/example_task_group_decorator.py
[2025-09-11T10:02:10.043+0000] {processor.py:914} INFO - Processing file /home/airflow/.local/lib/python3.12/site-packages/airflow/example_dags/example_task_group_decorator.py for tasks to queue
[2025-09-11T10:02:10.052+0000] {logging_mixin.py:190} INFO - [2025-09-11T10:02:10.052+0000] {dagbag.py:588} INFO - Filling up the DagBag from /home/airflow/.local/lib/python3.12/site-packages/airflow/example_dags/example_task_group_decorator.py
[2025-09-11T10:02:10.092+0000] {processor.py:925} INFO - DAG(s) 'example_task_group_decorator' retrieved from /home/airflow/.local/lib/python3.12/site-packages/airflow/example_dags/example_task_group_decorator.py
[2025-09-11T10:02:10.150+0000] {logging_mixin.py:190} INFO - [2025-09-11T10:02:10.148+0000] {dag.py:3239} INFO - Sync 1 DAGs
[2025-09-11T10:02:10.218+0000] {logging_mixin.py:190} INFO - [2025-09-11T10:02:10.217+0000] {dag.py:4180} INFO - Setting next_dagrun for example_task_group_decorator to None, run_after=None
[2025-09-11T10:02:10.491+0000] {processor.py:208} INFO - Processing /home/airflow/.local/lib/python3.12/site-packages/airflow/example_dags/example_task_group_decorator.py took 0.465 seconds
[2025-09-11T10:02:40.949+0000] {processor.py:186} INFO - Started process (PID=1691) to work on /home/airflow/.local/lib/python3.12/site-packages/airflow/example_dags/example_task_group_decorator.py
[2025-09-11T10:02:40.952+0000] {processor.py:914} INFO - Processing file /home/airflow/.local/lib/python3.12/site-packages/airflow/example_dags/example_task_group_decorator.py for tasks to queue
[2025-09-11T10:02:40.957+0000] {logging_mixin.py:190} INFO - [2025-09-11T10:02:40.956+0000] {dagbag.py:588} INFO - Filling up the DagBag from /home/airflow/.local/lib/python3.12/site-packages/airflow/example_dags/example_task_group_decorator.py
[2025-09-11T10:02:41.008+0000] {processor.py:925} INFO - DAG(s) 'example_task_group_decorator' retrieved from /home/airflow/.local/lib/python3.12/site-packages/airflow/example_dags/example_task_group_decorator.py
[2025-09-11T10:02:41.091+0000] {logging_mixin.py:190} INFO - [2025-09-11T10:02:41.090+0000] {dag.py:3239} INFO - Sync 1 DAGs
[2025-09-11T10:02:41.134+0000] {logging_mixin.py:190} INFO - [2025-09-11T10:02:41.133+0000] {dag.py:4180} INFO - Setting next_dagrun for example_task_group_decorator to None, run_after=None
[2025-09-11T10:02:41.190+0000] {processor.py:208} INFO - Processing /home/airflow/.local/lib/python3.12/site-packages/airflow/example_dags/example_task_group_decorator.py took 0.266 seconds
[2025-09-11T10:03:11.552+0000] {processor.py:186} INFO - Started process (PID=1753) to work on /home/airflow/.local/lib/python3.12/site-packages/airflow/example_dags/example_task_group_decorator.py
[2025-09-11T10:03:11.554+0000] {processor.py:914} INFO - Processing file /home/airflow/.local/lib/python3.12/site-packages/airflow/example_dags/example_task_group_decorator.py for tasks to queue
[2025-09-11T10:03:11.560+0000] {logging_mixin.py:190} INFO - [2025-09-11T10:03:11.559+0000] {dagbag.py:588} INFO - Filling up the DagBag from /home/airflow/.local/lib/python3.12/site-packages/airflow/example_dags/example_task_group_decorator.py
[2025-09-11T10:03:11.594+0000] {processor.py:925} INFO - DAG(s) 'example_task_group_decorator' retrieved from /home/airflow/.local/lib/python3.12/site-packages/airflow/example_dags/example_task_group_decorator.py
[2025-09-11T10:03:11.642+0000] {logging_mixin.py:190} INFO - [2025-09-11T10:03:11.642+0000] {dag.py:3239} INFO - Sync 1 DAGs
[2025-09-11T10:03:11.671+0000] {logging_mixin.py:190} INFO - [2025-09-11T10:03:11.671+0000] {dag.py:4180} INFO - Setting next_dagrun for example_task_group_decorator to None, run_after=None
[2025-09-11T10:03:11.717+0000] {processor.py:208} INFO - Processing /home/airflow/.local/lib/python3.12/site-packages/airflow/example_dags/example_task_group_decorator.py took 0.188 seconds
[2025-09-11T10:03:42.210+0000] {processor.py:186} INFO - Started process (PID=1817) to work on /home/airflow/.local/lib/python3.12/site-packages/airflow/example_dags/example_task_group_decorator.py
[2025-09-11T10:03:42.222+0000] {processor.py:914} INFO - Processing file /home/airflow/.local/lib/python3.12/site-packages/airflow/example_dags/example_task_group_decorator.py for tasks to queue
[2025-09-11T10:03:42.227+0000] {logging_mixin.py:190} INFO - [2025-09-11T10:03:42.226+0000] {dagbag.py:588} INFO - Filling up the DagBag from /home/airflow/.local/lib/python3.12/site-packages/airflow/example_dags/example_task_group_decorator.py
[2025-09-11T10:03:42.259+0000] {processor.py:925} INFO - DAG(s) 'example_task_group_decorator' retrieved from /home/airflow/.local/lib/python3.12/site-packages/airflow/example_dags/example_task_group_decorator.py
[2025-09-11T10:03:42.315+0000] {logging_mixin.py:190} INFO - [2025-09-11T10:03:42.315+0000] {dag.py:3239} INFO - Sync 1 DAGs
[2025-09-11T10:03:42.356+0000] {logging_mixin.py:190} INFO - [2025-09-11T10:03:42.356+0000] {dag.py:4180} INFO - Setting next_dagrun for example_task_group_decorator to None, run_after=None
[2025-09-11T10:03:42.412+0000] {processor.py:208} INFO - Processing /home/airflow/.local/lib/python3.12/site-packages/airflow/example_dags/example_task_group_decorator.py took 0.222 seconds
[2025-09-11T10:04:12.546+0000] {processor.py:186} INFO - Started process (PID=1879) to work on /home/airflow/.local/lib/python3.12/site-packages/airflow/example_dags/example_task_group_decorator.py
[2025-09-11T10:04:12.547+0000] {processor.py:914} INFO - Processing file /home/airflow/.local/lib/python3.12/site-packages/airflow/example_dags/example_task_group_decorator.py for tasks to queue
[2025-09-11T10:04:12.555+0000] {logging_mixin.py:190} INFO - [2025-09-11T10:04:12.554+0000] {dagbag.py:588} INFO - Filling up the DagBag from /home/airflow/.local/lib/python3.12/site-packages/airflow/example_dags/example_task_group_decorator.py
[2025-09-11T10:04:12.613+0000] {processor.py:925} INFO - DAG(s) 'example_task_group_decorator' retrieved from /home/airflow/.local/lib/python3.12/site-packages/airflow/example_dags/example_task_group_decorator.py
[2025-09-11T10:04:12.692+0000] {logging_mixin.py:190} INFO - [2025-09-11T10:04:12.692+0000] {dag.py:3239} INFO - Sync 1 DAGs
[2025-09-11T10:04:12.763+0000] {logging_mixin.py:190} INFO - [2025-09-11T10:04:12.762+0000] {dag.py:4180} INFO - Setting next_dagrun for example_task_group_decorator to None, run_after=None
[2025-09-11T10:04:12.857+0000] {processor.py:208} INFO - Processing /home/airflow/.local/lib/python3.12/site-packages/airflow/example_dags/example_task_group_decorator.py took 0.332 seconds
[2025-09-11T10:04:43.432+0000] {processor.py:186} INFO - Started process (PID=1943) to work on /home/airflow/.local/lib/python3.12/site-packages/airflow/example_dags/example_task_group_decorator.py
[2025-09-11T10:04:43.433+0000] {processor.py:914} INFO - Processing file /home/airflow/.local/lib/python3.12/site-packages/airflow/example_dags/example_task_group_decorator.py for tasks to queue
[2025-09-11T10:04:43.439+0000] {logging_mixin.py:190} INFO - [2025-09-11T10:04:43.437+0000] {dagbag.py:588} INFO - Filling up the DagBag from /home/airflow/.local/lib/python3.12/site-packages/airflow/example_dags/example_task_group_decorator.py
[2025-09-11T10:04:43.458+0000] {processor.py:925} INFO - DAG(s) 'example_task_group_decorator' retrieved from /home/airflow/.local/lib/python3.12/site-packages/airflow/example_dags/example_task_group_decorator.py
[2025-09-11T10:04:43.510+0000] {logging_mixin.py:190} INFO - [2025-09-11T10:04:43.509+0000] {dag.py:3239} INFO - Sync 1 DAGs
[2025-09-11T10:04:43.550+0000] {logging_mixin.py:190} INFO - [2025-09-11T10:04:43.549+0000] {dag.py:4180} INFO - Setting next_dagrun for example_task_group_decorator to None, run_after=None
[2025-09-11T10:04:43.618+0000] {processor.py:208} INFO - Processing /home/airflow/.local/lib/python3.12/site-packages/airflow/example_dags/example_task_group_decorator.py took 0.196 seconds
