[2025-09-11T09:49:37.250+0000] {processor.py:186} INFO - Started process (PID=94) to work on /home/airflow/.local/lib/python3.12/site-packages/airflow/example_dags/example_sensors.py
[2025-09-11T09:49:37.253+0000] {processor.py:914} INFO - Processing file /home/airflow/.local/lib/python3.12/site-packages/airflow/example_dags/example_sensors.py for tasks to queue
[2025-09-11T09:49:37.258+0000] {logging_mixin.py:190} INFO - [2025-09-11T09:49:37.257+0000] {dagbag.py:588} INFO - Filling up the DagBag from /home/airflow/.local/lib/python3.12/site-packages/airflow/example_dags/example_sensors.py
[2025-09-11T09:49:37.289+0000] {processor.py:925} INFO - DAG(s) 'example_sensors' retrieved from /home/airflow/.local/lib/python3.12/site-packages/airflow/example_dags/example_sensors.py
[2025-09-11T09:49:37.709+0000] {logging_mixin.py:190} INFO - [2025-09-11T09:49:37.708+0000] {override.py:1912} INFO - Created Permission View: can read on DAG:example_sensors
[2025-09-11T09:49:37.738+0000] {logging_mixin.py:190} INFO - [2025-09-11T09:49:37.737+0000] {override.py:1912} INFO - Created Permission View: can edit on DAG:example_sensors
[2025-09-11T09:49:37.755+0000] {logging_mixin.py:190} INFO - [2025-09-11T09:49:37.755+0000] {override.py:1912} INFO - Created Permission View: can delete on DAG:example_sensors
[2025-09-11T09:49:37.774+0000] {logging_mixin.py:190} INFO - [2025-09-11T09:49:37.773+0000] {override.py:1912} INFO - Created Permission View: can create on DAG Run:example_sensors
[2025-09-11T09:49:37.790+0000] {logging_mixin.py:190} INFO - [2025-09-11T09:49:37.790+0000] {override.py:1912} INFO - Created Permission View: can read on DAG Run:example_sensors
[2025-09-11T09:49:37.815+0000] {logging_mixin.py:190} INFO - [2025-09-11T09:49:37.814+0000] {override.py:1912} INFO - Created Permission View: can delete on DAG Run:example_sensors
[2025-09-11T09:49:37.831+0000] {logging_mixin.py:190} INFO - [2025-09-11T09:49:37.831+0000] {override.py:1912} INFO - Created Permission View: menu access on DAG Run:example_sensors
[2025-09-11T09:49:37.833+0000] {logging_mixin.py:190} INFO - [2025-09-11T09:49:37.833+0000] {dag.py:3239} INFO - Sync 1 DAGs
[2025-09-11T09:49:37.870+0000] {logging_mixin.py:190} INFO - [2025-09-11T09:49:37.870+0000] {dag.py:3262} INFO - Creating ORM DAG for example_sensors
[2025-09-11T09:49:37.872+0000] {logging_mixin.py:190} INFO - [2025-09-11T09:49:37.872+0000] {dag.py:4180} INFO - Setting next_dagrun for example_sensors to None, run_after=None
[2025-09-11T09:49:37.931+0000] {processor.py:208} INFO - Processing /home/airflow/.local/lib/python3.12/site-packages/airflow/example_dags/example_sensors.py took 0.697 seconds
[2025-09-11T09:50:09.360+0000] {processor.py:186} INFO - Started process (PID=157) to work on /home/airflow/.local/lib/python3.12/site-packages/airflow/example_dags/example_sensors.py
[2025-09-11T09:50:09.361+0000] {processor.py:914} INFO - Processing file /home/airflow/.local/lib/python3.12/site-packages/airflow/example_dags/example_sensors.py for tasks to queue
[2025-09-11T09:50:09.373+0000] {logging_mixin.py:190} INFO - [2025-09-11T09:50:09.372+0000] {dagbag.py:588} INFO - Filling up the DagBag from /home/airflow/.local/lib/python3.12/site-packages/airflow/example_dags/example_sensors.py
[2025-09-11T09:50:09.397+0000] {processor.py:925} INFO - DAG(s) 'example_sensors' retrieved from /home/airflow/.local/lib/python3.12/site-packages/airflow/example_dags/example_sensors.py
[2025-09-11T09:50:09.456+0000] {logging_mixin.py:190} INFO - [2025-09-11T09:50:09.456+0000] {dag.py:3239} INFO - Sync 1 DAGs
[2025-09-11T09:50:09.478+0000] {logging_mixin.py:190} INFO - [2025-09-11T09:50:09.478+0000] {dag.py:4180} INFO - Setting next_dagrun for example_sensors to None, run_after=None
[2025-09-11T09:50:09.523+0000] {processor.py:208} INFO - Processing /home/airflow/.local/lib/python3.12/site-packages/airflow/example_dags/example_sensors.py took 0.180 seconds
[2025-09-11T09:50:41.072+0000] {processor.py:186} INFO - Started process (PID=221) to work on /home/airflow/.local/lib/python3.12/site-packages/airflow/example_dags/example_sensors.py
[2025-09-11T09:50:41.086+0000] {processor.py:914} INFO - Processing file /home/airflow/.local/lib/python3.12/site-packages/airflow/example_dags/example_sensors.py for tasks to queue
[2025-09-11T09:50:41.094+0000] {logging_mixin.py:190} INFO - [2025-09-11T09:50:41.093+0000] {dagbag.py:588} INFO - Filling up the DagBag from /home/airflow/.local/lib/python3.12/site-packages/airflow/example_dags/example_sensors.py
[2025-09-11T09:50:41.123+0000] {processor.py:925} INFO - DAG(s) 'example_sensors' retrieved from /home/airflow/.local/lib/python3.12/site-packages/airflow/example_dags/example_sensors.py
[2025-09-11T09:50:41.179+0000] {logging_mixin.py:190} INFO - [2025-09-11T09:50:41.178+0000] {dag.py:3239} INFO - Sync 1 DAGs
[2025-09-11T09:50:41.211+0000] {logging_mixin.py:190} INFO - [2025-09-11T09:50:41.210+0000] {dag.py:4180} INFO - Setting next_dagrun for example_sensors to None, run_after=None
[2025-09-11T09:50:41.239+0000] {processor.py:208} INFO - Processing /home/airflow/.local/lib/python3.12/site-packages/airflow/example_dags/example_sensors.py took 0.178 seconds
[2025-09-11T09:51:15.034+0000] {processor.py:186} INFO - Started process (PID=299) to work on /home/airflow/.local/lib/python3.12/site-packages/airflow/example_dags/example_sensors.py
[2025-09-11T09:51:15.036+0000] {processor.py:914} INFO - Processing file /home/airflow/.local/lib/python3.12/site-packages/airflow/example_dags/example_sensors.py for tasks to queue
[2025-09-11T09:51:15.042+0000] {logging_mixin.py:190} INFO - [2025-09-11T09:51:15.041+0000] {dagbag.py:588} INFO - Filling up the DagBag from /home/airflow/.local/lib/python3.12/site-packages/airflow/example_dags/example_sensors.py
[2025-09-11T09:51:15.066+0000] {processor.py:925} INFO - DAG(s) 'example_sensors' retrieved from /home/airflow/.local/lib/python3.12/site-packages/airflow/example_dags/example_sensors.py
[2025-09-11T09:51:15.152+0000] {logging_mixin.py:190} INFO - [2025-09-11T09:51:15.142+0000] {dag.py:3239} INFO - Sync 1 DAGs
[2025-09-11T09:51:15.200+0000] {logging_mixin.py:190} INFO - [2025-09-11T09:51:15.199+0000] {dag.py:4180} INFO - Setting next_dagrun for example_sensors to None, run_after=None
[2025-09-11T09:51:15.252+0000] {processor.py:208} INFO - Processing /home/airflow/.local/lib/python3.12/site-packages/airflow/example_dags/example_sensors.py took 0.230 seconds
[2025-09-11T09:51:46.600+0000] {processor.py:186} INFO - Started process (PID=362) to work on /home/airflow/.local/lib/python3.12/site-packages/airflow/example_dags/example_sensors.py
[2025-09-11T09:51:46.602+0000] {processor.py:914} INFO - Processing file /home/airflow/.local/lib/python3.12/site-packages/airflow/example_dags/example_sensors.py for tasks to queue
[2025-09-11T09:51:46.606+0000] {logging_mixin.py:190} INFO - [2025-09-11T09:51:46.605+0000] {dagbag.py:588} INFO - Filling up the DagBag from /home/airflow/.local/lib/python3.12/site-packages/airflow/example_dags/example_sensors.py
[2025-09-11T09:51:46.628+0000] {processor.py:925} INFO - DAG(s) 'example_sensors' retrieved from /home/airflow/.local/lib/python3.12/site-packages/airflow/example_dags/example_sensors.py
[2025-09-11T09:51:46.673+0000] {logging_mixin.py:190} INFO - [2025-09-11T09:51:46.672+0000] {dag.py:3239} INFO - Sync 1 DAGs
[2025-09-11T09:51:46.698+0000] {logging_mixin.py:190} INFO - [2025-09-11T09:51:46.698+0000] {dag.py:4180} INFO - Setting next_dagrun for example_sensors to None, run_after=None
[2025-09-11T09:51:46.726+0000] {processor.py:208} INFO - Processing /home/airflow/.local/lib/python3.12/site-packages/airflow/example_dags/example_sensors.py took 0.136 seconds
[2025-09-11T09:52:17.012+0000] {processor.py:186} INFO - Started process (PID=424) to work on /home/airflow/.local/lib/python3.12/site-packages/airflow/example_dags/example_sensors.py
[2025-09-11T09:52:17.013+0000] {processor.py:914} INFO - Processing file /home/airflow/.local/lib/python3.12/site-packages/airflow/example_dags/example_sensors.py for tasks to queue
[2025-09-11T09:52:17.016+0000] {logging_mixin.py:190} INFO - [2025-09-11T09:52:17.016+0000] {dagbag.py:588} INFO - Filling up the DagBag from /home/airflow/.local/lib/python3.12/site-packages/airflow/example_dags/example_sensors.py
[2025-09-11T09:52:17.032+0000] {processor.py:925} INFO - DAG(s) 'example_sensors' retrieved from /home/airflow/.local/lib/python3.12/site-packages/airflow/example_dags/example_sensors.py
[2025-09-11T09:52:17.071+0000] {logging_mixin.py:190} INFO - [2025-09-11T09:52:17.071+0000] {dag.py:3239} INFO - Sync 1 DAGs
[2025-09-11T09:52:17.090+0000] {logging_mixin.py:190} INFO - [2025-09-11T09:52:17.090+0000] {dag.py:4180} INFO - Setting next_dagrun for example_sensors to None, run_after=None
[2025-09-11T09:52:17.140+0000] {processor.py:208} INFO - Processing /home/airflow/.local/lib/python3.12/site-packages/airflow/example_dags/example_sensors.py took 0.138 seconds
[2025-09-11T09:52:47.714+0000] {processor.py:186} INFO - Started process (PID=486) to work on /home/airflow/.local/lib/python3.12/site-packages/airflow/example_dags/example_sensors.py
[2025-09-11T09:52:47.715+0000] {processor.py:914} INFO - Processing file /home/airflow/.local/lib/python3.12/site-packages/airflow/example_dags/example_sensors.py for tasks to queue
[2025-09-11T09:52:47.721+0000] {logging_mixin.py:190} INFO - [2025-09-11T09:52:47.720+0000] {dagbag.py:588} INFO - Filling up the DagBag from /home/airflow/.local/lib/python3.12/site-packages/airflow/example_dags/example_sensors.py
[2025-09-11T09:52:47.744+0000] {processor.py:925} INFO - DAG(s) 'example_sensors' retrieved from /home/airflow/.local/lib/python3.12/site-packages/airflow/example_dags/example_sensors.py
[2025-09-11T09:52:47.807+0000] {logging_mixin.py:190} INFO - [2025-09-11T09:52:47.806+0000] {dag.py:3239} INFO - Sync 1 DAGs
[2025-09-11T09:52:47.843+0000] {logging_mixin.py:190} INFO - [2025-09-11T09:52:47.842+0000] {dag.py:4180} INFO - Setting next_dagrun for example_sensors to None, run_after=None
[2025-09-11T09:52:47.888+0000] {processor.py:208} INFO - Processing /home/airflow/.local/lib/python3.12/site-packages/airflow/example_dags/example_sensors.py took 0.186 seconds
[2025-09-11T09:53:18.314+0000] {processor.py:186} INFO - Started process (PID=549) to work on /home/airflow/.local/lib/python3.12/site-packages/airflow/example_dags/example_sensors.py
[2025-09-11T09:53:18.317+0000] {processor.py:914} INFO - Processing file /home/airflow/.local/lib/python3.12/site-packages/airflow/example_dags/example_sensors.py for tasks to queue
[2025-09-11T09:53:18.325+0000] {logging_mixin.py:190} INFO - [2025-09-11T09:53:18.324+0000] {dagbag.py:588} INFO - Filling up the DagBag from /home/airflow/.local/lib/python3.12/site-packages/airflow/example_dags/example_sensors.py
[2025-09-11T09:53:18.358+0000] {processor.py:925} INFO - DAG(s) 'example_sensors' retrieved from /home/airflow/.local/lib/python3.12/site-packages/airflow/example_dags/example_sensors.py
[2025-09-11T09:53:18.410+0000] {logging_mixin.py:190} INFO - [2025-09-11T09:53:18.410+0000] {dag.py:3239} INFO - Sync 1 DAGs
[2025-09-11T09:53:18.439+0000] {logging_mixin.py:190} INFO - [2025-09-11T09:53:18.438+0000] {dag.py:4180} INFO - Setting next_dagrun for example_sensors to None, run_after=None
[2025-09-11T09:53:18.486+0000] {processor.py:208} INFO - Processing /home/airflow/.local/lib/python3.12/site-packages/airflow/example_dags/example_sensors.py took 0.186 seconds
[2025-09-11T09:53:49.291+0000] {processor.py:186} INFO - Started process (PID=612) to work on /home/airflow/.local/lib/python3.12/site-packages/airflow/example_dags/example_sensors.py
[2025-09-11T09:53:49.293+0000] {processor.py:914} INFO - Processing file /home/airflow/.local/lib/python3.12/site-packages/airflow/example_dags/example_sensors.py for tasks to queue
[2025-09-11T09:53:49.313+0000] {logging_mixin.py:190} INFO - [2025-09-11T09:53:49.312+0000] {dagbag.py:588} INFO - Filling up the DagBag from /home/airflow/.local/lib/python3.12/site-packages/airflow/example_dags/example_sensors.py
[2025-09-11T09:53:49.401+0000] {processor.py:925} INFO - DAG(s) 'example_sensors' retrieved from /home/airflow/.local/lib/python3.12/site-packages/airflow/example_dags/example_sensors.py
[2025-09-11T09:53:49.558+0000] {logging_mixin.py:190} INFO - [2025-09-11T09:53:49.558+0000] {dag.py:3239} INFO - Sync 1 DAGs
[2025-09-11T09:53:49.651+0000] {logging_mixin.py:190} INFO - [2025-09-11T09:53:49.651+0000] {dag.py:4180} INFO - Setting next_dagrun for example_sensors to None, run_after=None
[2025-09-11T09:53:49.757+0000] {processor.py:208} INFO - Processing /home/airflow/.local/lib/python3.12/site-packages/airflow/example_dags/example_sensors.py took 0.499 seconds
[2025-09-11T09:54:20.218+0000] {processor.py:186} INFO - Started process (PID=675) to work on /home/airflow/.local/lib/python3.12/site-packages/airflow/example_dags/example_sensors.py
[2025-09-11T09:54:20.219+0000] {processor.py:914} INFO - Processing file /home/airflow/.local/lib/python3.12/site-packages/airflow/example_dags/example_sensors.py for tasks to queue
[2025-09-11T09:54:20.223+0000] {logging_mixin.py:190} INFO - [2025-09-11T09:54:20.223+0000] {dagbag.py:588} INFO - Filling up the DagBag from /home/airflow/.local/lib/python3.12/site-packages/airflow/example_dags/example_sensors.py
[2025-09-11T09:54:20.238+0000] {processor.py:925} INFO - DAG(s) 'example_sensors' retrieved from /home/airflow/.local/lib/python3.12/site-packages/airflow/example_dags/example_sensors.py
[2025-09-11T09:54:20.278+0000] {logging_mixin.py:190} INFO - [2025-09-11T09:54:20.277+0000] {dag.py:3239} INFO - Sync 1 DAGs
[2025-09-11T09:54:20.305+0000] {logging_mixin.py:190} INFO - [2025-09-11T09:54:20.305+0000] {dag.py:4180} INFO - Setting next_dagrun for example_sensors to None, run_after=None
[2025-09-11T09:54:20.342+0000] {processor.py:208} INFO - Processing /home/airflow/.local/lib/python3.12/site-packages/airflow/example_dags/example_sensors.py took 0.134 seconds
[2025-09-11T09:54:51.331+0000] {processor.py:186} INFO - Started process (PID=738) to work on /home/airflow/.local/lib/python3.12/site-packages/airflow/example_dags/example_sensors.py
[2025-09-11T09:54:51.333+0000] {processor.py:914} INFO - Processing file /home/airflow/.local/lib/python3.12/site-packages/airflow/example_dags/example_sensors.py for tasks to queue
[2025-09-11T09:54:51.338+0000] {logging_mixin.py:190} INFO - [2025-09-11T09:54:51.338+0000] {dagbag.py:588} INFO - Filling up the DagBag from /home/airflow/.local/lib/python3.12/site-packages/airflow/example_dags/example_sensors.py
[2025-09-11T09:54:51.361+0000] {processor.py:925} INFO - DAG(s) 'example_sensors' retrieved from /home/airflow/.local/lib/python3.12/site-packages/airflow/example_dags/example_sensors.py
[2025-09-11T09:54:51.414+0000] {logging_mixin.py:190} INFO - [2025-09-11T09:54:51.414+0000] {dag.py:3239} INFO - Sync 1 DAGs
[2025-09-11T09:54:51.446+0000] {logging_mixin.py:190} INFO - [2025-09-11T09:54:51.446+0000] {dag.py:4180} INFO - Setting next_dagrun for example_sensors to None, run_after=None
[2025-09-11T09:54:51.483+0000] {processor.py:208} INFO - Processing /home/airflow/.local/lib/python3.12/site-packages/airflow/example_dags/example_sensors.py took 0.165 seconds
[2025-09-11T09:55:21.995+0000] {processor.py:186} INFO - Started process (PID=801) to work on /home/airflow/.local/lib/python3.12/site-packages/airflow/example_dags/example_sensors.py
[2025-09-11T09:55:21.997+0000] {processor.py:914} INFO - Processing file /home/airflow/.local/lib/python3.12/site-packages/airflow/example_dags/example_sensors.py for tasks to queue
[2025-09-11T09:55:22.009+0000] {logging_mixin.py:190} INFO - [2025-09-11T09:55:22.008+0000] {dagbag.py:588} INFO - Filling up the DagBag from /home/airflow/.local/lib/python3.12/site-packages/airflow/example_dags/example_sensors.py
[2025-09-11T09:55:22.036+0000] {processor.py:925} INFO - DAG(s) 'example_sensors' retrieved from /home/airflow/.local/lib/python3.12/site-packages/airflow/example_dags/example_sensors.py
[2025-09-11T09:55:22.112+0000] {logging_mixin.py:190} INFO - [2025-09-11T09:55:22.111+0000] {dag.py:3239} INFO - Sync 1 DAGs
[2025-09-11T09:55:22.145+0000] {logging_mixin.py:190} INFO - [2025-09-11T09:55:22.144+0000] {dag.py:4180} INFO - Setting next_dagrun for example_sensors to None, run_after=None
[2025-09-11T09:55:22.203+0000] {processor.py:208} INFO - Processing /home/airflow/.local/lib/python3.12/site-packages/airflow/example_dags/example_sensors.py took 0.226 seconds
[2025-09-11T09:55:52.834+0000] {processor.py:186} INFO - Started process (PID=864) to work on /home/airflow/.local/lib/python3.12/site-packages/airflow/example_dags/example_sensors.py
[2025-09-11T09:55:52.837+0000] {processor.py:914} INFO - Processing file /home/airflow/.local/lib/python3.12/site-packages/airflow/example_dags/example_sensors.py for tasks to queue
[2025-09-11T09:55:52.844+0000] {logging_mixin.py:190} INFO - [2025-09-11T09:55:52.843+0000] {dagbag.py:588} INFO - Filling up the DagBag from /home/airflow/.local/lib/python3.12/site-packages/airflow/example_dags/example_sensors.py
[2025-09-11T09:55:52.877+0000] {processor.py:925} INFO - DAG(s) 'example_sensors' retrieved from /home/airflow/.local/lib/python3.12/site-packages/airflow/example_dags/example_sensors.py
[2025-09-11T09:55:52.979+0000] {logging_mixin.py:190} INFO - [2025-09-11T09:55:52.978+0000] {dag.py:3239} INFO - Sync 1 DAGs
[2025-09-11T09:55:53.033+0000] {logging_mixin.py:190} INFO - [2025-09-11T09:55:53.033+0000] {dag.py:4180} INFO - Setting next_dagrun for example_sensors to None, run_after=None
[2025-09-11T09:55:53.077+0000] {processor.py:208} INFO - Processing /home/airflow/.local/lib/python3.12/site-packages/airflow/example_dags/example_sensors.py took 0.262 seconds
[2025-09-11T09:56:23.830+0000] {processor.py:186} INFO - Started process (PID=927) to work on /home/airflow/.local/lib/python3.12/site-packages/airflow/example_dags/example_sensors.py
[2025-09-11T09:56:23.832+0000] {processor.py:914} INFO - Processing file /home/airflow/.local/lib/python3.12/site-packages/airflow/example_dags/example_sensors.py for tasks to queue
[2025-09-11T09:56:23.836+0000] {logging_mixin.py:190} INFO - [2025-09-11T09:56:23.835+0000] {dagbag.py:588} INFO - Filling up the DagBag from /home/airflow/.local/lib/python3.12/site-packages/airflow/example_dags/example_sensors.py
[2025-09-11T09:56:23.853+0000] {processor.py:925} INFO - DAG(s) 'example_sensors' retrieved from /home/airflow/.local/lib/python3.12/site-packages/airflow/example_dags/example_sensors.py
[2025-09-11T09:56:23.895+0000] {logging_mixin.py:190} INFO - [2025-09-11T09:56:23.894+0000] {dag.py:3239} INFO - Sync 1 DAGs
[2025-09-11T09:56:23.922+0000] {logging_mixin.py:190} INFO - [2025-09-11T09:56:23.921+0000] {dag.py:4180} INFO - Setting next_dagrun for example_sensors to None, run_after=None
[2025-09-11T09:56:23.952+0000] {processor.py:208} INFO - Processing /home/airflow/.local/lib/python3.12/site-packages/airflow/example_dags/example_sensors.py took 0.133 seconds
[2025-09-11T09:56:54.489+0000] {processor.py:186} INFO - Started process (PID=990) to work on /home/airflow/.local/lib/python3.12/site-packages/airflow/example_dags/example_sensors.py
[2025-09-11T09:56:54.490+0000] {processor.py:914} INFO - Processing file /home/airflow/.local/lib/python3.12/site-packages/airflow/example_dags/example_sensors.py for tasks to queue
[2025-09-11T09:56:54.494+0000] {logging_mixin.py:190} INFO - [2025-09-11T09:56:54.494+0000] {dagbag.py:588} INFO - Filling up the DagBag from /home/airflow/.local/lib/python3.12/site-packages/airflow/example_dags/example_sensors.py
[2025-09-11T09:56:54.511+0000] {processor.py:925} INFO - DAG(s) 'example_sensors' retrieved from /home/airflow/.local/lib/python3.12/site-packages/airflow/example_dags/example_sensors.py
[2025-09-11T09:56:54.553+0000] {logging_mixin.py:190} INFO - [2025-09-11T09:56:54.552+0000] {dag.py:3239} INFO - Sync 1 DAGs
[2025-09-11T09:56:54.577+0000] {logging_mixin.py:190} INFO - [2025-09-11T09:56:54.577+0000] {dag.py:4180} INFO - Setting next_dagrun for example_sensors to None, run_after=None
[2025-09-11T09:56:54.629+0000] {processor.py:208} INFO - Processing /home/airflow/.local/lib/python3.12/site-packages/airflow/example_dags/example_sensors.py took 0.151 seconds
[2025-09-11T09:57:25.157+0000] {processor.py:186} INFO - Started process (PID=1053) to work on /home/airflow/.local/lib/python3.12/site-packages/airflow/example_dags/example_sensors.py
[2025-09-11T09:57:25.159+0000] {processor.py:914} INFO - Processing file /home/airflow/.local/lib/python3.12/site-packages/airflow/example_dags/example_sensors.py for tasks to queue
[2025-09-11T09:57:25.167+0000] {logging_mixin.py:190} INFO - [2025-09-11T09:57:25.166+0000] {dagbag.py:588} INFO - Filling up the DagBag from /home/airflow/.local/lib/python3.12/site-packages/airflow/example_dags/example_sensors.py
[2025-09-11T09:57:25.193+0000] {processor.py:925} INFO - DAG(s) 'example_sensors' retrieved from /home/airflow/.local/lib/python3.12/site-packages/airflow/example_dags/example_sensors.py
[2025-09-11T09:57:25.243+0000] {logging_mixin.py:190} INFO - [2025-09-11T09:57:25.242+0000] {dag.py:3239} INFO - Sync 1 DAGs
[2025-09-11T09:57:25.269+0000] {logging_mixin.py:190} INFO - [2025-09-11T09:57:25.269+0000] {dag.py:4180} INFO - Setting next_dagrun for example_sensors to None, run_after=None
[2025-09-11T09:57:25.299+0000] {processor.py:208} INFO - Processing /home/airflow/.local/lib/python3.12/site-packages/airflow/example_dags/example_sensors.py took 0.153 seconds
[2025-09-11T09:57:55.661+0000] {processor.py:186} INFO - Started process (PID=1116) to work on /home/airflow/.local/lib/python3.12/site-packages/airflow/example_dags/example_sensors.py
[2025-09-11T09:57:55.663+0000] {processor.py:914} INFO - Processing file /home/airflow/.local/lib/python3.12/site-packages/airflow/example_dags/example_sensors.py for tasks to queue
[2025-09-11T09:57:55.672+0000] {logging_mixin.py:190} INFO - [2025-09-11T09:57:55.671+0000] {dagbag.py:588} INFO - Filling up the DagBag from /home/airflow/.local/lib/python3.12/site-packages/airflow/example_dags/example_sensors.py
[2025-09-11T09:57:55.717+0000] {processor.py:925} INFO - DAG(s) 'example_sensors' retrieved from /home/airflow/.local/lib/python3.12/site-packages/airflow/example_dags/example_sensors.py
[2025-09-11T09:57:55.863+0000] {logging_mixin.py:190} INFO - [2025-09-11T09:57:55.862+0000] {dag.py:3239} INFO - Sync 1 DAGs
[2025-09-11T09:57:55.920+0000] {logging_mixin.py:190} INFO - [2025-09-11T09:57:55.919+0000] {dag.py:4180} INFO - Setting next_dagrun for example_sensors to None, run_after=None
[2025-09-11T09:57:56.010+0000] {processor.py:208} INFO - Processing /home/airflow/.local/lib/python3.12/site-packages/airflow/example_dags/example_sensors.py took 0.364 seconds
[2025-09-11T09:58:26.811+0000] {processor.py:186} INFO - Started process (PID=1179) to work on /home/airflow/.local/lib/python3.12/site-packages/airflow/example_dags/example_sensors.py
[2025-09-11T09:58:26.812+0000] {processor.py:914} INFO - Processing file /home/airflow/.local/lib/python3.12/site-packages/airflow/example_dags/example_sensors.py for tasks to queue
[2025-09-11T09:58:26.821+0000] {logging_mixin.py:190} INFO - [2025-09-11T09:58:26.820+0000] {dagbag.py:588} INFO - Filling up the DagBag from /home/airflow/.local/lib/python3.12/site-packages/airflow/example_dags/example_sensors.py
[2025-09-11T09:58:26.858+0000] {processor.py:925} INFO - DAG(s) 'example_sensors' retrieved from /home/airflow/.local/lib/python3.12/site-packages/airflow/example_dags/example_sensors.py
[2025-09-11T09:58:26.927+0000] {logging_mixin.py:190} INFO - [2025-09-11T09:58:26.927+0000] {dag.py:3239} INFO - Sync 1 DAGs
[2025-09-11T09:58:26.971+0000] {logging_mixin.py:190} INFO - [2025-09-11T09:58:26.971+0000] {dag.py:4180} INFO - Setting next_dagrun for example_sensors to None, run_after=None
[2025-09-11T09:58:27.035+0000] {processor.py:208} INFO - Processing /home/airflow/.local/lib/python3.12/site-packages/airflow/example_dags/example_sensors.py took 0.240 seconds
[2025-09-11T09:58:57.209+0000] {processor.py:186} INFO - Started process (PID=1240) to work on /home/airflow/.local/lib/python3.12/site-packages/airflow/example_dags/example_sensors.py
[2025-09-11T09:58:57.211+0000] {processor.py:914} INFO - Processing file /home/airflow/.local/lib/python3.12/site-packages/airflow/example_dags/example_sensors.py for tasks to queue
[2025-09-11T09:58:57.215+0000] {logging_mixin.py:190} INFO - [2025-09-11T09:58:57.215+0000] {dagbag.py:588} INFO - Filling up the DagBag from /home/airflow/.local/lib/python3.12/site-packages/airflow/example_dags/example_sensors.py
[2025-09-11T09:58:57.238+0000] {processor.py:925} INFO - DAG(s) 'example_sensors' retrieved from /home/airflow/.local/lib/python3.12/site-packages/airflow/example_dags/example_sensors.py
[2025-09-11T09:58:57.292+0000] {logging_mixin.py:190} INFO - [2025-09-11T09:58:57.291+0000] {dag.py:3239} INFO - Sync 1 DAGs
[2025-09-11T09:58:57.375+0000] {logging_mixin.py:190} INFO - [2025-09-11T09:58:57.375+0000] {dag.py:4180} INFO - Setting next_dagrun for example_sensors to None, run_after=None
[2025-09-11T09:58:57.441+0000] {processor.py:208} INFO - Processing /home/airflow/.local/lib/python3.12/site-packages/airflow/example_dags/example_sensors.py took 0.245 seconds
[2025-09-11T09:59:28.077+0000] {processor.py:186} INFO - Started process (PID=1302) to work on /home/airflow/.local/lib/python3.12/site-packages/airflow/example_dags/example_sensors.py
[2025-09-11T09:59:28.080+0000] {processor.py:914} INFO - Processing file /home/airflow/.local/lib/python3.12/site-packages/airflow/example_dags/example_sensors.py for tasks to queue
[2025-09-11T09:59:28.089+0000] {logging_mixin.py:190} INFO - [2025-09-11T09:59:28.088+0000] {dagbag.py:588} INFO - Filling up the DagBag from /home/airflow/.local/lib/python3.12/site-packages/airflow/example_dags/example_sensors.py
[2025-09-11T09:59:28.129+0000] {processor.py:925} INFO - DAG(s) 'example_sensors' retrieved from /home/airflow/.local/lib/python3.12/site-packages/airflow/example_dags/example_sensors.py
[2025-09-11T09:59:28.211+0000] {logging_mixin.py:190} INFO - [2025-09-11T09:59:28.211+0000] {dag.py:3239} INFO - Sync 1 DAGs
[2025-09-11T09:59:28.265+0000] {logging_mixin.py:190} INFO - [2025-09-11T09:59:28.265+0000] {dag.py:4180} INFO - Setting next_dagrun for example_sensors to None, run_after=None
[2025-09-11T09:59:28.352+0000] {processor.py:208} INFO - Processing /home/airflow/.local/lib/python3.12/site-packages/airflow/example_dags/example_sensors.py took 0.295 seconds
[2025-09-11T09:59:59.448+0000] {processor.py:186} INFO - Started process (PID=1364) to work on /home/airflow/.local/lib/python3.12/site-packages/airflow/example_dags/example_sensors.py
[2025-09-11T09:59:59.450+0000] {processor.py:914} INFO - Processing file /home/airflow/.local/lib/python3.12/site-packages/airflow/example_dags/example_sensors.py for tasks to queue
[2025-09-11T09:59:59.457+0000] {logging_mixin.py:190} INFO - [2025-09-11T09:59:59.457+0000] {dagbag.py:588} INFO - Filling up the DagBag from /home/airflow/.local/lib/python3.12/site-packages/airflow/example_dags/example_sensors.py
[2025-09-11T09:59:59.485+0000] {processor.py:925} INFO - DAG(s) 'example_sensors' retrieved from /home/airflow/.local/lib/python3.12/site-packages/airflow/example_dags/example_sensors.py
[2025-09-11T09:59:59.535+0000] {logging_mixin.py:190} INFO - [2025-09-11T09:59:59.535+0000] {dag.py:3239} INFO - Sync 1 DAGs
[2025-09-11T09:59:59.567+0000] {logging_mixin.py:190} INFO - [2025-09-11T09:59:59.567+0000] {dag.py:4180} INFO - Setting next_dagrun for example_sensors to None, run_after=None
[2025-09-11T09:59:59.606+0000] {processor.py:208} INFO - Processing /home/airflow/.local/lib/python3.12/site-packages/airflow/example_dags/example_sensors.py took 0.185 seconds
[2025-09-11T10:00:29.838+0000] {processor.py:186} INFO - Started process (PID=1427) to work on /home/airflow/.local/lib/python3.12/site-packages/airflow/example_dags/example_sensors.py
[2025-09-11T10:00:29.839+0000] {processor.py:914} INFO - Processing file /home/airflow/.local/lib/python3.12/site-packages/airflow/example_dags/example_sensors.py for tasks to queue
[2025-09-11T10:00:29.844+0000] {logging_mixin.py:190} INFO - [2025-09-11T10:00:29.843+0000] {dagbag.py:588} INFO - Filling up the DagBag from /home/airflow/.local/lib/python3.12/site-packages/airflow/example_dags/example_sensors.py
[2025-09-11T10:00:29.870+0000] {processor.py:925} INFO - DAG(s) 'example_sensors' retrieved from /home/airflow/.local/lib/python3.12/site-packages/airflow/example_dags/example_sensors.py
[2025-09-11T10:00:29.931+0000] {logging_mixin.py:190} INFO - [2025-09-11T10:00:29.930+0000] {dag.py:3239} INFO - Sync 1 DAGs
[2025-09-11T10:00:30.009+0000] {logging_mixin.py:190} INFO - [2025-09-11T10:00:30.009+0000] {dag.py:4180} INFO - Setting next_dagrun for example_sensors to None, run_after=None
[2025-09-11T10:00:30.112+0000] {processor.py:208} INFO - Processing /home/airflow/.local/lib/python3.12/site-packages/airflow/example_dags/example_sensors.py took 0.290 seconds
[2025-09-11T10:01:00.760+0000] {processor.py:186} INFO - Started process (PID=1490) to work on /home/airflow/.local/lib/python3.12/site-packages/airflow/example_dags/example_sensors.py
[2025-09-11T10:01:00.762+0000] {processor.py:914} INFO - Processing file /home/airflow/.local/lib/python3.12/site-packages/airflow/example_dags/example_sensors.py for tasks to queue
[2025-09-11T10:01:00.766+0000] {logging_mixin.py:190} INFO - [2025-09-11T10:01:00.766+0000] {dagbag.py:588} INFO - Filling up the DagBag from /home/airflow/.local/lib/python3.12/site-packages/airflow/example_dags/example_sensors.py
[2025-09-11T10:01:00.789+0000] {processor.py:925} INFO - DAG(s) 'example_sensors' retrieved from /home/airflow/.local/lib/python3.12/site-packages/airflow/example_dags/example_sensors.py
[2025-09-11T10:01:00.839+0000] {logging_mixin.py:190} INFO - [2025-09-11T10:01:00.839+0000] {dag.py:3239} INFO - Sync 1 DAGs
[2025-09-11T10:01:00.873+0000] {logging_mixin.py:190} INFO - [2025-09-11T10:01:00.873+0000] {dag.py:4180} INFO - Setting next_dagrun for example_sensors to None, run_after=None
[2025-09-11T10:01:00.910+0000] {processor.py:208} INFO - Processing /home/airflow/.local/lib/python3.12/site-packages/airflow/example_dags/example_sensors.py took 0.162 seconds
[2025-09-11T10:01:31.085+0000] {processor.py:186} INFO - Started process (PID=1552) to work on /home/airflow/.local/lib/python3.12/site-packages/airflow/example_dags/example_sensors.py
[2025-09-11T10:01:31.088+0000] {processor.py:914} INFO - Processing file /home/airflow/.local/lib/python3.12/site-packages/airflow/example_dags/example_sensors.py for tasks to queue
[2025-09-11T10:01:31.092+0000] {logging_mixin.py:190} INFO - [2025-09-11T10:01:31.091+0000] {dagbag.py:588} INFO - Filling up the DagBag from /home/airflow/.local/lib/python3.12/site-packages/airflow/example_dags/example_sensors.py
[2025-09-11T10:01:31.112+0000] {processor.py:925} INFO - DAG(s) 'example_sensors' retrieved from /home/airflow/.local/lib/python3.12/site-packages/airflow/example_dags/example_sensors.py
[2025-09-11T10:01:31.155+0000] {logging_mixin.py:190} INFO - [2025-09-11T10:01:31.155+0000] {dag.py:3239} INFO - Sync 1 DAGs
[2025-09-11T10:01:31.178+0000] {logging_mixin.py:190} INFO - [2025-09-11T10:01:31.177+0000] {dag.py:4180} INFO - Setting next_dagrun for example_sensors to None, run_after=None
[2025-09-11T10:01:31.220+0000] {processor.py:208} INFO - Processing /home/airflow/.local/lib/python3.12/site-packages/airflow/example_dags/example_sensors.py took 0.149 seconds
[2025-09-11T10:02:01.728+0000] {processor.py:186} INFO - Started process (PID=1615) to work on /home/airflow/.local/lib/python3.12/site-packages/airflow/example_dags/example_sensors.py
[2025-09-11T10:02:01.730+0000] {processor.py:914} INFO - Processing file /home/airflow/.local/lib/python3.12/site-packages/airflow/example_dags/example_sensors.py for tasks to queue
[2025-09-11T10:02:01.739+0000] {logging_mixin.py:190} INFO - [2025-09-11T10:02:01.738+0000] {dagbag.py:588} INFO - Filling up the DagBag from /home/airflow/.local/lib/python3.12/site-packages/airflow/example_dags/example_sensors.py
[2025-09-11T10:02:01.759+0000] {processor.py:925} INFO - DAG(s) 'example_sensors' retrieved from /home/airflow/.local/lib/python3.12/site-packages/airflow/example_dags/example_sensors.py
[2025-09-11T10:02:01.807+0000] {logging_mixin.py:190} INFO - [2025-09-11T10:02:01.806+0000] {dag.py:3239} INFO - Sync 1 DAGs
[2025-09-11T10:02:01.833+0000] {logging_mixin.py:190} INFO - [2025-09-11T10:02:01.832+0000] {dag.py:4180} INFO - Setting next_dagrun for example_sensors to None, run_after=None
[2025-09-11T10:02:01.876+0000] {processor.py:208} INFO - Processing /home/airflow/.local/lib/python3.12/site-packages/airflow/example_dags/example_sensors.py took 0.169 seconds
[2025-09-11T10:02:32.609+0000] {processor.py:186} INFO - Started process (PID=1678) to work on /home/airflow/.local/lib/python3.12/site-packages/airflow/example_dags/example_sensors.py
[2025-09-11T10:02:32.611+0000] {processor.py:914} INFO - Processing file /home/airflow/.local/lib/python3.12/site-packages/airflow/example_dags/example_sensors.py for tasks to queue
[2025-09-11T10:02:32.617+0000] {logging_mixin.py:190} INFO - [2025-09-11T10:02:32.617+0000] {dagbag.py:588} INFO - Filling up the DagBag from /home/airflow/.local/lib/python3.12/site-packages/airflow/example_dags/example_sensors.py
[2025-09-11T10:02:32.652+0000] {processor.py:925} INFO - DAG(s) 'example_sensors' retrieved from /home/airflow/.local/lib/python3.12/site-packages/airflow/example_dags/example_sensors.py
[2025-09-11T10:02:32.723+0000] {logging_mixin.py:190} INFO - [2025-09-11T10:02:32.723+0000] {dag.py:3239} INFO - Sync 1 DAGs
[2025-09-11T10:02:32.803+0000] {logging_mixin.py:190} INFO - [2025-09-11T10:02:32.802+0000] {dag.py:4180} INFO - Setting next_dagrun for example_sensors to None, run_after=None
[2025-09-11T10:02:32.914+0000] {processor.py:208} INFO - Processing /home/airflow/.local/lib/python3.12/site-packages/airflow/example_dags/example_sensors.py took 0.319 seconds
[2025-09-11T10:03:03.372+0000] {processor.py:186} INFO - Started process (PID=1740) to work on /home/airflow/.local/lib/python3.12/site-packages/airflow/example_dags/example_sensors.py
[2025-09-11T10:03:03.374+0000] {processor.py:914} INFO - Processing file /home/airflow/.local/lib/python3.12/site-packages/airflow/example_dags/example_sensors.py for tasks to queue
[2025-09-11T10:03:03.379+0000] {logging_mixin.py:190} INFO - [2025-09-11T10:03:03.378+0000] {dagbag.py:588} INFO - Filling up the DagBag from /home/airflow/.local/lib/python3.12/site-packages/airflow/example_dags/example_sensors.py
[2025-09-11T10:03:03.427+0000] {processor.py:925} INFO - DAG(s) 'example_sensors' retrieved from /home/airflow/.local/lib/python3.12/site-packages/airflow/example_dags/example_sensors.py
[2025-09-11T10:03:03.520+0000] {logging_mixin.py:190} INFO - [2025-09-11T10:03:03.519+0000] {dag.py:3239} INFO - Sync 1 DAGs
[2025-09-11T10:03:03.571+0000] {logging_mixin.py:190} INFO - [2025-09-11T10:03:03.571+0000] {dag.py:4180} INFO - Setting next_dagrun for example_sensors to None, run_after=None
[2025-09-11T10:03:03.654+0000] {processor.py:208} INFO - Processing /home/airflow/.local/lib/python3.12/site-packages/airflow/example_dags/example_sensors.py took 0.304 seconds
[2025-09-11T10:03:34.253+0000] {processor.py:186} INFO - Started process (PID=1804) to work on /home/airflow/.local/lib/python3.12/site-packages/airflow/example_dags/example_sensors.py
[2025-09-11T10:03:34.254+0000] {processor.py:914} INFO - Processing file /home/airflow/.local/lib/python3.12/site-packages/airflow/example_dags/example_sensors.py for tasks to queue
[2025-09-11T10:03:34.259+0000] {logging_mixin.py:190} INFO - [2025-09-11T10:03:34.259+0000] {dagbag.py:588} INFO - Filling up the DagBag from /home/airflow/.local/lib/python3.12/site-packages/airflow/example_dags/example_sensors.py
[2025-09-11T10:03:34.289+0000] {processor.py:925} INFO - DAG(s) 'example_sensors' retrieved from /home/airflow/.local/lib/python3.12/site-packages/airflow/example_dags/example_sensors.py
[2025-09-11T10:03:34.403+0000] {logging_mixin.py:190} INFO - [2025-09-11T10:03:34.402+0000] {dag.py:3239} INFO - Sync 1 DAGs
[2025-09-11T10:03:34.456+0000] {logging_mixin.py:190} INFO - [2025-09-11T10:03:34.456+0000] {dag.py:4180} INFO - Setting next_dagrun for example_sensors to None, run_after=None
[2025-09-11T10:03:34.525+0000] {processor.py:208} INFO - Processing /home/airflow/.local/lib/python3.12/site-packages/airflow/example_dags/example_sensors.py took 0.287 seconds
[2025-09-11T10:04:04.870+0000] {processor.py:186} INFO - Started process (PID=1866) to work on /home/airflow/.local/lib/python3.12/site-packages/airflow/example_dags/example_sensors.py
[2025-09-11T10:04:04.872+0000] {processor.py:914} INFO - Processing file /home/airflow/.local/lib/python3.12/site-packages/airflow/example_dags/example_sensors.py for tasks to queue
[2025-09-11T10:04:04.876+0000] {logging_mixin.py:190} INFO - [2025-09-11T10:04:04.876+0000] {dagbag.py:588} INFO - Filling up the DagBag from /home/airflow/.local/lib/python3.12/site-packages/airflow/example_dags/example_sensors.py
[2025-09-11T10:04:04.907+0000] {processor.py:925} INFO - DAG(s) 'example_sensors' retrieved from /home/airflow/.local/lib/python3.12/site-packages/airflow/example_dags/example_sensors.py
[2025-09-11T10:04:05.147+0000] {logging_mixin.py:190} INFO - [2025-09-11T10:04:05.147+0000] {dag.py:3239} INFO - Sync 1 DAGs
[2025-09-11T10:04:05.176+0000] {logging_mixin.py:190} INFO - [2025-09-11T10:04:05.176+0000] {dag.py:4180} INFO - Setting next_dagrun for example_sensors to None, run_after=None
[2025-09-11T10:04:05.209+0000] {processor.py:208} INFO - Processing /home/airflow/.local/lib/python3.12/site-packages/airflow/example_dags/example_sensors.py took 0.158 seconds
[2025-09-11T10:04:35.650+0000] {processor.py:186} INFO - Started process (PID=1930) to work on /home/airflow/.local/lib/python3.12/site-packages/airflow/example_dags/example_sensors.py
[2025-09-11T10:04:35.652+0000] {processor.py:914} INFO - Processing file /home/airflow/.local/lib/python3.12/site-packages/airflow/example_dags/example_sensors.py for tasks to queue
[2025-09-11T10:04:35.656+0000] {logging_mixin.py:190} INFO - [2025-09-11T10:04:35.656+0000] {dagbag.py:588} INFO - Filling up the DagBag from /home/airflow/.local/lib/python3.12/site-packages/airflow/example_dags/example_sensors.py
[2025-09-11T10:04:35.685+0000] {processor.py:925} INFO - DAG(s) 'example_sensors' retrieved from /home/airflow/.local/lib/python3.12/site-packages/airflow/example_dags/example_sensors.py
[2025-09-11T10:04:35.735+0000] {logging_mixin.py:190} INFO - [2025-09-11T10:04:35.734+0000] {dag.py:3239} INFO - Sync 1 DAGs
[2025-09-11T10:04:35.763+0000] {logging_mixin.py:190} INFO - [2025-09-11T10:04:35.763+0000] {dag.py:4180} INFO - Setting next_dagrun for example_sensors to None, run_after=None
[2025-09-11T10:04:35.823+0000] {processor.py:208} INFO - Processing /home/airflow/.local/lib/python3.12/site-packages/airflow/example_dags/example_sensors.py took 0.187 seconds
