[2025-09-11T09:49:33.141+0000] {processor.py:186} INFO - Started process (PID=90) to work on /home/airflow/.local/lib/python3.12/site-packages/airflow/example_dags/example_dataset_alias_with_no_taskflow.py
[2025-09-11T09:49:33.143+0000] {processor.py:914} INFO - Processing file /home/airflow/.local/lib/python3.12/site-packages/airflow/example_dags/example_dataset_alias_with_no_taskflow.py for tasks to queue
[2025-09-11T09:49:33.159+0000] {logging_mixin.py:190} INFO - [2025-09-11T09:49:33.158+0000] {dagbag.py:588} INFO - Filling up the DagBag from /home/airflow/.local/lib/python3.12/site-packages/airflow/example_dags/example_dataset_alias_with_no_taskflow.py
[2025-09-11T09:49:35.120+0000] {processor.py:925} INFO - DAG(s) 'dataset_alias_example_alias_producer_with_no_taskflow', 'dataset_alias_example_alias_consumer_with_no_taskflow', 'dataset_s3_bucket_consumer_with_no_taskflow', 'dataset_s3_bucket_producer_with_no_taskflow' retrieved from /home/airflow/.local/lib/python3.12/site-packages/airflow/example_dags/example_dataset_alias_with_no_taskflow.py
[2025-09-11T09:49:35.501+0000] {logging_mixin.py:190} INFO - [2025-09-11T09:49:35.500+0000] {override.py:1912} INFO - Created Permission View: can read on DAG:dataset_alias_example_alias_producer_with_no_taskflow
[2025-09-11T09:49:35.528+0000] {logging_mixin.py:190} INFO - [2025-09-11T09:49:35.528+0000] {override.py:1912} INFO - Created Permission View: can edit on DAG:dataset_alias_example_alias_producer_with_no_taskflow
[2025-09-11T09:49:35.546+0000] {logging_mixin.py:190} INFO - [2025-09-11T09:49:35.546+0000] {override.py:1912} INFO - Created Permission View: can delete on DAG:dataset_alias_example_alias_producer_with_no_taskflow
[2025-09-11T09:49:35.573+0000] {logging_mixin.py:190} INFO - [2025-09-11T09:49:35.572+0000] {override.py:1912} INFO - Created Permission View: can create on DAG Run:dataset_alias_example_alias_producer_with_no_taskflow
[2025-09-11T09:49:35.640+0000] {logging_mixin.py:190} INFO - [2025-09-11T09:49:35.639+0000] {override.py:1912} INFO - Created Permission View: can read on DAG Run:dataset_alias_example_alias_producer_with_no_taskflow
[2025-09-11T09:49:35.673+0000] {logging_mixin.py:190} INFO - [2025-09-11T09:49:35.672+0000] {override.py:1912} INFO - Created Permission View: can delete on DAG Run:dataset_alias_example_alias_producer_with_no_taskflow
[2025-09-11T09:49:35.694+0000] {logging_mixin.py:190} INFO - [2025-09-11T09:49:35.693+0000] {override.py:1912} INFO - Created Permission View: menu access on DAG Run:dataset_alias_example_alias_producer_with_no_taskflow
[2025-09-11T09:49:35.726+0000] {logging_mixin.py:190} INFO - [2025-09-11T09:49:35.726+0000] {override.py:1912} INFO - Created Permission View: can read on DAG:dataset_alias_example_alias_consumer_with_no_taskflow
[2025-09-11T09:49:35.739+0000] {logging_mixin.py:190} INFO - [2025-09-11T09:49:35.738+0000] {override.py:1912} INFO - Created Permission View: can edit on DAG:dataset_alias_example_alias_consumer_with_no_taskflow
[2025-09-11T09:49:35.755+0000] {logging_mixin.py:190} INFO - [2025-09-11T09:49:35.754+0000] {override.py:1912} INFO - Created Permission View: can delete on DAG:dataset_alias_example_alias_consumer_with_no_taskflow
[2025-09-11T09:49:35.775+0000] {logging_mixin.py:190} INFO - [2025-09-11T09:49:35.774+0000] {override.py:1912} INFO - Created Permission View: can create on DAG Run:dataset_alias_example_alias_consumer_with_no_taskflow
[2025-09-11T09:49:35.797+0000] {logging_mixin.py:190} INFO - [2025-09-11T09:49:35.796+0000] {override.py:1912} INFO - Created Permission View: can read on DAG Run:dataset_alias_example_alias_consumer_with_no_taskflow
[2025-09-11T09:49:35.831+0000] {logging_mixin.py:190} INFO - [2025-09-11T09:49:35.830+0000] {override.py:1912} INFO - Created Permission View: can delete on DAG Run:dataset_alias_example_alias_consumer_with_no_taskflow
[2025-09-11T09:49:35.865+0000] {logging_mixin.py:190} INFO - [2025-09-11T09:49:35.865+0000] {override.py:1912} INFO - Created Permission View: menu access on DAG Run:dataset_alias_example_alias_consumer_with_no_taskflow
[2025-09-11T09:49:35.930+0000] {logging_mixin.py:190} INFO - [2025-09-11T09:49:35.929+0000] {override.py:1912} INFO - Created Permission View: can read on DAG:dataset_s3_bucket_consumer_with_no_taskflow
[2025-09-11T09:49:35.968+0000] {logging_mixin.py:190} INFO - [2025-09-11T09:49:35.968+0000] {override.py:1912} INFO - Created Permission View: can edit on DAG:dataset_s3_bucket_consumer_with_no_taskflow
[2025-09-11T09:49:35.995+0000] {logging_mixin.py:190} INFO - [2025-09-11T09:49:35.995+0000] {override.py:1912} INFO - Created Permission View: can delete on DAG:dataset_s3_bucket_consumer_with_no_taskflow
[2025-09-11T09:49:36.018+0000] {logging_mixin.py:190} INFO - [2025-09-11T09:49:36.018+0000] {override.py:1912} INFO - Created Permission View: can create on DAG Run:dataset_s3_bucket_consumer_with_no_taskflow
[2025-09-11T09:49:36.038+0000] {logging_mixin.py:190} INFO - [2025-09-11T09:49:36.037+0000] {override.py:1912} INFO - Created Permission View: can read on DAG Run:dataset_s3_bucket_consumer_with_no_taskflow
[2025-09-11T09:49:36.055+0000] {logging_mixin.py:190} INFO - [2025-09-11T09:49:36.054+0000] {override.py:1912} INFO - Created Permission View: can delete on DAG Run:dataset_s3_bucket_consumer_with_no_taskflow
[2025-09-11T09:49:36.077+0000] {logging_mixin.py:190} INFO - [2025-09-11T09:49:36.076+0000] {override.py:1912} INFO - Created Permission View: menu access on DAG Run:dataset_s3_bucket_consumer_with_no_taskflow
[2025-09-11T09:49:36.112+0000] {logging_mixin.py:190} INFO - [2025-09-11T09:49:36.111+0000] {override.py:1912} INFO - Created Permission View: can read on DAG:dataset_s3_bucket_producer_with_no_taskflow
[2025-09-11T09:49:36.140+0000] {logging_mixin.py:190} INFO - [2025-09-11T09:49:36.140+0000] {override.py:1912} INFO - Created Permission View: can edit on DAG:dataset_s3_bucket_producer_with_no_taskflow
[2025-09-11T09:49:36.167+0000] {logging_mixin.py:190} INFO - [2025-09-11T09:49:36.167+0000] {override.py:1912} INFO - Created Permission View: can delete on DAG:dataset_s3_bucket_producer_with_no_taskflow
[2025-09-11T09:49:36.184+0000] {logging_mixin.py:190} INFO - [2025-09-11T09:49:36.183+0000] {override.py:1912} INFO - Created Permission View: can create on DAG Run:dataset_s3_bucket_producer_with_no_taskflow
[2025-09-11T09:49:36.201+0000] {logging_mixin.py:190} INFO - [2025-09-11T09:49:36.201+0000] {override.py:1912} INFO - Created Permission View: can read on DAG Run:dataset_s3_bucket_producer_with_no_taskflow
[2025-09-11T09:49:36.223+0000] {logging_mixin.py:190} INFO - [2025-09-11T09:49:36.222+0000] {override.py:1912} INFO - Created Permission View: can delete on DAG Run:dataset_s3_bucket_producer_with_no_taskflow
[2025-09-11T09:49:36.243+0000] {logging_mixin.py:190} INFO - [2025-09-11T09:49:36.242+0000] {override.py:1912} INFO - Created Permission View: menu access on DAG Run:dataset_s3_bucket_producer_with_no_taskflow
[2025-09-11T09:49:36.245+0000] {logging_mixin.py:190} INFO - [2025-09-11T09:49:36.244+0000] {dag.py:3239} INFO - Sync 4 DAGs
[2025-09-11T09:49:36.294+0000] {logging_mixin.py:190} INFO - [2025-09-11T09:49:36.293+0000] {dag.py:3262} INFO - Creating ORM DAG for dataset_s3_bucket_consumer_with_no_taskflow
[2025-09-11T09:49:36.297+0000] {logging_mixin.py:190} INFO - [2025-09-11T09:49:36.297+0000] {dag.py:3262} INFO - Creating ORM DAG for dataset_s3_bucket_producer_with_no_taskflow
[2025-09-11T09:49:36.301+0000] {logging_mixin.py:190} INFO - [2025-09-11T09:49:36.300+0000] {dag.py:3262} INFO - Creating ORM DAG for dataset_alias_example_alias_consumer_with_no_taskflow
[2025-09-11T09:49:36.302+0000] {logging_mixin.py:190} INFO - [2025-09-11T09:49:36.302+0000] {dag.py:3262} INFO - Creating ORM DAG for dataset_alias_example_alias_producer_with_no_taskflow
[2025-09-11T09:49:36.336+0000] {logging_mixin.py:190} INFO - [2025-09-11T09:49:36.336+0000] {dag.py:4180} INFO - Setting next_dagrun for dataset_alias_example_alias_consumer_with_no_taskflow to None, run_after=None
[2025-09-11T09:49:36.338+0000] {logging_mixin.py:190} INFO - [2025-09-11T09:49:36.338+0000] {dag.py:4180} INFO - Setting next_dagrun for dataset_alias_example_alias_producer_with_no_taskflow to None, run_after=None
[2025-09-11T09:49:36.340+0000] {logging_mixin.py:190} INFO - [2025-09-11T09:49:36.339+0000] {dag.py:4180} INFO - Setting next_dagrun for dataset_s3_bucket_consumer_with_no_taskflow to None, run_after=None
[2025-09-11T09:49:36.342+0000] {logging_mixin.py:190} INFO - [2025-09-11T09:49:36.341+0000] {dag.py:4180} INFO - Setting next_dagrun for dataset_s3_bucket_producer_with_no_taskflow to None, run_after=None
[2025-09-11T09:49:36.422+0000] {processor.py:208} INFO - Processing /home/airflow/.local/lib/python3.12/site-packages/airflow/example_dags/example_dataset_alias_with_no_taskflow.py took 3.300 seconds
[2025-09-11T09:50:06.547+0000] {processor.py:186} INFO - Started process (PID=153) to work on /home/airflow/.local/lib/python3.12/site-packages/airflow/example_dags/example_dataset_alias_with_no_taskflow.py
[2025-09-11T09:50:06.548+0000] {processor.py:914} INFO - Processing file /home/airflow/.local/lib/python3.12/site-packages/airflow/example_dags/example_dataset_alias_with_no_taskflow.py for tasks to queue
[2025-09-11T09:50:06.552+0000] {logging_mixin.py:190} INFO - [2025-09-11T09:50:06.552+0000] {dagbag.py:588} INFO - Filling up the DagBag from /home/airflow/.local/lib/python3.12/site-packages/airflow/example_dags/example_dataset_alias_with_no_taskflow.py
[2025-09-11T09:50:08.364+0000] {processor.py:925} INFO - DAG(s) 'dataset_alias_example_alias_consumer_with_no_taskflow', 'dataset_s3_bucket_producer_with_no_taskflow', 'dataset_alias_example_alias_producer_with_no_taskflow', 'dataset_s3_bucket_consumer_with_no_taskflow' retrieved from /home/airflow/.local/lib/python3.12/site-packages/airflow/example_dags/example_dataset_alias_with_no_taskflow.py
[2025-09-11T09:50:08.438+0000] {logging_mixin.py:190} INFO - [2025-09-11T09:50:08.437+0000] {dag.py:3239} INFO - Sync 4 DAGs
[2025-09-11T09:50:08.511+0000] {logging_mixin.py:190} INFO - [2025-09-11T09:50:08.511+0000] {dag.py:4180} INFO - Setting next_dagrun for dataset_alias_example_alias_consumer_with_no_taskflow to None, run_after=None
[2025-09-11T09:50:08.519+0000] {logging_mixin.py:190} INFO - [2025-09-11T09:50:08.518+0000] {dag.py:4180} INFO - Setting next_dagrun for dataset_alias_example_alias_producer_with_no_taskflow to None, run_after=None
[2025-09-11T09:50:08.527+0000] {logging_mixin.py:190} INFO - [2025-09-11T09:50:08.527+0000] {dag.py:4180} INFO - Setting next_dagrun for dataset_s3_bucket_consumer_with_no_taskflow to None, run_after=None
[2025-09-11T09:50:08.535+0000] {logging_mixin.py:190} INFO - [2025-09-11T09:50:08.535+0000] {dag.py:4180} INFO - Setting next_dagrun for dataset_s3_bucket_producer_with_no_taskflow to None, run_after=None
[2025-09-11T09:50:08.621+0000] {processor.py:208} INFO - Processing /home/airflow/.local/lib/python3.12/site-packages/airflow/example_dags/example_dataset_alias_with_no_taskflow.py took 2.090 seconds
[2025-09-11T09:50:39.312+0000] {processor.py:186} INFO - Started process (PID=217) to work on /home/airflow/.local/lib/python3.12/site-packages/airflow/example_dags/example_dataset_alias_with_no_taskflow.py
[2025-09-11T09:50:39.314+0000] {processor.py:914} INFO - Processing file /home/airflow/.local/lib/python3.12/site-packages/airflow/example_dags/example_dataset_alias_with_no_taskflow.py for tasks to queue
[2025-09-11T09:50:39.319+0000] {logging_mixin.py:190} INFO - [2025-09-11T09:50:39.318+0000] {dagbag.py:588} INFO - Filling up the DagBag from /home/airflow/.local/lib/python3.12/site-packages/airflow/example_dags/example_dataset_alias_with_no_taskflow.py
[2025-09-11T09:50:40.643+0000] {processor.py:925} INFO - DAG(s) 'dataset_alias_example_alias_producer_with_no_taskflow', 'dataset_s3_bucket_producer_with_no_taskflow', 'dataset_s3_bucket_consumer_with_no_taskflow', 'dataset_alias_example_alias_consumer_with_no_taskflow' retrieved from /home/airflow/.local/lib/python3.12/site-packages/airflow/example_dags/example_dataset_alias_with_no_taskflow.py
[2025-09-11T09:50:40.675+0000] {logging_mixin.py:190} INFO - [2025-09-11T09:50:40.674+0000] {dag.py:3239} INFO - Sync 4 DAGs
[2025-09-11T09:50:40.708+0000] {logging_mixin.py:190} INFO - [2025-09-11T09:50:40.708+0000] {dag.py:4180} INFO - Setting next_dagrun for dataset_alias_example_alias_consumer_with_no_taskflow to None, run_after=None
[2025-09-11T09:50:40.713+0000] {logging_mixin.py:190} INFO - [2025-09-11T09:50:40.712+0000] {dag.py:4180} INFO - Setting next_dagrun for dataset_alias_example_alias_producer_with_no_taskflow to None, run_after=None
[2025-09-11T09:50:40.715+0000] {logging_mixin.py:190} INFO - [2025-09-11T09:50:40.715+0000] {dag.py:4180} INFO - Setting next_dagrun for dataset_s3_bucket_consumer_with_no_taskflow to None, run_after=None
[2025-09-11T09:50:40.717+0000] {logging_mixin.py:190} INFO - [2025-09-11T09:50:40.717+0000] {dag.py:4180} INFO - Setting next_dagrun for dataset_s3_bucket_producer_with_no_taskflow to None, run_after=None
[2025-09-11T09:50:40.746+0000] {processor.py:208} INFO - Processing /home/airflow/.local/lib/python3.12/site-packages/airflow/example_dags/example_dataset_alias_with_no_taskflow.py took 1.443 seconds
[2025-09-11T09:51:11.572+0000] {processor.py:186} INFO - Started process (PID=289) to work on /home/airflow/.local/lib/python3.12/site-packages/airflow/example_dags/example_dataset_alias_with_no_taskflow.py
[2025-09-11T09:51:11.577+0000] {processor.py:914} INFO - Processing file /home/airflow/.local/lib/python3.12/site-packages/airflow/example_dags/example_dataset_alias_with_no_taskflow.py for tasks to queue
[2025-09-11T09:51:11.582+0000] {logging_mixin.py:190} INFO - [2025-09-11T09:51:11.581+0000] {dagbag.py:588} INFO - Filling up the DagBag from /home/airflow/.local/lib/python3.12/site-packages/airflow/example_dags/example_dataset_alias_with_no_taskflow.py
[2025-09-11T09:51:14.004+0000] {processor.py:925} INFO - DAG(s) 'dataset_s3_bucket_producer_with_no_taskflow', 'dataset_alias_example_alias_consumer_with_no_taskflow', 'dataset_s3_bucket_consumer_with_no_taskflow', 'dataset_alias_example_alias_producer_with_no_taskflow' retrieved from /home/airflow/.local/lib/python3.12/site-packages/airflow/example_dags/example_dataset_alias_with_no_taskflow.py
[2025-09-11T09:51:14.106+0000] {logging_mixin.py:190} INFO - [2025-09-11T09:51:14.100+0000] {dag.py:3239} INFO - Sync 4 DAGs
[2025-09-11T09:51:14.173+0000] {logging_mixin.py:190} INFO - [2025-09-11T09:51:14.172+0000] {dag.py:4180} INFO - Setting next_dagrun for dataset_alias_example_alias_consumer_with_no_taskflow to None, run_after=None
[2025-09-11T09:51:14.187+0000] {logging_mixin.py:190} INFO - [2025-09-11T09:51:14.186+0000] {dag.py:4180} INFO - Setting next_dagrun for dataset_alias_example_alias_producer_with_no_taskflow to None, run_after=None
[2025-09-11T09:51:14.196+0000] {logging_mixin.py:190} INFO - [2025-09-11T09:51:14.196+0000] {dag.py:4180} INFO - Setting next_dagrun for dataset_s3_bucket_consumer_with_no_taskflow to None, run_after=None
[2025-09-11T09:51:14.199+0000] {logging_mixin.py:190} INFO - [2025-09-11T09:51:14.199+0000] {dag.py:4180} INFO - Setting next_dagrun for dataset_s3_bucket_producer_with_no_taskflow to None, run_after=None
[2025-09-11T09:51:14.329+0000] {processor.py:208} INFO - Processing /home/airflow/.local/lib/python3.12/site-packages/airflow/example_dags/example_dataset_alias_with_no_taskflow.py took 2.770 seconds
[2025-09-11T09:51:44.540+0000] {processor.py:186} INFO - Started process (PID=357) to work on /home/airflow/.local/lib/python3.12/site-packages/airflow/example_dags/example_dataset_alias_with_no_taskflow.py
[2025-09-11T09:51:44.541+0000] {processor.py:914} INFO - Processing file /home/airflow/.local/lib/python3.12/site-packages/airflow/example_dags/example_dataset_alias_with_no_taskflow.py for tasks to queue
[2025-09-11T09:51:44.545+0000] {logging_mixin.py:190} INFO - [2025-09-11T09:51:44.545+0000] {dagbag.py:588} INFO - Filling up the DagBag from /home/airflow/.local/lib/python3.12/site-packages/airflow/example_dags/example_dataset_alias_with_no_taskflow.py
[2025-09-11T09:51:45.733+0000] {processor.py:925} INFO - DAG(s) 'dataset_alias_example_alias_consumer_with_no_taskflow', 'dataset_s3_bucket_consumer_with_no_taskflow', 'dataset_alias_example_alias_producer_with_no_taskflow', 'dataset_s3_bucket_producer_with_no_taskflow' retrieved from /home/airflow/.local/lib/python3.12/site-packages/airflow/example_dags/example_dataset_alias_with_no_taskflow.py
[2025-09-11T09:51:45.770+0000] {logging_mixin.py:190} INFO - [2025-09-11T09:51:45.770+0000] {dag.py:3239} INFO - Sync 4 DAGs
[2025-09-11T09:51:45.802+0000] {logging_mixin.py:190} INFO - [2025-09-11T09:51:45.801+0000] {dag.py:4180} INFO - Setting next_dagrun for dataset_alias_example_alias_consumer_with_no_taskflow to None, run_after=None
[2025-09-11T09:51:45.807+0000] {logging_mixin.py:190} INFO - [2025-09-11T09:51:45.807+0000] {dag.py:4180} INFO - Setting next_dagrun for dataset_alias_example_alias_producer_with_no_taskflow to None, run_after=None
[2025-09-11T09:51:45.810+0000] {logging_mixin.py:190} INFO - [2025-09-11T09:51:45.810+0000] {dag.py:4180} INFO - Setting next_dagrun for dataset_s3_bucket_consumer_with_no_taskflow to None, run_after=None
[2025-09-11T09:51:45.815+0000] {logging_mixin.py:190} INFO - [2025-09-11T09:51:45.813+0000] {dag.py:4180} INFO - Setting next_dagrun for dataset_s3_bucket_producer_with_no_taskflow to None, run_after=None
[2025-09-11T09:51:45.857+0000] {processor.py:208} INFO - Processing /home/airflow/.local/lib/python3.12/site-packages/airflow/example_dags/example_dataset_alias_with_no_taskflow.py took 1.329 seconds
[2025-09-11T09:52:16.136+0000] {processor.py:186} INFO - Started process (PID=420) to work on /home/airflow/.local/lib/python3.12/site-packages/airflow/example_dags/example_dataset_alias_with_no_taskflow.py
[2025-09-11T09:52:16.139+0000] {processor.py:914} INFO - Processing file /home/airflow/.local/lib/python3.12/site-packages/airflow/example_dags/example_dataset_alias_with_no_taskflow.py for tasks to queue
[2025-09-11T09:52:16.143+0000] {logging_mixin.py:190} INFO - [2025-09-11T09:52:16.142+0000] {dagbag.py:588} INFO - Filling up the DagBag from /home/airflow/.local/lib/python3.12/site-packages/airflow/example_dags/example_dataset_alias_with_no_taskflow.py
[2025-09-11T09:52:17.560+0000] {processor.py:925} INFO - DAG(s) 'dataset_s3_bucket_producer_with_no_taskflow', 'dataset_s3_bucket_consumer_with_no_taskflow', 'dataset_alias_example_alias_consumer_with_no_taskflow', 'dataset_alias_example_alias_producer_with_no_taskflow' retrieved from /home/airflow/.local/lib/python3.12/site-packages/airflow/example_dags/example_dataset_alias_with_no_taskflow.py
[2025-09-11T09:52:17.636+0000] {logging_mixin.py:190} INFO - [2025-09-11T09:52:17.633+0000] {dag.py:3239} INFO - Sync 4 DAGs
[2025-09-11T09:52:17.704+0000] {logging_mixin.py:190} INFO - [2025-09-11T09:52:17.703+0000] {dag.py:4180} INFO - Setting next_dagrun for dataset_alias_example_alias_consumer_with_no_taskflow to None, run_after=None
[2025-09-11T09:52:17.712+0000] {logging_mixin.py:190} INFO - [2025-09-11T09:52:17.711+0000] {dag.py:4180} INFO - Setting next_dagrun for dataset_alias_example_alias_producer_with_no_taskflow to None, run_after=None
[2025-09-11T09:52:17.721+0000] {logging_mixin.py:190} INFO - [2025-09-11T09:52:17.720+0000] {dag.py:4180} INFO - Setting next_dagrun for dataset_s3_bucket_consumer_with_no_taskflow to None, run_after=None
[2025-09-11T09:52:17.731+0000] {logging_mixin.py:190} INFO - [2025-09-11T09:52:17.730+0000] {dag.py:4180} INFO - Setting next_dagrun for dataset_s3_bucket_producer_with_no_taskflow to None, run_after=None
[2025-09-11T09:52:17.800+0000] {processor.py:208} INFO - Processing /home/airflow/.local/lib/python3.12/site-packages/airflow/example_dags/example_dataset_alias_with_no_taskflow.py took 1.671 seconds
[2025-09-11T09:52:47.971+0000] {processor.py:186} INFO - Started process (PID=487) to work on /home/airflow/.local/lib/python3.12/site-packages/airflow/example_dags/example_dataset_alias_with_no_taskflow.py
[2025-09-11T09:52:47.973+0000] {processor.py:914} INFO - Processing file /home/airflow/.local/lib/python3.12/site-packages/airflow/example_dags/example_dataset_alias_with_no_taskflow.py for tasks to queue
[2025-09-11T09:52:47.979+0000] {logging_mixin.py:190} INFO - [2025-09-11T09:52:47.978+0000] {dagbag.py:588} INFO - Filling up the DagBag from /home/airflow/.local/lib/python3.12/site-packages/airflow/example_dags/example_dataset_alias_with_no_taskflow.py
[2025-09-11T09:52:49.285+0000] {processor.py:925} INFO - DAG(s) 'dataset_alias_example_alias_consumer_with_no_taskflow', 'dataset_s3_bucket_producer_with_no_taskflow', 'dataset_s3_bucket_consumer_with_no_taskflow', 'dataset_alias_example_alias_producer_with_no_taskflow' retrieved from /home/airflow/.local/lib/python3.12/site-packages/airflow/example_dags/example_dataset_alias_with_no_taskflow.py
[2025-09-11T09:52:49.332+0000] {logging_mixin.py:190} INFO - [2025-09-11T09:52:49.331+0000] {dag.py:3239} INFO - Sync 4 DAGs
[2025-09-11T09:52:49.374+0000] {logging_mixin.py:190} INFO - [2025-09-11T09:52:49.374+0000] {dag.py:4180} INFO - Setting next_dagrun for dataset_alias_example_alias_consumer_with_no_taskflow to None, run_after=None
[2025-09-11T09:52:49.380+0000] {logging_mixin.py:190} INFO - [2025-09-11T09:52:49.380+0000] {dag.py:4180} INFO - Setting next_dagrun for dataset_alias_example_alias_producer_with_no_taskflow to None, run_after=None
[2025-09-11T09:52:49.385+0000] {logging_mixin.py:190} INFO - [2025-09-11T09:52:49.384+0000] {dag.py:4180} INFO - Setting next_dagrun for dataset_s3_bucket_consumer_with_no_taskflow to None, run_after=None
[2025-09-11T09:52:49.390+0000] {logging_mixin.py:190} INFO - [2025-09-11T09:52:49.390+0000] {dag.py:4180} INFO - Setting next_dagrun for dataset_s3_bucket_producer_with_no_taskflow to None, run_after=None
[2025-09-11T09:52:49.439+0000] {processor.py:208} INFO - Processing /home/airflow/.local/lib/python3.12/site-packages/airflow/example_dags/example_dataset_alias_with_no_taskflow.py took 1.478 seconds
[2025-09-11T09:53:19.541+0000] {processor.py:186} INFO - Started process (PID=552) to work on /home/airflow/.local/lib/python3.12/site-packages/airflow/example_dags/example_dataset_alias_with_no_taskflow.py
[2025-09-11T09:53:19.543+0000] {processor.py:914} INFO - Processing file /home/airflow/.local/lib/python3.12/site-packages/airflow/example_dags/example_dataset_alias_with_no_taskflow.py for tasks to queue
[2025-09-11T09:53:19.546+0000] {logging_mixin.py:190} INFO - [2025-09-11T09:53:19.546+0000] {dagbag.py:588} INFO - Filling up the DagBag from /home/airflow/.local/lib/python3.12/site-packages/airflow/example_dags/example_dataset_alias_with_no_taskflow.py
[2025-09-11T09:53:20.632+0000] {processor.py:925} INFO - DAG(s) 'dataset_alias_example_alias_producer_with_no_taskflow', 'dataset_alias_example_alias_consumer_with_no_taskflow', 'dataset_s3_bucket_consumer_with_no_taskflow', 'dataset_s3_bucket_producer_with_no_taskflow' retrieved from /home/airflow/.local/lib/python3.12/site-packages/airflow/example_dags/example_dataset_alias_with_no_taskflow.py
[2025-09-11T09:53:20.681+0000] {logging_mixin.py:190} INFO - [2025-09-11T09:53:20.679+0000] {dag.py:3239} INFO - Sync 4 DAGs
[2025-09-11T09:53:20.743+0000] {logging_mixin.py:190} INFO - [2025-09-11T09:53:20.742+0000] {dag.py:4180} INFO - Setting next_dagrun for dataset_alias_example_alias_consumer_with_no_taskflow to None, run_after=None
[2025-09-11T09:53:20.793+0000] {logging_mixin.py:190} INFO - [2025-09-11T09:53:20.792+0000] {dag.py:4180} INFO - Setting next_dagrun for dataset_alias_example_alias_producer_with_no_taskflow to None, run_after=None
[2025-09-11T09:53:20.796+0000] {logging_mixin.py:190} INFO - [2025-09-11T09:53:20.796+0000] {dag.py:4180} INFO - Setting next_dagrun for dataset_s3_bucket_consumer_with_no_taskflow to None, run_after=None
[2025-09-11T09:53:20.803+0000] {logging_mixin.py:190} INFO - [2025-09-11T09:53:20.799+0000] {dag.py:4180} INFO - Setting next_dagrun for dataset_s3_bucket_producer_with_no_taskflow to None, run_after=None
[2025-09-11T09:53:20.860+0000] {processor.py:208} INFO - Processing /home/airflow/.local/lib/python3.12/site-packages/airflow/example_dags/example_dataset_alias_with_no_taskflow.py took 1.330 seconds
[2025-09-11T09:53:51.425+0000] {processor.py:186} INFO - Started process (PID=616) to work on /home/airflow/.local/lib/python3.12/site-packages/airflow/example_dags/example_dataset_alias_with_no_taskflow.py
[2025-09-11T09:53:51.429+0000] {processor.py:914} INFO - Processing file /home/airflow/.local/lib/python3.12/site-packages/airflow/example_dags/example_dataset_alias_with_no_taskflow.py for tasks to queue
[2025-09-11T09:53:51.442+0000] {logging_mixin.py:190} INFO - [2025-09-11T09:53:51.442+0000] {dagbag.py:588} INFO - Filling up the DagBag from /home/airflow/.local/lib/python3.12/site-packages/airflow/example_dags/example_dataset_alias_with_no_taskflow.py
[2025-09-11T09:53:55.296+0000] {processor.py:925} INFO - DAG(s) 'dataset_alias_example_alias_producer_with_no_taskflow', 'dataset_alias_example_alias_consumer_with_no_taskflow', 'dataset_s3_bucket_producer_with_no_taskflow', 'dataset_s3_bucket_consumer_with_no_taskflow' retrieved from /home/airflow/.local/lib/python3.12/site-packages/airflow/example_dags/example_dataset_alias_with_no_taskflow.py
[2025-09-11T09:53:55.447+0000] {logging_mixin.py:190} INFO - [2025-09-11T09:53:55.446+0000] {dag.py:3239} INFO - Sync 4 DAGs
[2025-09-11T09:53:55.629+0000] {logging_mixin.py:190} INFO - [2025-09-11T09:53:55.628+0000] {dag.py:4180} INFO - Setting next_dagrun for dataset_alias_example_alias_consumer_with_no_taskflow to None, run_after=None
[2025-09-11T09:53:55.661+0000] {logging_mixin.py:190} INFO - [2025-09-11T09:53:55.659+0000] {dag.py:4180} INFO - Setting next_dagrun for dataset_alias_example_alias_producer_with_no_taskflow to None, run_after=None
[2025-09-11T09:53:55.677+0000] {logging_mixin.py:190} INFO - [2025-09-11T09:53:55.673+0000] {dag.py:4180} INFO - Setting next_dagrun for dataset_s3_bucket_consumer_with_no_taskflow to None, run_after=None
[2025-09-11T09:53:55.704+0000] {logging_mixin.py:190} INFO - [2025-09-11T09:53:55.704+0000] {dag.py:4180} INFO - Setting next_dagrun for dataset_s3_bucket_producer_with_no_taskflow to None, run_after=None
[2025-09-11T09:53:55.837+0000] {processor.py:208} INFO - Processing /home/airflow/.local/lib/python3.12/site-packages/airflow/example_dags/example_dataset_alias_with_no_taskflow.py took 4.446 seconds
[2025-09-11T09:54:26.101+0000] {processor.py:186} INFO - Started process (PID=682) to work on /home/airflow/.local/lib/python3.12/site-packages/airflow/example_dags/example_dataset_alias_with_no_taskflow.py
[2025-09-11T09:54:26.103+0000] {processor.py:914} INFO - Processing file /home/airflow/.local/lib/python3.12/site-packages/airflow/example_dags/example_dataset_alias_with_no_taskflow.py for tasks to queue
[2025-09-11T09:54:26.109+0000] {logging_mixin.py:190} INFO - [2025-09-11T09:54:26.108+0000] {dagbag.py:588} INFO - Filling up the DagBag from /home/airflow/.local/lib/python3.12/site-packages/airflow/example_dags/example_dataset_alias_with_no_taskflow.py
[2025-09-11T09:54:27.238+0000] {processor.py:925} INFO - DAG(s) 'dataset_s3_bucket_producer_with_no_taskflow', 'dataset_s3_bucket_consumer_with_no_taskflow', 'dataset_alias_example_alias_producer_with_no_taskflow', 'dataset_alias_example_alias_consumer_with_no_taskflow' retrieved from /home/airflow/.local/lib/python3.12/site-packages/airflow/example_dags/example_dataset_alias_with_no_taskflow.py
[2025-09-11T09:54:27.295+0000] {logging_mixin.py:190} INFO - [2025-09-11T09:54:27.294+0000] {dag.py:3239} INFO - Sync 4 DAGs
[2025-09-11T09:54:27.338+0000] {logging_mixin.py:190} INFO - [2025-09-11T09:54:27.338+0000] {dag.py:4180} INFO - Setting next_dagrun for dataset_alias_example_alias_consumer_with_no_taskflow to None, run_after=None
[2025-09-11T09:54:27.343+0000] {logging_mixin.py:190} INFO - [2025-09-11T09:54:27.342+0000] {dag.py:4180} INFO - Setting next_dagrun for dataset_alias_example_alias_producer_with_no_taskflow to None, run_after=None
[2025-09-11T09:54:27.346+0000] {logging_mixin.py:190} INFO - [2025-09-11T09:54:27.346+0000] {dag.py:4180} INFO - Setting next_dagrun for dataset_s3_bucket_consumer_with_no_taskflow to None, run_after=None
[2025-09-11T09:54:27.350+0000] {logging_mixin.py:190} INFO - [2025-09-11T09:54:27.349+0000] {dag.py:4180} INFO - Setting next_dagrun for dataset_s3_bucket_producer_with_no_taskflow to None, run_after=None
[2025-09-11T09:54:27.382+0000] {processor.py:208} INFO - Processing /home/airflow/.local/lib/python3.12/site-packages/airflow/example_dags/example_dataset_alias_with_no_taskflow.py took 1.297 seconds
[2025-09-11T09:54:57.514+0000] {processor.py:186} INFO - Started process (PID=745) to work on /home/airflow/.local/lib/python3.12/site-packages/airflow/example_dags/example_dataset_alias_with_no_taskflow.py
[2025-09-11T09:54:57.518+0000] {processor.py:914} INFO - Processing file /home/airflow/.local/lib/python3.12/site-packages/airflow/example_dags/example_dataset_alias_with_no_taskflow.py for tasks to queue
[2025-09-11T09:54:57.523+0000] {logging_mixin.py:190} INFO - [2025-09-11T09:54:57.523+0000] {dagbag.py:588} INFO - Filling up the DagBag from /home/airflow/.local/lib/python3.12/site-packages/airflow/example_dags/example_dataset_alias_with_no_taskflow.py
[2025-09-11T09:54:58.979+0000] {processor.py:925} INFO - DAG(s) 'dataset_alias_example_alias_consumer_with_no_taskflow', 'dataset_s3_bucket_consumer_with_no_taskflow', 'dataset_alias_example_alias_producer_with_no_taskflow', 'dataset_s3_bucket_producer_with_no_taskflow' retrieved from /home/airflow/.local/lib/python3.12/site-packages/airflow/example_dags/example_dataset_alias_with_no_taskflow.py
[2025-09-11T09:54:59.069+0000] {logging_mixin.py:190} INFO - [2025-09-11T09:54:59.068+0000] {dag.py:3239} INFO - Sync 4 DAGs
[2025-09-11T09:54:59.114+0000] {logging_mixin.py:190} INFO - [2025-09-11T09:54:59.113+0000] {dag.py:4180} INFO - Setting next_dagrun for dataset_alias_example_alias_consumer_with_no_taskflow to None, run_after=None
[2025-09-11T09:54:59.119+0000] {logging_mixin.py:190} INFO - [2025-09-11T09:54:59.119+0000] {dag.py:4180} INFO - Setting next_dagrun for dataset_alias_example_alias_producer_with_no_taskflow to None, run_after=None
[2025-09-11T09:54:59.123+0000] {logging_mixin.py:190} INFO - [2025-09-11T09:54:59.122+0000] {dag.py:4180} INFO - Setting next_dagrun for dataset_s3_bucket_consumer_with_no_taskflow to None, run_after=None
[2025-09-11T09:54:59.126+0000] {logging_mixin.py:190} INFO - [2025-09-11T09:54:59.125+0000] {dag.py:4180} INFO - Setting next_dagrun for dataset_s3_bucket_producer_with_no_taskflow to None, run_after=None
[2025-09-11T09:54:59.182+0000] {processor.py:208} INFO - Processing /home/airflow/.local/lib/python3.12/site-packages/airflow/example_dags/example_dataset_alias_with_no_taskflow.py took 1.684 seconds
[2025-09-11T09:55:29.356+0000] {processor.py:186} INFO - Started process (PID=810) to work on /home/airflow/.local/lib/python3.12/site-packages/airflow/example_dags/example_dataset_alias_with_no_taskflow.py
[2025-09-11T09:55:29.358+0000] {processor.py:914} INFO - Processing file /home/airflow/.local/lib/python3.12/site-packages/airflow/example_dags/example_dataset_alias_with_no_taskflow.py for tasks to queue
[2025-09-11T09:55:29.364+0000] {logging_mixin.py:190} INFO - [2025-09-11T09:55:29.363+0000] {dagbag.py:588} INFO - Filling up the DagBag from /home/airflow/.local/lib/python3.12/site-packages/airflow/example_dags/example_dataset_alias_with_no_taskflow.py
[2025-09-11T09:55:30.959+0000] {processor.py:925} INFO - DAG(s) 'dataset_alias_example_alias_consumer_with_no_taskflow', 'dataset_alias_example_alias_producer_with_no_taskflow', 'dataset_s3_bucket_producer_with_no_taskflow', 'dataset_s3_bucket_consumer_with_no_taskflow' retrieved from /home/airflow/.local/lib/python3.12/site-packages/airflow/example_dags/example_dataset_alias_with_no_taskflow.py
[2025-09-11T09:55:30.999+0000] {logging_mixin.py:190} INFO - [2025-09-11T09:55:30.998+0000] {dag.py:3239} INFO - Sync 4 DAGs
[2025-09-11T09:55:31.076+0000] {logging_mixin.py:190} INFO - [2025-09-11T09:55:31.075+0000] {dag.py:4180} INFO - Setting next_dagrun for dataset_alias_example_alias_consumer_with_no_taskflow to None, run_after=None
[2025-09-11T09:55:31.092+0000] {logging_mixin.py:190} INFO - [2025-09-11T09:55:31.091+0000] {dag.py:4180} INFO - Setting next_dagrun for dataset_alias_example_alias_producer_with_no_taskflow to None, run_after=None
[2025-09-11T09:55:31.097+0000] {logging_mixin.py:190} INFO - [2025-09-11T09:55:31.096+0000] {dag.py:4180} INFO - Setting next_dagrun for dataset_s3_bucket_consumer_with_no_taskflow to None, run_after=None
[2025-09-11T09:55:31.101+0000] {logging_mixin.py:190} INFO - [2025-09-11T09:55:31.100+0000] {dag.py:4180} INFO - Setting next_dagrun for dataset_s3_bucket_producer_with_no_taskflow to None, run_after=None
[2025-09-11T09:55:31.165+0000] {processor.py:208} INFO - Processing /home/airflow/.local/lib/python3.12/site-packages/airflow/example_dags/example_dataset_alias_with_no_taskflow.py took 1.830 seconds
[2025-09-11T09:56:01.364+0000] {processor.py:186} INFO - Started process (PID=876) to work on /home/airflow/.local/lib/python3.12/site-packages/airflow/example_dags/example_dataset_alias_with_no_taskflow.py
[2025-09-11T09:56:01.365+0000] {processor.py:914} INFO - Processing file /home/airflow/.local/lib/python3.12/site-packages/airflow/example_dags/example_dataset_alias_with_no_taskflow.py for tasks to queue
[2025-09-11T09:56:01.370+0000] {logging_mixin.py:190} INFO - [2025-09-11T09:56:01.370+0000] {dagbag.py:588} INFO - Filling up the DagBag from /home/airflow/.local/lib/python3.12/site-packages/airflow/example_dags/example_dataset_alias_with_no_taskflow.py
[2025-09-11T09:56:03.416+0000] {processor.py:925} INFO - DAG(s) 'dataset_alias_example_alias_consumer_with_no_taskflow', 'dataset_s3_bucket_consumer_with_no_taskflow', 'dataset_s3_bucket_producer_with_no_taskflow', 'dataset_alias_example_alias_producer_with_no_taskflow' retrieved from /home/airflow/.local/lib/python3.12/site-packages/airflow/example_dags/example_dataset_alias_with_no_taskflow.py
[2025-09-11T09:56:03.458+0000] {logging_mixin.py:190} INFO - [2025-09-11T09:56:03.457+0000] {dag.py:3239} INFO - Sync 4 DAGs
[2025-09-11T09:56:03.512+0000] {logging_mixin.py:190} INFO - [2025-09-11T09:56:03.511+0000] {dag.py:4180} INFO - Setting next_dagrun for dataset_alias_example_alias_consumer_with_no_taskflow to None, run_after=None
[2025-09-11T09:56:03.520+0000] {logging_mixin.py:190} INFO - [2025-09-11T09:56:03.519+0000] {dag.py:4180} INFO - Setting next_dagrun for dataset_alias_example_alias_producer_with_no_taskflow to None, run_after=None
[2025-09-11T09:56:03.524+0000] {logging_mixin.py:190} INFO - [2025-09-11T09:56:03.523+0000] {dag.py:4180} INFO - Setting next_dagrun for dataset_s3_bucket_consumer_with_no_taskflow to None, run_after=None
[2025-09-11T09:56:03.526+0000] {logging_mixin.py:190} INFO - [2025-09-11T09:56:03.526+0000] {dag.py:4180} INFO - Setting next_dagrun for dataset_s3_bucket_producer_with_no_taskflow to None, run_after=None
[2025-09-11T09:56:03.566+0000] {processor.py:208} INFO - Processing /home/airflow/.local/lib/python3.12/site-packages/airflow/example_dags/example_dataset_alias_with_no_taskflow.py took 1.937 seconds
[2025-09-11T09:56:33.807+0000] {processor.py:186} INFO - Started process (PID=941) to work on /home/airflow/.local/lib/python3.12/site-packages/airflow/example_dags/example_dataset_alias_with_no_taskflow.py
[2025-09-11T09:56:33.809+0000] {processor.py:914} INFO - Processing file /home/airflow/.local/lib/python3.12/site-packages/airflow/example_dags/example_dataset_alias_with_no_taskflow.py for tasks to queue
[2025-09-11T09:56:33.813+0000] {logging_mixin.py:190} INFO - [2025-09-11T09:56:33.812+0000] {dagbag.py:588} INFO - Filling up the DagBag from /home/airflow/.local/lib/python3.12/site-packages/airflow/example_dags/example_dataset_alias_with_no_taskflow.py
[2025-09-11T09:56:35.234+0000] {processor.py:925} INFO - DAG(s) 'dataset_s3_bucket_producer_with_no_taskflow', 'dataset_alias_example_alias_consumer_with_no_taskflow', 'dataset_alias_example_alias_producer_with_no_taskflow', 'dataset_s3_bucket_consumer_with_no_taskflow' retrieved from /home/airflow/.local/lib/python3.12/site-packages/airflow/example_dags/example_dataset_alias_with_no_taskflow.py
[2025-09-11T09:56:35.279+0000] {logging_mixin.py:190} INFO - [2025-09-11T09:56:35.277+0000] {dag.py:3239} INFO - Sync 4 DAGs
[2025-09-11T09:56:35.332+0000] {logging_mixin.py:190} INFO - [2025-09-11T09:56:35.332+0000] {dag.py:4180} INFO - Setting next_dagrun for dataset_alias_example_alias_consumer_with_no_taskflow to None, run_after=None
[2025-09-11T09:56:35.342+0000] {logging_mixin.py:190} INFO - [2025-09-11T09:56:35.341+0000] {dag.py:4180} INFO - Setting next_dagrun for dataset_alias_example_alias_producer_with_no_taskflow to None, run_after=None
[2025-09-11T09:56:35.355+0000] {logging_mixin.py:190} INFO - [2025-09-11T09:56:35.355+0000] {dag.py:4180} INFO - Setting next_dagrun for dataset_s3_bucket_consumer_with_no_taskflow to None, run_after=None
[2025-09-11T09:56:35.362+0000] {logging_mixin.py:190} INFO - [2025-09-11T09:56:35.362+0000] {dag.py:4180} INFO - Setting next_dagrun for dataset_s3_bucket_producer_with_no_taskflow to None, run_after=None
[2025-09-11T09:56:35.442+0000] {processor.py:208} INFO - Processing /home/airflow/.local/lib/python3.12/site-packages/airflow/example_dags/example_dataset_alias_with_no_taskflow.py took 1.648 seconds
[2025-09-11T09:57:05.767+0000] {processor.py:186} INFO - Started process (PID=1007) to work on /home/airflow/.local/lib/python3.12/site-packages/airflow/example_dags/example_dataset_alias_with_no_taskflow.py
[2025-09-11T09:57:05.772+0000] {processor.py:914} INFO - Processing file /home/airflow/.local/lib/python3.12/site-packages/airflow/example_dags/example_dataset_alias_with_no_taskflow.py for tasks to queue
[2025-09-11T09:57:05.777+0000] {logging_mixin.py:190} INFO - [2025-09-11T09:57:05.776+0000] {dagbag.py:588} INFO - Filling up the DagBag from /home/airflow/.local/lib/python3.12/site-packages/airflow/example_dags/example_dataset_alias_with_no_taskflow.py
[2025-09-11T09:57:07.811+0000] {processor.py:925} INFO - DAG(s) 'dataset_s3_bucket_producer_with_no_taskflow', 'dataset_alias_example_alias_producer_with_no_taskflow', 'dataset_alias_example_alias_consumer_with_no_taskflow', 'dataset_s3_bucket_consumer_with_no_taskflow' retrieved from /home/airflow/.local/lib/python3.12/site-packages/airflow/example_dags/example_dataset_alias_with_no_taskflow.py
[2025-09-11T09:57:07.873+0000] {logging_mixin.py:190} INFO - [2025-09-11T09:57:07.871+0000] {dag.py:3239} INFO - Sync 4 DAGs
[2025-09-11T09:57:07.916+0000] {logging_mixin.py:190} INFO - [2025-09-11T09:57:07.916+0000] {dag.py:4180} INFO - Setting next_dagrun for dataset_alias_example_alias_consumer_with_no_taskflow to None, run_after=None
[2025-09-11T09:57:07.922+0000] {logging_mixin.py:190} INFO - [2025-09-11T09:57:07.921+0000] {dag.py:4180} INFO - Setting next_dagrun for dataset_alias_example_alias_producer_with_no_taskflow to None, run_after=None
[2025-09-11T09:57:07.925+0000] {logging_mixin.py:190} INFO - [2025-09-11T09:57:07.924+0000] {dag.py:4180} INFO - Setting next_dagrun for dataset_s3_bucket_consumer_with_no_taskflow to None, run_after=None
[2025-09-11T09:57:07.930+0000] {logging_mixin.py:190} INFO - [2025-09-11T09:57:07.929+0000] {dag.py:4180} INFO - Setting next_dagrun for dataset_s3_bucket_producer_with_no_taskflow to None, run_after=None
[2025-09-11T09:57:08.002+0000] {processor.py:208} INFO - Processing /home/airflow/.local/lib/python3.12/site-packages/airflow/example_dags/example_dataset_alias_with_no_taskflow.py took 2.245 seconds
[2025-09-11T09:57:38.299+0000] {processor.py:186} INFO - Started process (PID=1071) to work on /home/airflow/.local/lib/python3.12/site-packages/airflow/example_dags/example_dataset_alias_with_no_taskflow.py
[2025-09-11T09:57:38.304+0000] {processor.py:914} INFO - Processing file /home/airflow/.local/lib/python3.12/site-packages/airflow/example_dags/example_dataset_alias_with_no_taskflow.py for tasks to queue
[2025-09-11T09:57:38.313+0000] {logging_mixin.py:190} INFO - [2025-09-11T09:57:38.309+0000] {dagbag.py:588} INFO - Filling up the DagBag from /home/airflow/.local/lib/python3.12/site-packages/airflow/example_dags/example_dataset_alias_with_no_taskflow.py
[2025-09-11T09:57:39.403+0000] {processor.py:925} INFO - DAG(s) 'dataset_alias_example_alias_consumer_with_no_taskflow', 'dataset_s3_bucket_producer_with_no_taskflow', 'dataset_s3_bucket_consumer_with_no_taskflow', 'dataset_alias_example_alias_producer_with_no_taskflow' retrieved from /home/airflow/.local/lib/python3.12/site-packages/airflow/example_dags/example_dataset_alias_with_no_taskflow.py
[2025-09-11T09:57:39.453+0000] {logging_mixin.py:190} INFO - [2025-09-11T09:57:39.452+0000] {dag.py:3239} INFO - Sync 4 DAGs
[2025-09-11T09:57:39.501+0000] {logging_mixin.py:190} INFO - [2025-09-11T09:57:39.499+0000] {dag.py:4180} INFO - Setting next_dagrun for dataset_alias_example_alias_consumer_with_no_taskflow to None, run_after=None
[2025-09-11T09:57:39.511+0000] {logging_mixin.py:190} INFO - [2025-09-11T09:57:39.511+0000] {dag.py:4180} INFO - Setting next_dagrun for dataset_alias_example_alias_producer_with_no_taskflow to None, run_after=None
[2025-09-11T09:57:39.514+0000] {logging_mixin.py:190} INFO - [2025-09-11T09:57:39.514+0000] {dag.py:4180} INFO - Setting next_dagrun for dataset_s3_bucket_consumer_with_no_taskflow to None, run_after=None
[2025-09-11T09:57:39.518+0000] {logging_mixin.py:190} INFO - [2025-09-11T09:57:39.517+0000] {dag.py:4180} INFO - Setting next_dagrun for dataset_s3_bucket_producer_with_no_taskflow to None, run_after=None
[2025-09-11T09:57:39.558+0000] {processor.py:208} INFO - Processing /home/airflow/.local/lib/python3.12/site-packages/airflow/example_dags/example_dataset_alias_with_no_taskflow.py took 1.277 seconds
[2025-09-11T09:58:09.779+0000] {processor.py:186} INFO - Started process (PID=1134) to work on /home/airflow/.local/lib/python3.12/site-packages/airflow/example_dags/example_dataset_alias_with_no_taskflow.py
[2025-09-11T09:58:09.781+0000] {processor.py:914} INFO - Processing file /home/airflow/.local/lib/python3.12/site-packages/airflow/example_dags/example_dataset_alias_with_no_taskflow.py for tasks to queue
[2025-09-11T09:58:09.788+0000] {logging_mixin.py:190} INFO - [2025-09-11T09:58:09.787+0000] {dagbag.py:588} INFO - Filling up the DagBag from /home/airflow/.local/lib/python3.12/site-packages/airflow/example_dags/example_dataset_alias_with_no_taskflow.py
[2025-09-11T09:58:11.549+0000] {processor.py:925} INFO - DAG(s) 'dataset_alias_example_alias_producer_with_no_taskflow', 'dataset_s3_bucket_consumer_with_no_taskflow', 'dataset_s3_bucket_producer_with_no_taskflow', 'dataset_alias_example_alias_consumer_with_no_taskflow' retrieved from /home/airflow/.local/lib/python3.12/site-packages/airflow/example_dags/example_dataset_alias_with_no_taskflow.py
[2025-09-11T09:58:11.591+0000] {logging_mixin.py:190} INFO - [2025-09-11T09:58:11.590+0000] {dag.py:3239} INFO - Sync 4 DAGs
[2025-09-11T09:58:11.657+0000] {logging_mixin.py:190} INFO - [2025-09-11T09:58:11.657+0000] {dag.py:4180} INFO - Setting next_dagrun for dataset_alias_example_alias_consumer_with_no_taskflow to None, run_after=None
[2025-09-11T09:58:11.674+0000] {logging_mixin.py:190} INFO - [2025-09-11T09:58:11.673+0000] {dag.py:4180} INFO - Setting next_dagrun for dataset_alias_example_alias_producer_with_no_taskflow to None, run_after=None
[2025-09-11T09:58:11.694+0000] {logging_mixin.py:190} INFO - [2025-09-11T09:58:11.693+0000] {dag.py:4180} INFO - Setting next_dagrun for dataset_s3_bucket_consumer_with_no_taskflow to None, run_after=None
[2025-09-11T09:58:11.697+0000] {logging_mixin.py:190} INFO - [2025-09-11T09:58:11.697+0000] {dag.py:4180} INFO - Setting next_dagrun for dataset_s3_bucket_producer_with_no_taskflow to None, run_after=None
[2025-09-11T09:58:11.749+0000] {processor.py:208} INFO - Processing /home/airflow/.local/lib/python3.12/site-packages/airflow/example_dags/example_dataset_alias_with_no_taskflow.py took 1.983 seconds
[2025-09-11T09:58:41.948+0000] {processor.py:186} INFO - Started process (PID=1200) to work on /home/airflow/.local/lib/python3.12/site-packages/airflow/example_dags/example_dataset_alias_with_no_taskflow.py
[2025-09-11T09:58:41.951+0000] {processor.py:914} INFO - Processing file /home/airflow/.local/lib/python3.12/site-packages/airflow/example_dags/example_dataset_alias_with_no_taskflow.py for tasks to queue
[2025-09-11T09:58:41.956+0000] {logging_mixin.py:190} INFO - [2025-09-11T09:58:41.956+0000] {dagbag.py:588} INFO - Filling up the DagBag from /home/airflow/.local/lib/python3.12/site-packages/airflow/example_dags/example_dataset_alias_with_no_taskflow.py
[2025-09-11T09:58:43.706+0000] {processor.py:925} INFO - DAG(s) 'dataset_s3_bucket_producer_with_no_taskflow', 'dataset_s3_bucket_consumer_with_no_taskflow', 'dataset_alias_example_alias_producer_with_no_taskflow', 'dataset_alias_example_alias_consumer_with_no_taskflow' retrieved from /home/airflow/.local/lib/python3.12/site-packages/airflow/example_dags/example_dataset_alias_with_no_taskflow.py
[2025-09-11T09:58:43.792+0000] {logging_mixin.py:190} INFO - [2025-09-11T09:58:43.791+0000] {dag.py:3239} INFO - Sync 4 DAGs
[2025-09-11T09:58:43.930+0000] {logging_mixin.py:190} INFO - [2025-09-11T09:58:43.929+0000] {dag.py:4180} INFO - Setting next_dagrun for dataset_alias_example_alias_consumer_with_no_taskflow to None, run_after=None
[2025-09-11T09:58:43.951+0000] {logging_mixin.py:190} INFO - [2025-09-11T09:58:43.951+0000] {dag.py:4180} INFO - Setting next_dagrun for dataset_alias_example_alias_producer_with_no_taskflow to None, run_after=None
[2025-09-11T09:58:43.955+0000] {logging_mixin.py:190} INFO - [2025-09-11T09:58:43.955+0000] {dag.py:4180} INFO - Setting next_dagrun for dataset_s3_bucket_consumer_with_no_taskflow to None, run_after=None
[2025-09-11T09:58:43.961+0000] {logging_mixin.py:190} INFO - [2025-09-11T09:58:43.960+0000] {dag.py:4180} INFO - Setting next_dagrun for dataset_s3_bucket_producer_with_no_taskflow to None, run_after=None
[2025-09-11T09:58:44.009+0000] {processor.py:208} INFO - Processing /home/airflow/.local/lib/python3.12/site-packages/airflow/example_dags/example_dataset_alias_with_no_taskflow.py took 2.084 seconds
[2025-09-11T09:59:14.349+0000] {processor.py:186} INFO - Started process (PID=1267) to work on /home/airflow/.local/lib/python3.12/site-packages/airflow/example_dags/example_dataset_alias_with_no_taskflow.py
[2025-09-11T09:59:14.352+0000] {processor.py:914} INFO - Processing file /home/airflow/.local/lib/python3.12/site-packages/airflow/example_dags/example_dataset_alias_with_no_taskflow.py for tasks to queue
[2025-09-11T09:59:14.356+0000] {logging_mixin.py:190} INFO - [2025-09-11T09:59:14.356+0000] {dagbag.py:588} INFO - Filling up the DagBag from /home/airflow/.local/lib/python3.12/site-packages/airflow/example_dags/example_dataset_alias_with_no_taskflow.py
[2025-09-11T09:59:15.705+0000] {processor.py:925} INFO - DAG(s) 'dataset_s3_bucket_producer_with_no_taskflow', 'dataset_s3_bucket_consumer_with_no_taskflow', 'dataset_alias_example_alias_producer_with_no_taskflow', 'dataset_alias_example_alias_consumer_with_no_taskflow' retrieved from /home/airflow/.local/lib/python3.12/site-packages/airflow/example_dags/example_dataset_alias_with_no_taskflow.py
[2025-09-11T09:59:15.773+0000] {logging_mixin.py:190} INFO - [2025-09-11T09:59:15.772+0000] {dag.py:3239} INFO - Sync 4 DAGs
[2025-09-11T09:59:15.812+0000] {logging_mixin.py:190} INFO - [2025-09-11T09:59:15.811+0000] {dag.py:4180} INFO - Setting next_dagrun for dataset_alias_example_alias_consumer_with_no_taskflow to None, run_after=None
[2025-09-11T09:59:15.818+0000] {logging_mixin.py:190} INFO - [2025-09-11T09:59:15.817+0000] {dag.py:4180} INFO - Setting next_dagrun for dataset_alias_example_alias_producer_with_no_taskflow to None, run_after=None
[2025-09-11T09:59:15.821+0000] {logging_mixin.py:190} INFO - [2025-09-11T09:59:15.821+0000] {dag.py:4180} INFO - Setting next_dagrun for dataset_s3_bucket_consumer_with_no_taskflow to None, run_after=None
[2025-09-11T09:59:15.824+0000] {logging_mixin.py:190} INFO - [2025-09-11T09:59:15.824+0000] {dag.py:4180} INFO - Setting next_dagrun for dataset_s3_bucket_producer_with_no_taskflow to None, run_after=None
[2025-09-11T09:59:15.872+0000] {processor.py:208} INFO - Processing /home/airflow/.local/lib/python3.12/site-packages/airflow/example_dags/example_dataset_alias_with_no_taskflow.py took 1.540 seconds
[2025-09-11T09:59:47.571+0000] {processor.py:186} INFO - Started process (PID=1333) to work on /home/airflow/.local/lib/python3.12/site-packages/airflow/example_dags/example_dataset_alias_with_no_taskflow.py
[2025-09-11T09:59:47.577+0000] {processor.py:914} INFO - Processing file /home/airflow/.local/lib/python3.12/site-packages/airflow/example_dags/example_dataset_alias_with_no_taskflow.py for tasks to queue
[2025-09-11T09:59:47.588+0000] {logging_mixin.py:190} INFO - [2025-09-11T09:59:47.587+0000] {dagbag.py:588} INFO - Filling up the DagBag from /home/airflow/.local/lib/python3.12/site-packages/airflow/example_dags/example_dataset_alias_with_no_taskflow.py
[2025-09-11T09:59:49.898+0000] {processor.py:925} INFO - DAG(s) 'dataset_alias_example_alias_producer_with_no_taskflow', 'dataset_s3_bucket_producer_with_no_taskflow', 'dataset_alias_example_alias_consumer_with_no_taskflow', 'dataset_s3_bucket_consumer_with_no_taskflow' retrieved from /home/airflow/.local/lib/python3.12/site-packages/airflow/example_dags/example_dataset_alias_with_no_taskflow.py
[2025-09-11T09:59:50.008+0000] {logging_mixin.py:190} INFO - [2025-09-11T09:59:50.007+0000] {dag.py:3239} INFO - Sync 4 DAGs
[2025-09-11T09:59:50.112+0000] {logging_mixin.py:190} INFO - [2025-09-11T09:59:50.111+0000] {dag.py:4180} INFO - Setting next_dagrun for dataset_alias_example_alias_consumer_with_no_taskflow to None, run_after=None
[2025-09-11T09:59:50.119+0000] {logging_mixin.py:190} INFO - [2025-09-11T09:59:50.118+0000] {dag.py:4180} INFO - Setting next_dagrun for dataset_alias_example_alias_producer_with_no_taskflow to None, run_after=None
[2025-09-11T09:59:50.121+0000] {logging_mixin.py:190} INFO - [2025-09-11T09:59:50.121+0000] {dag.py:4180} INFO - Setting next_dagrun for dataset_s3_bucket_consumer_with_no_taskflow to None, run_after=None
[2025-09-11T09:59:50.124+0000] {logging_mixin.py:190} INFO - [2025-09-11T09:59:50.124+0000] {dag.py:4180} INFO - Setting next_dagrun for dataset_s3_bucket_producer_with_no_taskflow to None, run_after=None
[2025-09-11T09:59:50.167+0000] {processor.py:208} INFO - Processing /home/airflow/.local/lib/python3.12/site-packages/airflow/example_dags/example_dataset_alias_with_no_taskflow.py took 2.613 seconds
[2025-09-11T10:00:20.726+0000] {processor.py:186} INFO - Started process (PID=1405) to work on /home/airflow/.local/lib/python3.12/site-packages/airflow/example_dags/example_dataset_alias_with_no_taskflow.py
[2025-09-11T10:00:20.728+0000] {processor.py:914} INFO - Processing file /home/airflow/.local/lib/python3.12/site-packages/airflow/example_dags/example_dataset_alias_with_no_taskflow.py for tasks to queue
[2025-09-11T10:00:20.732+0000] {logging_mixin.py:190} INFO - [2025-09-11T10:00:20.731+0000] {dagbag.py:588} INFO - Filling up the DagBag from /home/airflow/.local/lib/python3.12/site-packages/airflow/example_dags/example_dataset_alias_with_no_taskflow.py
[2025-09-11T10:00:22.262+0000] {processor.py:925} INFO - DAG(s) 'dataset_alias_example_alias_producer_with_no_taskflow', 'dataset_s3_bucket_producer_with_no_taskflow', 'dataset_s3_bucket_consumer_with_no_taskflow', 'dataset_alias_example_alias_consumer_with_no_taskflow' retrieved from /home/airflow/.local/lib/python3.12/site-packages/airflow/example_dags/example_dataset_alias_with_no_taskflow.py
[2025-09-11T10:00:22.319+0000] {logging_mixin.py:190} INFO - [2025-09-11T10:00:22.318+0000] {dag.py:3239} INFO - Sync 4 DAGs
[2025-09-11T10:00:22.376+0000] {logging_mixin.py:190} INFO - [2025-09-11T10:00:22.376+0000] {dag.py:4180} INFO - Setting next_dagrun for dataset_alias_example_alias_consumer_with_no_taskflow to None, run_after=None
[2025-09-11T10:00:22.383+0000] {logging_mixin.py:190} INFO - [2025-09-11T10:00:22.382+0000] {dag.py:4180} INFO - Setting next_dagrun for dataset_alias_example_alias_producer_with_no_taskflow to None, run_after=None
[2025-09-11T10:00:22.388+0000] {logging_mixin.py:190} INFO - [2025-09-11T10:00:22.387+0000] {dag.py:4180} INFO - Setting next_dagrun for dataset_s3_bucket_consumer_with_no_taskflow to None, run_after=None
[2025-09-11T10:00:22.391+0000] {logging_mixin.py:190} INFO - [2025-09-11T10:00:22.391+0000] {dag.py:4180} INFO - Setting next_dagrun for dataset_s3_bucket_producer_with_no_taskflow to None, run_after=None
[2025-09-11T10:00:22.451+0000] {processor.py:208} INFO - Processing /home/airflow/.local/lib/python3.12/site-packages/airflow/example_dags/example_dataset_alias_with_no_taskflow.py took 1.738 seconds
[2025-09-11T10:00:52.749+0000] {processor.py:186} INFO - Started process (PID=1472) to work on /home/airflow/.local/lib/python3.12/site-packages/airflow/example_dags/example_dataset_alias_with_no_taskflow.py
[2025-09-11T10:00:52.759+0000] {processor.py:914} INFO - Processing file /home/airflow/.local/lib/python3.12/site-packages/airflow/example_dags/example_dataset_alias_with_no_taskflow.py for tasks to queue
[2025-09-11T10:00:52.769+0000] {logging_mixin.py:190} INFO - [2025-09-11T10:00:52.767+0000] {dagbag.py:588} INFO - Filling up the DagBag from /home/airflow/.local/lib/python3.12/site-packages/airflow/example_dags/example_dataset_alias_with_no_taskflow.py
[2025-09-11T10:00:54.526+0000] {processor.py:925} INFO - DAG(s) 'dataset_s3_bucket_consumer_with_no_taskflow', 'dataset_s3_bucket_producer_with_no_taskflow', 'dataset_alias_example_alias_consumer_with_no_taskflow', 'dataset_alias_example_alias_producer_with_no_taskflow' retrieved from /home/airflow/.local/lib/python3.12/site-packages/airflow/example_dags/example_dataset_alias_with_no_taskflow.py
[2025-09-11T10:00:54.580+0000] {logging_mixin.py:190} INFO - [2025-09-11T10:00:54.579+0000] {dag.py:3239} INFO - Sync 4 DAGs
[2025-09-11T10:00:54.642+0000] {logging_mixin.py:190} INFO - [2025-09-11T10:00:54.641+0000] {dag.py:4180} INFO - Setting next_dagrun for dataset_alias_example_alias_consumer_with_no_taskflow to None, run_after=None
[2025-09-11T10:00:54.652+0000] {logging_mixin.py:190} INFO - [2025-09-11T10:00:54.651+0000] {dag.py:4180} INFO - Setting next_dagrun for dataset_alias_example_alias_producer_with_no_taskflow to None, run_after=None
[2025-09-11T10:00:54.658+0000] {logging_mixin.py:190} INFO - [2025-09-11T10:00:54.658+0000] {dag.py:4180} INFO - Setting next_dagrun for dataset_s3_bucket_consumer_with_no_taskflow to None, run_after=None
[2025-09-11T10:00:54.662+0000] {logging_mixin.py:190} INFO - [2025-09-11T10:00:54.662+0000] {dag.py:4180} INFO - Setting next_dagrun for dataset_s3_bucket_producer_with_no_taskflow to None, run_after=None
[2025-09-11T10:00:54.711+0000] {processor.py:208} INFO - Processing /home/airflow/.local/lib/python3.12/site-packages/airflow/example_dags/example_dataset_alias_with_no_taskflow.py took 1.986 seconds
[2025-09-11T10:01:25.648+0000] {processor.py:186} INFO - Started process (PID=1538) to work on /home/airflow/.local/lib/python3.12/site-packages/airflow/example_dags/example_dataset_alias_with_no_taskflow.py
[2025-09-11T10:01:25.650+0000] {processor.py:914} INFO - Processing file /home/airflow/.local/lib/python3.12/site-packages/airflow/example_dags/example_dataset_alias_with_no_taskflow.py for tasks to queue
[2025-09-11T10:01:25.655+0000] {logging_mixin.py:190} INFO - [2025-09-11T10:01:25.654+0000] {dagbag.py:588} INFO - Filling up the DagBag from /home/airflow/.local/lib/python3.12/site-packages/airflow/example_dags/example_dataset_alias_with_no_taskflow.py
[2025-09-11T10:01:26.751+0000] {processor.py:925} INFO - DAG(s) 'dataset_s3_bucket_consumer_with_no_taskflow', 'dataset_alias_example_alias_consumer_with_no_taskflow', 'dataset_alias_example_alias_producer_with_no_taskflow', 'dataset_s3_bucket_producer_with_no_taskflow' retrieved from /home/airflow/.local/lib/python3.12/site-packages/airflow/example_dags/example_dataset_alias_with_no_taskflow.py
[2025-09-11T10:01:26.790+0000] {logging_mixin.py:190} INFO - [2025-09-11T10:01:26.790+0000] {dag.py:3239} INFO - Sync 4 DAGs
[2025-09-11T10:01:26.836+0000] {logging_mixin.py:190} INFO - [2025-09-11T10:01:26.836+0000] {dag.py:4180} INFO - Setting next_dagrun for dataset_alias_example_alias_consumer_with_no_taskflow to None, run_after=None
[2025-09-11T10:01:26.842+0000] {logging_mixin.py:190} INFO - [2025-09-11T10:01:26.841+0000] {dag.py:4180} INFO - Setting next_dagrun for dataset_alias_example_alias_producer_with_no_taskflow to None, run_after=None
[2025-09-11T10:01:26.845+0000] {logging_mixin.py:190} INFO - [2025-09-11T10:01:26.844+0000] {dag.py:4180} INFO - Setting next_dagrun for dataset_s3_bucket_consumer_with_no_taskflow to None, run_after=None
[2025-09-11T10:01:26.848+0000] {logging_mixin.py:190} INFO - [2025-09-11T10:01:26.848+0000] {dag.py:4180} INFO - Setting next_dagrun for dataset_s3_bucket_producer_with_no_taskflow to None, run_after=None
[2025-09-11T10:01:26.888+0000] {processor.py:208} INFO - Processing /home/airflow/.local/lib/python3.12/site-packages/airflow/example_dags/example_dataset_alias_with_no_taskflow.py took 1.250 seconds
[2025-09-11T10:01:57.136+0000] {processor.py:186} INFO - Started process (PID=1605) to work on /home/airflow/.local/lib/python3.12/site-packages/airflow/example_dags/example_dataset_alias_with_no_taskflow.py
[2025-09-11T10:01:57.138+0000] {processor.py:914} INFO - Processing file /home/airflow/.local/lib/python3.12/site-packages/airflow/example_dags/example_dataset_alias_with_no_taskflow.py for tasks to queue
[2025-09-11T10:01:57.151+0000] {logging_mixin.py:190} INFO - [2025-09-11T10:01:57.151+0000] {dagbag.py:588} INFO - Filling up the DagBag from /home/airflow/.local/lib/python3.12/site-packages/airflow/example_dags/example_dataset_alias_with_no_taskflow.py
[2025-09-11T10:01:58.495+0000] {processor.py:925} INFO - DAG(s) 'dataset_alias_example_alias_producer_with_no_taskflow', 'dataset_alias_example_alias_consumer_with_no_taskflow', 'dataset_s3_bucket_producer_with_no_taskflow', 'dataset_s3_bucket_consumer_with_no_taskflow' retrieved from /home/airflow/.local/lib/python3.12/site-packages/airflow/example_dags/example_dataset_alias_with_no_taskflow.py
[2025-09-11T10:01:58.583+0000] {logging_mixin.py:190} INFO - [2025-09-11T10:01:58.583+0000] {dag.py:3239} INFO - Sync 4 DAGs
[2025-09-11T10:01:58.667+0000] {logging_mixin.py:190} INFO - [2025-09-11T10:01:58.667+0000] {dag.py:4180} INFO - Setting next_dagrun for dataset_alias_example_alias_consumer_with_no_taskflow to None, run_after=None
[2025-09-11T10:01:58.673+0000] {logging_mixin.py:190} INFO - [2025-09-11T10:01:58.673+0000] {dag.py:4180} INFO - Setting next_dagrun for dataset_alias_example_alias_producer_with_no_taskflow to None, run_after=None
[2025-09-11T10:01:58.677+0000] {logging_mixin.py:190} INFO - [2025-09-11T10:01:58.677+0000] {dag.py:4180} INFO - Setting next_dagrun for dataset_s3_bucket_consumer_with_no_taskflow to None, run_after=None
[2025-09-11T10:01:58.682+0000] {logging_mixin.py:190} INFO - [2025-09-11T10:01:58.681+0000] {dag.py:4180} INFO - Setting next_dagrun for dataset_s3_bucket_producer_with_no_taskflow to None, run_after=None
[2025-09-11T10:01:58.750+0000] {processor.py:208} INFO - Processing /home/airflow/.local/lib/python3.12/site-packages/airflow/example_dags/example_dataset_alias_with_no_taskflow.py took 1.646 seconds
[2025-09-11T10:02:29.637+0000] {processor.py:186} INFO - Started process (PID=1671) to work on /home/airflow/.local/lib/python3.12/site-packages/airflow/example_dags/example_dataset_alias_with_no_taskflow.py
[2025-09-11T10:02:29.639+0000] {processor.py:914} INFO - Processing file /home/airflow/.local/lib/python3.12/site-packages/airflow/example_dags/example_dataset_alias_with_no_taskflow.py for tasks to queue
[2025-09-11T10:02:29.652+0000] {logging_mixin.py:190} INFO - [2025-09-11T10:02:29.652+0000] {dagbag.py:588} INFO - Filling up the DagBag from /home/airflow/.local/lib/python3.12/site-packages/airflow/example_dags/example_dataset_alias_with_no_taskflow.py
[2025-09-11T10:02:30.838+0000] {processor.py:925} INFO - DAG(s) 'dataset_s3_bucket_consumer_with_no_taskflow', 'dataset_alias_example_alias_consumer_with_no_taskflow', 'dataset_alias_example_alias_producer_with_no_taskflow', 'dataset_s3_bucket_producer_with_no_taskflow' retrieved from /home/airflow/.local/lib/python3.12/site-packages/airflow/example_dags/example_dataset_alias_with_no_taskflow.py
[2025-09-11T10:02:30.876+0000] {logging_mixin.py:190} INFO - [2025-09-11T10:02:30.876+0000] {dag.py:3239} INFO - Sync 4 DAGs
[2025-09-11T10:02:30.921+0000] {logging_mixin.py:190} INFO - [2025-09-11T10:02:30.921+0000] {dag.py:4180} INFO - Setting next_dagrun for dataset_alias_example_alias_consumer_with_no_taskflow to None, run_after=None
[2025-09-11T10:02:30.927+0000] {logging_mixin.py:190} INFO - [2025-09-11T10:02:30.926+0000] {dag.py:4180} INFO - Setting next_dagrun for dataset_alias_example_alias_producer_with_no_taskflow to None, run_after=None
[2025-09-11T10:02:30.930+0000] {logging_mixin.py:190} INFO - [2025-09-11T10:02:30.930+0000] {dag.py:4180} INFO - Setting next_dagrun for dataset_s3_bucket_consumer_with_no_taskflow to None, run_after=None
[2025-09-11T10:02:30.940+0000] {logging_mixin.py:190} INFO - [2025-09-11T10:02:30.939+0000] {dag.py:4180} INFO - Setting next_dagrun for dataset_s3_bucket_producer_with_no_taskflow to None, run_after=None
[2025-09-11T10:02:31.000+0000] {processor.py:208} INFO - Processing /home/airflow/.local/lib/python3.12/site-packages/airflow/example_dags/example_dataset_alias_with_no_taskflow.py took 1.375 seconds
[2025-09-11T10:03:01.174+0000] {processor.py:186} INFO - Started process (PID=1735) to work on /home/airflow/.local/lib/python3.12/site-packages/airflow/example_dags/example_dataset_alias_with_no_taskflow.py
[2025-09-11T10:03:01.176+0000] {processor.py:914} INFO - Processing file /home/airflow/.local/lib/python3.12/site-packages/airflow/example_dags/example_dataset_alias_with_no_taskflow.py for tasks to queue
[2025-09-11T10:03:01.182+0000] {logging_mixin.py:190} INFO - [2025-09-11T10:03:01.181+0000] {dagbag.py:588} INFO - Filling up the DagBag from /home/airflow/.local/lib/python3.12/site-packages/airflow/example_dags/example_dataset_alias_with_no_taskflow.py
[2025-09-11T10:03:03.409+0000] {processor.py:925} INFO - DAG(s) 'dataset_s3_bucket_producer_with_no_taskflow', 'dataset_alias_example_alias_producer_with_no_taskflow', 'dataset_alias_example_alias_consumer_with_no_taskflow', 'dataset_s3_bucket_consumer_with_no_taskflow' retrieved from /home/airflow/.local/lib/python3.12/site-packages/airflow/example_dags/example_dataset_alias_with_no_taskflow.py
[2025-09-11T10:03:03.503+0000] {logging_mixin.py:190} INFO - [2025-09-11T10:03:03.502+0000] {dag.py:3239} INFO - Sync 4 DAGs
[2025-09-11T10:03:03.604+0000] {logging_mixin.py:190} INFO - [2025-09-11T10:03:03.603+0000] {dag.py:4180} INFO - Setting next_dagrun for dataset_alias_example_alias_consumer_with_no_taskflow to None, run_after=None
[2025-09-11T10:03:03.610+0000] {logging_mixin.py:190} INFO - [2025-09-11T10:03:03.609+0000] {dag.py:4180} INFO - Setting next_dagrun for dataset_alias_example_alias_producer_with_no_taskflow to None, run_after=None
[2025-09-11T10:03:03.617+0000] {logging_mixin.py:190} INFO - [2025-09-11T10:03:03.616+0000] {dag.py:4180} INFO - Setting next_dagrun for dataset_s3_bucket_consumer_with_no_taskflow to None, run_after=None
[2025-09-11T10:03:03.621+0000] {logging_mixin.py:190} INFO - [2025-09-11T10:03:03.620+0000] {dag.py:4180} INFO - Setting next_dagrun for dataset_s3_bucket_producer_with_no_taskflow to None, run_after=None
[2025-09-11T10:03:03.697+0000] {processor.py:208} INFO - Processing /home/airflow/.local/lib/python3.12/site-packages/airflow/example_dags/example_dataset_alias_with_no_taskflow.py took 2.546 seconds
[2025-09-11T10:03:34.247+0000] {processor.py:186} INFO - Started process (PID=1803) to work on /home/airflow/.local/lib/python3.12/site-packages/airflow/example_dags/example_dataset_alias_with_no_taskflow.py
[2025-09-11T10:03:34.250+0000] {processor.py:914} INFO - Processing file /home/airflow/.local/lib/python3.12/site-packages/airflow/example_dags/example_dataset_alias_with_no_taskflow.py for tasks to queue
[2025-09-11T10:03:34.255+0000] {logging_mixin.py:190} INFO - [2025-09-11T10:03:34.254+0000] {dagbag.py:588} INFO - Filling up the DagBag from /home/airflow/.local/lib/python3.12/site-packages/airflow/example_dags/example_dataset_alias_with_no_taskflow.py
[2025-09-11T10:03:36.129+0000] {processor.py:925} INFO - DAG(s) 'dataset_s3_bucket_producer_with_no_taskflow', 'dataset_alias_example_alias_producer_with_no_taskflow', 'dataset_s3_bucket_consumer_with_no_taskflow', 'dataset_alias_example_alias_consumer_with_no_taskflow' retrieved from /home/airflow/.local/lib/python3.12/site-packages/airflow/example_dags/example_dataset_alias_with_no_taskflow.py
[2025-09-11T10:03:36.180+0000] {logging_mixin.py:190} INFO - [2025-09-11T10:03:36.179+0000] {dag.py:3239} INFO - Sync 4 DAGs
[2025-09-11T10:03:36.245+0000] {logging_mixin.py:190} INFO - [2025-09-11T10:03:36.235+0000] {dag.py:4180} INFO - Setting next_dagrun for dataset_alias_example_alias_consumer_with_no_taskflow to None, run_after=None
[2025-09-11T10:03:36.252+0000] {logging_mixin.py:190} INFO - [2025-09-11T10:03:36.252+0000] {dag.py:4180} INFO - Setting next_dagrun for dataset_alias_example_alias_producer_with_no_taskflow to None, run_after=None
[2025-09-11T10:03:36.267+0000] {logging_mixin.py:190} INFO - [2025-09-11T10:03:36.266+0000] {dag.py:4180} INFO - Setting next_dagrun for dataset_s3_bucket_consumer_with_no_taskflow to None, run_after=None
[2025-09-11T10:03:36.307+0000] {logging_mixin.py:190} INFO - [2025-09-11T10:03:36.307+0000] {dag.py:4180} INFO - Setting next_dagrun for dataset_s3_bucket_producer_with_no_taskflow to None, run_after=None
[2025-09-11T10:03:36.413+0000] {processor.py:208} INFO - Processing /home/airflow/.local/lib/python3.12/site-packages/airflow/example_dags/example_dataset_alias_with_no_taskflow.py took 1.970 seconds
[2025-09-11T10:04:06.682+0000] {processor.py:186} INFO - Started process (PID=1869) to work on /home/airflow/.local/lib/python3.12/site-packages/airflow/example_dags/example_dataset_alias_with_no_taskflow.py
[2025-09-11T10:04:06.692+0000] {processor.py:914} INFO - Processing file /home/airflow/.local/lib/python3.12/site-packages/airflow/example_dags/example_dataset_alias_with_no_taskflow.py for tasks to queue
[2025-09-11T10:04:06.697+0000] {logging_mixin.py:190} INFO - [2025-09-11T10:04:06.696+0000] {dagbag.py:588} INFO - Filling up the DagBag from /home/airflow/.local/lib/python3.12/site-packages/airflow/example_dags/example_dataset_alias_with_no_taskflow.py
[2025-09-11T10:04:08.196+0000] {processor.py:925} INFO - DAG(s) 'dataset_alias_example_alias_consumer_with_no_taskflow', 'dataset_s3_bucket_producer_with_no_taskflow', 'dataset_s3_bucket_consumer_with_no_taskflow', 'dataset_alias_example_alias_producer_with_no_taskflow' retrieved from /home/airflow/.local/lib/python3.12/site-packages/airflow/example_dags/example_dataset_alias_with_no_taskflow.py
[2025-09-11T10:04:08.278+0000] {logging_mixin.py:190} INFO - [2025-09-11T10:04:08.277+0000] {dag.py:3239} INFO - Sync 4 DAGs
[2025-09-11T10:04:08.432+0000] {logging_mixin.py:190} INFO - [2025-09-11T10:04:08.432+0000] {dag.py:4180} INFO - Setting next_dagrun for dataset_alias_example_alias_consumer_with_no_taskflow to None, run_after=None
[2025-09-11T10:04:08.445+0000] {logging_mixin.py:190} INFO - [2025-09-11T10:04:08.445+0000] {dag.py:4180} INFO - Setting next_dagrun for dataset_alias_example_alias_producer_with_no_taskflow to None, run_after=None
[2025-09-11T10:04:08.457+0000] {logging_mixin.py:190} INFO - [2025-09-11T10:04:08.456+0000] {dag.py:4180} INFO - Setting next_dagrun for dataset_s3_bucket_consumer_with_no_taskflow to None, run_after=None
[2025-09-11T10:04:08.473+0000] {logging_mixin.py:190} INFO - [2025-09-11T10:04:08.472+0000] {dag.py:4180} INFO - Setting next_dagrun for dataset_s3_bucket_producer_with_no_taskflow to None, run_after=None
[2025-09-11T10:04:08.553+0000] {processor.py:208} INFO - Processing /home/airflow/.local/lib/python3.12/site-packages/airflow/example_dags/example_dataset_alias_with_no_taskflow.py took 1.881 seconds
[2025-09-11T10:04:38.804+0000] {processor.py:186} INFO - Started process (PID=1936) to work on /home/airflow/.local/lib/python3.12/site-packages/airflow/example_dags/example_dataset_alias_with_no_taskflow.py
[2025-09-11T10:04:38.808+0000] {processor.py:914} INFO - Processing file /home/airflow/.local/lib/python3.12/site-packages/airflow/example_dags/example_dataset_alias_with_no_taskflow.py for tasks to queue
[2025-09-11T10:04:38.813+0000] {logging_mixin.py:190} INFO - [2025-09-11T10:04:38.812+0000] {dagbag.py:588} INFO - Filling up the DagBag from /home/airflow/.local/lib/python3.12/site-packages/airflow/example_dags/example_dataset_alias_with_no_taskflow.py
[2025-09-11T10:04:40.103+0000] {processor.py:925} INFO - DAG(s) 'dataset_alias_example_alias_producer_with_no_taskflow', 'dataset_s3_bucket_consumer_with_no_taskflow', 'dataset_alias_example_alias_consumer_with_no_taskflow', 'dataset_s3_bucket_producer_with_no_taskflow' retrieved from /home/airflow/.local/lib/python3.12/site-packages/airflow/example_dags/example_dataset_alias_with_no_taskflow.py
[2025-09-11T10:04:40.131+0000] {logging_mixin.py:190} INFO - [2025-09-11T10:04:40.130+0000] {dag.py:3239} INFO - Sync 4 DAGs
[2025-09-11T10:04:40.170+0000] {logging_mixin.py:190} INFO - [2025-09-11T10:04:40.170+0000] {dag.py:4180} INFO - Setting next_dagrun for dataset_alias_example_alias_consumer_with_no_taskflow to None, run_after=None
[2025-09-11T10:04:40.182+0000] {logging_mixin.py:190} INFO - [2025-09-11T10:04:40.181+0000] {dag.py:4180} INFO - Setting next_dagrun for dataset_alias_example_alias_producer_with_no_taskflow to None, run_after=None
[2025-09-11T10:04:40.189+0000] {logging_mixin.py:190} INFO - [2025-09-11T10:04:40.188+0000] {dag.py:4180} INFO - Setting next_dagrun for dataset_s3_bucket_consumer_with_no_taskflow to None, run_after=None
[2025-09-11T10:04:40.196+0000] {logging_mixin.py:190} INFO - [2025-09-11T10:04:40.196+0000] {dag.py:4180} INFO - Setting next_dagrun for dataset_s3_bucket_producer_with_no_taskflow to None, run_after=None
[2025-09-11T10:04:40.258+0000] {processor.py:208} INFO - Processing /home/airflow/.local/lib/python3.12/site-packages/airflow/example_dags/example_dataset_alias_with_no_taskflow.py took 1.466 seconds
