[2025-09-11T09:49:46.993+0000] {processor.py:186} INFO - Started process (PID=115) to work on /home/airflow/.local/lib/python3.12/site-packages/airflow/example_dags/example_xcom.py
[2025-09-11T09:49:46.994+0000] {processor.py:914} INFO - Processing file /home/airflow/.local/lib/python3.12/site-packages/airflow/example_dags/example_xcom.py for tasks to queue
[2025-09-11T09:49:46.999+0000] {logging_mixin.py:190} INFO - [2025-09-11T09:49:46.998+0000] {dagbag.py:588} INFO - Filling up the DagBag from /home/airflow/.local/lib/python3.12/site-packages/airflow/example_dags/example_xcom.py
[2025-09-11T09:49:47.020+0000] {processor.py:925} INFO - DAG(s) 'example_xcom' retrieved from /home/airflow/.local/lib/python3.12/site-packages/airflow/example_dags/example_xcom.py
[2025-09-11T09:49:47.228+0000] {logging_mixin.py:190} INFO - [2025-09-11T09:49:47.227+0000] {override.py:1912} INFO - Created Permission View: can read on DAG:example_xcom
[2025-09-11T09:49:47.248+0000] {logging_mixin.py:190} INFO - [2025-09-11T09:49:47.248+0000] {override.py:1912} INFO - Created Permission View: can edit on DAG:example_xcom
[2025-09-11T09:49:47.261+0000] {logging_mixin.py:190} INFO - [2025-09-11T09:49:47.260+0000] {override.py:1912} INFO - Created Permission View: can delete on DAG:example_xcom
[2025-09-11T09:49:47.276+0000] {logging_mixin.py:190} INFO - [2025-09-11T09:49:47.276+0000] {override.py:1912} INFO - Created Permission View: can create on DAG Run:example_xcom
[2025-09-11T09:49:47.294+0000] {logging_mixin.py:190} INFO - [2025-09-11T09:49:47.293+0000] {override.py:1912} INFO - Created Permission View: can read on DAG Run:example_xcom
[2025-09-11T09:49:47.306+0000] {logging_mixin.py:190} INFO - [2025-09-11T09:49:47.306+0000] {override.py:1912} INFO - Created Permission View: can delete on DAG Run:example_xcom
[2025-09-11T09:49:47.318+0000] {logging_mixin.py:190} INFO - [2025-09-11T09:49:47.318+0000] {override.py:1912} INFO - Created Permission View: menu access on DAG Run:example_xcom
[2025-09-11T09:49:47.320+0000] {logging_mixin.py:190} INFO - [2025-09-11T09:49:47.319+0000] {dag.py:3239} INFO - Sync 1 DAGs
[2025-09-11T09:49:47.345+0000] {logging_mixin.py:190} INFO - [2025-09-11T09:49:47.345+0000] {dag.py:3262} INFO - Creating ORM DAG for example_xcom
[2025-09-11T09:49:47.374+0000] {logging_mixin.py:190} INFO - [2025-09-11T09:49:47.373+0000] {dag.py:4180} INFO - Setting next_dagrun for example_xcom to 2021-01-01 00:00:00+00:00, run_after=2021-01-01 00:00:00+00:00
[2025-09-11T09:49:47.441+0000] {processor.py:208} INFO - Processing /home/airflow/.local/lib/python3.12/site-packages/airflow/example_dags/example_xcom.py took 0.459 seconds
[2025-09-11T09:50:18.963+0000] {processor.py:186} INFO - Started process (PID=179) to work on /home/airflow/.local/lib/python3.12/site-packages/airflow/example_dags/example_xcom.py
[2025-09-11T09:50:18.965+0000] {processor.py:914} INFO - Processing file /home/airflow/.local/lib/python3.12/site-packages/airflow/example_dags/example_xcom.py for tasks to queue
[2025-09-11T09:50:18.969+0000] {logging_mixin.py:190} INFO - [2025-09-11T09:50:18.968+0000] {dagbag.py:588} INFO - Filling up the DagBag from /home/airflow/.local/lib/python3.12/site-packages/airflow/example_dags/example_xcom.py
[2025-09-11T09:50:18.988+0000] {processor.py:925} INFO - DAG(s) 'example_xcom' retrieved from /home/airflow/.local/lib/python3.12/site-packages/airflow/example_dags/example_xcom.py
[2025-09-11T09:50:19.029+0000] {logging_mixin.py:190} INFO - [2025-09-11T09:50:19.028+0000] {dag.py:3239} INFO - Sync 1 DAGs
[2025-09-11T09:50:19.080+0000] {logging_mixin.py:190} INFO - [2025-09-11T09:50:19.080+0000] {dag.py:4180} INFO - Setting next_dagrun for example_xcom to 2021-01-01 00:00:00+00:00, run_after=2021-01-01 00:00:00+00:00
[2025-09-11T09:50:19.132+0000] {processor.py:208} INFO - Processing /home/airflow/.local/lib/python3.12/site-packages/airflow/example_dags/example_xcom.py took 0.181 seconds
[2025-09-11T09:50:49.296+0000] {processor.py:186} INFO - Started process (PID=248) to work on /home/airflow/.local/lib/python3.12/site-packages/airflow/example_dags/example_xcom.py
[2025-09-11T09:50:49.298+0000] {processor.py:914} INFO - Processing file /home/airflow/.local/lib/python3.12/site-packages/airflow/example_dags/example_xcom.py for tasks to queue
[2025-09-11T09:50:49.303+0000] {logging_mixin.py:190} INFO - [2025-09-11T09:50:49.302+0000] {dagbag.py:588} INFO - Filling up the DagBag from /home/airflow/.local/lib/python3.12/site-packages/airflow/example_dags/example_xcom.py
[2025-09-11T09:50:49.322+0000] {processor.py:925} INFO - DAG(s) 'example_xcom' retrieved from /home/airflow/.local/lib/python3.12/site-packages/airflow/example_dags/example_xcom.py
[2025-09-11T09:50:49.367+0000] {logging_mixin.py:190} INFO - [2025-09-11T09:50:49.366+0000] {dag.py:3239} INFO - Sync 1 DAGs
[2025-09-11T09:50:49.407+0000] {logging_mixin.py:190} INFO - [2025-09-11T09:50:49.406+0000] {dag.py:4180} INFO - Setting next_dagrun for example_xcom to 2021-01-01 00:00:00+00:00, run_after=2021-01-01 00:00:00+00:00
[2025-09-11T09:50:49.443+0000] {processor.py:208} INFO - Processing /home/airflow/.local/lib/python3.12/site-packages/airflow/example_dags/example_xcom.py took 0.161 seconds
[2025-09-11T09:51:20.094+0000] {processor.py:186} INFO - Started process (PID=313) to work on /home/airflow/.local/lib/python3.12/site-packages/airflow/example_dags/example_xcom.py
[2025-09-11T09:51:20.096+0000] {processor.py:914} INFO - Processing file /home/airflow/.local/lib/python3.12/site-packages/airflow/example_dags/example_xcom.py for tasks to queue
[2025-09-11T09:51:20.101+0000] {logging_mixin.py:190} INFO - [2025-09-11T09:51:20.101+0000] {dagbag.py:588} INFO - Filling up the DagBag from /home/airflow/.local/lib/python3.12/site-packages/airflow/example_dags/example_xcom.py
[2025-09-11T09:51:20.123+0000] {processor.py:925} INFO - DAG(s) 'example_xcom' retrieved from /home/airflow/.local/lib/python3.12/site-packages/airflow/example_dags/example_xcom.py
[2025-09-11T09:51:20.167+0000] {logging_mixin.py:190} INFO - [2025-09-11T09:51:20.166+0000] {dag.py:3239} INFO - Sync 1 DAGs
[2025-09-11T09:51:20.213+0000] {logging_mixin.py:190} INFO - [2025-09-11T09:51:20.212+0000] {dag.py:4180} INFO - Setting next_dagrun for example_xcom to 2021-01-01 00:00:00+00:00, run_after=2021-01-01 00:00:00+00:00
[2025-09-11T09:51:20.282+0000] {processor.py:208} INFO - Processing /home/airflow/.local/lib/python3.12/site-packages/airflow/example_dags/example_xcom.py took 0.199 seconds
[2025-09-11T09:51:51.189+0000] {processor.py:186} INFO - Started process (PID=375) to work on /home/airflow/.local/lib/python3.12/site-packages/airflow/example_dags/example_xcom.py
[2025-09-11T09:51:51.192+0000] {processor.py:914} INFO - Processing file /home/airflow/.local/lib/python3.12/site-packages/airflow/example_dags/example_xcom.py for tasks to queue
[2025-09-11T09:51:51.206+0000] {logging_mixin.py:190} INFO - [2025-09-11T09:51:51.205+0000] {dagbag.py:588} INFO - Filling up the DagBag from /home/airflow/.local/lib/python3.12/site-packages/airflow/example_dags/example_xcom.py
[2025-09-11T09:51:51.269+0000] {processor.py:925} INFO - DAG(s) 'example_xcom' retrieved from /home/airflow/.local/lib/python3.12/site-packages/airflow/example_dags/example_xcom.py
[2025-09-11T09:51:51.415+0000] {logging_mixin.py:190} INFO - [2025-09-11T09:51:51.414+0000] {dag.py:3239} INFO - Sync 1 DAGs
[2025-09-11T09:51:51.496+0000] {logging_mixin.py:190} INFO - [2025-09-11T09:51:51.496+0000] {dag.py:4180} INFO - Setting next_dagrun for example_xcom to 2021-01-01 00:00:00+00:00, run_after=2021-01-01 00:00:00+00:00
[2025-09-11T09:51:51.572+0000] {processor.py:208} INFO - Processing /home/airflow/.local/lib/python3.12/site-packages/airflow/example_dags/example_xcom.py took 0.415 seconds
[2025-09-11T09:52:21.929+0000] {processor.py:186} INFO - Started process (PID=438) to work on /home/airflow/.local/lib/python3.12/site-packages/airflow/example_dags/example_xcom.py
[2025-09-11T09:52:21.931+0000] {processor.py:914} INFO - Processing file /home/airflow/.local/lib/python3.12/site-packages/airflow/example_dags/example_xcom.py for tasks to queue
[2025-09-11T09:52:21.936+0000] {logging_mixin.py:190} INFO - [2025-09-11T09:52:21.936+0000] {dagbag.py:588} INFO - Filling up the DagBag from /home/airflow/.local/lib/python3.12/site-packages/airflow/example_dags/example_xcom.py
[2025-09-11T09:52:21.957+0000] {processor.py:925} INFO - DAG(s) 'example_xcom' retrieved from /home/airflow/.local/lib/python3.12/site-packages/airflow/example_dags/example_xcom.py
[2025-09-11T09:52:22.017+0000] {logging_mixin.py:190} INFO - [2025-09-11T09:52:22.017+0000] {dag.py:3239} INFO - Sync 1 DAGs
[2025-09-11T09:52:22.118+0000] {logging_mixin.py:190} INFO - [2025-09-11T09:52:22.118+0000] {dag.py:4180} INFO - Setting next_dagrun for example_xcom to 2021-01-01 00:00:00+00:00, run_after=2021-01-01 00:00:00+00:00
[2025-09-11T09:52:22.214+0000] {processor.py:208} INFO - Processing /home/airflow/.local/lib/python3.12/site-packages/airflow/example_dags/example_xcom.py took 0.299 seconds
[2025-09-11T09:52:52.479+0000] {processor.py:186} INFO - Started process (PID=500) to work on /home/airflow/.local/lib/python3.12/site-packages/airflow/example_dags/example_xcom.py
[2025-09-11T09:52:52.481+0000] {processor.py:914} INFO - Processing file /home/airflow/.local/lib/python3.12/site-packages/airflow/example_dags/example_xcom.py for tasks to queue
[2025-09-11T09:52:52.486+0000] {logging_mixin.py:190} INFO - [2025-09-11T09:52:52.485+0000] {dagbag.py:588} INFO - Filling up the DagBag from /home/airflow/.local/lib/python3.12/site-packages/airflow/example_dags/example_xcom.py
[2025-09-11T09:52:52.508+0000] {processor.py:925} INFO - DAG(s) 'example_xcom' retrieved from /home/airflow/.local/lib/python3.12/site-packages/airflow/example_dags/example_xcom.py
[2025-09-11T09:52:52.558+0000] {logging_mixin.py:190} INFO - [2025-09-11T09:52:52.557+0000] {dag.py:3239} INFO - Sync 1 DAGs
[2025-09-11T09:52:52.598+0000] {logging_mixin.py:190} INFO - [2025-09-11T09:52:52.598+0000] {dag.py:4180} INFO - Setting next_dagrun for example_xcom to 2021-01-01 00:00:00+00:00, run_after=2021-01-01 00:00:00+00:00
[2025-09-11T09:52:52.633+0000] {processor.py:208} INFO - Processing /home/airflow/.local/lib/python3.12/site-packages/airflow/example_dags/example_xcom.py took 0.166 seconds
[2025-09-11T09:53:22.846+0000] {processor.py:186} INFO - Started process (PID=563) to work on /home/airflow/.local/lib/python3.12/site-packages/airflow/example_dags/example_xcom.py
[2025-09-11T09:53:22.848+0000] {processor.py:914} INFO - Processing file /home/airflow/.local/lib/python3.12/site-packages/airflow/example_dags/example_xcom.py for tasks to queue
[2025-09-11T09:53:22.851+0000] {logging_mixin.py:190} INFO - [2025-09-11T09:53:22.851+0000] {dagbag.py:588} INFO - Filling up the DagBag from /home/airflow/.local/lib/python3.12/site-packages/airflow/example_dags/example_xcom.py
[2025-09-11T09:53:22.868+0000] {processor.py:925} INFO - DAG(s) 'example_xcom' retrieved from /home/airflow/.local/lib/python3.12/site-packages/airflow/example_dags/example_xcom.py
[2025-09-11T09:53:22.906+0000] {logging_mixin.py:190} INFO - [2025-09-11T09:53:22.905+0000] {dag.py:3239} INFO - Sync 1 DAGs
[2025-09-11T09:53:22.951+0000] {logging_mixin.py:190} INFO - [2025-09-11T09:53:22.950+0000] {dag.py:4180} INFO - Setting next_dagrun for example_xcom to 2021-01-01 00:00:00+00:00, run_after=2021-01-01 00:00:00+00:00
[2025-09-11T09:53:22.983+0000] {processor.py:208} INFO - Processing /home/airflow/.local/lib/python3.12/site-packages/airflow/example_dags/example_xcom.py took 0.150 seconds
[2025-09-11T09:53:58.588+0000] {processor.py:186} INFO - Started process (PID=626) to work on /home/airflow/.local/lib/python3.12/site-packages/airflow/example_dags/example_xcom.py
[2025-09-11T09:53:58.590+0000] {processor.py:914} INFO - Processing file /home/airflow/.local/lib/python3.12/site-packages/airflow/example_dags/example_xcom.py for tasks to queue
[2025-09-11T09:53:58.606+0000] {logging_mixin.py:190} INFO - [2025-09-11T09:53:58.595+0000] {dagbag.py:588} INFO - Filling up the DagBag from /home/airflow/.local/lib/python3.12/site-packages/airflow/example_dags/example_xcom.py
[2025-09-11T09:53:58.634+0000] {processor.py:925} INFO - DAG(s) 'example_xcom' retrieved from /home/airflow/.local/lib/python3.12/site-packages/airflow/example_dags/example_xcom.py
[2025-09-11T09:53:58.729+0000] {logging_mixin.py:190} INFO - [2025-09-11T09:53:58.729+0000] {dag.py:3239} INFO - Sync 1 DAGs
[2025-09-11T09:53:58.883+0000] {logging_mixin.py:190} INFO - [2025-09-11T09:53:58.873+0000] {dag.py:4180} INFO - Setting next_dagrun for example_xcom to 2021-01-01 00:00:00+00:00, run_after=2021-01-01 00:00:00+00:00
[2025-09-11T09:53:59.009+0000] {processor.py:208} INFO - Processing /home/airflow/.local/lib/python3.12/site-packages/airflow/example_dags/example_xcom.py took 0.441 seconds
[2025-09-11T09:54:29.707+0000] {processor.py:186} INFO - Started process (PID=689) to work on /home/airflow/.local/lib/python3.12/site-packages/airflow/example_dags/example_xcom.py
[2025-09-11T09:54:29.708+0000] {processor.py:914} INFO - Processing file /home/airflow/.local/lib/python3.12/site-packages/airflow/example_dags/example_xcom.py for tasks to queue
[2025-09-11T09:54:29.714+0000] {logging_mixin.py:190} INFO - [2025-09-11T09:54:29.712+0000] {dagbag.py:588} INFO - Filling up the DagBag from /home/airflow/.local/lib/python3.12/site-packages/airflow/example_dags/example_xcom.py
[2025-09-11T09:54:29.736+0000] {processor.py:925} INFO - DAG(s) 'example_xcom' retrieved from /home/airflow/.local/lib/python3.12/site-packages/airflow/example_dags/example_xcom.py
[2025-09-11T09:54:29.788+0000] {logging_mixin.py:190} INFO - [2025-09-11T09:54:29.787+0000] {dag.py:3239} INFO - Sync 1 DAGs
[2025-09-11T09:54:29.848+0000] {logging_mixin.py:190} INFO - [2025-09-11T09:54:29.847+0000] {dag.py:4180} INFO - Setting next_dagrun for example_xcom to 2021-01-01 00:00:00+00:00, run_after=2021-01-01 00:00:00+00:00
[2025-09-11T09:54:29.941+0000] {processor.py:208} INFO - Processing /home/airflow/.local/lib/python3.12/site-packages/airflow/example_dags/example_xcom.py took 0.248 seconds
[2025-09-11T09:55:00.120+0000] {processor.py:186} INFO - Started process (PID=751) to work on /home/airflow/.local/lib/python3.12/site-packages/airflow/example_dags/example_xcom.py
[2025-09-11T09:55:00.123+0000] {processor.py:914} INFO - Processing file /home/airflow/.local/lib/python3.12/site-packages/airflow/example_dags/example_xcom.py for tasks to queue
[2025-09-11T09:55:00.127+0000] {logging_mixin.py:190} INFO - [2025-09-11T09:55:00.127+0000] {dagbag.py:588} INFO - Filling up the DagBag from /home/airflow/.local/lib/python3.12/site-packages/airflow/example_dags/example_xcom.py
[2025-09-11T09:55:00.151+0000] {processor.py:925} INFO - DAG(s) 'example_xcom' retrieved from /home/airflow/.local/lib/python3.12/site-packages/airflow/example_dags/example_xcom.py
[2025-09-11T09:55:00.200+0000] {logging_mixin.py:190} INFO - [2025-09-11T09:55:00.199+0000] {dag.py:3239} INFO - Sync 1 DAGs
[2025-09-11T09:55:00.286+0000] {logging_mixin.py:190} INFO - [2025-09-11T09:55:00.286+0000] {dag.py:4180} INFO - Setting next_dagrun for example_xcom to 2021-01-01 00:00:00+00:00, run_after=2021-01-01 00:00:00+00:00
[2025-09-11T09:55:00.381+0000] {processor.py:208} INFO - Processing /home/airflow/.local/lib/python3.12/site-packages/airflow/example_dags/example_xcom.py took 0.275 seconds
[2025-09-11T09:55:31.096+0000] {processor.py:186} INFO - Started process (PID=814) to work on /home/airflow/.local/lib/python3.12/site-packages/airflow/example_dags/example_xcom.py
[2025-09-11T09:55:31.098+0000] {processor.py:914} INFO - Processing file /home/airflow/.local/lib/python3.12/site-packages/airflow/example_dags/example_xcom.py for tasks to queue
[2025-09-11T09:55:31.107+0000] {logging_mixin.py:190} INFO - [2025-09-11T09:55:31.106+0000] {dagbag.py:588} INFO - Filling up the DagBag from /home/airflow/.local/lib/python3.12/site-packages/airflow/example_dags/example_xcom.py
[2025-09-11T09:55:31.137+0000] {processor.py:925} INFO - DAG(s) 'example_xcom' retrieved from /home/airflow/.local/lib/python3.12/site-packages/airflow/example_dags/example_xcom.py
[2025-09-11T09:55:31.183+0000] {logging_mixin.py:190} INFO - [2025-09-11T09:55:31.183+0000] {dag.py:3239} INFO - Sync 1 DAGs
[2025-09-11T09:55:31.515+0000] {logging_mixin.py:190} INFO - [2025-09-11T09:55:31.515+0000] {dag.py:4180} INFO - Setting next_dagrun for example_xcom to 2021-01-01 00:00:00+00:00, run_after=2021-01-01 00:00:00+00:00
[2025-09-11T09:55:31.591+0000] {processor.py:208} INFO - Processing /home/airflow/.local/lib/python3.12/site-packages/airflow/example_dags/example_xcom.py took 0.283 seconds
[2025-09-11T09:56:01.936+0000] {processor.py:186} INFO - Started process (PID=877) to work on /home/airflow/.local/lib/python3.12/site-packages/airflow/example_dags/example_xcom.py
[2025-09-11T09:56:01.938+0000] {processor.py:914} INFO - Processing file /home/airflow/.local/lib/python3.12/site-packages/airflow/example_dags/example_xcom.py for tasks to queue
[2025-09-11T09:56:01.943+0000] {logging_mixin.py:190} INFO - [2025-09-11T09:56:01.942+0000] {dagbag.py:588} INFO - Filling up the DagBag from /home/airflow/.local/lib/python3.12/site-packages/airflow/example_dags/example_xcom.py
[2025-09-11T09:56:01.967+0000] {processor.py:925} INFO - DAG(s) 'example_xcom' retrieved from /home/airflow/.local/lib/python3.12/site-packages/airflow/example_dags/example_xcom.py
[2025-09-11T09:56:02.011+0000] {logging_mixin.py:190} INFO - [2025-09-11T09:56:02.010+0000] {dag.py:3239} INFO - Sync 1 DAGs
[2025-09-11T09:56:02.078+0000] {logging_mixin.py:190} INFO - [2025-09-11T09:56:02.078+0000] {dag.py:4180} INFO - Setting next_dagrun for example_xcom to 2021-01-01 00:00:00+00:00, run_after=2021-01-01 00:00:00+00:00
[2025-09-11T09:56:02.125+0000] {processor.py:208} INFO - Processing /home/airflow/.local/lib/python3.12/site-packages/airflow/example_dags/example_xcom.py took 0.202 seconds
[2025-09-11T09:56:32.289+0000] {processor.py:186} INFO - Started process (PID=939) to work on /home/airflow/.local/lib/python3.12/site-packages/airflow/example_dags/example_xcom.py
[2025-09-11T09:56:32.291+0000] {processor.py:914} INFO - Processing file /home/airflow/.local/lib/python3.12/site-packages/airflow/example_dags/example_xcom.py for tasks to queue
[2025-09-11T09:56:32.306+0000] {logging_mixin.py:190} INFO - [2025-09-11T09:56:32.305+0000] {dagbag.py:588} INFO - Filling up the DagBag from /home/airflow/.local/lib/python3.12/site-packages/airflow/example_dags/example_xcom.py
[2025-09-11T09:56:32.366+0000] {processor.py:925} INFO - DAG(s) 'example_xcom' retrieved from /home/airflow/.local/lib/python3.12/site-packages/airflow/example_dags/example_xcom.py
[2025-09-11T09:56:32.443+0000] {logging_mixin.py:190} INFO - [2025-09-11T09:56:32.443+0000] {dag.py:3239} INFO - Sync 1 DAGs
[2025-09-11T09:56:32.579+0000] {logging_mixin.py:190} INFO - [2025-09-11T09:56:32.579+0000] {dag.py:4180} INFO - Setting next_dagrun for example_xcom to 2021-01-01 00:00:00+00:00, run_after=2021-01-01 00:00:00+00:00
[2025-09-11T09:56:32.683+0000] {processor.py:208} INFO - Processing /home/airflow/.local/lib/python3.12/site-packages/airflow/example_dags/example_xcom.py took 0.408 seconds
[2025-09-11T09:57:03.448+0000] {processor.py:186} INFO - Started process (PID=1002) to work on /home/airflow/.local/lib/python3.12/site-packages/airflow/example_dags/example_xcom.py
[2025-09-11T09:57:03.451+0000] {processor.py:914} INFO - Processing file /home/airflow/.local/lib/python3.12/site-packages/airflow/example_dags/example_xcom.py for tasks to queue
[2025-09-11T09:57:03.461+0000] {logging_mixin.py:190} INFO - [2025-09-11T09:57:03.460+0000] {dagbag.py:588} INFO - Filling up the DagBag from /home/airflow/.local/lib/python3.12/site-packages/airflow/example_dags/example_xcom.py
[2025-09-11T09:57:03.489+0000] {processor.py:925} INFO - DAG(s) 'example_xcom' retrieved from /home/airflow/.local/lib/python3.12/site-packages/airflow/example_dags/example_xcom.py
[2025-09-11T09:57:03.602+0000] {logging_mixin.py:190} INFO - [2025-09-11T09:57:03.601+0000] {dag.py:3239} INFO - Sync 1 DAGs
[2025-09-11T09:57:03.742+0000] {logging_mixin.py:190} INFO - [2025-09-11T09:57:03.742+0000] {dag.py:4180} INFO - Setting next_dagrun for example_xcom to 2021-01-01 00:00:00+00:00, run_after=2021-01-01 00:00:00+00:00
[2025-09-11T09:57:03.804+0000] {processor.py:208} INFO - Processing /home/airflow/.local/lib/python3.12/site-packages/airflow/example_dags/example_xcom.py took 0.370 seconds
[2025-09-11T09:57:34.593+0000] {processor.py:186} INFO - Started process (PID=1065) to work on /home/airflow/.local/lib/python3.12/site-packages/airflow/example_dags/example_xcom.py
[2025-09-11T09:57:34.606+0000] {processor.py:914} INFO - Processing file /home/airflow/.local/lib/python3.12/site-packages/airflow/example_dags/example_xcom.py for tasks to queue
[2025-09-11T09:57:34.615+0000] {logging_mixin.py:190} INFO - [2025-09-11T09:57:34.615+0000] {dagbag.py:588} INFO - Filling up the DagBag from /home/airflow/.local/lib/python3.12/site-packages/airflow/example_dags/example_xcom.py
[2025-09-11T09:57:34.632+0000] {processor.py:925} INFO - DAG(s) 'example_xcom' retrieved from /home/airflow/.local/lib/python3.12/site-packages/airflow/example_dags/example_xcom.py
[2025-09-11T09:57:34.673+0000] {logging_mixin.py:190} INFO - [2025-09-11T09:57:34.672+0000] {dag.py:3239} INFO - Sync 1 DAGs
[2025-09-11T09:57:34.725+0000] {logging_mixin.py:190} INFO - [2025-09-11T09:57:34.725+0000] {dag.py:4180} INFO - Setting next_dagrun for example_xcom to 2021-01-01 00:00:00+00:00, run_after=2021-01-01 00:00:00+00:00
[2025-09-11T09:57:34.769+0000] {processor.py:208} INFO - Processing /home/airflow/.local/lib/python3.12/site-packages/airflow/example_dags/example_xcom.py took 0.187 seconds
[2025-09-11T09:58:04.904+0000] {processor.py:186} INFO - Started process (PID=1128) to work on /home/airflow/.local/lib/python3.12/site-packages/airflow/example_dags/example_xcom.py
[2025-09-11T09:58:04.912+0000] {processor.py:914} INFO - Processing file /home/airflow/.local/lib/python3.12/site-packages/airflow/example_dags/example_xcom.py for tasks to queue
[2025-09-11T09:58:04.921+0000] {logging_mixin.py:190} INFO - [2025-09-11T09:58:04.920+0000] {dagbag.py:588} INFO - Filling up the DagBag from /home/airflow/.local/lib/python3.12/site-packages/airflow/example_dags/example_xcom.py
[2025-09-11T09:58:04.947+0000] {processor.py:925} INFO - DAG(s) 'example_xcom' retrieved from /home/airflow/.local/lib/python3.12/site-packages/airflow/example_dags/example_xcom.py
[2025-09-11T09:58:05.011+0000] {logging_mixin.py:190} INFO - [2025-09-11T09:58:05.010+0000] {dag.py:3239} INFO - Sync 1 DAGs
[2025-09-11T09:58:05.102+0000] {logging_mixin.py:190} INFO - [2025-09-11T09:58:05.101+0000] {dag.py:4180} INFO - Setting next_dagrun for example_xcom to 2021-01-01 00:00:00+00:00, run_after=2021-01-01 00:00:00+00:00
[2025-09-11T09:58:05.204+0000] {processor.py:208} INFO - Processing /home/airflow/.local/lib/python3.12/site-packages/airflow/example_dags/example_xcom.py took 0.324 seconds
[2025-09-11T09:58:36.257+0000] {processor.py:186} INFO - Started process (PID=1191) to work on /home/airflow/.local/lib/python3.12/site-packages/airflow/example_dags/example_xcom.py
[2025-09-11T09:58:36.259+0000] {processor.py:914} INFO - Processing file /home/airflow/.local/lib/python3.12/site-packages/airflow/example_dags/example_xcom.py for tasks to queue
[2025-09-11T09:58:36.264+0000] {logging_mixin.py:190} INFO - [2025-09-11T09:58:36.263+0000] {dagbag.py:588} INFO - Filling up the DagBag from /home/airflow/.local/lib/python3.12/site-packages/airflow/example_dags/example_xcom.py
[2025-09-11T09:58:36.285+0000] {processor.py:925} INFO - DAG(s) 'example_xcom' retrieved from /home/airflow/.local/lib/python3.12/site-packages/airflow/example_dags/example_xcom.py
[2025-09-11T09:58:36.322+0000] {logging_mixin.py:190} INFO - [2025-09-11T09:58:36.321+0000] {dag.py:3239} INFO - Sync 1 DAGs
[2025-09-11T09:58:36.366+0000] {logging_mixin.py:190} INFO - [2025-09-11T09:58:36.366+0000] {dag.py:4180} INFO - Setting next_dagrun for example_xcom to 2021-01-01 00:00:00+00:00, run_after=2021-01-01 00:00:00+00:00
[2025-09-11T09:58:36.446+0000] {processor.py:208} INFO - Processing /home/airflow/.local/lib/python3.12/site-packages/airflow/example_dags/example_xcom.py took 0.202 seconds
[2025-09-11T09:59:06.653+0000] {processor.py:186} INFO - Started process (PID=1254) to work on /home/airflow/.local/lib/python3.12/site-packages/airflow/example_dags/example_xcom.py
[2025-09-11T09:59:06.656+0000] {processor.py:914} INFO - Processing file /home/airflow/.local/lib/python3.12/site-packages/airflow/example_dags/example_xcom.py for tasks to queue
[2025-09-11T09:59:06.670+0000] {logging_mixin.py:190} INFO - [2025-09-11T09:59:06.669+0000] {dagbag.py:588} INFO - Filling up the DagBag from /home/airflow/.local/lib/python3.12/site-packages/airflow/example_dags/example_xcom.py
[2025-09-11T09:59:06.718+0000] {processor.py:925} INFO - DAG(s) 'example_xcom' retrieved from /home/airflow/.local/lib/python3.12/site-packages/airflow/example_dags/example_xcom.py
[2025-09-11T09:59:06.801+0000] {logging_mixin.py:190} INFO - [2025-09-11T09:59:06.801+0000] {dag.py:3239} INFO - Sync 1 DAGs
[2025-09-11T09:59:06.910+0000] {logging_mixin.py:190} INFO - [2025-09-11T09:59:06.909+0000] {dag.py:4180} INFO - Setting next_dagrun for example_xcom to 2021-01-01 00:00:00+00:00, run_after=2021-01-01 00:00:00+00:00
[2025-09-11T09:59:06.994+0000] {processor.py:208} INFO - Processing /home/airflow/.local/lib/python3.12/site-packages/airflow/example_dags/example_xcom.py took 0.364 seconds
[2025-09-11T09:59:37.418+0000] {processor.py:186} INFO - Started process (PID=1317) to work on /home/airflow/.local/lib/python3.12/site-packages/airflow/example_dags/example_xcom.py
[2025-09-11T09:59:37.423+0000] {processor.py:914} INFO - Processing file /home/airflow/.local/lib/python3.12/site-packages/airflow/example_dags/example_xcom.py for tasks to queue
[2025-09-11T09:59:37.441+0000] {logging_mixin.py:190} INFO - [2025-09-11T09:59:37.441+0000] {dagbag.py:588} INFO - Filling up the DagBag from /home/airflow/.local/lib/python3.12/site-packages/airflow/example_dags/example_xcom.py
[2025-09-11T09:59:37.471+0000] {processor.py:925} INFO - DAG(s) 'example_xcom' retrieved from /home/airflow/.local/lib/python3.12/site-packages/airflow/example_dags/example_xcom.py
[2025-09-11T09:59:37.559+0000] {logging_mixin.py:190} INFO - [2025-09-11T09:59:37.558+0000] {dag.py:3239} INFO - Sync 1 DAGs
[2025-09-11T09:59:37.602+0000] {logging_mixin.py:190} INFO - [2025-09-11T09:59:37.602+0000] {dag.py:4180} INFO - Setting next_dagrun for example_xcom to 2021-01-01 00:00:00+00:00, run_after=2021-01-01 00:00:00+00:00
[2025-09-11T09:59:37.639+0000] {processor.py:208} INFO - Processing /home/airflow/.local/lib/python3.12/site-packages/airflow/example_dags/example_xcom.py took 0.241 seconds
[2025-09-11T10:00:07.756+0000] {processor.py:186} INFO - Started process (PID=1380) to work on /home/airflow/.local/lib/python3.12/site-packages/airflow/example_dags/example_xcom.py
[2025-09-11T10:00:07.760+0000] {processor.py:914} INFO - Processing file /home/airflow/.local/lib/python3.12/site-packages/airflow/example_dags/example_xcom.py for tasks to queue
[2025-09-11T10:00:07.767+0000] {logging_mixin.py:190} INFO - [2025-09-11T10:00:07.766+0000] {dagbag.py:588} INFO - Filling up the DagBag from /home/airflow/.local/lib/python3.12/site-packages/airflow/example_dags/example_xcom.py
[2025-09-11T10:00:07.800+0000] {processor.py:925} INFO - DAG(s) 'example_xcom' retrieved from /home/airflow/.local/lib/python3.12/site-packages/airflow/example_dags/example_xcom.py
[2025-09-11T10:00:07.860+0000] {logging_mixin.py:190} INFO - [2025-09-11T10:00:07.860+0000] {dag.py:3239} INFO - Sync 1 DAGs
[2025-09-11T10:00:07.933+0000] {logging_mixin.py:190} INFO - [2025-09-11T10:00:07.932+0000] {dag.py:4180} INFO - Setting next_dagrun for example_xcom to 2021-01-01 00:00:00+00:00, run_after=2021-01-01 00:00:00+00:00
[2025-09-11T10:00:07.975+0000] {processor.py:208} INFO - Processing /home/airflow/.local/lib/python3.12/site-packages/airflow/example_dags/example_xcom.py took 0.238 seconds
[2025-09-11T10:00:38.398+0000] {processor.py:186} INFO - Started process (PID=1443) to work on /home/airflow/.local/lib/python3.12/site-packages/airflow/example_dags/example_xcom.py
[2025-09-11T10:00:38.400+0000] {processor.py:914} INFO - Processing file /home/airflow/.local/lib/python3.12/site-packages/airflow/example_dags/example_xcom.py for tasks to queue
[2025-09-11T10:00:38.404+0000] {logging_mixin.py:190} INFO - [2025-09-11T10:00:38.404+0000] {dagbag.py:588} INFO - Filling up the DagBag from /home/airflow/.local/lib/python3.12/site-packages/airflow/example_dags/example_xcom.py
[2025-09-11T10:00:38.421+0000] {processor.py:925} INFO - DAG(s) 'example_xcom' retrieved from /home/airflow/.local/lib/python3.12/site-packages/airflow/example_dags/example_xcom.py
[2025-09-11T10:00:38.474+0000] {logging_mixin.py:190} INFO - [2025-09-11T10:00:38.473+0000] {dag.py:3239} INFO - Sync 1 DAGs
[2025-09-11T10:00:38.571+0000] {logging_mixin.py:190} INFO - [2025-09-11T10:00:38.570+0000] {dag.py:4180} INFO - Setting next_dagrun for example_xcom to 2021-01-01 00:00:00+00:00, run_after=2021-01-01 00:00:00+00:00
[2025-09-11T10:00:38.628+0000] {processor.py:208} INFO - Processing /home/airflow/.local/lib/python3.12/site-packages/airflow/example_dags/example_xcom.py took 0.247 seconds
[2025-09-11T10:01:09.440+0000] {processor.py:186} INFO - Started process (PID=1506) to work on /home/airflow/.local/lib/python3.12/site-packages/airflow/example_dags/example_xcom.py
[2025-09-11T10:01:09.441+0000] {processor.py:914} INFO - Processing file /home/airflow/.local/lib/python3.12/site-packages/airflow/example_dags/example_xcom.py for tasks to queue
[2025-09-11T10:01:09.445+0000] {logging_mixin.py:190} INFO - [2025-09-11T10:01:09.445+0000] {dagbag.py:588} INFO - Filling up the DagBag from /home/airflow/.local/lib/python3.12/site-packages/airflow/example_dags/example_xcom.py
[2025-09-11T10:01:09.466+0000] {processor.py:925} INFO - DAG(s) 'example_xcom' retrieved from /home/airflow/.local/lib/python3.12/site-packages/airflow/example_dags/example_xcom.py
[2025-09-11T10:01:09.498+0000] {logging_mixin.py:190} INFO - [2025-09-11T10:01:09.498+0000] {dag.py:3239} INFO - Sync 1 DAGs
[2025-09-11T10:01:09.533+0000] {logging_mixin.py:190} INFO - [2025-09-11T10:01:09.532+0000] {dag.py:4180} INFO - Setting next_dagrun for example_xcom to 2021-01-01 00:00:00+00:00, run_after=2021-01-01 00:00:00+00:00
[2025-09-11T10:01:09.569+0000] {processor.py:208} INFO - Processing /home/airflow/.local/lib/python3.12/site-packages/airflow/example_dags/example_xcom.py took 0.143 seconds
[2025-09-11T10:01:40.552+0000] {processor.py:186} INFO - Started process (PID=1569) to work on /home/airflow/.local/lib/python3.12/site-packages/airflow/example_dags/example_xcom.py
[2025-09-11T10:01:40.555+0000] {processor.py:914} INFO - Processing file /home/airflow/.local/lib/python3.12/site-packages/airflow/example_dags/example_xcom.py for tasks to queue
[2025-09-11T10:01:40.562+0000] {logging_mixin.py:190} INFO - [2025-09-11T10:01:40.561+0000] {dagbag.py:588} INFO - Filling up the DagBag from /home/airflow/.local/lib/python3.12/site-packages/airflow/example_dags/example_xcom.py
[2025-09-11T10:01:40.583+0000] {processor.py:925} INFO - DAG(s) 'example_xcom' retrieved from /home/airflow/.local/lib/python3.12/site-packages/airflow/example_dags/example_xcom.py
[2025-09-11T10:01:40.626+0000] {logging_mixin.py:190} INFO - [2025-09-11T10:01:40.626+0000] {dag.py:3239} INFO - Sync 1 DAGs
[2025-09-11T10:01:40.690+0000] {logging_mixin.py:190} INFO - [2025-09-11T10:01:40.690+0000] {dag.py:4180} INFO - Setting next_dagrun for example_xcom to 2021-01-01 00:00:00+00:00, run_after=2021-01-01 00:00:00+00:00
[2025-09-11T10:01:40.731+0000] {processor.py:208} INFO - Processing /home/airflow/.local/lib/python3.12/site-packages/airflow/example_dags/example_xcom.py took 0.193 seconds
[2025-09-11T10:02:11.004+0000] {processor.py:186} INFO - Started process (PID=1631) to work on /home/airflow/.local/lib/python3.12/site-packages/airflow/example_dags/example_xcom.py
[2025-09-11T10:02:11.008+0000] {processor.py:914} INFO - Processing file /home/airflow/.local/lib/python3.12/site-packages/airflow/example_dags/example_xcom.py for tasks to queue
[2025-09-11T10:02:11.021+0000] {logging_mixin.py:190} INFO - [2025-09-11T10:02:11.014+0000] {dagbag.py:588} INFO - Filling up the DagBag from /home/airflow/.local/lib/python3.12/site-packages/airflow/example_dags/example_xcom.py
[2025-09-11T10:02:11.078+0000] {processor.py:925} INFO - DAG(s) 'example_xcom' retrieved from /home/airflow/.local/lib/python3.12/site-packages/airflow/example_dags/example_xcom.py
[2025-09-11T10:02:11.157+0000] {logging_mixin.py:190} INFO - [2025-09-11T10:02:11.157+0000] {dag.py:3239} INFO - Sync 1 DAGs
[2025-09-11T10:02:11.328+0000] {logging_mixin.py:190} INFO - [2025-09-11T10:02:11.327+0000] {dag.py:4180} INFO - Setting next_dagrun for example_xcom to 2021-01-01 00:00:00+00:00, run_after=2021-01-01 00:00:00+00:00
[2025-09-11T10:02:11.437+0000] {processor.py:208} INFO - Processing /home/airflow/.local/lib/python3.12/site-packages/airflow/example_dags/example_xcom.py took 0.452 seconds
[2025-09-11T10:02:41.985+0000] {processor.py:186} INFO - Started process (PID=1694) to work on /home/airflow/.local/lib/python3.12/site-packages/airflow/example_dags/example_xcom.py
[2025-09-11T10:02:41.996+0000] {processor.py:914} INFO - Processing file /home/airflow/.local/lib/python3.12/site-packages/airflow/example_dags/example_xcom.py for tasks to queue
[2025-09-11T10:02:42.002+0000] {logging_mixin.py:190} INFO - [2025-09-11T10:02:42.001+0000] {dagbag.py:588} INFO - Filling up the DagBag from /home/airflow/.local/lib/python3.12/site-packages/airflow/example_dags/example_xcom.py
[2025-09-11T10:02:42.032+0000] {processor.py:925} INFO - DAG(s) 'example_xcom' retrieved from /home/airflow/.local/lib/python3.12/site-packages/airflow/example_dags/example_xcom.py
[2025-09-11T10:02:42.089+0000] {logging_mixin.py:190} INFO - [2025-09-11T10:02:42.089+0000] {dag.py:3239} INFO - Sync 1 DAGs
[2025-09-11T10:02:42.158+0000] {logging_mixin.py:190} INFO - [2025-09-11T10:02:42.157+0000] {dag.py:4180} INFO - Setting next_dagrun for example_xcom to 2021-01-01 00:00:00+00:00, run_after=2021-01-01 00:00:00+00:00
[2025-09-11T10:02:42.205+0000] {processor.py:208} INFO - Processing /home/airflow/.local/lib/python3.12/site-packages/airflow/example_dags/example_xcom.py took 0.232 seconds
[2025-09-11T10:03:12.347+0000] {processor.py:186} INFO - Started process (PID=1757) to work on /home/airflow/.local/lib/python3.12/site-packages/airflow/example_dags/example_xcom.py
[2025-09-11T10:03:12.349+0000] {processor.py:914} INFO - Processing file /home/airflow/.local/lib/python3.12/site-packages/airflow/example_dags/example_xcom.py for tasks to queue
[2025-09-11T10:03:12.353+0000] {logging_mixin.py:190} INFO - [2025-09-11T10:03:12.353+0000] {dagbag.py:588} INFO - Filling up the DagBag from /home/airflow/.local/lib/python3.12/site-packages/airflow/example_dags/example_xcom.py
[2025-09-11T10:03:12.372+0000] {processor.py:925} INFO - DAG(s) 'example_xcom' retrieved from /home/airflow/.local/lib/python3.12/site-packages/airflow/example_dags/example_xcom.py
[2025-09-11T10:03:12.410+0000] {logging_mixin.py:190} INFO - [2025-09-11T10:03:12.409+0000] {dag.py:3239} INFO - Sync 1 DAGs
[2025-09-11T10:03:12.451+0000] {logging_mixin.py:190} INFO - [2025-09-11T10:03:12.451+0000] {dag.py:4180} INFO - Setting next_dagrun for example_xcom to 2021-01-01 00:00:00+00:00, run_after=2021-01-01 00:00:00+00:00
[2025-09-11T10:03:12.533+0000] {processor.py:208} INFO - Processing /home/airflow/.local/lib/python3.12/site-packages/airflow/example_dags/example_xcom.py took 0.199 seconds
[2025-09-11T10:03:43.110+0000] {processor.py:186} INFO - Started process (PID=1820) to work on /home/airflow/.local/lib/python3.12/site-packages/airflow/example_dags/example_xcom.py
[2025-09-11T10:03:43.113+0000] {processor.py:914} INFO - Processing file /home/airflow/.local/lib/python3.12/site-packages/airflow/example_dags/example_xcom.py for tasks to queue
[2025-09-11T10:03:43.134+0000] {logging_mixin.py:190} INFO - [2025-09-11T10:03:43.133+0000] {dagbag.py:588} INFO - Filling up the DagBag from /home/airflow/.local/lib/python3.12/site-packages/airflow/example_dags/example_xcom.py
[2025-09-11T10:03:43.188+0000] {processor.py:925} INFO - DAG(s) 'example_xcom' retrieved from /home/airflow/.local/lib/python3.12/site-packages/airflow/example_dags/example_xcom.py
[2025-09-11T10:03:43.328+0000] {logging_mixin.py:190} INFO - [2025-09-11T10:03:43.328+0000] {dag.py:3239} INFO - Sync 1 DAGs
[2025-09-11T10:03:43.426+0000] {logging_mixin.py:190} INFO - [2025-09-11T10:03:43.426+0000] {dag.py:4180} INFO - Setting next_dagrun for example_xcom to 2021-01-01 00:00:00+00:00, run_after=2021-01-01 00:00:00+00:00
[2025-09-11T10:03:43.501+0000] {processor.py:208} INFO - Processing /home/airflow/.local/lib/python3.12/site-packages/airflow/example_dags/example_xcom.py took 0.416 seconds
[2025-09-11T10:04:14.664+0000] {processor.py:186} INFO - Started process (PID=1883) to work on /home/airflow/.local/lib/python3.12/site-packages/airflow/example_dags/example_xcom.py
[2025-09-11T10:04:14.677+0000] {processor.py:914} INFO - Processing file /home/airflow/.local/lib/python3.12/site-packages/airflow/example_dags/example_xcom.py for tasks to queue
[2025-09-11T10:04:14.692+0000] {logging_mixin.py:190} INFO - [2025-09-11T10:04:14.691+0000] {dagbag.py:588} INFO - Filling up the DagBag from /home/airflow/.local/lib/python3.12/site-packages/airflow/example_dags/example_xcom.py
[2025-09-11T10:04:14.734+0000] {processor.py:925} INFO - DAG(s) 'example_xcom' retrieved from /home/airflow/.local/lib/python3.12/site-packages/airflow/example_dags/example_xcom.py
[2025-09-11T10:04:14.793+0000] {logging_mixin.py:190} INFO - [2025-09-11T10:04:14.793+0000] {dag.py:3239} INFO - Sync 1 DAGs
[2025-09-11T10:04:14.850+0000] {logging_mixin.py:190} INFO - [2025-09-11T10:04:14.850+0000] {dag.py:4180} INFO - Setting next_dagrun for example_xcom to 2021-01-01 00:00:00+00:00, run_after=2021-01-01 00:00:00+00:00
[2025-09-11T10:04:14.905+0000] {processor.py:208} INFO - Processing /home/airflow/.local/lib/python3.12/site-packages/airflow/example_dags/example_xcom.py took 0.250 seconds
[2025-09-11T10:04:45.278+0000] {processor.py:186} INFO - Started process (PID=1946) to work on /home/airflow/.local/lib/python3.12/site-packages/airflow/example_dags/example_xcom.py
[2025-09-11T10:04:45.279+0000] {processor.py:914} INFO - Processing file /home/airflow/.local/lib/python3.12/site-packages/airflow/example_dags/example_xcom.py for tasks to queue
[2025-09-11T10:04:45.283+0000] {logging_mixin.py:190} INFO - [2025-09-11T10:04:45.283+0000] {dagbag.py:588} INFO - Filling up the DagBag from /home/airflow/.local/lib/python3.12/site-packages/airflow/example_dags/example_xcom.py
[2025-09-11T10:04:45.304+0000] {processor.py:925} INFO - DAG(s) 'example_xcom' retrieved from /home/airflow/.local/lib/python3.12/site-packages/airflow/example_dags/example_xcom.py
[2025-09-11T10:04:45.355+0000] {logging_mixin.py:190} INFO - [2025-09-11T10:04:45.355+0000] {dag.py:3239} INFO - Sync 1 DAGs
[2025-09-11T10:04:45.422+0000] {logging_mixin.py:190} INFO - [2025-09-11T10:04:45.422+0000] {dag.py:4180} INFO - Setting next_dagrun for example_xcom to 2021-01-01 00:00:00+00:00, run_after=2021-01-01 00:00:00+00:00
[2025-09-11T10:04:45.465+0000] {processor.py:208} INFO - Processing /home/airflow/.local/lib/python3.12/site-packages/airflow/example_dags/example_xcom.py took 0.199 seconds
