[2025-09-11T09:49:38.467+0000] {processor.py:186} INFO - Started process (PID=97) to work on /home/airflow/.local/lib/python3.12/site-packages/airflow/example_dags/example_task_group.py
[2025-09-11T09:49:38.469+0000] {processor.py:914} INFO - Processing file /home/airflow/.local/lib/python3.12/site-packages/airflow/example_dags/example_task_group.py for tasks to queue
[2025-09-11T09:49:38.476+0000] {logging_mixin.py:190} INFO - [2025-09-11T09:49:38.475+0000] {dagbag.py:588} INFO - Filling up the DagBag from /home/airflow/.local/lib/python3.12/site-packages/airflow/example_dags/example_task_group.py
[2025-09-11T09:49:38.500+0000] {processor.py:925} INFO - DAG(s) 'example_task_group' retrieved from /home/airflow/.local/lib/python3.12/site-packages/airflow/example_dags/example_task_group.py
[2025-09-11T09:49:38.879+0000] {logging_mixin.py:190} INFO - [2025-09-11T09:49:38.877+0000] {override.py:1912} INFO - Created Permission View: can read on DAG:example_task_group
[2025-09-11T09:49:38.906+0000] {logging_mixin.py:190} INFO - [2025-09-11T09:49:38.906+0000] {override.py:1912} INFO - Created Permission View: can edit on DAG:example_task_group
[2025-09-11T09:49:38.929+0000] {logging_mixin.py:190} INFO - [2025-09-11T09:49:38.928+0000] {override.py:1912} INFO - Created Permission View: can delete on DAG:example_task_group
[2025-09-11T09:49:38.948+0000] {logging_mixin.py:190} INFO - [2025-09-11T09:49:38.947+0000] {override.py:1912} INFO - Created Permission View: can create on DAG Run:example_task_group
[2025-09-11T09:49:38.967+0000] {logging_mixin.py:190} INFO - [2025-09-11T09:49:38.966+0000] {override.py:1912} INFO - Created Permission View: can read on DAG Run:example_task_group
[2025-09-11T09:49:38.980+0000] {logging_mixin.py:190} INFO - [2025-09-11T09:49:38.979+0000] {override.py:1912} INFO - Created Permission View: can delete on DAG Run:example_task_group
[2025-09-11T09:49:38.997+0000] {logging_mixin.py:190} INFO - [2025-09-11T09:49:38.997+0000] {override.py:1912} INFO - Created Permission View: menu access on DAG Run:example_task_group
[2025-09-11T09:49:38.998+0000] {logging_mixin.py:190} INFO - [2025-09-11T09:49:38.998+0000] {dag.py:3239} INFO - Sync 1 DAGs
[2025-09-11T09:49:39.036+0000] {logging_mixin.py:190} INFO - [2025-09-11T09:49:39.036+0000] {dag.py:3262} INFO - Creating ORM DAG for example_task_group
[2025-09-11T09:49:39.038+0000] {logging_mixin.py:190} INFO - [2025-09-11T09:49:39.038+0000] {dag.py:4180} INFO - Setting next_dagrun for example_task_group to None, run_after=None
[2025-09-11T09:49:39.079+0000] {processor.py:208} INFO - Processing /home/airflow/.local/lib/python3.12/site-packages/airflow/example_dags/example_task_group.py took 0.627 seconds
[2025-09-11T09:50:09.631+0000] {processor.py:186} INFO - Started process (PID=159) to work on /home/airflow/.local/lib/python3.12/site-packages/airflow/example_dags/example_task_group.py
[2025-09-11T09:50:09.633+0000] {processor.py:914} INFO - Processing file /home/airflow/.local/lib/python3.12/site-packages/airflow/example_dags/example_task_group.py for tasks to queue
[2025-09-11T09:50:09.637+0000] {logging_mixin.py:190} INFO - [2025-09-11T09:50:09.637+0000] {dagbag.py:588} INFO - Filling up the DagBag from /home/airflow/.local/lib/python3.12/site-packages/airflow/example_dags/example_task_group.py
[2025-09-11T09:50:09.655+0000] {processor.py:925} INFO - DAG(s) 'example_task_group' retrieved from /home/airflow/.local/lib/python3.12/site-packages/airflow/example_dags/example_task_group.py
[2025-09-11T09:50:09.689+0000] {logging_mixin.py:190} INFO - [2025-09-11T09:50:09.689+0000] {dag.py:3239} INFO - Sync 1 DAGs
[2025-09-11T09:50:09.725+0000] {logging_mixin.py:190} INFO - [2025-09-11T09:50:09.724+0000] {dag.py:4180} INFO - Setting next_dagrun for example_task_group to None, run_after=None
[2025-09-11T09:50:09.782+0000] {processor.py:208} INFO - Processing /home/airflow/.local/lib/python3.12/site-packages/airflow/example_dags/example_task_group.py took 0.161 seconds
[2025-09-11T09:50:41.531+0000] {processor.py:186} INFO - Started process (PID=223) to work on /home/airflow/.local/lib/python3.12/site-packages/airflow/example_dags/example_task_group.py
[2025-09-11T09:50:41.533+0000] {processor.py:914} INFO - Processing file /home/airflow/.local/lib/python3.12/site-packages/airflow/example_dags/example_task_group.py for tasks to queue
[2025-09-11T09:50:41.537+0000] {logging_mixin.py:190} INFO - [2025-09-11T09:50:41.537+0000] {dagbag.py:588} INFO - Filling up the DagBag from /home/airflow/.local/lib/python3.12/site-packages/airflow/example_dags/example_task_group.py
[2025-09-11T09:50:41.562+0000] {processor.py:925} INFO - DAG(s) 'example_task_group' retrieved from /home/airflow/.local/lib/python3.12/site-packages/airflow/example_dags/example_task_group.py
[2025-09-11T09:50:41.626+0000] {logging_mixin.py:190} INFO - [2025-09-11T09:50:41.615+0000] {dag.py:3239} INFO - Sync 1 DAGs
[2025-09-11T09:50:41.672+0000] {logging_mixin.py:190} INFO - [2025-09-11T09:50:41.672+0000] {dag.py:4180} INFO - Setting next_dagrun for example_task_group to None, run_after=None
[2025-09-11T09:50:41.746+0000] {processor.py:208} INFO - Processing /home/airflow/.local/lib/python3.12/site-packages/airflow/example_dags/example_task_group.py took 0.228 seconds
[2025-09-11T09:51:15.324+0000] {processor.py:186} INFO - Started process (PID=301) to work on /home/airflow/.local/lib/python3.12/site-packages/airflow/example_dags/example_task_group.py
[2025-09-11T09:51:15.329+0000] {processor.py:914} INFO - Processing file /home/airflow/.local/lib/python3.12/site-packages/airflow/example_dags/example_task_group.py for tasks to queue
[2025-09-11T09:51:15.334+0000] {logging_mixin.py:190} INFO - [2025-09-11T09:51:15.333+0000] {dagbag.py:588} INFO - Filling up the DagBag from /home/airflow/.local/lib/python3.12/site-packages/airflow/example_dags/example_task_group.py
[2025-09-11T09:51:15.356+0000] {processor.py:925} INFO - DAG(s) 'example_task_group' retrieved from /home/airflow/.local/lib/python3.12/site-packages/airflow/example_dags/example_task_group.py
[2025-09-11T09:51:15.423+0000] {logging_mixin.py:190} INFO - [2025-09-11T09:51:15.423+0000] {dag.py:3239} INFO - Sync 1 DAGs
[2025-09-11T09:51:15.459+0000] {logging_mixin.py:190} INFO - [2025-09-11T09:51:15.458+0000] {dag.py:4180} INFO - Setting next_dagrun for example_task_group to None, run_after=None
[2025-09-11T09:51:15.528+0000] {processor.py:208} INFO - Processing /home/airflow/.local/lib/python3.12/site-packages/airflow/example_dags/example_task_group.py took 0.216 seconds
[2025-09-11T09:51:46.869+0000] {processor.py:186} INFO - Started process (PID=364) to work on /home/airflow/.local/lib/python3.12/site-packages/airflow/example_dags/example_task_group.py
[2025-09-11T09:51:46.871+0000] {processor.py:914} INFO - Processing file /home/airflow/.local/lib/python3.12/site-packages/airflow/example_dags/example_task_group.py for tasks to queue
[2025-09-11T09:51:46.875+0000] {logging_mixin.py:190} INFO - [2025-09-11T09:51:46.875+0000] {dagbag.py:588} INFO - Filling up the DagBag from /home/airflow/.local/lib/python3.12/site-packages/airflow/example_dags/example_task_group.py
[2025-09-11T09:51:46.887+0000] {processor.py:925} INFO - DAG(s) 'example_task_group' retrieved from /home/airflow/.local/lib/python3.12/site-packages/airflow/example_dags/example_task_group.py
[2025-09-11T09:51:46.917+0000] {logging_mixin.py:190} INFO - [2025-09-11T09:51:46.917+0000] {dag.py:3239} INFO - Sync 1 DAGs
[2025-09-11T09:51:46.938+0000] {logging_mixin.py:190} INFO - [2025-09-11T09:51:46.938+0000] {dag.py:4180} INFO - Setting next_dagrun for example_task_group to None, run_after=None
[2025-09-11T09:51:46.967+0000] {processor.py:208} INFO - Processing /home/airflow/.local/lib/python3.12/site-packages/airflow/example_dags/example_task_group.py took 0.108 seconds
[2025-09-11T09:52:18.149+0000] {processor.py:186} INFO - Started process (PID=427) to work on /home/airflow/.local/lib/python3.12/site-packages/airflow/example_dags/example_task_group.py
[2025-09-11T09:52:18.168+0000] {processor.py:914} INFO - Processing file /home/airflow/.local/lib/python3.12/site-packages/airflow/example_dags/example_task_group.py for tasks to queue
[2025-09-11T09:52:18.176+0000] {logging_mixin.py:190} INFO - [2025-09-11T09:52:18.176+0000] {dagbag.py:588} INFO - Filling up the DagBag from /home/airflow/.local/lib/python3.12/site-packages/airflow/example_dags/example_task_group.py
[2025-09-11T09:52:18.220+0000] {processor.py:925} INFO - DAG(s) 'example_task_group' retrieved from /home/airflow/.local/lib/python3.12/site-packages/airflow/example_dags/example_task_group.py
[2025-09-11T09:52:18.297+0000] {logging_mixin.py:190} INFO - [2025-09-11T09:52:18.297+0000] {dag.py:3239} INFO - Sync 1 DAGs
[2025-09-11T09:52:18.346+0000] {logging_mixin.py:190} INFO - [2025-09-11T09:52:18.346+0000] {dag.py:4180} INFO - Setting next_dagrun for example_task_group to None, run_after=None
[2025-09-11T09:52:18.381+0000] {processor.py:208} INFO - Processing /home/airflow/.local/lib/python3.12/site-packages/airflow/example_dags/example_task_group.py took 0.255 seconds
[2025-09-11T09:52:48.894+0000] {processor.py:186} INFO - Started process (PID=489) to work on /home/airflow/.local/lib/python3.12/site-packages/airflow/example_dags/example_task_group.py
[2025-09-11T09:52:48.898+0000] {processor.py:914} INFO - Processing file /home/airflow/.local/lib/python3.12/site-packages/airflow/example_dags/example_task_group.py for tasks to queue
[2025-09-11T09:52:48.904+0000] {logging_mixin.py:190} INFO - [2025-09-11T09:52:48.903+0000] {dagbag.py:588} INFO - Filling up the DagBag from /home/airflow/.local/lib/python3.12/site-packages/airflow/example_dags/example_task_group.py
[2025-09-11T09:52:48.920+0000] {processor.py:925} INFO - DAG(s) 'example_task_group' retrieved from /home/airflow/.local/lib/python3.12/site-packages/airflow/example_dags/example_task_group.py
[2025-09-11T09:52:48.964+0000] {logging_mixin.py:190} INFO - [2025-09-11T09:52:48.963+0000] {dag.py:3239} INFO - Sync 1 DAGs
[2025-09-11T09:52:48.994+0000] {logging_mixin.py:190} INFO - [2025-09-11T09:52:48.991+0000] {dag.py:4180} INFO - Setting next_dagrun for example_task_group to None, run_after=None
[2025-09-11T09:52:49.056+0000] {processor.py:208} INFO - Processing /home/airflow/.local/lib/python3.12/site-packages/airflow/example_dags/example_task_group.py took 0.171 seconds
[2025-09-11T09:53:19.358+0000] {processor.py:186} INFO - Started process (PID=551) to work on /home/airflow/.local/lib/python3.12/site-packages/airflow/example_dags/example_task_group.py
[2025-09-11T09:53:19.359+0000] {processor.py:914} INFO - Processing file /home/airflow/.local/lib/python3.12/site-packages/airflow/example_dags/example_task_group.py for tasks to queue
[2025-09-11T09:53:19.363+0000] {logging_mixin.py:190} INFO - [2025-09-11T09:53:19.362+0000] {dagbag.py:588} INFO - Filling up the DagBag from /home/airflow/.local/lib/python3.12/site-packages/airflow/example_dags/example_task_group.py
[2025-09-11T09:53:19.378+0000] {processor.py:925} INFO - DAG(s) 'example_task_group' retrieved from /home/airflow/.local/lib/python3.12/site-packages/airflow/example_dags/example_task_group.py
[2025-09-11T09:53:19.414+0000] {logging_mixin.py:190} INFO - [2025-09-11T09:53:19.414+0000] {dag.py:3239} INFO - Sync 1 DAGs
[2025-09-11T09:53:19.441+0000] {logging_mixin.py:190} INFO - [2025-09-11T09:53:19.441+0000] {dag.py:4180} INFO - Setting next_dagrun for example_task_group to None, run_after=None
[2025-09-11T09:53:19.473+0000] {processor.py:208} INFO - Processing /home/airflow/.local/lib/python3.12/site-packages/airflow/example_dags/example_task_group.py took 0.132 seconds
[2025-09-11T09:53:50.334+0000] {processor.py:186} INFO - Started process (PID=614) to work on /home/airflow/.local/lib/python3.12/site-packages/airflow/example_dags/example_task_group.py
[2025-09-11T09:53:50.343+0000] {processor.py:914} INFO - Processing file /home/airflow/.local/lib/python3.12/site-packages/airflow/example_dags/example_task_group.py for tasks to queue
[2025-09-11T09:53:50.351+0000] {logging_mixin.py:190} INFO - [2025-09-11T09:53:50.351+0000] {dagbag.py:588} INFO - Filling up the DagBag from /home/airflow/.local/lib/python3.12/site-packages/airflow/example_dags/example_task_group.py
[2025-09-11T09:53:50.410+0000] {processor.py:925} INFO - DAG(s) 'example_task_group' retrieved from /home/airflow/.local/lib/python3.12/site-packages/airflow/example_dags/example_task_group.py
[2025-09-11T09:53:50.499+0000] {logging_mixin.py:190} INFO - [2025-09-11T09:53:50.499+0000] {dag.py:3239} INFO - Sync 1 DAGs
[2025-09-11T09:53:50.583+0000] {logging_mixin.py:190} INFO - [2025-09-11T09:53:50.583+0000] {dag.py:4180} INFO - Setting next_dagrun for example_task_group to None, run_after=None
[2025-09-11T09:53:50.672+0000] {processor.py:208} INFO - Processing /home/airflow/.local/lib/python3.12/site-packages/airflow/example_dags/example_task_group.py took 0.377 seconds
[2025-09-11T09:54:21.451+0000] {processor.py:186} INFO - Started process (PID=677) to work on /home/airflow/.local/lib/python3.12/site-packages/airflow/example_dags/example_task_group.py
[2025-09-11T09:54:21.453+0000] {processor.py:914} INFO - Processing file /home/airflow/.local/lib/python3.12/site-packages/airflow/example_dags/example_task_group.py for tasks to queue
[2025-09-11T09:54:21.460+0000] {logging_mixin.py:190} INFO - [2025-09-11T09:54:21.459+0000] {dagbag.py:588} INFO - Filling up the DagBag from /home/airflow/.local/lib/python3.12/site-packages/airflow/example_dags/example_task_group.py
[2025-09-11T09:54:21.477+0000] {processor.py:925} INFO - DAG(s) 'example_task_group' retrieved from /home/airflow/.local/lib/python3.12/site-packages/airflow/example_dags/example_task_group.py
[2025-09-11T09:54:21.512+0000] {logging_mixin.py:190} INFO - [2025-09-11T09:54:21.512+0000] {dag.py:3239} INFO - Sync 1 DAGs
[2025-09-11T09:54:21.536+0000] {logging_mixin.py:190} INFO - [2025-09-11T09:54:21.536+0000] {dag.py:4180} INFO - Setting next_dagrun for example_task_group to None, run_after=None
[2025-09-11T09:54:21.571+0000] {processor.py:208} INFO - Processing /home/airflow/.local/lib/python3.12/site-packages/airflow/example_dags/example_task_group.py took 0.127 seconds
[2025-09-11T09:54:52.624+0000] {processor.py:186} INFO - Started process (PID=740) to work on /home/airflow/.local/lib/python3.12/site-packages/airflow/example_dags/example_task_group.py
[2025-09-11T09:54:52.626+0000] {processor.py:914} INFO - Processing file /home/airflow/.local/lib/python3.12/site-packages/airflow/example_dags/example_task_group.py for tasks to queue
[2025-09-11T09:54:52.641+0000] {logging_mixin.py:190} INFO - [2025-09-11T09:54:52.640+0000] {dagbag.py:588} INFO - Filling up the DagBag from /home/airflow/.local/lib/python3.12/site-packages/airflow/example_dags/example_task_group.py
[2025-09-11T09:54:52.678+0000] {processor.py:925} INFO - DAG(s) 'example_task_group' retrieved from /home/airflow/.local/lib/python3.12/site-packages/airflow/example_dags/example_task_group.py
[2025-09-11T09:54:52.781+0000] {logging_mixin.py:190} INFO - [2025-09-11T09:54:52.780+0000] {dag.py:3239} INFO - Sync 1 DAGs
[2025-09-11T09:54:52.856+0000] {logging_mixin.py:190} INFO - [2025-09-11T09:54:52.856+0000] {dag.py:4180} INFO - Setting next_dagrun for example_task_group to None, run_after=None
[2025-09-11T09:54:52.979+0000] {processor.py:208} INFO - Processing /home/airflow/.local/lib/python3.12/site-packages/airflow/example_dags/example_task_group.py took 0.385 seconds
[2025-09-11T09:55:23.342+0000] {processor.py:186} INFO - Started process (PID=803) to work on /home/airflow/.local/lib/python3.12/site-packages/airflow/example_dags/example_task_group.py
[2025-09-11T09:55:23.344+0000] {processor.py:914} INFO - Processing file /home/airflow/.local/lib/python3.12/site-packages/airflow/example_dags/example_task_group.py for tasks to queue
[2025-09-11T09:55:23.354+0000] {logging_mixin.py:190} INFO - [2025-09-11T09:55:23.352+0000] {dagbag.py:588} INFO - Filling up the DagBag from /home/airflow/.local/lib/python3.12/site-packages/airflow/example_dags/example_task_group.py
[2025-09-11T09:55:23.377+0000] {processor.py:925} INFO - DAG(s) 'example_task_group' retrieved from /home/airflow/.local/lib/python3.12/site-packages/airflow/example_dags/example_task_group.py
[2025-09-11T09:55:23.408+0000] {logging_mixin.py:190} INFO - [2025-09-11T09:55:23.408+0000] {dag.py:3239} INFO - Sync 1 DAGs
[2025-09-11T09:55:23.431+0000] {logging_mixin.py:190} INFO - [2025-09-11T09:55:23.430+0000] {dag.py:4180} INFO - Setting next_dagrun for example_task_group to None, run_after=None
[2025-09-11T09:55:23.470+0000] {processor.py:208} INFO - Processing /home/airflow/.local/lib/python3.12/site-packages/airflow/example_dags/example_task_group.py took 0.140 seconds
[2025-09-11T09:55:54.184+0000] {processor.py:186} INFO - Started process (PID=866) to work on /home/airflow/.local/lib/python3.12/site-packages/airflow/example_dags/example_task_group.py
[2025-09-11T09:55:54.185+0000] {processor.py:914} INFO - Processing file /home/airflow/.local/lib/python3.12/site-packages/airflow/example_dags/example_task_group.py for tasks to queue
[2025-09-11T09:55:54.191+0000] {logging_mixin.py:190} INFO - [2025-09-11T09:55:54.190+0000] {dagbag.py:588} INFO - Filling up the DagBag from /home/airflow/.local/lib/python3.12/site-packages/airflow/example_dags/example_task_group.py
[2025-09-11T09:55:54.207+0000] {processor.py:925} INFO - DAG(s) 'example_task_group' retrieved from /home/airflow/.local/lib/python3.12/site-packages/airflow/example_dags/example_task_group.py
[2025-09-11T09:55:54.268+0000] {logging_mixin.py:190} INFO - [2025-09-11T09:55:54.267+0000] {dag.py:3239} INFO - Sync 1 DAGs
[2025-09-11T09:55:54.311+0000] {logging_mixin.py:190} INFO - [2025-09-11T09:55:54.310+0000] {dag.py:4180} INFO - Setting next_dagrun for example_task_group to None, run_after=None
[2025-09-11T09:55:54.366+0000] {processor.py:208} INFO - Processing /home/airflow/.local/lib/python3.12/site-packages/airflow/example_dags/example_task_group.py took 0.192 seconds
[2025-09-11T09:56:25.015+0000] {processor.py:186} INFO - Started process (PID=929) to work on /home/airflow/.local/lib/python3.12/site-packages/airflow/example_dags/example_task_group.py
[2025-09-11T09:56:25.017+0000] {processor.py:914} INFO - Processing file /home/airflow/.local/lib/python3.12/site-packages/airflow/example_dags/example_task_group.py for tasks to queue
[2025-09-11T09:56:25.021+0000] {logging_mixin.py:190} INFO - [2025-09-11T09:56:25.020+0000] {dagbag.py:588} INFO - Filling up the DagBag from /home/airflow/.local/lib/python3.12/site-packages/airflow/example_dags/example_task_group.py
[2025-09-11T09:56:25.047+0000] {processor.py:925} INFO - DAG(s) 'example_task_group' retrieved from /home/airflow/.local/lib/python3.12/site-packages/airflow/example_dags/example_task_group.py
[2025-09-11T09:56:25.093+0000] {logging_mixin.py:190} INFO - [2025-09-11T09:56:25.092+0000] {dag.py:3239} INFO - Sync 1 DAGs
[2025-09-11T09:56:25.117+0000] {logging_mixin.py:190} INFO - [2025-09-11T09:56:25.117+0000] {dag.py:4180} INFO - Setting next_dagrun for example_task_group to None, run_after=None
[2025-09-11T09:56:25.162+0000] {processor.py:208} INFO - Processing /home/airflow/.local/lib/python3.12/site-packages/airflow/example_dags/example_task_group.py took 0.163 seconds
[2025-09-11T09:56:55.708+0000] {processor.py:186} INFO - Started process (PID=992) to work on /home/airflow/.local/lib/python3.12/site-packages/airflow/example_dags/example_task_group.py
[2025-09-11T09:56:55.710+0000] {processor.py:914} INFO - Processing file /home/airflow/.local/lib/python3.12/site-packages/airflow/example_dags/example_task_group.py for tasks to queue
[2025-09-11T09:56:55.715+0000] {logging_mixin.py:190} INFO - [2025-09-11T09:56:55.714+0000] {dagbag.py:588} INFO - Filling up the DagBag from /home/airflow/.local/lib/python3.12/site-packages/airflow/example_dags/example_task_group.py
[2025-09-11T09:56:55.730+0000] {processor.py:925} INFO - DAG(s) 'example_task_group' retrieved from /home/airflow/.local/lib/python3.12/site-packages/airflow/example_dags/example_task_group.py
[2025-09-11T09:56:55.765+0000] {logging_mixin.py:190} INFO - [2025-09-11T09:56:55.765+0000] {dag.py:3239} INFO - Sync 1 DAGs
[2025-09-11T09:56:55.791+0000] {logging_mixin.py:190} INFO - [2025-09-11T09:56:55.790+0000] {dag.py:4180} INFO - Setting next_dagrun for example_task_group to None, run_after=None
[2025-09-11T09:56:55.860+0000] {processor.py:208} INFO - Processing /home/airflow/.local/lib/python3.12/site-packages/airflow/example_dags/example_task_group.py took 0.161 seconds
[2025-09-11T09:57:26.353+0000] {processor.py:186} INFO - Started process (PID=1055) to work on /home/airflow/.local/lib/python3.12/site-packages/airflow/example_dags/example_task_group.py
[2025-09-11T09:57:26.354+0000] {processor.py:914} INFO - Processing file /home/airflow/.local/lib/python3.12/site-packages/airflow/example_dags/example_task_group.py for tasks to queue
[2025-09-11T09:57:26.358+0000] {logging_mixin.py:190} INFO - [2025-09-11T09:57:26.358+0000] {dagbag.py:588} INFO - Filling up the DagBag from /home/airflow/.local/lib/python3.12/site-packages/airflow/example_dags/example_task_group.py
[2025-09-11T09:57:26.380+0000] {processor.py:925} INFO - DAG(s) 'example_task_group' retrieved from /home/airflow/.local/lib/python3.12/site-packages/airflow/example_dags/example_task_group.py
[2025-09-11T09:57:26.416+0000] {logging_mixin.py:190} INFO - [2025-09-11T09:57:26.416+0000] {dag.py:3239} INFO - Sync 1 DAGs
[2025-09-11T09:57:26.439+0000] {logging_mixin.py:190} INFO - [2025-09-11T09:57:26.439+0000] {dag.py:4180} INFO - Setting next_dagrun for example_task_group to None, run_after=None
[2025-09-11T09:57:26.475+0000] {processor.py:208} INFO - Processing /home/airflow/.local/lib/python3.12/site-packages/airflow/example_dags/example_task_group.py took 0.137 seconds
[2025-09-11T09:57:57.046+0000] {processor.py:186} INFO - Started process (PID=1118) to work on /home/airflow/.local/lib/python3.12/site-packages/airflow/example_dags/example_task_group.py
[2025-09-11T09:57:57.048+0000] {processor.py:914} INFO - Processing file /home/airflow/.local/lib/python3.12/site-packages/airflow/example_dags/example_task_group.py for tasks to queue
[2025-09-11T09:57:57.082+0000] {logging_mixin.py:190} INFO - [2025-09-11T09:57:57.081+0000] {dagbag.py:588} INFO - Filling up the DagBag from /home/airflow/.local/lib/python3.12/site-packages/airflow/example_dags/example_task_group.py
[2025-09-11T09:57:57.120+0000] {processor.py:925} INFO - DAG(s) 'example_task_group' retrieved from /home/airflow/.local/lib/python3.12/site-packages/airflow/example_dags/example_task_group.py
[2025-09-11T09:57:57.190+0000] {logging_mixin.py:190} INFO - [2025-09-11T09:57:57.190+0000] {dag.py:3239} INFO - Sync 1 DAGs
[2025-09-11T09:57:57.243+0000] {logging_mixin.py:190} INFO - [2025-09-11T09:57:57.243+0000] {dag.py:4180} INFO - Setting next_dagrun for example_task_group to None, run_after=None
[2025-09-11T09:57:57.344+0000] {processor.py:208} INFO - Processing /home/airflow/.local/lib/python3.12/site-packages/airflow/example_dags/example_task_group.py took 0.319 seconds
[2025-09-11T09:58:28.443+0000] {processor.py:186} INFO - Started process (PID=1181) to work on /home/airflow/.local/lib/python3.12/site-packages/airflow/example_dags/example_task_group.py
[2025-09-11T09:58:28.458+0000] {processor.py:914} INFO - Processing file /home/airflow/.local/lib/python3.12/site-packages/airflow/example_dags/example_task_group.py for tasks to queue
[2025-09-11T09:58:28.465+0000] {logging_mixin.py:190} INFO - [2025-09-11T09:58:28.464+0000] {dagbag.py:588} INFO - Filling up the DagBag from /home/airflow/.local/lib/python3.12/site-packages/airflow/example_dags/example_task_group.py
[2025-09-11T09:58:28.486+0000] {processor.py:925} INFO - DAG(s) 'example_task_group' retrieved from /home/airflow/.local/lib/python3.12/site-packages/airflow/example_dags/example_task_group.py
[2025-09-11T09:58:28.538+0000] {logging_mixin.py:190} INFO - [2025-09-11T09:58:28.537+0000] {dag.py:3239} INFO - Sync 1 DAGs
[2025-09-11T09:58:28.575+0000] {logging_mixin.py:190} INFO - [2025-09-11T09:58:28.574+0000] {dag.py:4180} INFO - Setting next_dagrun for example_task_group to None, run_after=None
[2025-09-11T09:58:28.625+0000] {processor.py:208} INFO - Processing /home/airflow/.local/lib/python3.12/site-packages/airflow/example_dags/example_task_group.py took 0.198 seconds
[2025-09-11T09:58:58.759+0000] {processor.py:186} INFO - Started process (PID=1244) to work on /home/airflow/.local/lib/python3.12/site-packages/airflow/example_dags/example_task_group.py
[2025-09-11T09:58:58.761+0000] {processor.py:914} INFO - Processing file /home/airflow/.local/lib/python3.12/site-packages/airflow/example_dags/example_task_group.py for tasks to queue
[2025-09-11T09:58:58.765+0000] {logging_mixin.py:190} INFO - [2025-09-11T09:58:58.765+0000] {dagbag.py:588} INFO - Filling up the DagBag from /home/airflow/.local/lib/python3.12/site-packages/airflow/example_dags/example_task_group.py
[2025-09-11T09:58:58.782+0000] {processor.py:925} INFO - DAG(s) 'example_task_group' retrieved from /home/airflow/.local/lib/python3.12/site-packages/airflow/example_dags/example_task_group.py
[2025-09-11T09:58:58.832+0000] {logging_mixin.py:190} INFO - [2025-09-11T09:58:58.832+0000] {dag.py:3239} INFO - Sync 1 DAGs
[2025-09-11T09:58:58.866+0000] {logging_mixin.py:190} INFO - [2025-09-11T09:58:58.866+0000] {dag.py:4180} INFO - Setting next_dagrun for example_task_group to None, run_after=None
[2025-09-11T09:58:58.906+0000] {processor.py:208} INFO - Processing /home/airflow/.local/lib/python3.12/site-packages/airflow/example_dags/example_task_group.py took 0.165 seconds
[2025-09-11T09:59:29.138+0000] {processor.py:186} INFO - Started process (PID=1305) to work on /home/airflow/.local/lib/python3.12/site-packages/airflow/example_dags/example_task_group.py
[2025-09-11T09:59:29.140+0000] {processor.py:914} INFO - Processing file /home/airflow/.local/lib/python3.12/site-packages/airflow/example_dags/example_task_group.py for tasks to queue
[2025-09-11T09:59:29.151+0000] {logging_mixin.py:190} INFO - [2025-09-11T09:59:29.150+0000] {dagbag.py:588} INFO - Filling up the DagBag from /home/airflow/.local/lib/python3.12/site-packages/airflow/example_dags/example_task_group.py
[2025-09-11T09:59:29.174+0000] {processor.py:925} INFO - DAG(s) 'example_task_group' retrieved from /home/airflow/.local/lib/python3.12/site-packages/airflow/example_dags/example_task_group.py
[2025-09-11T09:59:29.222+0000] {logging_mixin.py:190} INFO - [2025-09-11T09:59:29.221+0000] {dag.py:3239} INFO - Sync 1 DAGs
[2025-09-11T09:59:29.251+0000] {logging_mixin.py:190} INFO - [2025-09-11T09:59:29.250+0000] {dag.py:4180} INFO - Setting next_dagrun for example_task_group to None, run_after=None
[2025-09-11T09:59:29.296+0000] {processor.py:208} INFO - Processing /home/airflow/.local/lib/python3.12/site-packages/airflow/example_dags/example_task_group.py took 0.176 seconds
[2025-09-11T10:00:00.822+0000] {processor.py:186} INFO - Started process (PID=1368) to work on /home/airflow/.local/lib/python3.12/site-packages/airflow/example_dags/example_task_group.py
[2025-09-11T10:00:00.824+0000] {processor.py:914} INFO - Processing file /home/airflow/.local/lib/python3.12/site-packages/airflow/example_dags/example_task_group.py for tasks to queue
[2025-09-11T10:00:00.833+0000] {logging_mixin.py:190} INFO - [2025-09-11T10:00:00.830+0000] {dagbag.py:588} INFO - Filling up the DagBag from /home/airflow/.local/lib/python3.12/site-packages/airflow/example_dags/example_task_group.py
[2025-09-11T10:00:00.861+0000] {processor.py:925} INFO - DAG(s) 'example_task_group' retrieved from /home/airflow/.local/lib/python3.12/site-packages/airflow/example_dags/example_task_group.py
[2025-09-11T10:00:00.926+0000] {logging_mixin.py:190} INFO - [2025-09-11T10:00:00.925+0000] {dag.py:3239} INFO - Sync 1 DAGs
[2025-09-11T10:00:00.999+0000] {logging_mixin.py:190} INFO - [2025-09-11T10:00:00.998+0000] {dag.py:4180} INFO - Setting next_dagrun for example_task_group to None, run_after=None
[2025-09-11T10:00:01.130+0000] {processor.py:208} INFO - Processing /home/airflow/.local/lib/python3.12/site-packages/airflow/example_dags/example_task_group.py took 0.329 seconds
[2025-09-11T10:00:31.346+0000] {processor.py:186} INFO - Started process (PID=1430) to work on /home/airflow/.local/lib/python3.12/site-packages/airflow/example_dags/example_task_group.py
[2025-09-11T10:00:31.348+0000] {processor.py:914} INFO - Processing file /home/airflow/.local/lib/python3.12/site-packages/airflow/example_dags/example_task_group.py for tasks to queue
[2025-09-11T10:00:31.353+0000] {logging_mixin.py:190} INFO - [2025-09-11T10:00:31.352+0000] {dagbag.py:588} INFO - Filling up the DagBag from /home/airflow/.local/lib/python3.12/site-packages/airflow/example_dags/example_task_group.py
[2025-09-11T10:00:31.378+0000] {processor.py:925} INFO - DAG(s) 'example_task_group' retrieved from /home/airflow/.local/lib/python3.12/site-packages/airflow/example_dags/example_task_group.py
[2025-09-11T10:00:31.430+0000] {logging_mixin.py:190} INFO - [2025-09-11T10:00:31.430+0000] {dag.py:3239} INFO - Sync 1 DAGs
[2025-09-11T10:00:31.477+0000] {logging_mixin.py:190} INFO - [2025-09-11T10:00:31.477+0000] {dag.py:4180} INFO - Setting next_dagrun for example_task_group to None, run_after=None
[2025-09-11T10:00:31.599+0000] {processor.py:208} INFO - Processing /home/airflow/.local/lib/python3.12/site-packages/airflow/example_dags/example_task_group.py took 0.268 seconds
[2025-09-11T10:01:01.847+0000] {processor.py:186} INFO - Started process (PID=1493) to work on /home/airflow/.local/lib/python3.12/site-packages/airflow/example_dags/example_task_group.py
[2025-09-11T10:01:01.852+0000] {processor.py:914} INFO - Processing file /home/airflow/.local/lib/python3.12/site-packages/airflow/example_dags/example_task_group.py for tasks to queue
[2025-09-11T10:01:01.865+0000] {logging_mixin.py:190} INFO - [2025-09-11T10:01:01.864+0000] {dagbag.py:588} INFO - Filling up the DagBag from /home/airflow/.local/lib/python3.12/site-packages/airflow/example_dags/example_task_group.py
[2025-09-11T10:01:01.888+0000] {processor.py:925} INFO - DAG(s) 'example_task_group' retrieved from /home/airflow/.local/lib/python3.12/site-packages/airflow/example_dags/example_task_group.py
[2025-09-11T10:01:01.955+0000] {logging_mixin.py:190} INFO - [2025-09-11T10:01:01.954+0000] {dag.py:3239} INFO - Sync 1 DAGs
[2025-09-11T10:01:01.985+0000] {logging_mixin.py:190} INFO - [2025-09-11T10:01:01.985+0000] {dag.py:4180} INFO - Setting next_dagrun for example_task_group to None, run_after=None
[2025-09-11T10:01:02.034+0000] {processor.py:208} INFO - Processing /home/airflow/.local/lib/python3.12/site-packages/airflow/example_dags/example_task_group.py took 0.207 seconds
[2025-09-11T10:01:32.302+0000] {processor.py:186} INFO - Started process (PID=1555) to work on /home/airflow/.local/lib/python3.12/site-packages/airflow/example_dags/example_task_group.py
[2025-09-11T10:01:32.305+0000] {processor.py:914} INFO - Processing file /home/airflow/.local/lib/python3.12/site-packages/airflow/example_dags/example_task_group.py for tasks to queue
[2025-09-11T10:01:32.311+0000] {logging_mixin.py:190} INFO - [2025-09-11T10:01:32.309+0000] {dagbag.py:588} INFO - Filling up the DagBag from /home/airflow/.local/lib/python3.12/site-packages/airflow/example_dags/example_task_group.py
[2025-09-11T10:01:32.324+0000] {processor.py:925} INFO - DAG(s) 'example_task_group' retrieved from /home/airflow/.local/lib/python3.12/site-packages/airflow/example_dags/example_task_group.py
[2025-09-11T10:01:32.359+0000] {logging_mixin.py:190} INFO - [2025-09-11T10:01:32.359+0000] {dag.py:3239} INFO - Sync 1 DAGs
[2025-09-11T10:01:32.408+0000] {logging_mixin.py:190} INFO - [2025-09-11T10:01:32.408+0000] {dag.py:4180} INFO - Setting next_dagrun for example_task_group to None, run_after=None
[2025-09-11T10:01:32.473+0000] {processor.py:208} INFO - Processing /home/airflow/.local/lib/python3.12/site-packages/airflow/example_dags/example_task_group.py took 0.181 seconds
[2025-09-11T10:02:03.113+0000] {processor.py:186} INFO - Started process (PID=1617) to work on /home/airflow/.local/lib/python3.12/site-packages/airflow/example_dags/example_task_group.py
[2025-09-11T10:02:03.118+0000] {processor.py:914} INFO - Processing file /home/airflow/.local/lib/python3.12/site-packages/airflow/example_dags/example_task_group.py for tasks to queue
[2025-09-11T10:02:03.131+0000] {logging_mixin.py:190} INFO - [2025-09-11T10:02:03.130+0000] {dagbag.py:588} INFO - Filling up the DagBag from /home/airflow/.local/lib/python3.12/site-packages/airflow/example_dags/example_task_group.py
[2025-09-11T10:02:03.164+0000] {processor.py:925} INFO - DAG(s) 'example_task_group' retrieved from /home/airflow/.local/lib/python3.12/site-packages/airflow/example_dags/example_task_group.py
[2025-09-11T10:02:03.237+0000] {logging_mixin.py:190} INFO - [2025-09-11T10:02:03.236+0000] {dag.py:3239} INFO - Sync 1 DAGs
[2025-09-11T10:02:03.267+0000] {logging_mixin.py:190} INFO - [2025-09-11T10:02:03.267+0000] {dag.py:4180} INFO - Setting next_dagrun for example_task_group to None, run_after=None
[2025-09-11T10:02:03.305+0000] {processor.py:208} INFO - Processing /home/airflow/.local/lib/python3.12/site-packages/airflow/example_dags/example_task_group.py took 0.202 seconds
[2025-09-11T10:02:33.643+0000] {processor.py:186} INFO - Started process (PID=1680) to work on /home/airflow/.local/lib/python3.12/site-packages/airflow/example_dags/example_task_group.py
[2025-09-11T10:02:33.644+0000] {processor.py:914} INFO - Processing file /home/airflow/.local/lib/python3.12/site-packages/airflow/example_dags/example_task_group.py for tasks to queue
[2025-09-11T10:02:33.649+0000] {logging_mixin.py:190} INFO - [2025-09-11T10:02:33.648+0000] {dagbag.py:588} INFO - Filling up the DagBag from /home/airflow/.local/lib/python3.12/site-packages/airflow/example_dags/example_task_group.py
[2025-09-11T10:02:33.681+0000] {processor.py:925} INFO - DAG(s) 'example_task_group' retrieved from /home/airflow/.local/lib/python3.12/site-packages/airflow/example_dags/example_task_group.py
[2025-09-11T10:02:33.739+0000] {logging_mixin.py:190} INFO - [2025-09-11T10:02:33.739+0000] {dag.py:3239} INFO - Sync 1 DAGs
[2025-09-11T10:02:33.765+0000] {logging_mixin.py:190} INFO - [2025-09-11T10:02:33.765+0000] {dag.py:4180} INFO - Setting next_dagrun for example_task_group to None, run_after=None
[2025-09-11T10:02:33.827+0000] {processor.py:208} INFO - Processing /home/airflow/.local/lib/python3.12/site-packages/airflow/example_dags/example_task_group.py took 0.203 seconds
[2025-09-11T10:03:04.195+0000] {processor.py:186} INFO - Started process (PID=1743) to work on /home/airflow/.local/lib/python3.12/site-packages/airflow/example_dags/example_task_group.py
[2025-09-11T10:03:04.202+0000] {processor.py:914} INFO - Processing file /home/airflow/.local/lib/python3.12/site-packages/airflow/example_dags/example_task_group.py for tasks to queue
[2025-09-11T10:03:04.213+0000] {logging_mixin.py:190} INFO - [2025-09-11T10:03:04.213+0000] {dagbag.py:588} INFO - Filling up the DagBag from /home/airflow/.local/lib/python3.12/site-packages/airflow/example_dags/example_task_group.py
[2025-09-11T10:03:04.252+0000] {processor.py:925} INFO - DAG(s) 'example_task_group' retrieved from /home/airflow/.local/lib/python3.12/site-packages/airflow/example_dags/example_task_group.py
[2025-09-11T10:03:04.398+0000] {logging_mixin.py:190} INFO - [2025-09-11T10:03:04.398+0000] {dag.py:3239} INFO - Sync 1 DAGs
[2025-09-11T10:03:04.476+0000] {logging_mixin.py:190} INFO - [2025-09-11T10:03:04.476+0000] {dag.py:4180} INFO - Setting next_dagrun for example_task_group to None, run_after=None
[2025-09-11T10:03:04.765+0000] {processor.py:208} INFO - Processing /home/airflow/.local/lib/python3.12/site-packages/airflow/example_dags/example_task_group.py took 0.396 seconds
[2025-09-11T10:03:35.052+0000] {processor.py:186} INFO - Started process (PID=1806) to work on /home/airflow/.local/lib/python3.12/site-packages/airflow/example_dags/example_task_group.py
[2025-09-11T10:03:35.055+0000] {processor.py:914} INFO - Processing file /home/airflow/.local/lib/python3.12/site-packages/airflow/example_dags/example_task_group.py for tasks to queue
[2025-09-11T10:03:35.060+0000] {logging_mixin.py:190} INFO - [2025-09-11T10:03:35.059+0000] {dagbag.py:588} INFO - Filling up the DagBag from /home/airflow/.local/lib/python3.12/site-packages/airflow/example_dags/example_task_group.py
[2025-09-11T10:03:35.106+0000] {processor.py:925} INFO - DAG(s) 'example_task_group' retrieved from /home/airflow/.local/lib/python3.12/site-packages/airflow/example_dags/example_task_group.py
[2025-09-11T10:03:35.173+0000] {logging_mixin.py:190} INFO - [2025-09-11T10:03:35.172+0000] {dag.py:3239} INFO - Sync 1 DAGs
[2025-09-11T10:03:35.269+0000] {logging_mixin.py:190} INFO - [2025-09-11T10:03:35.268+0000] {dag.py:4180} INFO - Setting next_dagrun for example_task_group to None, run_after=None
[2025-09-11T10:03:35.402+0000] {processor.py:208} INFO - Processing /home/airflow/.local/lib/python3.12/site-packages/airflow/example_dags/example_task_group.py took 0.369 seconds
[2025-09-11T10:04:05.722+0000] {processor.py:186} INFO - Started process (PID=1868) to work on /home/airflow/.local/lib/python3.12/site-packages/airflow/example_dags/example_task_group.py
[2025-09-11T10:04:05.724+0000] {processor.py:914} INFO - Processing file /home/airflow/.local/lib/python3.12/site-packages/airflow/example_dags/example_task_group.py for tasks to queue
[2025-09-11T10:04:05.732+0000] {logging_mixin.py:190} INFO - [2025-09-11T10:04:05.731+0000] {dagbag.py:588} INFO - Filling up the DagBag from /home/airflow/.local/lib/python3.12/site-packages/airflow/example_dags/example_task_group.py
[2025-09-11T10:04:05.752+0000] {processor.py:925} INFO - DAG(s) 'example_task_group' retrieved from /home/airflow/.local/lib/python3.12/site-packages/airflow/example_dags/example_task_group.py
[2025-09-11T10:04:05.790+0000] {logging_mixin.py:190} INFO - [2025-09-11T10:04:05.790+0000] {dag.py:3239} INFO - Sync 1 DAGs
[2025-09-11T10:04:05.823+0000] {logging_mixin.py:190} INFO - [2025-09-11T10:04:05.823+0000] {dag.py:4180} INFO - Setting next_dagrun for example_task_group to None, run_after=None
[2025-09-11T10:04:05.866+0000] {processor.py:208} INFO - Processing /home/airflow/.local/lib/python3.12/site-packages/airflow/example_dags/example_task_group.py took 0.155 seconds
[2025-09-11T10:04:36.883+0000] {processor.py:186} INFO - Started process (PID=1932) to work on /home/airflow/.local/lib/python3.12/site-packages/airflow/example_dags/example_task_group.py
[2025-09-11T10:04:36.885+0000] {processor.py:914} INFO - Processing file /home/airflow/.local/lib/python3.12/site-packages/airflow/example_dags/example_task_group.py for tasks to queue
[2025-09-11T10:04:36.889+0000] {logging_mixin.py:190} INFO - [2025-09-11T10:04:36.888+0000] {dagbag.py:588} INFO - Filling up the DagBag from /home/airflow/.local/lib/python3.12/site-packages/airflow/example_dags/example_task_group.py
[2025-09-11T10:04:36.908+0000] {processor.py:925} INFO - DAG(s) 'example_task_group' retrieved from /home/airflow/.local/lib/python3.12/site-packages/airflow/example_dags/example_task_group.py
[2025-09-11T10:04:36.951+0000] {logging_mixin.py:190} INFO - [2025-09-11T10:04:36.951+0000] {dag.py:3239} INFO - Sync 1 DAGs
[2025-09-11T10:04:36.990+0000] {logging_mixin.py:190} INFO - [2025-09-11T10:04:36.989+0000] {dag.py:4180} INFO - Setting next_dagrun for example_task_group to None, run_after=None
[2025-09-11T10:04:37.111+0000] {processor.py:208} INFO - Processing /home/airflow/.local/lib/python3.12/site-packages/airflow/example_dags/example_task_group.py took 0.241 seconds
