[2025-09-11T09:49:27.016+0000] {processor.py:186} INFO - Started process (PID=81) to work on /home/airflow/.local/lib/python3.12/site-packages/airflow/example_dags/example_bash_decorator.py
[2025-09-11T09:49:27.019+0000] {processor.py:914} INFO - Processing file /home/airflow/.local/lib/python3.12/site-packages/airflow/example_dags/example_bash_decorator.py for tasks to queue
[2025-09-11T09:49:27.027+0000] {logging_mixin.py:190} INFO - [2025-09-11T09:49:27.026+0000] {dagbag.py:588} INFO - Filling up the DagBag from /home/airflow/.local/lib/python3.12/site-packages/airflow/example_dags/example_bash_decorator.py
[2025-09-11T09:49:27.138+0000] {processor.py:925} INFO - DAG(s) 'example_bash_decorator' retrieved from /home/airflow/.local/lib/python3.12/site-packages/airflow/example_dags/example_bash_decorator.py
[2025-09-11T09:49:27.489+0000] {logging_mixin.py:190} INFO - [2025-09-11T09:49:27.488+0000] {override.py:1912} INFO - Created Permission View: can read on DAG:example_bash_decorator
[2025-09-11T09:49:27.519+0000] {logging_mixin.py:190} INFO - [2025-09-11T09:49:27.518+0000] {override.py:1912} INFO - Created Permission View: can edit on DAG:example_bash_decorator
[2025-09-11T09:49:27.533+0000] {logging_mixin.py:190} INFO - [2025-09-11T09:49:27.532+0000] {override.py:1912} INFO - Created Permission View: can delete on DAG:example_bash_decorator
[2025-09-11T09:49:27.548+0000] {logging_mixin.py:190} INFO - [2025-09-11T09:49:27.547+0000] {override.py:1912} INFO - Created Permission View: can create on DAG Run:example_bash_decorator
[2025-09-11T09:49:27.562+0000] {logging_mixin.py:190} INFO - [2025-09-11T09:49:27.560+0000] {override.py:1912} INFO - Created Permission View: can read on DAG Run:example_bash_decorator
[2025-09-11T09:49:27.586+0000] {logging_mixin.py:190} INFO - [2025-09-11T09:49:27.586+0000] {override.py:1912} INFO - Created Permission View: can delete on DAG Run:example_bash_decorator
[2025-09-11T09:49:27.599+0000] {logging_mixin.py:190} INFO - [2025-09-11T09:49:27.599+0000] {override.py:1912} INFO - Created Permission View: menu access on DAG Run:example_bash_decorator
[2025-09-11T09:49:27.601+0000] {logging_mixin.py:190} INFO - [2025-09-11T09:49:27.600+0000] {dag.py:3239} INFO - Sync 1 DAGs
[2025-09-11T09:49:27.634+0000] {logging_mixin.py:190} INFO - [2025-09-11T09:49:27.634+0000] {dag.py:3262} INFO - Creating ORM DAG for example_bash_decorator
[2025-09-11T09:49:27.637+0000] {logging_mixin.py:190} INFO - [2025-09-11T09:49:27.637+0000] {dag.py:4180} INFO - Setting next_dagrun for example_bash_decorator to None, run_after=None
[2025-09-11T09:49:27.677+0000] {processor.py:208} INFO - Processing /home/airflow/.local/lib/python3.12/site-packages/airflow/example_dags/example_bash_decorator.py took 0.679 seconds
[2025-09-11T09:49:58.694+0000] {processor.py:186} INFO - Started process (PID=144) to work on /home/airflow/.local/lib/python3.12/site-packages/airflow/example_dags/example_bash_decorator.py
[2025-09-11T09:49:58.696+0000] {processor.py:914} INFO - Processing file /home/airflow/.local/lib/python3.12/site-packages/airflow/example_dags/example_bash_decorator.py for tasks to queue
[2025-09-11T09:49:58.708+0000] {logging_mixin.py:190} INFO - [2025-09-11T09:49:58.707+0000] {dagbag.py:588} INFO - Filling up the DagBag from /home/airflow/.local/lib/python3.12/site-packages/airflow/example_dags/example_bash_decorator.py
[2025-09-11T09:49:58.764+0000] {processor.py:925} INFO - DAG(s) 'example_bash_decorator' retrieved from /home/airflow/.local/lib/python3.12/site-packages/airflow/example_dags/example_bash_decorator.py
[2025-09-11T09:49:58.881+0000] {logging_mixin.py:190} INFO - [2025-09-11T09:49:58.880+0000] {dag.py:3239} INFO - Sync 1 DAGs
[2025-09-11T09:49:58.960+0000] {logging_mixin.py:190} INFO - [2025-09-11T09:49:58.959+0000] {dag.py:4180} INFO - Setting next_dagrun for example_bash_decorator to None, run_after=None
[2025-09-11T09:49:59.073+0000] {processor.py:208} INFO - Processing /home/airflow/.local/lib/python3.12/site-packages/airflow/example_dags/example_bash_decorator.py took 0.404 seconds
[2025-09-11T09:50:29.349+0000] {processor.py:186} INFO - Started process (PID=208) to work on /home/airflow/.local/lib/python3.12/site-packages/airflow/example_dags/example_bash_decorator.py
[2025-09-11T09:50:29.350+0000] {processor.py:914} INFO - Processing file /home/airflow/.local/lib/python3.12/site-packages/airflow/example_dags/example_bash_decorator.py for tasks to queue
[2025-09-11T09:50:29.359+0000] {logging_mixin.py:190} INFO - [2025-09-11T09:50:29.354+0000] {dagbag.py:588} INFO - Filling up the DagBag from /home/airflow/.local/lib/python3.12/site-packages/airflow/example_dags/example_bash_decorator.py
[2025-09-11T09:50:29.398+0000] {processor.py:925} INFO - DAG(s) 'example_bash_decorator' retrieved from /home/airflow/.local/lib/python3.12/site-packages/airflow/example_dags/example_bash_decorator.py
[2025-09-11T09:50:29.447+0000] {logging_mixin.py:190} INFO - [2025-09-11T09:50:29.445+0000] {dag.py:3239} INFO - Sync 1 DAGs
[2025-09-11T09:50:29.473+0000] {logging_mixin.py:190} INFO - [2025-09-11T09:50:29.473+0000] {dag.py:4180} INFO - Setting next_dagrun for example_bash_decorator to None, run_after=None
[2025-09-11T09:50:29.519+0000] {processor.py:208} INFO - Processing /home/airflow/.local/lib/python3.12/site-packages/airflow/example_dags/example_bash_decorator.py took 0.179 seconds
[2025-09-11T09:51:00.093+0000] {processor.py:186} INFO - Started process (PID=280) to work on /home/airflow/.local/lib/python3.12/site-packages/airflow/example_dags/example_bash_decorator.py
[2025-09-11T09:51:00.095+0000] {processor.py:914} INFO - Processing file /home/airflow/.local/lib/python3.12/site-packages/airflow/example_dags/example_bash_decorator.py for tasks to queue
[2025-09-11T09:51:00.103+0000] {logging_mixin.py:190} INFO - [2025-09-11T09:51:00.102+0000] {dagbag.py:588} INFO - Filling up the DagBag from /home/airflow/.local/lib/python3.12/site-packages/airflow/example_dags/example_bash_decorator.py
[2025-09-11T09:51:00.144+0000] {processor.py:925} INFO - DAG(s) 'example_bash_decorator' retrieved from /home/airflow/.local/lib/python3.12/site-packages/airflow/example_dags/example_bash_decorator.py
[2025-09-11T09:51:00.219+0000] {logging_mixin.py:190} INFO - [2025-09-11T09:51:00.214+0000] {dag.py:3239} INFO - Sync 1 DAGs
[2025-09-11T09:51:00.244+0000] {logging_mixin.py:190} INFO - [2025-09-11T09:51:00.244+0000] {dag.py:4180} INFO - Setting next_dagrun for example_bash_decorator to None, run_after=None
[2025-09-11T09:51:00.281+0000] {processor.py:208} INFO - Processing /home/airflow/.local/lib/python3.12/site-packages/airflow/example_dags/example_bash_decorator.py took 0.206 seconds
[2025-09-11T09:51:30.559+0000] {processor.py:186} INFO - Started process (PID=343) to work on /home/airflow/.local/lib/python3.12/site-packages/airflow/example_dags/example_bash_decorator.py
[2025-09-11T09:51:30.561+0000] {processor.py:914} INFO - Processing file /home/airflow/.local/lib/python3.12/site-packages/airflow/example_dags/example_bash_decorator.py for tasks to queue
[2025-09-11T09:51:30.566+0000] {logging_mixin.py:190} INFO - [2025-09-11T09:51:30.565+0000] {dagbag.py:588} INFO - Filling up the DagBag from /home/airflow/.local/lib/python3.12/site-packages/airflow/example_dags/example_bash_decorator.py
[2025-09-11T09:51:30.593+0000] {processor.py:925} INFO - DAG(s) 'example_bash_decorator' retrieved from /home/airflow/.local/lib/python3.12/site-packages/airflow/example_dags/example_bash_decorator.py
[2025-09-11T09:51:30.630+0000] {logging_mixin.py:190} INFO - [2025-09-11T09:51:30.630+0000] {dag.py:3239} INFO - Sync 1 DAGs
[2025-09-11T09:51:30.653+0000] {logging_mixin.py:190} INFO - [2025-09-11T09:51:30.652+0000] {dag.py:4180} INFO - Setting next_dagrun for example_bash_decorator to None, run_after=None
[2025-09-11T09:51:30.686+0000] {processor.py:208} INFO - Processing /home/airflow/.local/lib/python3.12/site-packages/airflow/example_dags/example_bash_decorator.py took 0.142 seconds
[2025-09-11T09:52:01.103+0000] {processor.py:186} INFO - Started process (PID=406) to work on /home/airflow/.local/lib/python3.12/site-packages/airflow/example_dags/example_bash_decorator.py
[2025-09-11T09:52:01.105+0000] {processor.py:914} INFO - Processing file /home/airflow/.local/lib/python3.12/site-packages/airflow/example_dags/example_bash_decorator.py for tasks to queue
[2025-09-11T09:52:01.109+0000] {logging_mixin.py:190} INFO - [2025-09-11T09:52:01.108+0000] {dagbag.py:588} INFO - Filling up the DagBag from /home/airflow/.local/lib/python3.12/site-packages/airflow/example_dags/example_bash_decorator.py
[2025-09-11T09:52:01.153+0000] {processor.py:925} INFO - DAG(s) 'example_bash_decorator' retrieved from /home/airflow/.local/lib/python3.12/site-packages/airflow/example_dags/example_bash_decorator.py
[2025-09-11T09:52:01.222+0000] {logging_mixin.py:190} INFO - [2025-09-11T09:52:01.221+0000] {dag.py:3239} INFO - Sync 1 DAGs
[2025-09-11T09:52:01.259+0000] {logging_mixin.py:190} INFO - [2025-09-11T09:52:01.258+0000] {dag.py:4180} INFO - Setting next_dagrun for example_bash_decorator to None, run_after=None
[2025-09-11T09:52:01.323+0000] {processor.py:208} INFO - Processing /home/airflow/.local/lib/python3.12/site-packages/airflow/example_dags/example_bash_decorator.py took 0.233 seconds
[2025-09-11T09:52:32.426+0000] {processor.py:186} INFO - Started process (PID=469) to work on /home/airflow/.local/lib/python3.12/site-packages/airflow/example_dags/example_bash_decorator.py
[2025-09-11T09:52:32.443+0000] {processor.py:914} INFO - Processing file /home/airflow/.local/lib/python3.12/site-packages/airflow/example_dags/example_bash_decorator.py for tasks to queue
[2025-09-11T09:52:32.449+0000] {logging_mixin.py:190} INFO - [2025-09-11T09:52:32.448+0000] {dagbag.py:588} INFO - Filling up the DagBag from /home/airflow/.local/lib/python3.12/site-packages/airflow/example_dags/example_bash_decorator.py
[2025-09-11T09:52:32.496+0000] {processor.py:925} INFO - DAG(s) 'example_bash_decorator' retrieved from /home/airflow/.local/lib/python3.12/site-packages/airflow/example_dags/example_bash_decorator.py
[2025-09-11T09:52:32.592+0000] {logging_mixin.py:190} INFO - [2025-09-11T09:52:32.591+0000] {dag.py:3239} INFO - Sync 1 DAGs
[2025-09-11T09:52:32.684+0000] {logging_mixin.py:190} INFO - [2025-09-11T09:52:32.684+0000] {dag.py:4180} INFO - Setting next_dagrun for example_bash_decorator to None, run_after=None
[2025-09-11T09:52:32.815+0000] {processor.py:208} INFO - Processing /home/airflow/.local/lib/python3.12/site-packages/airflow/example_dags/example_bash_decorator.py took 0.409 seconds
[2025-09-11T09:53:03.320+0000] {processor.py:186} INFO - Started process (PID=531) to work on /home/airflow/.local/lib/python3.12/site-packages/airflow/example_dags/example_bash_decorator.py
[2025-09-11T09:53:03.323+0000] {processor.py:914} INFO - Processing file /home/airflow/.local/lib/python3.12/site-packages/airflow/example_dags/example_bash_decorator.py for tasks to queue
[2025-09-11T09:53:03.327+0000] {logging_mixin.py:190} INFO - [2025-09-11T09:53:03.326+0000] {dagbag.py:588} INFO - Filling up the DagBag from /home/airflow/.local/lib/python3.12/site-packages/airflow/example_dags/example_bash_decorator.py
[2025-09-11T09:53:03.357+0000] {processor.py:925} INFO - DAG(s) 'example_bash_decorator' retrieved from /home/airflow/.local/lib/python3.12/site-packages/airflow/example_dags/example_bash_decorator.py
[2025-09-11T09:53:03.400+0000] {logging_mixin.py:190} INFO - [2025-09-11T09:53:03.399+0000] {dag.py:3239} INFO - Sync 1 DAGs
[2025-09-11T09:53:03.430+0000] {logging_mixin.py:190} INFO - [2025-09-11T09:53:03.429+0000] {dag.py:4180} INFO - Setting next_dagrun for example_bash_decorator to None, run_after=None
[2025-09-11T09:53:03.553+0000] {processor.py:208} INFO - Processing /home/airflow/.local/lib/python3.12/site-packages/airflow/example_dags/example_bash_decorator.py took 0.245 seconds
[2025-09-11T09:53:35.554+0000] {processor.py:186} INFO - Started process (PID=582) to work on /home/airflow/.local/lib/python3.12/site-packages/airflow/example_dags/example_bash_decorator.py
[2025-09-11T09:53:35.568+0000] {processor.py:914} INFO - Processing file /home/airflow/.local/lib/python3.12/site-packages/airflow/example_dags/example_bash_decorator.py for tasks to queue
[2025-09-11T09:53:35.573+0000] {logging_mixin.py:190} INFO - [2025-09-11T09:53:35.572+0000] {dagbag.py:588} INFO - Filling up the DagBag from /home/airflow/.local/lib/python3.12/site-packages/airflow/example_dags/example_bash_decorator.py
[2025-09-11T09:53:35.620+0000] {processor.py:925} INFO - DAG(s) 'example_bash_decorator' retrieved from /home/airflow/.local/lib/python3.12/site-packages/airflow/example_dags/example_bash_decorator.py
[2025-09-11T09:53:35.748+0000] {logging_mixin.py:190} INFO - [2025-09-11T09:53:35.738+0000] {dag.py:3239} INFO - Sync 1 DAGs
[2025-09-11T09:53:35.812+0000] {logging_mixin.py:190} INFO - [2025-09-11T09:53:35.812+0000] {dag.py:4180} INFO - Setting next_dagrun for example_bash_decorator to None, run_after=None
[2025-09-11T09:53:35.888+0000] {processor.py:208} INFO - Processing /home/airflow/.local/lib/python3.12/site-packages/airflow/example_dags/example_bash_decorator.py took 0.356 seconds
[2025-09-11T09:54:07.651+0000] {processor.py:186} INFO - Started process (PID=643) to work on /home/airflow/.local/lib/python3.12/site-packages/airflow/example_dags/example_bash_decorator.py
[2025-09-11T09:54:07.655+0000] {processor.py:914} INFO - Processing file /home/airflow/.local/lib/python3.12/site-packages/airflow/example_dags/example_bash_decorator.py for tasks to queue
[2025-09-11T09:54:07.662+0000] {logging_mixin.py:190} INFO - [2025-09-11T09:54:07.661+0000] {dagbag.py:588} INFO - Filling up the DagBag from /home/airflow/.local/lib/python3.12/site-packages/airflow/example_dags/example_bash_decorator.py
[2025-09-11T09:54:07.750+0000] {processor.py:925} INFO - DAG(s) 'example_bash_decorator' retrieved from /home/airflow/.local/lib/python3.12/site-packages/airflow/example_dags/example_bash_decorator.py
[2025-09-11T09:54:07.870+0000] {logging_mixin.py:190} INFO - [2025-09-11T09:54:07.869+0000] {dag.py:3239} INFO - Sync 1 DAGs
[2025-09-11T09:54:07.967+0000] {logging_mixin.py:190} INFO - [2025-09-11T09:54:07.966+0000] {dag.py:4180} INFO - Setting next_dagrun for example_bash_decorator to None, run_after=None
[2025-09-11T09:54:08.107+0000] {processor.py:208} INFO - Processing /home/airflow/.local/lib/python3.12/site-packages/airflow/example_dags/example_bash_decorator.py took 0.480 seconds
[2025-09-11T09:54:38.923+0000] {processor.py:186} INFO - Started process (PID=706) to work on /home/airflow/.local/lib/python3.12/site-packages/airflow/example_dags/example_bash_decorator.py
[2025-09-11T09:54:38.927+0000] {processor.py:914} INFO - Processing file /home/airflow/.local/lib/python3.12/site-packages/airflow/example_dags/example_bash_decorator.py for tasks to queue
[2025-09-11T09:54:38.934+0000] {logging_mixin.py:190} INFO - [2025-09-11T09:54:38.933+0000] {dagbag.py:588} INFO - Filling up the DagBag from /home/airflow/.local/lib/python3.12/site-packages/airflow/example_dags/example_bash_decorator.py
[2025-09-11T09:54:38.979+0000] {processor.py:925} INFO - DAG(s) 'example_bash_decorator' retrieved from /home/airflow/.local/lib/python3.12/site-packages/airflow/example_dags/example_bash_decorator.py
[2025-09-11T09:54:39.038+0000] {logging_mixin.py:190} INFO - [2025-09-11T09:54:39.038+0000] {dag.py:3239} INFO - Sync 1 DAGs
[2025-09-11T09:54:39.071+0000] {logging_mixin.py:190} INFO - [2025-09-11T09:54:39.070+0000] {dag.py:4180} INFO - Setting next_dagrun for example_bash_decorator to None, run_after=None
[2025-09-11T09:54:39.183+0000] {processor.py:208} INFO - Processing /home/airflow/.local/lib/python3.12/site-packages/airflow/example_dags/example_bash_decorator.py took 0.275 seconds
[2025-09-11T09:55:09.564+0000] {processor.py:186} INFO - Started process (PID=768) to work on /home/airflow/.local/lib/python3.12/site-packages/airflow/example_dags/example_bash_decorator.py
[2025-09-11T09:55:09.567+0000] {processor.py:914} INFO - Processing file /home/airflow/.local/lib/python3.12/site-packages/airflow/example_dags/example_bash_decorator.py for tasks to queue
[2025-09-11T09:55:09.573+0000] {logging_mixin.py:190} INFO - [2025-09-11T09:55:09.572+0000] {dagbag.py:588} INFO - Filling up the DagBag from /home/airflow/.local/lib/python3.12/site-packages/airflow/example_dags/example_bash_decorator.py
[2025-09-11T09:55:09.614+0000] {processor.py:925} INFO - DAG(s) 'example_bash_decorator' retrieved from /home/airflow/.local/lib/python3.12/site-packages/airflow/example_dags/example_bash_decorator.py
[2025-09-11T09:55:09.664+0000] {logging_mixin.py:190} INFO - [2025-09-11T09:55:09.664+0000] {dag.py:3239} INFO - Sync 1 DAGs
[2025-09-11T09:55:09.707+0000] {logging_mixin.py:190} INFO - [2025-09-11T09:55:09.706+0000] {dag.py:4180} INFO - Setting next_dagrun for example_bash_decorator to None, run_after=None
[2025-09-11T09:55:09.757+0000] {processor.py:208} INFO - Processing /home/airflow/.local/lib/python3.12/site-packages/airflow/example_dags/example_bash_decorator.py took 0.212 seconds
[2025-09-11T09:55:40.055+0000] {processor.py:186} INFO - Started process (PID=830) to work on /home/airflow/.local/lib/python3.12/site-packages/airflow/example_dags/example_bash_decorator.py
[2025-09-11T09:55:40.058+0000] {processor.py:914} INFO - Processing file /home/airflow/.local/lib/python3.12/site-packages/airflow/example_dags/example_bash_decorator.py for tasks to queue
[2025-09-11T09:55:40.062+0000] {logging_mixin.py:190} INFO - [2025-09-11T09:55:40.062+0000] {dagbag.py:588} INFO - Filling up the DagBag from /home/airflow/.local/lib/python3.12/site-packages/airflow/example_dags/example_bash_decorator.py
[2025-09-11T09:55:40.090+0000] {processor.py:925} INFO - DAG(s) 'example_bash_decorator' retrieved from /home/airflow/.local/lib/python3.12/site-packages/airflow/example_dags/example_bash_decorator.py
[2025-09-11T09:55:40.158+0000] {logging_mixin.py:190} INFO - [2025-09-11T09:55:40.158+0000] {dag.py:3239} INFO - Sync 1 DAGs
[2025-09-11T09:55:40.224+0000] {logging_mixin.py:190} INFO - [2025-09-11T09:55:40.223+0000] {dag.py:4180} INFO - Setting next_dagrun for example_bash_decorator to None, run_after=None
[2025-09-11T09:55:40.283+0000] {processor.py:208} INFO - Processing /home/airflow/.local/lib/python3.12/site-packages/airflow/example_dags/example_bash_decorator.py took 0.243 seconds
[2025-09-11T09:56:11.153+0000] {processor.py:186} INFO - Started process (PID=893) to work on /home/airflow/.local/lib/python3.12/site-packages/airflow/example_dags/example_bash_decorator.py
[2025-09-11T09:56:11.155+0000] {processor.py:914} INFO - Processing file /home/airflow/.local/lib/python3.12/site-packages/airflow/example_dags/example_bash_decorator.py for tasks to queue
[2025-09-11T09:56:11.158+0000] {logging_mixin.py:190} INFO - [2025-09-11T09:56:11.158+0000] {dagbag.py:588} INFO - Filling up the DagBag from /home/airflow/.local/lib/python3.12/site-packages/airflow/example_dags/example_bash_decorator.py
[2025-09-11T09:56:11.178+0000] {processor.py:925} INFO - DAG(s) 'example_bash_decorator' retrieved from /home/airflow/.local/lib/python3.12/site-packages/airflow/example_dags/example_bash_decorator.py
[2025-09-11T09:56:11.210+0000] {logging_mixin.py:190} INFO - [2025-09-11T09:56:11.209+0000] {dag.py:3239} INFO - Sync 1 DAGs
[2025-09-11T09:56:11.238+0000] {logging_mixin.py:190} INFO - [2025-09-11T09:56:11.238+0000] {dag.py:4180} INFO - Setting next_dagrun for example_bash_decorator to None, run_after=None
[2025-09-11T09:56:11.272+0000] {processor.py:208} INFO - Processing /home/airflow/.local/lib/python3.12/site-packages/airflow/example_dags/example_bash_decorator.py took 0.129 seconds
[2025-09-11T09:56:41.726+0000] {processor.py:186} INFO - Started process (PID=955) to work on /home/airflow/.local/lib/python3.12/site-packages/airflow/example_dags/example_bash_decorator.py
[2025-09-11T09:56:41.728+0000] {processor.py:914} INFO - Processing file /home/airflow/.local/lib/python3.12/site-packages/airflow/example_dags/example_bash_decorator.py for tasks to queue
[2025-09-11T09:56:41.732+0000] {logging_mixin.py:190} INFO - [2025-09-11T09:56:41.731+0000] {dagbag.py:588} INFO - Filling up the DagBag from /home/airflow/.local/lib/python3.12/site-packages/airflow/example_dags/example_bash_decorator.py
[2025-09-11T09:56:41.750+0000] {processor.py:925} INFO - DAG(s) 'example_bash_decorator' retrieved from /home/airflow/.local/lib/python3.12/site-packages/airflow/example_dags/example_bash_decorator.py
[2025-09-11T09:56:41.786+0000] {logging_mixin.py:190} INFO - [2025-09-11T09:56:41.786+0000] {dag.py:3239} INFO - Sync 1 DAGs
[2025-09-11T09:56:41.811+0000] {logging_mixin.py:190} INFO - [2025-09-11T09:56:41.811+0000] {dag.py:4180} INFO - Setting next_dagrun for example_bash_decorator to None, run_after=None
[2025-09-11T09:56:41.847+0000] {processor.py:208} INFO - Processing /home/airflow/.local/lib/python3.12/site-packages/airflow/example_dags/example_bash_decorator.py took 0.128 seconds
[2025-09-11T09:57:12.045+0000] {processor.py:186} INFO - Started process (PID=1018) to work on /home/airflow/.local/lib/python3.12/site-packages/airflow/example_dags/example_bash_decorator.py
[2025-09-11T09:57:12.047+0000] {processor.py:914} INFO - Processing file /home/airflow/.local/lib/python3.12/site-packages/airflow/example_dags/example_bash_decorator.py for tasks to queue
[2025-09-11T09:57:12.056+0000] {logging_mixin.py:190} INFO - [2025-09-11T09:57:12.055+0000] {dagbag.py:588} INFO - Filling up the DagBag from /home/airflow/.local/lib/python3.12/site-packages/airflow/example_dags/example_bash_decorator.py
[2025-09-11T09:57:12.096+0000] {processor.py:925} INFO - DAG(s) 'example_bash_decorator' retrieved from /home/airflow/.local/lib/python3.12/site-packages/airflow/example_dags/example_bash_decorator.py
[2025-09-11T09:57:12.146+0000] {logging_mixin.py:190} INFO - [2025-09-11T09:57:12.146+0000] {dag.py:3239} INFO - Sync 1 DAGs
[2025-09-11T09:57:12.187+0000] {logging_mixin.py:190} INFO - [2025-09-11T09:57:12.187+0000] {dag.py:4180} INFO - Setting next_dagrun for example_bash_decorator to None, run_after=None
[2025-09-11T09:57:12.252+0000] {processor.py:208} INFO - Processing /home/airflow/.local/lib/python3.12/site-packages/airflow/example_dags/example_bash_decorator.py took 0.219 seconds
[2025-09-11T09:57:43.379+0000] {processor.py:186} INFO - Started process (PID=1081) to work on /home/airflow/.local/lib/python3.12/site-packages/airflow/example_dags/example_bash_decorator.py
[2025-09-11T09:57:43.380+0000] {processor.py:914} INFO - Processing file /home/airflow/.local/lib/python3.12/site-packages/airflow/example_dags/example_bash_decorator.py for tasks to queue
[2025-09-11T09:57:43.384+0000] {logging_mixin.py:190} INFO - [2025-09-11T09:57:43.384+0000] {dagbag.py:588} INFO - Filling up the DagBag from /home/airflow/.local/lib/python3.12/site-packages/airflow/example_dags/example_bash_decorator.py
[2025-09-11T09:57:43.413+0000] {processor.py:925} INFO - DAG(s) 'example_bash_decorator' retrieved from /home/airflow/.local/lib/python3.12/site-packages/airflow/example_dags/example_bash_decorator.py
[2025-09-11T09:57:43.461+0000] {logging_mixin.py:190} INFO - [2025-09-11T09:57:43.461+0000] {dag.py:3239} INFO - Sync 1 DAGs
[2025-09-11T09:57:43.491+0000] {logging_mixin.py:190} INFO - [2025-09-11T09:57:43.490+0000] {dag.py:4180} INFO - Setting next_dagrun for example_bash_decorator to None, run_after=None
[2025-09-11T09:57:43.523+0000] {processor.py:208} INFO - Processing /home/airflow/.local/lib/python3.12/site-packages/airflow/example_dags/example_bash_decorator.py took 0.156 seconds
[2025-09-11T09:58:13.863+0000] {processor.py:186} INFO - Started process (PID=1142) to work on /home/airflow/.local/lib/python3.12/site-packages/airflow/example_dags/example_bash_decorator.py
[2025-09-11T09:58:13.865+0000] {processor.py:914} INFO - Processing file /home/airflow/.local/lib/python3.12/site-packages/airflow/example_dags/example_bash_decorator.py for tasks to queue
[2025-09-11T09:58:13.870+0000] {logging_mixin.py:190} INFO - [2025-09-11T09:58:13.869+0000] {dagbag.py:588} INFO - Filling up the DagBag from /home/airflow/.local/lib/python3.12/site-packages/airflow/example_dags/example_bash_decorator.py
[2025-09-11T09:58:13.912+0000] {processor.py:925} INFO - DAG(s) 'example_bash_decorator' retrieved from /home/airflow/.local/lib/python3.12/site-packages/airflow/example_dags/example_bash_decorator.py
[2025-09-11T09:58:13.961+0000] {logging_mixin.py:190} INFO - [2025-09-11T09:58:13.960+0000] {dag.py:3239} INFO - Sync 1 DAGs
[2025-09-11T09:58:13.998+0000] {logging_mixin.py:190} INFO - [2025-09-11T09:58:13.997+0000] {dag.py:4180} INFO - Setting next_dagrun for example_bash_decorator to None, run_after=None
[2025-09-11T09:58:14.042+0000] {processor.py:208} INFO - Processing /home/airflow/.local/lib/python3.12/site-packages/airflow/example_dags/example_bash_decorator.py took 0.192 seconds
[2025-09-11T09:58:45.082+0000] {processor.py:186} INFO - Started process (PID=1205) to work on /home/airflow/.local/lib/python3.12/site-packages/airflow/example_dags/example_bash_decorator.py
[2025-09-11T09:58:45.083+0000] {processor.py:914} INFO - Processing file /home/airflow/.local/lib/python3.12/site-packages/airflow/example_dags/example_bash_decorator.py for tasks to queue
[2025-09-11T09:58:45.087+0000] {logging_mixin.py:190} INFO - [2025-09-11T09:58:45.087+0000] {dagbag.py:588} INFO - Filling up the DagBag from /home/airflow/.local/lib/python3.12/site-packages/airflow/example_dags/example_bash_decorator.py
[2025-09-11T09:58:45.119+0000] {processor.py:925} INFO - DAG(s) 'example_bash_decorator' retrieved from /home/airflow/.local/lib/python3.12/site-packages/airflow/example_dags/example_bash_decorator.py
[2025-09-11T09:58:45.195+0000] {logging_mixin.py:190} INFO - [2025-09-11T09:58:45.186+0000] {dag.py:3239} INFO - Sync 1 DAGs
[2025-09-11T09:58:45.258+0000] {logging_mixin.py:190} INFO - [2025-09-11T09:58:45.252+0000] {dag.py:4180} INFO - Setting next_dagrun for example_bash_decorator to None, run_after=None
[2025-09-11T09:58:45.343+0000] {processor.py:208} INFO - Processing /home/airflow/.local/lib/python3.12/site-packages/airflow/example_dags/example_bash_decorator.py took 0.273 seconds
[2025-09-11T09:59:15.978+0000] {processor.py:186} INFO - Started process (PID=1268) to work on /home/airflow/.local/lib/python3.12/site-packages/airflow/example_dags/example_bash_decorator.py
[2025-09-11T09:59:15.979+0000] {processor.py:914} INFO - Processing file /home/airflow/.local/lib/python3.12/site-packages/airflow/example_dags/example_bash_decorator.py for tasks to queue
[2025-09-11T09:59:15.985+0000] {logging_mixin.py:190} INFO - [2025-09-11T09:59:15.983+0000] {dagbag.py:588} INFO - Filling up the DagBag from /home/airflow/.local/lib/python3.12/site-packages/airflow/example_dags/example_bash_decorator.py
[2025-09-11T09:59:16.024+0000] {processor.py:925} INFO - DAG(s) 'example_bash_decorator' retrieved from /home/airflow/.local/lib/python3.12/site-packages/airflow/example_dags/example_bash_decorator.py
[2025-09-11T09:59:16.073+0000] {logging_mixin.py:190} INFO - [2025-09-11T09:59:16.073+0000] {dag.py:3239} INFO - Sync 1 DAGs
[2025-09-11T09:59:16.097+0000] {logging_mixin.py:190} INFO - [2025-09-11T09:59:16.097+0000] {dag.py:4180} INFO - Setting next_dagrun for example_bash_decorator to None, run_after=None
[2025-09-11T09:59:16.154+0000] {processor.py:208} INFO - Processing /home/airflow/.local/lib/python3.12/site-packages/airflow/example_dags/example_bash_decorator.py took 0.188 seconds
[2025-09-11T09:59:46.716+0000] {processor.py:186} INFO - Started process (PID=1330) to work on /home/airflow/.local/lib/python3.12/site-packages/airflow/example_dags/example_bash_decorator.py
[2025-09-11T09:59:46.722+0000] {processor.py:914} INFO - Processing file /home/airflow/.local/lib/python3.12/site-packages/airflow/example_dags/example_bash_decorator.py for tasks to queue
[2025-09-11T09:59:46.729+0000] {logging_mixin.py:190} INFO - [2025-09-11T09:59:46.729+0000] {dagbag.py:588} INFO - Filling up the DagBag from /home/airflow/.local/lib/python3.12/site-packages/airflow/example_dags/example_bash_decorator.py
[2025-09-11T09:59:46.792+0000] {processor.py:925} INFO - DAG(s) 'example_bash_decorator' retrieved from /home/airflow/.local/lib/python3.12/site-packages/airflow/example_dags/example_bash_decorator.py
[2025-09-11T09:59:46.879+0000] {logging_mixin.py:190} INFO - [2025-09-11T09:59:46.878+0000] {dag.py:3239} INFO - Sync 1 DAGs
[2025-09-11T09:59:46.948+0000] {logging_mixin.py:190} INFO - [2025-09-11T09:59:46.948+0000] {dag.py:4180} INFO - Setting next_dagrun for example_bash_decorator to None, run_after=None
[2025-09-11T09:59:47.015+0000] {processor.py:208} INFO - Processing /home/airflow/.local/lib/python3.12/site-packages/airflow/example_dags/example_bash_decorator.py took 0.318 seconds
[2025-09-11T10:00:17.246+0000] {processor.py:186} INFO - Started process (PID=1393) to work on /home/airflow/.local/lib/python3.12/site-packages/airflow/example_dags/example_bash_decorator.py
[2025-09-11T10:00:17.249+0000] {processor.py:914} INFO - Processing file /home/airflow/.local/lib/python3.12/site-packages/airflow/example_dags/example_bash_decorator.py for tasks to queue
[2025-09-11T10:00:17.263+0000] {logging_mixin.py:190} INFO - [2025-09-11T10:00:17.262+0000] {dagbag.py:588} INFO - Filling up the DagBag from /home/airflow/.local/lib/python3.12/site-packages/airflow/example_dags/example_bash_decorator.py
[2025-09-11T10:00:17.358+0000] {processor.py:925} INFO - DAG(s) 'example_bash_decorator' retrieved from /home/airflow/.local/lib/python3.12/site-packages/airflow/example_dags/example_bash_decorator.py
[2025-09-11T10:00:17.488+0000] {logging_mixin.py:190} INFO - [2025-09-11T10:00:17.487+0000] {dag.py:3239} INFO - Sync 1 DAGs
[2025-09-11T10:00:17.567+0000] {logging_mixin.py:190} INFO - [2025-09-11T10:00:17.566+0000] {dag.py:4180} INFO - Setting next_dagrun for example_bash_decorator to None, run_after=None
[2025-09-11T10:00:17.659+0000] {processor.py:208} INFO - Processing /home/airflow/.local/lib/python3.12/site-packages/airflow/example_dags/example_bash_decorator.py took 0.440 seconds
[2025-09-11T10:00:48.122+0000] {processor.py:186} INFO - Started process (PID=1456) to work on /home/airflow/.local/lib/python3.12/site-packages/airflow/example_dags/example_bash_decorator.py
[2025-09-11T10:00:48.124+0000] {processor.py:914} INFO - Processing file /home/airflow/.local/lib/python3.12/site-packages/airflow/example_dags/example_bash_decorator.py for tasks to queue
[2025-09-11T10:00:48.129+0000] {logging_mixin.py:190} INFO - [2025-09-11T10:00:48.128+0000] {dagbag.py:588} INFO - Filling up the DagBag from /home/airflow/.local/lib/python3.12/site-packages/airflow/example_dags/example_bash_decorator.py
[2025-09-11T10:00:48.174+0000] {processor.py:925} INFO - DAG(s) 'example_bash_decorator' retrieved from /home/airflow/.local/lib/python3.12/site-packages/airflow/example_dags/example_bash_decorator.py
[2025-09-11T10:00:48.230+0000] {logging_mixin.py:190} INFO - [2025-09-11T10:00:48.229+0000] {dag.py:3239} INFO - Sync 1 DAGs
[2025-09-11T10:00:48.298+0000] {logging_mixin.py:190} INFO - [2025-09-11T10:00:48.297+0000] {dag.py:4180} INFO - Setting next_dagrun for example_bash_decorator to None, run_after=None
[2025-09-11T10:00:48.368+0000] {processor.py:208} INFO - Processing /home/airflow/.local/lib/python3.12/site-packages/airflow/example_dags/example_bash_decorator.py took 0.263 seconds
[2025-09-11T10:01:18.542+0000] {processor.py:186} INFO - Started process (PID=1519) to work on /home/airflow/.local/lib/python3.12/site-packages/airflow/example_dags/example_bash_decorator.py
[2025-09-11T10:01:18.544+0000] {processor.py:914} INFO - Processing file /home/airflow/.local/lib/python3.12/site-packages/airflow/example_dags/example_bash_decorator.py for tasks to queue
[2025-09-11T10:01:18.547+0000] {logging_mixin.py:190} INFO - [2025-09-11T10:01:18.546+0000] {dagbag.py:588} INFO - Filling up the DagBag from /home/airflow/.local/lib/python3.12/site-packages/airflow/example_dags/example_bash_decorator.py
[2025-09-11T10:01:18.566+0000] {processor.py:925} INFO - DAG(s) 'example_bash_decorator' retrieved from /home/airflow/.local/lib/python3.12/site-packages/airflow/example_dags/example_bash_decorator.py
[2025-09-11T10:01:18.612+0000] {logging_mixin.py:190} INFO - [2025-09-11T10:01:18.611+0000] {dag.py:3239} INFO - Sync 1 DAGs
[2025-09-11T10:01:18.635+0000] {logging_mixin.py:190} INFO - [2025-09-11T10:01:18.635+0000] {dag.py:4180} INFO - Setting next_dagrun for example_bash_decorator to None, run_after=None
[2025-09-11T10:01:18.666+0000] {processor.py:208} INFO - Processing /home/airflow/.local/lib/python3.12/site-packages/airflow/example_dags/example_bash_decorator.py took 0.134 seconds
[2025-09-11T10:01:49.300+0000] {processor.py:186} INFO - Started process (PID=1582) to work on /home/airflow/.local/lib/python3.12/site-packages/airflow/example_dags/example_bash_decorator.py
[2025-09-11T10:01:49.302+0000] {processor.py:914} INFO - Processing file /home/airflow/.local/lib/python3.12/site-packages/airflow/example_dags/example_bash_decorator.py for tasks to queue
[2025-09-11T10:01:49.307+0000] {logging_mixin.py:190} INFO - [2025-09-11T10:01:49.307+0000] {dagbag.py:588} INFO - Filling up the DagBag from /home/airflow/.local/lib/python3.12/site-packages/airflow/example_dags/example_bash_decorator.py
[2025-09-11T10:01:49.339+0000] {processor.py:925} INFO - DAG(s) 'example_bash_decorator' retrieved from /home/airflow/.local/lib/python3.12/site-packages/airflow/example_dags/example_bash_decorator.py
[2025-09-11T10:01:49.386+0000] {logging_mixin.py:190} INFO - [2025-09-11T10:01:49.386+0000] {dag.py:3239} INFO - Sync 1 DAGs
[2025-09-11T10:01:49.418+0000] {logging_mixin.py:190} INFO - [2025-09-11T10:01:49.417+0000] {dag.py:4180} INFO - Setting next_dagrun for example_bash_decorator to None, run_after=None
[2025-09-11T10:01:49.454+0000] {processor.py:208} INFO - Processing /home/airflow/.local/lib/python3.12/site-packages/airflow/example_dags/example_bash_decorator.py took 0.170 seconds
[2025-09-11T10:02:20.414+0000] {processor.py:186} INFO - Started process (PID=1645) to work on /home/airflow/.local/lib/python3.12/site-packages/airflow/example_dags/example_bash_decorator.py
[2025-09-11T10:02:20.448+0000] {processor.py:914} INFO - Processing file /home/airflow/.local/lib/python3.12/site-packages/airflow/example_dags/example_bash_decorator.py for tasks to queue
[2025-09-11T10:02:20.464+0000] {logging_mixin.py:190} INFO - [2025-09-11T10:02:20.463+0000] {dagbag.py:588} INFO - Filling up the DagBag from /home/airflow/.local/lib/python3.12/site-packages/airflow/example_dags/example_bash_decorator.py
[2025-09-11T10:02:20.588+0000] {processor.py:925} INFO - DAG(s) 'example_bash_decorator' retrieved from /home/airflow/.local/lib/python3.12/site-packages/airflow/example_dags/example_bash_decorator.py
[2025-09-11T10:02:20.722+0000] {logging_mixin.py:190} INFO - [2025-09-11T10:02:20.722+0000] {dag.py:3239} INFO - Sync 1 DAGs
[2025-09-11T10:02:20.795+0000] {logging_mixin.py:190} INFO - [2025-09-11T10:02:20.794+0000] {dag.py:4180} INFO - Setting next_dagrun for example_bash_decorator to None, run_after=None
[2025-09-11T10:02:20.887+0000] {processor.py:208} INFO - Processing /home/airflow/.local/lib/python3.12/site-packages/airflow/example_dags/example_bash_decorator.py took 0.508 seconds
[2025-09-11T10:02:51.133+0000] {processor.py:186} INFO - Started process (PID=1714) to work on /home/airflow/.local/lib/python3.12/site-packages/airflow/example_dags/example_bash_decorator.py
[2025-09-11T10:02:51.135+0000] {processor.py:914} INFO - Processing file /home/airflow/.local/lib/python3.12/site-packages/airflow/example_dags/example_bash_decorator.py for tasks to queue
[2025-09-11T10:02:51.143+0000] {logging_mixin.py:190} INFO - [2025-09-11T10:02:51.142+0000] {dagbag.py:588} INFO - Filling up the DagBag from /home/airflow/.local/lib/python3.12/site-packages/airflow/example_dags/example_bash_decorator.py
[2025-09-11T10:02:51.178+0000] {processor.py:925} INFO - DAG(s) 'example_bash_decorator' retrieved from /home/airflow/.local/lib/python3.12/site-packages/airflow/example_dags/example_bash_decorator.py
[2025-09-11T10:02:51.231+0000] {logging_mixin.py:190} INFO - [2025-09-11T10:02:51.231+0000] {dag.py:3239} INFO - Sync 1 DAGs
[2025-09-11T10:02:51.276+0000] {logging_mixin.py:190} INFO - [2025-09-11T10:02:51.275+0000] {dag.py:4180} INFO - Setting next_dagrun for example_bash_decorator to None, run_after=None
[2025-09-11T10:02:51.352+0000] {processor.py:208} INFO - Processing /home/airflow/.local/lib/python3.12/site-packages/airflow/example_dags/example_bash_decorator.py took 0.233 seconds
[2025-09-11T10:03:22.123+0000] {processor.py:186} INFO - Started process (PID=1778) to work on /home/airflow/.local/lib/python3.12/site-packages/airflow/example_dags/example_bash_decorator.py
[2025-09-11T10:03:22.125+0000] {processor.py:914} INFO - Processing file /home/airflow/.local/lib/python3.12/site-packages/airflow/example_dags/example_bash_decorator.py for tasks to queue
[2025-09-11T10:03:22.137+0000] {logging_mixin.py:190} INFO - [2025-09-11T10:03:22.135+0000] {dagbag.py:588} INFO - Filling up the DagBag from /home/airflow/.local/lib/python3.12/site-packages/airflow/example_dags/example_bash_decorator.py
[2025-09-11T10:03:22.214+0000] {processor.py:925} INFO - DAG(s) 'example_bash_decorator' retrieved from /home/airflow/.local/lib/python3.12/site-packages/airflow/example_dags/example_bash_decorator.py
[2025-09-11T10:03:22.322+0000] {logging_mixin.py:190} INFO - [2025-09-11T10:03:22.322+0000] {dag.py:3239} INFO - Sync 1 DAGs
[2025-09-11T10:03:22.409+0000] {logging_mixin.py:190} INFO - [2025-09-11T10:03:22.409+0000] {dag.py:4180} INFO - Setting next_dagrun for example_bash_decorator to None, run_after=None
[2025-09-11T10:03:22.525+0000] {processor.py:208} INFO - Processing /home/airflow/.local/lib/python3.12/site-packages/airflow/example_dags/example_bash_decorator.py took 0.426 seconds
[2025-09-11T10:03:53.076+0000] {processor.py:186} INFO - Started process (PID=1841) to work on /home/airflow/.local/lib/python3.12/site-packages/airflow/example_dags/example_bash_decorator.py
[2025-09-11T10:03:53.079+0000] {processor.py:914} INFO - Processing file /home/airflow/.local/lib/python3.12/site-packages/airflow/example_dags/example_bash_decorator.py for tasks to queue
[2025-09-11T10:03:53.085+0000] {logging_mixin.py:190} INFO - [2025-09-11T10:03:53.084+0000] {dagbag.py:588} INFO - Filling up the DagBag from /home/airflow/.local/lib/python3.12/site-packages/airflow/example_dags/example_bash_decorator.py
[2025-09-11T10:03:53.134+0000] {processor.py:925} INFO - DAG(s) 'example_bash_decorator' retrieved from /home/airflow/.local/lib/python3.12/site-packages/airflow/example_dags/example_bash_decorator.py
[2025-09-11T10:03:53.200+0000] {logging_mixin.py:190} INFO - [2025-09-11T10:03:53.199+0000] {dag.py:3239} INFO - Sync 1 DAGs
[2025-09-11T10:03:53.228+0000] {logging_mixin.py:190} INFO - [2025-09-11T10:03:53.227+0000] {dag.py:4180} INFO - Setting next_dagrun for example_bash_decorator to None, run_after=None
[2025-09-11T10:03:53.268+0000] {processor.py:208} INFO - Processing /home/airflow/.local/lib/python3.12/site-packages/airflow/example_dags/example_bash_decorator.py took 0.208 seconds
[2025-09-11T10:04:24.008+0000] {processor.py:186} INFO - Started process (PID=1904) to work on /home/airflow/.local/lib/python3.12/site-packages/airflow/example_dags/example_bash_decorator.py
[2025-09-11T10:04:24.010+0000] {processor.py:914} INFO - Processing file /home/airflow/.local/lib/python3.12/site-packages/airflow/example_dags/example_bash_decorator.py for tasks to queue
[2025-09-11T10:04:24.015+0000] {logging_mixin.py:190} INFO - [2025-09-11T10:04:24.015+0000] {dagbag.py:588} INFO - Filling up the DagBag from /home/airflow/.local/lib/python3.12/site-packages/airflow/example_dags/example_bash_decorator.py
[2025-09-11T10:04:24.048+0000] {processor.py:925} INFO - DAG(s) 'example_bash_decorator' retrieved from /home/airflow/.local/lib/python3.12/site-packages/airflow/example_dags/example_bash_decorator.py
[2025-09-11T10:04:24.097+0000] {logging_mixin.py:190} INFO - [2025-09-11T10:04:24.097+0000] {dag.py:3239} INFO - Sync 1 DAGs
[2025-09-11T10:04:24.151+0000] {logging_mixin.py:190} INFO - [2025-09-11T10:04:24.150+0000] {dag.py:4180} INFO - Setting next_dagrun for example_bash_decorator to None, run_after=None
[2025-09-11T10:04:24.253+0000] {processor.py:208} INFO - Processing /home/airflow/.local/lib/python3.12/site-packages/airflow/example_dags/example_bash_decorator.py took 0.258 seconds
