[2025-09-11T09:49:40.741+0000] {processor.py:186} INFO - Started process (PID=100) to work on /home/airflow/.local/lib/python3.12/site-packages/airflow/example_dags/example_setup_teardown_taskflow.py
[2025-09-11T09:49:40.744+0000] {processor.py:914} INFO - Processing file /home/airflow/.local/lib/python3.12/site-packages/airflow/example_dags/example_setup_teardown_taskflow.py for tasks to queue
[2025-09-11T09:49:40.751+0000] {logging_mixin.py:190} INFO - [2025-09-11T09:49:40.749+0000] {dagbag.py:588} INFO - Filling up the DagBag from /home/airflow/.local/lib/python3.12/site-packages/airflow/example_dags/example_setup_teardown_taskflow.py
[2025-09-11T09:49:40.790+0000] {processor.py:925} INFO - DAG(s) 'example_setup_teardown_taskflow' retrieved from /home/airflow/.local/lib/python3.12/site-packages/airflow/example_dags/example_setup_teardown_taskflow.py
[2025-09-11T09:49:41.311+0000] {logging_mixin.py:190} INFO - [2025-09-11T09:49:41.309+0000] {override.py:1912} INFO - Created Permission View: can read on DAG:example_setup_teardown_taskflow
[2025-09-11T09:49:41.336+0000] {logging_mixin.py:190} INFO - [2025-09-11T09:49:41.335+0000] {override.py:1912} INFO - Created Permission View: can edit on DAG:example_setup_teardown_taskflow
[2025-09-11T09:49:41.355+0000] {logging_mixin.py:190} INFO - [2025-09-11T09:49:41.354+0000] {override.py:1912} INFO - Created Permission View: can delete on DAG:example_setup_teardown_taskflow
[2025-09-11T09:49:41.378+0000] {logging_mixin.py:190} INFO - [2025-09-11T09:49:41.378+0000] {override.py:1912} INFO - Created Permission View: can create on DAG Run:example_setup_teardown_taskflow
[2025-09-11T09:49:41.396+0000] {logging_mixin.py:190} INFO - [2025-09-11T09:49:41.396+0000] {override.py:1912} INFO - Created Permission View: can read on DAG Run:example_setup_teardown_taskflow
[2025-09-11T09:49:41.414+0000] {logging_mixin.py:190} INFO - [2025-09-11T09:49:41.413+0000] {override.py:1912} INFO - Created Permission View: can delete on DAG Run:example_setup_teardown_taskflow
[2025-09-11T09:49:41.453+0000] {logging_mixin.py:190} INFO - [2025-09-11T09:49:41.452+0000] {override.py:1912} INFO - Created Permission View: menu access on DAG Run:example_setup_teardown_taskflow
[2025-09-11T09:49:41.457+0000] {logging_mixin.py:190} INFO - [2025-09-11T09:49:41.457+0000] {dag.py:3239} INFO - Sync 1 DAGs
[2025-09-11T09:49:41.487+0000] {logging_mixin.py:190} INFO - [2025-09-11T09:49:41.486+0000] {dag.py:3262} INFO - Creating ORM DAG for example_setup_teardown_taskflow
[2025-09-11T09:49:41.492+0000] {logging_mixin.py:190} INFO - [2025-09-11T09:49:41.492+0000] {dag.py:4180} INFO - Setting next_dagrun for example_setup_teardown_taskflow to None, run_after=None
[2025-09-11T09:49:41.543+0000] {processor.py:208} INFO - Processing /home/airflow/.local/lib/python3.12/site-packages/airflow/example_dags/example_setup_teardown_taskflow.py took 0.824 seconds
[2025-09-11T09:50:11.927+0000] {processor.py:186} INFO - Started process (PID=170) to work on /home/airflow/.local/lib/python3.12/site-packages/airflow/example_dags/example_setup_teardown_taskflow.py
[2025-09-11T09:50:11.929+0000] {processor.py:914} INFO - Processing file /home/airflow/.local/lib/python3.12/site-packages/airflow/example_dags/example_setup_teardown_taskflow.py for tasks to queue
[2025-09-11T09:50:11.941+0000] {logging_mixin.py:190} INFO - [2025-09-11T09:50:11.934+0000] {dagbag.py:588} INFO - Filling up the DagBag from /home/airflow/.local/lib/python3.12/site-packages/airflow/example_dags/example_setup_teardown_taskflow.py
[2025-09-11T09:50:11.978+0000] {processor.py:925} INFO - DAG(s) 'example_setup_teardown_taskflow' retrieved from /home/airflow/.local/lib/python3.12/site-packages/airflow/example_dags/example_setup_teardown_taskflow.py
[2025-09-11T09:50:12.051+0000] {logging_mixin.py:190} INFO - [2025-09-11T09:50:12.050+0000] {dag.py:3239} INFO - Sync 1 DAGs
[2025-09-11T09:50:12.114+0000] {logging_mixin.py:190} INFO - [2025-09-11T09:50:12.114+0000] {dag.py:4180} INFO - Setting next_dagrun for example_setup_teardown_taskflow to None, run_after=None
[2025-09-11T09:50:12.208+0000] {processor.py:208} INFO - Processing /home/airflow/.local/lib/python3.12/site-packages/airflow/example_dags/example_setup_teardown_taskflow.py took 0.300 seconds
[2025-09-11T09:50:42.326+0000] {processor.py:186} INFO - Started process (PID=232) to work on /home/airflow/.local/lib/python3.12/site-packages/airflow/example_dags/example_setup_teardown_taskflow.py
[2025-09-11T09:50:42.328+0000] {processor.py:914} INFO - Processing file /home/airflow/.local/lib/python3.12/site-packages/airflow/example_dags/example_setup_teardown_taskflow.py for tasks to queue
[2025-09-11T09:50:42.334+0000] {logging_mixin.py:190} INFO - [2025-09-11T09:50:42.333+0000] {dagbag.py:588} INFO - Filling up the DagBag from /home/airflow/.local/lib/python3.12/site-packages/airflow/example_dags/example_setup_teardown_taskflow.py
[2025-09-11T09:50:42.371+0000] {processor.py:925} INFO - DAG(s) 'example_setup_teardown_taskflow' retrieved from /home/airflow/.local/lib/python3.12/site-packages/airflow/example_dags/example_setup_teardown_taskflow.py
[2025-09-11T09:50:42.451+0000] {logging_mixin.py:190} INFO - [2025-09-11T09:50:42.451+0000] {dag.py:3239} INFO - Sync 1 DAGs
[2025-09-11T09:50:42.513+0000] {logging_mixin.py:190} INFO - [2025-09-11T09:50:42.513+0000] {dag.py:4180} INFO - Setting next_dagrun for example_setup_teardown_taskflow to None, run_after=None
[2025-09-11T09:50:42.580+0000] {processor.py:208} INFO - Processing /home/airflow/.local/lib/python3.12/site-packages/airflow/example_dags/example_setup_teardown_taskflow.py took 0.268 seconds
[2025-09-11T09:51:15.803+0000] {processor.py:186} INFO - Started process (PID=304) to work on /home/airflow/.local/lib/python3.12/site-packages/airflow/example_dags/example_setup_teardown_taskflow.py
[2025-09-11T09:51:15.812+0000] {processor.py:914} INFO - Processing file /home/airflow/.local/lib/python3.12/site-packages/airflow/example_dags/example_setup_teardown_taskflow.py for tasks to queue
[2025-09-11T09:51:15.822+0000] {logging_mixin.py:190} INFO - [2025-09-11T09:51:15.821+0000] {dagbag.py:588} INFO - Filling up the DagBag from /home/airflow/.local/lib/python3.12/site-packages/airflow/example_dags/example_setup_teardown_taskflow.py
[2025-09-11T09:51:15.847+0000] {processor.py:925} INFO - DAG(s) 'example_setup_teardown_taskflow' retrieved from /home/airflow/.local/lib/python3.12/site-packages/airflow/example_dags/example_setup_teardown_taskflow.py
[2025-09-11T09:51:15.901+0000] {logging_mixin.py:190} INFO - [2025-09-11T09:51:15.900+0000] {dag.py:3239} INFO - Sync 1 DAGs
[2025-09-11T09:51:15.945+0000] {logging_mixin.py:190} INFO - [2025-09-11T09:51:15.944+0000] {dag.py:4180} INFO - Setting next_dagrun for example_setup_teardown_taskflow to None, run_after=None
[2025-09-11T09:51:16.022+0000] {processor.py:208} INFO - Processing /home/airflow/.local/lib/python3.12/site-packages/airflow/example_dags/example_setup_teardown_taskflow.py took 0.230 seconds
[2025-09-11T09:51:47.075+0000] {processor.py:186} INFO - Started process (PID=367) to work on /home/airflow/.local/lib/python3.12/site-packages/airflow/example_dags/example_setup_teardown_taskflow.py
[2025-09-11T09:51:47.077+0000] {processor.py:914} INFO - Processing file /home/airflow/.local/lib/python3.12/site-packages/airflow/example_dags/example_setup_teardown_taskflow.py for tasks to queue
[2025-09-11T09:51:47.081+0000] {logging_mixin.py:190} INFO - [2025-09-11T09:51:47.080+0000] {dagbag.py:588} INFO - Filling up the DagBag from /home/airflow/.local/lib/python3.12/site-packages/airflow/example_dags/example_setup_teardown_taskflow.py
[2025-09-11T09:51:47.097+0000] {processor.py:925} INFO - DAG(s) 'example_setup_teardown_taskflow' retrieved from /home/airflow/.local/lib/python3.12/site-packages/airflow/example_dags/example_setup_teardown_taskflow.py
[2025-09-11T09:51:47.138+0000] {logging_mixin.py:190} INFO - [2025-09-11T09:51:47.138+0000] {dag.py:3239} INFO - Sync 1 DAGs
[2025-09-11T09:51:47.162+0000] {logging_mixin.py:190} INFO - [2025-09-11T09:51:47.162+0000] {dag.py:4180} INFO - Setting next_dagrun for example_setup_teardown_taskflow to None, run_after=None
[2025-09-11T09:51:47.193+0000] {processor.py:208} INFO - Processing /home/airflow/.local/lib/python3.12/site-packages/airflow/example_dags/example_setup_teardown_taskflow.py took 0.126 seconds
[2025-09-11T09:52:18.888+0000] {processor.py:186} INFO - Started process (PID=430) to work on /home/airflow/.local/lib/python3.12/site-packages/airflow/example_dags/example_setup_teardown_taskflow.py
[2025-09-11T09:52:18.890+0000] {processor.py:914} INFO - Processing file /home/airflow/.local/lib/python3.12/site-packages/airflow/example_dags/example_setup_teardown_taskflow.py for tasks to queue
[2025-09-11T09:52:18.893+0000] {logging_mixin.py:190} INFO - [2025-09-11T09:52:18.893+0000] {dagbag.py:588} INFO - Filling up the DagBag from /home/airflow/.local/lib/python3.12/site-packages/airflow/example_dags/example_setup_teardown_taskflow.py
[2025-09-11T09:52:18.911+0000] {processor.py:925} INFO - DAG(s) 'example_setup_teardown_taskflow' retrieved from /home/airflow/.local/lib/python3.12/site-packages/airflow/example_dags/example_setup_teardown_taskflow.py
[2025-09-11T09:52:18.951+0000] {logging_mixin.py:190} INFO - [2025-09-11T09:52:18.950+0000] {dag.py:3239} INFO - Sync 1 DAGs
[2025-09-11T09:52:18.975+0000] {logging_mixin.py:190} INFO - [2025-09-11T09:52:18.975+0000] {dag.py:4180} INFO - Setting next_dagrun for example_setup_teardown_taskflow to None, run_after=None
[2025-09-11T09:52:19.042+0000] {processor.py:208} INFO - Processing /home/airflow/.local/lib/python3.12/site-packages/airflow/example_dags/example_setup_teardown_taskflow.py took 0.168 seconds
[2025-09-11T09:52:49.788+0000] {processor.py:186} INFO - Started process (PID=493) to work on /home/airflow/.local/lib/python3.12/site-packages/airflow/example_dags/example_setup_teardown_taskflow.py
[2025-09-11T09:52:49.790+0000] {processor.py:914} INFO - Processing file /home/airflow/.local/lib/python3.12/site-packages/airflow/example_dags/example_setup_teardown_taskflow.py for tasks to queue
[2025-09-11T09:52:49.794+0000] {logging_mixin.py:190} INFO - [2025-09-11T09:52:49.793+0000] {dagbag.py:588} INFO - Filling up the DagBag from /home/airflow/.local/lib/python3.12/site-packages/airflow/example_dags/example_setup_teardown_taskflow.py
[2025-09-11T09:52:49.811+0000] {processor.py:925} INFO - DAG(s) 'example_setup_teardown_taskflow' retrieved from /home/airflow/.local/lib/python3.12/site-packages/airflow/example_dags/example_setup_teardown_taskflow.py
[2025-09-11T09:52:49.854+0000] {logging_mixin.py:190} INFO - [2025-09-11T09:52:49.853+0000] {dag.py:3239} INFO - Sync 1 DAGs
[2025-09-11T09:52:49.880+0000] {logging_mixin.py:190} INFO - [2025-09-11T09:52:49.880+0000] {dag.py:4180} INFO - Setting next_dagrun for example_setup_teardown_taskflow to None, run_after=None
[2025-09-11T09:52:49.925+0000] {processor.py:208} INFO - Processing /home/airflow/.local/lib/python3.12/site-packages/airflow/example_dags/example_setup_teardown_taskflow.py took 0.149 seconds
[2025-09-11T09:53:20.856+0000] {processor.py:186} INFO - Started process (PID=555) to work on /home/airflow/.local/lib/python3.12/site-packages/airflow/example_dags/example_setup_teardown_taskflow.py
[2025-09-11T09:53:20.858+0000] {processor.py:914} INFO - Processing file /home/airflow/.local/lib/python3.12/site-packages/airflow/example_dags/example_setup_teardown_taskflow.py for tasks to queue
[2025-09-11T09:53:20.862+0000] {logging_mixin.py:190} INFO - [2025-09-11T09:53:20.862+0000] {dagbag.py:588} INFO - Filling up the DagBag from /home/airflow/.local/lib/python3.12/site-packages/airflow/example_dags/example_setup_teardown_taskflow.py
[2025-09-11T09:53:20.883+0000] {processor.py:925} INFO - DAG(s) 'example_setup_teardown_taskflow' retrieved from /home/airflow/.local/lib/python3.12/site-packages/airflow/example_dags/example_setup_teardown_taskflow.py
[2025-09-11T09:53:20.927+0000] {logging_mixin.py:190} INFO - [2025-09-11T09:53:20.926+0000] {dag.py:3239} INFO - Sync 1 DAGs
[2025-09-11T09:53:20.954+0000] {logging_mixin.py:190} INFO - [2025-09-11T09:53:20.954+0000] {dag.py:4180} INFO - Setting next_dagrun for example_setup_teardown_taskflow to None, run_after=None
[2025-09-11T09:53:20.986+0000] {processor.py:208} INFO - Processing /home/airflow/.local/lib/python3.12/site-packages/airflow/example_dags/example_setup_teardown_taskflow.py took 0.142 seconds
[2025-09-11T09:53:52.500+0000] {processor.py:186} INFO - Started process (PID=618) to work on /home/airflow/.local/lib/python3.12/site-packages/airflow/example_dags/example_setup_teardown_taskflow.py
[2025-09-11T09:53:52.516+0000] {processor.py:914} INFO - Processing file /home/airflow/.local/lib/python3.12/site-packages/airflow/example_dags/example_setup_teardown_taskflow.py for tasks to queue
[2025-09-11T09:53:52.532+0000] {logging_mixin.py:190} INFO - [2025-09-11T09:53:52.532+0000] {dagbag.py:588} INFO - Filling up the DagBag from /home/airflow/.local/lib/python3.12/site-packages/airflow/example_dags/example_setup_teardown_taskflow.py
[2025-09-11T09:53:52.613+0000] {processor.py:925} INFO - DAG(s) 'example_setup_teardown_taskflow' retrieved from /home/airflow/.local/lib/python3.12/site-packages/airflow/example_dags/example_setup_teardown_taskflow.py
[2025-09-11T09:53:52.746+0000] {logging_mixin.py:190} INFO - [2025-09-11T09:53:52.745+0000] {dag.py:3239} INFO - Sync 1 DAGs
[2025-09-11T09:53:52.788+0000] {logging_mixin.py:190} INFO - [2025-09-11T09:53:52.786+0000] {dag.py:4180} INFO - Setting next_dagrun for example_setup_teardown_taskflow to None, run_after=None
[2025-09-11T09:53:52.870+0000] {processor.py:208} INFO - Processing /home/airflow/.local/lib/python3.12/site-packages/airflow/example_dags/example_setup_teardown_taskflow.py took 0.416 seconds
[2025-09-11T09:54:23.733+0000] {processor.py:186} INFO - Started process (PID=680) to work on /home/airflow/.local/lib/python3.12/site-packages/airflow/example_dags/example_setup_teardown_taskflow.py
[2025-09-11T09:54:23.734+0000] {processor.py:914} INFO - Processing file /home/airflow/.local/lib/python3.12/site-packages/airflow/example_dags/example_setup_teardown_taskflow.py for tasks to queue
[2025-09-11T09:54:23.739+0000] {logging_mixin.py:190} INFO - [2025-09-11T09:54:23.738+0000] {dagbag.py:588} INFO - Filling up the DagBag from /home/airflow/.local/lib/python3.12/site-packages/airflow/example_dags/example_setup_teardown_taskflow.py
[2025-09-11T09:54:23.773+0000] {processor.py:925} INFO - DAG(s) 'example_setup_teardown_taskflow' retrieved from /home/airflow/.local/lib/python3.12/site-packages/airflow/example_dags/example_setup_teardown_taskflow.py
[2025-09-11T09:54:23.807+0000] {logging_mixin.py:190} INFO - [2025-09-11T09:54:23.807+0000] {dag.py:3239} INFO - Sync 1 DAGs
[2025-09-11T09:54:23.830+0000] {logging_mixin.py:190} INFO - [2025-09-11T09:54:23.829+0000] {dag.py:4180} INFO - Setting next_dagrun for example_setup_teardown_taskflow to None, run_after=None
[2025-09-11T09:54:23.873+0000] {processor.py:208} INFO - Processing /home/airflow/.local/lib/python3.12/site-packages/airflow/example_dags/example_setup_teardown_taskflow.py took 0.149 seconds
[2025-09-11T09:54:54.163+0000] {processor.py:186} INFO - Started process (PID=743) to work on /home/airflow/.local/lib/python3.12/site-packages/airflow/example_dags/example_setup_teardown_taskflow.py
[2025-09-11T09:54:54.166+0000] {processor.py:914} INFO - Processing file /home/airflow/.local/lib/python3.12/site-packages/airflow/example_dags/example_setup_teardown_taskflow.py for tasks to queue
[2025-09-11T09:54:54.171+0000] {logging_mixin.py:190} INFO - [2025-09-11T09:54:54.170+0000] {dagbag.py:588} INFO - Filling up the DagBag from /home/airflow/.local/lib/python3.12/site-packages/airflow/example_dags/example_setup_teardown_taskflow.py
[2025-09-11T09:54:54.193+0000] {processor.py:925} INFO - DAG(s) 'example_setup_teardown_taskflow' retrieved from /home/airflow/.local/lib/python3.12/site-packages/airflow/example_dags/example_setup_teardown_taskflow.py
[2025-09-11T09:54:54.249+0000] {logging_mixin.py:190} INFO - [2025-09-11T09:54:54.248+0000] {dag.py:3239} INFO - Sync 1 DAGs
[2025-09-11T09:54:54.284+0000] {logging_mixin.py:190} INFO - [2025-09-11T09:54:54.283+0000] {dag.py:4180} INFO - Setting next_dagrun for example_setup_teardown_taskflow to None, run_after=None
[2025-09-11T09:54:54.350+0000] {processor.py:208} INFO - Processing /home/airflow/.local/lib/python3.12/site-packages/airflow/example_dags/example_setup_teardown_taskflow.py took 0.204 seconds
[2025-09-11T09:55:24.576+0000] {processor.py:186} INFO - Started process (PID=806) to work on /home/airflow/.local/lib/python3.12/site-packages/airflow/example_dags/example_setup_teardown_taskflow.py
[2025-09-11T09:55:24.579+0000] {processor.py:914} INFO - Processing file /home/airflow/.local/lib/python3.12/site-packages/airflow/example_dags/example_setup_teardown_taskflow.py for tasks to queue
[2025-09-11T09:55:24.584+0000] {logging_mixin.py:190} INFO - [2025-09-11T09:55:24.583+0000] {dagbag.py:588} INFO - Filling up the DagBag from /home/airflow/.local/lib/python3.12/site-packages/airflow/example_dags/example_setup_teardown_taskflow.py
[2025-09-11T09:55:24.605+0000] {processor.py:925} INFO - DAG(s) 'example_setup_teardown_taskflow' retrieved from /home/airflow/.local/lib/python3.12/site-packages/airflow/example_dags/example_setup_teardown_taskflow.py
[2025-09-11T09:55:24.652+0000] {logging_mixin.py:190} INFO - [2025-09-11T09:55:24.652+0000] {dag.py:3239} INFO - Sync 1 DAGs
[2025-09-11T09:55:24.690+0000] {logging_mixin.py:190} INFO - [2025-09-11T09:55:24.690+0000] {dag.py:4180} INFO - Setting next_dagrun for example_setup_teardown_taskflow to None, run_after=None
[2025-09-11T09:55:24.732+0000] {processor.py:208} INFO - Processing /home/airflow/.local/lib/python3.12/site-packages/airflow/example_dags/example_setup_teardown_taskflow.py took 0.169 seconds
[2025-09-11T09:55:55.503+0000] {processor.py:186} INFO - Started process (PID=869) to work on /home/airflow/.local/lib/python3.12/site-packages/airflow/example_dags/example_setup_teardown_taskflow.py
[2025-09-11T09:55:55.507+0000] {processor.py:914} INFO - Processing file /home/airflow/.local/lib/python3.12/site-packages/airflow/example_dags/example_setup_teardown_taskflow.py for tasks to queue
[2025-09-11T09:55:55.515+0000] {logging_mixin.py:190} INFO - [2025-09-11T09:55:55.514+0000] {dagbag.py:588} INFO - Filling up the DagBag from /home/airflow/.local/lib/python3.12/site-packages/airflow/example_dags/example_setup_teardown_taskflow.py
[2025-09-11T09:55:55.536+0000] {processor.py:925} INFO - DAG(s) 'example_setup_teardown_taskflow' retrieved from /home/airflow/.local/lib/python3.12/site-packages/airflow/example_dags/example_setup_teardown_taskflow.py
[2025-09-11T09:55:55.582+0000] {logging_mixin.py:190} INFO - [2025-09-11T09:55:55.581+0000] {dag.py:3239} INFO - Sync 1 DAGs
[2025-09-11T09:55:55.615+0000] {logging_mixin.py:190} INFO - [2025-09-11T09:55:55.615+0000] {dag.py:4180} INFO - Setting next_dagrun for example_setup_teardown_taskflow to None, run_after=None
[2025-09-11T09:55:55.661+0000] {processor.py:208} INFO - Processing /home/airflow/.local/lib/python3.12/site-packages/airflow/example_dags/example_setup_teardown_taskflow.py took 0.169 seconds
[2025-09-11T09:56:26.379+0000] {processor.py:186} INFO - Started process (PID=932) to work on /home/airflow/.local/lib/python3.12/site-packages/airflow/example_dags/example_setup_teardown_taskflow.py
[2025-09-11T09:56:26.381+0000] {processor.py:914} INFO - Processing file /home/airflow/.local/lib/python3.12/site-packages/airflow/example_dags/example_setup_teardown_taskflow.py for tasks to queue
[2025-09-11T09:56:26.394+0000] {logging_mixin.py:190} INFO - [2025-09-11T09:56:26.393+0000] {dagbag.py:588} INFO - Filling up the DagBag from /home/airflow/.local/lib/python3.12/site-packages/airflow/example_dags/example_setup_teardown_taskflow.py
[2025-09-11T09:56:26.420+0000] {processor.py:925} INFO - DAG(s) 'example_setup_teardown_taskflow' retrieved from /home/airflow/.local/lib/python3.12/site-packages/airflow/example_dags/example_setup_teardown_taskflow.py
[2025-09-11T09:56:26.494+0000] {logging_mixin.py:190} INFO - [2025-09-11T09:56:26.493+0000] {dag.py:3239} INFO - Sync 1 DAGs
[2025-09-11T09:56:26.535+0000] {logging_mixin.py:190} INFO - [2025-09-11T09:56:26.535+0000] {dag.py:4180} INFO - Setting next_dagrun for example_setup_teardown_taskflow to None, run_after=None
[2025-09-11T09:56:26.610+0000] {processor.py:208} INFO - Processing /home/airflow/.local/lib/python3.12/site-packages/airflow/example_dags/example_setup_teardown_taskflow.py took 0.259 seconds
[2025-09-11T09:56:57.001+0000] {processor.py:186} INFO - Started process (PID=995) to work on /home/airflow/.local/lib/python3.12/site-packages/airflow/example_dags/example_setup_teardown_taskflow.py
[2025-09-11T09:56:57.003+0000] {processor.py:914} INFO - Processing file /home/airflow/.local/lib/python3.12/site-packages/airflow/example_dags/example_setup_teardown_taskflow.py for tasks to queue
[2025-09-11T09:56:57.009+0000] {logging_mixin.py:190} INFO - [2025-09-11T09:56:57.009+0000] {dagbag.py:588} INFO - Filling up the DagBag from /home/airflow/.local/lib/python3.12/site-packages/airflow/example_dags/example_setup_teardown_taskflow.py
[2025-09-11T09:56:57.034+0000] {processor.py:925} INFO - DAG(s) 'example_setup_teardown_taskflow' retrieved from /home/airflow/.local/lib/python3.12/site-packages/airflow/example_dags/example_setup_teardown_taskflow.py
[2025-09-11T09:56:57.072+0000] {logging_mixin.py:190} INFO - [2025-09-11T09:56:57.072+0000] {dag.py:3239} INFO - Sync 1 DAGs
[2025-09-11T09:56:57.106+0000] {logging_mixin.py:190} INFO - [2025-09-11T09:56:57.106+0000] {dag.py:4180} INFO - Setting next_dagrun for example_setup_teardown_taskflow to None, run_after=None
[2025-09-11T09:56:57.148+0000] {processor.py:208} INFO - Processing /home/airflow/.local/lib/python3.12/site-packages/airflow/example_dags/example_setup_teardown_taskflow.py took 0.158 seconds
[2025-09-11T09:57:27.633+0000] {processor.py:186} INFO - Started process (PID=1058) to work on /home/airflow/.local/lib/python3.12/site-packages/airflow/example_dags/example_setup_teardown_taskflow.py
[2025-09-11T09:57:27.638+0000] {processor.py:914} INFO - Processing file /home/airflow/.local/lib/python3.12/site-packages/airflow/example_dags/example_setup_teardown_taskflow.py for tasks to queue
[2025-09-11T09:57:27.648+0000] {logging_mixin.py:190} INFO - [2025-09-11T09:57:27.648+0000] {dagbag.py:588} INFO - Filling up the DagBag from /home/airflow/.local/lib/python3.12/site-packages/airflow/example_dags/example_setup_teardown_taskflow.py
[2025-09-11T09:57:27.678+0000] {processor.py:925} INFO - DAG(s) 'example_setup_teardown_taskflow' retrieved from /home/airflow/.local/lib/python3.12/site-packages/airflow/example_dags/example_setup_teardown_taskflow.py
[2025-09-11T09:57:27.746+0000] {logging_mixin.py:190} INFO - [2025-09-11T09:57:27.746+0000] {dag.py:3239} INFO - Sync 1 DAGs
[2025-09-11T09:57:27.775+0000] {logging_mixin.py:190} INFO - [2025-09-11T09:57:27.775+0000] {dag.py:4180} INFO - Setting next_dagrun for example_setup_teardown_taskflow to None, run_after=None
[2025-09-11T09:57:27.816+0000] {processor.py:208} INFO - Processing /home/airflow/.local/lib/python3.12/site-packages/airflow/example_dags/example_setup_teardown_taskflow.py took 0.192 seconds
[2025-09-11T09:57:58.492+0000] {processor.py:186} INFO - Started process (PID=1121) to work on /home/airflow/.local/lib/python3.12/site-packages/airflow/example_dags/example_setup_teardown_taskflow.py
[2025-09-11T09:57:58.494+0000] {processor.py:914} INFO - Processing file /home/airflow/.local/lib/python3.12/site-packages/airflow/example_dags/example_setup_teardown_taskflow.py for tasks to queue
[2025-09-11T09:57:58.497+0000] {logging_mixin.py:190} INFO - [2025-09-11T09:57:58.497+0000] {dagbag.py:588} INFO - Filling up the DagBag from /home/airflow/.local/lib/python3.12/site-packages/airflow/example_dags/example_setup_teardown_taskflow.py
[2025-09-11T09:57:58.523+0000] {processor.py:925} INFO - DAG(s) 'example_setup_teardown_taskflow' retrieved from /home/airflow/.local/lib/python3.12/site-packages/airflow/example_dags/example_setup_teardown_taskflow.py
[2025-09-11T09:57:58.583+0000] {logging_mixin.py:190} INFO - [2025-09-11T09:57:58.572+0000] {dag.py:3239} INFO - Sync 1 DAGs
[2025-09-11T09:57:58.661+0000] {logging_mixin.py:190} INFO - [2025-09-11T09:57:58.654+0000] {dag.py:4180} INFO - Setting next_dagrun for example_setup_teardown_taskflow to None, run_after=None
[2025-09-11T09:57:58.739+0000] {processor.py:208} INFO - Processing /home/airflow/.local/lib/python3.12/site-packages/airflow/example_dags/example_setup_teardown_taskflow.py took 0.257 seconds
[2025-09-11T09:58:28.974+0000] {processor.py:186} INFO - Started process (PID=1184) to work on /home/airflow/.local/lib/python3.12/site-packages/airflow/example_dags/example_setup_teardown_taskflow.py
[2025-09-11T09:58:28.976+0000] {processor.py:914} INFO - Processing file /home/airflow/.local/lib/python3.12/site-packages/airflow/example_dags/example_setup_teardown_taskflow.py for tasks to queue
[2025-09-11T09:58:28.981+0000] {logging_mixin.py:190} INFO - [2025-09-11T09:58:28.980+0000] {dagbag.py:588} INFO - Filling up the DagBag from /home/airflow/.local/lib/python3.12/site-packages/airflow/example_dags/example_setup_teardown_taskflow.py
[2025-09-11T09:58:29.019+0000] {processor.py:925} INFO - DAG(s) 'example_setup_teardown_taskflow' retrieved from /home/airflow/.local/lib/python3.12/site-packages/airflow/example_dags/example_setup_teardown_taskflow.py
[2025-09-11T09:58:29.083+0000] {logging_mixin.py:190} INFO - [2025-09-11T09:58:29.081+0000] {dag.py:3239} INFO - Sync 1 DAGs
[2025-09-11T09:58:29.127+0000] {logging_mixin.py:190} INFO - [2025-09-11T09:58:29.127+0000] {dag.py:4180} INFO - Setting next_dagrun for example_setup_teardown_taskflow to None, run_after=None
[2025-09-11T09:58:29.285+0000] {processor.py:208} INFO - Processing /home/airflow/.local/lib/python3.12/site-packages/airflow/example_dags/example_setup_teardown_taskflow.py took 0.329 seconds
[2025-09-11T09:58:59.464+0000] {processor.py:186} INFO - Started process (PID=1247) to work on /home/airflow/.local/lib/python3.12/site-packages/airflow/example_dags/example_setup_teardown_taskflow.py
[2025-09-11T09:58:59.467+0000] {processor.py:914} INFO - Processing file /home/airflow/.local/lib/python3.12/site-packages/airflow/example_dags/example_setup_teardown_taskflow.py for tasks to queue
[2025-09-11T09:58:59.483+0000] {logging_mixin.py:190} INFO - [2025-09-11T09:58:59.483+0000] {dagbag.py:588} INFO - Filling up the DagBag from /home/airflow/.local/lib/python3.12/site-packages/airflow/example_dags/example_setup_teardown_taskflow.py
[2025-09-11T09:58:59.532+0000] {processor.py:925} INFO - DAG(s) 'example_setup_teardown_taskflow' retrieved from /home/airflow/.local/lib/python3.12/site-packages/airflow/example_dags/example_setup_teardown_taskflow.py
[2025-09-11T09:58:59.605+0000] {logging_mixin.py:190} INFO - [2025-09-11T09:58:59.605+0000] {dag.py:3239} INFO - Sync 1 DAGs
[2025-09-11T09:58:59.666+0000] {logging_mixin.py:190} INFO - [2025-09-11T09:58:59.665+0000] {dag.py:4180} INFO - Setting next_dagrun for example_setup_teardown_taskflow to None, run_after=None
[2025-09-11T09:58:59.745+0000] {processor.py:208} INFO - Processing /home/airflow/.local/lib/python3.12/site-packages/airflow/example_dags/example_setup_teardown_taskflow.py took 0.302 seconds
[2025-09-11T09:59:30.796+0000] {processor.py:186} INFO - Started process (PID=1310) to work on /home/airflow/.local/lib/python3.12/site-packages/airflow/example_dags/example_setup_teardown_taskflow.py
[2025-09-11T09:59:30.799+0000] {processor.py:914} INFO - Processing file /home/airflow/.local/lib/python3.12/site-packages/airflow/example_dags/example_setup_teardown_taskflow.py for tasks to queue
[2025-09-11T09:59:30.809+0000] {logging_mixin.py:190} INFO - [2025-09-11T09:59:30.808+0000] {dagbag.py:588} INFO - Filling up the DagBag from /home/airflow/.local/lib/python3.12/site-packages/airflow/example_dags/example_setup_teardown_taskflow.py
[2025-09-11T09:59:30.858+0000] {processor.py:925} INFO - DAG(s) 'example_setup_teardown_taskflow' retrieved from /home/airflow/.local/lib/python3.12/site-packages/airflow/example_dags/example_setup_teardown_taskflow.py
[2025-09-11T09:59:30.919+0000] {logging_mixin.py:190} INFO - [2025-09-11T09:59:30.919+0000] {dag.py:3239} INFO - Sync 1 DAGs
[2025-09-11T09:59:30.954+0000] {logging_mixin.py:190} INFO - [2025-09-11T09:59:30.953+0000] {dag.py:4180} INFO - Setting next_dagrun for example_setup_teardown_taskflow to None, run_after=None
[2025-09-11T09:59:30.998+0000] {processor.py:208} INFO - Processing /home/airflow/.local/lib/python3.12/site-packages/airflow/example_dags/example_setup_teardown_taskflow.py took 0.223 seconds
[2025-09-11T10:00:02.418+0000] {processor.py:186} INFO - Started process (PID=1372) to work on /home/airflow/.local/lib/python3.12/site-packages/airflow/example_dags/example_setup_teardown_taskflow.py
[2025-09-11T10:00:02.428+0000] {processor.py:914} INFO - Processing file /home/airflow/.local/lib/python3.12/site-packages/airflow/example_dags/example_setup_teardown_taskflow.py for tasks to queue
[2025-09-11T10:00:02.434+0000] {logging_mixin.py:190} INFO - [2025-09-11T10:00:02.433+0000] {dagbag.py:588} INFO - Filling up the DagBag from /home/airflow/.local/lib/python3.12/site-packages/airflow/example_dags/example_setup_teardown_taskflow.py
[2025-09-11T10:00:02.466+0000] {processor.py:925} INFO - DAG(s) 'example_setup_teardown_taskflow' retrieved from /home/airflow/.local/lib/python3.12/site-packages/airflow/example_dags/example_setup_teardown_taskflow.py
[2025-09-11T10:00:02.542+0000] {logging_mixin.py:190} INFO - [2025-09-11T10:00:02.541+0000] {dag.py:3239} INFO - Sync 1 DAGs
[2025-09-11T10:00:02.602+0000] {logging_mixin.py:190} INFO - [2025-09-11T10:00:02.601+0000] {dag.py:4180} INFO - Setting next_dagrun for example_setup_teardown_taskflow to None, run_after=None
[2025-09-11T10:00:02.753+0000] {processor.py:208} INFO - Processing /home/airflow/.local/lib/python3.12/site-packages/airflow/example_dags/example_setup_teardown_taskflow.py took 0.358 seconds
[2025-09-11T10:00:33.922+0000] {processor.py:186} INFO - Started process (PID=1435) to work on /home/airflow/.local/lib/python3.12/site-packages/airflow/example_dags/example_setup_teardown_taskflow.py
[2025-09-11T10:00:33.924+0000] {processor.py:914} INFO - Processing file /home/airflow/.local/lib/python3.12/site-packages/airflow/example_dags/example_setup_teardown_taskflow.py for tasks to queue
[2025-09-11T10:00:33.929+0000] {logging_mixin.py:190} INFO - [2025-09-11T10:00:33.929+0000] {dagbag.py:588} INFO - Filling up the DagBag from /home/airflow/.local/lib/python3.12/site-packages/airflow/example_dags/example_setup_teardown_taskflow.py
[2025-09-11T10:00:33.954+0000] {processor.py:925} INFO - DAG(s) 'example_setup_teardown_taskflow' retrieved from /home/airflow/.local/lib/python3.12/site-packages/airflow/example_dags/example_setup_teardown_taskflow.py
[2025-09-11T10:00:33.996+0000] {logging_mixin.py:190} INFO - [2025-09-11T10:00:33.996+0000] {dag.py:3239} INFO - Sync 1 DAGs
[2025-09-11T10:00:34.030+0000] {logging_mixin.py:190} INFO - [2025-09-11T10:00:34.029+0000] {dag.py:4180} INFO - Setting next_dagrun for example_setup_teardown_taskflow to None, run_after=None
[2025-09-11T10:00:34.139+0000] {processor.py:208} INFO - Processing /home/airflow/.local/lib/python3.12/site-packages/airflow/example_dags/example_setup_teardown_taskflow.py took 0.227 seconds
[2025-09-11T10:01:04.427+0000] {processor.py:186} INFO - Started process (PID=1496) to work on /home/airflow/.local/lib/python3.12/site-packages/airflow/example_dags/example_setup_teardown_taskflow.py
[2025-09-11T10:01:04.430+0000] {processor.py:914} INFO - Processing file /home/airflow/.local/lib/python3.12/site-packages/airflow/example_dags/example_setup_teardown_taskflow.py for tasks to queue
[2025-09-11T10:01:04.436+0000] {logging_mixin.py:190} INFO - [2025-09-11T10:01:04.436+0000] {dagbag.py:588} INFO - Filling up the DagBag from /home/airflow/.local/lib/python3.12/site-packages/airflow/example_dags/example_setup_teardown_taskflow.py
[2025-09-11T10:01:04.486+0000] {processor.py:925} INFO - DAG(s) 'example_setup_teardown_taskflow' retrieved from /home/airflow/.local/lib/python3.12/site-packages/airflow/example_dags/example_setup_teardown_taskflow.py
[2025-09-11T10:01:04.598+0000] {logging_mixin.py:190} INFO - [2025-09-11T10:01:04.597+0000] {dag.py:3239} INFO - Sync 1 DAGs
[2025-09-11T10:01:04.660+0000] {logging_mixin.py:190} INFO - [2025-09-11T10:01:04.660+0000] {dag.py:4180} INFO - Setting next_dagrun for example_setup_teardown_taskflow to None, run_after=None
[2025-09-11T10:01:04.725+0000] {processor.py:208} INFO - Processing /home/airflow/.local/lib/python3.12/site-packages/airflow/example_dags/example_setup_teardown_taskflow.py took 0.311 seconds
[2025-09-11T10:01:35.010+0000] {processor.py:186} INFO - Started process (PID=1559) to work on /home/airflow/.local/lib/python3.12/site-packages/airflow/example_dags/example_setup_teardown_taskflow.py
[2025-09-11T10:01:35.013+0000] {processor.py:914} INFO - Processing file /home/airflow/.local/lib/python3.12/site-packages/airflow/example_dags/example_setup_teardown_taskflow.py for tasks to queue
[2025-09-11T10:01:35.018+0000] {logging_mixin.py:190} INFO - [2025-09-11T10:01:35.017+0000] {dagbag.py:588} INFO - Filling up the DagBag from /home/airflow/.local/lib/python3.12/site-packages/airflow/example_dags/example_setup_teardown_taskflow.py
[2025-09-11T10:01:35.065+0000] {processor.py:925} INFO - DAG(s) 'example_setup_teardown_taskflow' retrieved from /home/airflow/.local/lib/python3.12/site-packages/airflow/example_dags/example_setup_teardown_taskflow.py
[2025-09-11T10:01:35.149+0000] {logging_mixin.py:190} INFO - [2025-09-11T10:01:35.149+0000] {dag.py:3239} INFO - Sync 1 DAGs
[2025-09-11T10:01:35.215+0000] {logging_mixin.py:190} INFO - [2025-09-11T10:01:35.215+0000] {dag.py:4180} INFO - Setting next_dagrun for example_setup_teardown_taskflow to None, run_after=None
[2025-09-11T10:01:35.303+0000] {processor.py:208} INFO - Processing /home/airflow/.local/lib/python3.12/site-packages/airflow/example_dags/example_setup_teardown_taskflow.py took 0.310 seconds
[2025-09-11T10:02:05.507+0000] {processor.py:186} INFO - Started process (PID=1622) to work on /home/airflow/.local/lib/python3.12/site-packages/airflow/example_dags/example_setup_teardown_taskflow.py
[2025-09-11T10:02:05.509+0000] {processor.py:914} INFO - Processing file /home/airflow/.local/lib/python3.12/site-packages/airflow/example_dags/example_setup_teardown_taskflow.py for tasks to queue
[2025-09-11T10:02:05.513+0000] {logging_mixin.py:190} INFO - [2025-09-11T10:02:05.513+0000] {dagbag.py:588} INFO - Filling up the DagBag from /home/airflow/.local/lib/python3.12/site-packages/airflow/example_dags/example_setup_teardown_taskflow.py
[2025-09-11T10:02:05.533+0000] {processor.py:925} INFO - DAG(s) 'example_setup_teardown_taskflow' retrieved from /home/airflow/.local/lib/python3.12/site-packages/airflow/example_dags/example_setup_teardown_taskflow.py
[2025-09-11T10:02:05.605+0000] {logging_mixin.py:190} INFO - [2025-09-11T10:02:05.605+0000] {dag.py:3239} INFO - Sync 1 DAGs
[2025-09-11T10:02:05.650+0000] {logging_mixin.py:190} INFO - [2025-09-11T10:02:05.649+0000] {dag.py:4180} INFO - Setting next_dagrun for example_setup_teardown_taskflow to None, run_after=None
[2025-09-11T10:02:05.717+0000] {processor.py:208} INFO - Processing /home/airflow/.local/lib/python3.12/site-packages/airflow/example_dags/example_setup_teardown_taskflow.py took 0.222 seconds
[2025-09-11T10:02:36.275+0000] {processor.py:186} INFO - Started process (PID=1685) to work on /home/airflow/.local/lib/python3.12/site-packages/airflow/example_dags/example_setup_teardown_taskflow.py
[2025-09-11T10:02:36.285+0000] {processor.py:914} INFO - Processing file /home/airflow/.local/lib/python3.12/site-packages/airflow/example_dags/example_setup_teardown_taskflow.py for tasks to queue
[2025-09-11T10:02:36.301+0000] {logging_mixin.py:190} INFO - [2025-09-11T10:02:36.300+0000] {dagbag.py:588} INFO - Filling up the DagBag from /home/airflow/.local/lib/python3.12/site-packages/airflow/example_dags/example_setup_teardown_taskflow.py
[2025-09-11T10:02:36.369+0000] {processor.py:925} INFO - DAG(s) 'example_setup_teardown_taskflow' retrieved from /home/airflow/.local/lib/python3.12/site-packages/airflow/example_dags/example_setup_teardown_taskflow.py
[2025-09-11T10:02:36.447+0000] {logging_mixin.py:190} INFO - [2025-09-11T10:02:36.446+0000] {dag.py:3239} INFO - Sync 1 DAGs
[2025-09-11T10:02:36.489+0000] {logging_mixin.py:190} INFO - [2025-09-11T10:02:36.489+0000] {dag.py:4180} INFO - Setting next_dagrun for example_setup_teardown_taskflow to None, run_after=None
[2025-09-11T10:02:36.565+0000] {processor.py:208} INFO - Processing /home/airflow/.local/lib/python3.12/site-packages/airflow/example_dags/example_setup_teardown_taskflow.py took 0.314 seconds
[2025-09-11T10:03:07.211+0000] {processor.py:186} INFO - Started process (PID=1747) to work on /home/airflow/.local/lib/python3.12/site-packages/airflow/example_dags/example_setup_teardown_taskflow.py
[2025-09-11T10:03:07.215+0000] {processor.py:914} INFO - Processing file /home/airflow/.local/lib/python3.12/site-packages/airflow/example_dags/example_setup_teardown_taskflow.py for tasks to queue
[2025-09-11T10:03:07.240+0000] {logging_mixin.py:190} INFO - [2025-09-11T10:03:07.239+0000] {dagbag.py:588} INFO - Filling up the DagBag from /home/airflow/.local/lib/python3.12/site-packages/airflow/example_dags/example_setup_teardown_taskflow.py
[2025-09-11T10:03:07.303+0000] {processor.py:925} INFO - DAG(s) 'example_setup_teardown_taskflow' retrieved from /home/airflow/.local/lib/python3.12/site-packages/airflow/example_dags/example_setup_teardown_taskflow.py
[2025-09-11T10:03:07.393+0000] {logging_mixin.py:190} INFO - [2025-09-11T10:03:07.392+0000] {dag.py:3239} INFO - Sync 1 DAGs
[2025-09-11T10:03:07.452+0000] {logging_mixin.py:190} INFO - [2025-09-11T10:03:07.451+0000] {dag.py:4180} INFO - Setting next_dagrun for example_setup_teardown_taskflow to None, run_after=None
[2025-09-11T10:03:07.529+0000] {processor.py:208} INFO - Processing /home/airflow/.local/lib/python3.12/site-packages/airflow/example_dags/example_setup_teardown_taskflow.py took 0.341 seconds
[2025-09-11T10:03:37.706+0000] {processor.py:186} INFO - Started process (PID=1810) to work on /home/airflow/.local/lib/python3.12/site-packages/airflow/example_dags/example_setup_teardown_taskflow.py
[2025-09-11T10:03:37.708+0000] {processor.py:914} INFO - Processing file /home/airflow/.local/lib/python3.12/site-packages/airflow/example_dags/example_setup_teardown_taskflow.py for tasks to queue
[2025-09-11T10:03:37.715+0000] {logging_mixin.py:190} INFO - [2025-09-11T10:03:37.714+0000] {dagbag.py:588} INFO - Filling up the DagBag from /home/airflow/.local/lib/python3.12/site-packages/airflow/example_dags/example_setup_teardown_taskflow.py
[2025-09-11T10:03:37.751+0000] {processor.py:925} INFO - DAG(s) 'example_setup_teardown_taskflow' retrieved from /home/airflow/.local/lib/python3.12/site-packages/airflow/example_dags/example_setup_teardown_taskflow.py
[2025-09-11T10:03:37.803+0000] {logging_mixin.py:190} INFO - [2025-09-11T10:03:37.803+0000] {dag.py:3239} INFO - Sync 1 DAGs
[2025-09-11T10:03:37.845+0000] {logging_mixin.py:190} INFO - [2025-09-11T10:03:37.845+0000] {dag.py:4180} INFO - Setting next_dagrun for example_setup_teardown_taskflow to None, run_after=None
[2025-09-11T10:03:37.885+0000] {processor.py:208} INFO - Processing /home/airflow/.local/lib/python3.12/site-packages/airflow/example_dags/example_setup_teardown_taskflow.py took 0.195 seconds
[2025-09-11T10:04:08.403+0000] {processor.py:186} INFO - Started process (PID=1873) to work on /home/airflow/.local/lib/python3.12/site-packages/airflow/example_dags/example_setup_teardown_taskflow.py
[2025-09-11T10:04:08.415+0000] {processor.py:914} INFO - Processing file /home/airflow/.local/lib/python3.12/site-packages/airflow/example_dags/example_setup_teardown_taskflow.py for tasks to queue
[2025-09-11T10:04:08.433+0000] {logging_mixin.py:190} INFO - [2025-09-11T10:04:08.432+0000] {dagbag.py:588} INFO - Filling up the DagBag from /home/airflow/.local/lib/python3.12/site-packages/airflow/example_dags/example_setup_teardown_taskflow.py
[2025-09-11T10:04:08.472+0000] {processor.py:925} INFO - DAG(s) 'example_setup_teardown_taskflow' retrieved from /home/airflow/.local/lib/python3.12/site-packages/airflow/example_dags/example_setup_teardown_taskflow.py
[2025-09-11T10:04:08.556+0000] {logging_mixin.py:190} INFO - [2025-09-11T10:04:08.555+0000] {dag.py:3239} INFO - Sync 1 DAGs
[2025-09-11T10:04:08.610+0000] {logging_mixin.py:190} INFO - [2025-09-11T10:04:08.609+0000] {dag.py:4180} INFO - Setting next_dagrun for example_setup_teardown_taskflow to None, run_after=None
[2025-09-11T10:04:08.646+0000] {processor.py:208} INFO - Processing /home/airflow/.local/lib/python3.12/site-packages/airflow/example_dags/example_setup_teardown_taskflow.py took 0.265 seconds
[2025-09-11T10:04:38.806+0000] {processor.py:186} INFO - Started process (PID=1937) to work on /home/airflow/.local/lib/python3.12/site-packages/airflow/example_dags/example_setup_teardown_taskflow.py
[2025-09-11T10:04:38.807+0000] {processor.py:914} INFO - Processing file /home/airflow/.local/lib/python3.12/site-packages/airflow/example_dags/example_setup_teardown_taskflow.py for tasks to queue
[2025-09-11T10:04:38.816+0000] {logging_mixin.py:190} INFO - [2025-09-11T10:04:38.815+0000] {dagbag.py:588} INFO - Filling up the DagBag from /home/airflow/.local/lib/python3.12/site-packages/airflow/example_dags/example_setup_teardown_taskflow.py
[2025-09-11T10:04:38.845+0000] {processor.py:925} INFO - DAG(s) 'example_setup_teardown_taskflow' retrieved from /home/airflow/.local/lib/python3.12/site-packages/airflow/example_dags/example_setup_teardown_taskflow.py
[2025-09-11T10:04:38.932+0000] {logging_mixin.py:190} INFO - [2025-09-11T10:04:38.931+0000] {dag.py:3239} INFO - Sync 1 DAGs
[2025-09-11T10:04:38.958+0000] {logging_mixin.py:190} INFO - [2025-09-11T10:04:38.958+0000] {dag.py:4180} INFO - Setting next_dagrun for example_setup_teardown_taskflow to None, run_after=None
[2025-09-11T10:04:38.996+0000] {processor.py:208} INFO - Processing /home/airflow/.local/lib/python3.12/site-packages/airflow/example_dags/example_setup_teardown_taskflow.py took 0.202 seconds
