[2025-09-11T09:49:47.529+0000] {processor.py:186} INFO - Started process (PID=117) to work on /home/airflow/.local/lib/python3.12/site-packages/airflow/example_dags/tutorial_dag.py
[2025-09-11T09:49:47.542+0000] {processor.py:914} INFO - Processing file /home/airflow/.local/lib/python3.12/site-packages/airflow/example_dags/tutorial_dag.py for tasks to queue
[2025-09-11T09:49:47.547+0000] {logging_mixin.py:190} INFO - [2025-09-11T09:49:47.546+0000] {dagbag.py:588} INFO - Filling up the DagBag from /home/airflow/.local/lib/python3.12/site-packages/airflow/example_dags/tutorial_dag.py
[2025-09-11T09:49:47.578+0000] {processor.py:925} INFO - DAG(s) 'tutorial_dag' retrieved from /home/airflow/.local/lib/python3.12/site-packages/airflow/example_dags/tutorial_dag.py
[2025-09-11T09:49:47.920+0000] {logging_mixin.py:190} INFO - [2025-09-11T09:49:47.919+0000] {override.py:1912} INFO - Created Permission View: can read on DAG:tutorial_dag
[2025-09-11T09:49:47.956+0000] {logging_mixin.py:190} INFO - [2025-09-11T09:49:47.955+0000] {override.py:1912} INFO - Created Permission View: can edit on DAG:tutorial_dag
[2025-09-11T09:49:47.981+0000] {logging_mixin.py:190} INFO - [2025-09-11T09:49:47.975+0000] {override.py:1912} INFO - Created Permission View: can delete on DAG:tutorial_dag
[2025-09-11T09:49:48.008+0000] {logging_mixin.py:190} INFO - [2025-09-11T09:49:48.007+0000] {override.py:1912} INFO - Created Permission View: can create on DAG Run:tutorial_dag
[2025-09-11T09:49:48.027+0000] {logging_mixin.py:190} INFO - [2025-09-11T09:49:48.024+0000] {override.py:1912} INFO - Created Permission View: can read on DAG Run:tutorial_dag
[2025-09-11T09:49:48.040+0000] {logging_mixin.py:190} INFO - [2025-09-11T09:49:48.040+0000] {override.py:1912} INFO - Created Permission View: can delete on DAG Run:tutorial_dag
[2025-09-11T09:49:48.054+0000] {logging_mixin.py:190} INFO - [2025-09-11T09:49:48.054+0000] {override.py:1912} INFO - Created Permission View: menu access on DAG Run:tutorial_dag
[2025-09-11T09:49:48.055+0000] {logging_mixin.py:190} INFO - [2025-09-11T09:49:48.055+0000] {dag.py:3239} INFO - Sync 1 DAGs
[2025-09-11T09:49:48.078+0000] {logging_mixin.py:190} INFO - [2025-09-11T09:49:48.077+0000] {dag.py:3262} INFO - Creating ORM DAG for tutorial_dag
[2025-09-11T09:49:48.080+0000] {logging_mixin.py:190} INFO - [2025-09-11T09:49:48.079+0000] {dag.py:4180} INFO - Setting next_dagrun for tutorial_dag to None, run_after=None
[2025-09-11T09:49:48.109+0000] {processor.py:208} INFO - Processing /home/airflow/.local/lib/python3.12/site-packages/airflow/example_dags/tutorial_dag.py took 0.589 seconds
[2025-09-11T09:50:19.221+0000] {processor.py:186} INFO - Started process (PID=181) to work on /home/airflow/.local/lib/python3.12/site-packages/airflow/example_dags/tutorial_dag.py
[2025-09-11T09:50:19.223+0000] {processor.py:914} INFO - Processing file /home/airflow/.local/lib/python3.12/site-packages/airflow/example_dags/tutorial_dag.py for tasks to queue
[2025-09-11T09:50:19.232+0000] {logging_mixin.py:190} INFO - [2025-09-11T09:50:19.231+0000] {dagbag.py:588} INFO - Filling up the DagBag from /home/airflow/.local/lib/python3.12/site-packages/airflow/example_dags/tutorial_dag.py
[2025-09-11T09:50:19.247+0000] {processor.py:925} INFO - DAG(s) 'tutorial_dag' retrieved from /home/airflow/.local/lib/python3.12/site-packages/airflow/example_dags/tutorial_dag.py
[2025-09-11T09:50:19.278+0000] {logging_mixin.py:190} INFO - [2025-09-11T09:50:19.277+0000] {dag.py:3239} INFO - Sync 1 DAGs
[2025-09-11T09:50:19.310+0000] {logging_mixin.py:190} INFO - [2025-09-11T09:50:19.309+0000] {dag.py:4180} INFO - Setting next_dagrun for tutorial_dag to None, run_after=None
[2025-09-11T09:50:19.355+0000] {processor.py:208} INFO - Processing /home/airflow/.local/lib/python3.12/site-packages/airflow/example_dags/tutorial_dag.py took 0.144 seconds
[2025-09-11T09:50:49.808+0000] {processor.py:186} INFO - Started process (PID=250) to work on /home/airflow/.local/lib/python3.12/site-packages/airflow/example_dags/tutorial_dag.py
[2025-09-11T09:50:49.810+0000] {processor.py:914} INFO - Processing file /home/airflow/.local/lib/python3.12/site-packages/airflow/example_dags/tutorial_dag.py for tasks to queue
[2025-09-11T09:50:49.814+0000] {logging_mixin.py:190} INFO - [2025-09-11T09:50:49.813+0000] {dagbag.py:588} INFO - Filling up the DagBag from /home/airflow/.local/lib/python3.12/site-packages/airflow/example_dags/tutorial_dag.py
[2025-09-11T09:50:49.825+0000] {processor.py:925} INFO - DAG(s) 'tutorial_dag' retrieved from /home/airflow/.local/lib/python3.12/site-packages/airflow/example_dags/tutorial_dag.py
[2025-09-11T09:50:49.860+0000] {logging_mixin.py:190} INFO - [2025-09-11T09:50:49.860+0000] {dag.py:3239} INFO - Sync 1 DAGs
[2025-09-11T09:50:49.902+0000] {logging_mixin.py:190} INFO - [2025-09-11T09:50:49.902+0000] {dag.py:4180} INFO - Setting next_dagrun for tutorial_dag to None, run_after=None
[2025-09-11T09:50:49.933+0000] {processor.py:208} INFO - Processing /home/airflow/.local/lib/python3.12/site-packages/airflow/example_dags/tutorial_dag.py took 0.134 seconds
[2025-09-11T09:51:20.833+0000] {processor.py:186} INFO - Started process (PID=316) to work on /home/airflow/.local/lib/python3.12/site-packages/airflow/example_dags/tutorial_dag.py
[2025-09-11T09:51:20.835+0000] {processor.py:914} INFO - Processing file /home/airflow/.local/lib/python3.12/site-packages/airflow/example_dags/tutorial_dag.py for tasks to queue
[2025-09-11T09:51:20.839+0000] {logging_mixin.py:190} INFO - [2025-09-11T09:51:20.839+0000] {dagbag.py:588} INFO - Filling up the DagBag from /home/airflow/.local/lib/python3.12/site-packages/airflow/example_dags/tutorial_dag.py
[2025-09-11T09:51:20.860+0000] {processor.py:925} INFO - DAG(s) 'tutorial_dag' retrieved from /home/airflow/.local/lib/python3.12/site-packages/airflow/example_dags/tutorial_dag.py
[2025-09-11T09:51:20.911+0000] {logging_mixin.py:190} INFO - [2025-09-11T09:51:20.911+0000] {dag.py:3239} INFO - Sync 1 DAGs
[2025-09-11T09:51:20.938+0000] {logging_mixin.py:190} INFO - [2025-09-11T09:51:20.937+0000] {dag.py:4180} INFO - Setting next_dagrun for tutorial_dag to None, run_after=None
[2025-09-11T09:51:20.974+0000] {processor.py:208} INFO - Processing /home/airflow/.local/lib/python3.12/site-packages/airflow/example_dags/tutorial_dag.py took 0.157 seconds
[2025-09-11T09:51:52.680+0000] {processor.py:186} INFO - Started process (PID=378) to work on /home/airflow/.local/lib/python3.12/site-packages/airflow/example_dags/tutorial_dag.py
[2025-09-11T09:51:52.682+0000] {processor.py:914} INFO - Processing file /home/airflow/.local/lib/python3.12/site-packages/airflow/example_dags/tutorial_dag.py for tasks to queue
[2025-09-11T09:51:52.687+0000] {logging_mixin.py:190} INFO - [2025-09-11T09:51:52.686+0000] {dagbag.py:588} INFO - Filling up the DagBag from /home/airflow/.local/lib/python3.12/site-packages/airflow/example_dags/tutorial_dag.py
[2025-09-11T09:51:52.709+0000] {processor.py:925} INFO - DAG(s) 'tutorial_dag' retrieved from /home/airflow/.local/lib/python3.12/site-packages/airflow/example_dags/tutorial_dag.py
[2025-09-11T09:51:52.760+0000] {logging_mixin.py:190} INFO - [2025-09-11T09:51:52.760+0000] {dag.py:3239} INFO - Sync 1 DAGs
[2025-09-11T09:51:52.800+0000] {logging_mixin.py:190} INFO - [2025-09-11T09:51:52.799+0000] {dag.py:4180} INFO - Setting next_dagrun for tutorial_dag to None, run_after=None
[2025-09-11T09:51:52.864+0000] {processor.py:208} INFO - Processing /home/airflow/.local/lib/python3.12/site-packages/airflow/example_dags/tutorial_dag.py took 0.198 seconds
[2025-09-11T09:52:23.193+0000] {processor.py:186} INFO - Started process (PID=440) to work on /home/airflow/.local/lib/python3.12/site-packages/airflow/example_dags/tutorial_dag.py
[2025-09-11T09:52:23.194+0000] {processor.py:914} INFO - Processing file /home/airflow/.local/lib/python3.12/site-packages/airflow/example_dags/tutorial_dag.py for tasks to queue
[2025-09-11T09:52:23.198+0000] {logging_mixin.py:190} INFO - [2025-09-11T09:52:23.197+0000] {dagbag.py:588} INFO - Filling up the DagBag from /home/airflow/.local/lib/python3.12/site-packages/airflow/example_dags/tutorial_dag.py
[2025-09-11T09:52:23.206+0000] {processor.py:925} INFO - DAG(s) 'tutorial_dag' retrieved from /home/airflow/.local/lib/python3.12/site-packages/airflow/example_dags/tutorial_dag.py
[2025-09-11T09:52:23.232+0000] {logging_mixin.py:190} INFO - [2025-09-11T09:52:23.232+0000] {dag.py:3239} INFO - Sync 1 DAGs
[2025-09-11T09:52:23.256+0000] {logging_mixin.py:190} INFO - [2025-09-11T09:52:23.256+0000] {dag.py:4180} INFO - Setting next_dagrun for tutorial_dag to None, run_after=None
[2025-09-11T09:52:23.297+0000] {processor.py:208} INFO - Processing /home/airflow/.local/lib/python3.12/site-packages/airflow/example_dags/tutorial_dag.py took 0.113 seconds
[2025-09-11T09:52:54.036+0000] {processor.py:186} INFO - Started process (PID=503) to work on /home/airflow/.local/lib/python3.12/site-packages/airflow/example_dags/tutorial_dag.py
[2025-09-11T09:52:54.038+0000] {processor.py:914} INFO - Processing file /home/airflow/.local/lib/python3.12/site-packages/airflow/example_dags/tutorial_dag.py for tasks to queue
[2025-09-11T09:52:54.042+0000] {logging_mixin.py:190} INFO - [2025-09-11T09:52:54.041+0000] {dagbag.py:588} INFO - Filling up the DagBag from /home/airflow/.local/lib/python3.12/site-packages/airflow/example_dags/tutorial_dag.py
[2025-09-11T09:52:54.062+0000] {processor.py:925} INFO - DAG(s) 'tutorial_dag' retrieved from /home/airflow/.local/lib/python3.12/site-packages/airflow/example_dags/tutorial_dag.py
[2025-09-11T09:52:54.116+0000] {logging_mixin.py:190} INFO - [2025-09-11T09:52:54.116+0000] {dag.py:3239} INFO - Sync 1 DAGs
[2025-09-11T09:52:54.162+0000] {logging_mixin.py:190} INFO - [2025-09-11T09:52:54.161+0000] {dag.py:4180} INFO - Setting next_dagrun for tutorial_dag to None, run_after=None
[2025-09-11T09:52:54.207+0000] {processor.py:208} INFO - Processing /home/airflow/.local/lib/python3.12/site-packages/airflow/example_dags/tutorial_dag.py took 0.183 seconds
[2025-09-11T09:53:24.288+0000] {processor.py:186} INFO - Started process (PID=565) to work on /home/airflow/.local/lib/python3.12/site-packages/airflow/example_dags/tutorial_dag.py
[2025-09-11T09:53:24.290+0000] {processor.py:914} INFO - Processing file /home/airflow/.local/lib/python3.12/site-packages/airflow/example_dags/tutorial_dag.py for tasks to queue
[2025-09-11T09:53:24.293+0000] {logging_mixin.py:190} INFO - [2025-09-11T09:53:24.293+0000] {dagbag.py:588} INFO - Filling up the DagBag from /home/airflow/.local/lib/python3.12/site-packages/airflow/example_dags/tutorial_dag.py
[2025-09-11T09:53:24.306+0000] {processor.py:925} INFO - DAG(s) 'tutorial_dag' retrieved from /home/airflow/.local/lib/python3.12/site-packages/airflow/example_dags/tutorial_dag.py
[2025-09-11T09:53:24.338+0000] {logging_mixin.py:190} INFO - [2025-09-11T09:53:24.337+0000] {dag.py:3239} INFO - Sync 1 DAGs
[2025-09-11T09:53:24.363+0000] {logging_mixin.py:190} INFO - [2025-09-11T09:53:24.363+0000] {dag.py:4180} INFO - Setting next_dagrun for tutorial_dag to None, run_after=None
[2025-09-11T09:53:24.405+0000] {processor.py:208} INFO - Processing /home/airflow/.local/lib/python3.12/site-packages/airflow/example_dags/tutorial_dag.py took 0.126 seconds
[2025-09-11T09:54:00.381+0000] {processor.py:186} INFO - Started process (PID=629) to work on /home/airflow/.local/lib/python3.12/site-packages/airflow/example_dags/tutorial_dag.py
[2025-09-11T09:54:00.384+0000] {processor.py:914} INFO - Processing file /home/airflow/.local/lib/python3.12/site-packages/airflow/example_dags/tutorial_dag.py for tasks to queue
[2025-09-11T09:54:00.400+0000] {logging_mixin.py:190} INFO - [2025-09-11T09:54:00.399+0000] {dagbag.py:588} INFO - Filling up the DagBag from /home/airflow/.local/lib/python3.12/site-packages/airflow/example_dags/tutorial_dag.py
[2025-09-11T09:54:00.459+0000] {processor.py:925} INFO - DAG(s) 'tutorial_dag' retrieved from /home/airflow/.local/lib/python3.12/site-packages/airflow/example_dags/tutorial_dag.py
[2025-09-11T09:54:00.807+0000] {logging_mixin.py:190} INFO - [2025-09-11T09:54:00.807+0000] {dag.py:3239} INFO - Sync 1 DAGs
[2025-09-11T09:54:00.901+0000] {logging_mixin.py:190} INFO - [2025-09-11T09:54:00.900+0000] {dag.py:4180} INFO - Setting next_dagrun for tutorial_dag to None, run_after=None
[2025-09-11T09:54:01.044+0000] {processor.py:208} INFO - Processing /home/airflow/.local/lib/python3.12/site-packages/airflow/example_dags/tutorial_dag.py took 0.494 seconds
[2025-09-11T09:54:31.761+0000] {processor.py:186} INFO - Started process (PID=691) to work on /home/airflow/.local/lib/python3.12/site-packages/airflow/example_dags/tutorial_dag.py
[2025-09-11T09:54:31.762+0000] {processor.py:914} INFO - Processing file /home/airflow/.local/lib/python3.12/site-packages/airflow/example_dags/tutorial_dag.py for tasks to queue
[2025-09-11T09:54:31.768+0000] {logging_mixin.py:190} INFO - [2025-09-11T09:54:31.767+0000] {dagbag.py:588} INFO - Filling up the DagBag from /home/airflow/.local/lib/python3.12/site-packages/airflow/example_dags/tutorial_dag.py
[2025-09-11T09:54:31.787+0000] {processor.py:925} INFO - DAG(s) 'tutorial_dag' retrieved from /home/airflow/.local/lib/python3.12/site-packages/airflow/example_dags/tutorial_dag.py
[2025-09-11T09:54:31.827+0000] {logging_mixin.py:190} INFO - [2025-09-11T09:54:31.827+0000] {dag.py:3239} INFO - Sync 1 DAGs
[2025-09-11T09:54:31.860+0000] {logging_mixin.py:190} INFO - [2025-09-11T09:54:31.860+0000] {dag.py:4180} INFO - Setting next_dagrun for tutorial_dag to None, run_after=None
[2025-09-11T09:54:31.908+0000] {processor.py:208} INFO - Processing /home/airflow/.local/lib/python3.12/site-packages/airflow/example_dags/tutorial_dag.py took 0.158 seconds
[2025-09-11T09:55:02.043+0000] {processor.py:186} INFO - Started process (PID=754) to work on /home/airflow/.local/lib/python3.12/site-packages/airflow/example_dags/tutorial_dag.py
[2025-09-11T09:55:02.044+0000] {processor.py:914} INFO - Processing file /home/airflow/.local/lib/python3.12/site-packages/airflow/example_dags/tutorial_dag.py for tasks to queue
[2025-09-11T09:55:02.048+0000] {logging_mixin.py:190} INFO - [2025-09-11T09:55:02.048+0000] {dagbag.py:588} INFO - Filling up the DagBag from /home/airflow/.local/lib/python3.12/site-packages/airflow/example_dags/tutorial_dag.py
[2025-09-11T09:55:02.070+0000] {processor.py:925} INFO - DAG(s) 'tutorial_dag' retrieved from /home/airflow/.local/lib/python3.12/site-packages/airflow/example_dags/tutorial_dag.py
[2025-09-11T09:55:02.118+0000] {logging_mixin.py:190} INFO - [2025-09-11T09:55:02.117+0000] {dag.py:3239} INFO - Sync 1 DAGs
[2025-09-11T09:55:02.159+0000] {logging_mixin.py:190} INFO - [2025-09-11T09:55:02.156+0000] {dag.py:4180} INFO - Setting next_dagrun for tutorial_dag to None, run_after=None
[2025-09-11T09:55:02.240+0000] {processor.py:208} INFO - Processing /home/airflow/.local/lib/python3.12/site-packages/airflow/example_dags/tutorial_dag.py took 0.211 seconds
[2025-09-11T09:55:32.815+0000] {processor.py:186} INFO - Started process (PID=816) to work on /home/airflow/.local/lib/python3.12/site-packages/airflow/example_dags/tutorial_dag.py
[2025-09-11T09:55:32.818+0000] {processor.py:914} INFO - Processing file /home/airflow/.local/lib/python3.12/site-packages/airflow/example_dags/tutorial_dag.py for tasks to queue
[2025-09-11T09:55:32.824+0000] {logging_mixin.py:190} INFO - [2025-09-11T09:55:32.823+0000] {dagbag.py:588} INFO - Filling up the DagBag from /home/airflow/.local/lib/python3.12/site-packages/airflow/example_dags/tutorial_dag.py
[2025-09-11T09:55:32.848+0000] {processor.py:925} INFO - DAG(s) 'tutorial_dag' retrieved from /home/airflow/.local/lib/python3.12/site-packages/airflow/example_dags/tutorial_dag.py
[2025-09-11T09:55:32.917+0000] {logging_mixin.py:190} INFO - [2025-09-11T09:55:32.916+0000] {dag.py:3239} INFO - Sync 1 DAGs
[2025-09-11T09:55:32.974+0000] {logging_mixin.py:190} INFO - [2025-09-11T09:55:32.973+0000] {dag.py:4180} INFO - Setting next_dagrun for tutorial_dag to None, run_after=None
[2025-09-11T09:55:33.043+0000] {processor.py:208} INFO - Processing /home/airflow/.local/lib/python3.12/site-packages/airflow/example_dags/tutorial_dag.py took 0.253 seconds
[2025-09-11T09:56:03.252+0000] {processor.py:186} INFO - Started process (PID=879) to work on /home/airflow/.local/lib/python3.12/site-packages/airflow/example_dags/tutorial_dag.py
[2025-09-11T09:56:03.255+0000] {processor.py:914} INFO - Processing file /home/airflow/.local/lib/python3.12/site-packages/airflow/example_dags/tutorial_dag.py for tasks to queue
[2025-09-11T09:56:03.267+0000] {logging_mixin.py:190} INFO - [2025-09-11T09:56:03.266+0000] {dagbag.py:588} INFO - Filling up the DagBag from /home/airflow/.local/lib/python3.12/site-packages/airflow/example_dags/tutorial_dag.py
[2025-09-11T09:56:03.280+0000] {processor.py:925} INFO - DAG(s) 'tutorial_dag' retrieved from /home/airflow/.local/lib/python3.12/site-packages/airflow/example_dags/tutorial_dag.py
[2025-09-11T09:56:03.315+0000] {logging_mixin.py:190} INFO - [2025-09-11T09:56:03.314+0000] {dag.py:3239} INFO - Sync 1 DAGs
[2025-09-11T09:56:03.352+0000] {logging_mixin.py:190} INFO - [2025-09-11T09:56:03.351+0000] {dag.py:4180} INFO - Setting next_dagrun for tutorial_dag to None, run_after=None
[2025-09-11T09:56:03.391+0000] {processor.py:208} INFO - Processing /home/airflow/.local/lib/python3.12/site-packages/airflow/example_dags/tutorial_dag.py took 0.166 seconds
[2025-09-11T09:56:33.810+0000] {processor.py:186} INFO - Started process (PID=942) to work on /home/airflow/.local/lib/python3.12/site-packages/airflow/example_dags/tutorial_dag.py
[2025-09-11T09:56:33.811+0000] {processor.py:914} INFO - Processing file /home/airflow/.local/lib/python3.12/site-packages/airflow/example_dags/tutorial_dag.py for tasks to queue
[2025-09-11T09:56:33.816+0000] {logging_mixin.py:190} INFO - [2025-09-11T09:56:33.815+0000] {dagbag.py:588} INFO - Filling up the DagBag from /home/airflow/.local/lib/python3.12/site-packages/airflow/example_dags/tutorial_dag.py
[2025-09-11T09:56:33.829+0000] {processor.py:925} INFO - DAG(s) 'tutorial_dag' retrieved from /home/airflow/.local/lib/python3.12/site-packages/airflow/example_dags/tutorial_dag.py
[2025-09-11T09:56:33.869+0000] {logging_mixin.py:190} INFO - [2025-09-11T09:56:33.869+0000] {dag.py:3239} INFO - Sync 1 DAGs
[2025-09-11T09:56:33.900+0000] {logging_mixin.py:190} INFO - [2025-09-11T09:56:33.900+0000] {dag.py:4180} INFO - Setting next_dagrun for tutorial_dag to None, run_after=None
[2025-09-11T09:56:33.947+0000] {processor.py:208} INFO - Processing /home/airflow/.local/lib/python3.12/site-packages/airflow/example_dags/tutorial_dag.py took 0.150 seconds
[2025-09-11T09:57:04.519+0000] {processor.py:186} INFO - Started process (PID=1004) to work on /home/airflow/.local/lib/python3.12/site-packages/airflow/example_dags/tutorial_dag.py
[2025-09-11T09:57:04.522+0000] {processor.py:914} INFO - Processing file /home/airflow/.local/lib/python3.12/site-packages/airflow/example_dags/tutorial_dag.py for tasks to queue
[2025-09-11T09:57:04.526+0000] {logging_mixin.py:190} INFO - [2025-09-11T09:57:04.526+0000] {dagbag.py:588} INFO - Filling up the DagBag from /home/airflow/.local/lib/python3.12/site-packages/airflow/example_dags/tutorial_dag.py
[2025-09-11T09:57:04.557+0000] {processor.py:925} INFO - DAG(s) 'tutorial_dag' retrieved from /home/airflow/.local/lib/python3.12/site-packages/airflow/example_dags/tutorial_dag.py
[2025-09-11T09:57:04.613+0000] {logging_mixin.py:190} INFO - [2025-09-11T09:57:04.612+0000] {dag.py:3239} INFO - Sync 1 DAGs
[2025-09-11T09:57:04.645+0000] {logging_mixin.py:190} INFO - [2025-09-11T09:57:04.644+0000] {dag.py:4180} INFO - Setting next_dagrun for tutorial_dag to None, run_after=None
[2025-09-11T09:57:04.681+0000] {processor.py:208} INFO - Processing /home/airflow/.local/lib/python3.12/site-packages/airflow/example_dags/tutorial_dag.py took 0.187 seconds
[2025-09-11T09:57:34.882+0000] {processor.py:186} INFO - Started process (PID=1067) to work on /home/airflow/.local/lib/python3.12/site-packages/airflow/example_dags/tutorial_dag.py
[2025-09-11T09:57:34.884+0000] {processor.py:914} INFO - Processing file /home/airflow/.local/lib/python3.12/site-packages/airflow/example_dags/tutorial_dag.py for tasks to queue
[2025-09-11T09:57:34.888+0000] {logging_mixin.py:190} INFO - [2025-09-11T09:57:34.887+0000] {dagbag.py:588} INFO - Filling up the DagBag from /home/airflow/.local/lib/python3.12/site-packages/airflow/example_dags/tutorial_dag.py
[2025-09-11T09:57:34.899+0000] {processor.py:925} INFO - DAG(s) 'tutorial_dag' retrieved from /home/airflow/.local/lib/python3.12/site-packages/airflow/example_dags/tutorial_dag.py
[2025-09-11T09:57:34.929+0000] {logging_mixin.py:190} INFO - [2025-09-11T09:57:34.929+0000] {dag.py:3239} INFO - Sync 1 DAGs
[2025-09-11T09:57:34.952+0000] {logging_mixin.py:190} INFO - [2025-09-11T09:57:34.951+0000] {dag.py:4180} INFO - Setting next_dagrun for tutorial_dag to None, run_after=None
[2025-09-11T09:57:34.988+0000] {processor.py:208} INFO - Processing /home/airflow/.local/lib/python3.12/site-packages/airflow/example_dags/tutorial_dag.py took 0.117 seconds
[2025-09-11T09:58:05.644+0000] {processor.py:186} INFO - Started process (PID=1130) to work on /home/airflow/.local/lib/python3.12/site-packages/airflow/example_dags/tutorial_dag.py
[2025-09-11T09:58:05.647+0000] {processor.py:914} INFO - Processing file /home/airflow/.local/lib/python3.12/site-packages/airflow/example_dags/tutorial_dag.py for tasks to queue
[2025-09-11T09:58:05.652+0000] {logging_mixin.py:190} INFO - [2025-09-11T09:58:05.651+0000] {dagbag.py:588} INFO - Filling up the DagBag from /home/airflow/.local/lib/python3.12/site-packages/airflow/example_dags/tutorial_dag.py
[2025-09-11T09:58:05.669+0000] {processor.py:925} INFO - DAG(s) 'tutorial_dag' retrieved from /home/airflow/.local/lib/python3.12/site-packages/airflow/example_dags/tutorial_dag.py
[2025-09-11T09:58:05.716+0000] {logging_mixin.py:190} INFO - [2025-09-11T09:58:05.716+0000] {dag.py:3239} INFO - Sync 1 DAGs
[2025-09-11T09:58:05.751+0000] {logging_mixin.py:190} INFO - [2025-09-11T09:58:05.751+0000] {dag.py:4180} INFO - Setting next_dagrun for tutorial_dag to None, run_after=None
[2025-09-11T09:58:05.808+0000] {processor.py:208} INFO - Processing /home/airflow/.local/lib/python3.12/site-packages/airflow/example_dags/tutorial_dag.py took 0.177 seconds
[2025-09-11T09:58:36.920+0000] {processor.py:186} INFO - Started process (PID=1193) to work on /home/airflow/.local/lib/python3.12/site-packages/airflow/example_dags/tutorial_dag.py
[2025-09-11T09:58:36.923+0000] {processor.py:914} INFO - Processing file /home/airflow/.local/lib/python3.12/site-packages/airflow/example_dags/tutorial_dag.py for tasks to queue
[2025-09-11T09:58:36.929+0000] {logging_mixin.py:190} INFO - [2025-09-11T09:58:36.928+0000] {dagbag.py:588} INFO - Filling up the DagBag from /home/airflow/.local/lib/python3.12/site-packages/airflow/example_dags/tutorial_dag.py
[2025-09-11T09:58:36.945+0000] {processor.py:925} INFO - DAG(s) 'tutorial_dag' retrieved from /home/airflow/.local/lib/python3.12/site-packages/airflow/example_dags/tutorial_dag.py
[2025-09-11T09:58:36.991+0000] {logging_mixin.py:190} INFO - [2025-09-11T09:58:36.990+0000] {dag.py:3239} INFO - Sync 1 DAGs
[2025-09-11T09:58:37.021+0000] {logging_mixin.py:190} INFO - [2025-09-11T09:58:37.021+0000] {dag.py:4180} INFO - Setting next_dagrun for tutorial_dag to None, run_after=None
[2025-09-11T09:58:37.068+0000] {processor.py:208} INFO - Processing /home/airflow/.local/lib/python3.12/site-packages/airflow/example_dags/tutorial_dag.py took 0.158 seconds
[2025-09-11T09:59:07.547+0000] {processor.py:186} INFO - Started process (PID=1256) to work on /home/airflow/.local/lib/python3.12/site-packages/airflow/example_dags/tutorial_dag.py
[2025-09-11T09:59:07.549+0000] {processor.py:914} INFO - Processing file /home/airflow/.local/lib/python3.12/site-packages/airflow/example_dags/tutorial_dag.py for tasks to queue
[2025-09-11T09:59:07.554+0000] {logging_mixin.py:190} INFO - [2025-09-11T09:59:07.553+0000] {dagbag.py:588} INFO - Filling up the DagBag from /home/airflow/.local/lib/python3.12/site-packages/airflow/example_dags/tutorial_dag.py
[2025-09-11T09:59:07.574+0000] {processor.py:925} INFO - DAG(s) 'tutorial_dag' retrieved from /home/airflow/.local/lib/python3.12/site-packages/airflow/example_dags/tutorial_dag.py
[2025-09-11T09:59:07.616+0000] {logging_mixin.py:190} INFO - [2025-09-11T09:59:07.616+0000] {dag.py:3239} INFO - Sync 1 DAGs
[2025-09-11T09:59:07.645+0000] {logging_mixin.py:190} INFO - [2025-09-11T09:59:07.644+0000] {dag.py:4180} INFO - Setting next_dagrun for tutorial_dag to None, run_after=None
[2025-09-11T09:59:07.690+0000] {processor.py:208} INFO - Processing /home/airflow/.local/lib/python3.12/site-packages/airflow/example_dags/tutorial_dag.py took 0.159 seconds
[2025-09-11T09:59:37.996+0000] {processor.py:186} INFO - Started process (PID=1319) to work on /home/airflow/.local/lib/python3.12/site-packages/airflow/example_dags/tutorial_dag.py
[2025-09-11T09:59:37.998+0000] {processor.py:914} INFO - Processing file /home/airflow/.local/lib/python3.12/site-packages/airflow/example_dags/tutorial_dag.py for tasks to queue
[2025-09-11T09:59:38.003+0000] {logging_mixin.py:190} INFO - [2025-09-11T09:59:38.003+0000] {dagbag.py:588} INFO - Filling up the DagBag from /home/airflow/.local/lib/python3.12/site-packages/airflow/example_dags/tutorial_dag.py
[2025-09-11T09:59:38.020+0000] {processor.py:925} INFO - DAG(s) 'tutorial_dag' retrieved from /home/airflow/.local/lib/python3.12/site-packages/airflow/example_dags/tutorial_dag.py
[2025-09-11T09:59:38.066+0000] {logging_mixin.py:190} INFO - [2025-09-11T09:59:38.066+0000] {dag.py:3239} INFO - Sync 1 DAGs
[2025-09-11T09:59:38.101+0000] {logging_mixin.py:190} INFO - [2025-09-11T09:59:38.100+0000] {dag.py:4180} INFO - Setting next_dagrun for tutorial_dag to None, run_after=None
[2025-09-11T09:59:38.147+0000] {processor.py:208} INFO - Processing /home/airflow/.local/lib/python3.12/site-packages/airflow/example_dags/tutorial_dag.py took 0.167 seconds
[2025-09-11T10:00:08.671+0000] {processor.py:186} INFO - Started process (PID=1382) to work on /home/airflow/.local/lib/python3.12/site-packages/airflow/example_dags/tutorial_dag.py
[2025-09-11T10:00:08.673+0000] {processor.py:914} INFO - Processing file /home/airflow/.local/lib/python3.12/site-packages/airflow/example_dags/tutorial_dag.py for tasks to queue
[2025-09-11T10:00:08.688+0000] {logging_mixin.py:190} INFO - [2025-09-11T10:00:08.688+0000] {dagbag.py:588} INFO - Filling up the DagBag from /home/airflow/.local/lib/python3.12/site-packages/airflow/example_dags/tutorial_dag.py
[2025-09-11T10:00:08.759+0000] {processor.py:925} INFO - DAG(s) 'tutorial_dag' retrieved from /home/airflow/.local/lib/python3.12/site-packages/airflow/example_dags/tutorial_dag.py
[2025-09-11T10:00:08.803+0000] {logging_mixin.py:190} INFO - [2025-09-11T10:00:08.802+0000] {dag.py:3239} INFO - Sync 1 DAGs
[2025-09-11T10:00:08.841+0000] {logging_mixin.py:190} INFO - [2025-09-11T10:00:08.841+0000] {dag.py:4180} INFO - Setting next_dagrun for tutorial_dag to None, run_after=None
[2025-09-11T10:00:08.896+0000] {processor.py:208} INFO - Processing /home/airflow/.local/lib/python3.12/site-packages/airflow/example_dags/tutorial_dag.py took 0.257 seconds
[2025-09-11T10:00:39.749+0000] {processor.py:186} INFO - Started process (PID=1445) to work on /home/airflow/.local/lib/python3.12/site-packages/airflow/example_dags/tutorial_dag.py
[2025-09-11T10:00:39.751+0000] {processor.py:914} INFO - Processing file /home/airflow/.local/lib/python3.12/site-packages/airflow/example_dags/tutorial_dag.py for tasks to queue
[2025-09-11T10:00:39.756+0000] {logging_mixin.py:190} INFO - [2025-09-11T10:00:39.755+0000] {dagbag.py:588} INFO - Filling up the DagBag from /home/airflow/.local/lib/python3.12/site-packages/airflow/example_dags/tutorial_dag.py
[2025-09-11T10:00:39.780+0000] {processor.py:925} INFO - DAG(s) 'tutorial_dag' retrieved from /home/airflow/.local/lib/python3.12/site-packages/airflow/example_dags/tutorial_dag.py
[2025-09-11T10:00:39.807+0000] {logging_mixin.py:190} INFO - [2025-09-11T10:00:39.807+0000] {dag.py:3239} INFO - Sync 1 DAGs
[2025-09-11T10:00:39.829+0000] {logging_mixin.py:190} INFO - [2025-09-11T10:00:39.829+0000] {dag.py:4180} INFO - Setting next_dagrun for tutorial_dag to None, run_after=None
[2025-09-11T10:00:39.869+0000] {processor.py:208} INFO - Processing /home/airflow/.local/lib/python3.12/site-packages/airflow/example_dags/tutorial_dag.py took 0.134 seconds
[2025-09-11T10:01:10.653+0000] {processor.py:186} INFO - Started process (PID=1508) to work on /home/airflow/.local/lib/python3.12/site-packages/airflow/example_dags/tutorial_dag.py
[2025-09-11T10:01:10.654+0000] {processor.py:914} INFO - Processing file /home/airflow/.local/lib/python3.12/site-packages/airflow/example_dags/tutorial_dag.py for tasks to queue
[2025-09-11T10:01:10.658+0000] {logging_mixin.py:190} INFO - [2025-09-11T10:01:10.657+0000] {dagbag.py:588} INFO - Filling up the DagBag from /home/airflow/.local/lib/python3.12/site-packages/airflow/example_dags/tutorial_dag.py
[2025-09-11T10:01:10.670+0000] {processor.py:925} INFO - DAG(s) 'tutorial_dag' retrieved from /home/airflow/.local/lib/python3.12/site-packages/airflow/example_dags/tutorial_dag.py
[2025-09-11T10:01:10.716+0000] {logging_mixin.py:190} INFO - [2025-09-11T10:01:10.716+0000] {dag.py:3239} INFO - Sync 1 DAGs
[2025-09-11T10:01:10.751+0000] {logging_mixin.py:190} INFO - [2025-09-11T10:01:10.751+0000] {dag.py:4180} INFO - Setting next_dagrun for tutorial_dag to None, run_after=None
[2025-09-11T10:01:10.778+0000] {processor.py:208} INFO - Processing /home/airflow/.local/lib/python3.12/site-packages/airflow/example_dags/tutorial_dag.py took 0.136 seconds
[2025-09-11T10:01:41.539+0000] {processor.py:186} INFO - Started process (PID=1571) to work on /home/airflow/.local/lib/python3.12/site-packages/airflow/example_dags/tutorial_dag.py
[2025-09-11T10:01:41.542+0000] {processor.py:914} INFO - Processing file /home/airflow/.local/lib/python3.12/site-packages/airflow/example_dags/tutorial_dag.py for tasks to queue
[2025-09-11T10:01:41.547+0000] {logging_mixin.py:190} INFO - [2025-09-11T10:01:41.546+0000] {dagbag.py:588} INFO - Filling up the DagBag from /home/airflow/.local/lib/python3.12/site-packages/airflow/example_dags/tutorial_dag.py
[2025-09-11T10:01:41.570+0000] {processor.py:925} INFO - DAG(s) 'tutorial_dag' retrieved from /home/airflow/.local/lib/python3.12/site-packages/airflow/example_dags/tutorial_dag.py
[2025-09-11T10:01:41.612+0000] {logging_mixin.py:190} INFO - [2025-09-11T10:01:41.612+0000] {dag.py:3239} INFO - Sync 1 DAGs
[2025-09-11T10:01:41.660+0000] {logging_mixin.py:190} INFO - [2025-09-11T10:01:41.659+0000] {dag.py:4180} INFO - Setting next_dagrun for tutorial_dag to None, run_after=None
[2025-09-11T10:01:41.705+0000] {processor.py:208} INFO - Processing /home/airflow/.local/lib/python3.12/site-packages/airflow/example_dags/tutorial_dag.py took 0.188 seconds
[2025-09-11T10:02:11.955+0000] {processor.py:186} INFO - Started process (PID=1634) to work on /home/airflow/.local/lib/python3.12/site-packages/airflow/example_dags/tutorial_dag.py
[2025-09-11T10:02:11.956+0000] {processor.py:914} INFO - Processing file /home/airflow/.local/lib/python3.12/site-packages/airflow/example_dags/tutorial_dag.py for tasks to queue
[2025-09-11T10:02:11.968+0000] {logging_mixin.py:190} INFO - [2025-09-11T10:02:11.967+0000] {dagbag.py:588} INFO - Filling up the DagBag from /home/airflow/.local/lib/python3.12/site-packages/airflow/example_dags/tutorial_dag.py
[2025-09-11T10:02:12.009+0000] {processor.py:925} INFO - DAG(s) 'tutorial_dag' retrieved from /home/airflow/.local/lib/python3.12/site-packages/airflow/example_dags/tutorial_dag.py
[2025-09-11T10:02:12.059+0000] {logging_mixin.py:190} INFO - [2025-09-11T10:02:12.058+0000] {dag.py:3239} INFO - Sync 1 DAGs
[2025-09-11T10:02:12.101+0000] {logging_mixin.py:190} INFO - [2025-09-11T10:02:12.100+0000] {dag.py:4180} INFO - Setting next_dagrun for tutorial_dag to None, run_after=None
[2025-09-11T10:02:12.174+0000] {processor.py:208} INFO - Processing /home/airflow/.local/lib/python3.12/site-packages/airflow/example_dags/tutorial_dag.py took 0.234 seconds
[2025-09-11T10:02:42.285+0000] {processor.py:186} INFO - Started process (PID=1696) to work on /home/airflow/.local/lib/python3.12/site-packages/airflow/example_dags/tutorial_dag.py
[2025-09-11T10:02:42.293+0000] {processor.py:914} INFO - Processing file /home/airflow/.local/lib/python3.12/site-packages/airflow/example_dags/tutorial_dag.py for tasks to queue
[2025-09-11T10:02:42.301+0000] {logging_mixin.py:190} INFO - [2025-09-11T10:02:42.300+0000] {dagbag.py:588} INFO - Filling up the DagBag from /home/airflow/.local/lib/python3.12/site-packages/airflow/example_dags/tutorial_dag.py
[2025-09-11T10:02:42.319+0000] {processor.py:925} INFO - DAG(s) 'tutorial_dag' retrieved from /home/airflow/.local/lib/python3.12/site-packages/airflow/example_dags/tutorial_dag.py
[2025-09-11T10:02:42.363+0000] {logging_mixin.py:190} INFO - [2025-09-11T10:02:42.363+0000] {dag.py:3239} INFO - Sync 1 DAGs
[2025-09-11T10:02:42.394+0000] {logging_mixin.py:190} INFO - [2025-09-11T10:02:42.393+0000] {dag.py:4180} INFO - Setting next_dagrun for tutorial_dag to None, run_after=None
[2025-09-11T10:02:42.438+0000] {processor.py:208} INFO - Processing /home/airflow/.local/lib/python3.12/site-packages/airflow/example_dags/tutorial_dag.py took 0.166 seconds
[2025-09-11T10:03:13.023+0000] {processor.py:186} INFO - Started process (PID=1759) to work on /home/airflow/.local/lib/python3.12/site-packages/airflow/example_dags/tutorial_dag.py
[2025-09-11T10:03:13.024+0000] {processor.py:914} INFO - Processing file /home/airflow/.local/lib/python3.12/site-packages/airflow/example_dags/tutorial_dag.py for tasks to queue
[2025-09-11T10:03:13.052+0000] {logging_mixin.py:190} INFO - [2025-09-11T10:03:13.047+0000] {dagbag.py:588} INFO - Filling up the DagBag from /home/airflow/.local/lib/python3.12/site-packages/airflow/example_dags/tutorial_dag.py
[2025-09-11T10:03:13.079+0000] {processor.py:925} INFO - DAG(s) 'tutorial_dag' retrieved from /home/airflow/.local/lib/python3.12/site-packages/airflow/example_dags/tutorial_dag.py
[2025-09-11T10:03:13.166+0000] {logging_mixin.py:190} INFO - [2025-09-11T10:03:13.165+0000] {dag.py:3239} INFO - Sync 1 DAGs
[2025-09-11T10:03:13.238+0000] {logging_mixin.py:190} INFO - [2025-09-11T10:03:13.237+0000] {dag.py:4180} INFO - Setting next_dagrun for tutorial_dag to None, run_after=None
[2025-09-11T10:03:13.330+0000] {processor.py:208} INFO - Processing /home/airflow/.local/lib/python3.12/site-packages/airflow/example_dags/tutorial_dag.py took 0.326 seconds
[2025-09-11T10:03:43.733+0000] {processor.py:186} INFO - Started process (PID=1822) to work on /home/airflow/.local/lib/python3.12/site-packages/airflow/example_dags/tutorial_dag.py
[2025-09-11T10:03:43.753+0000] {processor.py:914} INFO - Processing file /home/airflow/.local/lib/python3.12/site-packages/airflow/example_dags/tutorial_dag.py for tasks to queue
[2025-09-11T10:03:43.759+0000] {logging_mixin.py:190} INFO - [2025-09-11T10:03:43.758+0000] {dagbag.py:588} INFO - Filling up the DagBag from /home/airflow/.local/lib/python3.12/site-packages/airflow/example_dags/tutorial_dag.py
[2025-09-11T10:03:43.796+0000] {processor.py:925} INFO - DAG(s) 'tutorial_dag' retrieved from /home/airflow/.local/lib/python3.12/site-packages/airflow/example_dags/tutorial_dag.py
[2025-09-11T10:03:43.864+0000] {logging_mixin.py:190} INFO - [2025-09-11T10:03:43.864+0000] {dag.py:3239} INFO - Sync 1 DAGs
[2025-09-11T10:03:43.901+0000] {logging_mixin.py:190} INFO - [2025-09-11T10:03:43.900+0000] {dag.py:4180} INFO - Setting next_dagrun for tutorial_dag to None, run_after=None
[2025-09-11T10:03:43.965+0000] {processor.py:208} INFO - Processing /home/airflow/.local/lib/python3.12/site-packages/airflow/example_dags/tutorial_dag.py took 0.254 seconds
[2025-09-11T10:04:15.390+0000] {processor.py:186} INFO - Started process (PID=1885) to work on /home/airflow/.local/lib/python3.12/site-packages/airflow/example_dags/tutorial_dag.py
[2025-09-11T10:04:15.393+0000] {processor.py:914} INFO - Processing file /home/airflow/.local/lib/python3.12/site-packages/airflow/example_dags/tutorial_dag.py for tasks to queue
[2025-09-11T10:04:15.402+0000] {logging_mixin.py:190} INFO - [2025-09-11T10:04:15.401+0000] {dagbag.py:588} INFO - Filling up the DagBag from /home/airflow/.local/lib/python3.12/site-packages/airflow/example_dags/tutorial_dag.py
[2025-09-11T10:04:15.417+0000] {processor.py:925} INFO - DAG(s) 'tutorial_dag' retrieved from /home/airflow/.local/lib/python3.12/site-packages/airflow/example_dags/tutorial_dag.py
[2025-09-11T10:04:15.452+0000] {logging_mixin.py:190} INFO - [2025-09-11T10:04:15.452+0000] {dag.py:3239} INFO - Sync 1 DAGs
[2025-09-11T10:04:15.486+0000] {logging_mixin.py:190} INFO - [2025-09-11T10:04:15.485+0000] {dag.py:4180} INFO - Setting next_dagrun for tutorial_dag to None, run_after=None
[2025-09-11T10:04:15.532+0000] {processor.py:208} INFO - Processing /home/airflow/.local/lib/python3.12/site-packages/airflow/example_dags/tutorial_dag.py took 0.154 seconds
[2025-09-11T10:04:45.982+0000] {processor.py:186} INFO - Started process (PID=1949) to work on /home/airflow/.local/lib/python3.12/site-packages/airflow/example_dags/tutorial_dag.py
[2025-09-11T10:04:45.983+0000] {processor.py:914} INFO - Processing file /home/airflow/.local/lib/python3.12/site-packages/airflow/example_dags/tutorial_dag.py for tasks to queue
[2025-09-11T10:04:45.987+0000] {logging_mixin.py:190} INFO - [2025-09-11T10:04:45.986+0000] {dagbag.py:588} INFO - Filling up the DagBag from /home/airflow/.local/lib/python3.12/site-packages/airflow/example_dags/tutorial_dag.py
[2025-09-11T10:04:46.000+0000] {processor.py:925} INFO - DAG(s) 'tutorial_dag' retrieved from /home/airflow/.local/lib/python3.12/site-packages/airflow/example_dags/tutorial_dag.py
[2025-09-11T10:04:46.034+0000] {logging_mixin.py:190} INFO - [2025-09-11T10:04:46.034+0000] {dag.py:3239} INFO - Sync 1 DAGs
[2025-09-11T10:04:46.068+0000] {logging_mixin.py:190} INFO - [2025-09-11T10:04:46.067+0000] {dag.py:4180} INFO - Setting next_dagrun for tutorial_dag to None, run_after=None
[2025-09-11T10:04:46.110+0000] {processor.py:208} INFO - Processing /home/airflow/.local/lib/python3.12/site-packages/airflow/example_dags/tutorial_dag.py took 0.140 seconds
