[2025-09-11T10:10:42.060+0000] {local_task_job_runner.py:123} INFO - ::group::Pre task execution logs
[2025-09-11T10:10:42.112+0000] {taskinstance.py:2614} INFO - Dependencies all met for dep_context=non-requeueable deps ti=<TaskInstance: celery.a manual__2025-09-11T10:10:38.692457+00:00 [queued]>
[2025-09-11T10:10:42.129+0000] {taskinstance.py:2614} INFO - Dependencies all met for dep_context=requeueable deps ti=<TaskInstance: celery.a manual__2025-09-11T10:10:38.692457+00:00 [queued]>
[2025-09-11T10:10:42.131+0000] {taskinstance.py:2867} INFO - Starting attempt 1 of 1
[2025-09-11T10:10:42.183+0000] {taskinstance.py:2890} INFO - Executing <Task(_PythonDecoratedOperator): a> on 2025-09-11 10:10:38.692457+00:00
[2025-09-11T10:10:42.196+0000] {warnings.py:112} WARNING - /home/***/.local/lib/python3.12/site-packages/***/task/task_runner/standard_task_runner.py:70: DeprecationWarning: This process (pid=107) is multi-threaded, use of fork() may lead to deadlocks in the child.
  pid = os.fork()

[2025-09-11T10:10:42.203+0000] {standard_task_runner.py:104} INFO - Running: ['***', 'tasks', 'run', 'celery', 'a', 'manual__2025-09-11T10:10:38.692457+00:00', '--job-id', '5', '--raw', '--subdir', 'DAGS_FOLDER/celery.py', '--cfg-path', '/tmp/tmpzcf586z_']
[2025-09-11T10:10:42.206+0000] {standard_task_runner.py:105} INFO - Job 5: Subtask a
[2025-09-11T10:10:42.203+0000] {standard_task_runner.py:72} INFO - Started process 108 to run task
[2025-09-11T10:10:42.358+0000] {task_command.py:467} INFO - Running <TaskInstance: celery.a manual__2025-09-11T10:10:38.692457+00:00 [running]> on host 5613ecc174da
[2025-09-11T10:10:42.477+0000] {taskinstance.py:3134} INFO - Exporting env vars: AIRFLOW_CTX_DAG_OWNER='***' AIRFLOW_CTX_DAG_ID='celery' AIRFLOW_CTX_TASK_ID='a' AIRFLOW_CTX_EXECUTION_DATE='2025-09-11T10:10:38.692457+00:00' AIRFLOW_CTX_TRY_NUMBER='1' AIRFLOW_CTX_DAG_RUN_ID='manual__2025-09-11T10:10:38.692457+00:00'
[2025-09-11T10:10:42.479+0000] {taskinstance.py:732} INFO - ::endgroup::
[2025-09-11T10:10:42.487+0000] {logging_mixin.py:190} INFO - Task A
[2025-09-11T10:10:57.488+0000] {python.py:240} INFO - Done. Returned value was: None
[2025-09-11T10:10:57.505+0000] {taskinstance.py:341} INFO - ::group::Post task execution logs
[2025-09-11T10:10:57.506+0000] {taskinstance.py:353} INFO - Marking task as SUCCESS. dag_id=celery, task_id=a, run_id=manual__2025-09-11T10:10:38.692457+00:00, execution_date=20250911T101038, start_date=20250911T101042, end_date=20250911T101057
[2025-09-11T10:10:57.591+0000] {local_task_job_runner.py:266} INFO - Task exited with return code 0
[2025-09-11T10:10:57.640+0000] {taskinstance.py:3901} INFO - 3 downstream tasks scheduled from follow-on schedule check
[2025-09-11T10:10:57.652+0000] {local_task_job_runner.py:245} INFO - ::endgroup::
