[2025-09-11T11:03:20.582+0000] {local_task_job_runner.py:123} INFO - ::group::Pre task execution logs
[2025-09-11T11:03:20.625+0000] {taskinstance.py:2614} INFO - Dependencies all met for dep_context=non-requeueable deps ti=<TaskInstance: celery.b manual__2025-09-11T11:02:59.216078+00:00 [queued]>
[2025-09-11T11:03:20.642+0000] {taskinstance.py:2614} INFO - Dependencies all met for dep_context=requeueable deps ti=<TaskInstance: celery.b manual__2025-09-11T11:02:59.216078+00:00 [queued]>
[2025-09-11T11:03:20.643+0000] {taskinstance.py:2867} INFO - Starting attempt 1 of 1
[2025-09-11T11:03:20.671+0000] {taskinstance.py:2890} INFO - Executing <Task(_PythonDecoratedOperator): b> on 2025-09-11 11:02:59.216078+00:00
[2025-09-11T11:03:20.693+0000] {standard_task_runner.py:104} INFO - Running: ['***', 'tasks', 'run', 'celery', 'b', 'manual__2025-09-11T11:02:59.216078+00:00', '--job-id', '26', '--raw', '--subdir', 'DAGS_FOLDER/celery.py', '--cfg-path', '/tmp/tmpbthahmfp']
[2025-09-11T11:03:20.694+0000] {warnings.py:112} WARNING - /home/***/.local/lib/python3.12/site-packages/***/task/task_runner/standard_task_runner.py:70: DeprecationWarning: This process (pid=97) is multi-threaded, use of fork() may lead to deadlocks in the child.
  pid = os.fork()

[2025-09-11T11:03:20.699+0000] {standard_task_runner.py:105} INFO - Job 26: Subtask b
[2025-09-11T11:03:20.701+0000] {standard_task_runner.py:72} INFO - Started process 100 to run task
[2025-09-11T11:03:20.848+0000] {task_command.py:467} INFO - Running <TaskInstance: celery.b manual__2025-09-11T11:02:59.216078+00:00 [running]> on host 08267a62014f
[2025-09-11T11:03:20.961+0000] {taskinstance.py:3134} INFO - Exporting env vars: AIRFLOW_CTX_DAG_OWNER='***' AIRFLOW_CTX_DAG_ID='celery' AIRFLOW_CTX_TASK_ID='b' AIRFLOW_CTX_EXECUTION_DATE='2025-09-11T11:02:59.216078+00:00' AIRFLOW_CTX_TRY_NUMBER='1' AIRFLOW_CTX_DAG_RUN_ID='manual__2025-09-11T11:02:59.216078+00:00'
[2025-09-11T11:03:20.963+0000] {taskinstance.py:732} INFO - ::endgroup::
[2025-09-11T11:03:20.967+0000] {logging_mixin.py:190} INFO - Task B
[2025-09-11T11:03:35.968+0000] {python.py:240} INFO - Done. Returned value was: None
[2025-09-11T11:03:35.983+0000] {taskinstance.py:341} INFO - ::group::Post task execution logs
[2025-09-11T11:03:35.984+0000] {taskinstance.py:353} INFO - Marking task as SUCCESS. dag_id=celery, task_id=b, run_id=manual__2025-09-11T11:02:59.216078+00:00, execution_date=20250911T110259, start_date=20250911T110320, end_date=20250911T110335
[2025-09-11T11:03:36.076+0000] {local_task_job_runner.py:266} INFO - Task exited with return code 0
[2025-09-11T11:03:36.133+0000] {taskinstance.py:3901} INFO - 0 downstream tasks scheduled from follow-on schedule check
[2025-09-11T11:03:36.136+0000] {local_task_job_runner.py:245} INFO - ::endgroup::
